Changing working directory:  /proj/ssiw/projects/code/sketch-learner/learning/d2l/workspace/miconic_sketch_2_2_9_9_9_9_9
Creating sym link: /proj/ssiw/projects/code/sketch-learner/learning/d2l/libs/dlplan/libs/scorpion/fast-downward.py /proj/ssiw/projects/code/sketch-learner/learning/d2l/workspace/miconic_sketch_2_2_9_9_9_9_9/fast-downward.py
================================================================================
SLTP v.0.2.0
================================================================================
================================================================================
(pid: 24960) STARTING STEP #1: Incremental learning module
================================================================================
2022-11-26 23:01:56 INFO     [40m[34mInitializing DomainData...[0m
2022-11-26 23:01:56 INFO     Constructing DomainData for filename /proj/ssiw/projects/code/sketch-learner/learning/d2l/benchmarks/miconic/domain-with-fix.pddl
2022-11-26 23:01:56 INFO     [40m[34m..done[0m
2022-11-26 23:01:56 INFO     [40m[34mInitializing InstanceDatas...[0m
2022-11-26 23:01:56 INFO     Constructing InstanceData for filename /proj/ssiw/projects/code/sketch-learner/learning/d2l/benchmarks/miconic/p-2-2-0.pddl
Num states: 18
2022-11-26 23:01:58 INFO     Constructing InstanceData for filename /proj/ssiw/projects/code/sketch-learner/learning/d2l/benchmarks/miconic/p-2-2-1.pddl
Num states: 18
2022-11-26 23:01:58 INFO     Constructing InstanceData for filename /proj/ssiw/projects/code/sketch-learner/learning/d2l/benchmarks/miconic/p-2-2-2.pddl
Num states: 18
2022-11-26 23:01:59 INFO     Constructing InstanceData for filename /proj/ssiw/projects/code/sketch-learner/learning/d2l/benchmarks/miconic/p-2-2-3.pddl
Num states: 18
2022-11-26 23:01:59 INFO     Constructing InstanceData for filename /proj/ssiw/projects/code/sketch-learner/learning/d2l/benchmarks/miconic/p-2-2-4.pddl
Num states: 18
2022-11-26 23:01:59 INFO     Constructing InstanceData for filename /proj/ssiw/projects/code/sketch-learner/learning/d2l/benchmarks/miconic/p-2-3-0.pddl
Num states: 54
2022-11-26 23:01:59 INFO     Constructing InstanceData for filename /proj/ssiw/projects/code/sketch-learner/learning/d2l/benchmarks/miconic/p-2-3-1.pddl
Num states: 54
2022-11-26 23:01:59 INFO     Constructing InstanceData for filename /proj/ssiw/projects/code/sketch-learner/learning/d2l/benchmarks/miconic/p-2-3-2.pddl
Num states: 54
2022-11-26 23:02:00 INFO     Constructing InstanceData for filename /proj/ssiw/projects/code/sketch-learner/learning/d2l/benchmarks/miconic/p-2-3-3.pddl
Num states: 54
2022-11-26 23:02:00 INFO     Constructing InstanceData for filename /proj/ssiw/projects/code/sketch-learner/learning/d2l/benchmarks/miconic/p-2-3-4.pddl
Num states: 54
2022-11-26 23:02:00 INFO     Constructing InstanceData for filename /proj/ssiw/projects/code/sketch-learner/learning/d2l/benchmarks/miconic/p-2-4-0.pddl
Num states: 162
2022-11-26 23:02:00 INFO     Constructing InstanceData for filename /proj/ssiw/projects/code/sketch-learner/learning/d2l/benchmarks/miconic/p-2-4-1.pddl
Num states: 162
2022-11-26 23:02:00 INFO     Constructing InstanceData for filename /proj/ssiw/projects/code/sketch-learner/learning/d2l/benchmarks/miconic/p-2-4-2.pddl
Num states: 162
2022-11-26 23:02:01 INFO     Constructing InstanceData for filename /proj/ssiw/projects/code/sketch-learner/learning/d2l/benchmarks/miconic/p-2-4-3.pddl
Num states: 162
2022-11-26 23:02:01 INFO     Constructing InstanceData for filename /proj/ssiw/projects/code/sketch-learner/learning/d2l/benchmarks/miconic/p-2-4-4.pddl
Num states: 162
2022-11-26 23:02:01 INFO     Constructing InstanceData for filename /proj/ssiw/projects/code/sketch-learner/learning/d2l/benchmarks/miconic/p-3-2-0.pddl
Num states: 27
2022-11-26 23:02:01 INFO     Constructing InstanceData for filename /proj/ssiw/projects/code/sketch-learner/learning/d2l/benchmarks/miconic/p-3-2-1.pddl
Num states: 27
2022-11-26 23:02:01 INFO     Constructing InstanceData for filename /proj/ssiw/projects/code/sketch-learner/learning/d2l/benchmarks/miconic/p-3-2-2.pddl
Num states: 27
2022-11-26 23:02:02 INFO     Constructing InstanceData for filename /proj/ssiw/projects/code/sketch-learner/learning/d2l/benchmarks/miconic/p-3-2-3.pddl
Num states: 27
2022-11-26 23:02:02 INFO     Constructing InstanceData for filename /proj/ssiw/projects/code/sketch-learner/learning/d2l/benchmarks/miconic/p-3-2-4.pddl
Num states: 27
2022-11-26 23:02:02 INFO     Constructing InstanceData for filename /proj/ssiw/projects/code/sketch-learner/learning/d2l/benchmarks/miconic/p-3-3-0.pddl
Num states: 81
2022-11-26 23:02:02 INFO     Constructing InstanceData for filename /proj/ssiw/projects/code/sketch-learner/learning/d2l/benchmarks/miconic/p-3-3-1.pddl
Num states: 81
2022-11-26 23:02:02 INFO     Constructing InstanceData for filename /proj/ssiw/projects/code/sketch-learner/learning/d2l/benchmarks/miconic/p-3-3-2.pddl
Num states: 81
2022-11-26 23:02:03 INFO     Constructing InstanceData for filename /proj/ssiw/projects/code/sketch-learner/learning/d2l/benchmarks/miconic/p-3-3-3.pddl
Num states: 81
2022-11-26 23:02:03 INFO     Constructing InstanceData for filename /proj/ssiw/projects/code/sketch-learner/learning/d2l/benchmarks/miconic/p-3-3-4.pddl
Num states: 81
2022-11-26 23:02:03 INFO     Constructing InstanceData for filename /proj/ssiw/projects/code/sketch-learner/learning/d2l/benchmarks/miconic/p-3-4-0.pddl
Num states: 243
2022-11-26 23:02:03 INFO     Constructing InstanceData for filename /proj/ssiw/projects/code/sketch-learner/learning/d2l/benchmarks/miconic/p-3-4-1.pddl
Num states: 243
2022-11-26 23:02:03 INFO     Constructing InstanceData for filename /proj/ssiw/projects/code/sketch-learner/learning/d2l/benchmarks/miconic/p-3-4-2.pddl
Num states: 243
2022-11-26 23:02:04 INFO     Constructing InstanceData for filename /proj/ssiw/projects/code/sketch-learner/learning/d2l/benchmarks/miconic/p-3-4-3.pddl
Num states: 243
2022-11-26 23:02:04 INFO     Constructing InstanceData for filename /proj/ssiw/projects/code/sketch-learner/learning/d2l/benchmarks/miconic/p-3-4-4.pddl
Num states: 243
2022-11-26 23:02:04 INFO     Constructing InstanceData for filename /proj/ssiw/projects/code/sketch-learner/learning/d2l/benchmarks/miconic/p-4-2-0.pddl
Num states: 36
2022-11-26 23:02:04 INFO     Constructing InstanceData for filename /proj/ssiw/projects/code/sketch-learner/learning/d2l/benchmarks/miconic/p-4-2-1.pddl
Num states: 36
2022-11-26 23:02:04 INFO     Constructing InstanceData for filename /proj/ssiw/projects/code/sketch-learner/learning/d2l/benchmarks/miconic/p-4-2-2.pddl
Num states: 36
2022-11-26 23:02:05 INFO     Constructing InstanceData for filename /proj/ssiw/projects/code/sketch-learner/learning/d2l/benchmarks/miconic/p-4-2-3.pddl
Num states: 36
2022-11-26 23:02:05 INFO     Constructing InstanceData for filename /proj/ssiw/projects/code/sketch-learner/learning/d2l/benchmarks/miconic/p-4-2-4.pddl
Num states: 36
2022-11-26 23:02:05 INFO     Constructing InstanceData for filename /proj/ssiw/projects/code/sketch-learner/learning/d2l/benchmarks/miconic/p-4-3-0.pddl
Num states: 108
2022-11-26 23:02:05 INFO     Constructing InstanceData for filename /proj/ssiw/projects/code/sketch-learner/learning/d2l/benchmarks/miconic/p-4-3-1.pddl
Num states: 108
2022-11-26 23:02:06 INFO     Constructing InstanceData for filename /proj/ssiw/projects/code/sketch-learner/learning/d2l/benchmarks/miconic/p-4-3-2.pddl
Num states: 108
2022-11-26 23:02:06 INFO     Constructing InstanceData for filename /proj/ssiw/projects/code/sketch-learner/learning/d2l/benchmarks/miconic/p-4-3-3.pddl
Num states: 108
2022-11-26 23:02:06 INFO     Constructing InstanceData for filename /proj/ssiw/projects/code/sketch-learner/learning/d2l/benchmarks/miconic/p-4-3-4.pddl
Num states: 108
2022-11-26 23:02:06 INFO     Constructing InstanceData for filename /proj/ssiw/projects/code/sketch-learner/learning/d2l/benchmarks/miconic/p-4-4-0.pddl
Num states: 324
2022-11-26 23:02:06 INFO     Constructing InstanceData for filename /proj/ssiw/projects/code/sketch-learner/learning/d2l/benchmarks/miconic/p-4-4-1.pddl
Num states: 324
2022-11-26 23:02:07 INFO     Constructing InstanceData for filename /proj/ssiw/projects/code/sketch-learner/learning/d2l/benchmarks/miconic/p-4-4-2.pddl
Num states: 324
2022-11-26 23:02:07 INFO     Constructing InstanceData for filename /proj/ssiw/projects/code/sketch-learner/learning/d2l/benchmarks/miconic/p-4-4-3.pddl
Num states: 324
2022-11-26 23:02:07 INFO     Constructing InstanceData for filename /proj/ssiw/projects/code/sketch-learner/learning/d2l/benchmarks/miconic/p-4-4-4.pddl
Num states: 324
2022-11-26 23:02:07 INFO     [40m[34m..done[0m
2022-11-26 23:02:07 INFO     [40m[34mInitializing TupleGraphs...[0m
2022-11-26 23:02:08 INFO     [40m[34m..done[0m

2022-11-26 23:02:08 INFO     [40m[31mIteration: 0[0m
Number of selected instances: 1
Selected instances:
    id: 0 name: p-2-2-0
initial states: [0, 1, 2, 3, 4, 5, 6, 7, 8, 9, 10, 11, 12, 13, 14, 15]
2022-11-26 23:02:08 INFO     [40m[34mInitializing DomainFeatureData...[0m
[t=16.8378s, 1365912 KB] Started generating base features of complexity 1.
[t=16.839s, 1365912 KB] Complexity 1:
    b_nullary: 0
    c_one_of: 0
    c_top: 1
    c_bot: 1
    c_primitive: 5
    r_primitive: 4
    c_and: 0
    c_not: 0
    c_equal: 0
    c_some: 0
    c_all: 0
    r_restrict: 0
    r_and: 0
    r_inverse: 0
    r_transitive_closure: 0
    b_empty: 0
    n_count: 0
    n_concept_distance: 0
[t=16.8394s, 1365912 KB] Finished generating base features.
[t=16.8395s, 1365912 KB] Started generating composite features. 
[t=16.8403s, 1365912 KB] Complexity 2:
Total concept elements: 10
Total role elements: 7
Total numerical elements: 7
Total boolean elements: 5
    b_nullary: 0
    c_one_of: 0
    c_top: 1
    c_bot: 1
    c_primitive: 5
    r_primitive: 4
    c_and: 0
    c_not: 3
    c_equal: 0
    c_some: 0
    c_all: 0
    r_restrict: 0
    r_and: 0
    r_inverse: 3
    r_transitive_closure: 0
    b_empty: 5
    n_count: 7
    n_concept_distance: 0
[t=16.8441s, 1365912 KB] Complexity 3:
Total concept elements: 20
Total role elements: 10
Total numerical elements: 10
Total boolean elements: 5
    b_nullary: 0
    c_one_of: 0
    c_top: 1
    c_bot: 1
    c_primitive: 5
    r_primitive: 4
    c_and: 0
    c_not: 3
    c_equal: 1
    c_some: 5
    c_all: 4
    r_restrict: 3
    r_and: 0
    r_inverse: 3
    r_transitive_closure: 0
    b_empty: 5
    n_count: 10
    n_concept_distance: 0
[t=16.8483s, 1365912 KB] Complexity 4:
Total concept elements: 39
Total role elements: 13
Total numerical elements: 16
Total boolean elements: 7
    b_nullary: 0
    c_one_of: 0
    c_top: 1
    c_bot: 1
    c_primitive: 5
    r_primitive: 4
    c_and: 3
    c_not: 9
    c_equal: 1
    c_some: 10
    c_all: 9
    r_restrict: 3
    r_and: 0
    r_inverse: 6
    r_transitive_closure: 0
    b_empty: 7
    n_count: 15
    n_concept_distance: 1
[t=16.8546s, 1365912 KB] Complexity 5:
Total concept elements: 72
Total role elements: 13
Total numerical elements: 25
Total boolean elements: 11
    b_nullary: 0
    c_one_of: 0
    c_top: 1
    c_bot: 1
    c_primitive: 5
    r_primitive: 4
    c_and: 12
    c_not: 17
    c_equal: 1
    c_some: 18
    c_all: 17
    r_restrict: 3
    r_and: 0
    r_inverse: 6
    r_transitive_closure: 0
    b_empty: 11
    n_count: 23
    n_concept_distance: 2
[t=16.8644s, 1366044 KB] Complexity 6:
Total concept elements: 147
Total role elements: 13
Total numerical elements: 47
Total boolean elements: 18
    b_nullary: 0
    c_one_of: 0
    c_top: 1
    c_bot: 1
    c_primitive: 5
    r_primitive: 4
    c_and: 36
    c_not: 31
    c_equal: 1
    c_some: 35
    c_all: 37
    r_restrict: 3
    r_and: 0
    r_inverse: 6
    r_transitive_closure: 0
    b_empty: 18
    n_count: 40
    n_concept_distance: 7
[t=16.8766s, 1366312 KB] Complexity 7:
Total concept elements: 245
Total role elements: 13
Total numerical elements: 101
Total boolean elements: 32
    b_nullary: 0
    c_one_of: 0
    c_top: 1
    c_bot: 1
    c_primitive: 5
    r_primitive: 4
    c_and: 85
    c_not: 72
    c_equal: 1
    c_some: 39
    c_all: 41
    r_restrict: 3
    r_and: 0
    r_inverse: 6
    r_transitive_closure: 0
    b_empty: 32
    n_count: 82
    n_concept_distance: 19
[t=16.8965s, 1366708 KB] Complexity 8:
Total concept elements: 516
Total role elements: 13
Total numerical elements: 169
Total boolean elements: 53
    b_nullary: 0
    c_one_of: 0
    c_top: 1
    c_bot: 1
    c_primitive: 5
    r_primitive: 4
    c_and: 215
    c_not: 119
    c_equal: 1
    c_some: 79
    c_all: 95
    r_restrict: 3
    r_and: 0
    r_inverse: 6
    r_transitive_closure: 0
    b_empty: 53
    n_count: 135
    n_concept_distance: 34
[t=16.932s, 1367500 KB] Complexity 9:
Total concept elements: 968
Total role elements: 13
Total numerical elements: 333
Total boolean elements: 96
    b_nullary: 0
    c_one_of: 0
    c_top: 1
    c_bot: 1
    c_primitive: 5
    r_primitive: 4
    c_and: 437
    c_not: 272
    c_equal: 1
    c_some: 110
    c_all: 141
    r_restrict: 3
    r_and: 0
    r_inverse: 6
    r_transitive_closure: 0
    b_empty: 96
    n_count: 268
    n_concept_distance: 65
[t=16.9322s, 1367500 KB] Finished generating composite features.
DomainFeatureDataStatistics:
    num_dlplan_states: 18
    num_boolean_features: 96
    num_numerical_features: 333
2022-11-26 23:02:08 INFO     [40m[34m..done[0m
2022-11-26 23:02:08 INFO     [40m[34mInitializing InstanceFeatureDatas...[0m
2022-11-26 23:02:08 INFO     [40m[34m..done[0m
2022-11-26 23:02:08 INFO     [40m[34mInitializing StatePairEquivalenceDatas...[0m
2022-11-26 23:02:08 INFO     [40m[34m..done[0m
2022-11-26 23:02:08 INFO     [40m[34mInitializing TupleGraphEquivalences...[0m
2022-11-26 23:02:08 INFO     [40m[34m..done[0m
2022-11-26 23:02:08 INFO     [40m[34mInitializing TupleGraphEquivalenceMinimizer...[0m
Num subgoals: 20
Num of selected subgoals: 13
Num rules: 15
Num of selected rules: 13
Num subgoals: 20
Num of selected subgoals: 13
Num rules: 15
Num of selected rules: 13
Num subgoals: 15
Num of selected subgoals: 9
Num rules: 11
Num of selected rules: 9
Num subgoals: 15
Num of selected subgoals: 9
Num rules: 11
Num of selected rules: 9
Num subgoals: 15
Num of selected subgoals: 9
Num rules: 11
Num of selected rules: 9
Num subgoals: 15
Num of selected subgoals: 9
Num rules: 11
Num of selected rules: 9
Num subgoals: 12
Num of selected subgoals: 7
Num rules: 7
Num of selected rules: 7
Num subgoals: 11
Num of selected subgoals: 6
Num rules: 6
Num of selected rules: 6
Num subgoals: 11
Num of selected subgoals: 6
Num rules: 6
Num of selected rules: 6
Num subgoals: 12
Num of selected subgoals: 7
Num rules: 7
Num of selected rules: 7
Num subgoals: 8
Num of selected subgoals: 4
Num rules: 4
Num of selected rules: 4
Num subgoals: 11
Num of selected subgoals: 6
Num rules: 6
Num of selected rules: 6
Num subgoals: 11
Num of selected subgoals: 6
Num rules: 6
Num of selected rules: 6
Num subgoals: 8
Num of selected subgoals: 4
Num rules: 4
Num of selected rules: 4
Num subgoals: 8
Num of selected subgoals: 4
Num rules: 4
Num of selected rules: 4
Num subgoals: 8
Num of selected subgoals: 4
Num rules: 4
Num of selected rules: 4
2022-11-26 23:02:08 INFO     [40m[34m..done[0m
Number of initial D2 facts: 556
Number of D2 facts: 556 of 16384
2022-11-26 23:02:09 INFO     [40m[34mGrounding Logic Program...[0m
2022-11-26 23:02:10 INFO     [40m[34m..done[0m
2022-11-26 23:02:10 INFO     [40m[34mSolving Logic Program...[0m
2022-11-26 23:02:10 INFO     [40m[34m..done[0m
Clingo statistics:
Total time:  1.7657289505004883
CPU time:  2.533453
Solve time:  0.07385492324829102
2022-11-26 23:02:11 INFO     Learned the following sketch:
(:policy
(:boolean_features "b_empty(r_primitive(origin,0,1))")
(:numerical_features "n_count(c_primitive(boarded,0))")
(:rule (:conditions (:c_b_neg 0) (:c_n_eq 0)) (:effects (:e_b_bot 0) (:e_n_bot 0)))
(:rule (:conditions (:c_b_neg 0) (:c_n_eq 0)) (:effects (:e_b_pos 0) (:e_n_bot 0)))
(:rule (:conditions (:c_b_neg 0) (:c_n_eq 0)) (:effects (:e_b_pos 0) (:e_n_inc 0)))
(:rule (:conditions (:c_b_neg 0) (:c_n_gt 0)) (:effects (:e_b_bot 0) (:e_n_dec 0)))
(:rule (:conditions (:c_b_neg 0) (:c_n_gt 0)) (:effects (:e_b_pos 0) (:e_n_bot 0)))
(:rule (:conditions (:c_b_neg 0) (:c_n_gt 0)) (:effects (:e_b_pos 0) (:e_n_inc 0)))
(:rule (:conditions (:c_b_pos 0) (:c_n_gt 0)) (:effects (:e_b_bot 0) (:e_n_dec 0)))
)
Numer of sketch rules: 7
Number of selected features: 2
Maximum complexity of selected feature: 2
[40m[31mSketch cycles[0m
Instance: 0 p-2-2-0
12 (instance index=0, state index=12, atoms={lift-at(f1), served(p1), origin(p0,f0)})
12 (instance index=0, state index=12, atoms={lift-at(f1), served(p1), origin(p0,f0)})
Number of unsatisfied D2 facts: 221
Number of D2 facts: 777 of 16384
2022-11-26 23:02:13 INFO     [40m[34mGrounding Logic Program...[0m
2022-11-26 23:02:14 INFO     [40m[34m..done[0m
2022-11-26 23:02:14 INFO     [40m[34mSolving Logic Program...[0m
2022-11-26 23:02:14 INFO     [40m[34m..done[0m
Clingo statistics:
Total time:  3.698878049850464
CPU time:  4.875354
Solve time:  0.05788087844848633
2022-11-26 23:02:15 INFO     Learned the following sketch:
(:policy
(:boolean_features )
(:numerical_features "n_count(c_and(c_not(c_primitive(served,0)),c_primitive(served_g,0)))")
(:rule (:conditions (:c_n_gt 0)) (:effects (:e_n_bot 0)))
(:rule (:conditions (:c_n_gt 0)) (:effects (:e_n_dec 0)))
)
Numer of sketch rules: 2
Number of selected features: 1
Maximum complexity of selected feature: 5
[40m[31mSketch cycles[0m
Instance: 0 p-2-2-0
15 (instance index=0, state index=15, atoms={lift-at(f1), served(p1), boarded(p0)})
15 (instance index=0, state index=15, atoms={lift-at(f1), served(p1), boarded(p0)})
Number of unsatisfied D2 facts: 1767
Number of D2 facts: 2544 of 16384
2022-11-26 23:02:17 INFO     [40m[34mGrounding Logic Program...[0m
2022-11-26 23:02:19 INFO     [40m[34m..done[0m
2022-11-26 23:02:19 INFO     [40m[34mSolving Logic Program...[0m
2022-11-26 23:02:20 INFO     [40m[34m..done[0m
Clingo statistics:
Total time:  4.920994997024536
CPU time:  9.038319999999999
Solve time:  0.22639703750610352
2022-11-26 23:02:20 INFO     Learned the following sketch:
(:policy
(:boolean_features )
(:numerical_features "n_count(c_and(c_not(c_primitive(served,0)),c_primitive(served_g,0)))")
(:rule (:conditions (:c_n_gt 0)) (:effects (:e_n_bot 0)))
(:rule (:conditions (:c_n_gt 0)) (:effects (:e_n_dec 0)))
)
Numer of sketch rules: 2
Number of selected features: 1
Maximum complexity of selected feature: 5
[40m[31mSketch cycles[0m
Instance: 0 p-2-2-0
15 (instance index=0, state index=15, atoms={lift-at(f1), served(p1), boarded(p0)})
15 (instance index=0, state index=15, atoms={lift-at(f1), served(p1), boarded(p0)})
Number of unsatisfied D2 facts: 275
Number of D2 facts: 2819 of 16384
2022-11-26 23:02:23 INFO     [40m[34mGrounding Logic Program...[0m
2022-11-26 23:02:25 INFO     [40m[34m..done[0m
2022-11-26 23:02:25 INFO     [40m[34mSolving Logic Program...[0m
2022-11-26 23:02:25 INFO     [40m[34m..done[0m
Clingo statistics:
Total time:  5.020840883255005
CPU time:  9.990753999999999
Solve time:  0.20021796226501465
2022-11-26 23:02:26 INFO     Learned the following sketch:
(:policy
(:boolean_features "b_empty(r_primitive(origin,0,1))")
(:numerical_features "n_count(c_primitive(boarded,0))")
(:rule (:conditions (:c_b_neg 0) (:c_n_eq 0)) (:effects (:e_b_bot 0) (:e_n_bot 0)))
(:rule (:conditions (:c_b_neg 0) (:c_n_eq 0)) (:effects (:e_b_pos 0) (:e_n_inc 0)))
(:rule (:conditions (:c_b_neg 0) (:c_n_gt 0)) (:effects (:e_b_pos 0) (:e_n_bot 0)))
(:rule (:conditions (:c_b_neg 0) (:c_n_gt 0)) (:effects (:e_b_pos 0) (:e_n_inc 0)))
(:rule (:conditions (:c_b_pos 0) (:c_n_gt 0)) (:effects (:e_b_bot 0) (:e_n_bot 0)))
(:rule (:conditions (:c_b_pos 0) (:c_n_gt 0)) (:effects (:e_b_bot 0) (:e_n_dec 0)))
)
Numer of sketch rules: 6
Number of selected features: 2
Maximum complexity of selected feature: 2
[40m[31mSketch cycles[0m
Instance: 0 p-2-2-0
15 (instance index=0, state index=15, atoms={lift-at(f1), served(p1), boarded(p0)})
15 (instance index=0, state index=15, atoms={lift-at(f1), served(p1), boarded(p0)})
Number of unsatisfied D2 facts: 123
Number of D2 facts: 2942 of 16384
2022-11-26 23:02:28 INFO     [40m[34mGrounding Logic Program...[0m
2022-11-26 23:02:30 INFO     [40m[34m..done[0m
2022-11-26 23:02:30 INFO     [40m[34mSolving Logic Program...[0m
2022-11-26 23:02:31 INFO     [40m[34m..done[0m
Clingo statistics:
Total time:  5.064097166061401
CPU time:  8.486216000000002
Solve time:  0.12980008125305176
2022-11-26 23:02:31 INFO     Learned the following sketch:
(:policy
(:boolean_features )
(:numerical_features "n_count(c_primitive(boarded,0))" "n_count(r_primitive(origin,0,1))")
(:rule (:conditions (:c_n_eq 0) (:c_n_gt 1)) (:effects (:e_n_bot 0) (:e_n_dec 1)))
(:rule (:conditions (:c_n_eq 1) (:c_n_gt 0)) (:effects (:e_n_bot 1) (:e_n_dec 0)))
(:rule (:conditions (:c_n_gt 0) (:c_n_gt 1)) (:effects (:e_n_bot 0) (:e_n_dec 1)))
(:rule (:conditions (:c_n_gt 0) (:c_n_gt 1)) (:effects (:e_n_bot 1) (:e_n_dec 0)))
(:rule (:conditions (:c_n_gt 0) (:c_n_gt 1)) (:effects (:e_n_dec 1) (:e_n_inc 0)))
)
Numer of sketch rules: 5
Number of selected features: 2
Maximum complexity of selected feature: 2
2022-11-26 23:02:31 INFO     [40m[34mVerifying learned sketch...[0m
2022-11-26 23:02:32 INFO     [40m[34m..done[0m
2022-11-26 23:02:32 INFO     [40m[33mIteration summary:[0m
DomainFeatureDataStatistics:
    num_dlplan_states: 18
    num_boolean_features: 96
    num_numerical_features: 333
StatePairEquivalenceStatistics:
    num_state_pairs: 128
    num_equivalences: 128
TupleGraphEquivalenceMinimizerStatistics:
    Number of input tuples: 200
    Number of output tuples: 116
[40m[31mSketch solves all instances![0m
2022-11-26 23:02:32 INFO     [40m[32mSummary:[0m
Boolean features:
b_empty(c_top)
b_empty(c_bot)
b_empty(c_primitive(boarded,0))
b_empty(c_primitive(served,0))
b_empty(r_primitive(origin,0,1))
b_empty(c_some(r_primitive(origin,0,1),c_primitive(lift-at,0)))
b_empty(c_some(r_primitive(above,0,1),c_primitive(lift-at,0)))
b_empty(c_and(c_not(c_primitive(boarded,0)),c_primitive(served_g,0)))
b_empty(c_and(c_not(c_primitive(served,0)),c_primitive(served_g,0)))
b_empty(c_not(c_all(r_primitive(origin,0,1),c_primitive(lift-at,0))))
b_empty(c_not(c_all(r_primitive(above,0,1),c_primitive(lift-at,0))))
b_empty(c_and(c_primitive(boarded,0),c_some(r_primitive(destin,0,1),c_primitive(lift-at,0))))
b_empty(c_and(c_primitive(served,0),c_some(r_primitive(destin,0,1),c_primitive(lift-at,0))))
b_empty(c_and(c_equal(r_primitive(origin,0,1),r_primitive(origin_g,0,1)),c_primitive(served_g,0)))
b_empty(c_some(r_primitive(origin,0,1),c_some(r_primitive(above,0,1),c_top)))
b_empty(c_some(r_primitive(origin,0,1),c_some(r_primitive(above,0,1),c_primitive(lift-at,0))))
b_empty(c_some(r_primitive(origin,0,1),c_all(r_primitive(above,0,1),c_bot)))
b_empty(c_some(r_primitive(origin,0,1),c_all(r_primitive(above,0,1),c_primitive(lift-at,0))))
b_empty(c_and(c_not(c_some(r_primitive(destin,0,1),c_primitive(lift-at,0))),c_primitive(boarded,0)))
b_empty(c_and(c_not(c_some(r_primitive(destin,0,1),c_primitive(lift-at,0))),c_primitive(served,0)))
b_empty(c_and(c_all(r_inverse(r_primitive(origin,0,1)),c_bot),c_primitive(lift-at,0)))
b_empty(c_and(c_not(c_primitive(boarded,0)),c_some(r_primitive(destin,0,1),c_primitive(lift-at,0))))
b_empty(c_and(c_not(c_primitive(served,0)),c_some(r_primitive(destin,0,1),c_primitive(lift-at,0))))
b_empty(c_not(c_all(r_primitive(origin,0,1),c_some(r_primitive(above,0,1),c_primitive(lift-at,0)))))
b_empty(c_not(c_all(r_primitive(origin,0,1),c_all(r_primitive(above,0,1),c_primitive(lift-at,0)))))
b_empty(c_some(r_primitive(origin,0,1),c_some(r_inverse(r_primitive(destin,0,1)),c_primitive(boarded,0))))
b_empty(c_some(r_primitive(origin,0,1),c_some(r_inverse(r_primitive(destin,0,1)),c_primitive(served,0))))
b_empty(c_some(r_primitive(origin,0,1),c_some(r_inverse(r_primitive(above,0,1)),c_primitive(lift-at,0))))
b_empty(c_some(r_primitive(origin,0,1),c_all(r_inverse(r_primitive(above,0,1)),c_primitive(lift-at,0))))
b_empty(c_some(r_primitive(above,0,1),c_some(r_inverse(r_primitive(destin,0,1)),c_primitive(boarded,0))))
b_empty(c_some(r_primitive(above,0,1),c_some(r_inverse(r_primitive(destin,0,1)),c_primitive(served,0))))
b_empty(c_some(r_primitive(above,0,1),c_all(r_inverse(r_primitive(origin,0,1)),c_bot)))
b_empty(c_and(c_primitive(boarded,0),c_some(r_primitive(destin,0,1),c_some(r_primitive(above,0,1),c_top))))
b_empty(c_and(c_primitive(boarded,0),c_some(r_primitive(destin,0,1),c_some(r_primitive(above,0,1),c_primitive(lift-at,0)))))
b_empty(c_and(c_primitive(boarded,0),c_some(r_primitive(destin,0,1),c_all(r_primitive(above,0,1),c_primitive(lift-at,0)))))
b_empty(c_and(c_primitive(served,0),c_some(r_primitive(destin,0,1),c_some(r_primitive(above,0,1),c_top))))
b_empty(c_and(c_primitive(served,0),c_some(r_primitive(destin,0,1),c_some(r_primitive(above,0,1),c_primitive(lift-at,0)))))
b_empty(c_and(c_primitive(served,0),c_some(r_primitive(destin,0,1),c_all(r_primitive(above,0,1),c_primitive(lift-at,0)))))
b_empty(c_and(c_all(r_primitive(origin,0,1),c_some(r_primitive(above,0,1),c_primitive(lift-at,0))),c_primitive(served_g,0)))
b_empty(c_and(c_not(c_all(r_primitive(destin,0,1),c_primitive(lift-at,0))),c_not(c_primitive(boarded,0))))
b_empty(c_and(c_not(c_all(r_primitive(destin,0,1),c_primitive(lift-at,0))),c_not(c_primitive(served,0))))
b_empty(c_and(c_equal(r_primitive(origin,0,1),r_primitive(origin_g,0,1)),c_some(r_primitive(destin,0,1),c_primitive(lift-at,0))))
b_empty(c_not(c_and(c_all(r_primitive(origin,0,1),c_primitive(lift-at,0)),c_not(c_primitive(boarded,0)))))
b_empty(c_not(c_and(c_all(r_primitive(above,0,1),c_primitive(lift-at,0)),c_not(c_primitive(boarded,0)))))
b_empty(c_not(c_and(c_all(r_primitive(origin,0,1),c_primitive(lift-at,0)),c_not(c_primitive(served,0)))))
b_empty(c_not(c_and(c_all(r_primitive(above,0,1),c_primitive(lift-at,0)),c_not(c_primitive(served,0)))))
b_empty(c_not(c_all(r_primitive(origin,0,1),c_some(r_inverse(r_primitive(destin,0,1)),c_primitive(boarded,0)))))
b_empty(c_not(c_all(r_primitive(origin,0,1),c_some(r_inverse(r_primitive(destin,0,1)),c_primitive(served,0)))))
b_empty(c_not(c_all(r_primitive(origin,0,1),c_some(r_inverse(r_primitive(above,0,1)),c_primitive(lift-at,0)))))
b_empty(c_not(c_all(r_primitive(origin,0,1),c_all(r_inverse(r_primitive(above,0,1)),c_primitive(lift-at,0)))))
b_empty(c_not(c_all(r_primitive(above,0,1),c_some(r_inverse(r_primitive(destin,0,1)),c_primitive(boarded,0)))))
b_empty(c_not(c_all(r_primitive(above,0,1),c_some(r_inverse(r_primitive(destin,0,1)),c_primitive(served,0)))))
b_empty(c_some(r_inverse(r_primitive(above,0,1)),c_all(r_inverse(r_primitive(origin,0,1)),c_bot)))
b_empty(c_and(c_not(c_some(r_primitive(destin,0,1),c_some(r_primitive(above,0,1),c_primitive(lift-at,0)))),c_primitive(boarded,0)))
b_empty(c_and(c_not(c_some(r_primitive(destin,0,1),c_all(r_primitive(above,0,1),c_primitive(lift-at,0)))),c_primitive(boarded,0)))
b_empty(c_and(c_primitive(boarded,0),c_some(r_primitive(destin,0,1),c_some(r_inverse(r_primitive(above,0,1)),c_primitive(lift-at,0)))))
b_empty(c_and(c_primitive(boarded,0),c_some(r_primitive(destin,0,1),c_all(r_inverse(r_primitive(origin,0,1)),c_bot))))
b_empty(c_and(c_primitive(boarded,0),c_some(r_primitive(destin,0,1),c_all(r_inverse(r_primitive(above,0,1)),c_primitive(lift-at,0)))))
b_empty(c_and(c_not(c_some(r_primitive(destin,0,1),c_some(r_primitive(above,0,1),c_primitive(lift-at,0)))),c_primitive(served,0)))
b_empty(c_and(c_not(c_some(r_primitive(destin,0,1),c_all(r_primitive(above,0,1),c_primitive(lift-at,0)))),c_primitive(served,0)))
b_empty(c_and(c_primitive(served,0),c_some(r_primitive(destin,0,1),c_some(r_inverse(r_primitive(above,0,1)),c_primitive(lift-at,0)))))
b_empty(c_and(c_primitive(served,0),c_some(r_primitive(destin,0,1),c_all(r_inverse(r_primitive(origin,0,1)),c_bot))))
b_empty(c_and(c_primitive(served,0),c_some(r_primitive(destin,0,1),c_all(r_inverse(r_primitive(above,0,1)),c_primitive(lift-at,0)))))
b_empty(c_and(c_and(c_all(r_primitive(origin,0,1),c_primitive(lift-at,0)),c_not(c_primitive(boarded,0))),c_primitive(served_g,0)))
b_empty(c_and(c_and(c_all(r_primitive(origin,0,1),c_primitive(lift-at,0)),c_not(c_primitive(served,0))),c_primitive(served_g,0)))
b_empty(c_and(c_not(c_some(r_primitive(origin,0,1),c_all(r_primitive(above,0,1),c_primitive(lift-at,0)))),c_primitive(served_g,0)))
b_empty(c_and(c_primitive(lift-at,0),c_some(r_primitive(above,0,1),c_all(r_inverse(r_primitive(origin,0,1)),c_bot))))
b_empty(c_and(c_all(r_primitive(above,0,1),c_some(r_inverse(r_primitive(origin,0,1)),c_top)),c_primitive(lift-at,0)))
b_empty(c_and(c_all(r_primitive(above,0,1),c_some(r_inverse(r_primitive(destin,0,1)),c_primitive(boarded,0))),c_primitive(lift-at,0)))
b_empty(c_and(c_all(r_primitive(above,0,1),c_some(r_inverse(r_primitive(destin,0,1)),c_primitive(served,0))),c_primitive(lift-at,0)))
b_empty(c_and(c_all(r_primitive(above,0,1),c_all(r_inverse(r_primitive(origin,0,1)),c_bot)),c_primitive(lift-at,0)))
b_empty(c_and(c_not(c_primitive(boarded,0)),c_some(r_primitive(destin,0,1),c_some(r_primitive(above,0,1),c_top))))
b_empty(c_and(c_not(c_primitive(boarded,0)),c_some(r_primitive(destin,0,1),c_some(r_primitive(above,0,1),c_primitive(lift-at,0)))))
b_empty(c_and(c_not(c_primitive(boarded,0)),c_some(r_primitive(destin,0,1),c_all(r_primitive(above,0,1),c_primitive(lift-at,0)))))
b_empty(c_and(c_not(c_primitive(served,0)),c_some(r_primitive(destin,0,1),c_some(r_primitive(above,0,1),c_top))))
b_empty(c_and(c_not(c_primitive(served,0)),c_some(r_primitive(destin,0,1),c_some(r_primitive(above,0,1),c_primitive(lift-at,0)))))
b_empty(c_and(c_not(c_primitive(served,0)),c_some(r_primitive(destin,0,1),c_all(r_primitive(above,0,1),c_primitive(lift-at,0)))))
b_empty(c_and(c_all(r_inverse(r_primitive(origin,0,1)),c_bot),c_some(r_primitive(above,0,1),c_primitive(lift-at,0))))
b_empty(c_not(c_and(c_not(c_primitive(boarded,0)),c_not(c_some(r_primitive(above,0,1),c_primitive(lift-at,0))))))
b_empty(c_not(c_and(c_not(c_primitive(served,0)),c_not(c_some(r_primitive(above,0,1),c_primitive(lift-at,0))))))
b_empty(c_not(c_and(c_all(r_primitive(above,0,1),c_primitive(lift-at,0)),c_equal(r_primitive(origin,0,1),r_primitive(origin_g,0,1)))))
b_empty(c_not(c_and(c_all(r_primitive(above,0,1),c_primitive(lift-at,0)),c_all(r_primitive(origin,0,1),c_primitive(lift-at,0)))))
b_empty(c_some(r_primitive(origin,0,1),c_and(c_primitive(lift-at,0),c_some(r_inverse(r_primitive(destin,0,1)),c_primitive(boarded,0)))))
b_empty(c_some(r_primitive(origin,0,1),c_and(c_primitive(lift-at,0),c_some(r_inverse(r_primitive(destin,0,1)),c_primitive(served,0)))))
b_empty(c_some(r_primitive(origin,0,1),c_some(r_primitive(above,0,1),c_some(r_inverse(r_primitive(origin,0,1)),c_top))))
b_empty(c_some(r_primitive(origin,0,1),c_some(r_primitive(above,0,1),c_all(r_inverse(r_primitive(origin,0,1)),c_bot))))
b_empty(c_some(r_primitive(origin,0,1),c_some(r_inverse(r_primitive(destin,0,1)),c_equal(r_primitive(origin,0,1),r_primitive(origin_g,0,1)))))
b_empty(c_some(r_primitive(origin,0,1),c_all(r_inverse(r_restrict(r_primitive(destin,0,1),c_primitive(lift-at,0))),c_primitive(boarded,0))))
b_empty(c_some(r_primitive(origin,0,1),c_all(r_inverse(r_restrict(r_primitive(destin,0,1),c_primitive(lift-at,0))),c_primitive(served,0))))
b_empty(c_some(r_primitive(above,0,1),c_and(c_primitive(lift-at,0),c_some(r_inverse(r_primitive(destin,0,1)),c_primitive(boarded,0)))))
b_empty(c_some(r_primitive(above,0,1),c_and(c_primitive(lift-at,0),c_some(r_inverse(r_primitive(destin,0,1)),c_primitive(served,0)))))
b_empty(c_some(r_primitive(above,0,1),c_and(c_all(r_inverse(r_primitive(origin,0,1)),c_bot),c_primitive(lift-at,0))))
b_empty(c_some(r_primitive(above,0,1),c_some(r_inverse(r_primitive(destin,0,1)),c_all(r_primitive(origin,0,1),c_primitive(lift-at,0)))))
b_empty(c_some(r_primitive(above,0,1),c_all(r_inverse(r_primitive(origin,0,1)),c_some(r_primitive(destin,0,1),c_primitive(lift-at,0)))))
b_empty(c_some(r_primitive(above,0,1),c_all(r_inverse(r_restrict(r_primitive(destin,0,1),c_primitive(lift-at,0))),c_primitive(boarded,0))))
b_empty(c_some(r_primitive(above,0,1),c_all(r_inverse(r_restrict(r_primitive(destin,0,1),c_primitive(lift-at,0))),c_primitive(served,0))))
Numerical features:
n_count(c_top)
n_count(c_bot)
n_count(c_primitive(boarded,0))
n_count(c_primitive(served,0))
n_count(c_primitive(served_g,0))
n_count(c_primitive(lift-at,0))
n_count(r_primitive(origin,0,1))
n_count(c_not(c_primitive(boarded,0)))
n_count(c_not(c_primitive(served,0)))
n_count(c_not(c_primitive(lift-at,0)))
n_count(c_equal(r_primitive(origin,0,1),r_primitive(origin_g,0,1)))
n_count(c_some(r_primitive(origin,0,1),c_primitive(lift-at,0)))
n_count(c_some(r_primitive(above,0,1),c_primitive(lift-at,0)))
n_count(c_all(r_primitive(origin,0,1),c_primitive(lift-at,0)))
n_count(c_all(r_primitive(above,0,1),c_primitive(lift-at,0)))
n_concept_distance(c_primitive(lift-at,0),r_primitive(origin,0,1),c_bot)
n_count(c_and(c_not(c_primitive(boarded,0)),c_primitive(served_g,0)))
n_count(c_and(c_not(c_primitive(served,0)),c_primitive(served_g,0)))
n_count(c_not(c_some(r_primitive(origin,0,1),c_primitive(lift-at,0))))
n_count(c_not(c_some(r_primitive(above,0,1),c_primitive(lift-at,0))))
n_count(c_not(c_all(r_primitive(origin,0,1),c_primitive(lift-at,0))))
n_count(c_not(c_all(r_primitive(above,0,1),c_primitive(lift-at,0))))
n_count(c_all(r_inverse(r_primitive(destin,0,1)),c_primitive(boarded,0)))
n_count(c_all(r_inverse(r_primitive(destin,0,1)),c_primitive(served,0)))
n_concept_distance(c_primitive(lift-at,0),r_primitive(above,0,1),c_not(c_primitive(lift-at,0)))
n_count(c_and(c_primitive(boarded,0),c_some(r_primitive(destin,0,1),c_primitive(lift-at,0))))
n_count(c_and(c_primitive(served,0),c_some(r_primitive(destin,0,1),c_primitive(lift-at,0))))
n_count(c_and(c_equal(r_primitive(origin,0,1),r_primitive(origin_g,0,1)),c_primitive(served_g,0)))
n_count(c_and(c_all(r_primitive(origin,0,1),c_primitive(lift-at,0)),c_primitive(served_g,0)))
n_count(c_and(c_all(r_primitive(above,0,1),c_primitive(lift-at,0)),c_primitive(floor,0)))
n_count(c_and(c_not(c_primitive(boarded,0)),c_not(c_primitive(served,0))))
n_count(c_and(c_not(c_primitive(boarded,0)),c_not(c_primitive(lift-at,0))))
n_count(c_and(c_not(c_primitive(lift-at,0)),c_not(c_primitive(served,0))))
n_count(c_some(r_primitive(origin,0,1),c_some(r_primitive(above,0,1),c_top)))
n_count(c_some(r_primitive(origin,0,1),c_some(r_primitive(above,0,1),c_primitive(lift-at,0))))
n_count(c_some(r_primitive(origin,0,1),c_all(r_primitive(above,0,1),c_bot)))
n_count(c_some(r_primitive(origin,0,1),c_all(r_primitive(above,0,1),c_primitive(lift-at,0))))
n_count(c_all(r_primitive(origin,0,1),c_some(r_primitive(above,0,1),c_top)))
n_count(c_all(r_primitive(origin,0,1),c_some(r_primitive(above,0,1),c_primitive(lift-at,0))))
n_count(c_all(r_primitive(origin,0,1),c_all(r_primitive(above,0,1),c_bot)))
n_count(c_all(r_primitive(origin,0,1),c_all(r_primitive(above,0,1),c_primitive(lift-at,0))))
n_count(c_all(r_primitive(destin,0,1),c_some(r_primitive(above,0,1),c_primitive(lift-at,0))))
n_concept_distance(c_primitive(lift-at,0),r_primitive(origin,0,1),c_some(r_primitive(above,0,1),c_top))
n_concept_distance(c_primitive(lift-at,0),r_primitive(origin,0,1),c_all(r_primitive(above,0,1),c_bot))
n_concept_distance(c_some(r_primitive(destin,0,1),c_primitive(lift-at,0)),r_primitive(origin,0,1),c_primitive(boarded,0))
n_concept_distance(c_some(r_primitive(destin,0,1),c_primitive(lift-at,0)),r_primitive(origin,0,1),c_primitive(served,0))
n_concept_distance(c_some(r_primitive(destin,0,1),c_primitive(lift-at,0)),r_primitive(origin,0,1),c_primitive(floor,0))
n_count(c_and(c_not(c_some(r_primitive(destin,0,1),c_primitive(lift-at,0))),c_primitive(boarded,0)))
n_count(c_and(c_not(c_some(r_primitive(destin,0,1),c_primitive(lift-at,0))),c_primitive(served,0)))
n_count(c_and(c_not(c_some(r_primitive(origin,0,1),c_primitive(lift-at,0))),c_primitive(served_g,0)))
n_count(c_and(c_all(r_inverse(r_primitive(origin,0,1)),c_bot),c_primitive(lift-at,0)))
n_count(c_and(c_not(c_some(r_primitive(above,0,1),c_primitive(lift-at,0))),c_primitive(floor,0)))
n_count(c_and(c_not(c_primitive(boarded,0)),c_some(r_primitive(destin,0,1),c_primitive(lift-at,0))))
n_count(c_and(c_all(r_primitive(origin,0,1),c_primitive(lift-at,0)),c_not(c_primitive(boarded,0))))
n_count(c_and(c_all(r_primitive(destin,0,1),c_primitive(lift-at,0)),c_not(c_primitive(boarded,0))))
n_count(c_and(c_all(r_primitive(above,0,1),c_primitive(lift-at,0)),c_not(c_primitive(boarded,0))))
n_count(c_and(c_not(c_primitive(served,0)),c_some(r_primitive(destin,0,1),c_primitive(lift-at,0))))
n_count(c_and(c_all(r_primitive(origin,0,1),c_primitive(lift-at,0)),c_not(c_primitive(served,0))))
n_count(c_and(c_all(r_primitive(destin,0,1),c_primitive(lift-at,0)),c_not(c_primitive(served,0))))
n_count(c_and(c_all(r_primitive(above,0,1),c_primitive(lift-at,0)),c_not(c_primitive(served,0))))
n_count(c_and(c_equal(r_primitive(origin,0,1),r_primitive(origin_g,0,1)),c_not(c_primitive(lift-at,0))))
n_count(c_and(c_all(r_primitive(origin,0,1),c_primitive(lift-at,0)),c_not(c_primitive(lift-at,0))))
n_count(c_and(c_all(r_primitive(above,0,1),c_bot),c_not(c_primitive(lift-at,0))))
n_count(c_not(c_and(c_primitive(boarded,0),c_some(r_primitive(destin,0,1),c_primitive(lift-at,0)))))
n_count(c_not(c_and(c_primitive(served,0),c_some(r_primitive(destin,0,1),c_primitive(lift-at,0)))))
n_count(c_not(c_and(c_all(r_primitive(origin,0,1),c_primitive(lift-at,0)),c_primitive(served_g,0))))
n_count(c_not(c_and(c_not(c_primitive(boarded,0)),c_not(c_primitive(lift-at,0)))))
n_count(c_not(c_and(c_not(c_primitive(lift-at,0)),c_not(c_primitive(served,0)))))
n_count(c_not(c_some(r_primitive(origin,0,1),c_some(r_primitive(above,0,1),c_primitive(lift-at,0)))))
n_count(c_not(c_some(r_primitive(origin,0,1),c_all(r_primitive(above,0,1),c_primitive(lift-at,0)))))
n_count(c_not(c_all(r_primitive(origin,0,1),c_some(r_primitive(above,0,1),c_primitive(lift-at,0)))))
n_count(c_not(c_all(r_primitive(origin,0,1),c_all(r_primitive(above,0,1),c_primitive(lift-at,0)))))
n_count(c_some(r_primitive(origin,0,1),c_some(r_inverse(r_primitive(destin,0,1)),c_primitive(boarded,0))))
n_count(c_some(r_primitive(origin,0,1),c_some(r_inverse(r_primitive(destin,0,1)),c_primitive(served,0))))
n_count(c_some(r_primitive(origin,0,1),c_some(r_inverse(r_primitive(above,0,1)),c_primitive(lift-at,0))))
n_count(c_some(r_primitive(origin,0,1),c_all(r_inverse(r_primitive(above,0,1)),c_primitive(lift-at,0))))
n_count(c_some(r_primitive(above,0,1),c_some(r_inverse(r_primitive(destin,0,1)),c_primitive(boarded,0))))
n_count(c_some(r_primitive(above,0,1),c_some(r_inverse(r_primitive(destin,0,1)),c_primitive(served,0))))
n_count(c_some(r_primitive(above,0,1),c_all(r_inverse(r_primitive(origin,0,1)),c_bot)))
n_count(c_all(r_primitive(origin,0,1),c_some(r_inverse(r_primitive(destin,0,1)),c_primitive(boarded,0))))
n_count(c_all(r_primitive(origin,0,1),c_some(r_inverse(r_primitive(destin,0,1)),c_primitive(served,0))))
n_count(c_all(r_primitive(origin,0,1),c_some(r_inverse(r_primitive(above,0,1)),c_primitive(lift-at,0))))
n_count(c_all(r_primitive(origin,0,1),c_all(r_inverse(r_primitive(above,0,1)),c_primitive(lift-at,0))))
n_count(c_all(r_primitive(above,0,1),c_some(r_inverse(r_primitive(origin,0,1)),c_top)))
n_count(c_all(r_primitive(above,0,1),c_some(r_inverse(r_primitive(destin,0,1)),c_primitive(boarded,0))))
n_count(c_all(r_primitive(above,0,1),c_some(r_inverse(r_primitive(destin,0,1)),c_primitive(served,0))))
n_count(c_all(r_inverse(r_primitive(destin,0,1)),c_some(r_primitive(origin,0,1),c_primitive(lift-at,0))))
n_count(c_all(r_inverse(r_restrict(r_primitive(destin,0,1),c_primitive(lift-at,0))),c_primitive(boarded,0)))
n_count(c_all(r_inverse(r_restrict(r_primitive(destin,0,1),c_primitive(lift-at,0))),c_primitive(served,0)))
n_concept_distance(c_primitive(lift-at,0),r_primitive(origin,0,1),c_some(r_inverse(r_primitive(origin,0,1)),c_top))
n_concept_distance(c_primitive(lift-at,0),r_primitive(origin,0,1),c_all(r_inverse(r_primitive(origin,0,1)),c_bot))
n_concept_distance(c_primitive(lift-at,0),r_primitive(above,0,1),c_some(r_inverse(r_primitive(origin,0,1)),c_top))
n_concept_distance(c_primitive(lift-at,0),r_primitive(above,0,1),c_some(r_inverse(r_primitive(destin,0,1)),c_primitive(boarded,0)))
n_concept_distance(c_primitive(lift-at,0),r_primitive(above,0,1),c_some(r_inverse(r_primitive(destin,0,1)),c_primitive(served,0)))
n_concept_distance(c_primitive(lift-at,0),r_primitive(above,0,1),c_all(r_inverse(r_primitive(origin,0,1)),c_bot))
n_concept_distance(c_some(r_primitive(destin,0,1),c_primitive(lift-at,0)),r_primitive(origin,0,1),c_not(c_primitive(boarded,0)))
n_concept_distance(c_some(r_primitive(destin,0,1),c_primitive(lift-at,0)),r_primitive(origin,0,1),c_not(c_primitive(served,0)))
n_concept_distance(c_and(c_not(c_primitive(lift-at,0)),c_primitive(floor,0)),r_primitive(above,0,1),c_primitive(lift-at,0))
n_concept_distance(c_not(c_all(r_primitive(destin,0,1),c_primitive(lift-at,0))),r_primitive(origin,0,1),c_primitive(boarded,0))
n_concept_distance(c_not(c_all(r_primitive(destin,0,1),c_primitive(lift-at,0))),r_primitive(origin,0,1),c_primitive(served,0))
n_concept_distance(c_not(c_all(r_primitive(destin,0,1),c_primitive(lift-at,0))),r_primitive(origin,0,1),c_primitive(lift-at,0))
n_count(c_and(c_primitive(boarded,0),c_some(r_primitive(destin,0,1),c_some(r_primitive(above,0,1),c_top))))
n_count(c_and(c_primitive(boarded,0),c_some(r_primitive(destin,0,1),c_some(r_primitive(above,0,1),c_primitive(lift-at,0)))))
n_count(c_and(c_primitive(boarded,0),c_some(r_primitive(destin,0,1),c_all(r_primitive(above,0,1),c_primitive(lift-at,0)))))
n_count(c_and(c_primitive(served,0),c_some(r_primitive(destin,0,1),c_some(r_primitive(above,0,1),c_top))))
n_count(c_and(c_primitive(served,0),c_some(r_primitive(destin,0,1),c_some(r_primitive(above,0,1),c_primitive(lift-at,0)))))
n_count(c_and(c_primitive(served,0),c_some(r_primitive(destin,0,1),c_all(r_primitive(above,0,1),c_primitive(lift-at,0)))))
n_count(c_and(c_all(r_primitive(origin,0,1),c_some(r_primitive(above,0,1),c_top)),c_primitive(served_g,0)))
n_count(c_and(c_all(r_primitive(origin,0,1),c_some(r_primitive(above,0,1),c_primitive(lift-at,0))),c_primitive(served_g,0)))
n_count(c_and(c_all(r_primitive(origin,0,1),c_all(r_primitive(above,0,1),c_bot)),c_primitive(served_g,0)))
n_count(c_and(c_all(r_primitive(origin,0,1),c_all(r_primitive(above,0,1),c_primitive(lift-at,0))),c_primitive(served_g,0)))
n_count(c_and(c_not(c_primitive(boarded,0)),c_not(c_some(r_primitive(origin,0,1),c_primitive(lift-at,0)))))
n_count(c_and(c_not(c_primitive(boarded,0)),c_not(c_some(r_primitive(destin,0,1),c_primitive(lift-at,0)))))
n_count(c_and(c_not(c_primitive(boarded,0)),c_not(c_some(r_primitive(above,0,1),c_primitive(lift-at,0)))))
n_count(c_and(c_not(c_all(r_primitive(destin,0,1),c_primitive(lift-at,0))),c_not(c_primitive(boarded,0))))
n_count(c_and(c_all(r_inverse(r_primitive(destin,0,1)),c_primitive(served,0)),c_not(c_primitive(boarded,0))))
n_count(c_and(c_not(c_primitive(served,0)),c_not(c_some(r_primitive(origin,0,1),c_primitive(lift-at,0)))))
n_count(c_and(c_not(c_primitive(served,0)),c_not(c_some(r_primitive(destin,0,1),c_primitive(lift-at,0)))))
n_count(c_and(c_not(c_primitive(served,0)),c_not(c_some(r_primitive(above,0,1),c_primitive(lift-at,0)))))
n_count(c_and(c_not(c_all(r_primitive(destin,0,1),c_primitive(lift-at,0))),c_not(c_primitive(served,0))))
n_count(c_and(c_all(r_inverse(r_primitive(destin,0,1)),c_primitive(boarded,0)),c_not(c_primitive(served,0))))
n_count(c_and(c_not(c_primitive(lift-at,0)),c_not(c_some(r_primitive(origin,0,1),c_primitive(lift-at,0)))))
n_count(c_and(c_all(r_inverse(r_primitive(destin,0,1)),c_primitive(boarded,0)),c_not(c_primitive(lift-at,0))))
n_count(c_and(c_all(r_inverse(r_primitive(destin,0,1)),c_primitive(served,0)),c_not(c_primitive(lift-at,0))))
n_count(c_and(c_equal(r_primitive(origin,0,1),r_primitive(origin_g,0,1)),c_some(r_primitive(destin,0,1),c_primitive(lift-at,0))))
n_count(c_and(c_all(r_primitive(above,0,1),c_primitive(lift-at,0)),c_equal(r_primitive(origin,0,1),r_primitive(origin_g,0,1))))
n_count(c_and(c_all(r_primitive(above,0,1),c_primitive(lift-at,0)),c_all(r_primitive(origin,0,1),c_primitive(lift-at,0))))
n_count(c_not(c_and(c_not(c_some(r_primitive(destin,0,1),c_primitive(lift-at,0))),c_primitive(boarded,0))))
n_count(c_not(c_and(c_not(c_some(r_primitive(destin,0,1),c_primitive(lift-at,0))),c_primitive(served,0))))
n_count(c_not(c_and(c_all(r_inverse(r_primitive(origin,0,1)),c_bot),c_primitive(lift-at,0))))
n_count(c_not(c_and(c_all(r_primitive(origin,0,1),c_primitive(lift-at,0)),c_not(c_primitive(boarded,0)))))
n_count(c_not(c_and(c_all(r_primitive(destin,0,1),c_primitive(lift-at,0)),c_not(c_primitive(boarded,0)))))
n_count(c_not(c_and(c_all(r_primitive(above,0,1),c_primitive(lift-at,0)),c_not(c_primitive(boarded,0)))))
n_count(c_not(c_and(c_all(r_primitive(origin,0,1),c_primitive(lift-at,0)),c_not(c_primitive(served,0)))))
n_count(c_not(c_and(c_all(r_primitive(destin,0,1),c_primitive(lift-at,0)),c_not(c_primitive(served,0)))))
n_count(c_not(c_and(c_all(r_primitive(above,0,1),c_primitive(lift-at,0)),c_not(c_primitive(served,0)))))
n_count(c_not(c_and(c_equal(r_primitive(origin,0,1),r_primitive(origin_g,0,1)),c_not(c_primitive(lift-at,0)))))
n_count(c_not(c_and(c_all(r_primitive(origin,0,1),c_primitive(lift-at,0)),c_not(c_primitive(lift-at,0)))))
n_count(c_not(c_some(r_primitive(origin,0,1),c_some(r_inverse(r_primitive(destin,0,1)),c_primitive(boarded,0)))))
n_count(c_not(c_some(r_primitive(origin,0,1),c_some(r_inverse(r_primitive(destin,0,1)),c_primitive(served,0)))))
n_count(c_not(c_some(r_primitive(origin,0,1),c_some(r_inverse(r_primitive(above,0,1)),c_primitive(lift-at,0)))))
n_count(c_not(c_some(r_primitive(origin,0,1),c_all(r_inverse(r_primitive(above,0,1)),c_primitive(lift-at,0)))))
n_count(c_not(c_some(r_primitive(above,0,1),c_some(r_inverse(r_primitive(destin,0,1)),c_primitive(boarded,0)))))
n_count(c_not(c_some(r_primitive(above,0,1),c_some(r_inverse(r_primitive(destin,0,1)),c_primitive(served,0)))))
n_count(c_not(c_all(r_primitive(origin,0,1),c_some(r_inverse(r_primitive(destin,0,1)),c_primitive(boarded,0)))))
n_count(c_not(c_all(r_primitive(origin,0,1),c_some(r_inverse(r_primitive(destin,0,1)),c_primitive(served,0)))))
n_count(c_not(c_all(r_primitive(origin,0,1),c_some(r_inverse(r_primitive(above,0,1)),c_primitive(lift-at,0)))))
n_count(c_not(c_all(r_primitive(origin,0,1),c_all(r_inverse(r_primitive(above,0,1)),c_primitive(lift-at,0)))))
n_count(c_not(c_all(r_primitive(above,0,1),c_some(r_inverse(r_primitive(destin,0,1)),c_primitive(boarded,0)))))
n_count(c_not(c_all(r_primitive(above,0,1),c_some(r_inverse(r_primitive(destin,0,1)),c_primitive(served,0)))))
n_count(c_some(r_inverse(r_primitive(above,0,1)),c_all(r_inverse(r_primitive(origin,0,1)),c_bot)))
n_count(c_all(r_inverse(r_primitive(above,0,1)),c_some(r_inverse(r_primitive(origin,0,1)),c_top)))
n_count(c_all(r_inverse(r_primitive(above,0,1)),c_some(r_inverse(r_primitive(destin,0,1)),c_primitive(boarded,0))))
n_count(c_all(r_inverse(r_primitive(above,0,1)),c_some(r_inverse(r_primitive(destin,0,1)),c_primitive(served,0))))
n_concept_distance(c_primitive(lift-at,0),r_primitive(above,0,1),c_not(c_some(r_inverse(r_primitive(destin,0,1)),c_primitive(boarded,0))))
n_concept_distance(c_primitive(lift-at,0),r_primitive(above,0,1),c_not(c_some(r_inverse(r_primitive(destin,0,1)),c_primitive(served,0))))
n_concept_distance(c_some(r_primitive(destin,0,1),c_primitive(lift-at,0)),r_primitive(origin,0,1),c_some(r_primitive(origin,0,1),c_top))
n_concept_distance(c_some(r_primitive(destin,0,1),c_primitive(lift-at,0)),r_primitive(origin,0,1),c_some(r_primitive(above,0,1),c_top))
n_concept_distance(c_some(r_primitive(destin,0,1),c_primitive(lift-at,0)),r_primitive(origin_g,0,1),c_equal(r_primitive(origin,0,1),r_primitive(origin_g,0,1)))
n_concept_distance(c_not(c_all(r_primitive(destin,0,1),c_primitive(lift-at,0))),r_primitive(origin,0,1),c_not(c_primitive(boarded,0)))
n_concept_distance(c_not(c_all(r_primitive(destin,0,1),c_primitive(lift-at,0))),r_primitive(origin,0,1),c_not(c_primitive(served,0)))
n_concept_distance(c_some(r_primitive(destin,0,1),c_some(r_primitive(above,0,1),c_top)),r_primitive(origin,0,1),c_primitive(boarded,0))
n_concept_distance(c_some(r_primitive(destin,0,1),c_some(r_primitive(above,0,1),c_top)),r_primitive(origin,0,1),c_primitive(served,0))
n_concept_distance(c_some(r_primitive(destin,0,1),c_some(r_primitive(above,0,1),c_top)),r_primitive(origin,0,1),c_primitive(lift-at,0))
n_concept_distance(c_some(r_primitive(destin,0,1),c_some(r_primitive(above,0,1),c_top)),r_primitive(origin,0,1),c_primitive(floor,0))
n_concept_distance(c_some(r_primitive(destin,0,1),c_all(r_primitive(above,0,1),c_bot)),r_primitive(origin,0,1),c_primitive(boarded,0))
n_concept_distance(c_some(r_primitive(destin,0,1),c_all(r_primitive(above,0,1),c_bot)),r_primitive(origin,0,1),c_primitive(served,0))
n_concept_distance(c_some(r_primitive(destin,0,1),c_all(r_primitive(above,0,1),c_bot)),r_primitive(origin,0,1),c_primitive(lift-at,0))
n_concept_distance(c_some(r_primitive(destin,0,1),c_all(r_primitive(above,0,1),c_bot)),r_primitive(origin,0,1),c_primitive(floor,0))
n_count(c_and(c_not(c_some(r_primitive(destin,0,1),c_some(r_primitive(above,0,1),c_primitive(lift-at,0)))),c_primitive(boarded,0)))
n_count(c_and(c_not(c_some(r_primitive(destin,0,1),c_all(r_primitive(above,0,1),c_primitive(lift-at,0)))),c_primitive(boarded,0)))
n_count(c_and(c_primitive(boarded,0),c_some(r_primitive(destin,0,1),c_some(r_inverse(r_primitive(above,0,1)),c_primitive(lift-at,0)))))
n_count(c_and(c_primitive(boarded,0),c_some(r_primitive(destin,0,1),c_all(r_inverse(r_primitive(origin,0,1)),c_bot))))
n_count(c_and(c_primitive(boarded,0),c_some(r_primitive(destin,0,1),c_all(r_inverse(r_primitive(above,0,1)),c_primitive(lift-at,0)))))
n_count(c_and(c_not(c_some(r_primitive(destin,0,1),c_some(r_primitive(above,0,1),c_primitive(lift-at,0)))),c_primitive(served,0)))
n_count(c_and(c_not(c_some(r_primitive(destin,0,1),c_all(r_primitive(above,0,1),c_primitive(lift-at,0)))),c_primitive(served,0)))
n_count(c_and(c_primitive(served,0),c_some(r_primitive(destin,0,1),c_some(r_inverse(r_primitive(above,0,1)),c_primitive(lift-at,0)))))
n_count(c_and(c_primitive(served,0),c_some(r_primitive(destin,0,1),c_all(r_inverse(r_primitive(origin,0,1)),c_bot))))
n_count(c_and(c_primitive(served,0),c_some(r_primitive(destin,0,1),c_all(r_inverse(r_primitive(above,0,1)),c_primitive(lift-at,0)))))
n_count(c_and(c_and(c_all(r_primitive(origin,0,1),c_primitive(lift-at,0)),c_not(c_primitive(boarded,0))),c_primitive(served_g,0)))
n_count(c_and(c_and(c_all(r_primitive(origin,0,1),c_primitive(lift-at,0)),c_not(c_primitive(served,0))),c_primitive(served_g,0)))
n_count(c_and(c_not(c_and(c_primitive(boarded,0),c_some(r_primitive(destin,0,1),c_primitive(lift-at,0)))),c_primitive(served_g,0)))
n_count(c_and(c_not(c_and(c_primitive(served,0),c_some(r_primitive(destin,0,1),c_primitive(lift-at,0)))),c_primitive(served_g,0)))
n_count(c_and(c_not(c_some(r_primitive(origin,0,1),c_some(r_primitive(above,0,1),c_primitive(lift-at,0)))),c_primitive(served_g,0)))
n_count(c_and(c_not(c_some(r_primitive(origin,0,1),c_all(r_primitive(above,0,1),c_primitive(lift-at,0)))),c_primitive(served_g,0)))
n_count(c_and(c_all(r_primitive(origin,0,1),c_some(r_inverse(r_primitive(destin,0,1)),c_primitive(boarded,0))),c_primitive(served_g,0)))
n_count(c_and(c_all(r_primitive(origin,0,1),c_some(r_inverse(r_primitive(destin,0,1)),c_primitive(served,0))),c_primitive(served_g,0)))
n_count(c_and(c_all(r_primitive(origin,0,1),c_some(r_inverse(r_primitive(above,0,1)),c_primitive(lift-at,0))),c_primitive(served_g,0)))
n_count(c_and(c_all(r_primitive(origin,0,1),c_all(r_inverse(r_primitive(above,0,1)),c_primitive(lift-at,0))),c_primitive(served_g,0)))
n_count(c_and(c_primitive(lift-at,0),c_some(r_primitive(above,0,1),c_all(r_inverse(r_primitive(origin,0,1)),c_bot))))
n_count(c_and(c_all(r_primitive(above,0,1),c_some(r_inverse(r_primitive(origin,0,1)),c_top)),c_primitive(lift-at,0)))
n_count(c_and(c_all(r_primitive(above,0,1),c_some(r_inverse(r_primitive(destin,0,1)),c_primitive(boarded,0))),c_primitive(lift-at,0)))
n_count(c_and(c_all(r_primitive(above,0,1),c_some(r_inverse(r_primitive(destin,0,1)),c_primitive(served,0))),c_primitive(lift-at,0)))
n_count(c_and(c_all(r_primitive(above,0,1),c_all(r_inverse(r_primitive(origin,0,1)),c_bot)),c_primitive(lift-at,0)))
n_count(c_and(c_all(r_primitive(above,0,1),c_some(r_inverse(r_primitive(origin,0,1)),c_top)),c_primitive(floor,0)))
n_count(c_and(c_all(r_primitive(above,0,1),c_some(r_inverse(r_primitive(destin,0,1)),c_primitive(boarded,0))),c_primitive(floor,0)))
n_count(c_and(c_all(r_primitive(above,0,1),c_some(r_inverse(r_primitive(destin,0,1)),c_primitive(served,0))),c_primitive(floor,0)))
n_count(c_and(c_not(c_primitive(boarded,0)),c_not(c_some(r_inverse(r_primitive(destin,0,1)),c_primitive(boarded,0)))))
n_count(c_and(c_not(c_primitive(boarded,0)),c_some(r_primitive(destin,0,1),c_some(r_primitive(above,0,1),c_top))))
n_count(c_and(c_not(c_primitive(boarded,0)),c_some(r_primitive(destin,0,1),c_some(r_primitive(above,0,1),c_primitive(lift-at,0)))))
n_count(c_and(c_not(c_primitive(boarded,0)),c_some(r_primitive(destin,0,1),c_all(r_primitive(above,0,1),c_primitive(lift-at,0)))))
n_count(c_and(c_all(r_primitive(origin,0,1),c_some(r_primitive(above,0,1),c_top)),c_not(c_primitive(boarded,0))))
n_count(c_and(c_all(r_primitive(origin,0,1),c_some(r_primitive(above,0,1),c_primitive(lift-at,0))),c_not(c_primitive(boarded,0))))
n_count(c_and(c_all(r_primitive(origin,0,1),c_all(r_primitive(above,0,1),c_bot)),c_not(c_primitive(boarded,0))))
n_count(c_and(c_all(r_primitive(origin,0,1),c_all(r_primitive(above,0,1),c_primitive(lift-at,0))),c_not(c_primitive(boarded,0))))
n_count(c_and(c_all(r_primitive(destin,0,1),c_some(r_primitive(above,0,1),c_top)),c_not(c_primitive(boarded,0))))
n_count(c_and(c_all(r_primitive(destin,0,1),c_some(r_primitive(above,0,1),c_primitive(lift-at,0))),c_not(c_primitive(boarded,0))))
n_count(c_and(c_all(r_primitive(destin,0,1),c_all(r_primitive(above,0,1),c_bot)),c_not(c_primitive(boarded,0))))
n_count(c_and(c_all(r_primitive(destin,0,1),c_all(r_primitive(above,0,1),c_primitive(lift-at,0))),c_not(c_primitive(boarded,0))))
n_count(c_and(c_not(c_primitive(served,0)),c_not(c_some(r_inverse(r_primitive(destin,0,1)),c_primitive(served,0)))))
n_count(c_and(c_not(c_primitive(served,0)),c_some(r_primitive(destin,0,1),c_some(r_primitive(above,0,1),c_top))))
n_count(c_and(c_not(c_primitive(served,0)),c_some(r_primitive(destin,0,1),c_some(r_primitive(above,0,1),c_primitive(lift-at,0)))))
n_count(c_and(c_not(c_primitive(served,0)),c_some(r_primitive(destin,0,1),c_all(r_primitive(above,0,1),c_primitive(lift-at,0)))))
n_count(c_and(c_all(r_primitive(origin,0,1),c_some(r_primitive(above,0,1),c_top)),c_not(c_primitive(served,0))))
n_count(c_and(c_all(r_primitive(origin,0,1),c_some(r_primitive(above,0,1),c_primitive(lift-at,0))),c_not(c_primitive(served,0))))
n_count(c_and(c_all(r_primitive(origin,0,1),c_all(r_primitive(above,0,1),c_bot)),c_not(c_primitive(served,0))))
n_count(c_and(c_all(r_primitive(origin,0,1),c_all(r_primitive(above,0,1),c_primitive(lift-at,0))),c_not(c_primitive(served,0))))
n_count(c_and(c_all(r_primitive(destin,0,1),c_some(r_primitive(above,0,1),c_top)),c_not(c_primitive(served,0))))
n_count(c_and(c_all(r_primitive(destin,0,1),c_some(r_primitive(above,0,1),c_primitive(lift-at,0))),c_not(c_primitive(served,0))))
n_count(c_and(c_all(r_primitive(destin,0,1),c_all(r_primitive(above,0,1),c_bot)),c_not(c_primitive(served,0))))
n_count(c_and(c_all(r_primitive(destin,0,1),c_all(r_primitive(above,0,1),c_primitive(lift-at,0))),c_not(c_primitive(served,0))))
n_count(c_and(c_all(r_primitive(origin,0,1),c_some(r_primitive(above,0,1),c_top)),c_not(c_primitive(lift-at,0))))
n_count(c_and(c_all(r_primitive(origin,0,1),c_some(r_primitive(above,0,1),c_primitive(lift-at,0))),c_not(c_primitive(lift-at,0))))
n_count(c_and(c_all(r_primitive(origin,0,1),c_all(r_primitive(above,0,1),c_bot)),c_not(c_primitive(lift-at,0))))
n_count(c_and(c_all(r_primitive(origin,0,1),c_all(r_primitive(above,0,1),c_primitive(lift-at,0))),c_not(c_primitive(lift-at,0))))
n_count(c_and(c_equal(r_primitive(origin,0,1),r_primitive(origin_g,0,1)),c_not(c_some(r_primitive(above,0,1),c_primitive(lift-at,0)))))
n_count(c_and(c_all(r_inverse(r_primitive(origin,0,1)),c_bot),c_equal(r_primitive(origin,0,1),r_primitive(origin_g,0,1))))
n_count(c_and(c_all(r_inverse(r_primitive(destin,0,1)),c_primitive(boarded,0)),c_equal(r_primitive(origin,0,1),r_primitive(origin_g,0,1))))
n_count(c_and(c_all(r_inverse(r_primitive(destin,0,1)),c_primitive(served,0)),c_equal(r_primitive(origin,0,1),r_primitive(origin_g,0,1))))
n_count(c_and(c_all(r_inverse(r_primitive(origin,0,1)),c_bot),c_some(r_primitive(above,0,1),c_primitive(lift-at,0))))
n_count(c_and(c_all(r_primitive(origin,0,1),c_primitive(lift-at,0)),c_not(c_some(r_primitive(above,0,1),c_primitive(lift-at,0)))))
n_count(c_and(c_all(r_inverse(r_primitive(origin,0,1)),c_bot),c_all(r_primitive(origin,0,1),c_primitive(lift-at,0))))
n_count(c_and(c_all(r_inverse(r_primitive(destin,0,1)),c_primitive(boarded,0)),c_all(r_primitive(origin,0,1),c_primitive(lift-at,0))))
n_count(c_and(c_all(r_inverse(r_primitive(destin,0,1)),c_primitive(served,0)),c_all(r_primitive(origin,0,1),c_primitive(lift-at,0))))
n_count(c_and(c_all(r_inverse(r_primitive(destin,0,1)),c_primitive(boarded,0)),c_all(r_primitive(above,0,1),c_bot)))
n_count(c_and(c_all(r_inverse(r_primitive(destin,0,1)),c_primitive(served,0)),c_all(r_primitive(above,0,1),c_bot)))
n_count(c_and(c_all(r_primitive(above,0,1),c_primitive(lift-at,0)),c_not(c_some(r_primitive(origin,0,1),c_primitive(lift-at,0)))))
n_count(c_and(c_all(r_inverse(r_primitive(origin,0,1)),c_bot),c_all(r_primitive(above,0,1),c_primitive(lift-at,0))))
n_count(c_and(c_all(r_inverse(r_primitive(destin,0,1)),c_primitive(boarded,0)),c_all(r_primitive(above,0,1),c_primitive(lift-at,0))))
n_count(c_and(c_all(r_inverse(r_primitive(destin,0,1)),c_primitive(served,0)),c_all(r_primitive(above,0,1),c_primitive(lift-at,0))))
n_count(c_not(c_and(c_primitive(boarded,0),c_some(r_primitive(destin,0,1),c_some(r_primitive(above,0,1),c_top)))))
n_count(c_not(c_and(c_primitive(boarded,0),c_some(r_primitive(destin,0,1),c_some(r_primitive(above,0,1),c_primitive(lift-at,0))))))
n_count(c_not(c_and(c_primitive(boarded,0),c_some(r_primitive(destin,0,1),c_all(r_primitive(above,0,1),c_primitive(lift-at,0))))))
n_count(c_not(c_and(c_primitive(served,0),c_some(r_primitive(destin,0,1),c_some(r_primitive(above,0,1),c_top)))))
n_count(c_not(c_and(c_primitive(served,0),c_some(r_primitive(destin,0,1),c_some(r_primitive(above,0,1),c_primitive(lift-at,0))))))
n_count(c_not(c_and(c_primitive(served,0),c_some(r_primitive(destin,0,1),c_all(r_primitive(above,0,1),c_primitive(lift-at,0))))))
n_count(c_not(c_and(c_all(r_primitive(origin,0,1),c_some(r_primitive(above,0,1),c_top)),c_primitive(served_g,0))))
n_count(c_not(c_and(c_all(r_primitive(origin,0,1),c_some(r_primitive(above,0,1),c_primitive(lift-at,0))),c_primitive(served_g,0))))
n_count(c_not(c_and(c_all(r_primitive(origin,0,1),c_all(r_primitive(above,0,1),c_bot)),c_primitive(served_g,0))))
n_count(c_not(c_and(c_all(r_primitive(origin,0,1),c_all(r_primitive(above,0,1),c_primitive(lift-at,0))),c_primitive(served_g,0))))
n_count(c_not(c_and(c_not(c_primitive(boarded,0)),c_not(c_some(r_primitive(destin,0,1),c_primitive(lift-at,0))))))
n_count(c_not(c_and(c_not(c_primitive(boarded,0)),c_not(c_some(r_primitive(above,0,1),c_primitive(lift-at,0))))))
n_count(c_not(c_and(c_not(c_all(r_primitive(destin,0,1),c_primitive(lift-at,0))),c_not(c_primitive(boarded,0)))))
n_count(c_not(c_and(c_not(c_primitive(served,0)),c_not(c_some(r_primitive(destin,0,1),c_primitive(lift-at,0))))))
n_count(c_not(c_and(c_not(c_primitive(served,0)),c_not(c_some(r_primitive(above,0,1),c_primitive(lift-at,0))))))
n_count(c_not(c_and(c_not(c_all(r_primitive(destin,0,1),c_primitive(lift-at,0))),c_not(c_primitive(served,0)))))
n_count(c_not(c_and(c_not(c_primitive(lift-at,0)),c_not(c_some(r_primitive(origin,0,1),c_primitive(lift-at,0))))))
n_count(c_not(c_and(c_all(r_inverse(r_primitive(destin,0,1)),c_primitive(boarded,0)),c_not(c_primitive(lift-at,0)))))
n_count(c_not(c_and(c_all(r_inverse(r_primitive(destin,0,1)),c_primitive(served,0)),c_not(c_primitive(lift-at,0)))))
n_count(c_not(c_and(c_equal(r_primitive(origin,0,1),r_primitive(origin_g,0,1)),c_some(r_primitive(destin,0,1),c_primitive(lift-at,0)))))
n_count(c_not(c_and(c_all(r_primitive(above,0,1),c_primitive(lift-at,0)),c_equal(r_primitive(origin,0,1),r_primitive(origin_g,0,1)))))
n_count(c_not(c_and(c_all(r_primitive(above,0,1),c_primitive(lift-at,0)),c_all(r_primitive(origin,0,1),c_primitive(lift-at,0)))))
n_count(c_some(r_primitive(origin,0,1),c_and(c_primitive(lift-at,0),c_some(r_inverse(r_primitive(destin,0,1)),c_primitive(boarded,0)))))
n_count(c_some(r_primitive(origin,0,1),c_and(c_primitive(lift-at,0),c_some(r_inverse(r_primitive(destin,0,1)),c_primitive(served,0)))))
n_count(c_some(r_primitive(origin,0,1),c_some(r_primitive(above,0,1),c_some(r_inverse(r_primitive(origin,0,1)),c_top))))
n_count(c_some(r_primitive(origin,0,1),c_some(r_primitive(above,0,1),c_all(r_inverse(r_primitive(origin,0,1)),c_bot))))
n_count(c_some(r_primitive(origin,0,1),c_some(r_inverse(r_primitive(destin,0,1)),c_equal(r_primitive(origin,0,1),r_primitive(origin_g,0,1)))))
n_count(c_some(r_primitive(origin,0,1),c_some(r_inverse(r_primitive(destin,0,1)),c_some(r_primitive(origin,0,1),c_top))))
n_count(c_some(r_primitive(origin,0,1),c_some(r_inverse(r_primitive(destin,0,1)),c_all(r_primitive(origin,0,1),c_primitive(lift-at,0)))))
n_count(c_some(r_primitive(origin,0,1),c_all(r_primitive(above,0,1),c_some(r_inverse(r_primitive(origin,0,1)),c_top))))
n_count(c_some(r_primitive(origin,0,1),c_all(r_inverse(r_restrict(r_primitive(destin,0,1),c_primitive(lift-at,0))),c_primitive(boarded,0))))
n_count(c_some(r_primitive(origin,0,1),c_all(r_inverse(r_restrict(r_primitive(destin,0,1),c_primitive(lift-at,0))),c_primitive(served,0))))
n_count(c_some(r_primitive(above,0,1),c_and(c_primitive(lift-at,0),c_some(r_inverse(r_primitive(destin,0,1)),c_primitive(boarded,0)))))
n_count(c_some(r_primitive(above,0,1),c_and(c_primitive(lift-at,0),c_some(r_inverse(r_primitive(destin,0,1)),c_primitive(served,0)))))
n_count(c_some(r_primitive(above,0,1),c_and(c_all(r_inverse(r_primitive(origin,0,1)),c_bot),c_primitive(lift-at,0))))
n_count(c_some(r_primitive(above,0,1),c_some(r_inverse(r_primitive(destin,0,1)),c_all(r_primitive(origin,0,1),c_primitive(lift-at,0)))))
n_count(c_some(r_primitive(above,0,1),c_all(r_inverse(r_primitive(origin,0,1)),c_some(r_primitive(destin,0,1),c_primitive(lift-at,0)))))
n_count(c_some(r_primitive(above,0,1),c_all(r_inverse(r_restrict(r_primitive(destin,0,1),c_primitive(lift-at,0))),c_primitive(boarded,0))))
n_count(c_some(r_primitive(above,0,1),c_all(r_inverse(r_restrict(r_primitive(destin,0,1),c_primitive(lift-at,0))),c_primitive(served,0))))
n_count(c_all(r_primitive(origin,0,1),c_and(c_primitive(lift-at,0),c_some(r_inverse(r_primitive(destin,0,1)),c_primitive(boarded,0)))))
n_count(c_all(r_primitive(origin,0,1),c_and(c_primitive(lift-at,0),c_some(r_inverse(r_primitive(destin,0,1)),c_primitive(served,0)))))
n_count(c_all(r_primitive(origin,0,1),c_some(r_primitive(above,0,1),c_some(r_inverse(r_primitive(origin,0,1)),c_top))))
n_count(c_all(r_primitive(origin,0,1),c_some(r_primitive(above,0,1),c_all(r_inverse(r_primitive(origin,0,1)),c_bot))))
n_count(c_all(r_primitive(origin,0,1),c_some(r_inverse(r_primitive(destin,0,1)),c_equal(r_primitive(origin,0,1),r_primitive(origin_g,0,1)))))
n_count(c_all(r_primitive(origin,0,1),c_some(r_inverse(r_primitive(destin,0,1)),c_some(r_primitive(origin,0,1),c_top))))
n_count(c_all(r_primitive(origin,0,1),c_some(r_inverse(r_primitive(destin,0,1)),c_all(r_primitive(origin,0,1),c_primitive(lift-at,0)))))
n_count(c_all(r_primitive(origin,0,1),c_all(r_primitive(above,0,1),c_some(r_inverse(r_primitive(origin,0,1)),c_top))))
n_count(c_all(r_primitive(origin,0,1),c_all(r_inverse(r_restrict(r_primitive(destin,0,1),c_primitive(lift-at,0))),c_primitive(boarded,0))))
n_count(c_all(r_primitive(origin,0,1),c_all(r_inverse(r_restrict(r_primitive(destin,0,1),c_primitive(lift-at,0))),c_primitive(served,0))))
n_count(c_all(r_primitive(destin,0,1),c_and(c_primitive(lift-at,0),c_some(r_inverse(r_primitive(destin,0,1)),c_primitive(boarded,0)))))
n_count(c_all(r_primitive(destin,0,1),c_and(c_primitive(lift-at,0),c_some(r_inverse(r_primitive(destin,0,1)),c_primitive(served,0)))))
n_count(c_all(r_primitive(above,0,1),c_and(c_primitive(lift-at,0),c_some(r_inverse(r_primitive(origin,0,1)),c_top))))
n_count(c_all(r_primitive(above,0,1),c_and(c_primitive(lift-at,0),c_some(r_inverse(r_primitive(destin,0,1)),c_primitive(boarded,0)))))
n_count(c_all(r_primitive(above,0,1),c_and(c_primitive(lift-at,0),c_some(r_inverse(r_primitive(destin,0,1)),c_primitive(served,0)))))
n_count(c_all(r_primitive(above,0,1),c_and(c_all(r_inverse(r_primitive(origin,0,1)),c_bot),c_primitive(lift-at,0))))
n_count(c_all(r_primitive(above,0,1),c_some(r_inverse(r_primitive(origin,0,1)),c_some(r_primitive(destin,0,1),c_primitive(lift-at,0)))))
n_count(c_all(r_primitive(above,0,1),c_some(r_inverse(r_primitive(destin,0,1)),c_some(r_primitive(origin,0,1),c_primitive(lift-at,0)))))
n_count(c_all(r_primitive(above,0,1),c_all(r_inverse(r_restrict(r_primitive(destin,0,1),c_primitive(lift-at,0))),c_primitive(boarded,0))))
n_count(c_all(r_primitive(above,0,1),c_all(r_inverse(r_restrict(r_primitive(destin,0,1),c_primitive(lift-at,0))),c_primitive(served,0))))
n_count(c_all(r_inverse(r_primitive(destin,0,1)),c_some(r_primitive(origin,0,1),c_some(r_primitive(above,0,1),c_primitive(lift-at,0)))))
n_count(c_all(r_inverse(r_primitive(destin,0,1)),c_some(r_primitive(origin,0,1),c_all(r_primitive(above,0,1),c_primitive(lift-at,0)))))
n_count(c_all(r_restrict(r_primitive(above,0,1),c_primitive(lift-at,0)),c_some(r_inverse(r_primitive(origin,0,1)),c_top)))
n_concept_distance(c_primitive(lift-at,0),r_primitive(origin,0,1),c_some(r_primitive(above,0,1),c_some(r_inverse(r_primitive(origin,0,1)),c_top)))
n_concept_distance(c_primitive(lift-at,0),r_primitive(origin,0,1),c_some(r_primitive(above,0,1),c_some(r_inverse(r_primitive(destin,0,1)),c_primitive(boarded,0))))
n_concept_distance(c_primitive(lift-at,0),r_primitive(origin,0,1),c_some(r_primitive(above,0,1),c_some(r_inverse(r_primitive(destin,0,1)),c_primitive(served,0))))
n_concept_distance(c_primitive(lift-at,0),r_primitive(origin,0,1),c_some(r_primitive(above,0,1),c_all(r_inverse(r_primitive(origin,0,1)),c_bot)))
n_concept_distance(c_primitive(lift-at,0),r_primitive(origin,0,1),c_all(r_primitive(above,0,1),c_some(r_inverse(r_primitive(origin,0,1)),c_top)))
n_concept_distance(c_primitive(lift-at,0),r_primitive(origin,0,1),c_all(r_primitive(above,0,1),c_some(r_inverse(r_primitive(destin,0,1)),c_primitive(boarded,0))))
n_concept_distance(c_primitive(lift-at,0),r_primitive(origin,0,1),c_all(r_primitive(above,0,1),c_some(r_inverse(r_primitive(destin,0,1)),c_primitive(served,0))))
n_concept_distance(c_primitive(lift-at,0),r_primitive(origin,0,1),c_all(r_primitive(above,0,1),c_all(r_inverse(r_primitive(origin,0,1)),c_bot)))
n_concept_distance(c_primitive(lift-at,0),r_primitive(above,0,1),c_some(r_inverse(r_primitive(origin,0,1)),c_some(r_primitive(destin,0,1),c_primitive(lift-at,0))))
n_concept_distance(c_primitive(lift-at,0),r_primitive(above,0,1),c_some(r_inverse(r_primitive(destin,0,1)),c_equal(r_primitive(origin,0,1),r_primitive(origin_g,0,1))))
n_concept_distance(c_primitive(lift-at,0),r_primitive(above,0,1),c_some(r_inverse(r_primitive(destin,0,1)),c_some(r_primitive(origin,0,1),c_top)))
n_concept_distance(c_primitive(lift-at,0),r_primitive(above,0,1),c_some(r_inverse(r_primitive(destin,0,1)),c_all(r_primitive(origin,0,1),c_primitive(lift-at,0))))
n_concept_distance(c_primitive(lift-at,0),r_primitive(above,0,1),c_all(r_primitive(above,0,1),c_some(r_inverse(r_primitive(destin,0,1)),c_primitive(boarded,0))))
n_concept_distance(c_primitive(lift-at,0),r_primitive(above,0,1),c_all(r_primitive(above,0,1),c_some(r_inverse(r_primitive(destin,0,1)),c_primitive(served,0))))
n_concept_distance(c_primitive(lift-at,0),r_primitive(above,0,1),c_all(r_inverse(r_primitive(origin,0,1)),c_some(r_primitive(destin,0,1),c_primitive(lift-at,0))))
n_concept_distance(c_primitive(lift-at,0),r_primitive(above,0,1),c_all(r_inverse(r_restrict(r_primitive(destin,0,1),c_primitive(lift-at,0))),c_primitive(boarded,0)))
n_concept_distance(c_primitive(lift-at,0),r_primitive(above,0,1),c_all(r_inverse(r_restrict(r_primitive(destin,0,1),c_primitive(lift-at,0))),c_primitive(served,0)))
n_concept_distance(c_some(r_primitive(destin,0,1),c_primitive(lift-at,0)),r_primitive(origin,0,1),c_some(r_inverse(r_primitive(destin,0,1)),c_primitive(boarded,0)))
n_concept_distance(c_some(r_primitive(destin,0,1),c_primitive(lift-at,0)),r_primitive(origin,0,1),c_some(r_inverse(r_primitive(destin,0,1)),c_primitive(served,0)))
n_concept_distance(c_some(r_primitive(destin,0,1),c_primitive(lift-at,0)),r_primitive(destin,0,1),c_some(r_inverse(r_primitive(destin,0,1)),c_primitive(boarded,0)))
n_concept_distance(c_some(r_primitive(destin,0,1),c_primitive(lift-at,0)),r_primitive(destin,0,1),c_some(r_inverse(r_primitive(destin,0,1)),c_primitive(served,0)))
n_concept_distance(c_some(r_primitive(above,0,1),c_top),r_primitive(origin,0,1),c_some(r_inverse(r_primitive(origin,0,1)),c_top))
n_concept_distance(c_some(r_primitive(above,0,1),c_top),r_primitive(origin,0,1),c_all(r_inverse(r_primitive(origin,0,1)),c_bot))
n_concept_distance(c_some(r_primitive(above,0,1),c_top),r_primitive(above,0,1),c_some(r_inverse(r_primitive(origin,0,1)),c_top))
n_concept_distance(c_some(r_primitive(above,0,1),c_top),r_primitive(above,0,1),c_some(r_inverse(r_primitive(destin,0,1)),c_primitive(boarded,0)))
n_concept_distance(c_some(r_primitive(above,0,1),c_top),r_primitive(above,0,1),c_some(r_inverse(r_primitive(destin,0,1)),c_primitive(served,0)))
n_concept_distance(c_some(r_primitive(above,0,1),c_top),r_primitive(above,0,1),c_all(r_inverse(r_primitive(origin,0,1)),c_bot))
n_concept_distance(c_some(r_primitive(destin,0,1),c_some(r_primitive(above,0,1),c_top)),r_primitive(origin,0,1),c_not(c_primitive(boarded,0)))
n_concept_distance(c_some(r_primitive(destin,0,1),c_some(r_primitive(above,0,1),c_top)),r_primitive(origin,0,1),c_not(c_primitive(served,0)))
n_concept_distance(c_some(r_primitive(destin,0,1),c_all(r_primitive(above,0,1),c_bot)),r_primitive(origin,0,1),c_not(c_primitive(boarded,0)))
n_concept_distance(c_some(r_primitive(destin,0,1),c_all(r_primitive(above,0,1),c_bot)),r_primitive(origin,0,1),c_not(c_primitive(served,0)))
Number of selected training instances: 1
Sum of number of states in selected training instances: 18
Max of number of states in selected training instances: 18
Number of features in the pool: 429
Resulting sketch:
(:policy
(:boolean_features )
(:numerical_features "n_count(c_primitive(boarded,0))" "n_count(r_primitive(origin,0,1))")
(:rule (:conditions (:c_n_eq 0) (:c_n_gt 1)) (:effects (:e_n_bot 0) (:e_n_dec 1)))
(:rule (:conditions (:c_n_eq 1) (:c_n_gt 0)) (:effects (:e_n_bot 1) (:e_n_dec 0)))
(:rule (:conditions (:c_n_gt 0) (:c_n_gt 1)) (:effects (:e_n_bot 0) (:e_n_dec 1)))
(:rule (:conditions (:c_n_gt 0) (:c_n_gt 1)) (:effects (:e_n_bot 1) (:e_n_dec 0)))
(:rule (:conditions (:c_n_gt 0) (:c_n_gt 1)) (:effects (:e_n_dec 1) (:e_n_inc 0)))
)
Numer of sketch rules: 5
Number of selected features: 2
Maximum complexity of selected feature: 2
Resulting sketch minimized:
(:policy
(:boolean_features )
(:numerical_features "n_count(c_primitive(boarded,0))" "n_count(r_primitive(origin,0,1))")
(:rule (:conditions (:c_n_gt 0) (:c_n_gt 1)) (:effects (:e_n_dec 1) (:e_n_inc 0)))
(:rule (:conditions (:c_n_gt 0)) (:effects (:e_n_bot 1) (:e_n_dec 0)))
(:rule (:conditions (:c_n_gt 1)) (:effects (:e_n_bot 0) (:e_n_dec 1)))
)
Numer of sketch rules: 3
Number of selected features: 2
Maximum complexity of selected feature: 2
Summary:
Resulting sketch:
(:policy
(:boolean_features )
(:numerical_features "n_count(c_primitive(boarded,0))" "n_count(r_primitive(origin,0,1))")
(:rule (:conditions (:c_n_eq 0) (:c_n_gt 1)) (:effects (:e_n_bot 0) (:e_n_dec 1)))
(:rule (:conditions (:c_n_eq 1) (:c_n_gt 0)) (:effects (:e_n_bot 1) (:e_n_dec 0)))
(:rule (:conditions (:c_n_gt 0) (:c_n_gt 1)) (:effects (:e_n_bot 0) (:e_n_dec 1)))
(:rule (:conditions (:c_n_gt 0) (:c_n_gt 1)) (:effects (:e_n_bot 1) (:e_n_dec 0)))
(:rule (:conditions (:c_n_gt 0) (:c_n_gt 1)) (:effects (:e_n_dec 1) (:e_n_inc 0)))
)
Numer of sketch rules: 5
Number of selected features: 2
Maximum complexity of selected feature: 2
Resulting structurally minimized sketch:
(:policy
(:boolean_features )
(:numerical_features "n_count(c_primitive(boarded,0))" "n_count(r_primitive(origin,0,1))")
(:rule (:conditions (:c_n_gt 0) (:c_n_gt 1)) (:effects (:e_n_dec 1) (:e_n_inc 0)))
(:rule (:conditions (:c_n_gt 0)) (:effects (:e_n_bot 1) (:e_n_dec 0)))
(:rule (:conditions (:c_n_gt 1)) (:effects (:e_n_bot 0) (:e_n_dec 1)))
)
Numer of sketch rules: 3
Number of selected features: 2
Maximum complexity of selected feature: 2
Number of training instances: 45
Number of selected training instances: 1
Number of states in selected training instances: 18
Max number of states in selected training instance: 18
Number of features in the pool: 429
RESOURCES FOR PREPROCESSING: 10.22 CPU sec - 357.22 MB
RESOURCES FOR LEARNING: 38.56 CPU sec - 357.22 MB
================================================================================
END OF STEP #1: Incremental learning module. 48.95 CPU sec - 413.49 MB
================================================================================
