Changing working directory:  /proj/ssiw/projects/code/sketch-learner/learning/d2l/workspace/blocks_4_sketch_clear_0_0_9_9_9_9_9
Creating sym link: /proj/ssiw/projects/code/sketch-learner/learning/d2l/libs/dlplan/libs/scorpion/fast-downward.py /proj/ssiw/projects/code/sketch-learner/learning/d2l/workspace/blocks_4_sketch_clear_0_0_9_9_9_9_9/fast-downward.py
================================================================================
SLTP v.0.2.0
================================================================================
================================================================================
(pid: 190938) STARTING STEP #1: Incremental learning module
================================================================================
2022-11-17 12:10:34 INFO     [40m[34mInitializing DomainData...[0m
2022-11-17 12:10:34 INFO     Constructing DomainData for filename /proj/ssiw/projects/code/sketch-learner/learning/d2l/benchmarks/blocks_4_clear/domain.pddl
2022-11-17 12:10:34 INFO     [40m[34m..done[0m
2022-11-17 12:10:34 INFO     [40m[34mInitializing InstanceDatas...[0m
2022-11-17 12:10:34 INFO     Constructing InstanceData for filename /proj/ssiw/projects/code/sketch-learner/learning/d2l/benchmarks/blocks_4_clear/p-2-0.pddl
Num states: 5
2022-11-17 12:10:35 INFO     Constructing InstanceData for filename /proj/ssiw/projects/code/sketch-learner/learning/d2l/benchmarks/blocks_4_clear/p-3-0.pddl
Num states: 22
2022-11-17 12:10:35 INFO     Constructing InstanceData for filename /proj/ssiw/projects/code/sketch-learner/learning/d2l/benchmarks/blocks_4_clear/p-4-0.pddl
Num states: 125
2022-11-17 12:10:36 INFO     [40m[34m..done[0m
2022-11-17 12:10:36 INFO     [40m[34mInitializing TupleGraphs...[0m
2022-11-17 12:10:36 INFO     [40m[34m..done[0m

2022-11-17 12:10:36 INFO     [40m[31mIteration: 0[0m
Number of selected instances: 1
Selected instances:
    id: 0 name: p-2-0
initial states: [1, 4]
2022-11-17 12:10:36 INFO     [40m[34mInitializing DomainFeatureData...[0m
[t=4.73375s, 1329848 KB] Started generating base features of complexity 1.
[t=4.73441s, 1329848 KB] Complexity 1:
    b_nullary: 2
    c_one_of: 0
    c_top: 1
    c_bot: 1
    c_primitive: 4
    r_primitive: 2
    c_and: 0
    c_not: 0
    c_equal: 0
    c_some: 0
    c_all: 0
    r_restrict: 0
    r_and: 0
    r_inverse: 0
    r_transitive_closure: 0
    b_empty: 0
    n_count: 0
    n_concept_distance: 0
[t=4.73466s, 1329848 KB] Finished generating base features.
[t=4.73473s, 1329848 KB] Started generating composite features. 
[t=4.73508s, 1329848 KB] Complexity 2:
Total concept elements: 10
Total role elements: 3
Total numerical elements: 6
Total boolean elements: 4
    b_nullary: 2
    c_one_of: 0
    c_top: 1
    c_bot: 1
    c_primitive: 4
    r_primitive: 2
    c_and: 0
    c_not: 4
    c_equal: 0
    c_some: 0
    c_all: 0
    r_restrict: 0
    r_and: 0
    r_inverse: 1
    r_transitive_closure: 0
    b_empty: 2
    n_count: 6
    n_concept_distance: 0
[t=4.73615s, 1329848 KB] Complexity 3:
Total concept elements: 18
Total role elements: 4
Total numerical elements: 8
Total boolean elements: 5
    b_nullary: 2
    c_one_of: 0
    c_top: 1
    c_bot: 1
    c_primitive: 4
    r_primitive: 2
    c_and: 4
    c_not: 4
    c_equal: 1
    c_some: 2
    c_all: 1
    r_restrict: 1
    r_and: 0
    r_inverse: 1
    r_transitive_closure: 0
    b_empty: 3
    n_count: 8
    n_concept_distance: 0
[t=4.73751s, 1329848 KB] Complexity 4:
Total concept elements: 34
Total role elements: 5
Total numerical elements: 20
Total boolean elements: 10
    b_nullary: 2
    c_one_of: 0
    c_top: 1
    c_bot: 1
    c_primitive: 4
    r_primitive: 2
    c_and: 11
    c_not: 10
    c_equal: 1
    c_some: 3
    c_all: 3
    r_restrict: 1
    r_and: 0
    r_inverse: 2
    r_transitive_closure: 0
    b_empty: 8
    n_count: 15
    n_concept_distance: 5
[t=4.74008s, 1329848 KB] Complexity 5:
Total concept elements: 48
Total role elements: 5
Total numerical elements: 42
Total boolean elements: 17
    b_nullary: 2
    c_one_of: 0
    c_top: 1
    c_bot: 1
    c_primitive: 4
    r_primitive: 2
    c_and: 17
    c_not: 18
    c_equal: 1
    c_some: 3
    c_all: 3
    r_restrict: 1
    r_and: 0
    r_inverse: 2
    r_transitive_closure: 0
    b_empty: 15
    n_count: 27
    n_concept_distance: 15
[t=4.74481s, 1329848 KB] Complexity 6:
Total concept elements: 64
Total role elements: 5
Total numerical elements: 61
Total boolean elements: 22
    b_nullary: 2
    c_one_of: 0
    c_top: 1
    c_bot: 1
    c_primitive: 4
    r_primitive: 2
    c_and: 27
    c_not: 24
    c_equal: 1
    c_some: 3
    c_all: 3
    r_restrict: 1
    r_and: 0
    r_inverse: 2
    r_transitive_closure: 0
    b_empty: 20
    n_count: 39
    n_concept_distance: 22
[t=4.7494s, 1329848 KB] Complexity 7:
Total concept elements: 86
Total role elements: 5
Total numerical elements: 78
Total boolean elements: 26
    b_nullary: 2
    c_one_of: 0
    c_top: 1
    c_bot: 1
    c_primitive: 4
    r_primitive: 2
    c_and: 41
    c_not: 32
    c_equal: 1
    c_some: 3
    c_all: 3
    r_restrict: 1
    r_and: 0
    r_inverse: 2
    r_transitive_closure: 0
    b_empty: 24
    n_count: 51
    n_concept_distance: 27
[t=4.75505s, 1329848 KB] Complexity 8:
Total concept elements: 107
Total role elements: 5
Total numerical elements: 91
Total boolean elements: 28
    b_nullary: 2
    c_one_of: 0
    c_top: 1
    c_bot: 1
    c_primitive: 4
    r_primitive: 2
    c_and: 54
    c_not: 40
    c_equal: 1
    c_some: 3
    c_all: 3
    r_restrict: 1
    r_and: 0
    r_inverse: 2
    r_transitive_closure: 0
    b_empty: 26
    n_count: 61
    n_concept_distance: 30
[t=4.76202s, 1329848 KB] Complexity 9:
Total concept elements: 123
Total role elements: 5
Total numerical elements: 101
Total boolean elements: 28
    b_nullary: 2
    c_one_of: 0
    c_top: 1
    c_bot: 1
    c_primitive: 4
    r_primitive: 2
    c_and: 69
    c_not: 41
    c_equal: 1
    c_some: 3
    c_all: 3
    r_restrict: 1
    r_and: 0
    r_inverse: 2
    r_transitive_closure: 0
    b_empty: 26
    n_count: 70
    n_concept_distance: 31
[t=4.76215s, 1329848 KB] Finished generating composite features.
DomainFeatureDataStatistics:
    num_dlplan_states: 5
    num_boolean_features: 28
    num_numerical_features: 101
2022-11-17 12:10:36 INFO     [40m[34m..done[0m
2022-11-17 12:10:36 INFO     [40m[34mInitializing InstanceFeatureDatas...[0m
2022-11-17 12:10:36 INFO     [40m[34m..done[0m
2022-11-17 12:10:36 INFO     [40m[34mInitializing StatePairEquivalenceDatas...[0m
2022-11-17 12:10:36 INFO     [40m[34m..done[0m
2022-11-17 12:10:36 INFO     [40m[34mInitializing TupleGraphEquivalences...[0m
2022-11-17 12:10:36 INFO     [40m[34m..done[0m
2022-11-17 12:10:36 INFO     [40m[34mInitializing TupleGraphEquivalenceMinimizer...[0m
Num subgoals: 7
Num of selected subgoals: 3
Num rules: 3
Num of selected rules: 3
Num subgoals: 6
Num of selected subgoals: 2
Num rules: 2
Num of selected rules: 2
2022-11-17 12:10:36 INFO     [40m[34m..done[0m
Number of initial D2 facts: 4
Number of D2 facts: 4 of 25
2022-11-17 12:10:36 INFO     [40m[34mGrounding Logic Program...[0m
2022-11-17 12:10:36 INFO     [40m[34m..done[0m
2022-11-17 12:10:36 INFO     [40m[34mSolving Logic Program...[0m
2022-11-17 12:10:36 INFO     [40m[34m..done[0m
Clingo statistics:
Total time:  0.03453803062438965
CPU time:  0.06622799999999998
Solve time:  0.0076580047607421875
2022-11-17 12:10:36 INFO     Learned the following sketch:
(:policy
(:boolean_features )
(:numerical_features "n_count(c_and(c_primitive(clear,0),c_primitive(clear_g,0)))")
(:rule (:conditions (:c_n_eq 0)) (:effects (:e_n_inc 0)))
)
Numer of sketch rules: 1
Number of selected features: 1
Maximum complexity of selected feature: 4
2022-11-17 12:10:36 INFO     [40m[34mVerifying learned sketch...[0m
[40m[31mSketch fails to bound width of a state[0m
Instance: 1 p-3-0
Source_state: 21 (instance index=1, state index=21, atoms={on-table(b1), on(b2,b3), on(b3,b1), clear(b2), arm-empty()})
2022-11-17 12:10:36 INFO     [40m[34m..done[0m
2022-11-17 12:10:36 INFO     [40m[33mIteration summary:[0m
DomainFeatureDataStatistics:
    num_dlplan_states: 5
    num_boolean_features: 28
    num_numerical_features: 101
StatePairEquivalenceStatistics:
    num_state_pairs: 5
    num_equivalences: 5
TupleGraphEquivalenceMinimizerStatistics:
    Number of input tuples: 13
    Number of output tuples: 5
Smallest unsolved instance: 1
Selected instances: [1]

2022-11-17 12:10:36 INFO     [40m[31mIteration: 1[0m
Number of selected instances: 1
Selected instances:
    id: 1 name: p-3-0
initial states: [1, 5, 10, 12, 13, 14, 15, 16, 17, 19, 21]
2022-11-17 12:10:36 INFO     [40m[34mInitializing DomainFeatureData...[0m
[t=4.82233s, 3519980 KB] Started generating base features of complexity 1.
[t=4.82254s, 3519980 KB] Complexity 1:
    b_nullary: 2
    c_one_of: 0
    c_top: 1
    c_bot: 1
    c_primitive: 4
    r_primitive: 2
    c_and: 0
    c_not: 0
    c_equal: 0
    c_some: 0
    c_all: 0
    r_restrict: 0
    r_and: 0
    r_inverse: 0
    r_transitive_closure: 0
    b_empty: 0
    n_count: 0
    n_concept_distance: 0
[t=4.82269s, 3519980 KB] Finished generating base features.
[t=4.82274s, 3519980 KB] Started generating composite features. 
[t=4.8229s, 3519980 KB] Complexity 2:
Total concept elements: 10
Total role elements: 4
Total numerical elements: 6
Total boolean elements: 4
    b_nullary: 2
    c_one_of: 0
    c_top: 1
    c_bot: 1
    c_primitive: 4
    r_primitive: 2
    c_and: 0
    c_not: 4
    c_equal: 0
    c_some: 0
    c_all: 0
    r_restrict: 0
    r_and: 0
    r_inverse: 1
    r_transitive_closure: 1
    b_empty: 2
    n_count: 6
    n_concept_distance: 0
[t=4.82361s, 3519980 KB] Complexity 3:
Total concept elements: 20
Total role elements: 7
Total numerical elements: 10
Total boolean elements: 5
    b_nullary: 2
    c_one_of: 0
    c_top: 1
    c_bot: 1
    c_primitive: 4
    r_primitive: 2
    c_and: 4
    c_not: 4
    c_equal: 1
    c_some: 3
    c_all: 2
    r_restrict: 2
    r_and: 0
    r_inverse: 2
    r_transitive_closure: 1
    b_empty: 3
    n_count: 10
    n_concept_distance: 0
[t=4.82459s, 3519980 KB] Complexity 4:
Total concept elements: 44
Total role elements: 9
Total numerical elements: 24
Total boolean elements: 10
    b_nullary: 2
    c_one_of: 0
    c_top: 1
    c_bot: 1
    c_primitive: 4
    r_primitive: 2
    c_and: 12
    c_not: 12
    c_equal: 1
    c_some: 7
    c_all: 6
    r_restrict: 2
    r_and: 0
    r_inverse: 4
    r_transitive_closure: 1
    b_empty: 8
    n_count: 19
    n_concept_distance: 5
[t=4.82679s, 3519980 KB] Complexity 5:
Total concept elements: 80
Total role elements: 9
Total numerical elements: 47
Total boolean elements: 19
    b_nullary: 2
    c_one_of: 0
    c_top: 1
    c_bot: 1
    c_primitive: 4
    r_primitive: 2
    c_and: 25
    c_not: 26
    c_equal: 1
    c_some: 11
    c_all: 11
    r_restrict: 2
    r_and: 0
    r_inverse: 4
    r_transitive_closure: 1
    b_empty: 17
    n_count: 37
    n_concept_distance: 10
[t=4.8316s, 3519980 KB] Complexity 6:
Total concept elements: 146
Total role elements: 9
Total numerical elements: 86
Total boolean elements: 33
    b_nullary: 2
    c_one_of: 0
    c_top: 1
    c_bot: 1
    c_primitive: 4
    r_primitive: 2
    c_and: 59
    c_not: 48
    c_equal: 1
    c_some: 13
    c_all: 19
    r_restrict: 2
    r_and: 0
    r_inverse: 4
    r_transitive_closure: 1
    b_empty: 31
    n_count: 68
    n_concept_distance: 18
[t=4.84003s, 3519980 KB] Complexity 7:
Total concept elements: 260
Total role elements: 10
Total numerical elements: 147
Total boolean elements: 50
    b_nullary: 2
    c_one_of: 0
    c_top: 1
    c_bot: 1
    c_primitive: 4
    r_primitive: 2
    c_and: 118
    c_not: 79
    c_equal: 1
    c_some: 24
    c_all: 32
    r_restrict: 2
    r_and: 1
    r_inverse: 4
    r_transitive_closure: 1
    b_empty: 48
    n_count: 113
    n_concept_distance: 34
[t=4.85711s, 3519980 KB] Complexity 8:
Total concept elements: 447
Total role elements: 11
Total numerical elements: 241
Total boolean elements: 76
    b_nullary: 2
    c_one_of: 0
    c_top: 1
    c_bot: 1
    c_primitive: 4
    r_primitive: 2
    c_and: 218
    c_not: 148
    c_equal: 1
    c_some: 33
    c_all: 41
    r_restrict: 2
    r_and: 1
    r_inverse: 5
    r_transitive_closure: 1
    b_empty: 74
    n_count: 191
    n_concept_distance: 50
[t=4.89046s, 3519980 KB] Complexity 9:
Total concept elements: 735
Total role elements: 11
Total numerical elements: 393
Total boolean elements: 110
    b_nullary: 2
    c_one_of: 0
    c_top: 1
    c_bot: 1
    c_primitive: 4
    r_primitive: 2
    c_and: 392
    c_not: 228
    c_equal: 1
    c_some: 42
    c_all: 66
    r_restrict: 2
    r_and: 1
    r_inverse: 5
    r_transitive_closure: 1
    b_empty: 108
    n_count: 318
    n_concept_distance: 75
[t=4.89058s, 3519980 KB] Finished generating composite features.
DomainFeatureDataStatistics:
    num_dlplan_states: 22
    num_boolean_features: 110
    num_numerical_features: 393
2022-11-17 12:10:36 INFO     [40m[34m..done[0m
2022-11-17 12:10:36 INFO     [40m[34mInitializing InstanceFeatureDatas...[0m
2022-11-17 12:10:36 INFO     [40m[34m..done[0m
2022-11-17 12:10:36 INFO     [40m[34mInitializing StatePairEquivalenceDatas...[0m
2022-11-17 12:10:36 INFO     [40m[34m..done[0m
2022-11-17 12:10:36 INFO     [40m[34mInitializing TupleGraphEquivalences...[0m
2022-11-17 12:10:36 INFO     [40m[34m..done[0m
2022-11-17 12:10:36 INFO     [40m[34mInitializing TupleGraphEquivalenceMinimizer...[0m
Num subgoals: 10
Num of selected subgoals: 3
Num rules: 3
Num of selected rules: 3
Num subgoals: 7
Num of selected subgoals: 2
Num rules: 2
Num of selected rules: 2
Num subgoals: 9
Num of selected subgoals: 3
Num rules: 3
Num of selected rules: 3
Num subgoals: 9
Num of selected subgoals: 3
Num rules: 3
Num of selected rules: 3
Num subgoals: 7
Num of selected subgoals: 2
Num rules: 2
Num of selected rules: 2
Num subgoals: 8
Num of selected subgoals: 3
Num rules: 3
Num of selected rules: 3
Num subgoals: 8
Num of selected subgoals: 3
Num rules: 3
Num of selected rules: 3
Num subgoals: 8
Num of selected subgoals: 3
Num rules: 3
Num of selected rules: 3
Num subgoals: 8
Num of selected subgoals: 3
Num rules: 3
Num of selected rules: 3
Num subgoals: 7
Num of selected subgoals: 2
Num rules: 2
Num of selected rules: 2
Num subgoals: 7
Num of selected subgoals: 2
Num rules: 2
Num of selected rules: 2
2022-11-17 12:10:36 INFO     [40m[34m..done[0m
Number of initial D2 facts: 14
Number of D2 facts: 14 of 256
2022-11-17 12:10:36 INFO     [40m[34mGrounding Logic Program...[0m
2022-11-17 12:10:36 INFO     [40m[34m..done[0m
2022-11-17 12:10:36 INFO     [40m[34mSolving Logic Program...[0m
2022-11-17 12:10:36 INFO     [40m[34m..done[0m
Clingo statistics:
Total time:  0.32030701637268066
CPU time:  0.506007
Solve time:  0.023329973220825195
2022-11-17 12:10:36 INFO     Learned the following sketch:
(:policy
(:boolean_features )
(:numerical_features "n_concept_distance(c_primitive(clear_g,0),r_primitive(on,0,1),c_primitive(clear,0))" "n_count(c_primitive(clear,0))")
(:rule (:conditions (:c_n_gt 1) (:c_n_gt 0)) (:effects (:e_n_bot 1) (:e_n_bot 0)))
(:rule (:conditions (:c_n_gt 1) (:c_n_gt 0)) (:effects (:e_n_bot 1) (:e_n_dec 0)))
(:rule (:conditions (:c_n_gt 1) (:c_n_gt 0)) (:effects (:e_n_inc 1) (:e_n_bot 0)))
(:rule (:conditions (:c_n_gt 1) (:c_n_gt 0)) (:effects (:e_n_inc 1) (:e_n_dec 0)))
)
Numer of sketch rules: 4
Number of selected features: 2
Maximum complexity of selected feature: 4
[40m[31mSketch cycles[0m
Instance: 1 p-3-0
21 (instance index=1, state index=21, atoms={on-table(b1), on(b2,b3), on(b3,b1), clear(b2), arm-empty()})
21 (instance index=1, state index=21, atoms={on-table(b1), on(b2,b3), on(b3,b1), clear(b2), arm-empty()})
Number of unsatisfied D2 facts: 8
Number of D2 facts: 22 of 256
2022-11-17 12:10:37 INFO     [40m[34mGrounding Logic Program...[0m
2022-11-17 12:10:37 INFO     [40m[34m..done[0m
2022-11-17 12:10:37 INFO     [40m[34mSolving Logic Program...[0m
2022-11-17 12:10:37 INFO     [40m[34m..done[0m
Clingo statistics:
Total time:  0.5905020236968994
CPU time:  0.7178829999999998
Solve time:  0.012729883193969727
2022-11-17 12:10:37 INFO     Learned the following sketch:
(:policy
(:boolean_features )
(:numerical_features "n_concept_distance(c_primitive(clear_g,0),r_primitive(on,0,1),c_primitive(clear,0))" "n_count(r_primitive(on,0,1))")
(:rule (:conditions (:c_n_eq 1) (:c_n_gt 0)) (:effects (:e_n_bot 1) (:e_n_dec 0)))
(:rule (:conditions (:c_n_gt 1) (:c_n_gt 0)) (:effects (:e_n_bot 1) (:e_n_bot 0)))
(:rule (:conditions (:c_n_gt 1) (:c_n_gt 0)) (:effects (:e_n_bot 1) (:e_n_dec 0)))
(:rule (:conditions (:c_n_gt 1) (:c_n_gt 0)) (:effects (:e_n_dec 1) (:e_n_bot 0)))
(:rule (:conditions (:c_n_gt 1) (:c_n_gt 0)) (:effects (:e_n_dec 1) (:e_n_dec 0)))
(:rule (:conditions (:c_n_gt 1) (:c_n_gt 0)) (:effects (:e_n_inc 1) (:e_n_dec 0)))
)
Numer of sketch rules: 6
Number of selected features: 2
Maximum complexity of selected feature: 4
[40m[31mSketch cycles[0m
Instance: 1 p-3-0
21 (instance index=1, state index=21, atoms={on-table(b1), on(b2,b3), on(b3,b1), clear(b2), arm-empty()})
21 (instance index=1, state index=21, atoms={on-table(b1), on(b2,b3), on(b3,b1), clear(b2), arm-empty()})
Number of unsatisfied D2 facts: 6
Number of D2 facts: 28 of 256
2022-11-17 12:10:37 INFO     [40m[34mGrounding Logic Program...[0m
2022-11-17 12:10:38 INFO     [40m[34m..done[0m
2022-11-17 12:10:38 INFO     [40m[34mSolving Logic Program...[0m
2022-11-17 12:10:38 INFO     [40m[34m..done[0m
Clingo statistics:
Total time:  0.5951950550079346
CPU time:  0.8404589999999998
Solve time:  0.016955137252807617
2022-11-17 12:10:38 INFO     Learned the following sketch:
(:policy
(:boolean_features "b_nullary(arm-empty)")
(:numerical_features "n_count(c_and(c_primitive(clear,0),c_primitive(clear_g,0)))" "n_count(c_primitive(clear,0))")
(:rule (:conditions (:c_b_neg 0) (:c_n_gt 1) (:c_n_eq 0)) (:effects (:e_b_pos 0) (:e_n_bot 1) (:e_n_inc 0)))
(:rule (:conditions (:c_b_neg 0) (:c_n_gt 1) (:c_n_eq 0)) (:effects (:e_b_pos 0) (:e_n_inc 1) (:e_n_bot 0)))
(:rule (:conditions (:c_b_neg 0) (:c_n_gt 1) (:c_n_eq 0)) (:effects (:e_b_pos 0) (:e_n_inc 1) (:e_n_inc 0)))
(:rule (:conditions (:c_b_pos 0) (:c_n_gt 1) (:c_n_eq 0)) (:effects (:e_b_neg 0) (:e_n_bot 1) (:e_n_bot 0)))
(:rule (:conditions (:c_b_pos 0) (:c_n_gt 1) (:c_n_eq 0)) (:effects (:e_b_neg 0) (:e_n_bot 1) (:e_n_inc 0)))
)
Numer of sketch rules: 5
Number of selected features: 3
Maximum complexity of selected feature: 4
2022-11-17 12:10:38 INFO     [40m[34mVerifying learned sketch...[0m
2022-11-17 12:10:38 INFO     [40m[34m..done[0m
2022-11-17 12:10:38 INFO     [40m[33mIteration summary:[0m
DomainFeatureDataStatistics:
    num_dlplan_states: 22
    num_boolean_features: 110
    num_numerical_features: 393
StatePairEquivalenceStatistics:
    num_state_pairs: 30
    num_equivalences: 16
TupleGraphEquivalenceMinimizerStatistics:
    Number of input tuples: 88
    Number of output tuples: 29
[40m[31mSketch solves all instances![0m
2022-11-17 12:10:38 INFO     [40m[32mSummary:[0m
Boolean features:
b_nullary(arm-empty)
b_nullary(arm-empty_g)
b_empty(c_bot)
b_empty(r_primitive(on,0,1))
b_empty(c_not(c_primitive(clear,0)))
b_empty(c_and(c_primitive(clear,0),c_primitive(clear_g,0)))
b_empty(c_and(c_primitive(clear,0),c_primitive(on-table,0)))
b_empty(c_and(c_primitive(clear_g,0),c_primitive(on-table,0)))
b_empty(c_and(c_primitive(clear_g,0),c_primitive(holding,0)))
b_empty(c_some(r_primitive(on,0,1),c_primitive(clear_g,0)))
b_empty(c_and(c_not(c_primitive(clear_g,0)),c_primitive(clear,0)))
b_empty(c_and(c_not(c_primitive(clear,0)),c_primitive(clear_g,0)))
b_empty(c_and(c_not(c_primitive(on-table,0)),c_primitive(clear_g,0)))
b_empty(c_and(c_not(c_primitive(holding,0)),c_primitive(clear_g,0)))
b_empty(c_and(c_not(c_primitive(clear_g,0)),c_primitive(on-table,0)))
b_empty(c_and(c_not(c_primitive(clear_g,0)),c_primitive(holding,0)))
b_empty(c_not(c_all(r_primitive(on,0,1),c_primitive(clear_g,0))))
b_empty(c_not(c_all(r_primitive(on,0,1),c_primitive(on-table,0))))
b_empty(c_some(r_inverse(r_primitive(on,0,1)),c_primitive(clear_g,0)))
b_empty(c_and(c_and(c_primitive(clear_g,0),c_primitive(on-table,0)),c_primitive(clear,0)))
b_empty(c_and(c_primitive(clear,0),c_some(r_primitive(on,0,1),c_primitive(clear_g,0))))
b_empty(c_and(c_primitive(clear,0),c_some(r_primitive(on,0,1),c_primitive(on-table,0))))
b_empty(c_and(c_all(r_primitive(on,0,1),c_primitive(clear_g,0)),c_primitive(clear,0)))
b_empty(c_and(c_all(r_primitive(on,0,1),c_primitive(on-table,0)),c_primitive(clear,0)))
b_empty(c_and(c_equal(r_primitive(on,0,1),r_primitive(on_g,0,1)),c_primitive(clear_g,0)))
b_empty(c_and(c_primitive(clear_g,0),c_some(r_primitive(on,0,1),c_primitive(on-table,0))))
b_empty(c_and(c_all(r_primitive(on,0,1),c_primitive(on-table,0)),c_primitive(clear_g,0)))
b_empty(c_and(c_not(c_primitive(clear,0)),c_not(c_primitive(clear_g,0))))
b_empty(c_and(c_not(c_primitive(clear,0)),c_not(c_primitive(on-table,0))))
b_empty(c_and(c_not(c_primitive(clear_g,0)),c_not(c_primitive(on-table,0))))
b_empty(c_not(c_all(r_inverse(r_primitive(on,0,1)),c_primitive(clear_g,0))))
b_empty(c_some(r_primitive(on,0,1),c_and(c_primitive(clear_g,0),c_primitive(on-table,0))))
b_empty(c_some(r_primitive(on,0,1),c_some(r_primitive(on,0,1),c_primitive(clear_g,0))))
b_empty(c_and(c_and(c_not(c_primitive(on-table,0)),c_primitive(clear_g,0)),c_primitive(clear,0)))
b_empty(c_and(c_and(c_not(c_primitive(clear_g,0)),c_primitive(on-table,0)),c_primitive(clear,0)))
b_empty(c_and(c_not(c_some(r_primitive(on,0,1),c_primitive(clear_g,0))),c_primitive(clear,0)))
b_empty(c_and(c_not(c_some(r_primitive(on,0,1),c_primitive(on-table,0))),c_primitive(clear,0)))
b_empty(c_and(c_not(c_all(r_primitive(on,0,1),c_primitive(clear_g,0))),c_primitive(clear,0)))
b_empty(c_and(c_all(r_transitive_closure(r_primitive(on,0,1)),c_primitive(clear_g,0)),c_primitive(clear,0)))
b_empty(c_and(c_not(c_and(c_primitive(clear,0),c_primitive(on-table,0))),c_primitive(clear_g,0)))
b_empty(c_and(c_not(c_some(r_primitive(on,0,1),c_primitive(on-table,0))),c_primitive(clear_g,0)))
b_empty(c_and(c_not(c_all(r_primitive(on,0,1),c_primitive(on-table,0))),c_primitive(clear_g,0)))
b_empty(c_and(c_all(r_inverse(r_primitive(on,0,1)),c_bot),c_primitive(clear_g,0)))
b_empty(c_and(c_all(r_inverse(r_primitive(on,0,1)),c_primitive(clear,0)),c_primitive(clear_g,0)))
b_empty(c_and(c_all(r_inverse(r_primitive(on,0,1)),c_primitive(clear_g,0)),c_primitive(on-table,0)))
b_empty(c_and(c_not(c_primitive(clear_g,0)),c_some(r_primitive(on,0,1),c_primitive(on-table,0))))
b_empty(c_and(c_all(r_primitive(on,0,1),c_primitive(clear_g,0)),c_not(c_primitive(on-table,0))))
b_empty(c_not(c_all(r_primitive(on,0,1),c_all(r_primitive(on,0,1),c_primitive(clear_g,0)))))
b_empty(c_not(c_all(r_restrict(r_primitive(on,0,1),c_primitive(clear_g,0)),c_primitive(on-table,0))))
b_empty(c_not(c_all(r_restrict(r_primitive(on,0,1),c_primitive(on-table,0)),c_primitive(clear_g,0))))
b_empty(c_and(c_and(c_primitive(clear_g,0),c_some(r_primitive(on,0,1),c_primitive(on-table,0))),c_primitive(clear,0)))
b_empty(c_and(c_and(c_all(r_primitive(on,0,1),c_primitive(on-table,0)),c_primitive(clear_g,0)),c_primitive(clear,0)))
b_empty(c_and(c_and(c_not(c_primitive(clear_g,0)),c_not(c_primitive(on-table,0))),c_primitive(clear,0)))
b_empty(c_and(c_not(c_and(c_not(c_primitive(clear_g,0)),c_primitive(on-table,0))),c_primitive(clear,0)))
b_empty(c_and(c_not(c_some(r_transitive_closure(r_primitive(on,0,1)),c_primitive(clear_g,0))),c_primitive(clear,0)))
b_empty(c_and(c_primitive(clear,0),c_some(r_primitive(on,0,1),c_and(c_primitive(clear_g,0),c_primitive(on-table,0)))))
b_empty(c_and(c_primitive(clear,0),c_some(r_primitive(on,0,1),c_all(r_primitive(on,0,1),c_primitive(clear_g,0)))))
b_empty(c_and(c_all(r_primitive(on,0,1),c_some(r_primitive(on,0,1),c_primitive(clear_g,0))),c_primitive(clear,0)))
b_empty(c_and(c_all(r_primitive(on,0,1),c_all(r_primitive(on,0,1),c_primitive(clear_g,0))),c_primitive(clear,0)))
b_empty(c_and(c_all(r_restrict(r_primitive(on,0,1),c_primitive(clear_g,0)),c_primitive(on-table,0)),c_primitive(clear,0)))
b_empty(c_and(c_all(r_restrict(r_primitive(on,0,1),c_primitive(on-table,0)),c_primitive(clear_g,0)),c_primitive(clear,0)))
b_empty(c_and(c_and(c_not(c_primitive(clear,0)),c_not(c_primitive(on-table,0))),c_primitive(clear_g,0)))
b_empty(c_and(c_not(c_and(c_not(c_primitive(on-table,0)),c_primitive(clear,0))),c_primitive(clear_g,0)))
b_empty(c_and(c_not(c_and(c_not(c_primitive(clear,0)),c_primitive(on-table,0))),c_primitive(clear_g,0)))
b_empty(c_and(c_not(c_some(r_inverse(r_primitive(on,0,1)),c_primitive(clear,0))),c_primitive(clear_g,0)))
b_empty(c_and(c_not(c_some(r_inverse(r_primitive(on,0,1)),c_primitive(clear_g,0))),c_primitive(on-table,0)))
b_empty(c_and(c_all(r_inverse(r_transitive_closure(r_primitive(on,0,1))),c_primitive(clear_g,0)),c_primitive(on-table,0)))
b_empty(c_and(c_not(c_and(c_primitive(clear_g,0),c_primitive(on-table,0))),c_not(c_primitive(clear,0))))
b_empty(c_and(c_not(c_and(c_primitive(clear_g,0),c_primitive(holding,0))),c_not(c_primitive(clear,0))))
b_empty(c_and(c_all(r_inverse(r_primitive(on,0,1)),c_primitive(clear_g,0)),c_not(c_primitive(clear,0))))
b_empty(c_and(c_not(c_all(r_primitive(on,0,1),c_primitive(clear_g,0))),c_not(c_primitive(clear_g,0))))
b_empty(c_and(c_not(c_all(r_primitive(on,0,1),c_primitive(on-table,0))),c_not(c_primitive(clear_g,0))))
b_empty(c_and(c_not(c_and(c_primitive(clear,0),c_primitive(clear_g,0))),c_not(c_primitive(on-table,0))))
b_empty(c_and(c_all(r_transitive_closure(r_primitive(on,0,1)),c_primitive(clear_g,0)),c_not(c_primitive(on-table,0))))
b_empty(c_not(c_all(r_primitive(on,0,1),c_and(c_not(c_primitive(clear_g,0)),c_primitive(on-table,0)))))
b_empty(c_some(r_primitive(on,0,1),c_and(c_not(c_primitive(clear_g,0)),c_not(c_primitive(on-table,0)))))
b_empty(c_and(c_and(c_not(c_some(r_primitive(on,0,1),c_primitive(on-table,0))),c_primitive(clear_g,0)),c_primitive(clear,0)))
b_empty(c_and(c_and(c_not(c_primitive(clear_g,0)),c_some(r_primitive(on,0,1),c_primitive(on-table,0))),c_primitive(clear,0)))
b_empty(c_and(c_and(c_all(r_primitive(on,0,1),c_primitive(clear_g,0)),c_not(c_primitive(clear_g,0))),c_primitive(clear,0)))
b_empty(c_and(c_and(c_all(r_primitive(on,0,1),c_primitive(on-table,0)),c_not(c_primitive(clear_g,0))),c_primitive(clear,0)))
b_empty(c_and(c_not(c_and(c_primitive(clear_g,0),c_some(r_primitive(on,0,1),c_primitive(on-table,0)))),c_primitive(clear,0)))
b_empty(c_and(c_not(c_and(c_not(c_primitive(clear_g,0)),c_not(c_primitive(on-table,0)))),c_primitive(clear,0)))
b_empty(c_and(c_not(c_some(r_primitive(on,0,1),c_and(c_primitive(clear_g,0),c_primitive(on-table,0)))),c_primitive(clear,0)))
b_empty(c_and(c_not(c_some(r_primitive(on,0,1),c_all(r_primitive(on,0,1),c_primitive(clear_g,0)))),c_primitive(clear,0)))
b_empty(c_and(c_not(c_all(r_primitive(on,0,1),c_some(r_primitive(on,0,1),c_primitive(clear_g,0)))),c_primitive(clear,0)))
b_empty(c_and(c_not(c_all(r_restrict(r_primitive(on,0,1),c_primitive(on-table,0)),c_primitive(clear_g,0))),c_primitive(clear,0)))
b_empty(c_and(c_all(r_primitive(on,0,1),c_and(c_not(c_primitive(on-table,0)),c_primitive(clear_g,0))),c_primitive(clear,0)))
b_empty(c_and(c_all(r_primitive(on,0,1),c_and(c_not(c_primitive(clear_g,0)),c_primitive(on-table,0))),c_primitive(clear,0)))
b_empty(c_and(c_and(c_all(r_inverse(r_primitive(on,0,1)),c_primitive(clear,0)),c_primitive(on-table,0)),c_primitive(clear_g,0)))
b_empty(c_and(c_and(c_equal(r_primitive(on,0,1),r_primitive(on_g,0,1)),c_not(c_primitive(clear,0))),c_primitive(clear_g,0)))
b_empty(c_and(c_and(c_all(r_primitive(on,0,1),c_primitive(on-table,0)),c_not(c_primitive(on-table,0))),c_primitive(clear_g,0)))
b_empty(c_and(c_and(c_all(r_primitive(on,0,1),c_primitive(on-table,0)),c_not(c_primitive(holding,0))),c_primitive(clear_g,0)))
b_empty(c_and(c_not(c_and(c_primitive(clear,0),c_some(r_primitive(on,0,1),c_primitive(on-table,0)))),c_primitive(clear_g,0)))
b_empty(c_and(c_not(c_and(c_all(r_primitive(on,0,1),c_primitive(on-table,0)),c_primitive(clear,0))),c_primitive(clear_g,0)))
b_empty(c_and(c_not(c_and(c_not(c_primitive(clear,0)),c_not(c_primitive(on-table,0)))),c_primitive(clear_g,0)))
b_empty(c_and(c_not(c_and(c_not(c_primitive(clear,0)),c_not(c_primitive(clear_g,0)))),c_primitive(on-table,0)))
b_empty(c_and(c_not(c_some(r_inverse(r_transitive_closure(r_primitive(on,0,1))),c_primitive(clear_g,0))),c_primitive(on-table,0)))
b_empty(c_and(c_and(c_not(c_primitive(clear_g,0)),c_not(c_primitive(on-table,0))),c_not(c_primitive(clear,0))))
b_empty(c_and(c_not(c_and(c_not(c_primitive(clear_g,0)),c_primitive(on-table,0))),c_not(c_primitive(clear,0))))
b_empty(c_and(c_not(c_and(c_not(c_primitive(clear_g,0)),c_primitive(holding,0))),c_not(c_primitive(clear,0))))
b_empty(c_and(c_all(r_inverse(r_transitive_closure(r_primitive(on,0,1))),c_primitive(clear_g,0)),c_not(c_primitive(clear,0))))
b_empty(c_and(c_not(c_all(r_transitive_closure(r_primitive(on,0,1)),c_primitive(clear_g,0))),c_not(c_primitive(clear_g,0))))
b_empty(c_and(c_not(c_and(c_not(c_primitive(clear_g,0)),c_primitive(clear,0))),c_not(c_primitive(on-table,0))))
b_empty(c_and(c_not(c_primitive(on-table,0)),c_not(c_some(r_transitive_closure(r_primitive(on,0,1)),c_primitive(clear_g,0)))))
b_empty(c_and(c_all(r_primitive(on,0,1),c_some(r_primitive(on,0,1),c_primitive(clear_g,0))),c_not(c_primitive(on-table,0))))
b_empty(c_and(c_all(r_inverse(r_primitive(on,0,1)),c_primitive(clear_g,0)),c_equal(r_primitive(on,0,1),r_primitive(on_g,0,1))))
b_empty(c_and(c_all(r_inverse(r_primitive(on,0,1)),c_primitive(clear_g,0)),c_some(r_primitive(on,0,1),c_primitive(on-table,0))))
b_empty(c_not(c_and(c_not(c_and(c_primitive(clear,0),c_primitive(clear_g,0))),c_not(c_primitive(holding,0)))))
b_empty(c_not(c_and(c_not(c_and(c_primitive(clear_g,0),c_primitive(on-table,0))),c_not(c_primitive(holding,0)))))
b_empty(c_not(c_all(r_inverse(r_primitive(on,0,1)),c_and(c_not(c_primitive(clear_g,0)),c_primitive(clear,0)))))
Numerical features:
n_count(c_top)
n_count(c_bot)
n_count(c_primitive(clear,0))
n_count(c_primitive(clear_g,0))
n_count(c_primitive(holding,0))
n_count(r_primitive(on,0,1))
n_count(c_not(c_primitive(clear,0)))
n_count(c_not(c_primitive(clear_g,0)))
n_count(c_not(c_primitive(holding,0)))
n_count(r_transitive_closure(r_primitive(on,0,1)))
n_count(c_and(c_primitive(clear,0),c_primitive(clear_g,0)))
n_count(c_and(c_primitive(clear,0),c_primitive(on-table,0)))
n_count(c_and(c_primitive(clear_g,0),c_primitive(on-table,0)))
n_count(c_and(c_primitive(clear_g,0),c_primitive(holding,0)))
n_count(c_equal(r_primitive(on,0,1),r_primitive(on_g,0,1)))
n_count(c_some(r_primitive(on,0,1),c_primitive(clear_g,0)))
n_count(c_some(r_primitive(on,0,1),c_primitive(on-table,0)))
n_count(c_all(r_primitive(on,0,1),c_primitive(clear_g,0)))
n_count(c_all(r_primitive(on,0,1),c_primitive(on-table,0)))
n_concept_distance(c_primitive(clear_g,0),r_primitive(on,0,1),c_bot)
n_concept_distance(c_primitive(clear_g,0),r_primitive(on,0,1),c_primitive(clear,0))
n_concept_distance(c_primitive(clear_g,0),r_primitive(on,0,1),c_primitive(on-table,0))
n_concept_distance(c_primitive(clear_g,0),r_primitive(on,0,1),c_primitive(holding,0))
n_concept_distance(c_primitive(clear_g,0),r_primitive(on_g,0,1),c_primitive(on-table,0))
n_count(c_and(c_not(c_primitive(clear_g,0)),c_primitive(clear,0)))
n_count(c_and(c_not(c_primitive(clear,0)),c_primitive(clear_g,0)))
n_count(c_and(c_not(c_primitive(on-table,0)),c_primitive(clear_g,0)))
n_count(c_and(c_not(c_primitive(holding,0)),c_primitive(clear_g,0)))
n_count(c_and(c_not(c_primitive(clear_g,0)),c_primitive(on-table,0)))
n_count(c_and(c_not(c_primitive(clear_g,0)),c_primitive(holding,0)))
n_count(c_not(c_and(c_primitive(clear,0),c_primitive(clear_g,0))))
n_count(c_not(c_and(c_primitive(clear,0),c_primitive(on-table,0))))
n_count(c_not(c_and(c_primitive(clear_g,0),c_primitive(on-table,0))))
n_count(c_not(c_and(c_primitive(clear_g,0),c_primitive(holding,0))))
n_count(c_not(c_some(r_primitive(on,0,1),c_primitive(clear_g,0))))
n_count(c_not(c_some(r_primitive(on,0,1),c_primitive(on-table,0))))
n_count(c_not(c_all(r_primitive(on,0,1),c_primitive(clear_g,0))))
n_count(c_not(c_all(r_primitive(on,0,1),c_primitive(on-table,0))))
n_count(c_some(r_inverse(r_primitive(on,0,1)),c_primitive(clear_g,0)))
n_count(c_some(r_transitive_closure(r_primitive(on,0,1)),c_primitive(clear_g,0)))
n_count(c_all(r_inverse(r_primitive(on,0,1)),c_primitive(clear_g,0)))
n_count(c_all(r_transitive_closure(r_primitive(on,0,1)),c_primitive(clear_g,0)))
n_concept_distance(c_primitive(clear_g,0),r_primitive(on,0,1),c_not(c_primitive(clear,0)))
n_concept_distance(c_primitive(clear_g,0),r_primitive(on,0,1),c_not(c_primitive(clear_g,0)))
n_concept_distance(c_primitive(clear_g,0),r_primitive(on,0,1),c_not(c_primitive(on-table,0)))
n_concept_distance(c_primitive(clear_g,0),r_primitive(on,0,1),c_not(c_primitive(holding,0)))
n_concept_distance(c_primitive(clear_g,0),r_primitive(on_g,0,1),c_not(c_primitive(clear,0)))
n_count(c_and(c_and(c_primitive(clear_g,0),c_primitive(on-table,0)),c_primitive(clear,0)))
n_count(c_and(c_primitive(clear,0),c_some(r_primitive(on,0,1),c_primitive(clear_g,0))))
n_count(c_and(c_primitive(clear,0),c_some(r_primitive(on,0,1),c_primitive(on-table,0))))
n_count(c_and(c_all(r_primitive(on,0,1),c_primitive(clear_g,0)),c_primitive(clear,0)))
n_count(c_and(c_all(r_primitive(on,0,1),c_primitive(on-table,0)),c_primitive(clear,0)))
n_count(c_and(c_equal(r_primitive(on,0,1),r_primitive(on_g,0,1)),c_primitive(clear_g,0)))
n_count(c_and(c_primitive(clear_g,0),c_some(r_primitive(on,0,1),c_primitive(on-table,0))))
n_count(c_and(c_all(r_primitive(on,0,1),c_primitive(on-table,0)),c_primitive(clear_g,0)))
n_count(c_and(c_not(c_primitive(clear,0)),c_not(c_primitive(clear_g,0))))
n_count(c_and(c_not(c_primitive(clear,0)),c_not(c_primitive(on-table,0))))
n_count(c_and(c_not(c_primitive(clear_g,0)),c_not(c_primitive(on-table,0))))
n_count(c_and(c_not(c_primitive(clear_g,0)),c_not(c_primitive(holding,0))))
n_count(c_not(c_and(c_not(c_primitive(clear_g,0)),c_primitive(clear,0))))
n_count(c_not(c_and(c_not(c_primitive(clear,0)),c_primitive(clear_g,0))))
n_count(c_not(c_and(c_not(c_primitive(on-table,0)),c_primitive(clear_g,0))))
n_count(c_not(c_and(c_not(c_primitive(holding,0)),c_primitive(clear_g,0))))
n_count(c_not(c_and(c_not(c_primitive(clear_g,0)),c_primitive(on-table,0))))
n_count(c_not(c_and(c_not(c_primitive(clear_g,0)),c_primitive(holding,0))))
n_count(c_not(c_some(r_inverse(r_primitive(on,0,1)),c_primitive(clear_g,0))))
n_count(c_not(c_some(r_transitive_closure(r_primitive(on,0,1)),c_primitive(clear_g,0))))
n_count(c_not(c_all(r_inverse(r_primitive(on,0,1)),c_primitive(clear_g,0))))
n_count(c_not(c_all(r_transitive_closure(r_primitive(on,0,1)),c_primitive(clear_g,0))))
n_count(c_some(r_primitive(on,0,1),c_and(c_primitive(clear_g,0),c_primitive(on-table,0))))
n_count(c_some(r_primitive(on,0,1),c_some(r_primitive(on,0,1),c_primitive(clear_g,0))))
n_count(c_some(r_primitive(on,0,1),c_all(r_primitive(on,0,1),c_primitive(clear_g,0))))
n_count(c_some(r_inverse(r_transitive_closure(r_primitive(on,0,1))),c_primitive(clear_g,0)))
n_count(c_all(r_primitive(on,0,1),c_some(r_primitive(on,0,1),c_primitive(clear_g,0))))
n_count(c_all(r_primitive(on,0,1),c_all(r_primitive(on,0,1),c_primitive(clear_g,0))))
n_count(c_all(r_restrict(r_primitive(on,0,1),c_primitive(clear_g,0)),c_primitive(on-table,0)))
n_count(c_all(r_restrict(r_primitive(on,0,1),c_primitive(on-table,0)),c_primitive(clear_g,0)))
n_count(c_all(r_inverse(r_transitive_closure(r_primitive(on,0,1))),c_primitive(clear_g,0)))
n_concept_distance(c_primitive(clear_g,0),r_restrict(r_primitive(on,0,1),c_primitive(on-table,0)),c_primitive(on-table,0))
n_concept_distance(c_primitive(clear_g,0),r_primitive(on,0,1),c_and(c_primitive(clear,0),c_primitive(on-table,0)))
n_concept_distance(c_primitive(clear_g,0),r_primitive(on,0,1),c_some(r_primitive(on,0,1),c_top))
n_concept_distance(c_primitive(clear_g,0),r_primitive(on,0,1),c_some(r_primitive(on,0,1),c_primitive(on-table,0)))
n_concept_distance(c_primitive(clear_g,0),r_primitive(on,0,1),c_all(r_primitive(on,0,1),c_primitive(on-table,0)))
n_concept_distance(c_primitive(clear_g,0),r_primitive(on_g,0,1),c_equal(r_primitive(on,0,1),r_primitive(on_g,0,1)))
n_concept_distance(c_primitive(clear_g,0),r_primitive(on_g,0,1),c_some(r_primitive(on,0,1),c_primitive(on-table,0)))
n_concept_distance(c_primitive(clear_g,0),r_primitive(on_g,0,1),c_all(r_primitive(on,0,1),c_primitive(on-table,0)))
n_count(c_and(c_and(c_not(c_primitive(on-table,0)),c_primitive(clear_g,0)),c_primitive(clear,0)))
n_count(c_and(c_and(c_not(c_primitive(clear_g,0)),c_primitive(on-table,0)),c_primitive(clear,0)))
n_count(c_and(c_not(c_and(c_primitive(clear_g,0),c_primitive(on-table,0))),c_primitive(clear,0)))
n_count(c_and(c_not(c_some(r_primitive(on,0,1),c_primitive(clear_g,0))),c_primitive(clear,0)))
n_count(c_and(c_not(c_some(r_primitive(on,0,1),c_primitive(on-table,0))),c_primitive(clear,0)))
n_count(c_and(c_not(c_all(r_primitive(on,0,1),c_primitive(clear_g,0))),c_primitive(clear,0)))
n_count(c_and(c_all(r_transitive_closure(r_primitive(on,0,1)),c_primitive(clear_g,0)),c_primitive(clear,0)))
n_count(c_and(c_not(c_and(c_primitive(clear,0),c_primitive(on-table,0))),c_primitive(clear_g,0)))
n_count(c_and(c_not(c_some(r_primitive(on,0,1),c_primitive(on-table,0))),c_primitive(clear_g,0)))
n_count(c_and(c_all(r_inverse(r_primitive(on,0,1)),c_bot),c_primitive(clear_g,0)))
n_count(c_and(c_all(r_inverse(r_primitive(on,0,1)),c_primitive(clear,0)),c_primitive(clear_g,0)))
n_count(c_and(c_all(r_inverse(r_primitive(on,0,1)),c_primitive(clear_g,0)),c_primitive(on-table,0)))
n_count(c_and(c_equal(r_primitive(on,0,1),r_primitive(on_g,0,1)),c_not(c_primitive(clear,0))))
n_count(c_and(c_all(r_primitive(on,0,1),c_primitive(clear_g,0)),c_not(c_primitive(clear,0))))
n_count(c_and(c_equal(r_primitive(on,0,1),r_primitive(on_g,0,1)),c_not(c_primitive(clear_g,0))))
n_count(c_and(c_not(c_primitive(clear_g,0)),c_some(r_primitive(on,0,1),c_primitive(on-table,0))))
n_count(c_and(c_all(r_primitive(on,0,1),c_primitive(clear_g,0)),c_not(c_primitive(clear_g,0))))
n_count(c_and(c_all(r_primitive(on,0,1),c_primitive(on-table,0)),c_not(c_primitive(clear_g,0))))
n_count(c_and(c_all(r_primitive(on,0,1),c_primitive(clear_g,0)),c_not(c_primitive(on-table,0))))
n_count(c_and(c_all(r_primitive(on,0,1),c_primitive(clear_g,0)),c_not(c_primitive(holding,0))))
n_count(c_and(c_all(r_primitive(on,0,1),c_primitive(on-table,0)),c_not(c_primitive(holding,0))))
n_count(c_not(c_and(c_and(c_primitive(clear_g,0),c_primitive(on-table,0)),c_primitive(clear,0))))
n_count(c_not(c_and(c_primitive(clear,0),c_some(r_primitive(on,0,1),c_primitive(clear_g,0)))))
n_count(c_not(c_and(c_primitive(clear,0),c_some(r_primitive(on,0,1),c_primitive(on-table,0)))))
n_count(c_not(c_and(c_all(r_primitive(on,0,1),c_primitive(clear_g,0)),c_primitive(clear,0))))
n_count(c_not(c_and(c_all(r_primitive(on,0,1),c_primitive(on-table,0)),c_primitive(clear,0))))
n_count(c_not(c_and(c_equal(r_primitive(on,0,1),r_primitive(on_g,0,1)),c_primitive(clear_g,0))))
n_count(c_not(c_and(c_primitive(clear_g,0),c_some(r_primitive(on,0,1),c_primitive(on-table,0)))))
n_count(c_not(c_and(c_all(r_primitive(on,0,1),c_primitive(on-table,0)),c_primitive(clear_g,0))))
n_count(c_not(c_and(c_not(c_primitive(clear,0)),c_not(c_primitive(clear_g,0)))))
n_count(c_not(c_and(c_not(c_primitive(clear_g,0)),c_not(c_primitive(on-table,0)))))
n_count(c_not(c_and(c_not(c_primitive(clear_g,0)),c_not(c_primitive(holding,0)))))
n_count(c_not(c_some(r_primitive(on,0,1),c_and(c_primitive(clear_g,0),c_primitive(on-table,0)))))
n_count(c_not(c_some(r_primitive(on,0,1),c_some(r_primitive(on,0,1),c_primitive(clear_g,0)))))
n_count(c_not(c_some(r_primitive(on,0,1),c_all(r_primitive(on,0,1),c_primitive(clear_g,0)))))
n_count(c_not(c_some(r_inverse(r_transitive_closure(r_primitive(on,0,1))),c_primitive(clear_g,0))))
n_count(c_not(c_all(r_primitive(on,0,1),c_some(r_primitive(on,0,1),c_primitive(clear_g,0)))))
n_count(c_not(c_all(r_primitive(on,0,1),c_all(r_primitive(on,0,1),c_primitive(clear_g,0)))))
n_count(c_not(c_all(r_restrict(r_primitive(on,0,1),c_primitive(clear_g,0)),c_primitive(on-table,0))))
n_count(c_not(c_all(r_restrict(r_primitive(on,0,1),c_primitive(on-table,0)),c_primitive(clear_g,0))))
n_count(c_not(c_all(r_inverse(r_transitive_closure(r_primitive(on,0,1))),c_primitive(clear_g,0))))
n_count(c_some(r_transitive_closure(r_primitive(on,0,1)),c_and(c_primitive(clear_g,0),c_primitive(on-table,0))))
n_count(c_all(r_primitive(on,0,1),c_and(c_not(c_primitive(on-table,0)),c_primitive(clear_g,0))))
n_count(c_all(r_primitive(on,0,1),c_and(c_not(c_primitive(clear_g,0)),c_primitive(on-table,0))))
n_count(c_all(r_inverse(r_restrict(r_primitive(on,0,1),c_primitive(on-table,0))),c_primitive(clear_g,0)))
n_concept_distance(c_primitive(clear_g,0),r_restrict(r_primitive(on,0,1),c_primitive(on-table,0)),c_not(c_primitive(clear,0)))
n_concept_distance(c_primitive(clear_g,0),r_restrict(r_primitive(on,0,1),c_primitive(on-table,0)),c_not(c_primitive(clear_g,0)))
n_concept_distance(c_primitive(clear_g,0),r_primitive(on,0,1),c_and(c_not(c_primitive(on-table,0)),c_primitive(clear,0)))
n_concept_distance(c_primitive(clear_g,0),r_primitive(on,0,1),c_and(c_not(c_primitive(clear,0)),c_primitive(on-table,0)))
n_concept_distance(c_primitive(clear_g,0),r_primitive(on,0,1),c_and(c_not(c_primitive(clear_g,0)),c_primitive(on-table,0)))
n_concept_distance(c_primitive(clear_g,0),r_primitive(on,0,1),c_not(c_and(c_primitive(clear,0),c_primitive(on-table,0))))
n_concept_distance(c_primitive(clear_g,0),r_primitive(on,0,1),c_not(c_all(r_primitive(on,0,1),c_primitive(on-table,0))))
n_concept_distance(c_primitive(clear_g,0),r_primitive(on,0,1),c_some(r_inverse(r_primitive(on,0,1)),c_top))
n_concept_distance(c_primitive(clear_g,0),r_primitive(on,0,1),c_some(r_inverse(r_primitive(on,0,1)),c_primitive(clear,0)))
n_concept_distance(c_primitive(clear_g,0),r_primitive(on,0,1),c_all(r_inverse(r_primitive(on,0,1)),c_bot))
n_concept_distance(c_primitive(clear_g,0),r_primitive(on,0,1),c_all(r_inverse(r_primitive(on,0,1)),c_primitive(clear,0)))
n_concept_distance(c_primitive(clear_g,0),r_primitive(on,0,1),c_all(r_inverse(r_primitive(on,0,1)),c_primitive(clear_g,0)))
n_concept_distance(c_primitive(clear_g,0),r_primitive(on_g,0,1),c_and(c_not(c_primitive(clear,0)),c_primitive(on-table,0)))
n_concept_distance(c_primitive(clear_g,0),r_primitive(on_g,0,1),c_not(c_some(r_primitive(on,0,1),c_primitive(on-table,0))))
n_concept_distance(c_primitive(clear_g,0),r_primitive(on_g,0,1),c_some(r_inverse(r_primitive(on,0,1)),c_top))
n_concept_distance(c_primitive(clear_g,0),r_primitive(on_g,0,1),c_some(r_inverse(r_primitive(on,0,1)),c_primitive(clear,0)))
n_count(c_and(c_and(c_primitive(clear_g,0),c_some(r_primitive(on,0,1),c_primitive(on-table,0))),c_primitive(clear,0)))
n_count(c_and(c_and(c_all(r_primitive(on,0,1),c_primitive(on-table,0)),c_primitive(clear_g,0)),c_primitive(clear,0)))
n_count(c_and(c_and(c_not(c_primitive(clear_g,0)),c_not(c_primitive(on-table,0))),c_primitive(clear,0)))
n_count(c_and(c_not(c_and(c_not(c_primitive(on-table,0)),c_primitive(clear_g,0))),c_primitive(clear,0)))
n_count(c_and(c_not(c_and(c_not(c_primitive(clear_g,0)),c_primitive(on-table,0))),c_primitive(clear,0)))
n_count(c_and(c_not(c_some(r_transitive_closure(r_primitive(on,0,1)),c_primitive(clear_g,0))),c_primitive(clear,0)))
n_count(c_and(c_not(c_all(r_transitive_closure(r_primitive(on,0,1)),c_primitive(clear_g,0))),c_primitive(clear,0)))
n_count(c_and(c_primitive(clear,0),c_some(r_primitive(on,0,1),c_and(c_primitive(clear_g,0),c_primitive(on-table,0)))))
n_count(c_and(c_primitive(clear,0),c_some(r_primitive(on,0,1),c_all(r_primitive(on,0,1),c_primitive(clear_g,0)))))
n_count(c_and(c_all(r_primitive(on,0,1),c_some(r_primitive(on,0,1),c_primitive(clear_g,0))),c_primitive(clear,0)))
n_count(c_and(c_all(r_primitive(on,0,1),c_all(r_primitive(on,0,1),c_primitive(clear_g,0))),c_primitive(clear,0)))
n_count(c_and(c_all(r_restrict(r_primitive(on,0,1),c_primitive(clear_g,0)),c_primitive(on-table,0)),c_primitive(clear,0)))
n_count(c_and(c_all(r_restrict(r_primitive(on,0,1),c_primitive(on-table,0)),c_primitive(clear_g,0)),c_primitive(clear,0)))
n_count(c_and(c_and(c_not(c_primitive(clear,0)),c_not(c_primitive(on-table,0))),c_primitive(clear_g,0)))
n_count(c_and(c_not(c_and(c_not(c_primitive(on-table,0)),c_primitive(clear,0))),c_primitive(clear_g,0)))
n_count(c_and(c_not(c_and(c_not(c_primitive(clear,0)),c_primitive(on-table,0))),c_primitive(clear_g,0)))
n_count(c_and(c_not(c_some(r_inverse(r_primitive(on,0,1)),c_primitive(clear,0))),c_primitive(clear_g,0)))
n_count(c_and(c_not(c_and(c_not(c_primitive(clear,0)),c_primitive(clear_g,0))),c_primitive(on-table,0)))
n_count(c_and(c_not(c_some(r_inverse(r_primitive(on,0,1)),c_primitive(clear_g,0))),c_primitive(on-table,0)))
n_count(c_and(c_all(r_inverse(r_transitive_closure(r_primitive(on,0,1))),c_primitive(clear_g,0)),c_primitive(on-table,0)))
n_count(c_and(c_not(c_and(c_primitive(clear_g,0),c_primitive(on-table,0))),c_not(c_primitive(clear,0))))
n_count(c_and(c_not(c_and(c_primitive(clear_g,0),c_primitive(holding,0))),c_not(c_primitive(clear,0))))
n_count(c_and(c_not(c_primitive(clear,0)),c_not(c_some(r_primitive(on,0,1),c_primitive(clear_g,0)))))
n_count(c_and(c_all(r_inverse(r_primitive(on,0,1)),c_primitive(clear_g,0)),c_not(c_primitive(clear,0))))
n_count(c_and(c_not(c_and(c_primitive(clear,0),c_primitive(on-table,0))),c_not(c_primitive(clear_g,0))))
n_count(c_and(c_not(c_primitive(clear_g,0)),c_not(c_some(r_primitive(on,0,1),c_primitive(clear_g,0)))))
n_count(c_and(c_not(c_primitive(clear_g,0)),c_not(c_some(r_primitive(on,0,1),c_primitive(on-table,0)))))
n_count(c_and(c_not(c_all(r_primitive(on,0,1),c_primitive(clear_g,0))),c_not(c_primitive(clear_g,0))))
n_count(c_and(c_not(c_all(r_primitive(on,0,1),c_primitive(on-table,0))),c_not(c_primitive(clear_g,0))))
n_count(c_and(c_all(r_inverse(r_primitive(on,0,1)),c_bot),c_not(c_primitive(clear_g,0))))
n_count(c_and(c_all(r_inverse(r_primitive(on,0,1)),c_primitive(clear,0)),c_not(c_primitive(clear_g,0))))
n_count(c_and(c_all(r_transitive_closure(r_primitive(on,0,1)),c_primitive(clear_g,0)),c_not(c_primitive(clear_g,0))))
n_count(c_and(c_not(c_and(c_primitive(clear,0),c_primitive(clear_g,0))),c_not(c_primitive(on-table,0))))
n_count(c_and(c_not(c_primitive(on-table,0)),c_not(c_some(r_primitive(on,0,1),c_primitive(clear_g,0)))))
n_count(c_and(c_all(r_inverse(r_primitive(on,0,1)),c_primitive(clear_g,0)),c_not(c_primitive(on-table,0))))
n_count(c_and(c_all(r_transitive_closure(r_primitive(on,0,1)),c_primitive(clear_g,0)),c_not(c_primitive(on-table,0))))
n_count(c_and(c_not(c_and(c_primitive(clear,0),c_primitive(clear_g,0))),c_not(c_primitive(holding,0))))
n_count(c_and(c_not(c_and(c_primitive(clear,0),c_primitive(on-table,0))),c_not(c_primitive(holding,0))))
n_count(c_and(c_not(c_and(c_primitive(clear_g,0),c_primitive(on-table,0))),c_not(c_primitive(holding,0))))
n_count(c_and(c_not(c_primitive(holding,0)),c_not(c_some(r_primitive(on,0,1),c_primitive(clear_g,0)))))
n_count(c_and(c_not(c_primitive(holding,0)),c_not(c_some(r_primitive(on,0,1),c_primitive(on-table,0)))))
n_count(c_and(c_all(r_inverse(r_primitive(on,0,1)),c_primitive(clear_g,0)),c_not(c_primitive(holding,0))))
n_count(c_and(c_all(r_transitive_closure(r_primitive(on,0,1)),c_primitive(clear_g,0)),c_not(c_primitive(holding,0))))
n_count(c_not(c_and(c_and(c_not(c_primitive(on-table,0)),c_primitive(clear_g,0)),c_primitive(clear,0))))
n_count(c_not(c_and(c_and(c_not(c_primitive(clear_g,0)),c_primitive(on-table,0)),c_primitive(clear,0))))
n_count(c_not(c_and(c_not(c_and(c_primitive(clear_g,0),c_primitive(on-table,0))),c_primitive(clear,0))))
n_count(c_not(c_and(c_not(c_some(r_primitive(on,0,1),c_primitive(clear_g,0))),c_primitive(clear,0))))
n_count(c_not(c_and(c_not(c_some(r_primitive(on,0,1),c_primitive(on-table,0))),c_primitive(clear,0))))
n_count(c_not(c_and(c_not(c_all(r_primitive(on,0,1),c_primitive(clear_g,0))),c_primitive(clear,0))))
n_count(c_not(c_and(c_all(r_transitive_closure(r_primitive(on,0,1)),c_primitive(clear_g,0)),c_primitive(clear,0))))
n_count(c_not(c_and(c_not(c_and(c_primitive(clear,0),c_primitive(on-table,0))),c_primitive(clear_g,0))))
n_count(c_not(c_and(c_not(c_some(r_primitive(on,0,1),c_primitive(on-table,0))),c_primitive(clear_g,0))))
n_count(c_not(c_and(c_not(c_all(r_primitive(on,0,1),c_primitive(on-table,0))),c_primitive(clear_g,0))))
n_count(c_not(c_and(c_all(r_inverse(r_primitive(on,0,1)),c_bot),c_primitive(clear_g,0))))
n_count(c_not(c_and(c_all(r_inverse(r_primitive(on,0,1)),c_primitive(clear,0)),c_primitive(clear_g,0))))
n_count(c_not(c_and(c_all(r_inverse(r_primitive(on,0,1)),c_primitive(clear_g,0)),c_primitive(on-table,0))))
n_count(c_not(c_and(c_all(r_primitive(on,0,1),c_primitive(clear_g,0)),c_not(c_primitive(clear,0)))))
n_count(c_not(c_and(c_equal(r_primitive(on,0,1),r_primitive(on_g,0,1)),c_not(c_primitive(clear_g,0)))))
n_count(c_not(c_and(c_all(r_primitive(on,0,1),c_primitive(clear_g,0)),c_not(c_primitive(clear_g,0)))))
n_count(c_not(c_and(c_all(r_primitive(on,0,1),c_primitive(on-table,0)),c_not(c_primitive(clear_g,0)))))
n_count(c_not(c_some(r_transitive_closure(r_primitive(on,0,1)),c_and(c_primitive(clear_g,0),c_primitive(on-table,0)))))
n_count(c_not(c_all(r_primitive(on,0,1),c_and(c_not(c_primitive(on-table,0)),c_primitive(clear_g,0)))))
n_count(c_not(c_all(r_primitive(on,0,1),c_and(c_not(c_primitive(clear_g,0)),c_primitive(on-table,0)))))
n_count(c_some(r_primitive(on,0,1),c_and(c_not(c_primitive(clear_g,0)),c_not(c_primitive(on-table,0)))))
n_count(c_some(r_inverse(r_primitive(on,0,1)),c_all(r_inverse(r_primitive(on,0,1)),c_primitive(clear_g,0))))
n_count(c_some(r_transitive_closure(r_primitive(on,0,1)),c_and(c_not(c_primitive(clear_g,0)),c_primitive(on-table,0))))
n_count(c_some(r_transitive_closure(r_primitive(on,0,1)),c_some(r_inverse(r_primitive(on,0,1)),c_primitive(clear_g,0))))
n_count(c_some(r_inverse(r_transitive_closure(r_primitive(on,0,1))),c_and(c_primitive(clear,0),c_primitive(clear_g,0))))
n_count(c_some(r_inverse(r_transitive_closure(r_primitive(on,0,1))),c_some(r_primitive(on,0,1),c_primitive(clear_g,0))))
n_count(c_all(r_primitive(on,0,1),c_and(c_not(c_primitive(clear_g,0)),c_not(c_primitive(on-table,0)))))
n_count(c_all(r_primitive(on,0,1),c_some(r_inverse(r_transitive_closure(r_primitive(on,0,1))),c_primitive(clear_g,0))))
n_count(c_all(r_inverse(r_primitive(on,0,1)),c_and(c_not(c_primitive(clear_g,0)),c_primitive(clear,0))))
n_count(c_all(r_inverse(r_primitive(on,0,1)),c_some(r_inverse(r_primitive(on,0,1)),c_primitive(clear_g,0))))
n_count(c_all(r_inverse(r_primitive(on,0,1)),c_some(r_transitive_closure(r_primitive(on,0,1)),c_primitive(clear_g,0))))
n_count(c_all(r_inverse(r_primitive(on,0,1)),c_all(r_inverse(r_primitive(on,0,1)),c_primitive(clear_g,0))))
n_count(c_all(r_transitive_closure(r_primitive(on,0,1)),c_some(r_inverse(r_primitive(on,0,1)),c_primitive(clear,0))))
n_count(c_all(r_transitive_closure(r_primitive(on,0,1)),c_some(r_inverse(r_primitive(on,0,1)),c_primitive(clear_g,0))))
n_count(c_all(r_inverse(r_transitive_closure(r_primitive(on,0,1))),c_some(r_primitive(on,0,1),c_primitive(clear_g,0))))
n_concept_distance(c_primitive(clear_g,0),r_restrict(r_primitive(on,0,1),c_primitive(on-table,0)),c_equal(r_primitive(on,0,1),r_primitive(on_g,0,1)))
n_concept_distance(c_primitive(clear_g,0),r_primitive(on,0,1),c_and(c_primitive(clear,0),c_some(r_primitive(on,0,1),c_primitive(on-table,0))))
n_concept_distance(c_primitive(clear_g,0),r_primitive(on,0,1),c_and(c_all(r_primitive(on,0,1),c_primitive(on-table,0)),c_primitive(clear,0)))
n_concept_distance(c_primitive(clear_g,0),r_primitive(on,0,1),c_and(c_not(c_primitive(clear,0)),c_not(c_primitive(on-table,0))))
n_concept_distance(c_primitive(clear_g,0),r_primitive(on,0,1),c_and(c_not(c_primitive(clear_g,0)),c_not(c_primitive(on-table,0))))
n_concept_distance(c_primitive(clear_g,0),r_primitive(on,0,1),c_not(c_and(c_not(c_primitive(clear,0)),c_primitive(clear_g,0))))
n_concept_distance(c_primitive(clear_g,0),r_primitive(on,0,1),c_not(c_and(c_not(c_primitive(on-table,0)),c_primitive(clear_g,0))))
n_concept_distance(c_primitive(clear_g,0),r_primitive(on,0,1),c_not(c_and(c_not(c_primitive(holding,0)),c_primitive(clear_g,0))))
n_concept_distance(c_primitive(clear_g,0),r_primitive(on,0,1),c_not(c_and(c_not(c_primitive(clear,0)),c_primitive(on-table,0))))
n_concept_distance(c_primitive(clear_g,0),r_primitive(on,0,1),c_not(c_some(r_inverse(r_primitive(on,0,1)),c_primitive(clear,0))))
n_concept_distance(c_primitive(clear_g,0),r_primitive(on,0,1),c_not(c_all(r_inverse(r_primitive(on,0,1)),c_primitive(clear,0))))
n_concept_distance(c_primitive(clear_g,0),r_primitive(on,0,1),c_not(c_all(r_inverse(r_primitive(on,0,1)),c_primitive(clear_g,0))))
n_concept_distance(c_primitive(clear_g,0),r_primitive(on_g,0,1),c_and(c_not(c_primitive(clear,0)),c_not(c_primitive(on-table,0))))
n_concept_distance(c_primitive(clear_g,0),r_primitive(on_g,0,1),c_not(c_and(c_not(c_primitive(on-table,0)),c_primitive(clear,0))))
n_concept_distance(c_primitive(clear_g,0),r_primitive(on_g,0,1),c_not(c_some(r_inverse(r_primitive(on,0,1)),c_primitive(clear,0))))
n_concept_distance(c_primitive(clear_g,0),r_primitive(on_g,0,1),c_not(c_all(r_inverse(r_primitive(on,0,1)),c_primitive(clear,0))))
n_count(c_and(c_and(c_not(c_some(r_primitive(on,0,1),c_primitive(on-table,0))),c_primitive(clear_g,0)),c_primitive(clear,0)))
n_count(c_and(c_and(c_not(c_primitive(clear_g,0)),c_some(r_primitive(on,0,1),c_primitive(on-table,0))),c_primitive(clear,0)))
n_count(c_and(c_and(c_all(r_primitive(on,0,1),c_primitive(clear_g,0)),c_not(c_primitive(clear_g,0))),c_primitive(clear,0)))
n_count(c_and(c_and(c_all(r_primitive(on,0,1),c_primitive(on-table,0)),c_not(c_primitive(clear_g,0))),c_primitive(clear,0)))
n_count(c_and(c_not(c_and(c_primitive(clear_g,0),c_some(r_primitive(on,0,1),c_primitive(on-table,0)))),c_primitive(clear,0)))
n_count(c_and(c_not(c_and(c_all(r_primitive(on,0,1),c_primitive(on-table,0)),c_primitive(clear_g,0))),c_primitive(clear,0)))
n_count(c_and(c_not(c_and(c_not(c_primitive(clear_g,0)),c_not(c_primitive(on-table,0)))),c_primitive(clear,0)))
n_count(c_and(c_not(c_some(r_primitive(on,0,1),c_and(c_primitive(clear_g,0),c_primitive(on-table,0)))),c_primitive(clear,0)))
n_count(c_and(c_not(c_some(r_primitive(on,0,1),c_some(r_primitive(on,0,1),c_primitive(clear_g,0)))),c_primitive(clear,0)))
n_count(c_and(c_not(c_some(r_primitive(on,0,1),c_all(r_primitive(on,0,1),c_primitive(clear_g,0)))),c_primitive(clear,0)))
n_count(c_and(c_not(c_all(r_primitive(on,0,1),c_some(r_primitive(on,0,1),c_primitive(clear_g,0)))),c_primitive(clear,0)))
n_count(c_and(c_not(c_all(r_restrict(r_primitive(on,0,1),c_primitive(on-table,0)),c_primitive(clear_g,0))),c_primitive(clear,0)))
n_count(c_and(c_all(r_primitive(on,0,1),c_and(c_not(c_primitive(on-table,0)),c_primitive(clear_g,0))),c_primitive(clear,0)))
n_count(c_and(c_all(r_primitive(on,0,1),c_and(c_not(c_primitive(clear_g,0)),c_primitive(on-table,0))),c_primitive(clear,0)))
n_count(c_and(c_and(c_all(r_inverse(r_primitive(on,0,1)),c_primitive(clear,0)),c_primitive(on-table,0)),c_primitive(clear_g,0)))
n_count(c_and(c_and(c_equal(r_primitive(on,0,1),r_primitive(on_g,0,1)),c_not(c_primitive(clear,0))),c_primitive(clear_g,0)))
n_count(c_and(c_and(c_all(r_primitive(on,0,1),c_primitive(on-table,0)),c_not(c_primitive(on-table,0))),c_primitive(clear_g,0)))
n_count(c_and(c_and(c_all(r_primitive(on,0,1),c_primitive(on-table,0)),c_not(c_primitive(holding,0))),c_primitive(clear_g,0)))
n_count(c_and(c_not(c_and(c_primitive(clear,0),c_some(r_primitive(on,0,1),c_primitive(on-table,0)))),c_primitive(clear_g,0)))
n_count(c_and(c_not(c_and(c_all(r_primitive(on,0,1),c_primitive(on-table,0)),c_primitive(clear,0))),c_primitive(clear_g,0)))
n_count(c_and(c_not(c_and(c_not(c_primitive(clear,0)),c_not(c_primitive(on-table,0)))),c_primitive(clear_g,0)))
n_count(c_and(c_all(r_primitive(on,0,1),c_some(r_inverse(r_primitive(on,0,1)),c_primitive(clear,0))),c_primitive(clear_g,0)))
n_count(c_and(c_not(c_and(c_not(c_primitive(clear,0)),c_not(c_primitive(clear_g,0)))),c_primitive(on-table,0)))
n_count(c_and(c_not(c_some(r_inverse(r_transitive_closure(r_primitive(on,0,1))),c_primitive(clear_g,0))),c_primitive(on-table,0)))
n_count(c_and(c_not(c_all(r_inverse(r_transitive_closure(r_primitive(on,0,1))),c_primitive(clear_g,0))),c_primitive(on-table,0)))
n_count(c_and(c_and(c_not(c_primitive(clear_g,0)),c_not(c_primitive(on-table,0))),c_not(c_primitive(clear,0))))
n_count(c_and(c_not(c_and(c_not(c_primitive(on-table,0)),c_primitive(clear_g,0))),c_not(c_primitive(clear,0))))
n_count(c_and(c_not(c_and(c_not(c_primitive(clear_g,0)),c_primitive(on-table,0))),c_not(c_primitive(clear,0))))
n_count(c_and(c_not(c_and(c_not(c_primitive(clear_g,0)),c_primitive(holding,0))),c_not(c_primitive(clear,0))))
n_count(c_and(c_not(c_primitive(clear,0)),c_not(c_some(r_inverse(r_primitive(on,0,1)),c_primitive(clear_g,0)))))
n_count(c_and(c_all(r_inverse(r_transitive_closure(r_primitive(on,0,1))),c_primitive(clear_g,0)),c_not(c_primitive(clear,0))))
n_count(c_and(c_not(c_and(c_not(c_primitive(on-table,0)),c_primitive(clear,0))),c_not(c_primitive(clear_g,0))))
n_count(c_and(c_not(c_and(c_not(c_primitive(clear,0)),c_primitive(on-table,0))),c_not(c_primitive(clear_g,0))))
n_count(c_and(c_not(c_primitive(clear_g,0)),c_not(c_some(r_inverse(r_primitive(on,0,1)),c_primitive(clear,0)))))
n_count(c_and(c_not(c_primitive(clear_g,0)),c_not(c_some(r_inverse(r_primitive(on,0,1)),c_primitive(clear_g,0)))))
n_count(c_and(c_not(c_primitive(clear_g,0)),c_not(c_some(r_transitive_closure(r_primitive(on,0,1)),c_primitive(clear_g,0)))))
n_count(c_and(c_not(c_all(r_transitive_closure(r_primitive(on,0,1)),c_primitive(clear_g,0))),c_not(c_primitive(clear_g,0))))
n_count(c_and(c_not(c_primitive(clear_g,0)),c_some(r_primitive(on,0,1),c_all(r_primitive(on,0,1),c_primitive(clear_g,0)))))
n_count(c_and(c_all(r_primitive(on,0,1),c_some(r_primitive(on,0,1),c_primitive(clear_g,0))),c_not(c_primitive(clear_g,0))))
n_count(c_and(c_all(r_primitive(on,0,1),c_all(r_primitive(on,0,1),c_primitive(clear_g,0))),c_not(c_primitive(clear_g,0))))
n_count(c_and(c_all(r_restrict(r_primitive(on,0,1),c_primitive(on-table,0)),c_primitive(clear_g,0)),c_not(c_primitive(clear_g,0))))
n_count(c_and(c_not(c_and(c_not(c_primitive(clear_g,0)),c_primitive(clear,0))),c_not(c_primitive(on-table,0))))
n_count(c_and(c_not(c_primitive(on-table,0)),c_not(c_some(r_inverse(r_primitive(on,0,1)),c_primitive(clear_g,0)))))
n_count(c_and(c_not(c_primitive(on-table,0)),c_not(c_some(r_transitive_closure(r_primitive(on,0,1)),c_primitive(clear_g,0)))))
n_count(c_and(c_all(r_primitive(on,0,1),c_some(r_primitive(on,0,1),c_primitive(clear_g,0))),c_not(c_primitive(on-table,0))))
n_count(c_and(c_all(r_restrict(r_primitive(on,0,1),c_primitive(clear_g,0)),c_primitive(on-table,0)),c_not(c_primitive(on-table,0))))
n_count(c_and(c_not(c_and(c_not(c_primitive(clear_g,0)),c_primitive(clear,0))),c_not(c_primitive(holding,0))))
n_count(c_and(c_not(c_and(c_not(c_primitive(on-table,0)),c_primitive(clear_g,0))),c_not(c_primitive(holding,0))))
n_count(c_and(c_not(c_and(c_not(c_primitive(clear_g,0)),c_primitive(on-table,0))),c_not(c_primitive(holding,0))))
n_count(c_and(c_not(c_primitive(holding,0)),c_not(c_some(r_transitive_closure(r_primitive(on,0,1)),c_primitive(clear_g,0)))))
n_count(c_and(c_all(r_primitive(on,0,1),c_some(r_primitive(on,0,1),c_primitive(clear_g,0))),c_not(c_primitive(holding,0))))
n_count(c_and(c_all(r_primitive(on,0,1),c_all(r_primitive(on,0,1),c_primitive(clear_g,0))),c_not(c_primitive(holding,0))))
n_count(c_and(c_all(r_restrict(r_primitive(on,0,1),c_primitive(clear_g,0)),c_primitive(on-table,0)),c_not(c_primitive(holding,0))))
n_count(c_and(c_all(r_restrict(r_primitive(on,0,1),c_primitive(on-table,0)),c_primitive(clear_g,0)),c_not(c_primitive(holding,0))))
n_count(c_and(c_all(r_inverse(r_transitive_closure(r_primitive(on,0,1))),c_primitive(clear_g,0)),c_not(c_primitive(holding,0))))
n_count(c_and(c_equal(r_primitive(on,0,1),r_primitive(on_g,0,1)),c_not(c_and(c_primitive(clear,0),c_primitive(clear_g,0)))))
n_count(c_and(c_equal(r_primitive(on,0,1),r_primitive(on_g,0,1)),c_not(c_and(c_primitive(clear_g,0),c_primitive(on-table,0)))))
n_count(c_and(c_equal(r_primitive(on,0,1),r_primitive(on_g,0,1)),c_not(c_and(c_primitive(clear_g,0),c_primitive(holding,0)))))
n_count(c_and(c_all(r_inverse(r_primitive(on,0,1)),c_bot),c_equal(r_primitive(on,0,1),r_primitive(on_g,0,1))))
n_count(c_and(c_all(r_inverse(r_primitive(on,0,1)),c_primitive(clear,0)),c_equal(r_primitive(on,0,1),r_primitive(on_g,0,1))))
n_count(c_and(c_all(r_inverse(r_primitive(on,0,1)),c_primitive(clear_g,0)),c_equal(r_primitive(on,0,1),r_primitive(on_g,0,1))))
n_count(c_and(c_all(r_inverse(r_primitive(on,0,1)),c_primitive(clear_g,0)),c_some(r_primitive(on,0,1),c_primitive(on-table,0))))
n_count(c_and(c_all(r_primitive(on,0,1),c_primitive(clear_g,0)),c_not(c_and(c_primitive(clear,0),c_primitive(clear_g,0)))))
n_count(c_and(c_all(r_primitive(on,0,1),c_primitive(clear_g,0)),c_not(c_and(c_primitive(clear,0),c_primitive(on-table,0)))))
n_count(c_and(c_all(r_primitive(on,0,1),c_primitive(clear_g,0)),c_not(c_and(c_primitive(clear_g,0),c_primitive(on-table,0)))))
n_count(c_and(c_all(r_primitive(on,0,1),c_primitive(clear_g,0)),c_not(c_and(c_primitive(clear_g,0),c_primitive(holding,0)))))
n_count(c_and(c_all(r_inverse(r_primitive(on,0,1)),c_bot),c_all(r_primitive(on,0,1),c_primitive(clear_g,0))))
n_count(c_and(c_all(r_inverse(r_primitive(on,0,1)),c_primitive(clear,0)),c_all(r_primitive(on,0,1),c_primitive(clear_g,0))))
n_count(c_and(c_all(r_inverse(r_primitive(on,0,1)),c_primitive(clear_g,0)),c_all(r_primitive(on,0,1),c_primitive(clear_g,0))))
n_count(c_and(c_all(r_primitive(on,0,1),c_primitive(on-table,0)),c_not(c_and(c_primitive(clear,0),c_primitive(clear_g,0)))))
n_count(c_and(c_all(r_primitive(on,0,1),c_primitive(on-table,0)),c_not(c_and(c_primitive(clear_g,0),c_primitive(on-table,0)))))
n_count(c_and(c_all(r_primitive(on,0,1),c_primitive(on-table,0)),c_not(c_and(c_primitive(clear_g,0),c_primitive(holding,0)))))
n_count(c_and(c_all(r_inverse(r_primitive(on,0,1)),c_primitive(clear_g,0)),c_all(r_primitive(on,0,1),c_primitive(on-table,0))))
n_count(c_not(c_and(c_and(c_primitive(clear_g,0),c_some(r_primitive(on,0,1),c_primitive(on-table,0))),c_primitive(clear,0))))
n_count(c_not(c_and(c_and(c_all(r_primitive(on,0,1),c_primitive(on-table,0)),c_primitive(clear_g,0)),c_primitive(clear,0))))
n_count(c_not(c_and(c_and(c_not(c_primitive(clear_g,0)),c_not(c_primitive(on-table,0))),c_primitive(clear,0))))
n_count(c_not(c_and(c_not(c_and(c_not(c_primitive(on-table,0)),c_primitive(clear_g,0))),c_primitive(clear,0))))
n_count(c_not(c_and(c_not(c_and(c_not(c_primitive(clear_g,0)),c_primitive(on-table,0))),c_primitive(clear,0))))
n_count(c_not(c_and(c_not(c_some(r_transitive_closure(r_primitive(on,0,1)),c_primitive(clear_g,0))),c_primitive(clear,0))))
n_count(c_not(c_and(c_not(c_all(r_transitive_closure(r_primitive(on,0,1)),c_primitive(clear_g,0))),c_primitive(clear,0))))
n_count(c_not(c_and(c_primitive(clear,0),c_some(r_primitive(on,0,1),c_and(c_primitive(clear_g,0),c_primitive(on-table,0))))))
n_count(c_not(c_and(c_primitive(clear,0),c_some(r_primitive(on,0,1),c_all(r_primitive(on,0,1),c_primitive(clear_g,0))))))
n_count(c_not(c_and(c_all(r_primitive(on,0,1),c_some(r_primitive(on,0,1),c_primitive(clear_g,0))),c_primitive(clear,0))))
n_count(c_not(c_and(c_all(r_primitive(on,0,1),c_all(r_primitive(on,0,1),c_primitive(clear_g,0))),c_primitive(clear,0))))
n_count(c_not(c_and(c_all(r_restrict(r_primitive(on,0,1),c_primitive(clear_g,0)),c_primitive(on-table,0)),c_primitive(clear,0))))
n_count(c_not(c_and(c_all(r_restrict(r_primitive(on,0,1),c_primitive(on-table,0)),c_primitive(clear_g,0)),c_primitive(clear,0))))
n_count(c_not(c_and(c_and(c_not(c_primitive(clear,0)),c_not(c_primitive(on-table,0))),c_primitive(clear_g,0))))
n_count(c_not(c_and(c_not(c_and(c_not(c_primitive(on-table,0)),c_primitive(clear,0))),c_primitive(clear_g,0))))
n_count(c_not(c_and(c_not(c_and(c_not(c_primitive(clear,0)),c_primitive(on-table,0))),c_primitive(clear_g,0))))
n_count(c_not(c_and(c_not(c_some(r_inverse(r_primitive(on,0,1)),c_primitive(clear,0))),c_primitive(clear_g,0))))
n_count(c_not(c_and(c_not(c_and(c_not(c_primitive(clear,0)),c_primitive(clear_g,0))),c_primitive(on-table,0))))
n_count(c_not(c_and(c_not(c_some(r_inverse(r_primitive(on,0,1)),c_primitive(clear_g,0))),c_primitive(on-table,0))))
n_count(c_not(c_and(c_all(r_inverse(r_transitive_closure(r_primitive(on,0,1))),c_primitive(clear_g,0)),c_primitive(on-table,0))))
n_count(c_not(c_and(c_not(c_and(c_primitive(clear_g,0),c_primitive(holding,0))),c_not(c_primitive(clear,0)))))
n_count(c_not(c_and(c_not(c_and(c_primitive(clear,0),c_primitive(on-table,0))),c_not(c_primitive(clear_g,0)))))
n_count(c_not(c_and(c_not(c_primitive(clear_g,0)),c_not(c_some(r_primitive(on,0,1),c_primitive(clear_g,0))))))
n_count(c_not(c_and(c_not(c_primitive(clear_g,0)),c_not(c_some(r_primitive(on,0,1),c_primitive(on-table,0))))))
n_count(c_not(c_and(c_not(c_all(r_primitive(on,0,1),c_primitive(clear_g,0))),c_not(c_primitive(clear_g,0)))))
n_count(c_not(c_and(c_all(r_inverse(r_primitive(on,0,1)),c_bot),c_not(c_primitive(clear_g,0)))))
n_count(c_not(c_and(c_all(r_inverse(r_primitive(on,0,1)),c_primitive(clear,0)),c_not(c_primitive(clear_g,0)))))
n_count(c_not(c_and(c_all(r_transitive_closure(r_primitive(on,0,1)),c_primitive(clear_g,0)),c_not(c_primitive(clear_g,0)))))
n_count(c_not(c_and(c_all(r_inverse(r_primitive(on,0,1)),c_primitive(clear_g,0)),c_not(c_primitive(on-table,0)))))
n_count(c_not(c_and(c_all(r_transitive_closure(r_primitive(on,0,1)),c_primitive(clear_g,0)),c_not(c_primitive(on-table,0)))))
n_count(c_not(c_and(c_not(c_and(c_primitive(clear,0),c_primitive(clear_g,0))),c_not(c_primitive(holding,0)))))
n_count(c_not(c_and(c_not(c_and(c_primitive(clear_g,0),c_primitive(on-table,0))),c_not(c_primitive(holding,0)))))
n_count(c_not(c_some(r_primitive(on,0,1),c_and(c_not(c_primitive(clear_g,0)),c_not(c_primitive(on-table,0))))))
n_count(c_not(c_some(r_inverse(r_primitive(on,0,1)),c_all(r_inverse(r_primitive(on,0,1)),c_primitive(clear_g,0)))))
n_count(c_not(c_some(r_transitive_closure(r_primitive(on,0,1)),c_and(c_not(c_primitive(clear_g,0)),c_primitive(on-table,0)))))
n_count(c_not(c_some(r_transitive_closure(r_primitive(on,0,1)),c_some(r_inverse(r_primitive(on,0,1)),c_primitive(clear_g,0)))))
n_count(c_not(c_some(r_inverse(r_transitive_closure(r_primitive(on,0,1))),c_and(c_primitive(clear,0),c_primitive(clear_g,0)))))
n_count(c_not(c_some(r_inverse(r_transitive_closure(r_primitive(on,0,1))),c_some(r_primitive(on,0,1),c_primitive(clear_g,0)))))
n_count(c_not(c_all(r_primitive(on,0,1),c_and(c_not(c_primitive(clear_g,0)),c_not(c_primitive(on-table,0))))))
n_count(c_not(c_all(r_primitive(on,0,1),c_some(r_inverse(r_transitive_closure(r_primitive(on,0,1))),c_primitive(clear_g,0)))))
n_count(c_not(c_all(r_inverse(r_primitive(on,0,1)),c_and(c_not(c_primitive(clear_g,0)),c_primitive(clear,0)))))
n_count(c_not(c_all(r_inverse(r_primitive(on,0,1)),c_some(r_inverse(r_primitive(on,0,1)),c_primitive(clear_g,0)))))
n_count(c_not(c_all(r_inverse(r_primitive(on,0,1)),c_some(r_transitive_closure(r_primitive(on,0,1)),c_primitive(clear_g,0)))))
n_count(c_not(c_all(r_transitive_closure(r_primitive(on,0,1)),c_some(r_inverse(r_primitive(on,0,1)),c_primitive(clear,0)))))
n_count(c_not(c_all(r_transitive_closure(r_primitive(on,0,1)),c_some(r_inverse(r_primitive(on,0,1)),c_primitive(clear_g,0)))))
n_count(c_not(c_all(r_inverse(r_transitive_closure(r_primitive(on,0,1))),c_some(r_primitive(on,0,1),c_primitive(clear_g,0)))))
n_count(c_some(r_primitive(on,0,1),c_all(r_inverse(r_restrict(r_primitive(on,0,1),c_primitive(on-table,0))),c_primitive(clear_g,0))))
n_count(c_some(r_transitive_closure(r_primitive(on,0,1)),c_some(r_inverse(r_transitive_closure(r_primitive(on,0,1))),c_primitive(clear_g,0))))
n_count(c_some(r_inverse(r_transitive_closure(r_primitive(on,0,1))),c_and(c_not(c_primitive(clear_g,0)),c_primitive(clear,0))))
n_count(c_some(r_inverse(r_transitive_closure(r_primitive(on,0,1))),c_some(r_transitive_closure(r_primitive(on,0,1)),c_primitive(clear_g,0))))
n_count(c_all(r_primitive(on,0,1),c_and(c_all(r_primitive(on,0,1),c_primitive(clear_g,0)),c_not(c_primitive(clear_g,0)))))
n_count(c_all(r_transitive_closure(r_primitive(on,0,1)),c_all(r_inverse(r_transitive_closure(r_primitive(on,0,1))),c_primitive(clear_g,0))))
n_count(c_all(r_inverse(r_transitive_closure(r_primitive(on,0,1))),c_all(r_transitive_closure(r_primitive(on,0,1)),c_primitive(clear_g,0))))
n_count(c_all(r_inverse(r_restrict(r_primitive(on,0,1),c_primitive(on-table,0))),c_and(c_primitive(clear,0),c_primitive(clear_g,0))))
n_concept_distance(c_primitive(clear_g,0),r_restrict(r_primitive(on,0,1),c_primitive(on-table,0)),c_and(c_not(c_primitive(clear,0)),c_primitive(on-table,0)))
n_concept_distance(c_primitive(clear_g,0),r_restrict(r_primitive(on,0,1),c_primitive(on-table,0)),c_some(r_inverse(r_primitive(on,0,1)),c_top))
n_concept_distance(c_primitive(clear_g,0),r_restrict(r_primitive(on,0,1),c_primitive(on-table,0)),c_some(r_inverse(r_primitive(on,0,1)),c_primitive(clear,0)))
n_concept_distance(c_primitive(clear_g,0),r_primitive(on,0,1),c_and(c_not(c_some(r_primitive(on,0,1),c_primitive(on-table,0))),c_primitive(clear,0)))
n_concept_distance(c_primitive(clear_g,0),r_primitive(on,0,1),c_and(c_primitive(on-table,0),c_some(r_inverse(r_primitive(on,0,1)),c_primitive(clear,0))))
n_concept_distance(c_primitive(clear_g,0),r_primitive(on,0,1),c_and(c_all(r_inverse(r_primitive(on,0,1)),c_primitive(clear,0)),c_primitive(on-table,0)))
n_concept_distance(c_primitive(clear_g,0),r_primitive(on,0,1),c_and(c_all(r_inverse(r_primitive(on,0,1)),c_primitive(clear_g,0)),c_primitive(on-table,0)))
n_concept_distance(c_primitive(clear_g,0),r_primitive(on,0,1),c_and(c_equal(r_primitive(on,0,1),r_primitive(on_g,0,1)),c_not(c_primitive(clear,0))))
n_concept_distance(c_primitive(clear_g,0),r_primitive(on,0,1),c_and(c_not(c_primitive(clear,0)),c_some(r_primitive(on,0,1),c_top)))
n_concept_distance(c_primitive(clear_g,0),r_primitive(on,0,1),c_and(c_all(r_primitive(on,0,1),c_primitive(on-table,0)),c_not(c_primitive(on-table,0))))
n_concept_distance(c_primitive(clear_g,0),r_primitive(on,0,1),c_and(c_all(r_primitive(on,0,1),c_primitive(on-table,0)),c_not(c_primitive(holding,0))))
n_concept_distance(c_primitive(clear_g,0),r_primitive(on,0,1),c_not(c_and(c_all(r_primitive(on,0,1),c_primitive(on-table,0)),c_primitive(clear,0))))
n_concept_distance(c_primitive(clear_g,0),r_primitive(on,0,1),c_not(c_and(c_all(r_primitive(on,0,1),c_primitive(on-table,0)),c_primitive(clear_g,0))))
n_concept_distance(c_primitive(clear_g,0),r_primitive(on,0,1),c_not(c_and(c_not(c_primitive(clear,0)),c_not(c_primitive(on-table,0)))))
n_concept_distance(c_primitive(clear_g,0),r_primitive(on,0,1),c_some(r_inverse(r_primitive(on,0,1)),c_and(c_primitive(clear,0),c_primitive(clear_g,0))))
n_concept_distance(c_primitive(clear_g,0),r_primitive(on_g,0,1),c_and(c_primitive(on-table,0),c_some(r_inverse(r_primitive(on,0,1)),c_primitive(clear,0))))
n_concept_distance(c_primitive(clear_g,0),r_primitive(on_g,0,1),c_and(c_all(r_inverse(r_primitive(on,0,1)),c_primitive(clear,0)),c_primitive(on-table,0)))
n_concept_distance(c_primitive(clear_g,0),r_primitive(on_g,0,1),c_and(c_equal(r_primitive(on,0,1),r_primitive(on_g,0,1)),c_not(c_primitive(clear,0))))
n_concept_distance(c_primitive(clear_g,0),r_primitive(on_g,0,1),c_and(c_not(c_primitive(clear,0)),c_some(r_primitive(on,0,1),c_top)))
n_concept_distance(c_primitive(clear_g,0),r_primitive(on_g,0,1),c_and(c_all(r_primitive(on,0,1),c_primitive(on-table,0)),c_not(c_primitive(on-table,0))))
n_concept_distance(c_primitive(clear_g,0),r_primitive(on_g,0,1),c_and(c_all(r_primitive(on,0,1),c_primitive(on-table,0)),c_not(c_primitive(holding,0))))
n_concept_distance(c_primitive(clear_g,0),r_primitive(on_g,0,1),c_not(c_and(c_primitive(clear,0),c_some(r_primitive(on,0,1),c_primitive(on-table,0)))))
n_concept_distance(c_primitive(clear_g,0),r_primitive(on_g,0,1),c_not(c_and(c_all(r_primitive(on,0,1),c_primitive(on-table,0)),c_primitive(clear,0))))
n_concept_distance(c_primitive(clear_g,0),r_primitive(on_g,0,1),c_not(c_and(c_not(c_primitive(clear,0)),c_not(c_primitive(on-table,0)))))
n_concept_distance(c_primitive(clear_g,0),r_primitive(on_g,0,1),c_all(r_primitive(on,0,1),c_some(r_inverse(r_primitive(on,0,1)),c_primitive(clear,0))))
Number of selected training instances: 1
Sum of number of states in selected training instances: 22
Max of number of states in selected training instances: 22
Number of features in the pool: 503
Resulting sketch:
(:policy
(:boolean_features "b_nullary(arm-empty)")
(:numerical_features "n_count(c_and(c_primitive(clear,0),c_primitive(clear_g,0)))" "n_count(c_primitive(clear,0))")
(:rule (:conditions (:c_b_neg 0) (:c_n_gt 1) (:c_n_eq 0)) (:effects (:e_b_pos 0) (:e_n_bot 1) (:e_n_inc 0)))
(:rule (:conditions (:c_b_neg 0) (:c_n_gt 1) (:c_n_eq 0)) (:effects (:e_b_pos 0) (:e_n_inc 1) (:e_n_bot 0)))
(:rule (:conditions (:c_b_neg 0) (:c_n_gt 1) (:c_n_eq 0)) (:effects (:e_b_pos 0) (:e_n_inc 1) (:e_n_inc 0)))
(:rule (:conditions (:c_b_pos 0) (:c_n_gt 1) (:c_n_eq 0)) (:effects (:e_b_neg 0) (:e_n_bot 1) (:e_n_bot 0)))
(:rule (:conditions (:c_b_pos 0) (:c_n_gt 1) (:c_n_eq 0)) (:effects (:e_b_neg 0) (:e_n_bot 1) (:e_n_inc 0)))
)
Numer of sketch rules: 5
Number of selected features: 3
Maximum complexity of selected feature: 4
Resulting sketch minimized:
(:policy
(:boolean_features "b_nullary(arm-empty)")
(:numerical_features "n_count(c_and(c_primitive(clear,0),c_primitive(clear_g,0)))" "n_count(c_primitive(clear,0))")
(:rule (:conditions (:c_b_neg 0) (:c_n_gt 1) (:c_n_eq 0)) (:effects (:e_b_pos 0) (:e_n_bot 1) (:e_n_inc 0)))
(:rule (:conditions (:c_b_neg 0) (:c_n_gt 1) (:c_n_eq 0)) (:effects (:e_b_pos 0) (:e_n_inc 1) (:e_n_bot 0)))
(:rule (:conditions (:c_b_neg 0) (:c_n_gt 1) (:c_n_eq 0)) (:effects (:e_b_pos 0) (:e_n_inc 1) (:e_n_inc 0)))
(:rule (:conditions (:c_b_pos 0) (:c_n_gt 1) (:c_n_eq 0)) (:effects (:e_b_neg 0) (:e_n_bot 1) (:e_n_bot 0)))
(:rule (:conditions (:c_b_pos 0) (:c_n_gt 1) (:c_n_eq 0)) (:effects (:e_b_neg 0) (:e_n_bot 1) (:e_n_inc 0)))
)
Numer of sketch rules: 5
Number of selected features: 3
Maximum complexity of selected feature: 4
Summary:
Resulting sketch:
(:policy
(:boolean_features "b_nullary(arm-empty)")
(:numerical_features "n_count(c_and(c_primitive(clear,0),c_primitive(clear_g,0)))" "n_count(c_primitive(clear,0))")
(:rule (:conditions (:c_b_neg 0) (:c_n_gt 1) (:c_n_eq 0)) (:effects (:e_b_pos 0) (:e_n_bot 1) (:e_n_inc 0)))
(:rule (:conditions (:c_b_neg 0) (:c_n_gt 1) (:c_n_eq 0)) (:effects (:e_b_pos 0) (:e_n_inc 1) (:e_n_bot 0)))
(:rule (:conditions (:c_b_neg 0) (:c_n_gt 1) (:c_n_eq 0)) (:effects (:e_b_pos 0) (:e_n_inc 1) (:e_n_inc 0)))
(:rule (:conditions (:c_b_pos 0) (:c_n_gt 1) (:c_n_eq 0)) (:effects (:e_b_neg 0) (:e_n_bot 1) (:e_n_bot 0)))
(:rule (:conditions (:c_b_pos 0) (:c_n_gt 1) (:c_n_eq 0)) (:effects (:e_b_neg 0) (:e_n_bot 1) (:e_n_inc 0)))
)
Numer of sketch rules: 5
Number of selected features: 3
Maximum complexity of selected feature: 4
Resulting structurally minimized sketch:
(:policy
(:boolean_features "b_nullary(arm-empty)")
(:numerical_features "n_count(c_and(c_primitive(clear,0),c_primitive(clear_g,0)))" "n_count(c_primitive(clear,0))")
(:rule (:conditions (:c_b_neg 0) (:c_n_gt 1) (:c_n_eq 0)) (:effects (:e_b_pos 0) (:e_n_bot 1) (:e_n_inc 0)))
(:rule (:conditions (:c_b_neg 0) (:c_n_gt 1) (:c_n_eq 0)) (:effects (:e_b_pos 0) (:e_n_inc 1) (:e_n_bot 0)))
(:rule (:conditions (:c_b_neg 0) (:c_n_gt 1) (:c_n_eq 0)) (:effects (:e_b_pos 0) (:e_n_inc 1) (:e_n_inc 0)))
(:rule (:conditions (:c_b_pos 0) (:c_n_gt 1) (:c_n_eq 0)) (:effects (:e_b_neg 0) (:e_n_bot 1) (:e_n_bot 0)))
(:rule (:conditions (:c_b_pos 0) (:c_n_gt 1) (:c_n_eq 0)) (:effects (:e_b_neg 0) (:e_n_bot 1) (:e_n_inc 0)))
)
Numer of sketch rules: 5
Number of selected features: 3
Maximum complexity of selected feature: 4
Number of training instances: 3
Number of selected training instances: 1
Number of states in selected training instances: 22
Max number of states in selected training instance: 22
Number of features in the pool: 503
RESOURCES FOR PREPROCESSING: 0.86 CPU sec - 97.87 MB
RESOURCES FOR LEARNING: 2.68 CPU sec - 97.87 MB
================================================================================
END OF STEP #1: Incremental learning module. 3.63 CPU sec - 115.44 MB
================================================================================
