INFO     planner time limit: None
INFO     planner memory limit: None

INFO     Running translator.
INFO     translator stdin: None
INFO     translator time limit: None
INFO     translator memory limit: None
INFO     translator command line string: /proj/ssiw/projects/code/sketch-learner/.venv/bin/python3 /proj/ssiw/projects/code/sketch-learner/learning/d2l/libs/dlplan/libs/scorpion/builds/release/bin/translate/translate.py /proj/ssiw/projects/code/sketch-learner/learning/d2l/benchmarks/blocks_4_clear/domain.pddl /proj/ssiw/projects/code/sketch-learner/learning/d2l/benchmarks/blocks_4_clear/p-4-0.pddl --dump-predicates --dump-constants --dump-static-atoms --dump-goal-atoms --sas-file output.sas
Parsing...
Problem blocksworld: bw-rand-4 [:strips]
Types:
  object
Constants:
Objects:
  b1: object
  b2: object
  b3: object
  b4: object
Predicates:
  clear(?x: object)
  on-table(?x: object)
  arm-empty()
  holding(?x: object)
  on(?x: object, ?y: object)
  =(?x: object, ?y: object)
Functions:
Init:
  Atom arm-empty()
  Atom clear(b2)
  Atom on(b1, b4)
  Atom on(b4, b3)
  Atom on-table(b3)
  Atom clear(b1)
  Atom on-table(b2)
  Atom =(b1, b1)
  Atom =(b2, b2)
  Atom =(b3, b3)
  Atom =(b4, b4)
Goal:
  Atom clear(b1)
Actions:
pickup(?ob: object)
Precondition:
  Conjunction
    Atom clear(?ob)
    Atom on-table(?ob)
    Atom arm-empty()
Effects:
  Atom holding(?ob)
  NegatedAtom clear(?ob)
  NegatedAtom on-table(?ob)
  NegatedAtom arm-empty()
Cost:
  None
putdown(?ob: object)
Precondition:
  Atom holding(?ob)
Effects:
  Atom clear(?ob)
  Atom arm-empty()
  Atom on-table(?ob)
  NegatedAtom holding(?ob)
Cost:
  None
stack(?ob: object, ?underob: object)
Precondition:
  Conjunction
    Atom clear(?underob)
    Atom holding(?ob)
Effects:
  Atom arm-empty()
  Atom clear(?ob)
  Atom on(?ob, ?underob)
  NegatedAtom clear(?underob)
  NegatedAtom holding(?ob)
Cost:
  None
unstack(?ob: object, ?underob: object)
Precondition:
  Conjunction
    Atom on(?ob, ?underob)
    Atom clear(?ob)
    Atom arm-empty()
Effects:
  Atom holding(?ob)
  Atom clear(?underob)
  NegatedAtom on(?ob, ?underob)
  NegatedAtom clear(?ob)
  NegatedAtom arm-empty()
Cost:
  None
Parsing: [0.000s CPU, 0.003s wall-clock]
Atom clear(b1)
Normalizing task... [0.000s CPU, 0.000s wall-clock]
Instantiating...
Generating Datalog program... [0.000s CPU, 0.000s wall-clock]
Normalizing Datalog program...
Normalizing Datalog program: [0.000s CPU, 0.001s wall-clock]
Preparing model... [0.000s CPU, 0.000s wall-clock]
Generated 21 rules.
Computing model... [0.000s CPU, 0.001s wall-clock]
78 relevant atoms
52 auxiliary atoms
130 final queue length
204 total queue pushes
Completing instantiation... [0.000s CPU, 0.001s wall-clock]
Instantiating: [0.000s CPU, 0.003s wall-clock]
Computing fact groups...
Finding invariants...
10 initial candidates
Finding invariants: [0.000s CPU, 0.002s wall-clock]
Checking invariant weight... [0.000s CPU, 0.000s wall-clock]
Instantiating groups... [0.000s CPU, 0.000s wall-clock]
Collecting mutex groups... [0.000s CPU, 0.000s wall-clock]
Choosing groups...
5 uncovered facts
Choosing groups: [0.000s CPU, 0.000s wall-clock]
Building translation key... [0.000s CPU, 0.000s wall-clock]
Computing fact groups: [0.000s CPU, 0.003s wall-clock]
Building STRIPS to SAS dictionary... [0.000s CPU, 0.000s wall-clock]
Building dictionary for full mutex groups... [0.000s CPU, 0.000s wall-clock]
Building mutex information...
Building mutex information: [0.000s CPU, 0.000s wall-clock]
Translating task...
Processing axioms...
Simplifying axioms... [0.000s CPU, 0.000s wall-clock]
Translator axioms removed by simplifying: 0
Computing negative axioms... [0.000s CPU, 0.000s wall-clock]
Processing axioms: [0.000s CPU, 0.000s wall-clock]
Translating task: [0.010s CPU, 0.001s wall-clock]
44 effect conditions simplified
0 implied preconditions added
Detecting unreachable propositions...
0 operators removed
0 axioms removed
8 propositions removed
Detecting unreachable propositions: [0.000s CPU, 0.001s wall-clock]
Reordering and filtering variables...
9 of 9 variables necessary.
5 of 9 mutex groups necessary.
32 of 32 operators necessary.
0 of 0 axiom rules necessary.
Reordering and filtering variables: [0.000s CPU, 0.000s wall-clock]
Translator variables: 9
Translator derived variables: 0
Translator facts: 30
Translator goal facts: 1
Translator mutex groups: 5
Translator total mutex groups size: 25
Translator operators: 32
Translator axioms: 0
Translator task size: 293
Translator peak memory: 149308 KB
Writing output... [0.000s CPU, 0.001s wall-clock]
Done! [0.010s CPU, 0.014s wall-clock]
translate exit code: 0

INFO     Running search (release).
INFO     search stdin: output.sas
INFO     search time limit: None
INFO     search memory limit: None
INFO     search command line string: /proj/ssiw/projects/code/sketch-learner/learning/d2l/libs/dlplan/libs/scorpion/builds/release/bin/downward --search 'dump_reachable_search_space()' --internal-plan-file sas_plan < output.sas
[t=0.000185875s, 18620 KB] reading input...
[t=0.00140662s, 18628 KB] done reading input!
[t=0.00660647s, 19024 KB] Building successor generator...done!
[t=0.00691483s, 19024 KB] peak memory difference for successor generator creation: 0 KB
[t=0.00698283s, 19024 KB] time for successor generation creation: 7.3669e-05s
[t=0.00706415s, 19024 KB] Variables: 9
[t=0.00714136s, 19024 KB] FactPairs: 30
[t=0.00720778s, 19024 KB] Bytes per state: 4
[t=0.00753938s, 19024 KB] Dumping the reachable state space...
# F (fact): [fact ID] [name]
# G (goal state): [goal state ID] [fact ID 1] [fact ID 2] ...
# N (non-goal state): [non-goal state ID] [fact ID 1] [fact ID 2] ...
# T (transition): [source state ID] [target state ID]
# The initial state has ID 0.
F 0 holding(b1)
F 1 on(b1,b2)
F 2 on(b1,b3)
F 3 on(b1,b4)
F 4 on-table(b1)
F 5 holding(b2)
F 6 on(b2,b1)
F 7 on(b2,b3)
F 8 on(b2,b4)
F 9 on-table(b2)
F 10 holding(b3)
F 11 on(b3,b1)
F 12 on(b3,b2)
F 13 on(b3,b4)
F 14 on-table(b3)
F 15 holding(b4)
F 16 on(b4,b1)
F 17 on(b4,b2)
F 18 on(b4,b3)
F 19 on-table(b4)
F 20 clear(b2)
F 21 clear(b3)
F 22 clear(b4)
F 23 arm-empty()
F 24 clear(b1)
G 0 3 9 14 18 20 23 24
T 0 1
T 0 2
N 1 0 9 14 18 20 22
T 1 3
T 1 4
T 1 0
G 2 3 5 14 18 24
T 2 0
T 2 5
G 3 4 9 14 18 20 22 23 24
T 3 1
T 3 6
T 3 7
G 4 1 9 14 18 22 23 24
T 4 1
T 4 8
N 5 3 6 14 18 20 23
T 5 2
G 6 4 5 14 18 22 24
T 6 3
T 6 9
T 6 10
G 7 4 9 14 15 20 21 24
T 7 11
T 7 12
T 7 3
T 7 13
G 8 1 9 14 15 21 24
T 8 14
T 8 4
T 8 15
G 9 4 8 14 18 20 23 24
T 9 16
T 9 6
N 10 4 6 14 18 20 22 23
T 10 6
T 10 17
G 11 4 9 14 19 20 21 22 23 24
T 11 18
T 11 19
T 11 20
T 11 7
G 12 4 9 14 17 21 22 23 24
T 12 21
T 12 22
T 12 7
N 13 4 9 14 16 20 21 22 23
T 13 23
T 13 24
T 13 7
G 14 1 9 14 19 21 22 23 24
T 14 18
T 14 25
T 14 8
N 15 1 9 14 16 21 22 23
T 15 26
T 15 8
N 16 0 8 14 18 20
T 16 9
T 16 27
N 17 4 6 14 15 20 21
T 17 28
T 17 29
T 17 10
N 18 0 9 14 19 20 21 22
T 18 11
T 18 14
T 18 30
T 18 31
G 19 4 5 14 19 21 22 24
T 19 11
T 19 32
T 19 33
T 19 28
G 20 4 9 10 19 20 22 24
T 20 11
T 20 34
T 20 35
T 20 36
N 21 0 9 14 17 21 22
T 21 12
T 21 37
T 21 38
G 22 4 9 10 17 22 24
T 22 12
T 22 39
T 22 40
N 23 4 5 14 16 21 22
T 23 13
T 23 41
T 23 42
N 24 4 9 10 16 20 22
T 24 13
T 24 43
T 24 44
G 25 1 9 10 19 22 24
T 25 14
T 25 45
T 25 46
N 26 1 9 10 16 22
T 26 15
T 26 47
G 27 1 8 14 18 23 24
T 27 16
N 28 4 6 14 19 20 21 22 23
T 28 19
T 28 48
T 28 17
N 29 4 6 14 17 21 22 23
T 29 49
T 29 17
G 30 2 9 14 19 20 22 23 24
T 30 18
T 30 50
T 30 51
G 31 3 9 14 19 20 21 23 24
T 31 18
T 31 52
T 31 53
G 32 4 7 14 19 20 22 23 24
T 32 54
T 32 19
T 32 55
G 33 4 8 14 19 20 21 23 24
T 33 56
T 33 19
T 33 57
G 34 4 9 12 19 21 22 23 24
T 34 58
T 34 20
T 34 59
G 35 4 9 13 19 20 21 23 24
T 35 60
T 35 61
T 35 20
N 36 4 9 11 19 20 21 22 23
T 36 62
T 36 20
T 36 63
G 37 2 9 14 17 22 23 24
T 37 21
T 37 51
G 38 3 9 14 17 21 23 24
T 38 21
T 38 64
G 39 4 9 13 17 21 23 24
T 39 65
T 39 22
N 40 4 9 11 17 21 22 23
T 40 22
T 40 63
N 41 4 7 14 16 20 22 23
T 41 23
T 41 55
N 42 4 8 14 16 20 21 23
T 42 23
T 42 66
N 43 4 9 12 16 21 22 23
T 43 24
T 43 59
N 44 4 9 13 16 20 21 23
T 44 67
T 44 24
G 45 1 9 13 19 21 23 24
T 45 60
T 45 25
N 46 1 9 11 19 21 22 23
T 46 25
T 46 68
N 47 1 9 13 16 21 23
T 47 26
N 48 4 6 10 19 20 22
T 48 28
T 48 69
T 48 70
N 49 4 6 10 17 22
T 49 29
T 49 71
G 50 2 5 14 19 22 24
T 50 30
T 50 72
T 50 73
G 51 2 9 14 15 20 24
T 51 30
T 51 37
T 51 74
G 52 3 5 14 19 21 24
T 52 31
T 52 75
T 52 76
G 53 3 9 10 19 20 24
T 53 31
T 53 77
T 53 78
N 54 0 7 14 19 20 22
T 54 32
T 54 79
T 54 75
G 55 4 7 14 15 20 24
T 55 32
T 55 80
T 55 41
N 56 0 8 14 19 20 21
T 56 33
T 56 81
T 56 72
G 57 4 8 10 19 20 24
T 57 33
T 57 82
T 57 83
N 58 0 9 12 19 21 22
T 58 34
T 58 84
T 58 77
G 59 4 9 12 15 21 24
T 59 34
T 59 85
T 59 43
N 60 0 9 13 19 20 21
T 60 35
T 60 45
T 60 86
G 61 4 5 13 19 21 24
T 61 35
T 61 87
T 61 70
N 62 4 5 11 19 21 22
T 62 36
T 62 88
T 62 83
N 63 4 9 11 15 20 21
T 63 36
T 63 40
T 63 89
G 64 3 9 10 17 24
T 64 38
T 64 90
N 65 0 9 13 17 21
T 65 39
T 65 91
N 66 4 8 10 16 20
T 66 42
T 66 92
N 67 4 5 13 16 21
T 67 44
T 67 93
N 68 1 9 11 15 21
T 68 46
T 68 94
N 69 4 6 12 19 21 22 23
T 69 48
T 69 95
N 70 4 6 13 19 20 21 23
T 70 61
T 70 48
N 71 4 6 13 17 21 23
T 71 49
G 72 2 8 14 19 20 23 24
T 72 56
T 72 50
N 73 2 6 14 19 20 22 23
T 73 50
T 73 96
N 74 2 9 14 16 20 22 23
T 74 97
T 74 51
G 75 3 7 14 19 20 23 24
T 75 54
T 75 52
N 76 3 6 14 19 20 21 23
T 76 52
T 76 98
G 77 3 9 12 19 21 23 24
T 77 58
T 77 53
N 78 3 9 11 19 20 21 23
T 78 99
T 78 53
G 79 1 7 14 19 22 23 24
T 79 54
T 79 100
G 80 4 7 14 17 22 23 24
T 80 101
T 80 55
G 81 1 8 14 19 21 23 24
T 81 56
T 81 102
G 82 4 8 12 19 21 23 24
T 82 103
T 82 57
N 83 4 8 11 19 20 21 23
T 83 62
T 83 57
G 84 2 9 12 19 22 23 24
T 84 58
T 84 104
G 85 4 9 12 18 22 23 24
T 85 105
T 85 59
G 86 2 9 13 19 20 23 24
T 86 60
T 86 106
G 87 4 7 13 19 20 23 24
T 87 107
T 87 61
N 88 4 7 11 19 20 22 23
T 88 62
T 88 108
N 89 4 9 11 18 20 22 23
T 89 109
T 89 63
N 90 3 9 11 17 21 23
T 90 64
G 91 2 9 13 17 23 24
T 91 65
N 92 4 8 12 16 21 23
T 92 66
N 93 4 7 13 16 20 23
T 93 67
N 94 1 9 11 18 22 23
T 94 68
N 95 4 6 12 15 21
T 95 69
T 95 110
N 96 2 6 14 15 20
T 96 73
T 96 111
N 97 2 5 14 16 22
T 97 74
T 97 112
N 98 3 6 10 19 20
T 98 76
T 98 113
N 99 3 5 11 19 21
T 99 78
T 99 114
G 100 1 7 14 15 24
T 100 79
T 100 115
N 101 0 7 14 17 22
T 101 80
T 101 116
G 102 1 8 10 19 24
T 102 81
T 102 117
N 103 0 8 12 19 21
T 103 82
T 103 118
G 104 2 9 12 15 24
T 104 84
T 104 119
N 105 0 9 12 18 22
T 105 85
T 105 120
G 106 2 5 13 19 24
T 106 86
T 106 121
N 107 0 7 13 19 20
T 107 87
T 107 122
N 108 4 7 11 15 20
T 108 88
T 108 123
N 109 4 5 11 18 22
T 109 89
T 109 124
N 110 4 6 12 18 22 23
T 110 95
N 111 2 6 14 17 22 23
T 111 96
N 112 2 8 14 16 20 23
T 112 97
N 113 3 6 12 19 21 23
T 113 98
N 114 3 7 11 19 20 23
T 114 99
N 115 1 7 14 16 22 23
T 115 100
G 116 3 7 14 17 23 24
T 116 101
N 117 1 8 11 19 21 23
T 117 102
G 118 2 8 12 19 23 24
T 118 103
N 119 2 9 12 16 22 23
T 119 104
G 120 3 9 12 18 23 24
T 120 105
N 121 2 6 13 19 20 23
T 121 106
G 122 1 7 13 19 23 24
T 122 107
N 123 4 7 11 17 22 23
T 123 108
N 124 4 8 11 18 20 23
T 124 109
[t=0.00960766s, 19024 KB] Finished dumping the reachable state space.
[t=0.00975988s, 19024 KB] Actual search time: 0.00190741s
[t=0.00983952s, 19024 KB] Expanded 125 state(s).
[t=0.00983952s, 19024 KB] Reopened 0 state(s).
[t=0.00983952s, 19024 KB] Evaluated 0 state(s).
[t=0.00983952s, 19024 KB] Evaluations: 0
[t=0.00983952s, 19024 KB] Generated 273 state(s).
[t=0.00983952s, 19024 KB] Dead ends: 0 state(s).
[t=0.00983952s, 19024 KB] Number of registered states: 125
[t=0.00983952s, 19024 KB] Closed list load factor: 125/255 = 0.490196
[t=0.00983952s, 19024 KB] Search time: 0.00230119s
[t=0.00983952s, 19024 KB] Total time: 0.00983952s
Search stopped without finding a solution.
Peak memory: 19024 KB
Remove intermediate file output.sas
search exit code: 12

Driver aborting after search
INFO     Planner time: 0.17s
