Changing working directory:  /proj/ssiw/projects/code/sketch-learner/learning/d2l/workspace/blocks_4_hierarchy_clear_1_0_9_9_9_9_9
Creating sym link: /proj/ssiw/projects/code/sketch-learner/learning/d2l/libs/dlplan/libs/scorpion/fast-downward.py /proj/ssiw/projects/code/sketch-learner/learning/d2l/workspace/blocks_4_hierarchy_clear_1_0_9_9_9_9_9/fast-downward.py
================================================================================
SLTP v.0.2.0
================================================================================
================================================================================
(pid: 71583) STARTING STEP #1: Incremental learning module
================================================================================
2022-11-16 15:14:32 INFO     [40m[34mInitializing DomainData...[0m
2022-11-16 15:14:32 INFO     Constructing DomainData for filename /proj/ssiw/projects/code/sketch-learner/learning/d2l/benchmarks/blocks_4_clear/domain.pddl
2022-11-16 15:14:32 INFO     [40m[34m..done[0m
2022-11-16 15:14:32 INFO     [40m[34mInitializing InstanceDatas...[0m
2022-11-16 15:14:32 INFO     Constructing InstanceData for filename /proj/ssiw/projects/code/sketch-learner/learning/d2l/benchmarks/blocks_4_clear/p-2-0.pddl
Num states: 5
2022-11-16 15:14:33 INFO     Constructing InstanceData for filename /proj/ssiw/projects/code/sketch-learner/learning/d2l/benchmarks/blocks_4_clear/p-3-0.pddl
Num states: 22
2022-11-16 15:14:33 INFO     Constructing InstanceData for filename /proj/ssiw/projects/code/sketch-learner/learning/d2l/benchmarks/blocks_4_clear/p-4-0.pddl
Num states: 125
2022-11-16 15:14:33 INFO     [40m[34m..done[0m
2022-11-16 15:14:33 INFO     [40m[34mInitializing TupleGraphs...[0m
2022-11-16 15:14:34 INFO     [40m[34m..done[0m
2022-11-16 15:14:34 INFO     [40m[34mInitializing Sketch...[0m
2022-11-16 15:14:34 INFO     [40m[34m..done[0m
Sketch:
(:policy
(:boolean_features )
(:numerical_features "n_count(c_and(c_primitive(clear,0),c_primitive(clear_g,0)))")
(:rule (:conditions (:c_n_eq 0)) (:effects (:e_n_inc 0)))
)
Sketch rule: 0 (:rule (:conditions (:c_n_eq 0)) (:effects (:e_n_inc 0)))
2022-11-16 15:14:34 INFO     [40m[34mInitializing Subproblems...[0m
Number of problems: 3
Number of subproblems: 40
Highest number of states in problem: 125
Highest number of states in subproblem: 14
2022-11-16 15:14:34 INFO     [40m[34m..done[0m

2022-11-16 15:14:34 INFO     [40m[31mIteration: 0[0m
Number of selected instances: 1
Selected instances:
    id: 0 name: p-2-0-4
initial states: {4}
2022-11-16 15:14:34 INFO     [40m[34mInitializing DomainFeatureData...[0m
[t=3.57776s, 1339704 KB] Started generating base features of complexity 1.
[t=3.57811s, 1339704 KB] Complexity 1:
    b_nullary: 2
    c_one_of: 0
    c_top: 1
    c_bot: 1
    c_primitive: 3
    r_primitive: 2
    c_and: 0
    c_not: 0
    c_equal: 0
    c_some: 0
    c_all: 0
    r_restrict: 0
    r_and: 0
    r_inverse: 0
    r_transitive_closure: 0
    b_empty: 0
    n_count: 0
    n_concept_distance: 0
[t=3.57827s, 1339704 KB] Finished generating base features.
[t=3.57832s, 1339704 KB] Started generating composite features. 
[t=3.57854s, 1339704 KB] Complexity 2:
Total concept elements: 8
Total role elements: 3
Total numerical elements: 5
Total boolean elements: 4
    b_nullary: 2
    c_one_of: 0
    c_top: 1
    c_bot: 1
    c_primitive: 3
    r_primitive: 2
    c_and: 0
    c_not: 3
    c_equal: 0
    c_some: 0
    c_all: 0
    r_restrict: 0
    r_and: 0
    r_inverse: 1
    r_transitive_closure: 0
    b_empty: 2
    n_count: 5
    n_concept_distance: 0
[t=3.57913s, 1339704 KB] Complexity 3:
Total concept elements: 11
Total role elements: 3
Total numerical elements: 6
Total boolean elements: 4
    b_nullary: 2
    c_one_of: 0
    c_top: 1
    c_bot: 1
    c_primitive: 3
    r_primitive: 2
    c_and: 1
    c_not: 3
    c_equal: 1
    c_some: 1
    c_all: 0
    r_restrict: 0
    r_and: 0
    r_inverse: 1
    r_transitive_closure: 0
    b_empty: 2
    n_count: 6
    n_concept_distance: 0
[t=3.58134s, 1339704 KB] Complexity 4:
Total concept elements: 14
Total role elements: 3
Total numerical elements: 9
Total boolean elements: 4
    b_nullary: 2
    c_one_of: 0
    c_top: 1
    c_bot: 1
    c_primitive: 3
    r_primitive: 2
    c_and: 2
    c_not: 4
    c_equal: 1
    c_some: 1
    c_all: 1
    r_restrict: 0
    r_and: 0
    r_inverse: 1
    r_transitive_closure: 0
    b_empty: 2
    n_count: 7
    n_concept_distance: 2
[t=3.58211s, 1339704 KB] Complexity 5:
Total concept elements: 14
Total role elements: 3
Total numerical elements: 11
Total boolean elements: 4
    b_nullary: 2
    c_one_of: 0
    c_top: 1
    c_bot: 1
    c_primitive: 3
    r_primitive: 2
    c_and: 2
    c_not: 4
    c_equal: 1
    c_some: 1
    c_all: 1
    r_restrict: 0
    r_and: 0
    r_inverse: 1
    r_transitive_closure: 0
    b_empty: 2
    n_count: 7
    n_concept_distance: 4
[t=3.58286s, 1339704 KB] Complexity 6:
Total concept elements: 14
Total role elements: 3
Total numerical elements: 11
Total boolean elements: 4
    b_nullary: 2
    c_one_of: 0
    c_top: 1
    c_bot: 1
    c_primitive: 3
    r_primitive: 2
    c_and: 2
    c_not: 4
    c_equal: 1
    c_some: 1
    c_all: 1
    r_restrict: 0
    r_and: 0
    r_inverse: 1
    r_transitive_closure: 0
    b_empty: 2
    n_count: 7
    n_concept_distance: 4
[t=3.58343s, 1339704 KB] Complexity 7:
Total concept elements: 15
Total role elements: 3
Total numerical elements: 11
Total boolean elements: 4
    b_nullary: 2
    c_one_of: 0
    c_top: 1
    c_bot: 1
    c_primitive: 3
    r_primitive: 2
    c_and: 3
    c_not: 4
    c_equal: 1
    c_some: 1
    c_all: 1
    r_restrict: 0
    r_and: 0
    r_inverse: 1
    r_transitive_closure: 0
    b_empty: 2
    n_count: 7
    n_concept_distance: 4
[t=3.58387s, 1339704 KB] Complexity 8:
Total concept elements: 16
Total role elements: 3
Total numerical elements: 12
Total boolean elements: 4
    b_nullary: 2
    c_one_of: 0
    c_top: 1
    c_bot: 1
    c_primitive: 3
    r_primitive: 2
    c_and: 4
    c_not: 4
    c_equal: 1
    c_some: 1
    c_all: 1
    r_restrict: 0
    r_and: 0
    r_inverse: 1
    r_transitive_closure: 0
    b_empty: 2
    n_count: 8
    n_concept_distance: 4
[t=3.58428s, 1339704 KB] Complexity 9:
Total concept elements: 16
Total role elements: 3
Total numerical elements: 13
Total boolean elements: 4
    b_nullary: 2
    c_one_of: 0
    c_top: 1
    c_bot: 1
    c_primitive: 3
    r_primitive: 2
    c_and: 4
    c_not: 4
    c_equal: 1
    c_some: 1
    c_all: 1
    r_restrict: 0
    r_and: 0
    r_inverse: 1
    r_transitive_closure: 0
    b_empty: 2
    n_count: 9
    n_concept_distance: 4
[t=3.58444s, 1339704 KB] Finished generating composite features.
DomainFeatureDataStatistics:
    num_dlplan_states: 2
    num_boolean_features: 4
    num_numerical_features: 13
2022-11-16 15:14:34 INFO     [40m[34m..done[0m
2022-11-16 15:14:34 INFO     [40m[34mInitializing InstanceFeatureDatas...[0m
2022-11-16 15:14:34 INFO     [40m[34m..done[0m
2022-11-16 15:14:34 INFO     [40m[34mInitializing StatePairEquivalenceDatas...[0m
2022-11-16 15:14:34 INFO     [40m[34m..done[0m
2022-11-16 15:14:34 INFO     [40m[34mInitializing TupleGraphEquivalences...[0m
2022-11-16 15:14:34 INFO     [40m[34m..done[0m
2022-11-16 15:14:34 INFO     [40m[34mInitializing TupleGraphEquivalenceMinimizer...[0m
Num subgoals: 6
Num of selected subgoals: 2
Num rules: 2
Num of selected rules: 2
2022-11-16 15:14:34 INFO     [40m[34m..done[0m
Number of initial D2 facts: 1
Number of D2 facts: 1 of 4
2022-11-16 15:14:34 INFO     [40m[34mGrounding Logic Program...[0m
2022-11-16 15:14:34 INFO     [40m[34m..done[0m
2022-11-16 15:14:34 INFO     [40m[34mSolving Logic Program...[0m
2022-11-16 15:14:34 INFO     [40m[34m..done[0m
Clingo statistics:
Total time:  0.013370990753173828
CPU time:  0.026804999999999995
Solve time:  0.004676103591918945
2022-11-16 15:14:34 INFO     Learned the following sketch:
(:policy
(:boolean_features )
(:numerical_features )
(:rule (:conditions ) (:effects ))
)
Numer of sketch rules: 1
Number of selected features: 0
Maximum complexity of selected feature: 0
[40m[31mSketch cycles[0m
Instance: 0 p-2-0-4
4 (instance index=9, state index=4, atoms={on-table(b1), on(b2,b1), clear(b2), arm-empty()})
4 (instance index=9, state index=4, atoms={on-table(b1), on(b2,b1), clear(b2), arm-empty()})
Number of unsatisfied D2 facts: 1
Number of D2 facts: 2 of 4
2022-11-16 15:14:34 INFO     [40m[34mGrounding Logic Program...[0m
2022-11-16 15:14:34 INFO     [40m[34m..done[0m
2022-11-16 15:14:34 INFO     [40m[34mSolving Logic Program...[0m
2022-11-16 15:14:34 INFO     [40m[34m..done[0m
Clingo statistics:
Total time:  0.009136199951171875
CPU time:  0.024488999999999983
Solve time:  0.0030951499938964844
2022-11-16 15:14:34 INFO     Learned the following sketch:
(:policy
(:boolean_features )
(:numerical_features "n_count(c_and(c_primitive(clear,0),c_primitive(clear_g,0)))")
(:rule (:conditions (:c_n_eq 0)) (:effects (:e_n_inc 0)))
)
Numer of sketch rules: 1
Number of selected features: 1
Maximum complexity of selected feature: 4
2022-11-16 15:14:34 INFO     [40m[34mVerifying learned sketch...[0m
[40m[31mSketch fails to bound width of a state[0m
Instance: 18 p-3-0-19
Source_state: 15 (instance index=20, state index=15, atoms={on-table(b1), on(b2,b1), holding(b3), clear(b2)})
2022-11-16 15:14:34 INFO     [40m[34m..done[0m
2022-11-16 15:14:34 INFO     [40m[33mIteration summary:[0m
DomainFeatureDataStatistics:
    num_dlplan_states: 2
    num_boolean_features: 4
    num_numerical_features: 13
StatePairEquivalenceStatistics:
    num_state_pairs: 2
    num_equivalences: 2
TupleGraphEquivalenceMinimizerStatistics:
    Number of input tuples: 6
    Number of output tuples: 2
Smallest unsolved instance: 18
Selected instances: [18]

2022-11-16 15:14:34 INFO     [40m[31mIteration: 1[0m
Number of selected instances: 1
Selected instances:
    id: 18 name: p-3-0-19
initial states: {10, 19, 15}
2022-11-16 15:14:34 INFO     [40m[34mInitializing DomainFeatureData...[0m
[t=3.61478s, 3529068 KB] Started generating base features of complexity 1.
[t=3.61491s, 3529068 KB] Complexity 1:
    b_nullary: 2
    c_one_of: 0
    c_top: 1
    c_bot: 1
    c_primitive: 4
    r_primitive: 2
    c_and: 0
    c_not: 0
    c_equal: 0
    c_some: 0
    c_all: 0
    r_restrict: 0
    r_and: 0
    r_inverse: 0
    r_transitive_closure: 0
    b_empty: 0
    n_count: 0
    n_concept_distance: 0
[t=3.61504s, 3529068 KB] Finished generating base features.
[t=3.61508s, 3529068 KB] Started generating composite features. 
[t=3.61523s, 3529068 KB] Complexity 2:
Total concept elements: 10
Total role elements: 4
Total numerical elements: 6
Total boolean elements: 4
    b_nullary: 2
    c_one_of: 0
    c_top: 1
    c_bot: 1
    c_primitive: 4
    r_primitive: 2
    c_and: 0
    c_not: 4
    c_equal: 0
    c_some: 0
    c_all: 0
    r_restrict: 0
    r_and: 0
    r_inverse: 1
    r_transitive_closure: 1
    b_empty: 2
    n_count: 6
    n_concept_distance: 0
[t=3.61576s, 3529068 KB] Complexity 3:
Total concept elements: 16
Total role elements: 6
Total numerical elements: 10
Total boolean elements: 4
    b_nullary: 2
    c_one_of: 0
    c_top: 1
    c_bot: 1
    c_primitive: 4
    r_primitive: 2
    c_and: 2
    c_not: 4
    c_equal: 1
    c_some: 2
    c_all: 1
    r_restrict: 1
    r_and: 0
    r_inverse: 2
    r_transitive_closure: 1
    b_empty: 2
    n_count: 10
    n_concept_distance: 0
[t=3.61647s, 3529068 KB] Complexity 4:
Total concept elements: 28
Total role elements: 7
Total numerical elements: 17
Total boolean elements: 6
    b_nullary: 2
    c_one_of: 0
    c_top: 1
    c_bot: 1
    c_primitive: 4
    r_primitive: 2
    c_and: 6
    c_not: 8
    c_equal: 1
    c_some: 4
    c_all: 3
    r_restrict: 1
    r_and: 0
    r_inverse: 3
    r_transitive_closure: 1
    b_empty: 4
    n_count: 15
    n_concept_distance: 2
[t=3.61759s, 3529068 KB] Complexity 5:
Total concept elements: 38
Total role elements: 7
Total numerical elements: 24
Total boolean elements: 7
    b_nullary: 2
    c_one_of: 0
    c_top: 1
    c_bot: 1
    c_primitive: 4
    r_primitive: 2
    c_and: 10
    c_not: 14
    c_equal: 1
    c_some: 4
    c_all: 3
    r_restrict: 1
    r_and: 0
    r_inverse: 3
    r_transitive_closure: 1
    b_empty: 5
    n_count: 21
    n_concept_distance: 3
[t=3.61948s, 3529068 KB] Complexity 6:
Total concept elements: 54
Total role elements: 7
Total numerical elements: 30
Total boolean elements: 10
    b_nullary: 2
    c_one_of: 0
    c_top: 1
    c_bot: 1
    c_primitive: 4
    r_primitive: 2
    c_and: 21
    c_not: 18
    c_equal: 1
    c_some: 4
    c_all: 4
    r_restrict: 1
    r_and: 0
    r_inverse: 3
    r_transitive_closure: 1
    b_empty: 8
    n_count: 27
    n_concept_distance: 3
[t=3.622s, 3529068 KB] Complexity 7:
Total concept elements: 76
Total role elements: 7
Total numerical elements: 41
Total boolean elements: 11
    b_nullary: 2
    c_one_of: 0
    c_top: 1
    c_bot: 1
    c_primitive: 4
    r_primitive: 2
    c_and: 33
    c_not: 26
    c_equal: 1
    c_some: 4
    c_all: 6
    r_restrict: 1
    r_and: 0
    r_inverse: 3
    r_transitive_closure: 1
    b_empty: 9
    n_count: 36
    n_concept_distance: 5
[t=3.62642s, 3529068 KB] Complexity 8:
Total concept elements: 95
Total role elements: 7
Total numerical elements: 53
Total boolean elements: 12
    b_nullary: 2
    c_one_of: 0
    c_top: 1
    c_bot: 1
    c_primitive: 4
    r_primitive: 2
    c_and: 45
    c_not: 33
    c_equal: 1
    c_some: 4
    c_all: 6
    r_restrict: 1
    r_and: 0
    r_inverse: 3
    r_transitive_closure: 1
    b_empty: 10
    n_count: 46
    n_concept_distance: 7
[t=3.63195s, 3529068 KB] Complexity 9:
Total concept elements: 116
Total role elements: 7
Total numerical elements: 60
Total boolean elements: 12
    b_nullary: 2
    c_one_of: 0
    c_top: 1
    c_bot: 1
    c_primitive: 4
    r_primitive: 2
    c_and: 61
    c_not: 38
    c_equal: 1
    c_some: 4
    c_all: 6
    r_restrict: 1
    r_and: 0
    r_inverse: 3
    r_transitive_closure: 1
    b_empty: 10
    n_count: 53
    n_concept_distance: 7
[t=3.63208s, 3529068 KB] Finished generating composite features.
DomainFeatureDataStatistics:
    num_dlplan_states: 4
    num_boolean_features: 12
    num_numerical_features: 60
2022-11-16 15:14:34 INFO     [40m[34m..done[0m
2022-11-16 15:14:34 INFO     [40m[34mInitializing InstanceFeatureDatas...[0m
2022-11-16 15:14:34 INFO     [40m[34m..done[0m
2022-11-16 15:14:34 INFO     [40m[34mInitializing StatePairEquivalenceDatas...[0m
2022-11-16 15:14:34 INFO     [40m[34m..done[0m
2022-11-16 15:14:34 INFO     [40m[34mInitializing TupleGraphEquivalences...[0m
2022-11-16 15:14:34 INFO     [40m[34m..done[0m
2022-11-16 15:14:34 INFO     [40m[34mInitializing TupleGraphEquivalenceMinimizer...[0m
Num subgoals: 9
Num of selected subgoals: 3
Num rules: 3
Num of selected rules: 3
Num subgoals: 7
Num of selected subgoals: 2
Num rules: 2
Num of selected rules: 2
Num subgoals: 8
Num of selected subgoals: 3
Num rules: 3
Num of selected rules: 3
2022-11-16 15:14:34 INFO     [40m[34m..done[0m
Number of initial D2 facts: 7
Number of D2 facts: 7 of 64
2022-11-16 15:14:34 INFO     [40m[34mGrounding Logic Program...[0m
2022-11-16 15:14:34 INFO     [40m[34m..done[0m
2022-11-16 15:14:34 INFO     [40m[34mSolving Logic Program...[0m
2022-11-16 15:14:34 INFO     [40m[34m..done[0m
Clingo statistics:
Total time:  0.0206148624420166
CPU time:  0.03925099999999998
Solve time:  0.0036869049072265625
2022-11-16 15:14:34 INFO     Learned the following sketch:
(:policy
(:boolean_features )
(:numerical_features )
(:rule (:conditions ) (:effects ))
)
Numer of sketch rules: 1
Number of selected features: 0
Maximum complexity of selected feature: 0
[40m[31mSketch cycles[0m
Instance: 18 p-3-0-19
15 (instance index=20, state index=15, atoms={on-table(b1), on(b2,b1), holding(b3), clear(b2)})
15 (instance index=20, state index=15, atoms={on-table(b1), on(b2,b1), holding(b3), clear(b2)})
Number of unsatisfied D2 facts: 15
Number of D2 facts: 22 of 64
2022-11-16 15:14:34 INFO     [40m[34mGrounding Logic Program...[0m
2022-11-16 15:14:34 INFO     [40m[34m..done[0m
2022-11-16 15:14:34 INFO     [40m[34mSolving Logic Program...[0m
2022-11-16 15:14:34 INFO     [40m[34m..done[0m
Clingo statistics:
Total time:  0.04244112968444824
CPU time:  0.071191
Solve time:  0.0045239925384521484
2022-11-16 15:14:34 INFO     Learned the following sketch:
(:policy
(:boolean_features "b_nullary(arm-empty)")
(:numerical_features "n_count(c_primitive(clear,0))")
(:rule (:conditions (:c_b_neg 0) (:c_n_gt 0)) (:effects (:e_b_pos 0) (:e_n_inc 0)))
(:rule (:conditions (:c_b_pos 0) (:c_n_gt 0)) (:effects (:e_b_neg 0) (:e_n_bot 0)))
)
Numer of sketch rules: 2
Number of selected features: 2
Maximum complexity of selected feature: 2
2022-11-16 15:14:34 INFO     [40m[34mVerifying learned sketch...[0m
2022-11-16 15:14:34 INFO     [40m[34m..done[0m
2022-11-16 15:14:34 INFO     [40m[33mIteration summary:[0m
DomainFeatureDataStatistics:
    num_dlplan_states: 4
    num_boolean_features: 12
    num_numerical_features: 60
StatePairEquivalenceStatistics:
    num_state_pairs: 8
    num_equivalences: 8
TupleGraphEquivalenceMinimizerStatistics:
    Number of input tuples: 24
    Number of output tuples: 8
[40m[31mSketch solves all instances![0m
2022-11-16 15:14:34 INFO     [40m[32mSummary:[0m
Boolean features:
b_nullary(arm-empty)
b_nullary(arm-empty_g)
b_empty(c_bot)
b_empty(r_primitive(on,0,1))
b_empty(c_and(c_primitive(clear,0),c_primitive(clear_g,0)))
b_empty(c_and(c_primitive(clear,0),c_primitive(on-table,0)))
b_empty(c_not(c_all(r_primitive(on,0,1),c_primitive(clear_g,0))))
b_empty(c_and(c_primitive(clear,0),c_some(r_primitive(on,0,1),c_primitive(clear_g,0))))
b_empty(c_and(c_all(r_primitive(on,0,1),c_primitive(clear_g,0)),c_primitive(clear,0)))
b_empty(c_and(c_not(c_primitive(clear,0)),c_not(c_primitive(clear_g,0))))
b_empty(c_and(c_not(c_some(r_primitive(on,0,1),c_primitive(clear_g,0))),c_primitive(clear,0)))
b_empty(c_and(c_not(c_some(r_inverse(r_primitive(on,0,1)),c_primitive(clear,0))),c_primitive(clear_g,0)))
Numerical features:
n_count(c_top)
n_count(c_bot)
n_count(c_primitive(clear,0))
n_count(c_primitive(clear_g,0))
n_count(c_primitive(holding,0))
n_count(r_primitive(on,0,1))
n_count(c_not(c_primitive(clear,0)))
n_count(c_not(c_primitive(clear_g,0)))
n_count(c_not(c_primitive(holding,0)))
n_count(r_transitive_closure(r_primitive(on,0,1)))
n_count(c_and(c_primitive(clear,0),c_primitive(clear_g,0)))
n_count(c_and(c_primitive(clear,0),c_primitive(on-table,0)))
n_count(c_equal(r_primitive(on,0,1),r_primitive(on_g,0,1)))
n_count(c_some(r_primitive(on,0,1),c_primitive(clear_g,0)))
n_count(c_all(r_primitive(on,0,1),c_primitive(clear_g,0)))
n_concept_distance(c_primitive(clear_g,0),r_primitive(on,0,1),c_bot)
n_concept_distance(c_primitive(clear_g,0),r_primitive(on,0,1),c_primitive(clear,0))
n_count(c_and(c_not(c_primitive(clear_g,0)),c_primitive(clear,0)))
n_count(c_and(c_not(c_primitive(clear_g,0)),c_primitive(on-table,0)))
n_count(c_not(c_and(c_primitive(clear,0),c_primitive(clear_g,0))))
n_count(c_not(c_and(c_primitive(clear,0),c_primitive(on-table,0))))
n_count(c_not(c_some(r_primitive(on,0,1),c_primitive(clear_g,0))))
n_count(c_not(c_all(r_primitive(on,0,1),c_primitive(clear_g,0))))
n_concept_distance(c_primitive(clear_g,0),r_primitive(on,0,1),c_not(c_primitive(clear,0)))
n_count(c_and(c_primitive(clear,0),c_some(r_primitive(on,0,1),c_primitive(clear_g,0))))
n_count(c_and(c_all(r_primitive(on,0,1),c_primitive(clear_g,0)),c_primitive(clear,0)))
n_count(c_and(c_not(c_primitive(clear,0)),c_not(c_primitive(clear_g,0))))
n_count(c_and(c_not(c_primitive(clear_g,0)),c_not(c_primitive(holding,0))))
n_count(c_not(c_and(c_not(c_primitive(clear_g,0)),c_primitive(clear,0))))
n_count(c_not(c_and(c_not(c_primitive(clear_g,0)),c_primitive(on-table,0))))
n_count(c_and(c_not(c_some(r_primitive(on,0,1),c_primitive(clear_g,0))),c_primitive(clear,0)))
n_count(c_and(c_all(r_inverse(r_primitive(on,0,1)),c_primitive(clear,0)),c_primitive(clear_g,0)))
n_count(c_and(c_equal(r_primitive(on,0,1),r_primitive(on_g,0,1)),c_not(c_primitive(clear,0))))
n_count(c_and(c_equal(r_primitive(on,0,1),r_primitive(on_g,0,1)),c_not(c_primitive(clear_g,0))))
n_count(c_and(c_all(r_primitive(on,0,1),c_primitive(clear_g,0)),c_not(c_primitive(clear_g,0))))
n_count(c_and(c_all(r_primitive(on,0,1),c_primitive(clear_g,0)),c_not(c_primitive(holding,0))))
n_count(c_not(c_and(c_primitive(clear,0),c_some(r_primitive(on,0,1),c_primitive(clear_g,0)))))
n_count(c_not(c_and(c_all(r_primitive(on,0,1),c_primitive(clear_g,0)),c_primitive(clear,0))))
n_count(c_not(c_and(c_not(c_primitive(clear_g,0)),c_not(c_primitive(holding,0)))))
n_concept_distance(c_primitive(clear_g,0),r_primitive(on,0,1),c_some(r_inverse(r_primitive(on,0,1)),c_primitive(clear,0)))
n_concept_distance(c_primitive(clear_g,0),r_primitive(on,0,1),c_all(r_inverse(r_primitive(on,0,1)),c_primitive(clear,0)))
n_count(c_and(c_not(c_some(r_inverse(r_primitive(on,0,1)),c_primitive(clear,0))),c_primitive(clear_g,0)))
n_count(c_and(c_not(c_primitive(clear_g,0)),c_not(c_some(r_primitive(on,0,1),c_primitive(clear_g,0)))))
n_count(c_and(c_not(c_and(c_primitive(clear,0),c_primitive(clear_g,0))),c_not(c_primitive(holding,0))))
n_count(c_and(c_not(c_and(c_primitive(clear,0),c_primitive(on-table,0))),c_not(c_primitive(holding,0))))
n_count(c_and(c_not(c_primitive(holding,0)),c_not(c_some(r_primitive(on,0,1),c_primitive(clear_g,0)))))
n_count(c_not(c_and(c_not(c_some(r_primitive(on,0,1),c_primitive(clear_g,0))),c_primitive(clear,0))))
n_count(c_not(c_and(c_all(r_inverse(r_primitive(on,0,1)),c_primitive(clear,0)),c_primitive(clear_g,0))))
n_count(c_not(c_and(c_equal(r_primitive(on,0,1),r_primitive(on_g,0,1)),c_not(c_primitive(clear_g,0)))))
n_count(c_not(c_and(c_all(r_primitive(on,0,1),c_primitive(clear_g,0)),c_not(c_primitive(clear_g,0)))))
n_count(c_all(r_transitive_closure(r_primitive(on,0,1)),c_some(r_inverse(r_primitive(on,0,1)),c_primitive(clear,0))))
n_concept_distance(c_primitive(clear_g,0),r_primitive(on,0,1),c_not(c_some(r_inverse(r_primitive(on,0,1)),c_primitive(clear,0))))
n_concept_distance(c_primitive(clear_g,0),r_primitive(on,0,1),c_not(c_all(r_inverse(r_primitive(on,0,1)),c_primitive(clear,0))))
n_count(c_and(c_and(c_all(r_primitive(on,0,1),c_primitive(clear_g,0)),c_not(c_primitive(clear_g,0))),c_primitive(clear,0)))
n_count(c_and(c_all(r_inverse(r_primitive(on,0,1)),c_bot),c_equal(r_primitive(on,0,1),r_primitive(on_g,0,1))))
n_count(c_and(c_all(r_inverse(r_primitive(on,0,1)),c_primitive(clear,0)),c_equal(r_primitive(on,0,1),r_primitive(on_g,0,1))))
n_count(c_and(c_all(r_primitive(on,0,1),c_primitive(clear_g,0)),c_not(c_and(c_primitive(clear,0),c_primitive(clear_g,0)))))
n_count(c_not(c_and(c_not(c_primitive(clear_g,0)),c_not(c_some(r_primitive(on,0,1),c_primitive(clear_g,0))))))
n_count(c_not(c_and(c_not(c_and(c_primitive(clear,0),c_primitive(clear_g,0))),c_not(c_primitive(holding,0)))))
n_count(c_not(c_all(r_transitive_closure(r_primitive(on,0,1)),c_some(r_inverse(r_primitive(on,0,1)),c_primitive(clear,0)))))
Number of selected training instances: 1
Sum of number of states in selected training instances: 4
Max of number of states in selected training instances: 4
Number of features in the pool: 72
Resulting sketch:
(:policy
(:boolean_features "b_nullary(arm-empty)")
(:numerical_features "n_count(c_primitive(clear,0))")
(:rule (:conditions (:c_b_neg 0) (:c_n_gt 0)) (:effects (:e_b_pos 0) (:e_n_inc 0)))
(:rule (:conditions (:c_b_pos 0) (:c_n_gt 0)) (:effects (:e_b_neg 0) (:e_n_bot 0)))
)
Numer of sketch rules: 2
Number of selected features: 2
Maximum complexity of selected feature: 2
Resulting sketch minimized:
(:policy
(:boolean_features "b_nullary(arm-empty)")
(:numerical_features "n_count(c_primitive(clear,0))")
(:rule (:conditions (:c_b_neg 0) (:c_n_gt 0)) (:effects (:e_b_pos 0) (:e_n_inc 0)))
(:rule (:conditions (:c_b_pos 0) (:c_n_gt 0)) (:effects (:e_b_neg 0) (:e_n_bot 0)))
)
Numer of sketch rules: 2
Number of selected features: 2
Maximum complexity of selected feature: 2
2022-11-16 15:14:34 INFO     [40m[33mSummary:[0m
2022-11-16 15:14:34 INFO     [40m[32mHierarchical sketch:[0m
[40m[32mLevel 0 sketch:[0m
(:policy
(:boolean_features )
(:numerical_features "n_count(c_and(c_primitive(clear,0),c_primitive(clear_g,0)))")
(:rule (:conditions (:c_n_eq 0)) (:effects (:e_n_inc 0)))
)
[40m[32m    Level 1 sketch:[0m
(:policy
(:boolean_features )
(:numerical_features "n_count(c_and(c_primitive(clear,0),c_primitive(clear_g,0)))")
(:rule (:conditions (:c_n_eq 0)) (:effects (:e_n_inc 0)))
)
[40m[32m        Level 2 sketch:[0m
(:policy
(:boolean_features "b_nullary(arm-empty)")
(:numerical_features "n_count(c_primitive(clear,0))")
(:rule (:conditions (:c_b_neg 0) (:c_n_gt 0)) (:effects (:e_b_pos 0) (:e_n_inc 0)))
(:rule (:conditions (:c_b_pos 0) (:c_n_gt 0)) (:effects (:e_b_neg 0) (:e_n_bot 0)))
)
Num features: 3
Max feature complexity 4
Num rules: 3
2022-11-16 15:14:34 INFO     [40m[32mHierarchical sketch minimized:[0m
[40m[32mLevel 0 sketch:[0m
(:policy
(:boolean_features )
(:numerical_features "n_count(c_and(c_primitive(clear,0),c_primitive(clear_g,0)))")
(:rule (:conditions (:c_n_eq 0)) (:effects (:e_n_inc 0)))
)
[40m[32m    Level 1 sketch:[0m
(:policy
(:boolean_features )
(:numerical_features "n_count(c_and(c_primitive(clear,0),c_primitive(clear_g,0)))")
(:rule (:conditions (:c_n_eq 0)) (:effects (:e_n_inc 0)))
)
[40m[32m        Level 2 sketch:[0m
(:policy
(:boolean_features "b_nullary(arm-empty)")
(:numerical_features "n_count(c_primitive(clear,0))")
(:rule (:conditions (:c_b_neg 0) (:c_n_gt 0)) (:effects (:e_b_pos 0) (:e_n_inc 0)))
(:rule (:conditions (:c_b_pos 0) (:c_n_gt 0)) (:effects (:e_b_neg 0) (:e_n_bot 0)))
)
Num features: 3
Max feature complexity 4
Num rules: 3
Number of subproblems by rule: [40]
Sum of number of subproblems by rule: 40
Number of selected training instances by rule: [1]
Sum of number of states in selected training instances by rule: [4]
Max of number of states in selected training instances by rule: [4]
Number of features in the pool by rule: [72]
Max of number of selected training instances by rule: 1
Max of sum of number of states in selected training instances by rule: 4
Max of max of number of states in selected training instances by rule: 4
Max of number of features in the pool by rule: 72
RESOURCES FOR PREPROCESSING: 0.85 CPU sec - 63.89 MB
RESOURCES FOR LEARNING: 0.22 CPU sec - 63.89 MB
================================================================================
END OF STEP #1: Incremental learning module. 1.23 CPU sec - 63.98 MB
================================================================================
