Changing working directory:  /proj/ssiw/users/x_domdr/projects/code/sketch-learner/learning/experiments/scripts/workspace-tractable/barman_1
2024-09-14 15:46:17,699 - Constructing InstanceDatas...
2024-09-14 15:46:24,749 - Constructing GlobalFaithfulAbstractions...
2024-09-14 15:46:53,553 - ...done
2024-09-14 15:46:53,554 - Constructing StateSpaces...
2024-09-14 15:46:53,692 - ...done
/proj/ssiw/users/x_domdr/projects/code/sketch-learner/learning/benchmarks/tractable/barman/training/easy/p-1-2-1-6.pddl /proj/ssiw/users/x_domdr/projects/code/sketch-learner/learning/benchmarks/tractable/barman/training/easy/p-1-2-1-6.pddl
2024-09-14 15:46:53,705 - Created InstanceData with num concrete states: 406 and num abstract states: 232
/proj/ssiw/users/x_domdr/projects/code/sketch-learner/learning/benchmarks/tractable/barman/training/easy/p-1-3-1-14.pddl /proj/ssiw/users/x_domdr/projects/code/sketch-learner/learning/benchmarks/tractable/barman/training/easy/p-1-3-1-14.pddl
2024-09-14 15:46:53,720 - Created InstanceData with num concrete states: 742 and num abstract states: 424
/proj/ssiw/users/x_domdr/projects/code/sketch-learner/learning/benchmarks/tractable/barman/training/easy/p-1-4-1-8.pddl /proj/ssiw/users/x_domdr/projects/code/sketch-learner/learning/benchmarks/tractable/barman/training/easy/p-1-4-1-8.pddl
2024-09-14 15:46:53,743 - Created InstanceData with num concrete states: 1253 and num abstract states: 484
/proj/ssiw/users/x_domdr/projects/code/sketch-learner/learning/benchmarks/tractable/barman/training/easy/p-1-2-2-23.pddl /proj/ssiw/users/x_domdr/projects/code/sketch-learner/learning/benchmarks/tractable/barman/training/easy/p-1-2-2-23.pddl
2024-09-14 15:46:53,861 - Created InstanceData with num concrete states: 6058 and num abstract states: 3262
2024-09-14 15:46:53,867 - ..done
2024-09-14 15:46:53,874 - Initializing TupleGraphs...
2024-09-14 15:46:54,249 - ..done
2024-09-14 15:46:54,250 - Iteration: 0
     id: 0 problem_filepath: /proj/ssiw/users/x_domdr/projects/code/sketch-learner/learning/benchmarks/tractable/barman/training/easy/p-1-2-1-6.pddl num_states: 406 num_state_equivalences: 232
2024-09-14 15:46:54,297 - Initialize global faithful abstract states...
2024-09-14 15:46:54,297 - ..done
2024-09-14 15:46:54,297 - Initializing DomainFeatureData...
[t=37.4214s, 2955592 KB] Started generating base features of complexity 1.
[t=37.4241s, 2955592 KB] Complexity 1:
    b_nullary: 0
    c_one_of: 0
    c_top: 1
    c_bot: 1
    c_primitive: 15
    r_primitive: 11
    c_and: 0
    c_not: 0
    c_equal: 0
    c_some: 0
    c_all: 0
    r_restrict: 0
    r_and: 0
    r_inverse: 0
    r_transitive_closure: 0
    b_empty: 0
    n_count: 0
    n_concept_distance: 0
[t=37.4242s, 2955592 KB] Finished generating base features.
[t=37.4243s, 2955592 KB] Started generating composite features. 
[t=37.4284s, 2955592 KB] Complexity 2:
Total concept elements: 32
Total role elements: 22
Total numerical elements: 13
Total boolean elements: 10
    b_nullary: 0
    c_one_of: 0
    c_top: 1
    c_bot: 1
    c_primitive: 15
    r_primitive: 11
    c_and: 0
    c_not: 15
    c_equal: 0
    c_some: 0
    c_all: 0
    r_restrict: 0
    r_and: 0
    r_inverse: 10
    r_transitive_closure: 1
    b_empty: 10
    n_count: 13
    n_concept_distance: 0
[t=37.4852s, 2955592 KB] Complexity 3:
Total concept elements: 71
Total role elements: 34
Total numerical elements: 21
Total boolean elements: 10
    b_nullary: 0
    c_one_of: 0
    c_top: 1
    c_bot: 1
    c_primitive: 15
    r_primitive: 11
    c_and: 10
    c_not: 15
    c_equal: 1
    c_some: 14
    c_all: 14
    r_restrict: 10
    r_and: 1
    r_inverse: 11
    r_transitive_closure: 1
    b_empty: 10
    n_count: 21
    n_concept_distance: 0
[t=37.572s, 2955592 KB] Complexity 4:
Total concept elements: 162
Total role elements: 45
Total numerical elements: 76
Total boolean elements: 31
    b_nullary: 0
    c_one_of: 0
    c_top: 1
    c_bot: 1
    c_primitive: 15
    r_primitive: 11
    c_and: 30
    c_not: 34
    c_equal: 1
    c_some: 39
    c_all: 41
    r_restrict: 10
    r_and: 1
    r_inverse: 22
    r_transitive_closure: 1
    b_empty: 31
    n_count: 58
    n_concept_distance: 18
[t=37.7528s, 2955592 KB] Complexity 5:
Total concept elements: 390
Total role elements: 45
Total numerical elements: 137
Total boolean elements: 49
    b_nullary: 0
    c_one_of: 0
    c_top: 1
    c_bot: 1
    c_primitive: 15
    r_primitive: 11
    c_and: 160
    c_not: 85
    c_equal: 1
    c_some: 57
    c_all: 70
    r_restrict: 10
    r_and: 1
    r_inverse: 22
    r_transitive_closure: 1
    b_empty: 49
    n_count: 107
    n_concept_distance: 30
[t=38.1895s, 2955592 KB] Complexity 6:
Total concept elements: 1095
Total role elements: 45
Total numerical elements: 289
Total boolean elements: 99
    b_nullary: 0
    c_one_of: 0
    c_top: 1
    c_bot: 1
    c_primitive: 15
    r_primitive: 11
    c_and: 452
    c_not: 219
    c_equal: 1
    c_some: 183
    c_all: 223
    r_restrict: 10
    r_and: 1
    r_inverse: 22
    r_transitive_closure: 1
    b_empty: 99
    n_count: 239
    n_concept_distance: 50
[t=39.2922s, 2955592 KB] Complexity 7:
Total concept elements: 2447
Total role elements: 45
Total numerical elements: 825
Total boolean elements: 219
    b_nullary: 0
    c_one_of: 0
    c_top: 1
    c_bot: 1
    c_primitive: 15
    r_primitive: 11
    c_and: 1184
    c_not: 602
    c_equal: 1
    c_some: 293
    c_all: 350
    r_restrict: 10
    r_and: 1
    r_inverse: 22
    r_transitive_closure: 1
    b_empty: 219
    n_count: 679
    n_concept_distance: 146
[t=42.3696s, 2955592 KB] Complexity 8:
Total concept elements: 6199
Total role elements: 45
Total numerical elements: 1606
Total boolean elements: 395
    b_nullary: 0
    c_one_of: 0
    c_top: 1
    c_bot: 1
    c_primitive: 15
    r_primitive: 11
    c_and: 3358
    c_not: 1414
    c_equal: 1
    c_some: 643
    c_all: 766
    r_restrict: 10
    r_and: 1
    r_inverse: 22
    r_transitive_closure: 1
    b_empty: 395
    n_count: 1349
    n_concept_distance: 257
[t=49.6568s, 2955592 KB] Complexity 9:
Total concept elements: 15276
Total role elements: 45
Total numerical elements: 4069
Total boolean elements: 1012
    b_nullary: 0
    c_one_of: 0
    c_top: 1
    c_bot: 1
    c_primitive: 15
    r_primitive: 11
    c_and: 9037
    c_not: 3695
    c_equal: 1
    c_some: 1138
    c_all: 1388
    r_restrict: 10
    r_and: 1
    r_inverse: 22
    r_transitive_closure: 1
    b_empty: 1012
    n_count: 3387
    n_concept_distance: 682
[t=49.657s, 2955592 KB] Finished generating composite features.
Features generated: 5081
Features after relevant changes pruning (complete): 3099
2024-09-14 15:50:00,793 - ..done
2024-09-14 15:50:00,793 - Constructing PerStateFeatureValuations...
2024-09-14 15:50:01,659 - ..done
2024-09-14 15:50:01,659 - Constructing StatePairEquivalenceDatas...
2024-09-14 15:51:49,092 - ..done
2024-09-14 15:51:49,093 - Constructing TupleGraphEquivalences...
Tuple graph equivalence construction statistics:
Num nodes: 1622
2024-09-14 15:51:49,144 - ..done
2024-09-14 15:51:49,144 - Minimizing TupleGraphEquivalences...
Tuple graph equivalence minimization statistics:
Num orig nodes: 1622
Num kept nodes: 1430
2024-09-14 15:51:49,160 - ..done
Number of initial D2 facts: 5019
Number of D2 facts: 5019 of 9859600
2024-09-14 15:54:11,114 - Grounding Logic Program...
2024-09-14 15:56:16,227 - ..done
2024-09-14 15:56:17,913 - Solving Logic Program...
2024-09-14 15:56:25,900 - ..done
ASP is unsatisfiable!
No sketch of width 1 exists that solves all instances!
