Changing working directory:  /proj/ssiw/projects/code/sketch-learner/learning/d2l/workspace/gripper_hierarchy_2_0_9_9_9_9_9
Creating sym link: /proj/ssiw/projects/code/sketch-learner/learning/d2l/libs/dlplan/libs/scorpion/fast-downward.py /proj/ssiw/projects/code/sketch-learner/learning/d2l/workspace/gripper_hierarchy_2_0_9_9_9_9_9/fast-downward.py
================================================================================
SLTP v.0.2.0
================================================================================
================================================================================
(pid: 145854) STARTING STEP #1: Incremental learning module
================================================================================
2022-11-17 12:35:43 INFO     [40m[34mInitializing DomainData...[0m
2022-11-17 12:35:43 INFO     Constructing DomainData for filename /proj/ssiw/projects/code/sketch-learner/learning/d2l/benchmarks/gripper/domain.pddl
2022-11-17 12:35:43 INFO     [40m[34m..done[0m
2022-11-17 12:35:43 INFO     [40m[34mInitializing InstanceDatas...[0m
2022-11-17 12:35:43 INFO     Constructing InstanceData for filename /proj/ssiw/projects/code/sketch-learner/learning/d2l/benchmarks/gripper/p-1-0.pddl
Num states: 8
2022-11-17 12:35:43 INFO     Constructing InstanceData for filename /proj/ssiw/projects/code/sketch-learner/learning/d2l/benchmarks/gripper/p-2-0.pddl
Num states: 28
2022-11-17 12:35:43 INFO     Constructing InstanceData for filename /proj/ssiw/projects/code/sketch-learner/learning/d2l/benchmarks/gripper/p-3-0.pddl
Num states: 88
2022-11-17 12:35:43 INFO     Constructing InstanceData for filename /proj/ssiw/projects/code/sketch-learner/learning/d2l/benchmarks/gripper/p-4-0.pddl
Num states: 256
2022-11-17 12:35:44 INFO     Constructing InstanceData for filename /proj/ssiw/projects/code/sketch-learner/learning/d2l/benchmarks/gripper/p-5-0.pddl
Num states: 704
2022-11-17 12:35:44 INFO     [40m[34m..done[0m
2022-11-17 12:35:44 INFO     [40m[34mInitializing TupleGraphs...[0m
2022-11-17 12:35:44 INFO     [40m[34m..done[0m
2022-11-17 12:35:44 INFO     [40m[34mInitializing Sketch...[0m
2022-11-17 12:35:44 INFO     [40m[34m..done[0m
Sketch:
(:policy
(:boolean_features )
(:numerical_features "n_count(c_equal(r_primitive(at,0,1),r_primitive(at_g,0,1)))")
(:rule (:conditions (:c_n_gt 0)) (:effects (:e_n_inc 0)))
)
Sketch rule: 0 (:rule (:conditions (:c_n_gt 0)) (:effects (:e_n_inc 0)))
2022-11-17 12:35:44 INFO     [40m[34mInitializing Subproblems...[0m
Number of problems: 5
Number of subproblems: 57
Highest number of states in problem: 704
Highest number of states in subproblem: 309
2022-11-17 12:35:44 INFO     [40m[34m..done[0m

2022-11-17 12:35:44 INFO     [40m[31mIteration: 0[0m
Number of selected instances: 1
Selected instances:
    id: 0 name: p-1-0-1
initial states: {0, 1, 2, 3, 4, 5}
2022-11-17 12:35:44 INFO     [40m[34mInitializing DomainFeatureData...[0m
[t=1.79384s, 1351960 KB] Started generating base features of complexity 1.
[t=1.79414s, 1351960 KB] Complexity 1:
    b_nullary: 0
    c_one_of: 2
    c_top: 1
    c_bot: 1
    c_primitive: 5
    r_primitive: 4
    c_and: 0
    c_not: 0
    c_equal: 0
    c_some: 0
    c_all: 0
    r_restrict: 0
    r_and: 0
    r_inverse: 0
    r_transitive_closure: 0
    b_empty: 0
    n_count: 0
    n_concept_distance: 0
[t=1.79424s, 1351960 KB] Finished generating base features.
[t=1.79428s, 1351960 KB] Started generating composite features. 
[t=1.79449s, 1351960 KB] Complexity 2:
Total concept elements: 16
Total role elements: 7
Total numerical elements: 7
Total boolean elements: 4
    b_nullary: 0
    c_one_of: 2
    c_top: 1
    c_bot: 1
    c_primitive: 5
    r_primitive: 4
    c_and: 0
    c_not: 7
    c_equal: 0
    c_some: 0
    c_all: 0
    r_restrict: 0
    r_and: 0
    r_inverse: 3
    r_transitive_closure: 0
    b_empty: 4
    n_count: 7
    n_concept_distance: 0
[t=1.79548s, 1351960 KB] Complexity 3:
Total concept elements: 31
Total role elements: 11
Total numerical elements: 10
Total boolean elements: 4
    b_nullary: 0
    c_one_of: 2
    c_top: 1
    c_bot: 1
    c_primitive: 5
    r_primitive: 4
    c_and: 2
    c_not: 7
    c_equal: 2
    c_some: 6
    c_all: 5
    r_restrict: 4
    r_and: 0
    r_inverse: 3
    r_transitive_closure: 0
    b_empty: 4
    n_count: 10
    n_concept_distance: 0
[t=1.79814s, 1351960 KB] Complexity 4:
Total concept elements: 45
Total role elements: 15
Total numerical elements: 31
Total boolean elements: 9
    b_nullary: 0
    c_one_of: 2
    c_top: 1
    c_bot: 1
    c_primitive: 5
    r_primitive: 4
    c_and: 6
    c_not: 14
    c_equal: 2
    c_some: 7
    c_all: 7
    r_restrict: 4
    r_and: 0
    r_inverse: 7
    r_transitive_closure: 0
    b_empty: 9
    n_count: 22
    n_concept_distance: 9
[t=1.80115s, 1351960 KB] Complexity 5:
Total concept elements: 66
Total role elements: 15
Total numerical elements: 35
Total boolean elements: 11
    b_nullary: 0
    c_one_of: 2
    c_top: 1
    c_bot: 1
    c_primitive: 5
    r_primitive: 4
    c_and: 21
    c_not: 17
    c_equal: 2
    c_some: 8
    c_all: 9
    r_restrict: 4
    r_and: 0
    r_inverse: 7
    r_transitive_closure: 0
    b_empty: 11
    n_count: 26
    n_concept_distance: 9
[t=1.80642s, 1351960 KB] Complexity 6:
Total concept elements: 151
Total role elements: 15
Total numerical elements: 57
Total boolean elements: 14
    b_nullary: 0
    c_one_of: 2
    c_top: 1
    c_bot: 1
    c_primitive: 5
    r_primitive: 4
    c_and: 73
    c_not: 29
    c_equal: 2
    c_some: 16
    c_all: 22
    r_restrict: 4
    r_and: 0
    r_inverse: 7
    r_transitive_closure: 0
    b_empty: 14
    n_count: 35
    n_concept_distance: 22
[t=1.81417s, 1352112 KB] Complexity 7:
Total concept elements: 234
Total role elements: 16
Total numerical elements: 88
Total boolean elements: 17
    b_nullary: 0
    c_one_of: 2
    c_top: 1
    c_bot: 1
    c_primitive: 5
    r_primitive: 4
    c_and: 111
    c_not: 74
    c_equal: 2
    c_some: 16
    c_all: 22
    r_restrict: 4
    r_and: 1
    r_inverse: 7
    r_transitive_closure: 0
    b_empty: 17
    n_count: 60
    n_concept_distance: 28
[t=1.83295s, 1352320 KB] Complexity 8:
Total concept elements: 358
Total role elements: 17
Total numerical elements: 126
Total boolean elements: 22
    b_nullary: 0
    c_one_of: 2
    c_top: 1
    c_bot: 1
    c_primitive: 5
    r_primitive: 4
    c_and: 197
    c_not: 102
    c_equal: 2
    c_some: 19
    c_all: 29
    r_restrict: 4
    r_and: 1
    r_inverse: 8
    r_transitive_closure: 0
    b_empty: 22
    n_count: 86
    n_concept_distance: 40
[t=1.86572s, 1352872 KB] Complexity 9:
Total concept elements: 578
Total role elements: 17
Total numerical elements: 194
Total boolean elements: 25
    b_nullary: 0
    c_one_of: 2
    c_top: 1
    c_bot: 1
    c_primitive: 5
    r_primitive: 4
    c_and: 359
    c_not: 160
    c_equal: 2
    c_some: 19
    c_all: 29
    r_restrict: 4
    r_and: 1
    r_inverse: 8
    r_transitive_closure: 0
    b_empty: 25
    n_count: 127
    n_concept_distance: 67
[t=1.86584s, 1352872 KB] Finished generating composite features.
DomainFeatureDataStatistics:
    num_dlplan_states: 7
    num_boolean_features: 25
    num_numerical_features: 194
2022-11-17 12:35:44 INFO     [40m[34m..done[0m
2022-11-17 12:35:44 INFO     [40m[34mInitializing InstanceFeatureDatas...[0m
2022-11-17 12:35:45 INFO     [40m[34m..done[0m
2022-11-17 12:35:45 INFO     [40m[34mInitializing StatePairEquivalenceDatas...[0m
2022-11-17 12:35:45 INFO     [40m[34m..done[0m
2022-11-17 12:35:45 INFO     [40m[34mInitializing TupleGraphEquivalences...[0m
2022-11-17 12:35:45 INFO     [40m[34m..done[0m
2022-11-17 12:35:45 INFO     [40m[34mInitializing TupleGraphEquivalenceMinimizer...[0m
Num subgoals: 7
Num of selected subgoals: 3
Num rules: 3
Num of selected rules: 3
Num subgoals: 5
Num of selected subgoals: 2
Num rules: 2
Num of selected rules: 2
Num subgoals: 6
Num of selected subgoals: 3
Num rules: 3
Num of selected rules: 3
Num subgoals: 6
Num of selected subgoals: 3
Num rules: 3
Num of selected rules: 3
Num subgoals: 6
Num of selected subgoals: 3
Num rules: 3
Num of selected rules: 3
Num subgoals: 6
Num of selected subgoals: 3
Num rules: 3
Num of selected rules: 3
2022-11-17 12:35:45 INFO     [40m[34m..done[0m
Number of initial D2 facts: 10
Number of D2 facts: 10 of 121
2022-11-17 12:35:45 INFO     [40m[34mGrounding Logic Program...[0m
2022-11-17 12:35:45 INFO     [40m[34m..done[0m
2022-11-17 12:35:45 INFO     [40m[34mSolving Logic Program...[0m
2022-11-17 12:35:45 INFO     [40m[34m..done[0m
Clingo statistics:
Total time:  0.07372498512268066
CPU time:  0.11254300000000006
Solve time:  0.009283065795898438
2022-11-17 12:35:45 INFO     Learned the following sketch:
(:policy
(:boolean_features )
(:numerical_features "n_count(c_primitive(free,0))")
(:rule (:conditions (:c_n_gt 0)) (:effects (:e_n_bot 0)))
(:rule (:conditions (:c_n_gt 0)) (:effects (:e_n_dec 0)))
(:rule (:conditions (:c_n_gt 0)) (:effects (:e_n_inc 0)))
)
Numer of sketch rules: 3
Number of selected features: 1
Maximum complexity of selected feature: 2
[40m[31mSketch cycles[0m
Instance: 0 p-1-0-1
5 (instance index=0, state index=5, atoms={at-robby(roomb), free(left), carry(ball1,right)})
5 (instance index=0, state index=5, atoms={at-robby(roomb), free(left), carry(ball1,right)})
Number of unsatisfied D2 facts: 13
Number of D2 facts: 23 of 121
2022-11-17 12:35:45 INFO     [40m[34mGrounding Logic Program...[0m
2022-11-17 12:35:45 INFO     [40m[34m..done[0m
2022-11-17 12:35:45 INFO     [40m[34mSolving Logic Program...[0m
2022-11-17 12:35:45 INFO     [40m[34m..done[0m
Clingo statistics:
Total time:  0.1606149673461914
CPU time:  0.212333
Solve time:  0.00795602798461914
2022-11-17 12:35:45 INFO     Learned the following sketch:
(:policy
(:boolean_features )
(:numerical_features "n_concept_distance(c_one_of(rooma),r_primitive(at,0,1),c_primitive(at-robby,0))" "n_count(r_primitive(carry,0,1))")
(:rule (:conditions (:c_n_eq 1) (:c_n_eq 0)) (:effects (:e_n_inc 1) (:e_n_bot 0)))
(:rule (:conditions (:c_n_eq 1) (:c_n_gt 0)) (:effects (:e_n_bot 1) (:e_n_dec 0)))
(:rule (:conditions (:c_n_gt 1) (:c_n_eq 0)) (:effects (:e_n_bot 1) (:e_n_inc 0)))
(:rule (:conditions (:c_n_gt 1) (:c_n_gt 0)) (:effects (:e_n_dec 1) (:e_n_bot 0)))
)
Numer of sketch rules: 4
Number of selected features: 2
Maximum complexity of selected feature: 4
2022-11-17 12:35:45 INFO     [40m[34mVerifying learned sketch...[0m
2022-11-17 12:35:45 INFO     [40m[34m..done[0m
2022-11-17 12:35:45 INFO     [40m[33mIteration summary:[0m
DomainFeatureDataStatistics:
    num_dlplan_states: 7
    num_boolean_features: 25
    num_numerical_features: 194
StatePairEquivalenceStatistics:
    num_state_pairs: 18
    num_equivalences: 11
TupleGraphEquivalenceMinimizerStatistics:
    Number of input tuples: 36
    Number of output tuples: 17
[40m[31mSketch solves all instances![0m
2022-11-17 12:35:45 INFO     [40m[32mSummary:[0m
Boolean features:
b_empty(c_one_of(rooma))
b_empty(c_bot)
b_empty(r_primitive(at,0,1))
b_empty(r_primitive(carry,0,1))
b_empty(c_and(c_one_of(rooma),c_primitive(at-robby,0)))
b_empty(c_and(c_one_of(roomb),c_primitive(at-robby,0)))
b_empty(c_some(r_primitive(at,0,1),c_one_of(rooma)))
b_empty(c_some(r_primitive(at,0,1),c_one_of(roomb)))
b_empty(c_some(r_primitive(at,0,1),c_primitive(at-robby,0)))
b_empty(c_not(c_equal(r_primitive(at,0,1),r_primitive(at_g,0,1))))
b_empty(c_not(c_all(r_primitive(at,0,1),c_primitive(at-robby,0))))
b_empty(c_and(c_all(r_primitive(at,0,1),c_one_of(roomb)),c_primitive(ball,0)))
b_empty(c_and(c_all(r_primitive(at,0,1),c_primitive(at-robby,0)),c_primitive(ball,0)))
b_empty(c_some(r_primitive(at,0,1),c_and(c_one_of(rooma),c_primitive(at-robby,0))))
b_empty(c_and(c_not(c_some(r_primitive(at,0,1),c_primitive(at-robby,0))),c_primitive(ball,0)))
b_empty(c_not(c_all(r_primitive(at,0,1),c_and(c_one_of(rooma),c_primitive(at-robby,0)))))
b_empty(c_some(r_inverse(r_primitive(carry,0,1)),c_some(r_primitive(at_g,0,1),c_primitive(at-robby,0))))
b_empty(c_and(c_all(r_primitive(at,0,1),c_and(c_one_of(rooma),c_primitive(at-robby,0))),c_primitive(ball,0)))
b_empty(c_and(c_all(r_restrict(r_primitive(at,0,1),c_primitive(at-robby,0)),c_one_of(roomb)),c_primitive(ball,0)))
b_empty(c_and(c_all(r_primitive(at,0,1),c_one_of(rooma)),c_some(r_primitive(at_g,0,1),c_primitive(at-robby,0))))
b_empty(c_and(c_all(r_primitive(at,0,1),c_one_of(roomb)),c_some(r_primitive(at_g,0,1),c_primitive(at-robby,0))))
b_empty(c_not(c_all(r_inverse(r_primitive(carry,0,1)),c_some(r_primitive(at_g,0,1),c_primitive(at-robby,0)))))
b_empty(c_and(c_all(r_inverse(r_primitive(at_g,0,1)),c_equal(r_primitive(at,0,1),r_primitive(at_g,0,1))),c_primitive(at-robby,0)))
b_empty(c_and(c_all(r_inverse(r_primitive(at_g,0,1)),c_equal(r_primitive(carry,0,1),r_primitive(carry_g,0,1))),c_primitive(at-robby,0)))
b_empty(c_and(c_all(r_inverse(r_primitive(at_g,0,1)),c_some(r_primitive(at,0,1),c_one_of(rooma))),c_primitive(at-robby,0)))
Numerical features:
n_count(c_one_of(rooma))
n_count(c_top)
n_count(c_bot)
n_count(c_primitive(room,0))
n_count(c_primitive(free,0))
n_count(r_primitive(at,0,1))
n_count(r_primitive(carry,0,1))
n_count(c_not(c_one_of(rooma)))
n_count(c_not(c_primitive(room,0)))
n_count(c_not(c_primitive(free,0)))
n_count(c_and(c_one_of(rooma),c_primitive(at-robby,0)))
n_count(c_and(c_one_of(roomb),c_primitive(at-robby,0)))
n_count(c_equal(r_primitive(at,0,1),r_primitive(at_g,0,1)))
n_count(c_equal(r_primitive(carry,0,1),r_primitive(carry_g,0,1)))
n_count(c_some(r_primitive(at,0,1),c_one_of(rooma)))
n_count(c_some(r_primitive(at,0,1),c_one_of(roomb)))
n_count(c_some(r_primitive(at,0,1),c_primitive(at-robby,0)))
n_count(c_all(r_primitive(at,0,1),c_one_of(rooma)))
n_count(c_all(r_primitive(at,0,1),c_one_of(roomb)))
n_count(c_all(r_primitive(at,0,1),c_bot))
n_count(c_all(r_primitive(at,0,1),c_primitive(at-robby,0)))
n_count(c_all(r_primitive(at_g,0,1),c_primitive(at-robby,0)))
n_concept_distance(c_one_of(rooma),r_primitive(at,0,1),c_one_of(roomb))
n_concept_distance(c_one_of(rooma),r_primitive(at,0,1),c_primitive(at-robby,0))
n_concept_distance(c_one_of(roomb),r_primitive(at,0,1),c_primitive(at-robby,0))
n_concept_distance(c_primitive(ball,0),r_primitive(at,0,1),c_one_of(rooma))
n_concept_distance(c_primitive(ball,0),r_primitive(at,0,1),c_one_of(roomb))
n_concept_distance(c_primitive(ball,0),r_primitive(at,0,1),c_primitive(room,0))
n_concept_distance(c_primitive(ball,0),r_primitive(at,0,1),c_primitive(at-robby,0))
n_concept_distance(c_primitive(ball,0),r_primitive(at_g,0,1),c_primitive(at-robby,0))
n_concept_distance(c_primitive(ball,0),r_primitive(carry,0,1),c_primitive(gripper,0))
n_count(c_not(c_and(c_one_of(roomb),c_primitive(at-robby,0))))
n_count(c_not(c_equal(r_primitive(at,0,1),r_primitive(at_g,0,1))))
n_count(c_not(c_some(r_primitive(at,0,1),c_primitive(at-robby,0))))
n_count(c_not(c_all(r_primitive(at,0,1),c_primitive(at-robby,0))))
n_count(c_and(c_all(r_primitive(at,0,1),c_one_of(roomb)),c_primitive(ball,0)))
n_count(c_and(c_all(r_primitive(at,0,1),c_primitive(at-robby,0)),c_primitive(ball,0)))
n_count(c_and(c_not(c_one_of(rooma)),c_not(c_primitive(at-robby,0))))
n_count(c_and(c_not(c_one_of(rooma)),c_not(c_primitive(free,0))))
n_count(c_and(c_not(c_one_of(roomb)),c_not(c_primitive(at-robby,0))))
n_count(c_and(c_not(c_primitive(free,0)),c_not(c_primitive(room,0))))
n_count(c_some(r_primitive(at,0,1),c_and(c_one_of(rooma),c_primitive(at-robby,0))))
n_count(c_all(r_primitive(at,0,1),c_and(c_one_of(rooma),c_primitive(at-robby,0))))
n_count(c_all(r_restrict(r_primitive(at,0,1),c_primitive(at-robby,0)),c_one_of(roomb)))
n_concept_distance(c_primitive(ball,0),r_restrict(r_primitive(at,0,1),c_one_of(rooma)),c_primitive(at-robby,0))
n_concept_distance(c_primitive(ball,0),r_primitive(at,0,1),c_equal(r_primitive(at,0,1),r_primitive(at_g,0,1)))
n_concept_distance(c_primitive(ball,0),r_primitive(at,0,1),c_equal(r_primitive(carry,0,1),r_primitive(carry_g,0,1)))
n_concept_distance(c_primitive(ball,0),r_primitive(at,0,1),c_some(r_primitive(at,0,1),c_one_of(rooma)))
n_concept_distance(c_primitive(ball,0),r_primitive(at,0,1),c_some(r_primitive(at,0,1),c_one_of(roomb)))
n_concept_distance(c_primitive(ball,0),r_primitive(at,0,1),c_some(r_primitive(at,0,1),c_primitive(at-robby,0)))
n_concept_distance(c_primitive(ball,0),r_primitive(at,0,1),c_some(r_primitive(carry,0,1),c_top))
n_concept_distance(c_primitive(ball,0),r_primitive(at,0,1),c_all(r_primitive(at_g,0,1),c_primitive(at-robby,0)))
n_concept_distance(c_primitive(ball,0),r_primitive(carry,0,1),c_equal(r_primitive(at,0,1),r_primitive(at_g,0,1)))
n_concept_distance(c_primitive(ball,0),r_primitive(carry,0,1),c_all(r_primitive(at,0,1),c_one_of(rooma)))
n_concept_distance(c_primitive(ball,0),r_primitive(carry,0,1),c_all(r_primitive(at,0,1),c_one_of(roomb)))
n_concept_distance(c_primitive(ball,0),r_primitive(carry,0,1),c_all(r_primitive(at,0,1),c_primitive(at-robby,0)))
n_concept_distance(c_primitive(ball,0),r_primitive(carry,0,1),c_all(r_primitive(at_g,0,1),c_primitive(at-robby,0)))
n_count(c_and(c_not(c_and(c_one_of(rooma),c_primitive(at-robby,0))),c_primitive(room,0)))
n_count(c_and(c_not(c_and(c_one_of(roomb),c_primitive(at-robby,0))),c_primitive(room,0)))
n_count(c_and(c_not(c_some(r_primitive(at,0,1),c_primitive(at-robby,0))),c_primitive(ball,0)))
n_count(c_and(c_equal(r_primitive(at,0,1),r_primitive(at_g,0,1)),c_not(c_one_of(rooma))))
n_count(c_and(c_equal(r_primitive(carry,0,1),r_primitive(carry_g,0,1)),c_not(c_one_of(rooma))))
n_count(c_and(c_all(r_primitive(at,0,1),c_one_of(rooma)),c_not(c_one_of(rooma))))
n_count(c_and(c_all(r_primitive(at,0,1),c_one_of(roomb)),c_not(c_one_of(rooma))))
n_count(c_and(c_all(r_primitive(at,0,1),c_primitive(at-robby,0)),c_not(c_one_of(rooma))))
n_count(c_and(c_equal(r_primitive(at,0,1),r_primitive(at_g,0,1)),c_not(c_primitive(room,0))))
n_count(c_and(c_equal(r_primitive(carry,0,1),r_primitive(carry_g,0,1)),c_not(c_primitive(room,0))))
n_count(c_and(c_all(r_primitive(at,0,1),c_one_of(rooma)),c_not(c_primitive(room,0))))
n_count(c_and(c_all(r_primitive(at,0,1),c_one_of(roomb)),c_not(c_primitive(room,0))))
n_count(c_and(c_all(r_primitive(at,0,1),c_primitive(at-robby,0)),c_not(c_primitive(room,0))))
n_count(c_and(c_all(r_primitive(at_g,0,1),c_primitive(at-robby,0)),c_not(c_primitive(room,0))))
n_count(c_and(c_all(r_primitive(at,0,1),c_one_of(rooma)),c_not(c_primitive(free,0))))
n_count(c_and(c_all(r_primitive(at,0,1),c_one_of(roomb)),c_not(c_primitive(free,0))))
n_count(c_and(c_all(r_primitive(at,0,1),c_bot),c_not(c_primitive(free,0))))
n_count(c_and(c_all(r_primitive(at,0,1),c_primitive(at-robby,0)),c_not(c_primitive(free,0))))
n_count(c_and(c_all(r_primitive(at_g,0,1),c_primitive(at-robby,0)),c_not(c_primitive(free,0))))
n_count(c_not(c_and(c_all(r_primitive(at,0,1),c_one_of(roomb)),c_primitive(ball,0))))
n_count(c_not(c_and(c_all(r_primitive(at,0,1),c_primitive(at-robby,0)),c_primitive(ball,0))))
n_count(c_not(c_all(r_primitive(at,0,1),c_and(c_one_of(rooma),c_primitive(at-robby,0)))))
n_count(c_some(r_inverse(r_primitive(carry,0,1)),c_some(r_primitive(at_g,0,1),c_primitive(at-robby,0))))
n_count(c_all(r_inverse(r_primitive(at_g,0,1)),c_some(r_primitive(at,0,1),c_primitive(at-robby,0))))
n_count(c_all(r_inverse(r_primitive(carry,0,1)),c_some(r_primitive(at_g,0,1),c_primitive(at-robby,0))))
n_concept_distance(c_primitive(ball,0),r_primitive(at,0,1),c_and(c_not(c_primitive(at-robby,0)),c_one_of(rooma)))
n_concept_distance(c_primitive(ball,0),r_primitive(at,0,1),c_not(c_some(r_primitive(at_g,0,1),c_primitive(at-robby,0))))
n_concept_distance(c_primitive(ball,0),r_primitive(at,0,1),c_not(c_all(r_primitive(at,0,1),c_primitive(at-robby,0))))
n_concept_distance(c_primitive(ball,0),r_primitive(at_g,0,1),c_and(c_not(c_primitive(at-robby,0)),c_one_of(roomb)))
n_concept_distance(c_primitive(ball,0),r_primitive(carry,0,1),c_not(c_some(r_primitive(at,0,1),c_primitive(at-robby,0))))
n_concept_distance(c_primitive(ball,0),r_primitive(carry,0,1),c_not(c_some(r_primitive(at_g,0,1),c_primitive(at-robby,0))))
n_count(c_and(c_all(r_primitive(at,0,1),c_and(c_one_of(rooma),c_primitive(at-robby,0))),c_primitive(ball,0)))
n_count(c_and(c_all(r_restrict(r_primitive(at,0,1),c_primitive(at-robby,0)),c_one_of(roomb)),c_primitive(ball,0)))
n_count(c_and(c_not(c_one_of(rooma)),c_not(c_some(r_primitive(at,0,1),c_primitive(at-robby,0)))))
n_count(c_and(c_not(c_primitive(room,0)),c_not(c_some(r_primitive(at,0,1),c_primitive(at-robby,0)))))
n_count(c_and(c_not(c_primitive(room,0)),c_not(c_some(r_primitive(at_g,0,1),c_primitive(at-robby,0)))))
n_count(c_and(c_not(c_and(c_one_of(roomb),c_primitive(at-robby,0))),c_not(c_primitive(free,0))))
n_count(c_and(c_not(c_primitive(free,0)),c_not(c_some(r_primitive(at,0,1),c_primitive(at-robby,0)))))
n_count(c_and(c_all(r_primitive(at_g,0,1),c_primitive(at-robby,0)),c_equal(r_primitive(carry,0,1),r_primitive(carry_g,0,1))))
n_count(c_and(c_all(r_primitive(at,0,1),c_one_of(rooma)),c_some(r_primitive(at_g,0,1),c_primitive(at-robby,0))))
n_count(c_and(c_all(r_primitive(at,0,1),c_one_of(roomb)),c_some(r_primitive(at_g,0,1),c_primitive(at-robby,0))))
n_count(c_and(c_all(r_primitive(at,0,1),c_one_of(rooma)),c_all(r_primitive(at_g,0,1),c_primitive(at-robby,0))))
n_count(c_and(c_all(r_primitive(at,0,1),c_one_of(roomb)),c_all(r_primitive(at_g,0,1),c_primitive(at-robby,0))))
n_count(c_and(c_all(r_primitive(at,0,1),c_bot),c_all(r_primitive(at_g,0,1),c_primitive(at-robby,0))))
n_count(c_not(c_and(c_equal(r_primitive(at,0,1),r_primitive(at_g,0,1)),c_not(c_one_of(rooma)))))
n_count(c_not(c_and(c_all(r_primitive(at,0,1),c_one_of(rooma)),c_not(c_one_of(rooma)))))
n_count(c_not(c_and(c_all(r_primitive(at,0,1),c_one_of(roomb)),c_not(c_one_of(rooma)))))
n_count(c_not(c_and(c_all(r_primitive(at,0,1),c_primitive(at-robby,0)),c_not(c_one_of(rooma)))))
n_count(c_not(c_and(c_all(r_primitive(at,0,1),c_one_of(roomb)),c_not(c_primitive(room,0)))))
n_count(c_not(c_and(c_all(r_primitive(at,0,1),c_primitive(at-robby,0)),c_not(c_primitive(room,0)))))
n_count(c_not(c_and(c_all(r_primitive(at,0,1),c_one_of(rooma)),c_not(c_primitive(free,0)))))
n_count(c_not(c_and(c_all(r_primitive(at,0,1),c_one_of(roomb)),c_not(c_primitive(free,0)))))
n_count(c_not(c_and(c_all(r_primitive(at,0,1),c_bot),c_not(c_primitive(free,0)))))
n_count(c_not(c_and(c_all(r_primitive(at,0,1),c_primitive(at-robby,0)),c_not(c_primitive(free,0)))))
n_count(c_not(c_and(c_all(r_primitive(at_g,0,1),c_primitive(at-robby,0)),c_not(c_primitive(free,0)))))
n_count(c_not(c_some(r_inverse(r_primitive(carry,0,1)),c_some(r_primitive(at_g,0,1),c_primitive(at-robby,0)))))
n_count(c_not(c_all(r_inverse(r_primitive(carry,0,1)),c_some(r_primitive(at_g,0,1),c_primitive(at-robby,0)))))
n_concept_distance(c_primitive(ball,0),r_restrict(r_primitive(at,0,1),c_one_of(rooma)),c_all(r_primitive(at,0,1),c_bot))
n_concept_distance(c_primitive(ball,0),r_restrict(r_primitive(at,0,1),c_one_of(roomb)),c_all(r_primitive(at,0,1),c_bot))
n_concept_distance(c_primitive(ball,0),r_restrict(r_primitive(at,0,1),c_primitive(at-robby,0)),c_equal(r_primitive(at,0,1),r_primitive(at_g,0,1)))
n_concept_distance(c_primitive(ball,0),r_restrict(r_primitive(at,0,1),c_primitive(at-robby,0)),c_all(r_primitive(at,0,1),c_one_of(roomb)))
n_concept_distance(c_primitive(ball,0),r_restrict(r_primitive(at,0,1),c_primitive(at-robby,0)),c_all(r_primitive(at,0,1),c_bot))
n_concept_distance(c_primitive(ball,0),r_restrict(r_primitive(at_g,0,1),c_primitive(at-robby,0)),c_equal(r_primitive(at,0,1),r_primitive(at_g,0,1)))
n_concept_distance(c_primitive(ball,0),r_restrict(r_primitive(at_g,0,1),c_primitive(at-robby,0)),c_equal(r_primitive(carry,0,1),r_primitive(carry_g,0,1)))
n_concept_distance(c_primitive(ball,0),r_restrict(r_primitive(at_g,0,1),c_primitive(at-robby,0)),c_all(r_primitive(at,0,1),c_one_of(roomb)))
n_concept_distance(c_primitive(ball,0),r_restrict(r_primitive(at_g,0,1),c_primitive(at-robby,0)),c_all(r_primitive(at,0,1),c_bot))
n_concept_distance(c_primitive(ball,0),r_primitive(at,0,1),c_some(r_primitive(at,0,1),c_and(c_one_of(rooma),c_primitive(at-robby,0))))
n_concept_distance(c_primitive(ball,0),r_primitive(carry,0,1),c_all(r_primitive(at,0,1),c_and(c_one_of(rooma),c_primitive(at-robby,0))))
n_concept_distance(c_primitive(ball,0),r_primitive(carry,0,1),c_all(r_restrict(r_primitive(at,0,1),c_primitive(at-robby,0)),c_one_of(roomb)))
n_count(c_and(c_all(r_inverse(r_primitive(at,0,1)),c_equal(r_primitive(at,0,1),r_primitive(at_g,0,1))),c_primitive(room,0)))
n_count(c_and(c_all(r_inverse(r_primitive(at,0,1)),c_some(r_primitive(at,0,1),c_primitive(at-robby,0))),c_primitive(room,0)))
n_count(c_and(c_all(r_inverse(r_primitive(at,0,1)),c_some(r_primitive(at_g,0,1),c_primitive(at-robby,0))),c_primitive(room,0)))
n_count(c_and(c_all(r_inverse(r_primitive(at_g,0,1)),c_some(r_primitive(at,0,1),c_primitive(at-robby,0))),c_primitive(room,0)))
n_count(c_and(c_all(r_inverse(r_restrict(r_primitive(at,0,1),c_primitive(at-robby,0))),c_one_of(rooma)),c_primitive(room,0)))
n_count(c_and(c_all(r_inverse(r_primitive(carry,0,1)),c_some(r_primitive(at_g,0,1),c_primitive(at-robby,0))),c_primitive(gripper,0)))
n_count(c_and(c_all(r_inverse(r_primitive(at_g,0,1)),c_equal(r_primitive(at,0,1),r_primitive(at_g,0,1))),c_primitive(at-robby,0)))
n_count(c_and(c_all(r_inverse(r_primitive(at_g,0,1)),c_equal(r_primitive(carry,0,1),r_primitive(carry_g,0,1))),c_primitive(at-robby,0)))
n_count(c_and(c_all(r_inverse(r_primitive(at_g,0,1)),c_some(r_primitive(at,0,1),c_one_of(rooma))),c_primitive(at-robby,0)))
n_count(c_and(c_and(c_not(c_primitive(at-robby,0)),c_not(c_primitive(free,0))),c_not(c_one_of(rooma))))
n_count(c_and(c_all(r_primitive(at,0,1),c_and(c_one_of(rooma),c_primitive(at-robby,0))),c_not(c_one_of(rooma))))
n_count(c_and(c_all(r_restrict(r_primitive(at,0,1),c_primitive(at-robby,0)),c_one_of(roomb)),c_not(c_one_of(rooma))))
n_count(c_and(c_and(c_not(c_primitive(at-robby,0)),c_not(c_primitive(free,0))),c_not(c_one_of(roomb))))
n_count(c_and(c_all(r_primitive(at,0,1),c_and(c_one_of(rooma),c_primitive(at-robby,0))),c_not(c_primitive(room,0))))
n_count(c_and(c_all(r_restrict(r_primitive(at,0,1),c_primitive(at-robby,0)),c_one_of(roomb)),c_not(c_primitive(room,0))))
n_count(c_and(c_all(r_primitive(at,0,1),c_and(c_one_of(rooma),c_primitive(at-robby,0))),c_not(c_primitive(free,0))))
n_count(c_and(c_all(r_restrict(r_primitive(at,0,1),c_primitive(at-robby,0)),c_one_of(roomb)),c_not(c_primitive(free,0))))
n_count(c_and(c_equal(r_primitive(at,0,1),r_primitive(at_g,0,1)),c_not(c_and(c_one_of(rooma),c_primitive(at-robby,0)))))
n_count(c_and(c_equal(r_primitive(at,0,1),r_primitive(at_g,0,1)),c_not(c_and(c_one_of(roomb),c_primitive(at-robby,0)))))
n_count(c_and(c_all(r_inverse(r_primitive(carry,0,1)),c_one_of(rooma)),c_equal(r_primitive(at,0,1),r_primitive(at_g,0,1))))
n_count(c_and(c_equal(r_primitive(carry,0,1),r_primitive(carry_g,0,1)),c_not(c_and(c_one_of(rooma),c_primitive(at-robby,0)))))
n_count(c_and(c_equal(r_primitive(carry,0,1),r_primitive(carry_g,0,1)),c_not(c_and(c_one_of(roomb),c_primitive(at-robby,0)))))
n_count(c_and(c_equal(r_primitive(carry,0,1),r_primitive(carry_g,0,1)),c_not(c_some(r_primitive(at_g,0,1),c_primitive(at-robby,0)))))
n_count(c_and(c_all(r_inverse(r_primitive(carry,0,1)),c_one_of(rooma)),c_equal(r_primitive(carry,0,1),r_primitive(carry_g,0,1))))
n_count(c_and(c_all(r_primitive(at,0,1),c_one_of(rooma)),c_not(c_and(c_one_of(roomb),c_primitive(at-robby,0)))))
n_count(c_and(c_all(r_inverse(r_primitive(at,0,1)),c_one_of(rooma)),c_all(r_primitive(at,0,1),c_one_of(rooma))))
n_count(c_and(c_all(r_primitive(at,0,1),c_one_of(roomb)),c_not(c_and(c_one_of(rooma),c_primitive(at-robby,0)))))
n_count(c_and(c_all(r_primitive(at,0,1),c_one_of(roomb)),c_not(c_and(c_one_of(roomb),c_primitive(at-robby,0)))))
n_count(c_and(c_all(r_primitive(at,0,1),c_one_of(roomb)),c_not(c_some(r_primitive(at_g,0,1),c_primitive(at-robby,0)))))
n_count(c_and(c_all(r_inverse(r_primitive(at,0,1)),c_one_of(rooma)),c_all(r_primitive(at,0,1),c_one_of(roomb))))
n_count(c_and(c_all(r_primitive(at,0,1),c_bot),c_not(c_and(c_one_of(rooma),c_primitive(at-robby,0)))))
n_count(c_and(c_all(r_primitive(at,0,1),c_bot),c_not(c_and(c_one_of(roomb),c_primitive(at-robby,0)))))
n_count(c_and(c_all(r_inverse(r_primitive(at,0,1)),c_one_of(rooma)),c_all(r_primitive(at,0,1),c_bot)))
n_count(c_and(c_all(r_primitive(at,0,1),c_primitive(at-robby,0)),c_not(c_and(c_one_of(roomb),c_primitive(at-robby,0)))))
n_count(c_and(c_all(r_inverse(r_primitive(at,0,1)),c_one_of(rooma)),c_all(r_primitive(at,0,1),c_primitive(at-robby,0))))
n_count(c_and(c_all(r_primitive(at_g,0,1),c_primitive(at-robby,0)),c_not(c_and(c_one_of(rooma),c_primitive(at-robby,0)))))
n_count(c_not(c_and(c_not(c_primitive(room,0)),c_not(c_some(r_primitive(at,0,1),c_primitive(at-robby,0))))))
n_count(c_not(c_and(c_not(c_and(c_one_of(roomb),c_primitive(at-robby,0))),c_not(c_primitive(free,0)))))
n_count(c_not(c_and(c_not(c_primitive(free,0)),c_not(c_some(r_primitive(at,0,1),c_primitive(at-robby,0))))))
n_count(c_not(c_and(c_all(r_primitive(at,0,1),c_one_of(rooma)),c_some(r_primitive(at_g,0,1),c_primitive(at-robby,0)))))
n_count(c_not(c_and(c_all(r_primitive(at,0,1),c_one_of(roomb)),c_some(r_primitive(at_g,0,1),c_primitive(at-robby,0)))))
n_concept_distance(c_primitive(ball,0),r_restrict(r_primitive(at,0,1),c_one_of(rooma)),c_not(c_some(r_primitive(at,0,1),c_primitive(at-robby,0))))
n_concept_distance(c_primitive(ball,0),r_restrict(r_primitive(at,0,1),c_one_of(rooma)),c_not(c_some(r_primitive(at_g,0,1),c_primitive(at-robby,0))))
n_concept_distance(c_primitive(ball,0),r_restrict(r_primitive(at,0,1),c_one_of(roomb)),c_not(c_some(r_primitive(at,0,1),c_primitive(at-robby,0))))
n_concept_distance(c_primitive(ball,0),r_restrict(r_primitive(at,0,1),c_one_of(roomb)),c_not(c_some(r_primitive(at_g,0,1),c_primitive(at-robby,0))))
n_concept_distance(c_one_of(rooma),r_primitive(at,0,1),c_and(c_all(r_inverse(r_primitive(at,0,1)),c_one_of(rooma)),c_primitive(at-robby,0)))
n_concept_distance(c_one_of(roomb),r_primitive(at,0,1),c_and(c_all(r_inverse(r_primitive(at,0,1)),c_one_of(rooma)),c_primitive(at-robby,0)))
n_concept_distance(c_primitive(ball,0),r_primitive(at,0,1),c_and(c_not(c_and(c_one_of(rooma),c_primitive(at-robby,0))),c_primitive(room,0)))
n_concept_distance(c_primitive(ball,0),r_primitive(at,0,1),c_and(c_equal(r_primitive(at,0,1),r_primitive(at_g,0,1)),c_not(c_primitive(at-robby,0))))
n_concept_distance(c_primitive(ball,0),r_primitive(at,0,1),c_and(c_all(r_primitive(at,0,1),c_bot),c_not(c_primitive(at-robby,0))))
n_concept_distance(c_primitive(ball,0),r_primitive(at,0,1),c_not(c_and(c_all(r_primitive(at,0,1),c_one_of(roomb)),c_primitive(ball,0))))
n_concept_distance(c_primitive(ball,0),r_primitive(at,0,1),c_not(c_and(c_all(r_primitive(at,0,1),c_primitive(at-robby,0)),c_primitive(ball,0))))
n_concept_distance(c_primitive(ball,0),r_primitive(at,0,1),c_not(c_all(r_primitive(at,0,1),c_and(c_one_of(rooma),c_primitive(at-robby,0)))))
n_concept_distance(c_primitive(ball,0),r_primitive(at_g,0,1),c_and(c_all(r_inverse(r_primitive(at,0,1)),c_one_of(rooma)),c_one_of(roomb)))
n_concept_distance(c_primitive(ball,0),r_primitive(at_g,0,1),c_and(c_all(r_inverse(r_primitive(at,0,1)),c_one_of(rooma)),c_primitive(at-robby,0)))
n_concept_distance(c_primitive(ball,0),r_primitive(at_g,0,1),c_and(c_equal(r_primitive(at,0,1),r_primitive(at_g,0,1)),c_not(c_primitive(at-robby,0))))
n_concept_distance(c_primitive(ball,0),r_primitive(at_g,0,1),c_and(c_equal(r_primitive(carry,0,1),r_primitive(carry_g,0,1)),c_not(c_primitive(at-robby,0))))
n_concept_distance(c_primitive(ball,0),r_primitive(at_g,0,1),c_and(c_all(r_primitive(at,0,1),c_bot),c_not(c_primitive(at-robby,0))))
n_concept_distance(c_primitive(ball,0),r_primitive(at_g,0,1),c_some(r_inverse(r_primitive(at_g,0,1)),c_all(r_primitive(at,0,1),c_one_of(roomb))))
n_concept_distance(c_primitive(ball,0),r_primitive(at_g,0,1),c_some(r_inverse(r_primitive(at_g,0,1)),c_all(r_primitive(at,0,1),c_primitive(at-robby,0))))
n_concept_distance(c_primitive(ball,0),r_primitive(carry,0,1),c_not(c_and(c_all(r_primitive(at,0,1),c_one_of(roomb)),c_primitive(ball,0))))
n_concept_distance(c_primitive(ball,0),r_primitive(carry,0,1),c_not(c_and(c_all(r_primitive(at,0,1),c_primitive(at-robby,0)),c_primitive(ball,0))))
n_concept_distance(c_primitive(ball,0),r_primitive(carry,0,1),c_some(r_inverse(r_primitive(carry,0,1)),c_some(r_primitive(at_g,0,1),c_primitive(at-robby,0))))
n_concept_distance(c_primitive(at-robby,0),r_primitive(at,0,1),c_some(r_inverse(r_primitive(at_g,0,1)),c_some(r_primitive(carry,0,1),c_top)))
n_concept_distance(c_primitive(at-robby,0),r_primitive(at,0,1),c_some(r_inverse(r_primitive(at_g,0,1)),c_all(r_primitive(at,0,1),c_one_of(roomb))))
n_concept_distance(c_primitive(at-robby,0),r_primitive(at,0,1),c_all(r_inverse(r_primitive(at_g,0,1)),c_equal(r_primitive(at,0,1),r_primitive(at_g,0,1))))
n_concept_distance(c_primitive(at-robby,0),r_primitive(at,0,1),c_all(r_inverse(r_primitive(at_g,0,1)),c_equal(r_primitive(carry,0,1),r_primitive(carry_g,0,1))))
n_concept_distance(c_primitive(at-robby,0),r_primitive(at,0,1),c_all(r_inverse(r_primitive(at_g,0,1)),c_some(r_primitive(at,0,1),c_one_of(rooma))))
Number of selected training instances: 1
Sum of number of states in selected training instances: 7
Max of number of states in selected training instances: 7
Number of features in the pool: 219
Resulting sketch:
(:policy
(:boolean_features )
(:numerical_features "n_concept_distance(c_one_of(rooma),r_primitive(at,0,1),c_primitive(at-robby,0))" "n_count(r_primitive(carry,0,1))")
(:rule (:conditions (:c_n_eq 1) (:c_n_eq 0)) (:effects (:e_n_inc 1) (:e_n_bot 0)))
(:rule (:conditions (:c_n_eq 1) (:c_n_gt 0)) (:effects (:e_n_bot 1) (:e_n_dec 0)))
(:rule (:conditions (:c_n_gt 1) (:c_n_eq 0)) (:effects (:e_n_bot 1) (:e_n_inc 0)))
(:rule (:conditions (:c_n_gt 1) (:c_n_gt 0)) (:effects (:e_n_dec 1) (:e_n_bot 0)))
)
Numer of sketch rules: 4
Number of selected features: 2
Maximum complexity of selected feature: 4
Resulting sketch minimized:
(:policy
(:boolean_features )
(:numerical_features "n_concept_distance(c_one_of(rooma),r_primitive(at,0,1),c_primitive(at-robby,0))" "n_count(r_primitive(carry,0,1))")
(:rule (:conditions (:c_n_eq 1) (:c_n_eq 0)) (:effects (:e_n_inc 1) (:e_n_bot 0)))
(:rule (:conditions (:c_n_eq 1) (:c_n_gt 0)) (:effects (:e_n_bot 1) (:e_n_dec 0)))
(:rule (:conditions (:c_n_gt 1) (:c_n_eq 0)) (:effects (:e_n_bot 1) (:e_n_inc 0)))
(:rule (:conditions (:c_n_gt 1) (:c_n_gt 0)) (:effects (:e_n_dec 1) (:e_n_bot 0)))
)
Numer of sketch rules: 4
Number of selected features: 2
Maximum complexity of selected feature: 4
2022-11-17 12:35:45 INFO     [40m[33mSummary:[0m
2022-11-17 12:35:45 INFO     [40m[32mHierarchical sketch:[0m
[40m[32mLevel 0 sketch:[0m
(:policy
(:boolean_features )
(:numerical_features "n_count(c_equal(r_primitive(at,0,1),r_primitive(at_g,0,1)))")
(:rule (:conditions (:c_n_gt 0)) (:effects (:e_n_inc 0)))
)
[40m[32m    Level 1 sketch:[0m
(:policy
(:boolean_features )
(:numerical_features "n_count(c_equal(r_primitive(at,0,1),r_primitive(at_g,0,1)))")
(:rule (:conditions (:c_n_gt 0)) (:effects (:e_n_inc 0)))
)
[40m[32m        Level 2 sketch:[0m
(:policy
(:boolean_features )
(:numerical_features "n_concept_distance(c_one_of(rooma),r_primitive(at,0,1),c_primitive(at-robby,0))" "n_count(r_primitive(carry,0,1))")
(:rule (:conditions (:c_n_eq 1) (:c_n_eq 0)) (:effects (:e_n_inc 1) (:e_n_bot 0)))
(:rule (:conditions (:c_n_eq 1) (:c_n_gt 0)) (:effects (:e_n_bot 1) (:e_n_dec 0)))
(:rule (:conditions (:c_n_gt 1) (:c_n_eq 0)) (:effects (:e_n_bot 1) (:e_n_inc 0)))
(:rule (:conditions (:c_n_gt 1) (:c_n_gt 0)) (:effects (:e_n_dec 1) (:e_n_bot 0)))
)
Num features: 3
Max feature complexity 4
Num rules: 5
2022-11-17 12:35:45 INFO     [40m[32mHierarchical sketch minimized:[0m
[40m[32mLevel 0 sketch:[0m
(:policy
(:boolean_features )
(:numerical_features "n_count(c_equal(r_primitive(at,0,1),r_primitive(at_g,0,1)))")
(:rule (:conditions (:c_n_gt 0)) (:effects (:e_n_inc 0)))
)
[40m[32m    Level 1 sketch:[0m
(:policy
(:boolean_features )
(:numerical_features "n_count(c_equal(r_primitive(at,0,1),r_primitive(at_g,0,1)))")
(:rule (:conditions (:c_n_gt 0)) (:effects (:e_n_inc 0)))
)
[40m[32m        Level 2 sketch:[0m
(:policy
(:boolean_features )
(:numerical_features "n_concept_distance(c_one_of(rooma),r_primitive(at,0,1),c_primitive(at-robby,0))" "n_count(r_primitive(carry,0,1))")
(:rule (:conditions (:c_n_eq 1) (:c_n_eq 0)) (:effects (:e_n_inc 1) (:e_n_bot 0)))
(:rule (:conditions (:c_n_eq 1) (:c_n_gt 0)) (:effects (:e_n_bot 1) (:e_n_dec 0)))
(:rule (:conditions (:c_n_gt 1) (:c_n_eq 0)) (:effects (:e_n_bot 1) (:e_n_inc 0)))
(:rule (:conditions (:c_n_gt 1) (:c_n_gt 0)) (:effects (:e_n_dec 1) (:e_n_bot 0)))
)
Num features: 3
Max feature complexity 4
Num rules: 5
Number of subproblems by rule: [57]
Sum of number of subproblems by rule: 57
Number of selected training instances by rule: [1]
Sum of number of states in selected training instances by rule: [7]
Max of number of states in selected training instances by rule: [7]
Number of features in the pool by rule: [219]
Max of number of selected training instances by rule: 1
Max of sum of number of states in selected training instances by rule: 7
Max of max of number of states in selected training instances by rule: 7
Max of number of features in the pool by rule: 219
RESOURCES FOR PREPROCESSING: 1.66 CPU sec - 92.27 MB
RESOURCES FOR LEARNING: 0.56 CPU sec - 92.27 MB
================================================================================
END OF STEP #1: Incremental learning module. 2.32 CPU sec - 93.93 MB
================================================================================
