Changing working directory:  /proj/ssiw/projects/code/sketch-learner/learning/d2l/workspace/delivery_sketch_1_1_9_9_9_9_9
Creating sym link: /proj/ssiw/projects/code/sketch-learner/learning/d2l/libs/dlplan/libs/scorpion/fast-downward.py /proj/ssiw/projects/code/sketch-learner/learning/d2l/workspace/delivery_sketch_1_1_9_9_9_9_9/fast-downward.py
================================================================================
SLTP v.0.2.0
================================================================================
================================================================================
(pid: 93889) STARTING STEP #1: Incremental learning module
================================================================================
2022-11-26 23:01:57 INFO     [40m[34mInitializing DomainData...[0m
2022-11-26 23:01:57 INFO     Constructing DomainData for filename /proj/ssiw/projects/code/sketch-learner/learning/d2l/benchmarks/delivery/domain.pddl
2022-11-26 23:01:57 INFO     [40m[34m..done[0m
2022-11-26 23:01:57 INFO     [40m[34mInitializing InstanceDatas...[0m
2022-11-26 23:01:57 INFO     Constructing InstanceData for filename /proj/ssiw/projects/code/sketch-learner/learning/d2l/benchmarks/delivery/instance_2_1_0.pddl
Num states: 20
2022-11-26 23:01:58 INFO     Constructing InstanceData for filename /proj/ssiw/projects/code/sketch-learner/learning/d2l/benchmarks/delivery/instance_2_1_1.pddl
Num states: 20
2022-11-26 23:01:58 INFO     Constructing InstanceData for filename /proj/ssiw/projects/code/sketch-learner/learning/d2l/benchmarks/delivery/instance_2_1_2.pddl
Num states: 20
2022-11-26 23:01:59 INFO     Constructing InstanceData for filename /proj/ssiw/projects/code/sketch-learner/learning/d2l/benchmarks/delivery/instance_2_1_3.pddl
Num states: 20
2022-11-26 23:01:59 INFO     Constructing InstanceData for filename /proj/ssiw/projects/code/sketch-learner/learning/d2l/benchmarks/delivery/instance_2_1_4.pddl
Num states: 20
2022-11-26 23:01:59 INFO     Constructing InstanceData for filename /proj/ssiw/projects/code/sketch-learner/learning/d2l/benchmarks/delivery/instance_2_1_5.pddl
Num states: 20
2022-11-26 23:01:59 INFO     Constructing InstanceData for filename /proj/ssiw/projects/code/sketch-learner/learning/d2l/benchmarks/delivery/instance_2_1_6.pddl
Num states: 20
2022-11-26 23:01:59 INFO     Constructing InstanceData for filename /proj/ssiw/projects/code/sketch-learner/learning/d2l/benchmarks/delivery/instance_2_1_7.pddl
Num states: 20
2022-11-26 23:02:00 INFO     Constructing InstanceData for filename /proj/ssiw/projects/code/sketch-learner/learning/d2l/benchmarks/delivery/instance_2_1_8.pddl
Num states: 20
2022-11-26 23:02:00 INFO     Constructing InstanceData for filename /proj/ssiw/projects/code/sketch-learner/learning/d2l/benchmarks/delivery/instance_2_1_9.pddl
Num states: 20
2022-11-26 23:02:00 INFO     Constructing InstanceData for filename /proj/ssiw/projects/code/sketch-learner/learning/d2l/benchmarks/delivery/instance_2_2_0.pddl
Num states: 96
2022-11-26 23:02:00 INFO     Constructing InstanceData for filename /proj/ssiw/projects/code/sketch-learner/learning/d2l/benchmarks/delivery/instance_2_2_1.pddl
Num states: 96
2022-11-26 23:02:00 INFO     Constructing InstanceData for filename /proj/ssiw/projects/code/sketch-learner/learning/d2l/benchmarks/delivery/instance_2_2_2.pddl
Num states: 96
2022-11-26 23:02:01 INFO     Constructing InstanceData for filename /proj/ssiw/projects/code/sketch-learner/learning/d2l/benchmarks/delivery/instance_2_2_3.pddl
Num states: 96
2022-11-26 23:02:01 INFO     Constructing InstanceData for filename /proj/ssiw/projects/code/sketch-learner/learning/d2l/benchmarks/delivery/instance_2_2_4.pddl
Num states: 96
2022-11-26 23:02:01 INFO     Constructing InstanceData for filename /proj/ssiw/projects/code/sketch-learner/learning/d2l/benchmarks/delivery/instance_2_2_5.pddl
Num states: 96
2022-11-26 23:02:01 INFO     Constructing InstanceData for filename /proj/ssiw/projects/code/sketch-learner/learning/d2l/benchmarks/delivery/instance_2_2_6.pddl
Num states: 96
2022-11-26 23:02:02 INFO     Constructing InstanceData for filename /proj/ssiw/projects/code/sketch-learner/learning/d2l/benchmarks/delivery/instance_2_2_7.pddl
Num states: 96
2022-11-26 23:02:02 INFO     Constructing InstanceData for filename /proj/ssiw/projects/code/sketch-learner/learning/d2l/benchmarks/delivery/instance_2_2_8.pddl
Num states: 96
2022-11-26 23:02:02 INFO     Constructing InstanceData for filename /proj/ssiw/projects/code/sketch-learner/learning/d2l/benchmarks/delivery/instance_2_2_9.pddl
Num states: 96
2022-11-26 23:02:02 INFO     Constructing InstanceData for filename /proj/ssiw/projects/code/sketch-learner/learning/d2l/benchmarks/delivery/instance_3_1_0.pddl
Num states: 90
2022-11-26 23:02:02 INFO     Constructing InstanceData for filename /proj/ssiw/projects/code/sketch-learner/learning/d2l/benchmarks/delivery/instance_3_1_1.pddl
Num states: 90
2022-11-26 23:02:03 INFO     Constructing InstanceData for filename /proj/ssiw/projects/code/sketch-learner/learning/d2l/benchmarks/delivery/instance_3_1_2.pddl
Num states: 90
2022-11-26 23:02:03 INFO     Constructing InstanceData for filename /proj/ssiw/projects/code/sketch-learner/learning/d2l/benchmarks/delivery/instance_3_1_3.pddl
Num states: 90
2022-11-26 23:02:03 INFO     Constructing InstanceData for filename /proj/ssiw/projects/code/sketch-learner/learning/d2l/benchmarks/delivery/instance_3_1_4.pddl
Num states: 90
2022-11-26 23:02:03 INFO     Constructing InstanceData for filename /proj/ssiw/projects/code/sketch-learner/learning/d2l/benchmarks/delivery/instance_3_1_5.pddl
Num states: 90
2022-11-26 23:02:03 INFO     Constructing InstanceData for filename /proj/ssiw/projects/code/sketch-learner/learning/d2l/benchmarks/delivery/instance_3_1_6.pddl
Num states: 90
2022-11-26 23:02:04 INFO     Constructing InstanceData for filename /proj/ssiw/projects/code/sketch-learner/learning/d2l/benchmarks/delivery/instance_3_1_7.pddl
Num states: 90
2022-11-26 23:02:04 INFO     Constructing InstanceData for filename /proj/ssiw/projects/code/sketch-learner/learning/d2l/benchmarks/delivery/instance_3_1_8.pddl
Num states: 90
2022-11-26 23:02:04 INFO     Constructing InstanceData for filename /proj/ssiw/projects/code/sketch-learner/learning/d2l/benchmarks/delivery/instance_3_1_9.pddl
Num states: 90
2022-11-26 23:02:04 INFO     Constructing InstanceData for filename /proj/ssiw/projects/code/sketch-learner/learning/d2l/benchmarks/delivery/instance_3_2_0.pddl
Num states: 891
2022-11-26 23:02:05 INFO     Constructing InstanceData for filename /proj/ssiw/projects/code/sketch-learner/learning/d2l/benchmarks/delivery/instance_3_2_1.pddl
Num states: 891
2022-11-26 23:02:05 INFO     Constructing InstanceData for filename /proj/ssiw/projects/code/sketch-learner/learning/d2l/benchmarks/delivery/instance_3_2_2.pddl
Num states: 891
2022-11-26 23:02:05 INFO     Constructing InstanceData for filename /proj/ssiw/projects/code/sketch-learner/learning/d2l/benchmarks/delivery/instance_3_2_3.pddl
Num states: 891
2022-11-26 23:02:05 INFO     Constructing InstanceData for filename /proj/ssiw/projects/code/sketch-learner/learning/d2l/benchmarks/delivery/instance_3_2_4.pddl
Num states: 891
2022-11-26 23:02:05 INFO     Constructing InstanceData for filename /proj/ssiw/projects/code/sketch-learner/learning/d2l/benchmarks/delivery/instance_3_2_5.pddl
Num states: 891
2022-11-26 23:02:06 INFO     Constructing InstanceData for filename /proj/ssiw/projects/code/sketch-learner/learning/d2l/benchmarks/delivery/instance_3_2_6.pddl
Num states: 891
2022-11-26 23:02:06 INFO     Constructing InstanceData for filename /proj/ssiw/projects/code/sketch-learner/learning/d2l/benchmarks/delivery/instance_3_2_7.pddl
Num states: 891
2022-11-26 23:02:06 INFO     Constructing InstanceData for filename /proj/ssiw/projects/code/sketch-learner/learning/d2l/benchmarks/delivery/instance_3_2_8.pddl
Num states: 891
2022-11-26 23:02:06 INFO     Constructing InstanceData for filename /proj/ssiw/projects/code/sketch-learner/learning/d2l/benchmarks/delivery/instance_3_2_9.pddl
Num states: 891
2022-11-26 23:02:07 INFO     Constructing InstanceData for filename /proj/ssiw/projects/code/sketch-learner/learning/d2l/benchmarks/delivery/instance_4_1_0.pddl
Num states: 272
2022-11-26 23:02:07 INFO     Constructing InstanceData for filename /proj/ssiw/projects/code/sketch-learner/learning/d2l/benchmarks/delivery/instance_4_1_1.pddl
Num states: 272
2022-11-26 23:02:07 INFO     Constructing InstanceData for filename /proj/ssiw/projects/code/sketch-learner/learning/d2l/benchmarks/delivery/instance_4_1_2.pddl
Num states: 272
2022-11-26 23:02:07 INFO     Constructing InstanceData for filename /proj/ssiw/projects/code/sketch-learner/learning/d2l/benchmarks/delivery/instance_4_1_3.pddl
Num states: 272
2022-11-26 23:02:07 INFO     Constructing InstanceData for filename /proj/ssiw/projects/code/sketch-learner/learning/d2l/benchmarks/delivery/instance_4_1_4.pddl
Num states: 272
2022-11-26 23:02:08 INFO     Constructing InstanceData for filename /proj/ssiw/projects/code/sketch-learner/learning/d2l/benchmarks/delivery/instance_4_1_5.pddl
Num states: 272
2022-11-26 23:02:08 INFO     Constructing InstanceData for filename /proj/ssiw/projects/code/sketch-learner/learning/d2l/benchmarks/delivery/instance_4_1_6.pddl
Num states: 272
2022-11-26 23:02:08 INFO     Constructing InstanceData for filename /proj/ssiw/projects/code/sketch-learner/learning/d2l/benchmarks/delivery/instance_4_1_7.pddl
Num states: 272
2022-11-26 23:02:08 INFO     Constructing InstanceData for filename /proj/ssiw/projects/code/sketch-learner/learning/d2l/benchmarks/delivery/instance_4_1_8.pddl
Num states: 272
2022-11-26 23:02:09 INFO     Constructing InstanceData for filename /proj/ssiw/projects/code/sketch-learner/learning/d2l/benchmarks/delivery/instance_4_1_9.pddl
Num states: 272
2022-11-26 23:02:09 INFO     Constructing InstanceData for filename /proj/ssiw/projects/code/sketch-learner/learning/d2l/benchmarks/delivery/instance_4_2_0.pddl
2022-11-26 23:02:09 INFO     Constructing InstanceData for filename /proj/ssiw/projects/code/sketch-learner/learning/d2l/benchmarks/delivery/instance_4_2_1.pddl
2022-11-26 23:02:09 INFO     Constructing InstanceData for filename /proj/ssiw/projects/code/sketch-learner/learning/d2l/benchmarks/delivery/instance_4_2_2.pddl
2022-11-26 23:02:10 INFO     Constructing InstanceData for filename /proj/ssiw/projects/code/sketch-learner/learning/d2l/benchmarks/delivery/instance_4_2_3.pddl
2022-11-26 23:02:10 INFO     Constructing InstanceData for filename /proj/ssiw/projects/code/sketch-learner/learning/d2l/benchmarks/delivery/instance_4_2_4.pddl
2022-11-26 23:02:10 INFO     Constructing InstanceData for filename /proj/ssiw/projects/code/sketch-learner/learning/d2l/benchmarks/delivery/instance_4_2_5.pddl
2022-11-26 23:02:10 INFO     Constructing InstanceData for filename /proj/ssiw/projects/code/sketch-learner/learning/d2l/benchmarks/delivery/instance_4_2_6.pddl
2022-11-26 23:02:11 INFO     Constructing InstanceData for filename /proj/ssiw/projects/code/sketch-learner/learning/d2l/benchmarks/delivery/instance_4_2_7.pddl
2022-11-26 23:02:11 INFO     Constructing InstanceData for filename /proj/ssiw/projects/code/sketch-learner/learning/d2l/benchmarks/delivery/instance_4_2_8.pddl
2022-11-26 23:02:11 INFO     Constructing InstanceData for filename /proj/ssiw/projects/code/sketch-learner/learning/d2l/benchmarks/delivery/instance_4_2_9.pddl
2022-11-26 23:02:11 INFO     [40m[34m..done[0m
2022-11-26 23:02:11 INFO     [40m[34mInitializing TupleGraphs...[0m
2022-11-26 23:02:14 INFO     [40m[34m..done[0m

2022-11-26 23:02:14 INFO     [40m[31mIteration: 0[0m
Number of selected instances: 1
Selected instances:
    id: 0 name: instance_2_1_0
initial states: [0, 1, 2, 3, 4, 5, 6, 7, 8, 9, 11, 12, 13, 14, 17, 18]
2022-11-26 23:02:14 INFO     [40m[34mInitializing DomainFeatureData...[0m
[t=22.4725s, 1373848 KB] Started generating base features of complexity 1.
[t=22.4729s, 1373848 KB] Complexity 1:
    b_nullary: 0
    c_one_of: 0
    c_top: 1
    c_bot: 1
    c_primitive: 5
    r_primitive: 5
    c_and: 0
    c_not: 0
    c_equal: 0
    c_some: 0
    c_all: 0
    r_restrict: 0
    r_and: 0
    r_inverse: 0
    r_transitive_closure: 0
    b_empty: 0
    n_count: 0
    n_concept_distance: 0
[t=22.473s, 1373848 KB] Finished generating base features.
[t=22.473s, 1373848 KB] Started generating composite features. 
[t=22.4733s, 1373848 KB] Complexity 2:
Total concept elements: 10
Total role elements: 9
Total numerical elements: 9
Total boolean elements: 4
    b_nullary: 0
    c_one_of: 0
    c_top: 1
    c_bot: 1
    c_primitive: 5
    r_primitive: 5
    c_and: 0
    c_not: 3
    c_equal: 0
    c_some: 0
    c_all: 0
    r_restrict: 0
    r_and: 0
    r_inverse: 3
    r_transitive_closure: 1
    b_empty: 4
    n_count: 9
    n_concept_distance: 0
[t=22.4747s, 1373848 KB] Complexity 3:
Total concept elements: 15
Total role elements: 10
Total numerical elements: 12
Total boolean elements: 4
    b_nullary: 0
    c_one_of: 0
    c_top: 1
    c_bot: 1
    c_primitive: 5
    r_primitive: 5
    c_and: 0
    c_not: 3
    c_equal: 2
    c_some: 2
    c_all: 1
    r_restrict: 0
    r_and: 1
    r_inverse: 3
    r_transitive_closure: 1
    b_empty: 4
    n_count: 12
    n_concept_distance: 0
[t=22.4763s, 1373848 KB] Complexity 4:
Total concept elements: 29
Total role elements: 11
Total numerical elements: 20
Total boolean elements: 5
    b_nullary: 0
    c_one_of: 0
    c_top: 1
    c_bot: 1
    c_primitive: 5
    r_primitive: 5
    c_and: 1
    c_not: 4
    c_equal: 2
    c_some: 8
    c_all: 7
    r_restrict: 0
    r_and: 1
    r_inverse: 4
    r_transitive_closure: 1
    b_empty: 5
    n_count: 16
    n_concept_distance: 4
[t=22.4781s, 1373848 KB] Complexity 5:
Total concept elements: 37
Total role elements: 11
Total numerical elements: 25
Total boolean elements: 5
    b_nullary: 0
    c_one_of: 0
    c_top: 1
    c_bot: 1
    c_primitive: 5
    r_primitive: 5
    c_and: 5
    c_not: 7
    c_equal: 2
    c_some: 8
    c_all: 8
    r_restrict: 0
    r_and: 1
    r_inverse: 4
    r_transitive_closure: 1
    b_empty: 5
    n_count: 20
    n_concept_distance: 5
[t=22.4817s, 1373848 KB] Complexity 6:
Total concept elements: 98
Total role elements: 11
Total numerical elements: 30
Total boolean elements: 5
    b_nullary: 0
    c_one_of: 0
    c_top: 1
    c_bot: 1
    c_primitive: 5
    r_primitive: 5
    c_and: 12
    c_not: 8
    c_equal: 2
    c_some: 33
    c_all: 36
    r_restrict: 0
    r_and: 1
    r_inverse: 4
    r_transitive_closure: 1
    b_empty: 5
    n_count: 22
    n_concept_distance: 8
[t=22.4869s, 1373980 KB] Complexity 7:
Total concept elements: 138
Total role elements: 11
Total numerical elements: 73
Total boolean elements: 15
    b_nullary: 0
    c_one_of: 0
    c_top: 1
    c_bot: 1
    c_primitive: 5
    r_primitive: 5
    c_and: 32
    c_not: 26
    c_equal: 2
    c_some: 34
    c_all: 37
    r_restrict: 0
    r_and: 1
    r_inverse: 4
    r_transitive_closure: 1
    b_empty: 15
    n_count: 59
    n_concept_distance: 14
[t=22.5012s, 1374244 KB] Complexity 8:
Total concept elements: 313
Total role elements: 11
Total numerical elements: 87
Total boolean elements: 17
    b_nullary: 0
    c_one_of: 0
    c_top: 1
    c_bot: 1
    c_primitive: 5
    r_primitive: 5
    c_and: 93
    c_not: 45
    c_equal: 2
    c_some: 79
    c_all: 87
    r_restrict: 0
    r_and: 1
    r_inverse: 4
    r_transitive_closure: 1
    b_empty: 17
    n_count: 71
    n_concept_distance: 16
[t=22.5235s, 1374772 KB] Complexity 9:
Total concept elements: 523
Total role elements: 11
Total numerical elements: 231
Total boolean elements: 45
    b_nullary: 0
    c_one_of: 0
    c_top: 1
    c_bot: 1
    c_primitive: 5
    r_primitive: 5
    c_and: 192
    c_not: 105
    c_equal: 2
    c_some: 98
    c_all: 119
    r_restrict: 0
    r_and: 1
    r_inverse: 4
    r_transitive_closure: 1
    b_empty: 45
    n_count: 176
    n_concept_distance: 55
[t=22.5236s, 1374772 KB] Finished generating composite features.
DomainFeatureDataStatistics:
    num_dlplan_states: 20
    num_boolean_features: 45
    num_numerical_features: 231
2022-11-26 23:02:14 INFO     [40m[34m..done[0m
2022-11-26 23:02:14 INFO     [40m[34mInitializing InstanceFeatureDatas...[0m
2022-11-26 23:02:14 INFO     [40m[34m..done[0m
2022-11-26 23:02:14 INFO     [40m[34mInitializing StatePairEquivalenceDatas...[0m
2022-11-26 23:02:14 INFO     [40m[34m..done[0m
2022-11-26 23:02:14 INFO     [40m[34mInitializing TupleGraphEquivalences...[0m
2022-11-26 23:02:14 INFO     [40m[34m..done[0m
2022-11-26 23:02:14 INFO     [40m[34mInitializing TupleGraphEquivalenceMinimizer...[0m
Num subgoals: 7
Num of selected subgoals: 4
Num rules: 4
Num of selected rules: 4
Num subgoals: 7
Num of selected subgoals: 4
Num rules: 4
Num of selected rules: 4
Num subgoals: 7
Num of selected subgoals: 4
Num rules: 5
Num of selected rules: 4
Num subgoals: 7
Num of selected subgoals: 4
Num rules: 4
Num of selected rules: 4
Num subgoals: 10
Num of selected subgoals: 6
Num rules: 10
Num of selected rules: 6
Num subgoals: 10
Num of selected subgoals: 6
Num rules: 11
Num of selected rules: 6
Num subgoals: 10
Num of selected subgoals: 6
Num rules: 11
Num of selected rules: 6
Num subgoals: 10
Num of selected subgoals: 6
Num rules: 10
Num of selected rules: 6
Num subgoals: 7
Num of selected subgoals: 5
Num rules: 7
Num of selected rules: 5
Num subgoals: 7
Num of selected subgoals: 5
Num rules: 7
Num of selected rules: 5
Num subgoals: 7
Num of selected subgoals: 5
Num rules: 5
Num of selected rules: 5
Num subgoals: 7
Num of selected subgoals: 5
Num rules: 5
Num of selected rules: 5
Num subgoals: 7
Num of selected subgoals: 5
Num rules: 5
Num of selected rules: 5
Num subgoals: 7
Num of selected subgoals: 5
Num rules: 5
Num of selected rules: 5
Num subgoals: 7
Num of selected subgoals: 5
Num rules: 5
Num of selected rules: 5
Num subgoals: 7
Num of selected subgoals: 5
Num rules: 5
Num of selected rules: 5
2022-11-26 23:02:14 INFO     [40m[34m..done[0m
Number of initial D2 facts: 218
Number of D2 facts: 218 of 4356
2022-11-26 23:02:14 INFO     [40m[34mGrounding Logic Program...[0m
2022-11-26 23:02:14 INFO     [40m[34m..done[0m
2022-11-26 23:02:14 INFO     [40m[34mSolving Logic Program...[0m
2022-11-26 23:02:14 INFO     [40m[34m..done[0m
Clingo statistics:
Total time:  0.583251953125
CPU time:  0.8625560000000001
Solve time:  0.032586097717285156
2022-11-26 23:02:15 INFO     Learned the following sketch:
(:policy
(:boolean_features )
(:numerical_features "n_count(r_and(r_primitive(at,0,1),r_primitive(at_g,0,1)))")
(:rule (:conditions (:c_n_eq 0)) (:effects (:e_n_bot 0)))
(:rule (:conditions (:c_n_eq 0)) (:effects (:e_n_inc 0)))
)
Numer of sketch rules: 2
Number of selected features: 1
Maximum complexity of selected feature: 4
[40m[31mSketch cycles[0m
Instance: 0 instance_2_1_0
18 (instance index=0, state index=18, atoms={at(t1,c_0_1), empty(t1), at(p1,c_1_0)})
18 (instance index=0, state index=18, atoms={at(t1,c_0_1), empty(t1), at(p1,c_1_0)})
Number of unsatisfied D2 facts: 620
Number of D2 facts: 838 of 4356
2022-11-26 23:02:15 INFO     [40m[34mGrounding Logic Program...[0m
2022-11-26 23:02:16 INFO     [40m[34m..done[0m
2022-11-26 23:02:16 INFO     [40m[34mSolving Logic Program...[0m
2022-11-26 23:02:16 INFO     [40m[34m..done[0m
Clingo statistics:
Total time:  1.43868088722229
CPU time:  2.4131709999999993
Solve time:  0.09221100807189941
2022-11-26 23:02:16 INFO     Learned the following sketch:
(:policy
(:boolean_features "b_empty(r_and(r_primitive(at,0,1),r_primitive(at_g,0,1)))")
(:numerical_features "n_count(r_primitive(at,0,1))")
(:rule (:conditions (:c_n_gt 0) (:c_b_pos 0)) (:effects (:e_n_bot 0) (:e_b_bot 0)))
(:rule (:conditions (:c_n_gt 0) (:c_b_pos 0)) (:effects (:e_n_dec 0) (:e_b_bot 0)))
(:rule (:conditions (:c_n_gt 0) (:c_b_pos 0)) (:effects (:e_n_inc 0) (:e_b_neg 0)))
)
Numer of sketch rules: 3
Number of selected features: 2
Maximum complexity of selected feature: 4
[40m[31mSketch cycles[0m
Instance: 0 instance_2_1_0
18 (instance index=0, state index=18, atoms={at(t1,c_0_1), empty(t1), at(p1,c_1_0)})
18 (instance index=0, state index=18, atoms={at(t1,c_0_1), empty(t1), at(p1,c_1_0)})
Number of unsatisfied D2 facts: 109
Number of D2 facts: 947 of 4356
2022-11-26 23:02:17 INFO     [40m[34mGrounding Logic Program...[0m
2022-11-26 23:02:18 INFO     [40m[34m..done[0m
2022-11-26 23:02:18 INFO     [40m[34mSolving Logic Program...[0m
2022-11-26 23:02:18 INFO     [40m[34m..done[0m
Clingo statistics:
Total time:  1.438279151916504
CPU time:  2.5682920000000014
Solve time:  0.05349898338317871
2022-11-26 23:02:18 INFO     Learned the following sketch:
(:policy
(:boolean_features "b_empty(r_and(r_primitive(at,0,1),r_primitive(at_g,0,1)))")
(:numerical_features "n_count(r_primitive(at,0,1))")
(:rule (:conditions (:c_n_gt 0) (:c_b_pos 0)) (:effects (:e_n_bot 0) (:e_b_bot 0)))
(:rule (:conditions (:c_n_gt 0) (:c_b_pos 0)) (:effects (:e_n_dec 0) (:e_b_bot 0)))
(:rule (:conditions (:c_n_gt 0) (:c_b_pos 0)) (:effects (:e_n_inc 0) (:e_b_neg 0)))
)
Numer of sketch rules: 3
Number of selected features: 2
Maximum complexity of selected feature: 4
[40m[31mSketch cycles[0m
Instance: 0 instance_2_1_0
18 (instance index=0, state index=18, atoms={at(t1,c_0_1), empty(t1), at(p1,c_1_0)})
18 (instance index=0, state index=18, atoms={at(t1,c_0_1), empty(t1), at(p1,c_1_0)})
Number of unsatisfied D2 facts: 73
Number of D2 facts: 1020 of 4356
2022-11-26 23:02:19 INFO     [40m[34mGrounding Logic Program...[0m
2022-11-26 23:02:19 INFO     [40m[34m..done[0m
2022-11-26 23:02:19 INFO     [40m[34mSolving Logic Program...[0m
2022-11-26 23:02:19 INFO     [40m[34m..done[0m
Clingo statistics:
Total time:  1.534877061843872
CPU time:  3.385767999999999
Solve time:  0.07203006744384766
2022-11-26 23:02:19 INFO     Learned the following sketch:
(:policy
(:boolean_features )
(:numerical_features "n_count(r_and(r_primitive(at,0,1),r_primitive(at_g,0,1)))" "n_count(r_primitive(carrying,0,1))")
(:rule (:conditions (:c_n_eq 1) (:c_n_eq 0)) (:effects (:e_n_inc 1) (:e_n_bot 0)))
(:rule (:conditions (:c_n_gt 1) (:c_n_eq 0)) (:effects (:e_n_dec 1) (:e_n_inc 0)))
)
Numer of sketch rules: 2
Number of selected features: 2
Maximum complexity of selected feature: 4
2022-11-26 23:02:19 INFO     [40m[34mVerifying learned sketch...[0m
[40m[31mSketch fails to bound width of a state[0m
Instance: 20 instance_2_2_0
Source_state: 94 (instance index=20, state index=94, atoms={at(t1,c_1_1), empty(t1), at(p1,c_0_0), at(p2,c_0_1)})
2022-11-26 23:02:20 INFO     [40m[34m..done[0m
2022-11-26 23:02:20 INFO     [40m[33mIteration summary:[0m
DomainFeatureDataStatistics:
    num_dlplan_states: 20
    num_boolean_features: 45
    num_numerical_features: 231
StatePairEquivalenceStatistics:
    num_state_pairs: 126
    num_equivalences: 66
TupleGraphEquivalenceMinimizerStatistics:
    Number of input tuples: 124
    Number of output tuples: 80
Smallest unsolved instance: 20
Selected instances: [20]

2022-11-26 23:02:20 INFO     [40m[31mIteration: 1[0m
Number of selected instances: 1
Selected instances:
    id: 20 name: instance_2_2_0
initial states: [0, 1, 2, 3, 4, 5, 6, 7, 8, 9, 10, 11, 12, 13, 14, 15, 16, 17, 18, 19, 20, 21, 22, 23, 24, 25, 26, 27, 28, 29, 30, 31, 32, 33, 34, 35, 36, 37, 38, 39, 40, 41, 42, 43, 44, 45, 46, 47, 48, 49, 50, 51, 52, 53, 54, 55, 56, 57, 58, 59, 60, 61, 62, 63, 64, 65, 66, 67, 68, 70, 71, 72, 73, 74, 75, 76, 77, 78, 79, 80, 81, 82, 83, 84, 87, 88, 89, 90, 91, 92, 94, 95]
2022-11-26 23:02:20 INFO     [40m[34mInitializing DomainFeatureData...[0m
[t=28.4116s, 3621364 KB] Started generating base features of complexity 1.
[t=28.412s, 3621364 KB] Complexity 1:
    b_nullary: 0
    c_one_of: 0
    c_top: 1
    c_bot: 1
    c_primitive: 5
    r_primitive: 5
    c_and: 0
    c_not: 0
    c_equal: 0
    c_some: 0
    c_all: 0
    r_restrict: 0
    r_and: 0
    r_inverse: 0
    r_transitive_closure: 0
    b_empty: 0
    n_count: 0
    n_concept_distance: 0
[t=28.4121s, 3621364 KB] Finished generating base features.
[t=28.4122s, 3621364 KB] Started generating composite features. 
[t=28.4128s, 3621364 KB] Complexity 2:
Total concept elements: 10
Total role elements: 9
Total numerical elements: 10
Total boolean elements: 4
    b_nullary: 0
    c_one_of: 0
    c_top: 1
    c_bot: 1
    c_primitive: 5
    r_primitive: 5
    c_and: 0
    c_not: 3
    c_equal: 0
    c_some: 0
    c_all: 0
    r_restrict: 0
    r_and: 0
    r_inverse: 3
    r_transitive_closure: 1
    b_empty: 4
    n_count: 10
    n_concept_distance: 0
[t=28.4171s, 3621364 KB] Complexity 3:
Total concept elements: 15
Total role elements: 10
Total numerical elements: 14
Total boolean elements: 4
    b_nullary: 0
    c_one_of: 0
    c_top: 1
    c_bot: 1
    c_primitive: 5
    r_primitive: 5
    c_and: 0
    c_not: 3
    c_equal: 2
    c_some: 2
    c_all: 1
    r_restrict: 0
    r_and: 1
    r_inverse: 3
    r_transitive_closure: 1
    b_empty: 4
    n_count: 14
    n_concept_distance: 0
[t=28.4215s, 3621364 KB] Complexity 4:
Total concept elements: 29
Total role elements: 11
Total numerical elements: 21
Total boolean elements: 5
    b_nullary: 0
    c_one_of: 0
    c_top: 1
    c_bot: 1
    c_primitive: 5
    r_primitive: 5
    c_and: 1
    c_not: 4
    c_equal: 2
    c_some: 8
    c_all: 7
    r_restrict: 0
    r_and: 1
    r_inverse: 4
    r_transitive_closure: 1
    b_empty: 5
    n_count: 18
    n_concept_distance: 3
[t=28.4262s, 3621364 KB] Complexity 5:
Total concept elements: 37
Total role elements: 11
Total numerical elements: 29
Total boolean elements: 5
    b_nullary: 0
    c_one_of: 0
    c_top: 1
    c_bot: 1
    c_primitive: 5
    r_primitive: 5
    c_and: 5
    c_not: 7
    c_equal: 2
    c_some: 8
    c_all: 8
    r_restrict: 0
    r_and: 1
    r_inverse: 4
    r_transitive_closure: 1
    b_empty: 5
    n_count: 25
    n_concept_distance: 4
[t=28.4363s, 3621364 KB] Complexity 6:
Total concept elements: 102
Total role elements: 11
Total numerical elements: 33
Total boolean elements: 5
    b_nullary: 0
    c_one_of: 0
    c_top: 1
    c_bot: 1
    c_primitive: 5
    r_primitive: 5
    c_and: 12
    c_not: 8
    c_equal: 2
    c_some: 36
    c_all: 37
    r_restrict: 0
    r_and: 1
    r_inverse: 4
    r_transitive_closure: 1
    b_empty: 5
    n_count: 29
    n_concept_distance: 4
[t=28.4495s, 3621364 KB] Complexity 7:
Total concept elements: 143
Total role elements: 11
Total numerical elements: 90
Total boolean elements: 17
    b_nullary: 0
    c_one_of: 0
    c_top: 1
    c_bot: 1
    c_primitive: 5
    r_primitive: 5
    c_and: 32
    c_not: 28
    c_equal: 2
    c_some: 37
    c_all: 37
    r_restrict: 0
    r_and: 1
    r_inverse: 4
    r_transitive_closure: 1
    b_empty: 17
    n_count: 83
    n_concept_distance: 7
[t=28.4894s, 3621364 KB] Complexity 8:
Total concept elements: 370
Total role elements: 11
Total numerical elements: 122
Total boolean elements: 20
    b_nullary: 0
    c_one_of: 0
    c_top: 1
    c_bot: 1
    c_primitive: 5
    r_primitive: 5
    c_and: 97
    c_not: 48
    c_equal: 2
    c_some: 106
    c_all: 110
    r_restrict: 0
    r_and: 1
    r_inverse: 4
    r_transitive_closure: 1
    b_empty: 20
    n_count: 114
    n_concept_distance: 8
[t=28.5479s, 3621364 KB] Complexity 9:
Total concept elements: 641
Total role elements: 11
Total numerical elements: 326
Total boolean elements: 68
    b_nullary: 0
    c_one_of: 0
    c_top: 1
    c_bot: 1
    c_primitive: 5
    r_primitive: 5
    c_and: 207
    c_not: 127
    c_equal: 2
    c_some: 141
    c_all: 157
    r_restrict: 0
    r_and: 1
    r_inverse: 4
    r_transitive_closure: 1
    b_empty: 68
    n_count: 293
    n_concept_distance: 33
[t=28.5481s, 3621364 KB] Finished generating composite features.
DomainFeatureDataStatistics:
    num_dlplan_states: 96
    num_boolean_features: 68
    num_numerical_features: 326
2022-11-26 23:02:20 INFO     [40m[34m..done[0m
2022-11-26 23:02:20 INFO     [40m[34mInitializing InstanceFeatureDatas...[0m
2022-11-26 23:02:20 INFO     [40m[34m..done[0m
2022-11-26 23:02:20 INFO     [40m[34mInitializing StatePairEquivalenceDatas...[0m
2022-11-26 23:02:22 INFO     [40m[34m..done[0m
2022-11-26 23:02:22 INFO     [40m[34mInitializing TupleGraphEquivalences...[0m
2022-11-26 23:02:22 INFO     [40m[34m..done[0m
2022-11-26 23:02:22 INFO     [40m[34mInitializing TupleGraphEquivalenceMinimizer...[0m
Num subgoals: 9
Num of selected subgoals: 6
Num rules: 8
Num of selected rules: 6
Num subgoals: 9
Num of selected subgoals: 6
Num rules: 8
Num of selected rules: 6
Num subgoals: 9
Num of selected subgoals: 6
Num rules: 8
Num of selected rules: 6
Num subgoals: 9
Num of selected subgoals: 6
Num rules: 8
Num of selected rules: 6
Num subgoals: 12
Num of selected subgoals: 8
Num rules: 16
Num of selected rules: 8
Num subgoals: 12
Num of selected subgoals: 6
Num rules: 12
Num of selected rules: 6
Num subgoals: 12
Num of selected subgoals: 8
Num rules: 20
Num of selected rules: 8
Num subgoals: 12
Num of selected subgoals: 8
Num rules: 15
Num of selected rules: 8
Num subgoals: 12
Num of selected subgoals: 6
Num rules: 14
Num of selected rules: 6
Num subgoals: 12
Num of selected subgoals: 6
Num rules: 10
Num of selected rules: 6
Num subgoals: 12
Num of selected subgoals: 8
Num rules: 16
Num of selected rules: 8
Num subgoals: 9
Num of selected subgoals: 4
Num rules: 9
Num of selected rules: 4
Num subgoals: 9
Num of selected subgoals: 5
Num rules: 7
Num of selected rules: 5
Num subgoals: 12
Num of selected subgoals: 6
Num rules: 12
Num of selected rules: 6
Num subgoals: 9
Num of selected subgoals: 5
Num rules: 8
Num of selected rules: 5
Num subgoals: 9
Num of selected subgoals: 4
Num rules: 5
Num of selected rules: 4
Num subgoals: 9
Num of selected subgoals: 6
Num rules: 8
Num of selected rules: 6
Num subgoals: 9
Num of selected subgoals: 4
Num rules: 4
Num of selected rules: 4
Num subgoals: 9
Num of selected subgoals: 4
Num rules: 4
Num of selected rules: 4
Num subgoals: 9
Num of selected subgoals: 5
Num rules: 5
Num of selected rules: 5
Num subgoals: 9
Num of selected subgoals: 5
Num rules: 5
Num of selected rules: 5
Num subgoals: 12
Num of selected subgoals: 8
Num rules: 15
Num of selected rules: 8
Num subgoals: 9
Num of selected subgoals: 6
Num rules: 8
Num of selected rules: 6
Num subgoals: 9
Num of selected subgoals: 5
Num rules: 5
Num of selected rules: 5
Num subgoals: 9
Num of selected subgoals: 5
Num rules: 5
Num of selected rules: 5
Num subgoals: 9
Num of selected subgoals: 4
Num rules: 4
Num of selected rules: 4
Num subgoals: 9
Num of selected subgoals: 4
Num rules: 4
Num of selected rules: 4
Num subgoals: 12
Num of selected subgoals: 6
Num rules: 10
Num of selected rules: 6
Num subgoals: 9
Num of selected subgoals: 6
Num rules: 8
Num of selected rules: 6
Num subgoals: 9
Num of selected subgoals: 6
Num rules: 8
Num of selected rules: 6
Num subgoals: 9
Num of selected subgoals: 4
Num rules: 9
Num of selected rules: 4
Num subgoals: 9
Num of selected subgoals: 5
Num rules: 5
Num of selected rules: 5
Num subgoals: 12
Num of selected subgoals: 8
Num rules: 16
Num of selected rules: 8
Num subgoals: 12
Num of selected subgoals: 8
Num rules: 16
Num of selected rules: 8
Num subgoals: 9
Num of selected subgoals: 6
Num rules: 8
Num of selected rules: 6
Num subgoals: 9
Num of selected subgoals: 6
Num rules: 8
Num of selected rules: 6
Num subgoals: 9
Num of selected subgoals: 5
Num rules: 8
Num of selected rules: 5
Num subgoals: 9
Num of selected subgoals: 4
Num rules: 4
Num of selected rules: 4
Num subgoals: 12
Num of selected subgoals: 6
Num rules: 12
Num of selected rules: 6
Num subgoals: 12
Num of selected subgoals: 6
Num rules: 12
Num of selected rules: 6
Num subgoals: 9
Num of selected subgoals: 6
Num rules: 8
Num of selected rules: 6
Num subgoals: 12
Num of selected subgoals: 6
Num rules: 12
Num of selected rules: 6
Num subgoals: 12
Num of selected subgoals: 8
Num rules: 20
Num of selected rules: 8
Num subgoals: 12
Num of selected subgoals: 8
Num rules: 20
Num of selected rules: 8
Num subgoals: 9
Num of selected subgoals: 6
Num rules: 8
Num of selected rules: 6
Num subgoals: 9
Num of selected subgoals: 6
Num rules: 8
Num of selected rules: 6
Num subgoals: 9
Num of selected subgoals: 6
Num rules: 8
Num of selected rules: 6
Num subgoals: 12
Num of selected subgoals: 8
Num rules: 16
Num of selected rules: 8
Num subgoals: 12
Num of selected subgoals: 6
Num rules: 14
Num of selected rules: 6
Num subgoals: 12
Num of selected subgoals: 6
Num rules: 14
Num of selected rules: 6
Num subgoals: 9
Num of selected subgoals: 6
Num rules: 8
Num of selected rules: 6
Num subgoals: 9
Num of selected subgoals: 6
Num rules: 8
Num of selected rules: 6
Num subgoals: 12
Num of selected subgoals: 6
Num rules: 10
Num of selected rules: 6
Num subgoals: 12
Num of selected subgoals: 6
Num rules: 14
Num of selected rules: 6
Num subgoals: 12
Num of selected subgoals: 8
Num rules: 16
Num of selected rules: 8
Num subgoals: 12
Num of selected subgoals: 8
Num rules: 16
Num of selected rules: 8
Num subgoals: 9
Num of selected subgoals: 4
Num rules: 9
Num of selected rules: 4
Num subgoals: 9
Num of selected subgoals: 6
Num rules: 8
Num of selected rules: 6
Num subgoals: 9
Num of selected subgoals: 6
Num rules: 8
Num of selected rules: 6
Num subgoals: 9
Num of selected subgoals: 6
Num rules: 8
Num of selected rules: 6
Num subgoals: 12
Num of selected subgoals: 8
Num rules: 15
Num of selected rules: 8
Num subgoals: 12
Num of selected subgoals: 8
Num rules: 20
Num of selected rules: 8
Num subgoals: 12
Num of selected subgoals: 6
Num rules: 12
Num of selected rules: 6
Num subgoals: 12
Num of selected subgoals: 6
Num rules: 12
Num of selected rules: 6
Num subgoals: 9
Num of selected subgoals: 5
Num rules: 8
Num of selected rules: 5
Num subgoals: 9
Num of selected subgoals: 6
Num rules: 8
Num of selected rules: 6
Num subgoals: 9
Num of selected subgoals: 6
Num rules: 8
Num of selected rules: 6
Num subgoals: 9
Num of selected subgoals: 6
Num rules: 8
Num of selected rules: 6
Num subgoals: 12
Num of selected subgoals: 6
Num rules: 12
Num of selected rules: 6
Num subgoals: 9
Num of selected subgoals: 5
Num rules: 8
Num of selected rules: 5
Num subgoals: 12
Num of selected subgoals: 8
Num rules: 15
Num of selected rules: 8
Num subgoals: 9
Num of selected subgoals: 6
Num rules: 8
Num of selected rules: 6
Num subgoals: 9
Num of selected subgoals: 4
Num rules: 4
Num of selected rules: 4
Num subgoals: 9
Num of selected subgoals: 4
Num rules: 4
Num of selected rules: 4
Num subgoals: 9
Num of selected subgoals: 6
Num rules: 8
Num of selected rules: 6
Num subgoals: 12
Num of selected subgoals: 8
Num rules: 16
Num of selected rules: 8
Num subgoals: 9
Num of selected subgoals: 5
Num rules: 7
Num of selected rules: 5
Num subgoals: 9
Num of selected subgoals: 4
Num rules: 9
Num of selected rules: 4
Num subgoals: 12
Num of selected subgoals: 6
Num rules: 10
Num of selected rules: 6
Num subgoals: 9
Num of selected subgoals: 6
Num rules: 8
Num of selected rules: 6
Num subgoals: 9
Num of selected subgoals: 5
Num rules: 5
Num of selected rules: 5
Num subgoals: 9
Num of selected subgoals: 5
Num rules: 5
Num of selected rules: 5
Num subgoals: 9
Num of selected subgoals: 6
Num rules: 8
Num of selected rules: 6
Num subgoals: 9
Num of selected subgoals: 6
Num rules: 8
Num of selected rules: 6
Num subgoals: 9
Num of selected subgoals: 6
Num rules: 8
Num of selected rules: 6
Num subgoals: 9
Num of selected subgoals: 6
Num rules: 8
Num of selected rules: 6
Num subgoals: 9
Num of selected subgoals: 5
Num rules: 5
Num of selected rules: 5
Num subgoals: 9
Num of selected subgoals: 5
Num rules: 5
Num of selected rules: 5
Num subgoals: 9
Num of selected subgoals: 6
Num rules: 8
Num of selected rules: 6
Num subgoals: 9
Num of selected subgoals: 6
Num rules: 8
Num of selected rules: 6
Num subgoals: 9
Num of selected subgoals: 6
Num rules: 8
Num of selected rules: 6
Num subgoals: 9
Num of selected subgoals: 5
Num rules: 5
Num of selected rules: 5
2022-11-26 23:02:22 INFO     [40m[34m..done[0m
Number of initial D2 facts: 1350
Number of D2 facts: 1350 of 76176
2022-11-26 23:02:24 INFO     [40m[34mGrounding Logic Program...[0m
2022-11-26 23:02:26 INFO     [40m[34m..done[0m
2022-11-26 23:02:26 INFO     [40m[34mSolving Logic Program...[0m
2022-11-26 23:02:26 INFO     [40m[34m..done[0m
Clingo statistics:
Total time:  3.993108034133911
CPU time:  6.029028
Solve time:  0.08580708503723145
2022-11-26 23:02:27 INFO     Learned the following sketch:
(:policy
(:boolean_features )
(:numerical_features "n_count(c_and(c_not(c_equal(r_primitive(at,0,1),r_primitive(at_g,0,1))),c_primitive(package,0)))" "n_count(r_primitive(at,0,1))")
(:rule (:conditions (:c_n_gt 1) (:c_n_gt 0)) (:effects (:e_n_bot 1) (:e_n_bot 0)))
(:rule (:conditions (:c_n_gt 1) (:c_n_gt 0)) (:effects (:e_n_dec 1) (:e_n_bot 0)))
(:rule (:conditions (:c_n_gt 1) (:c_n_gt 0)) (:effects (:e_n_inc 1) (:e_n_bot 0)))
(:rule (:conditions (:c_n_gt 1) (:c_n_gt 0)) (:effects (:e_n_inc 1) (:e_n_dec 0)))
)
Numer of sketch rules: 4
Number of selected features: 2
Maximum complexity of selected feature: 7
[40m[31mSketch cycles[0m
Instance: 20 instance_2_2_0
95 (instance index=20, state index=95, atoms={at(t1,c_1_1), empty(t1), at(p1,c_0_0), at(p2,c_0_0)})
95 (instance index=20, state index=95, atoms={at(t1,c_1_1), empty(t1), at(p1,c_0_0), at(p2,c_0_0)})
Number of unsatisfied D2 facts: 2102
Number of D2 facts: 3452 of 76176
2022-11-26 23:02:32 INFO     [40m[34mGrounding Logic Program...[0m
2022-11-26 23:02:35 INFO     [40m[34m..done[0m
2022-11-26 23:02:35 INFO     [40m[34mSolving Logic Program...[0m
2022-11-26 23:02:35 INFO     [40m[34m..done[0m
Clingo statistics:
Total time:  8.3937509059906
CPU time:  15.186432
Solve time:  0.31917381286621094
2022-11-26 23:02:36 INFO     Learned the following sketch:
(:policy
(:boolean_features )
(:numerical_features "n_count(c_and(c_not(c_equal(r_primitive(at,0,1),r_primitive(at_g,0,1))),c_primitive(package,0)))" "n_count(c_primitive(empty,0))")
(:rule (:conditions (:c_n_eq 1) (:c_n_gt 0)) (:effects (:e_n_bot 1) (:e_n_bot 0)))
(:rule (:conditions (:c_n_eq 1) (:c_n_gt 0)) (:effects (:e_n_inc 1) (:e_n_dec 0)))
(:rule (:conditions (:c_n_gt 1) (:c_n_gt 0)) (:effects (:e_n_bot 1) (:e_n_bot 0)))
(:rule (:conditions (:c_n_gt 1) (:c_n_gt 0)) (:effects (:e_n_dec 1) (:e_n_bot 0)))
)
Numer of sketch rules: 4
Number of selected features: 2
Maximum complexity of selected feature: 7
[40m[31mSketch cycles[0m
Instance: 20 instance_2_2_0
95 (instance index=20, state index=95, atoms={at(t1,c_1_1), empty(t1), at(p1,c_0_0), at(p2,c_0_0)})
95 (instance index=20, state index=95, atoms={at(t1,c_1_1), empty(t1), at(p1,c_0_0), at(p2,c_0_0)})
Number of unsatisfied D2 facts: 919
Number of D2 facts: 4371 of 76176
2022-11-26 23:02:41 INFO     [40m[34mGrounding Logic Program...[0m
2022-11-26 23:02:45 INFO     [40m[34m..done[0m
2022-11-26 23:02:45 INFO     [40m[34mSolving Logic Program...[0m
2022-11-26 23:02:45 INFO     [40m[34m..done[0m
Clingo statistics:
Total time:  8.984840154647827
CPU time:  15.761610999999995
Solve time:  0.3277270793914795
2022-11-26 23:02:46 INFO     Learned the following sketch:
(:policy
(:boolean_features )
(:numerical_features "n_count(c_and(c_not(c_equal(r_primitive(at,0,1),r_primitive(at_g,0,1))),c_primitive(package,0)))" "n_count(r_primitive(at,0,1))")
(:rule (:conditions (:c_n_gt 1) (:c_n_gt 0)) (:effects (:e_n_bot 1) (:e_n_bot 0)))
(:rule (:conditions (:c_n_gt 1) (:c_n_gt 0)) (:effects (:e_n_dec 1) (:e_n_bot 0)))
(:rule (:conditions (:c_n_gt 1) (:c_n_gt 0)) (:effects (:e_n_inc 1) (:e_n_dec 0)))
)
Numer of sketch rules: 3
Number of selected features: 2
Maximum complexity of selected feature: 7
[40m[31mSketch cycles[0m
Instance: 20 instance_2_2_0
95 (instance index=20, state index=95, atoms={at(t1,c_1_1), empty(t1), at(p1,c_0_0), at(p2,c_0_0)})
95 (instance index=20, state index=95, atoms={at(t1,c_1_1), empty(t1), at(p1,c_0_0), at(p2,c_0_0)})
Number of unsatisfied D2 facts: 444
Number of D2 facts: 4815 of 76176
2022-11-26 23:02:51 INFO     [40m[34mGrounding Logic Program...[0m
2022-11-26 23:02:54 INFO     [40m[34m..done[0m
2022-11-26 23:02:54 INFO     [40m[34mSolving Logic Program...[0m
2022-11-26 23:02:55 INFO     [40m[34m..done[0m
Clingo statistics:
Total time:  8.994757890701294
CPU time:  16.839326999999997
Solve time:  0.280073881149292
2022-11-26 23:02:56 INFO     Learned the following sketch:
(:policy
(:boolean_features )
(:numerical_features "n_count(c_and(c_not(c_equal(r_primitive(at,0,1),r_primitive(at_g,0,1))),c_primitive(package,0)))" "n_count(c_primitive(empty,0))")
(:rule (:conditions (:c_n_eq 1) (:c_n_gt 0)) (:effects (:e_n_bot 1) (:e_n_bot 0)))
(:rule (:conditions (:c_n_eq 1) (:c_n_gt 0)) (:effects (:e_n_inc 1) (:e_n_dec 0)))
(:rule (:conditions (:c_n_gt 1) (:c_n_gt 0)) (:effects (:e_n_bot 1) (:e_n_bot 0)))
(:rule (:conditions (:c_n_gt 1) (:c_n_gt 0)) (:effects (:e_n_dec 1) (:e_n_bot 0)))
)
Numer of sketch rules: 4
Number of selected features: 2
Maximum complexity of selected feature: 7
[40m[31mSketch cycles[0m
Instance: 20 instance_2_2_0
95 (instance index=20, state index=95, atoms={at(t1,c_1_1), empty(t1), at(p1,c_0_0), at(p2,c_0_0)})
95 (instance index=20, state index=95, atoms={at(t1,c_1_1), empty(t1), at(p1,c_0_0), at(p2,c_0_0)})
Number of unsatisfied D2 facts: 538
Number of D2 facts: 5353 of 76176
2022-11-26 23:03:01 INFO     [40m[34mGrounding Logic Program...[0m
2022-11-26 23:03:08 INFO     [40m[34m..done[0m
2022-11-26 23:03:08 INFO     [40m[34mSolving Logic Program...[0m
2022-11-26 23:03:09 INFO     [40m[34m..done[0m
Clingo statistics:
Total time:  12.962892055511475
CPU time:  23.735775999999987
Solve time:  0.41522812843322754
2022-11-26 23:03:09 INFO     Learned the following sketch:
(:policy
(:boolean_features )
(:numerical_features "n_count(c_and(c_not(c_equal(r_primitive(at,0,1),r_primitive(at_g,0,1))),c_primitive(package,0)))" "n_count(r_primitive(at,0,1))")
(:rule (:conditions (:c_n_gt 1) (:c_n_gt 0)) (:effects (:e_n_bot 1) (:e_n_bot 0)))
(:rule (:conditions (:c_n_gt 1) (:c_n_gt 0)) (:effects (:e_n_dec 1) (:e_n_bot 0)))
(:rule (:conditions (:c_n_gt 1) (:c_n_gt 0)) (:effects (:e_n_inc 1) (:e_n_dec 0)))
)
Numer of sketch rules: 3
Number of selected features: 2
Maximum complexity of selected feature: 7
[40m[31mSketch cycles[0m
Instance: 20 instance_2_2_0
95 (instance index=20, state index=95, atoms={at(t1,c_1_1), empty(t1), at(p1,c_0_0), at(p2,c_0_0)})
95 (instance index=20, state index=95, atoms={at(t1,c_1_1), empty(t1), at(p1,c_0_0), at(p2,c_0_0)})
Number of unsatisfied D2 facts: 158
Number of D2 facts: 5511 of 76176
2022-11-26 23:03:15 INFO     [40m[34mGrounding Logic Program...[0m
2022-11-26 23:03:22 INFO     [40m[34m..done[0m
2022-11-26 23:03:22 INFO     [40m[34mSolving Logic Program...[0m
2022-11-26 23:03:23 INFO     [40m[34m..done[0m
Clingo statistics:
Total time:  13.352557897567749
CPU time:  23.932945000000004
Solve time:  0.3651270866394043
2022-11-26 23:03:24 INFO     Learned the following sketch:
(:policy
(:boolean_features "b_empty(r_primitive(carrying,0,1))")
(:numerical_features "n_count(c_and(c_not(c_equal(r_primitive(at,0,1),r_primitive(at_g,0,1))),c_primitive(package,0)))")
(:rule (:conditions (:c_b_neg 0) (:c_n_gt 0)) (:effects (:e_b_bot 0) (:e_n_bot 0)))
(:rule (:conditions (:c_b_neg 0) (:c_n_gt 0)) (:effects (:e_b_pos 0) (:e_n_dec 0)))
(:rule (:conditions (:c_b_pos 0) (:c_n_gt 0)) (:effects (:e_b_bot 0) (:e_n_bot 0)))
(:rule (:conditions (:c_b_pos 0) (:c_n_gt 0)) (:effects (:e_b_neg 0) (:e_n_bot 0)))
)
Numer of sketch rules: 4
Number of selected features: 2
Maximum complexity of selected feature: 7
[40m[31mSketch cycles[0m
Instance: 20 instance_2_2_0
95 (instance index=20, state index=95, atoms={at(t1,c_1_1), empty(t1), at(p1,c_0_0), at(p2,c_0_0)})
95 (instance index=20, state index=95, atoms={at(t1,c_1_1), empty(t1), at(p1,c_0_0), at(p2,c_0_0)})
Number of unsatisfied D2 facts: 223
Number of D2 facts: 5734 of 76176
2022-11-26 23:03:29 INFO     [40m[34mGrounding Logic Program...[0m
2022-11-26 23:03:36 INFO     [40m[34m..done[0m
2022-11-26 23:03:36 INFO     [40m[34mSolving Logic Program...[0m
2022-11-26 23:03:37 INFO     [40m[34m..done[0m
Clingo statistics:
Total time:  13.131481170654297
CPU time:  24.15120400000002
Solve time:  0.40427112579345703
2022-11-26 23:03:38 INFO     Learned the following sketch:
(:policy
(:boolean_features )
(:numerical_features "n_count(c_and(c_not(c_equal(r_primitive(at,0,1),r_primitive(at_g,0,1))),c_primitive(package,0)))" "n_count(r_primitive(at,0,1))")
(:rule (:conditions (:c_n_gt 1) (:c_n_gt 0)) (:effects (:e_n_bot 1) (:e_n_bot 0)))
(:rule (:conditions (:c_n_gt 1) (:c_n_gt 0)) (:effects (:e_n_dec 1) (:e_n_bot 0)))
(:rule (:conditions (:c_n_gt 1) (:c_n_gt 0)) (:effects (:e_n_inc 1) (:e_n_dec 0)))
)
Numer of sketch rules: 3
Number of selected features: 2
Maximum complexity of selected feature: 7
[40m[31mSketch cycles[0m
Instance: 20 instance_2_2_0
95 (instance index=20, state index=95, atoms={at(t1,c_1_1), empty(t1), at(p1,c_0_0), at(p2,c_0_0)})
95 (instance index=20, state index=95, atoms={at(t1,c_1_1), empty(t1), at(p1,c_0_0), at(p2,c_0_0)})
Number of unsatisfied D2 facts: 380
Number of D2 facts: 6114 of 76176
2022-11-26 23:03:44 INFO     [40m[34mGrounding Logic Program...[0m
2022-11-26 23:03:51 INFO     [40m[34m..done[0m
2022-11-26 23:03:51 INFO     [40m[34mSolving Logic Program...[0m
2022-11-26 23:03:52 INFO     [40m[34m..done[0m
Clingo statistics:
Total time:  14.473960876464844
CPU time:  29.433348000000024
Solve time:  0.5708990097045898
2022-11-26 23:03:53 INFO     Learned the following sketch:
(:policy
(:boolean_features )
(:numerical_features "n_count(c_and(c_not(c_equal(r_primitive(at,0,1),r_primitive(at_g,0,1))),c_primitive(package,0)))" "n_count(r_primitive(at,0,1))")
(:rule (:conditions (:c_n_gt 1) (:c_n_gt 0)) (:effects (:e_n_dec 1) (:e_n_bot 0)))
(:rule (:conditions (:c_n_gt 1) (:c_n_gt 0)) (:effects (:e_n_inc 1) (:e_n_dec 0)))
)
Numer of sketch rules: 2
Number of selected features: 2
Maximum complexity of selected feature: 7
2022-11-26 23:03:53 INFO     [40m[34mVerifying learned sketch...[0m
2022-11-26 23:03:57 INFO     [40m[34m..done[0m
2022-11-26 23:03:57 INFO     [40m[33mIteration summary:[0m
DomainFeatureDataStatistics:
    num_dlplan_states: 96
    num_boolean_features: 68
    num_numerical_features: 326
StatePairEquivalenceStatistics:
    num_state_pairs: 1076
    num_equivalences: 276
TupleGraphEquivalenceMinimizerStatistics:
    Number of input tuples: 924
    Number of output tuples: 544
[40m[31mSketch solves all instances![0m
2022-11-26 23:03:57 INFO     [40m[32mSummary:[0m
Boolean features:
b_empty(c_top)
b_empty(c_bot)
b_empty(c_primitive(empty,0))
b_empty(r_primitive(carrying,0,1))
b_empty(r_and(r_primitive(at,0,1),r_primitive(at_g,0,1)))
b_empty(c_and(c_not(c_equal(r_primitive(at,0,1),r_primitive(at_g,0,1))),c_primitive(package,0)))
b_empty(c_some(r_primitive(at,0,1),c_some(r_inverse(r_primitive(at_g,0,1)),c_top)))
b_empty(c_some(r_primitive(at,0,1),c_all(r_inverse(r_primitive(at,0,1)),c_primitive(empty,0))))
b_empty(c_some(r_primitive(at,0,1),c_all(r_inverse(r_primitive(at,0,1)),c_primitive(package,0))))
b_empty(c_some(r_primitive(at,0,1),c_all(r_inverse(r_primitive(at,0,1)),c_primitive(truck,0))))
b_empty(c_some(r_primitive(at,0,1),c_all(r_inverse(r_primitive(at_g,0,1)),c_bot)))
b_empty(c_some(r_primitive(at_g,0,1),c_some(r_inverse(r_primitive(at,0,1)),c_primitive(empty,0))))
b_empty(c_some(r_primitive(at_g,0,1),c_some(r_inverse(r_primitive(at,0,1)),c_primitive(truck,0))))
b_empty(c_some(r_primitive(at_g,0,1),c_all(r_inverse(r_primitive(at,0,1)),c_bot)))
b_empty(c_some(r_primitive(at_g,0,1),c_all(r_inverse(r_primitive(at,0,1)),c_primitive(empty,0))))
b_empty(c_some(r_primitive(at_g,0,1),c_all(r_inverse(r_primitive(at,0,1)),c_primitive(package,0))))
b_empty(c_some(r_primitive(at_g,0,1),c_all(r_inverse(r_primitive(at,0,1)),c_primitive(truck,0))))
b_empty(c_not(c_all(r_primitive(at,0,1),c_some(r_inverse(r_primitive(at,0,1)),c_primitive(empty,0)))))
b_empty(c_not(c_all(r_primitive(at_g,0,1),c_some(r_inverse(r_primitive(at,0,1)),c_primitive(empty,0)))))
b_empty(c_not(c_all(r_primitive(at_g,0,1),c_all(r_inverse(r_primitive(at,0,1)),c_primitive(empty,0)))))
b_empty(c_and(c_primitive(empty,0),c_some(r_primitive(at,0,1),c_some(r_inverse(r_primitive(at,0,1)),c_primitive(package,0)))))
b_empty(c_and(c_primitive(empty,0),c_some(r_primitive(at,0,1),c_all(r_inverse(r_primitive(at_g,0,1)),c_bot))))
b_empty(c_and(c_all(r_primitive(adjacent,0,1),c_some(r_inverse(r_primitive(at,0,1)),c_top)),c_primitive(cell,0)))
b_empty(c_and(c_all(r_primitive(adjacent,0,1),c_some(r_inverse(r_primitive(at,0,1)),c_primitive(package,0))),c_primitive(cell,0)))
b_empty(c_and(c_all(r_primitive(adjacent,0,1),c_all(r_inverse(r_primitive(at,0,1)),c_bot)),c_primitive(cell,0)))
b_empty(c_and(c_all(r_primitive(adjacent,0,1),c_all(r_inverse(r_primitive(at,0,1)),c_primitive(empty,0))),c_primitive(cell,0)))
b_empty(c_and(c_all(r_primitive(adjacent,0,1),c_all(r_inverse(r_primitive(at,0,1)),c_primitive(truck,0))),c_primitive(cell,0)))
b_empty(c_and(c_all(r_primitive(at,0,1),c_some(r_inverse(r_primitive(at_g,0,1)),c_top)),c_primitive(locatable,0)))
b_empty(c_and(c_all(r_primitive(at,0,1),c_all(r_inverse(r_primitive(at,0,1)),c_primitive(empty,0))),c_primitive(locatable,0)))
b_empty(c_and(c_all(r_primitive(at,0,1),c_all(r_inverse(r_primitive(at_g,0,1)),c_bot)),c_primitive(locatable,0)))
b_empty(c_and(c_primitive(package,0),c_some(r_primitive(at,0,1),c_some(r_inverse(r_primitive(at,0,1)),c_primitive(truck,0)))))
b_empty(c_and(c_primitive(package,0),c_some(r_primitive(at,0,1),c_all(r_inverse(r_primitive(at_g,0,1)),c_bot))))
b_empty(c_and(c_all(r_primitive(at,0,1),c_some(r_inverse(r_primitive(at,0,1)),c_primitive(empty,0))),c_primitive(package,0)))
b_empty(c_and(c_all(r_primitive(at,0,1),c_some(r_inverse(r_primitive(at_g,0,1)),c_top)),c_primitive(package,0)))
b_empty(c_some(r_primitive(at,0,1),c_some(r_primitive(adjacent,0,1),c_some(r_inverse(r_primitive(at,0,1)),c_top))))
b_empty(c_some(r_primitive(at,0,1),c_some(r_primitive(adjacent,0,1),c_some(r_inverse(r_primitive(at,0,1)),c_primitive(empty,0)))))
b_empty(c_some(r_primitive(at,0,1),c_some(r_primitive(adjacent,0,1),c_some(r_inverse(r_primitive(at_g,0,1)),c_top))))
b_empty(c_some(r_primitive(at,0,1),c_some(r_inverse(r_primitive(at_g,0,1)),c_all(r_primitive(at,0,1),c_bot))))
b_empty(c_some(r_primitive(at,0,1),c_all(r_primitive(adjacent,0,1),c_some(r_inverse(r_primitive(at,0,1)),c_top))))
b_empty(c_some(r_primitive(at,0,1),c_all(r_primitive(adjacent,0,1),c_some(r_inverse(r_primitive(at,0,1)),c_primitive(package,0)))))
b_empty(c_some(r_primitive(at,0,1),c_all(r_primitive(adjacent,0,1),c_all(r_inverse(r_primitive(at_g,0,1)),c_bot))))
b_empty(c_some(r_primitive(at,0,1),c_all(r_inverse(r_primitive(at,0,1)),c_equal(r_primitive(at,0,1),r_primitive(at_g,0,1)))))
b_empty(c_some(r_primitive(at,0,1),c_all(r_inverse(r_primitive(at,0,1)),c_equal(r_primitive(carrying,0,1),r_primitive(carrying_g,0,1)))))
b_empty(c_some(r_primitive(at,0,1),c_all(r_inverse(r_primitive(at,0,1)),c_some(r_primitive(carrying,0,1),c_top))))
b_empty(c_some(r_primitive(at,0,1),c_all(r_inverse(r_primitive(at_g,0,1)),c_equal(r_primitive(at,0,1),r_primitive(at_g,0,1)))))
b_empty(c_some(r_primitive(at_g,0,1),c_some(r_primitive(adjacent,0,1),c_some(r_inverse(r_primitive(at,0,1)),c_primitive(empty,0)))))
b_empty(c_some(r_primitive(at_g,0,1),c_some(r_primitive(adjacent,0,1),c_some(r_inverse(r_primitive(at,0,1)),c_primitive(package,0)))))
b_empty(c_some(r_primitive(at_g,0,1),c_some(r_primitive(adjacent,0,1),c_some(r_inverse(r_primitive(at,0,1)),c_primitive(truck,0)))))
b_empty(c_some(r_primitive(at_g,0,1),c_some(r_primitive(adjacent,0,1),c_all(r_inverse(r_primitive(at,0,1)),c_bot))))
b_empty(c_some(r_primitive(at_g,0,1),c_some(r_primitive(adjacent,0,1),c_all(r_inverse(r_primitive(at,0,1)),c_primitive(empty,0)))))
b_empty(c_some(r_primitive(at_g,0,1),c_some(r_primitive(adjacent,0,1),c_all(r_inverse(r_primitive(at,0,1)),c_primitive(truck,0)))))
b_empty(c_some(r_primitive(at_g,0,1),c_some(r_inverse(r_primitive(at,0,1)),c_equal(r_primitive(carrying,0,1),r_primitive(carrying_g,0,1)))))
b_empty(c_some(r_primitive(at_g,0,1),c_some(r_inverse(r_primitive(at,0,1)),c_some(r_primitive(carrying,0,1),c_top))))
b_empty(c_some(r_primitive(at_g,0,1),c_all(r_primitive(adjacent,0,1),c_some(r_inverse(r_primitive(at,0,1)),c_top))))
b_empty(c_some(r_primitive(at_g,0,1),c_all(r_primitive(adjacent,0,1),c_some(r_inverse(r_primitive(at,0,1)),c_primitive(package,0)))))
b_empty(c_some(r_primitive(at_g,0,1),c_all(r_primitive(adjacent,0,1),c_all(r_inverse(r_primitive(at,0,1)),c_bot))))
b_empty(c_some(r_primitive(at_g,0,1),c_all(r_primitive(adjacent,0,1),c_all(r_inverse(r_primitive(at,0,1)),c_primitive(empty,0)))))
b_empty(c_some(r_primitive(at_g,0,1),c_all(r_primitive(adjacent,0,1),c_all(r_inverse(r_primitive(at,0,1)),c_primitive(package,0)))))
b_empty(c_some(r_primitive(at_g,0,1),c_all(r_primitive(adjacent,0,1),c_all(r_inverse(r_primitive(at,0,1)),c_primitive(truck,0)))))
b_empty(c_some(r_primitive(at_g,0,1),c_all(r_inverse(r_primitive(at,0,1)),c_equal(r_primitive(carrying,0,1),r_primitive(carrying_g,0,1)))))
b_empty(c_some(r_primitive(at_g,0,1),c_all(r_inverse(r_primitive(at,0,1)),c_some(r_primitive(carrying,0,1),c_top))))
b_empty(c_some(r_primitive(at_g,0,1),c_all(r_inverse(r_primitive(at_g,0,1)),c_equal(r_primitive(at,0,1),r_primitive(at_g,0,1)))))
b_empty(c_some(r_primitive(carrying,0,1),c_some(r_primitive(at_g,0,1),c_some(r_inverse(r_primitive(at,0,1)),c_primitive(package,0)))))
b_empty(c_some(r_primitive(carrying,0,1),c_some(r_primitive(at_g,0,1),c_all(r_inverse(r_primitive(at,0,1)),c_bot))))
b_empty(c_some(r_primitive(carrying,0,1),c_some(r_primitive(at_g,0,1),c_all(r_inverse(r_primitive(at,0,1)),c_primitive(package,0)))))
b_empty(c_some(r_primitive(carrying,0,1),c_some(r_primitive(at_g,0,1),c_all(r_inverse(r_primitive(at,0,1)),c_primitive(truck,0)))))
b_empty(c_some(r_and(r_primitive(at,0,1),r_primitive(at_g,0,1)),c_some(r_inverse(r_primitive(at,0,1)),c_primitive(empty,0))))
b_empty(c_some(r_and(r_primitive(at,0,1),r_primitive(at_g,0,1)),c_some(r_inverse(r_primitive(at,0,1)),c_primitive(truck,0))))
Numerical features:
n_count(c_top)
n_count(c_bot)
n_count(c_primitive(empty,0))
n_count(c_primitive(cell,0))
n_count(c_primitive(locatable,0))
n_count(c_primitive(package,0))
n_count(c_primitive(truck,0))
n_count(r_primitive(at,0,1))
n_count(r_primitive(carrying,0,1))
n_count(r_primitive(adjacent,0,1))
n_count(c_not(c_primitive(empty,0)))
n_count(c_not(c_primitive(package,0)))
n_count(c_not(c_primitive(truck,0)))
n_count(r_transitive_closure(r_primitive(adjacent,0,1)))
n_count(c_equal(r_primitive(at,0,1),r_primitive(at_g,0,1)))
n_count(c_equal(r_primitive(carrying,0,1),r_primitive(carrying_g,0,1)))
n_count(c_all(r_primitive(at,0,1),c_bot))
n_count(r_and(r_primitive(at,0,1),r_primitive(at_g,0,1)))
n_concept_distance(c_primitive(truck,0),r_primitive(at,0,1),c_bot)
n_concept_distance(c_primitive(truck,0),r_primitive(at,0,1),c_primitive(empty,0))
n_concept_distance(c_primitive(truck,0),r_primitive(carrying,0,1),c_primitive(package,0))
n_count(c_and(c_not(c_primitive(empty,0)),c_primitive(locatable,0)))
n_count(c_not(c_equal(r_primitive(at,0,1),r_primitive(at_g,0,1))))
n_count(c_some(r_inverse(r_primitive(at,0,1)),c_top))
n_count(c_some(r_inverse(r_primitive(at,0,1)),c_primitive(package,0)))
n_count(c_all(r_inverse(r_primitive(at,0,1)),c_bot))
n_count(c_all(r_inverse(r_primitive(at,0,1)),c_primitive(empty,0)))
n_count(c_all(r_inverse(r_primitive(at,0,1)),c_primitive(truck,0)))
n_concept_distance(c_primitive(truck,0),r_primitive(at_g,0,1),c_not(c_primitive(empty,0)))
n_count(c_and(c_primitive(package,0),c_some(r_primitive(at,0,1),c_top)))
n_count(c_not(c_and(c_not(c_primitive(empty,0)),c_primitive(locatable,0))))
n_count(c_not(c_all(r_inverse(r_primitive(at,0,1)),c_primitive(empty,0))))
n_count(c_all(r_and(r_primitive(at,0,1),r_primitive(at_g,0,1)),c_bot))
n_count(c_and(c_all(r_inverse(r_primitive(at,0,1)),c_bot),c_primitive(cell,0)))
n_count(c_and(c_all(r_inverse(r_primitive(at,0,1)),c_primitive(empty,0)),c_primitive(cell,0)))
n_count(c_and(c_all(r_inverse(r_primitive(at,0,1)),c_primitive(truck,0)),c_primitive(cell,0)))
n_count(c_and(c_not(c_equal(r_primitive(at,0,1),r_primitive(at_g,0,1))),c_primitive(package,0)))
n_count(c_not(c_and(c_primitive(package,0),c_some(r_primitive(at,0,1),c_top))))
n_count(c_some(r_primitive(at,0,1),c_some(r_inverse(r_primitive(at,0,1)),c_primitive(empty,0))))
n_count(c_some(r_primitive(at,0,1),c_some(r_inverse(r_primitive(at,0,1)),c_primitive(package,0))))
n_count(c_some(r_primitive(at,0,1),c_some(r_inverse(r_primitive(at,0,1)),c_primitive(truck,0))))
n_count(c_some(r_primitive(at,0,1),c_some(r_inverse(r_primitive(at_g,0,1)),c_top)))
n_count(c_some(r_primitive(at,0,1),c_all(r_inverse(r_primitive(at,0,1)),c_primitive(empty,0))))
n_count(c_some(r_primitive(at,0,1),c_all(r_inverse(r_primitive(at,0,1)),c_primitive(package,0))))
n_count(c_some(r_primitive(at,0,1),c_all(r_inverse(r_primitive(at,0,1)),c_primitive(truck,0))))
n_count(c_some(r_primitive(at,0,1),c_all(r_inverse(r_primitive(at_g,0,1)),c_bot)))
n_count(c_some(r_primitive(at_g,0,1),c_some(r_inverse(r_primitive(at,0,1)),c_top)))
n_count(c_some(r_primitive(at_g,0,1),c_some(r_inverse(r_primitive(at,0,1)),c_primitive(empty,0))))
n_count(c_some(r_primitive(at_g,0,1),c_some(r_inverse(r_primitive(at,0,1)),c_primitive(package,0))))
n_count(c_some(r_primitive(at_g,0,1),c_some(r_inverse(r_primitive(at,0,1)),c_primitive(truck,0))))
n_count(c_some(r_primitive(at_g,0,1),c_all(r_inverse(r_primitive(at,0,1)),c_bot)))
n_count(c_some(r_primitive(at_g,0,1),c_all(r_inverse(r_primitive(at,0,1)),c_primitive(empty,0))))
n_count(c_some(r_primitive(at_g,0,1),c_all(r_inverse(r_primitive(at,0,1)),c_primitive(package,0))))
n_count(c_some(r_primitive(at_g,0,1),c_all(r_inverse(r_primitive(at,0,1)),c_primitive(truck,0))))
n_count(c_some(r_primitive(adjacent,0,1),c_some(r_inverse(r_primitive(at,0,1)),c_top)))
n_count(c_some(r_primitive(adjacent,0,1),c_some(r_inverse(r_primitive(at,0,1)),c_primitive(empty,0))))
n_count(c_some(r_primitive(adjacent,0,1),c_some(r_inverse(r_primitive(at,0,1)),c_primitive(package,0))))
n_count(c_some(r_primitive(adjacent,0,1),c_all(r_inverse(r_primitive(at,0,1)),c_bot)))
n_count(c_some(r_primitive(adjacent,0,1),c_all(r_inverse(r_primitive(at,0,1)),c_primitive(empty,0))))
n_count(c_some(r_primitive(adjacent,0,1),c_all(r_inverse(r_primitive(at,0,1)),c_primitive(truck,0))))
n_count(c_some(r_inverse(r_primitive(at,0,1)),c_equal(r_primitive(at,0,1),r_primitive(at_g,0,1))))
n_count(c_some(r_inverse(r_primitive(at,0,1)),c_equal(r_primitive(carrying,0,1),r_primitive(carrying_g,0,1))))
n_count(c_all(r_primitive(at,0,1),c_some(r_inverse(r_primitive(at,0,1)),c_primitive(empty,0))))
n_count(c_all(r_primitive(at,0,1),c_some(r_inverse(r_primitive(at,0,1)),c_primitive(package,0))))
n_count(c_all(r_primitive(at,0,1),c_some(r_inverse(r_primitive(at,0,1)),c_primitive(truck,0))))
n_count(c_all(r_primitive(at,0,1),c_some(r_inverse(r_primitive(at_g,0,1)),c_top)))
n_count(c_all(r_primitive(at,0,1),c_all(r_inverse(r_primitive(at,0,1)),c_primitive(empty,0))))
n_count(c_all(r_primitive(at,0,1),c_all(r_inverse(r_primitive(at,0,1)),c_primitive(package,0))))
n_count(c_all(r_primitive(at,0,1),c_all(r_inverse(r_primitive(at,0,1)),c_primitive(truck,0))))
n_count(c_all(r_primitive(at,0,1),c_all(r_inverse(r_primitive(at_g,0,1)),c_bot)))
n_count(c_all(r_primitive(at_g,0,1),c_some(r_inverse(r_primitive(at,0,1)),c_top)))
n_count(c_all(r_primitive(at_g,0,1),c_some(r_inverse(r_primitive(at,0,1)),c_primitive(empty,0))))
n_count(c_all(r_primitive(at_g,0,1),c_some(r_inverse(r_primitive(at,0,1)),c_primitive(package,0))))
n_count(c_all(r_primitive(at_g,0,1),c_some(r_inverse(r_primitive(at,0,1)),c_primitive(truck,0))))
n_count(c_all(r_primitive(at_g,0,1),c_all(r_inverse(r_primitive(at,0,1)),c_bot)))
n_count(c_all(r_primitive(at_g,0,1),c_all(r_inverse(r_primitive(at,0,1)),c_primitive(empty,0))))
n_count(c_all(r_primitive(at_g,0,1),c_all(r_inverse(r_primitive(at,0,1)),c_primitive(package,0))))
n_count(c_all(r_primitive(at_g,0,1),c_all(r_inverse(r_primitive(at,0,1)),c_primitive(truck,0))))
n_count(c_all(r_primitive(adjacent,0,1),c_some(r_inverse(r_primitive(at,0,1)),c_top)))
n_count(c_all(r_primitive(adjacent,0,1),c_some(r_inverse(r_primitive(at,0,1)),c_primitive(package,0))))
n_count(c_all(r_primitive(adjacent,0,1),c_all(r_inverse(r_primitive(at,0,1)),c_bot)))
n_count(c_all(r_primitive(adjacent,0,1),c_all(r_inverse(r_primitive(at,0,1)),c_primitive(empty,0))))
n_count(c_all(r_primitive(adjacent,0,1),c_all(r_inverse(r_primitive(at,0,1)),c_primitive(truck,0))))
n_count(c_all(r_inverse(r_primitive(at,0,1)),c_equal(r_primitive(at,0,1),r_primitive(at_g,0,1))))
n_count(c_all(r_inverse(r_primitive(at,0,1)),c_some(r_primitive(carrying,0,1),c_top)))
n_count(c_all(r_inverse(r_primitive(at_g,0,1)),c_equal(r_primitive(at,0,1),r_primitive(at_g,0,1))))
n_count(c_all(r_inverse(r_and(r_primitive(at,0,1),r_primitive(at_g,0,1))),c_bot))
n_concept_distance(c_primitive(truck,0),r_primitive(at,0,1),c_some(r_inverse(r_primitive(at,0,1)),c_primitive(empty,0)))
n_concept_distance(c_primitive(truck,0),r_primitive(at,0,1),c_some(r_inverse(r_primitive(at,0,1)),c_primitive(package,0)))
n_concept_distance(c_primitive(truck,0),r_primitive(at,0,1),c_some(r_inverse(r_primitive(at_g,0,1)),c_top))
n_count(c_and(c_not(c_some(r_inverse(r_primitive(at,0,1)),c_primitive(empty,0))),c_primitive(cell,0)))
n_count(c_and(c_not(c_equal(r_primitive(at,0,1),r_primitive(at_g,0,1))),c_not(c_primitive(empty,0))))
n_count(c_and(c_all(r_inverse(r_primitive(at,0,1)),c_bot),c_not(c_primitive(empty,0))))
n_count(c_and(c_all(r_inverse(r_primitive(at,0,1)),c_primitive(empty,0)),c_not(c_primitive(empty,0))))
n_count(c_and(c_all(r_inverse(r_primitive(at,0,1)),c_primitive(truck,0)),c_not(c_primitive(empty,0))))
n_count(c_and(c_all(r_inverse(r_primitive(at,0,1)),c_bot),c_not(c_primitive(package,0))))
n_count(c_and(c_all(r_inverse(r_primitive(at,0,1)),c_primitive(empty,0)),c_not(c_primitive(package,0))))
n_count(c_and(c_all(r_inverse(r_primitive(at,0,1)),c_primitive(truck,0)),c_not(c_primitive(package,0))))
n_count(c_and(c_all(r_inverse(r_primitive(at,0,1)),c_bot),c_not(c_primitive(truck,0))))
n_count(c_and(c_all(r_inverse(r_primitive(at,0,1)),c_primitive(empty,0)),c_not(c_primitive(truck,0))))
n_count(c_and(c_all(r_inverse(r_primitive(at,0,1)),c_primitive(truck,0)),c_not(c_primitive(truck,0))))
n_count(c_and(c_all(r_inverse(r_primitive(carrying,0,1)),c_bot),c_not(c_primitive(truck,0))))
n_count(c_and(c_equal(r_primitive(carrying,0,1),r_primitive(carrying_g,0,1)),c_some(r_primitive(at,0,1),c_top)))
n_count(c_not(c_and(c_all(r_inverse(r_primitive(at,0,1)),c_bot),c_primitive(cell,0))))
n_count(c_not(c_and(c_all(r_inverse(r_primitive(at,0,1)),c_primitive(empty,0)),c_primitive(cell,0))))
n_count(c_not(c_and(c_all(r_inverse(r_primitive(at,0,1)),c_primitive(truck,0)),c_primitive(cell,0))))
n_count(c_not(c_and(c_not(c_equal(r_primitive(at,0,1),r_primitive(at_g,0,1))),c_primitive(package,0))))
n_count(c_not(c_some(r_primitive(at,0,1),c_some(r_inverse(r_primitive(at,0,1)),c_primitive(empty,0)))))
n_count(c_not(c_some(r_primitive(at,0,1),c_all(r_inverse(r_primitive(at,0,1)),c_primitive(empty,0)))))
n_count(c_not(c_some(r_primitive(at_g,0,1),c_some(r_inverse(r_primitive(at,0,1)),c_primitive(empty,0)))))
n_count(c_not(c_some(r_primitive(at_g,0,1),c_all(r_inverse(r_primitive(at,0,1)),c_primitive(empty,0)))))
n_count(c_not(c_some(r_primitive(adjacent,0,1),c_some(r_inverse(r_primitive(at,0,1)),c_primitive(empty,0)))))
n_count(c_not(c_some(r_primitive(adjacent,0,1),c_all(r_inverse(r_primitive(at,0,1)),c_primitive(empty,0)))))
n_count(c_not(c_all(r_primitive(at,0,1),c_some(r_inverse(r_primitive(at,0,1)),c_primitive(empty,0)))))
n_count(c_not(c_all(r_primitive(at,0,1),c_all(r_inverse(r_primitive(at,0,1)),c_primitive(empty,0)))))
n_count(c_not(c_all(r_primitive(at_g,0,1),c_some(r_inverse(r_primitive(at,0,1)),c_primitive(empty,0)))))
n_count(c_not(c_all(r_primitive(at_g,0,1),c_all(r_inverse(r_primitive(at,0,1)),c_primitive(empty,0)))))
n_count(c_not(c_all(r_primitive(adjacent,0,1),c_all(r_inverse(r_primitive(at,0,1)),c_primitive(empty,0)))))
n_count(c_not(c_all(r_inverse(r_primitive(at,0,1)),c_equal(r_primitive(at,0,1),r_primitive(at_g,0,1)))))
n_count(c_not(c_all(r_inverse(r_primitive(at_g,0,1)),c_equal(r_primitive(at,0,1),r_primitive(at_g,0,1)))))
n_count(c_some(r_transitive_closure(r_primitive(adjacent,0,1)),c_some(r_inverse(r_primitive(at,0,1)),c_primitive(empty,0))))
n_concept_distance(c_primitive(truck,0),r_primitive(at,0,1),c_not(c_all(r_inverse(r_primitive(at,0,1)),c_primitive(empty,0))))
n_count(c_and(c_primitive(empty,0),c_some(r_primitive(at,0,1),c_some(r_inverse(r_primitive(at,0,1)),c_primitive(package,0)))))
n_count(c_and(c_primitive(empty,0),c_some(r_primitive(at,0,1),c_some(r_inverse(r_primitive(at_g,0,1)),c_top))))
n_count(c_and(c_primitive(empty,0),c_some(r_primitive(at,0,1),c_all(r_inverse(r_primitive(at_g,0,1)),c_bot))))
n_count(c_and(c_all(r_primitive(adjacent,0,1),c_some(r_inverse(r_primitive(at,0,1)),c_top)),c_primitive(cell,0)))
n_count(c_and(c_all(r_primitive(adjacent,0,1),c_some(r_inverse(r_primitive(at,0,1)),c_primitive(package,0))),c_primitive(cell,0)))
n_count(c_and(c_all(r_primitive(adjacent,0,1),c_all(r_inverse(r_primitive(at,0,1)),c_bot)),c_primitive(cell,0)))
n_count(c_and(c_all(r_primitive(adjacent,0,1),c_all(r_inverse(r_primitive(at,0,1)),c_primitive(empty,0))),c_primitive(cell,0)))
n_count(c_and(c_all(r_primitive(adjacent,0,1),c_all(r_inverse(r_primitive(at,0,1)),c_primitive(truck,0))),c_primitive(cell,0)))
n_count(c_and(c_all(r_inverse(r_primitive(at,0,1)),c_equal(r_primitive(at,0,1),r_primitive(at_g,0,1))),c_primitive(cell,0)))
n_count(c_and(c_all(r_inverse(r_primitive(at,0,1)),c_equal(r_primitive(carrying,0,1),r_primitive(carrying_g,0,1))),c_primitive(cell,0)))
n_count(c_and(c_all(r_inverse(r_primitive(at,0,1)),c_some(r_primitive(carrying,0,1),c_top)),c_primitive(cell,0)))
n_count(c_and(c_all(r_inverse(r_primitive(at_g,0,1)),c_equal(r_primitive(at,0,1),r_primitive(at_g,0,1))),c_primitive(cell,0)))
n_count(c_and(c_all(r_inverse(r_and(r_primitive(at,0,1),r_primitive(at_g,0,1))),c_bot),c_primitive(cell,0)))
n_count(c_and(c_not(c_and(c_primitive(package,0),c_some(r_primitive(at,0,1),c_top))),c_primitive(locatable,0)))
n_count(c_and(c_all(r_primitive(at,0,1),c_some(r_inverse(r_primitive(at,0,1)),c_primitive(empty,0))),c_primitive(locatable,0)))
n_count(c_and(c_all(r_primitive(at,0,1),c_some(r_inverse(r_primitive(at,0,1)),c_primitive(package,0))),c_primitive(locatable,0)))
n_count(c_and(c_all(r_primitive(at,0,1),c_some(r_inverse(r_primitive(at,0,1)),c_primitive(truck,0))),c_primitive(locatable,0)))
n_count(c_and(c_all(r_primitive(at,0,1),c_some(r_inverse(r_primitive(at_g,0,1)),c_top)),c_primitive(locatable,0)))
n_count(c_and(c_all(r_primitive(at,0,1),c_all(r_inverse(r_primitive(at,0,1)),c_primitive(empty,0))),c_primitive(locatable,0)))
n_count(c_and(c_all(r_primitive(at,0,1),c_all(r_inverse(r_primitive(at,0,1)),c_primitive(package,0))),c_primitive(locatable,0)))
n_count(c_and(c_all(r_primitive(at,0,1),c_all(r_inverse(r_primitive(at,0,1)),c_primitive(truck,0))),c_primitive(locatable,0)))
n_count(c_and(c_all(r_primitive(at,0,1),c_all(r_inverse(r_primitive(at_g,0,1)),c_bot)),c_primitive(locatable,0)))
n_count(c_and(c_all(r_primitive(at_g,0,1),c_some(r_inverse(r_primitive(at,0,1)),c_top)),c_primitive(locatable,0)))
n_count(c_and(c_all(r_primitive(at_g,0,1),c_some(r_inverse(r_primitive(at,0,1)),c_primitive(empty,0))),c_primitive(locatable,0)))
n_count(c_and(c_all(r_primitive(at_g,0,1),c_some(r_inverse(r_primitive(at,0,1)),c_primitive(package,0))),c_primitive(locatable,0)))
n_count(c_and(c_all(r_primitive(at_g,0,1),c_some(r_inverse(r_primitive(at,0,1)),c_primitive(truck,0))),c_primitive(locatable,0)))
n_count(c_and(c_all(r_primitive(at_g,0,1),c_all(r_inverse(r_primitive(at,0,1)),c_bot)),c_primitive(locatable,0)))
n_count(c_and(c_all(r_primitive(at_g,0,1),c_all(r_inverse(r_primitive(at,0,1)),c_primitive(empty,0))),c_primitive(locatable,0)))
n_count(c_and(c_all(r_primitive(at_g,0,1),c_all(r_inverse(r_primitive(at,0,1)),c_primitive(package,0))),c_primitive(locatable,0)))
n_count(c_and(c_all(r_primitive(at_g,0,1),c_all(r_inverse(r_primitive(at,0,1)),c_primitive(truck,0))),c_primitive(locatable,0)))
n_count(c_and(c_primitive(package,0),c_some(r_primitive(at,0,1),c_some(r_inverse(r_primitive(at,0,1)),c_primitive(empty,0)))))
n_count(c_and(c_primitive(package,0),c_some(r_primitive(at,0,1),c_some(r_inverse(r_primitive(at,0,1)),c_primitive(truck,0)))))
n_count(c_and(c_primitive(package,0),c_some(r_primitive(at,0,1),c_all(r_inverse(r_primitive(at_g,0,1)),c_bot))))
n_count(c_and(c_all(r_primitive(at,0,1),c_some(r_inverse(r_primitive(at,0,1)),c_primitive(empty,0))),c_primitive(package,0)))
n_count(c_and(c_all(r_primitive(at,0,1),c_some(r_inverse(r_primitive(at,0,1)),c_primitive(truck,0))),c_primitive(package,0)))
n_count(c_and(c_all(r_primitive(at,0,1),c_some(r_inverse(r_primitive(at_g,0,1)),c_top)),c_primitive(package,0)))
n_count(c_and(c_primitive(truck,0),c_some(r_primitive(at,0,1),c_some(r_inverse(r_primitive(at,0,1)),c_primitive(package,0)))))
n_count(c_and(c_primitive(truck,0),c_some(r_primitive(at,0,1),c_some(r_inverse(r_primitive(at_g,0,1)),c_top))))
n_count(c_and(c_primitive(truck,0),c_some(r_primitive(at,0,1),c_all(r_inverse(r_primitive(at_g,0,1)),c_bot))))
n_count(c_and(c_all(r_and(r_primitive(at,0,1),r_primitive(at_g,0,1)),c_bot),c_not(c_primitive(empty,0))))
n_count(c_and(c_all(r_and(r_primitive(at,0,1),r_primitive(at_g,0,1)),c_bot),c_not(c_primitive(truck,0))))
n_count(c_and(c_all(r_inverse(r_primitive(at,0,1)),c_bot),c_equal(r_primitive(at,0,1),r_primitive(at_g,0,1))))
n_count(c_and(c_all(r_inverse(r_primitive(at,0,1)),c_primitive(empty,0)),c_equal(r_primitive(at,0,1),r_primitive(at_g,0,1))))
n_count(c_and(c_all(r_inverse(r_primitive(at,0,1)),c_primitive(package,0)),c_equal(r_primitive(at,0,1),r_primitive(at_g,0,1))))
n_count(c_and(c_all(r_inverse(r_primitive(at,0,1)),c_primitive(truck,0)),c_equal(r_primitive(at,0,1),r_primitive(at_g,0,1))))
n_count(c_and(c_equal(r_primitive(carrying,0,1),r_primitive(carrying_g,0,1)),c_not(c_equal(r_primitive(at,0,1),r_primitive(at_g,0,1)))))
n_count(c_and(c_all(r_inverse(r_primitive(at,0,1)),c_bot),c_equal(r_primitive(carrying,0,1),r_primitive(carrying_g,0,1))))
n_count(c_and(c_all(r_inverse(r_primitive(at,0,1)),c_primitive(empty,0)),c_equal(r_primitive(carrying,0,1),r_primitive(carrying_g,0,1))))
n_count(c_and(c_all(r_inverse(r_primitive(at,0,1)),c_primitive(truck,0)),c_equal(r_primitive(carrying,0,1),r_primitive(carrying_g,0,1))))
n_count(c_and(c_all(r_inverse(r_primitive(carrying,0,1)),c_bot),c_equal(r_primitive(carrying,0,1),r_primitive(carrying_g,0,1))))
n_count(c_and(c_all(r_inverse(r_primitive(at,0,1)),c_bot),c_all(r_primitive(at,0,1),c_bot)))
n_count(c_and(c_all(r_inverse(r_primitive(at,0,1)),c_primitive(empty,0)),c_all(r_primitive(at,0,1),c_bot)))
n_count(c_and(c_all(r_inverse(r_primitive(at,0,1)),c_primitive(truck,0)),c_all(r_primitive(at,0,1),c_bot)))
n_count(c_not(c_and(c_not(c_equal(r_primitive(at,0,1),r_primitive(at_g,0,1))),c_not(c_primitive(empty,0)))))
n_count(c_not(c_and(c_all(r_inverse(r_primitive(at,0,1)),c_bot),c_not(c_primitive(empty,0)))))
n_count(c_not(c_and(c_all(r_inverse(r_primitive(at,0,1)),c_primitive(empty,0)),c_not(c_primitive(empty,0)))))
n_count(c_not(c_and(c_all(r_inverse(r_primitive(at,0,1)),c_primitive(truck,0)),c_not(c_primitive(empty,0)))))
n_count(c_not(c_and(c_all(r_inverse(r_primitive(at,0,1)),c_bot),c_not(c_primitive(package,0)))))
n_count(c_not(c_and(c_all(r_inverse(r_primitive(at,0,1)),c_primitive(empty,0)),c_not(c_primitive(package,0)))))
n_count(c_not(c_and(c_all(r_inverse(r_primitive(at,0,1)),c_primitive(truck,0)),c_not(c_primitive(package,0)))))
n_count(c_not(c_and(c_all(r_inverse(r_primitive(at,0,1)),c_bot),c_not(c_primitive(truck,0)))))
n_count(c_not(c_and(c_all(r_inverse(r_primitive(at,0,1)),c_primitive(empty,0)),c_not(c_primitive(truck,0)))))
n_count(c_not(c_and(c_all(r_inverse(r_primitive(at,0,1)),c_primitive(truck,0)),c_not(c_primitive(truck,0)))))
n_count(c_not(c_and(c_equal(r_primitive(carrying,0,1),r_primitive(carrying_g,0,1)),c_some(r_primitive(at,0,1),c_top))))
n_count(c_not(c_some(r_transitive_closure(r_primitive(adjacent,0,1)),c_some(r_inverse(r_primitive(at,0,1)),c_primitive(empty,0)))))
n_count(c_some(r_primitive(at,0,1),c_some(r_primitive(adjacent,0,1),c_some(r_inverse(r_primitive(at,0,1)),c_top))))
n_count(c_some(r_primitive(at,0,1),c_some(r_primitive(adjacent,0,1),c_some(r_inverse(r_primitive(at,0,1)),c_primitive(empty,0)))))
n_count(c_some(r_primitive(at,0,1),c_some(r_primitive(adjacent,0,1),c_some(r_inverse(r_primitive(at,0,1)),c_primitive(package,0)))))
n_count(c_some(r_primitive(at,0,1),c_some(r_primitive(adjacent,0,1),c_some(r_inverse(r_primitive(at,0,1)),c_primitive(truck,0)))))
n_count(c_some(r_primitive(at,0,1),c_some(r_primitive(adjacent,0,1),c_some(r_inverse(r_primitive(at_g,0,1)),c_top))))
n_count(c_some(r_primitive(at,0,1),c_some(r_primitive(adjacent,0,1),c_all(r_inverse(r_primitive(at,0,1)),c_bot))))
n_count(c_some(r_primitive(at,0,1),c_some(r_primitive(adjacent,0,1),c_all(r_inverse(r_primitive(at,0,1)),c_primitive(empty,0)))))
n_count(c_some(r_primitive(at,0,1),c_some(r_inverse(r_primitive(at,0,1)),c_equal(r_primitive(at,0,1),r_primitive(at_g,0,1)))))
n_count(c_some(r_primitive(at,0,1),c_some(r_inverse(r_primitive(at,0,1)),c_equal(r_primitive(carrying,0,1),r_primitive(carrying_g,0,1)))))
n_count(c_some(r_primitive(at,0,1),c_some(r_inverse(r_primitive(at,0,1)),c_some(r_primitive(carrying,0,1),c_top))))
n_count(c_some(r_primitive(at,0,1),c_some(r_inverse(r_primitive(at_g,0,1)),c_all(r_primitive(at,0,1),c_bot))))
n_count(c_some(r_primitive(at,0,1),c_all(r_primitive(adjacent,0,1),c_some(r_inverse(r_primitive(at,0,1)),c_top))))
n_count(c_some(r_primitive(at,0,1),c_all(r_primitive(adjacent,0,1),c_some(r_inverse(r_primitive(at,0,1)),c_primitive(package,0)))))
n_count(c_some(r_primitive(at,0,1),c_all(r_primitive(adjacent,0,1),c_all(r_inverse(r_primitive(at,0,1)),c_bot))))
n_count(c_some(r_primitive(at,0,1),c_all(r_primitive(adjacent,0,1),c_all(r_inverse(r_primitive(at,0,1)),c_primitive(empty,0)))))
n_count(c_some(r_primitive(at,0,1),c_all(r_primitive(adjacent,0,1),c_all(r_inverse(r_primitive(at,0,1)),c_primitive(package,0)))))
n_count(c_some(r_primitive(at,0,1),c_all(r_primitive(adjacent,0,1),c_all(r_inverse(r_primitive(at,0,1)),c_primitive(truck,0)))))
n_count(c_some(r_primitive(at,0,1),c_all(r_primitive(adjacent,0,1),c_all(r_inverse(r_primitive(at_g,0,1)),c_bot))))
n_count(c_some(r_primitive(at,0,1),c_all(r_inverse(r_primitive(at,0,1)),c_equal(r_primitive(at,0,1),r_primitive(at_g,0,1)))))
n_count(c_some(r_primitive(at,0,1),c_all(r_inverse(r_primitive(at,0,1)),c_equal(r_primitive(carrying,0,1),r_primitive(carrying_g,0,1)))))
n_count(c_some(r_primitive(at,0,1),c_all(r_inverse(r_primitive(at,0,1)),c_some(r_primitive(carrying,0,1),c_top))))
n_count(c_some(r_primitive(at,0,1),c_all(r_inverse(r_primitive(at_g,0,1)),c_equal(r_primitive(at,0,1),r_primitive(at_g,0,1)))))
n_count(c_some(r_primitive(at,0,1),c_all(r_inverse(r_primitive(at_g,0,1)),c_some(r_primitive(at,0,1),c_top))))
n_count(c_some(r_primitive(at,0,1),c_all(r_inverse(r_and(r_primitive(at,0,1),r_primitive(at_g,0,1))),c_bot)))
n_count(c_some(r_primitive(at_g,0,1),c_some(r_primitive(adjacent,0,1),c_some(r_inverse(r_primitive(at,0,1)),c_top))))
n_count(c_some(r_primitive(at_g,0,1),c_some(r_primitive(adjacent,0,1),c_some(r_inverse(r_primitive(at,0,1)),c_primitive(empty,0)))))
n_count(c_some(r_primitive(at_g,0,1),c_some(r_primitive(adjacent,0,1),c_some(r_inverse(r_primitive(at,0,1)),c_primitive(package,0)))))
n_count(c_some(r_primitive(at_g,0,1),c_some(r_primitive(adjacent,0,1),c_some(r_inverse(r_primitive(at,0,1)),c_primitive(truck,0)))))
n_count(c_some(r_primitive(at_g,0,1),c_some(r_primitive(adjacent,0,1),c_all(r_inverse(r_primitive(at,0,1)),c_bot))))
n_count(c_some(r_primitive(at_g,0,1),c_some(r_primitive(adjacent,0,1),c_all(r_inverse(r_primitive(at,0,1)),c_primitive(empty,0)))))
n_count(c_some(r_primitive(at_g,0,1),c_some(r_primitive(adjacent,0,1),c_all(r_inverse(r_primitive(at,0,1)),c_primitive(truck,0)))))
n_count(c_some(r_primitive(at_g,0,1),c_some(r_inverse(r_primitive(at,0,1)),c_equal(r_primitive(carrying,0,1),r_primitive(carrying_g,0,1)))))
n_count(c_some(r_primitive(at_g,0,1),c_some(r_inverse(r_primitive(at,0,1)),c_some(r_primitive(carrying,0,1),c_top))))
n_count(c_some(r_primitive(at_g,0,1),c_some(r_inverse(r_primitive(at_g,0,1)),c_all(r_primitive(at,0,1),c_bot))))
n_count(c_some(r_primitive(at_g,0,1),c_all(r_primitive(adjacent,0,1),c_some(r_inverse(r_primitive(at,0,1)),c_top))))
n_count(c_some(r_primitive(at_g,0,1),c_all(r_primitive(adjacent,0,1),c_some(r_inverse(r_primitive(at,0,1)),c_primitive(package,0)))))
n_count(c_some(r_primitive(at_g,0,1),c_all(r_primitive(adjacent,0,1),c_all(r_inverse(r_primitive(at,0,1)),c_bot))))
n_count(c_some(r_primitive(at_g,0,1),c_all(r_primitive(adjacent,0,1),c_all(r_inverse(r_primitive(at,0,1)),c_primitive(empty,0)))))
n_count(c_some(r_primitive(at_g,0,1),c_all(r_primitive(adjacent,0,1),c_all(r_inverse(r_primitive(at,0,1)),c_primitive(package,0)))))
n_count(c_some(r_primitive(at_g,0,1),c_all(r_primitive(adjacent,0,1),c_all(r_inverse(r_primitive(at,0,1)),c_primitive(truck,0)))))
n_count(c_some(r_primitive(at_g,0,1),c_all(r_inverse(r_primitive(at,0,1)),c_equal(r_primitive(carrying,0,1),r_primitive(carrying_g,0,1)))))
n_count(c_some(r_primitive(at_g,0,1),c_all(r_inverse(r_primitive(at,0,1)),c_some(r_primitive(carrying,0,1),c_top))))
n_count(c_some(r_primitive(at_g,0,1),c_all(r_inverse(r_primitive(at_g,0,1)),c_equal(r_primitive(at,0,1),r_primitive(at_g,0,1)))))
n_count(c_some(r_primitive(carrying,0,1),c_some(r_primitive(at_g,0,1),c_some(r_inverse(r_primitive(at,0,1)),c_top))))
n_count(c_some(r_primitive(carrying,0,1),c_some(r_primitive(at_g,0,1),c_some(r_inverse(r_primitive(at,0,1)),c_primitive(package,0)))))
n_count(c_some(r_primitive(carrying,0,1),c_some(r_primitive(at_g,0,1),c_some(r_inverse(r_primitive(at,0,1)),c_primitive(truck,0)))))
n_count(c_some(r_primitive(carrying,0,1),c_some(r_primitive(at_g,0,1),c_all(r_inverse(r_primitive(at,0,1)),c_bot))))
n_count(c_some(r_primitive(carrying,0,1),c_some(r_primitive(at_g,0,1),c_all(r_inverse(r_primitive(at,0,1)),c_primitive(package,0)))))
n_count(c_some(r_primitive(carrying,0,1),c_some(r_primitive(at_g,0,1),c_all(r_inverse(r_primitive(at,0,1)),c_primitive(truck,0)))))
n_count(c_some(r_primitive(adjacent,0,1),c_some(r_inverse(r_primitive(at,0,1)),c_equal(r_primitive(carrying,0,1),r_primitive(carrying_g,0,1)))))
n_count(c_some(r_primitive(adjacent,0,1),c_all(r_inverse(r_primitive(at,0,1)),c_equal(r_primitive(at,0,1),r_primitive(at_g,0,1)))))
n_count(c_some(r_primitive(adjacent,0,1),c_all(r_inverse(r_primitive(at,0,1)),c_some(r_primitive(carrying,0,1),c_top))))
n_count(c_some(r_and(r_primitive(at,0,1),r_primitive(at_g,0,1)),c_some(r_inverse(r_primitive(at,0,1)),c_primitive(empty,0))))
n_count(c_some(r_and(r_primitive(at,0,1),r_primitive(at_g,0,1)),c_some(r_inverse(r_primitive(at,0,1)),c_primitive(truck,0))))
n_count(c_all(r_primitive(at,0,1),c_some(r_primitive(adjacent,0,1),c_some(r_inverse(r_primitive(at,0,1)),c_top))))
n_count(c_all(r_primitive(at,0,1),c_some(r_primitive(adjacent,0,1),c_some(r_inverse(r_primitive(at,0,1)),c_primitive(empty,0)))))
n_count(c_all(r_primitive(at,0,1),c_some(r_primitive(adjacent,0,1),c_some(r_inverse(r_primitive(at,0,1)),c_primitive(package,0)))))
n_count(c_all(r_primitive(at,0,1),c_some(r_primitive(adjacent,0,1),c_some(r_inverse(r_primitive(at,0,1)),c_primitive(truck,0)))))
n_count(c_all(r_primitive(at,0,1),c_some(r_primitive(adjacent,0,1),c_some(r_inverse(r_primitive(at_g,0,1)),c_top))))
n_count(c_all(r_primitive(at,0,1),c_some(r_primitive(adjacent,0,1),c_all(r_inverse(r_primitive(at,0,1)),c_bot))))
n_count(c_all(r_primitive(at,0,1),c_some(r_primitive(adjacent,0,1),c_all(r_inverse(r_primitive(at,0,1)),c_primitive(empty,0)))))
n_count(c_all(r_primitive(at,0,1),c_some(r_inverse(r_primitive(at,0,1)),c_equal(r_primitive(at,0,1),r_primitive(at_g,0,1)))))
n_count(c_all(r_primitive(at,0,1),c_some(r_inverse(r_primitive(at,0,1)),c_equal(r_primitive(carrying,0,1),r_primitive(carrying_g,0,1)))))
n_count(c_all(r_primitive(at,0,1),c_some(r_inverse(r_primitive(at,0,1)),c_some(r_primitive(carrying,0,1),c_top))))
n_count(c_all(r_primitive(at,0,1),c_some(r_inverse(r_primitive(at_g,0,1)),c_all(r_primitive(at,0,1),c_bot))))
n_count(c_all(r_primitive(at,0,1),c_all(r_primitive(adjacent,0,1),c_some(r_inverse(r_primitive(at,0,1)),c_top))))
n_count(c_all(r_primitive(at,0,1),c_all(r_primitive(adjacent,0,1),c_some(r_inverse(r_primitive(at,0,1)),c_primitive(package,0)))))
n_count(c_all(r_primitive(at,0,1),c_all(r_primitive(adjacent,0,1),c_all(r_inverse(r_primitive(at,0,1)),c_bot))))
n_count(c_all(r_primitive(at,0,1),c_all(r_primitive(adjacent,0,1),c_all(r_inverse(r_primitive(at,0,1)),c_primitive(empty,0)))))
n_count(c_all(r_primitive(at,0,1),c_all(r_primitive(adjacent,0,1),c_all(r_inverse(r_primitive(at,0,1)),c_primitive(package,0)))))
n_count(c_all(r_primitive(at,0,1),c_all(r_primitive(adjacent,0,1),c_all(r_inverse(r_primitive(at,0,1)),c_primitive(truck,0)))))
n_count(c_all(r_primitive(at,0,1),c_all(r_primitive(adjacent,0,1),c_all(r_inverse(r_primitive(at_g,0,1)),c_bot))))
n_count(c_all(r_primitive(at,0,1),c_all(r_inverse(r_primitive(at,0,1)),c_equal(r_primitive(at,0,1),r_primitive(at_g,0,1)))))
n_count(c_all(r_primitive(at,0,1),c_all(r_inverse(r_primitive(at,0,1)),c_equal(r_primitive(carrying,0,1),r_primitive(carrying_g,0,1)))))
n_count(c_all(r_primitive(at,0,1),c_all(r_inverse(r_primitive(at,0,1)),c_some(r_primitive(carrying,0,1),c_top))))
n_count(c_all(r_primitive(at,0,1),c_all(r_inverse(r_primitive(at_g,0,1)),c_equal(r_primitive(at,0,1),r_primitive(at_g,0,1)))))
n_count(c_all(r_primitive(at,0,1),c_all(r_inverse(r_primitive(at_g,0,1)),c_some(r_primitive(at,0,1),c_top))))
n_count(c_all(r_primitive(at,0,1),c_all(r_inverse(r_and(r_primitive(at,0,1),r_primitive(at_g,0,1))),c_bot)))
n_count(c_all(r_primitive(at_g,0,1),c_some(r_primitive(adjacent,0,1),c_some(r_inverse(r_primitive(at,0,1)),c_top))))
n_count(c_all(r_primitive(at_g,0,1),c_some(r_primitive(adjacent,0,1),c_some(r_inverse(r_primitive(at,0,1)),c_primitive(empty,0)))))
n_count(c_all(r_primitive(at_g,0,1),c_some(r_primitive(adjacent,0,1),c_some(r_inverse(r_primitive(at,0,1)),c_primitive(package,0)))))
n_count(c_all(r_primitive(at_g,0,1),c_some(r_primitive(adjacent,0,1),c_some(r_inverse(r_primitive(at,0,1)),c_primitive(truck,0)))))
n_count(c_all(r_primitive(at_g,0,1),c_some(r_primitive(adjacent,0,1),c_all(r_inverse(r_primitive(at,0,1)),c_bot))))
n_count(c_all(r_primitive(at_g,0,1),c_some(r_primitive(adjacent,0,1),c_all(r_inverse(r_primitive(at,0,1)),c_primitive(empty,0)))))
n_count(c_all(r_primitive(at_g,0,1),c_some(r_primitive(adjacent,0,1),c_all(r_inverse(r_primitive(at,0,1)),c_primitive(truck,0)))))
n_count(c_all(r_primitive(at_g,0,1),c_some(r_inverse(r_primitive(at,0,1)),c_equal(r_primitive(carrying,0,1),r_primitive(carrying_g,0,1)))))
n_count(c_all(r_primitive(at_g,0,1),c_some(r_inverse(r_primitive(at,0,1)),c_some(r_primitive(carrying,0,1),c_top))))
n_count(c_all(r_primitive(at_g,0,1),c_all(r_primitive(adjacent,0,1),c_some(r_inverse(r_primitive(at,0,1)),c_top))))
n_count(c_all(r_primitive(at_g,0,1),c_all(r_primitive(adjacent,0,1),c_some(r_inverse(r_primitive(at,0,1)),c_primitive(package,0)))))
n_count(c_all(r_primitive(at_g,0,1),c_all(r_primitive(adjacent,0,1),c_all(r_inverse(r_primitive(at,0,1)),c_bot))))
n_count(c_all(r_primitive(at_g,0,1),c_all(r_primitive(adjacent,0,1),c_all(r_inverse(r_primitive(at,0,1)),c_primitive(empty,0)))))
n_count(c_all(r_primitive(at_g,0,1),c_all(r_primitive(adjacent,0,1),c_all(r_inverse(r_primitive(at,0,1)),c_primitive(package,0)))))
n_count(c_all(r_primitive(at_g,0,1),c_all(r_primitive(adjacent,0,1),c_all(r_inverse(r_primitive(at,0,1)),c_primitive(truck,0)))))
n_count(c_all(r_primitive(at_g,0,1),c_all(r_inverse(r_primitive(at,0,1)),c_equal(r_primitive(carrying,0,1),r_primitive(carrying_g,0,1)))))
n_count(c_all(r_primitive(at_g,0,1),c_all(r_inverse(r_primitive(at,0,1)),c_some(r_primitive(carrying,0,1),c_top))))
n_count(c_all(r_primitive(at_g,0,1),c_all(r_inverse(r_primitive(at_g,0,1)),c_equal(r_primitive(at,0,1),r_primitive(at_g,0,1)))))
n_count(c_all(r_primitive(carrying,0,1),c_some(r_primitive(at_g,0,1),c_some(r_inverse(r_primitive(at,0,1)),c_top))))
n_count(c_all(r_primitive(carrying,0,1),c_some(r_primitive(at_g,0,1),c_some(r_inverse(r_primitive(at,0,1)),c_primitive(package,0)))))
n_count(c_all(r_primitive(carrying,0,1),c_some(r_primitive(at_g,0,1),c_some(r_inverse(r_primitive(at,0,1)),c_primitive(truck,0)))))
n_count(c_all(r_primitive(carrying,0,1),c_some(r_primitive(at_g,0,1),c_all(r_inverse(r_primitive(at,0,1)),c_bot))))
n_count(c_all(r_primitive(carrying,0,1),c_some(r_primitive(at_g,0,1),c_all(r_inverse(r_primitive(at,0,1)),c_primitive(package,0)))))
n_count(c_all(r_primitive(carrying,0,1),c_some(r_primitive(at_g,0,1),c_all(r_inverse(r_primitive(at,0,1)),c_primitive(truck,0)))))
n_count(c_all(r_primitive(adjacent,0,1),c_some(r_primitive(adjacent,0,1),c_some(r_inverse(r_primitive(at,0,1)),c_top))))
n_count(c_all(r_primitive(adjacent,0,1),c_some(r_primitive(adjacent,0,1),c_some(r_inverse(r_primitive(at,0,1)),c_primitive(empty,0)))))
n_count(c_all(r_primitive(adjacent,0,1),c_some(r_primitive(adjacent,0,1),c_some(r_inverse(r_primitive(at,0,1)),c_primitive(package,0)))))
n_count(c_all(r_primitive(adjacent,0,1),c_some(r_primitive(adjacent,0,1),c_all(r_inverse(r_primitive(at,0,1)),c_bot))))
n_count(c_all(r_primitive(adjacent,0,1),c_some(r_primitive(adjacent,0,1),c_all(r_inverse(r_primitive(at,0,1)),c_primitive(empty,0)))))
n_count(c_all(r_primitive(adjacent,0,1),c_some(r_primitive(adjacent,0,1),c_all(r_inverse(r_primitive(at,0,1)),c_primitive(truck,0)))))
n_count(c_all(r_primitive(adjacent,0,1),c_some(r_inverse(r_primitive(at,0,1)),c_equal(r_primitive(carrying,0,1),r_primitive(carrying_g,0,1)))))
n_count(c_all(r_primitive(adjacent,0,1),c_all(r_inverse(r_primitive(at,0,1)),c_equal(r_primitive(at,0,1),r_primitive(at_g,0,1)))))
n_count(c_all(r_primitive(adjacent,0,1),c_all(r_inverse(r_primitive(at,0,1)),c_some(r_primitive(carrying,0,1),c_top))))
n_count(c_all(r_and(r_primitive(at,0,1),r_primitive(at_g,0,1)),c_some(r_inverse(r_primitive(at,0,1)),c_primitive(empty,0))))
n_count(c_all(r_and(r_primitive(at,0,1),r_primitive(at_g,0,1)),c_some(r_inverse(r_primitive(at,0,1)),c_primitive(truck,0))))
n_count(c_all(r_and(r_primitive(at,0,1),r_primitive(at_g,0,1)),c_all(r_inverse(r_primitive(at,0,1)),c_primitive(package,0))))
n_concept_distance(c_primitive(truck,0),r_primitive(at,0,1),c_and(c_all(r_inverse(r_primitive(at,0,1)),c_primitive(empty,0)),c_primitive(cell,0)))
n_concept_distance(c_primitive(truck,0),r_primitive(at,0,1),c_and(c_all(r_inverse(r_primitive(at,0,1)),c_primitive(truck,0)),c_primitive(cell,0)))
n_concept_distance(c_primitive(truck,0),r_primitive(at,0,1),c_and(c_all(r_inverse(r_primitive(at_g,0,1)),c_bot),c_primitive(cell,0)))
n_concept_distance(c_primitive(truck,0),r_primitive(at,0,1),c_some(r_primitive(at,0,1),c_some(r_inverse(r_primitive(at,0,1)),c_primitive(package,0))))
n_concept_distance(c_primitive(truck,0),r_primitive(at,0,1),c_some(r_primitive(at,0,1),c_some(r_inverse(r_primitive(at_g,0,1)),c_top)))
n_concept_distance(c_primitive(truck,0),r_primitive(at,0,1),c_some(r_primitive(at,0,1),c_all(r_inverse(r_primitive(at,0,1)),c_primitive(empty,0))))
n_concept_distance(c_primitive(truck,0),r_primitive(at,0,1),c_some(r_primitive(at,0,1),c_all(r_inverse(r_primitive(at,0,1)),c_primitive(truck,0))))
n_concept_distance(c_primitive(truck,0),r_primitive(at,0,1),c_some(r_primitive(at,0,1),c_all(r_inverse(r_primitive(at_g,0,1)),c_bot)))
n_concept_distance(c_primitive(truck,0),r_primitive(at,0,1),c_some(r_primitive(adjacent,0,1),c_some(r_inverse(r_primitive(at,0,1)),c_top)))
n_concept_distance(c_primitive(truck,0),r_primitive(at,0,1),c_some(r_primitive(adjacent,0,1),c_some(r_inverse(r_primitive(at_g,0,1)),c_top)))
n_concept_distance(c_primitive(truck,0),r_primitive(at,0,1),c_some(r_primitive(adjacent,0,1),c_all(r_inverse(r_primitive(at,0,1)),c_bot)))
n_concept_distance(c_primitive(truck,0),r_primitive(at,0,1),c_some(r_inverse(r_primitive(at,0,1)),c_equal(r_primitive(at,0,1),r_primitive(at_g,0,1))))
n_concept_distance(c_primitive(truck,0),r_primitive(at,0,1),c_some(r_inverse(r_primitive(at,0,1)),c_equal(r_primitive(carrying,0,1),r_primitive(carrying_g,0,1))))
n_concept_distance(c_primitive(truck,0),r_primitive(at,0,1),c_some(r_inverse(r_primitive(at_g,0,1)),c_all(r_primitive(at,0,1),c_bot)))
n_concept_distance(c_primitive(truck,0),r_primitive(at,0,1),c_all(r_primitive(at,0,1),c_all(r_inverse(r_primitive(at,0,1)),c_primitive(empty,0))))
n_concept_distance(c_primitive(truck,0),r_primitive(carrying,0,1),c_some(r_primitive(at_g,0,1),c_some(r_inverse(r_primitive(at,0,1)),c_top)))
n_concept_distance(c_primitive(truck,0),r_primitive(carrying,0,1),c_some(r_primitive(at_g,0,1),c_some(r_inverse(r_primitive(at,0,1)),c_primitive(package,0))))
n_concept_distance(c_primitive(truck,0),r_primitive(carrying,0,1),c_some(r_primitive(at_g,0,1),c_all(r_inverse(r_primitive(at,0,1)),c_bot)))
n_concept_distance(c_primitive(truck,0),r_primitive(carrying,0,1),c_some(r_primitive(at_g,0,1),c_all(r_inverse(r_primitive(at,0,1)),c_primitive(package,0))))
n_concept_distance(c_primitive(truck,0),r_primitive(carrying,0,1),c_some(r_primitive(at_g,0,1),c_all(r_inverse(r_primitive(at,0,1)),c_primitive(truck,0))))
n_concept_distance(c_primitive(truck,0),r_primitive(carrying,0,1),c_all(r_primitive(at,0,1),c_some(r_inverse(r_primitive(at,0,1)),c_primitive(package,0))))
n_concept_distance(c_primitive(truck,0),r_primitive(carrying,0,1),c_all(r_primitive(at,0,1),c_some(r_inverse(r_primitive(at_g,0,1)),c_top)))
n_concept_distance(c_primitive(truck,0),r_primitive(carrying,0,1),c_all(r_primitive(at,0,1),c_all(r_inverse(r_primitive(at,0,1)),c_primitive(empty,0))))
n_concept_distance(c_primitive(truck,0),r_primitive(carrying,0,1),c_all(r_primitive(at,0,1),c_all(r_inverse(r_primitive(at,0,1)),c_primitive(truck,0))))
n_concept_distance(c_primitive(truck,0),r_primitive(carrying,0,1),c_all(r_primitive(at,0,1),c_all(r_inverse(r_primitive(at_g,0,1)),c_bot)))
Number of selected training instances: 1
Sum of number of states in selected training instances: 96
Max of number of states in selected training instances: 96
Number of features in the pool: 394
Resulting sketch:
(:policy
(:boolean_features )
(:numerical_features "n_count(c_and(c_not(c_equal(r_primitive(at,0,1),r_primitive(at_g,0,1))),c_primitive(package,0)))" "n_count(r_primitive(at,0,1))")
(:rule (:conditions (:c_n_gt 1) (:c_n_gt 0)) (:effects (:e_n_dec 1) (:e_n_bot 0)))
(:rule (:conditions (:c_n_gt 1) (:c_n_gt 0)) (:effects (:e_n_inc 1) (:e_n_dec 0)))
)
Numer of sketch rules: 2
Number of selected features: 2
Maximum complexity of selected feature: 7
Resulting sketch minimized:
(:policy
(:boolean_features )
(:numerical_features "n_count(c_and(c_not(c_equal(r_primitive(at,0,1),r_primitive(at_g,0,1))),c_primitive(package,0)))" "n_count(r_primitive(at,0,1))")
(:rule (:conditions (:c_n_gt 1) (:c_n_gt 0)) (:effects (:e_n_dec 1) (:e_n_bot 0)))
(:rule (:conditions (:c_n_gt 1) (:c_n_gt 0)) (:effects (:e_n_inc 1) (:e_n_dec 0)))
)
Numer of sketch rules: 2
Number of selected features: 2
Maximum complexity of selected feature: 7
Summary:
Resulting sketch:
(:policy
(:boolean_features )
(:numerical_features "n_count(c_and(c_not(c_equal(r_primitive(at,0,1),r_primitive(at_g,0,1))),c_primitive(package,0)))" "n_count(r_primitive(at,0,1))")
(:rule (:conditions (:c_n_gt 1) (:c_n_gt 0)) (:effects (:e_n_dec 1) (:e_n_bot 0)))
(:rule (:conditions (:c_n_gt 1) (:c_n_gt 0)) (:effects (:e_n_inc 1) (:e_n_dec 0)))
)
Numer of sketch rules: 2
Number of selected features: 2
Maximum complexity of selected feature: 7
Resulting structurally minimized sketch:
(:policy
(:boolean_features )
(:numerical_features "n_count(c_and(c_not(c_equal(r_primitive(at,0,1),r_primitive(at_g,0,1))),c_primitive(package,0)))" "n_count(r_primitive(at,0,1))")
(:rule (:conditions (:c_n_gt 1) (:c_n_gt 0)) (:effects (:e_n_dec 1) (:e_n_bot 0)))
(:rule (:conditions (:c_n_gt 1) (:c_n_gt 0)) (:effects (:e_n_inc 1) (:e_n_dec 0)))
)
Numer of sketch rules: 2
Number of selected features: 2
Maximum complexity of selected feature: 7
Number of training instances: 50
Number of selected training instances: 1
Number of states in selected training instances: 96
Max number of states in selected training instance: 96
Number of features in the pool: 394
RESOURCES FOR PREPROCESSING: 16.21 CPU sec - 602.62 MB
RESOURCES FOR LEARNING: 178.07 CPU sec - 602.62 MB
================================================================================
END OF STEP #1: Incremental learning module. 194.49 CPU sec - 806.32 MB
================================================================================
