Changing working directory:  /proj/ssiw/users/x_domdr/projects/code/sketch-learner-no-symmetries/learning/experiments/scripts/workspace/blocks_4_on_0
2024-08-08 19:42:54,024 - Constructing InstanceDatas...
2024-08-08 19:42:54,024 - Constructing StateSpaces...
2024-08-08 19:42:54,346 - ...done
/proj/ssiw/users/x_domdr/projects/code/sketch-learner-no-symmetries/learning/benchmarks/blocks_4_on/instances/p-2-17.pddl /proj/ssiw/users/x_domdr/projects/code/sketch-learner-no-symmetries/learning/benchmarks/blocks_4_on/instances/p-2-17.pddl
2024-08-08 19:42:54,348 - Created InstanceData with num concrete states: 5 and num abstract states: 5
/proj/ssiw/users/x_domdr/projects/code/sketch-learner-no-symmetries/learning/benchmarks/blocks_4_on/instances/p-2-24.pddl /proj/ssiw/users/x_domdr/projects/code/sketch-learner-no-symmetries/learning/benchmarks/blocks_4_on/instances/p-2-24.pddl
2024-08-08 19:42:54,348 - Created InstanceData with num concrete states: 5 and num abstract states: 5
/proj/ssiw/users/x_domdr/projects/code/sketch-learner-no-symmetries/learning/benchmarks/blocks_4_on/instances/p-2-7.pddl /proj/ssiw/users/x_domdr/projects/code/sketch-learner-no-symmetries/learning/benchmarks/blocks_4_on/instances/p-2-7.pddl
2024-08-08 19:42:54,349 - Created InstanceData with num concrete states: 5 and num abstract states: 5
/proj/ssiw/users/x_domdr/projects/code/sketch-learner-no-symmetries/learning/benchmarks/blocks_4_on/instances/p-2-13.pddl /proj/ssiw/users/x_domdr/projects/code/sketch-learner-no-symmetries/learning/benchmarks/blocks_4_on/instances/p-2-13.pddl
2024-08-08 19:42:54,349 - Created InstanceData with num concrete states: 5 and num abstract states: 5
/proj/ssiw/users/x_domdr/projects/code/sketch-learner-no-symmetries/learning/benchmarks/blocks_4_on/instances/p-2-11.pddl /proj/ssiw/users/x_domdr/projects/code/sketch-learner-no-symmetries/learning/benchmarks/blocks_4_on/instances/p-2-11.pddl
2024-08-08 19:42:54,350 - Created InstanceData with num concrete states: 5 and num abstract states: 5
/proj/ssiw/users/x_domdr/projects/code/sketch-learner-no-symmetries/learning/benchmarks/blocks_4_on/instances/p-2-2.pddl /proj/ssiw/users/x_domdr/projects/code/sketch-learner-no-symmetries/learning/benchmarks/blocks_4_on/instances/p-2-2.pddl
2024-08-08 19:42:54,350 - Created InstanceData with num concrete states: 5 and num abstract states: 5
/proj/ssiw/users/x_domdr/projects/code/sketch-learner-no-symmetries/learning/benchmarks/blocks_4_on/instances/p-2-23.pddl /proj/ssiw/users/x_domdr/projects/code/sketch-learner-no-symmetries/learning/benchmarks/blocks_4_on/instances/p-2-23.pddl
2024-08-08 19:42:54,351 - Created InstanceData with num concrete states: 5 and num abstract states: 5
/proj/ssiw/users/x_domdr/projects/code/sketch-learner-no-symmetries/learning/benchmarks/blocks_4_on/instances/p-2-21.pddl /proj/ssiw/users/x_domdr/projects/code/sketch-learner-no-symmetries/learning/benchmarks/blocks_4_on/instances/p-2-21.pddl
2024-08-08 19:42:54,351 - Created InstanceData with num concrete states: 5 and num abstract states: 5
/proj/ssiw/users/x_domdr/projects/code/sketch-learner-no-symmetries/learning/benchmarks/blocks_4_on/instances/p-2-19.pddl /proj/ssiw/users/x_domdr/projects/code/sketch-learner-no-symmetries/learning/benchmarks/blocks_4_on/instances/p-2-19.pddl
2024-08-08 19:42:54,352 - Created InstanceData with num concrete states: 5 and num abstract states: 5
/proj/ssiw/users/x_domdr/projects/code/sketch-learner-no-symmetries/learning/benchmarks/blocks_4_on/instances/p-2-20.pddl /proj/ssiw/users/x_domdr/projects/code/sketch-learner-no-symmetries/learning/benchmarks/blocks_4_on/instances/p-2-20.pddl
2024-08-08 19:42:54,352 - Created InstanceData with num concrete states: 5 and num abstract states: 5
/proj/ssiw/users/x_domdr/projects/code/sketch-learner-no-symmetries/learning/benchmarks/blocks_4_on/instances/p-2-12.pddl /proj/ssiw/users/x_domdr/projects/code/sketch-learner-no-symmetries/learning/benchmarks/blocks_4_on/instances/p-2-12.pddl
2024-08-08 19:42:54,356 - Created InstanceData with num concrete states: 5 and num abstract states: 5
/proj/ssiw/users/x_domdr/projects/code/sketch-learner-no-symmetries/learning/benchmarks/blocks_4_on/instances/p-2-14.pddl /proj/ssiw/users/x_domdr/projects/code/sketch-learner-no-symmetries/learning/benchmarks/blocks_4_on/instances/p-2-14.pddl
2024-08-08 19:42:54,356 - Created InstanceData with num concrete states: 5 and num abstract states: 5
/proj/ssiw/users/x_domdr/projects/code/sketch-learner-no-symmetries/learning/benchmarks/blocks_4_on/instances/p-2-10.pddl /proj/ssiw/users/x_domdr/projects/code/sketch-learner-no-symmetries/learning/benchmarks/blocks_4_on/instances/p-2-10.pddl
2024-08-08 19:42:54,357 - Created InstanceData with num concrete states: 5 and num abstract states: 5
/proj/ssiw/users/x_domdr/projects/code/sketch-learner-no-symmetries/learning/benchmarks/blocks_4_on/instances/p-2-15.pddl /proj/ssiw/users/x_domdr/projects/code/sketch-learner-no-symmetries/learning/benchmarks/blocks_4_on/instances/p-2-15.pddl
2024-08-08 19:42:54,357 - Created InstanceData with num concrete states: 5 and num abstract states: 5
/proj/ssiw/users/x_domdr/projects/code/sketch-learner-no-symmetries/learning/benchmarks/blocks_4_on/instances/p-2-18.pddl /proj/ssiw/users/x_domdr/projects/code/sketch-learner-no-symmetries/learning/benchmarks/blocks_4_on/instances/p-2-18.pddl
2024-08-08 19:42:54,357 - Created InstanceData with num concrete states: 5 and num abstract states: 5
/proj/ssiw/users/x_domdr/projects/code/sketch-learner-no-symmetries/learning/benchmarks/blocks_4_on/instances/p-2-4.pddl /proj/ssiw/users/x_domdr/projects/code/sketch-learner-no-symmetries/learning/benchmarks/blocks_4_on/instances/p-2-4.pddl
2024-08-08 19:42:54,358 - Created InstanceData with num concrete states: 5 and num abstract states: 5
/proj/ssiw/users/x_domdr/projects/code/sketch-learner-no-symmetries/learning/benchmarks/blocks_4_on/instances/p-2-29.pddl /proj/ssiw/users/x_domdr/projects/code/sketch-learner-no-symmetries/learning/benchmarks/blocks_4_on/instances/p-2-29.pddl
2024-08-08 19:42:54,358 - Created InstanceData with num concrete states: 5 and num abstract states: 5
/proj/ssiw/users/x_domdr/projects/code/sketch-learner-no-symmetries/learning/benchmarks/blocks_4_on/instances/p-2-25.pddl /proj/ssiw/users/x_domdr/projects/code/sketch-learner-no-symmetries/learning/benchmarks/blocks_4_on/instances/p-2-25.pddl
2024-08-08 19:42:54,359 - Created InstanceData with num concrete states: 5 and num abstract states: 5
/proj/ssiw/users/x_domdr/projects/code/sketch-learner-no-symmetries/learning/benchmarks/blocks_4_on/instances/p-2-8.pddl /proj/ssiw/users/x_domdr/projects/code/sketch-learner-no-symmetries/learning/benchmarks/blocks_4_on/instances/p-2-8.pddl
2024-08-08 19:42:54,359 - Created InstanceData with num concrete states: 5 and num abstract states: 5
/proj/ssiw/users/x_domdr/projects/code/sketch-learner-no-symmetries/learning/benchmarks/blocks_4_on/instances/p-2-26.pddl /proj/ssiw/users/x_domdr/projects/code/sketch-learner-no-symmetries/learning/benchmarks/blocks_4_on/instances/p-2-26.pddl
2024-08-08 19:42:54,360 - Created InstanceData with num concrete states: 5 and num abstract states: 5
/proj/ssiw/users/x_domdr/projects/code/sketch-learner-no-symmetries/learning/benchmarks/blocks_4_on/instances/p-2-5.pddl /proj/ssiw/users/x_domdr/projects/code/sketch-learner-no-symmetries/learning/benchmarks/blocks_4_on/instances/p-2-5.pddl
2024-08-08 19:42:54,360 - Created InstanceData with num concrete states: 5 and num abstract states: 5
/proj/ssiw/users/x_domdr/projects/code/sketch-learner-no-symmetries/learning/benchmarks/blocks_4_on/instances/p-2-16.pddl /proj/ssiw/users/x_domdr/projects/code/sketch-learner-no-symmetries/learning/benchmarks/blocks_4_on/instances/p-2-16.pddl
2024-08-08 19:42:54,361 - Created InstanceData with num concrete states: 5 and num abstract states: 5
/proj/ssiw/users/x_domdr/projects/code/sketch-learner-no-symmetries/learning/benchmarks/blocks_4_on/instances/p-2-3.pddl /proj/ssiw/users/x_domdr/projects/code/sketch-learner-no-symmetries/learning/benchmarks/blocks_4_on/instances/p-2-3.pddl
2024-08-08 19:42:54,361 - Created InstanceData with num concrete states: 5 and num abstract states: 5
/proj/ssiw/users/x_domdr/projects/code/sketch-learner-no-symmetries/learning/benchmarks/blocks_4_on/instances/p-2-1.pddl /proj/ssiw/users/x_domdr/projects/code/sketch-learner-no-symmetries/learning/benchmarks/blocks_4_on/instances/p-2-1.pddl
2024-08-08 19:42:54,361 - Created InstanceData with num concrete states: 5 and num abstract states: 5
/proj/ssiw/users/x_domdr/projects/code/sketch-learner-no-symmetries/learning/benchmarks/blocks_4_on/instances/p-2-6.pddl /proj/ssiw/users/x_domdr/projects/code/sketch-learner-no-symmetries/learning/benchmarks/blocks_4_on/instances/p-2-6.pddl
2024-08-08 19:42:54,362 - Created InstanceData with num concrete states: 5 and num abstract states: 5
/proj/ssiw/users/x_domdr/projects/code/sketch-learner-no-symmetries/learning/benchmarks/blocks_4_on/instances/p-2-28.pddl /proj/ssiw/users/x_domdr/projects/code/sketch-learner-no-symmetries/learning/benchmarks/blocks_4_on/instances/p-2-28.pddl
2024-08-08 19:42:54,362 - Created InstanceData with num concrete states: 5 and num abstract states: 5
/proj/ssiw/users/x_domdr/projects/code/sketch-learner-no-symmetries/learning/benchmarks/blocks_4_on/instances/p-2-27.pddl /proj/ssiw/users/x_domdr/projects/code/sketch-learner-no-symmetries/learning/benchmarks/blocks_4_on/instances/p-2-27.pddl
2024-08-08 19:42:54,363 - Created InstanceData with num concrete states: 5 and num abstract states: 5
/proj/ssiw/users/x_domdr/projects/code/sketch-learner-no-symmetries/learning/benchmarks/blocks_4_on/instances/p-2-9.pddl /proj/ssiw/users/x_domdr/projects/code/sketch-learner-no-symmetries/learning/benchmarks/blocks_4_on/instances/p-2-9.pddl
2024-08-08 19:42:54,363 - Created InstanceData with num concrete states: 5 and num abstract states: 5
/proj/ssiw/users/x_domdr/projects/code/sketch-learner-no-symmetries/learning/benchmarks/blocks_4_on/instances/p-2-22.pddl /proj/ssiw/users/x_domdr/projects/code/sketch-learner-no-symmetries/learning/benchmarks/blocks_4_on/instances/p-2-22.pddl
2024-08-08 19:42:54,364 - Created InstanceData with num concrete states: 5 and num abstract states: 5
/proj/ssiw/users/x_domdr/projects/code/sketch-learner-no-symmetries/learning/benchmarks/blocks_4_on/instances/p-2-0.pddl /proj/ssiw/users/x_domdr/projects/code/sketch-learner-no-symmetries/learning/benchmarks/blocks_4_on/instances/p-2-0.pddl
2024-08-08 19:42:54,364 - Created InstanceData with num concrete states: 5 and num abstract states: 5
/proj/ssiw/users/x_domdr/projects/code/sketch-learner-no-symmetries/learning/benchmarks/blocks_4_on/instances/p-3-19.pddl /proj/ssiw/users/x_domdr/projects/code/sketch-learner-no-symmetries/learning/benchmarks/blocks_4_on/instances/p-3-19.pddl
2024-08-08 19:42:54,365 - Created InstanceData with num concrete states: 22 and num abstract states: 22
/proj/ssiw/users/x_domdr/projects/code/sketch-learner-no-symmetries/learning/benchmarks/blocks_4_on/instances/p-3-5.pddl /proj/ssiw/users/x_domdr/projects/code/sketch-learner-no-symmetries/learning/benchmarks/blocks_4_on/instances/p-3-5.pddl
2024-08-08 19:42:54,365 - Created InstanceData with num concrete states: 22 and num abstract states: 22
/proj/ssiw/users/x_domdr/projects/code/sketch-learner-no-symmetries/learning/benchmarks/blocks_4_on/instances/p-3-8.pddl /proj/ssiw/users/x_domdr/projects/code/sketch-learner-no-symmetries/learning/benchmarks/blocks_4_on/instances/p-3-8.pddl
2024-08-08 19:42:54,366 - Created InstanceData with num concrete states: 22 and num abstract states: 22
/proj/ssiw/users/x_domdr/projects/code/sketch-learner-no-symmetries/learning/benchmarks/blocks_4_on/instances/p-3-29.pddl /proj/ssiw/users/x_domdr/projects/code/sketch-learner-no-symmetries/learning/benchmarks/blocks_4_on/instances/p-3-29.pddl
2024-08-08 19:42:54,367 - Created InstanceData with num concrete states: 22 and num abstract states: 22
/proj/ssiw/users/x_domdr/projects/code/sketch-learner-no-symmetries/learning/benchmarks/blocks_4_on/instances/p-3-24.pddl /proj/ssiw/users/x_domdr/projects/code/sketch-learner-no-symmetries/learning/benchmarks/blocks_4_on/instances/p-3-24.pddl
2024-08-08 19:42:54,368 - Created InstanceData with num concrete states: 22 and num abstract states: 22
/proj/ssiw/users/x_domdr/projects/code/sketch-learner-no-symmetries/learning/benchmarks/blocks_4_on/instances/p-3-2.pddl /proj/ssiw/users/x_domdr/projects/code/sketch-learner-no-symmetries/learning/benchmarks/blocks_4_on/instances/p-3-2.pddl
2024-08-08 19:42:54,368 - Created InstanceData with num concrete states: 22 and num abstract states: 22
/proj/ssiw/users/x_domdr/projects/code/sketch-learner-no-symmetries/learning/benchmarks/blocks_4_on/instances/p-3-10.pddl /proj/ssiw/users/x_domdr/projects/code/sketch-learner-no-symmetries/learning/benchmarks/blocks_4_on/instances/p-3-10.pddl
2024-08-08 19:42:54,369 - Created InstanceData with num concrete states: 22 and num abstract states: 22
/proj/ssiw/users/x_domdr/projects/code/sketch-learner-no-symmetries/learning/benchmarks/blocks_4_on/instances/p-3-11.pddl /proj/ssiw/users/x_domdr/projects/code/sketch-learner-no-symmetries/learning/benchmarks/blocks_4_on/instances/p-3-11.pddl
2024-08-08 19:42:54,370 - Created InstanceData with num concrete states: 22 and num abstract states: 22
/proj/ssiw/users/x_domdr/projects/code/sketch-learner-no-symmetries/learning/benchmarks/blocks_4_on/instances/p-3-13.pddl /proj/ssiw/users/x_domdr/projects/code/sketch-learner-no-symmetries/learning/benchmarks/blocks_4_on/instances/p-3-13.pddl
2024-08-08 19:42:54,371 - Created InstanceData with num concrete states: 22 and num abstract states: 22
/proj/ssiw/users/x_domdr/projects/code/sketch-learner-no-symmetries/learning/benchmarks/blocks_4_on/instances/p-3-15.pddl /proj/ssiw/users/x_domdr/projects/code/sketch-learner-no-symmetries/learning/benchmarks/blocks_4_on/instances/p-3-15.pddl
2024-08-08 19:42:54,371 - Created InstanceData with num concrete states: 22 and num abstract states: 22
/proj/ssiw/users/x_domdr/projects/code/sketch-learner-no-symmetries/learning/benchmarks/blocks_4_on/instances/p-3-26.pddl /proj/ssiw/users/x_domdr/projects/code/sketch-learner-no-symmetries/learning/benchmarks/blocks_4_on/instances/p-3-26.pddl
2024-08-08 19:42:54,372 - Created InstanceData with num concrete states: 22 and num abstract states: 22
/proj/ssiw/users/x_domdr/projects/code/sketch-learner-no-symmetries/learning/benchmarks/blocks_4_on/instances/p-3-6.pddl /proj/ssiw/users/x_domdr/projects/code/sketch-learner-no-symmetries/learning/benchmarks/blocks_4_on/instances/p-3-6.pddl
2024-08-08 19:42:54,373 - Created InstanceData with num concrete states: 22 and num abstract states: 22
/proj/ssiw/users/x_domdr/projects/code/sketch-learner-no-symmetries/learning/benchmarks/blocks_4_on/instances/p-3-25.pddl /proj/ssiw/users/x_domdr/projects/code/sketch-learner-no-symmetries/learning/benchmarks/blocks_4_on/instances/p-3-25.pddl
2024-08-08 19:42:54,374 - Created InstanceData with num concrete states: 22 and num abstract states: 22
/proj/ssiw/users/x_domdr/projects/code/sketch-learner-no-symmetries/learning/benchmarks/blocks_4_on/instances/p-3-3.pddl /proj/ssiw/users/x_domdr/projects/code/sketch-learner-no-symmetries/learning/benchmarks/blocks_4_on/instances/p-3-3.pddl
2024-08-08 19:42:54,374 - Created InstanceData with num concrete states: 22 and num abstract states: 22
/proj/ssiw/users/x_domdr/projects/code/sketch-learner-no-symmetries/learning/benchmarks/blocks_4_on/instances/p-3-23.pddl /proj/ssiw/users/x_domdr/projects/code/sketch-learner-no-symmetries/learning/benchmarks/blocks_4_on/instances/p-3-23.pddl
2024-08-08 19:42:54,375 - Created InstanceData with num concrete states: 22 and num abstract states: 22
/proj/ssiw/users/x_domdr/projects/code/sketch-learner-no-symmetries/learning/benchmarks/blocks_4_on/instances/p-3-7.pddl /proj/ssiw/users/x_domdr/projects/code/sketch-learner-no-symmetries/learning/benchmarks/blocks_4_on/instances/p-3-7.pddl
2024-08-08 19:42:54,376 - Created InstanceData with num concrete states: 22 and num abstract states: 22
/proj/ssiw/users/x_domdr/projects/code/sketch-learner-no-symmetries/learning/benchmarks/blocks_4_on/instances/p-3-4.pddl /proj/ssiw/users/x_domdr/projects/code/sketch-learner-no-symmetries/learning/benchmarks/blocks_4_on/instances/p-3-4.pddl
2024-08-08 19:42:54,377 - Created InstanceData with num concrete states: 22 and num abstract states: 22
/proj/ssiw/users/x_domdr/projects/code/sketch-learner-no-symmetries/learning/benchmarks/blocks_4_on/instances/p-3-14.pddl /proj/ssiw/users/x_domdr/projects/code/sketch-learner-no-symmetries/learning/benchmarks/blocks_4_on/instances/p-3-14.pddl
2024-08-08 19:42:54,377 - Created InstanceData with num concrete states: 22 and num abstract states: 22
/proj/ssiw/users/x_domdr/projects/code/sketch-learner-no-symmetries/learning/benchmarks/blocks_4_on/instances/p-3-12.pddl /proj/ssiw/users/x_domdr/projects/code/sketch-learner-no-symmetries/learning/benchmarks/blocks_4_on/instances/p-3-12.pddl
2024-08-08 19:42:54,378 - Created InstanceData with num concrete states: 22 and num abstract states: 22
/proj/ssiw/users/x_domdr/projects/code/sketch-learner-no-symmetries/learning/benchmarks/blocks_4_on/instances/p-3-27.pddl /proj/ssiw/users/x_domdr/projects/code/sketch-learner-no-symmetries/learning/benchmarks/blocks_4_on/instances/p-3-27.pddl
2024-08-08 19:42:54,379 - Created InstanceData with num concrete states: 22 and num abstract states: 22
/proj/ssiw/users/x_domdr/projects/code/sketch-learner-no-symmetries/learning/benchmarks/blocks_4_on/instances/p-3-9.pddl /proj/ssiw/users/x_domdr/projects/code/sketch-learner-no-symmetries/learning/benchmarks/blocks_4_on/instances/p-3-9.pddl
2024-08-08 19:42:54,380 - Created InstanceData with num concrete states: 22 and num abstract states: 22
/proj/ssiw/users/x_domdr/projects/code/sketch-learner-no-symmetries/learning/benchmarks/blocks_4_on/instances/p-3-17.pddl /proj/ssiw/users/x_domdr/projects/code/sketch-learner-no-symmetries/learning/benchmarks/blocks_4_on/instances/p-3-17.pddl
2024-08-08 19:42:54,380 - Created InstanceData with num concrete states: 22 and num abstract states: 22
/proj/ssiw/users/x_domdr/projects/code/sketch-learner-no-symmetries/learning/benchmarks/blocks_4_on/instances/p-3-20.pddl /proj/ssiw/users/x_domdr/projects/code/sketch-learner-no-symmetries/learning/benchmarks/blocks_4_on/instances/p-3-20.pddl
2024-08-08 19:42:54,381 - Created InstanceData with num concrete states: 22 and num abstract states: 22
/proj/ssiw/users/x_domdr/projects/code/sketch-learner-no-symmetries/learning/benchmarks/blocks_4_on/instances/p-3-0.pddl /proj/ssiw/users/x_domdr/projects/code/sketch-learner-no-symmetries/learning/benchmarks/blocks_4_on/instances/p-3-0.pddl
2024-08-08 19:42:54,382 - Created InstanceData with num concrete states: 22 and num abstract states: 22
/proj/ssiw/users/x_domdr/projects/code/sketch-learner-no-symmetries/learning/benchmarks/blocks_4_on/instances/p-3-28.pddl /proj/ssiw/users/x_domdr/projects/code/sketch-learner-no-symmetries/learning/benchmarks/blocks_4_on/instances/p-3-28.pddl
2024-08-08 19:42:54,382 - Created InstanceData with num concrete states: 22 and num abstract states: 22
/proj/ssiw/users/x_domdr/projects/code/sketch-learner-no-symmetries/learning/benchmarks/blocks_4_on/instances/p-3-22.pddl /proj/ssiw/users/x_domdr/projects/code/sketch-learner-no-symmetries/learning/benchmarks/blocks_4_on/instances/p-3-22.pddl
2024-08-08 19:42:54,383 - Created InstanceData with num concrete states: 22 and num abstract states: 22
/proj/ssiw/users/x_domdr/projects/code/sketch-learner-no-symmetries/learning/benchmarks/blocks_4_on/instances/p-3-21.pddl /proj/ssiw/users/x_domdr/projects/code/sketch-learner-no-symmetries/learning/benchmarks/blocks_4_on/instances/p-3-21.pddl
2024-08-08 19:42:54,384 - Created InstanceData with num concrete states: 22 and num abstract states: 22
/proj/ssiw/users/x_domdr/projects/code/sketch-learner-no-symmetries/learning/benchmarks/blocks_4_on/instances/p-3-16.pddl /proj/ssiw/users/x_domdr/projects/code/sketch-learner-no-symmetries/learning/benchmarks/blocks_4_on/instances/p-3-16.pddl
2024-08-08 19:42:54,385 - Created InstanceData with num concrete states: 22 and num abstract states: 22
/proj/ssiw/users/x_domdr/projects/code/sketch-learner-no-symmetries/learning/benchmarks/blocks_4_on/instances/p-3-1.pddl /proj/ssiw/users/x_domdr/projects/code/sketch-learner-no-symmetries/learning/benchmarks/blocks_4_on/instances/p-3-1.pddl
2024-08-08 19:42:54,385 - Created InstanceData with num concrete states: 22 and num abstract states: 22
/proj/ssiw/users/x_domdr/projects/code/sketch-learner-no-symmetries/learning/benchmarks/blocks_4_on/instances/p-3-18.pddl /proj/ssiw/users/x_domdr/projects/code/sketch-learner-no-symmetries/learning/benchmarks/blocks_4_on/instances/p-3-18.pddl
2024-08-08 19:42:54,386 - Created InstanceData with num concrete states: 22 and num abstract states: 22
/proj/ssiw/users/x_domdr/projects/code/sketch-learner-no-symmetries/learning/benchmarks/blocks_4_on/instances/p-4-4.pddl /proj/ssiw/users/x_domdr/projects/code/sketch-learner-no-symmetries/learning/benchmarks/blocks_4_on/instances/p-4-4.pddl
2024-08-08 19:42:54,389 - Created InstanceData with num concrete states: 125 and num abstract states: 125
/proj/ssiw/users/x_domdr/projects/code/sketch-learner-no-symmetries/learning/benchmarks/blocks_4_on/instances/p-4-1.pddl /proj/ssiw/users/x_domdr/projects/code/sketch-learner-no-symmetries/learning/benchmarks/blocks_4_on/instances/p-4-1.pddl
2024-08-08 19:42:54,391 - Created InstanceData with num concrete states: 125 and num abstract states: 125
/proj/ssiw/users/x_domdr/projects/code/sketch-learner-no-symmetries/learning/benchmarks/blocks_4_on/instances/p-4-26.pddl /proj/ssiw/users/x_domdr/projects/code/sketch-learner-no-symmetries/learning/benchmarks/blocks_4_on/instances/p-4-26.pddl
2024-08-08 19:42:54,393 - Created InstanceData with num concrete states: 125 and num abstract states: 125
/proj/ssiw/users/x_domdr/projects/code/sketch-learner-no-symmetries/learning/benchmarks/blocks_4_on/instances/p-4-28.pddl /proj/ssiw/users/x_domdr/projects/code/sketch-learner-no-symmetries/learning/benchmarks/blocks_4_on/instances/p-4-28.pddl
2024-08-08 19:42:54,396 - Created InstanceData with num concrete states: 125 and num abstract states: 125
/proj/ssiw/users/x_domdr/projects/code/sketch-learner-no-symmetries/learning/benchmarks/blocks_4_on/instances/p-4-6.pddl /proj/ssiw/users/x_domdr/projects/code/sketch-learner-no-symmetries/learning/benchmarks/blocks_4_on/instances/p-4-6.pddl
2024-08-08 19:42:54,398 - Created InstanceData with num concrete states: 125 and num abstract states: 125
/proj/ssiw/users/x_domdr/projects/code/sketch-learner-no-symmetries/learning/benchmarks/blocks_4_on/instances/p-4-13.pddl /proj/ssiw/users/x_domdr/projects/code/sketch-learner-no-symmetries/learning/benchmarks/blocks_4_on/instances/p-4-13.pddl
2024-08-08 19:42:54,400 - Created InstanceData with num concrete states: 125 and num abstract states: 125
/proj/ssiw/users/x_domdr/projects/code/sketch-learner-no-symmetries/learning/benchmarks/blocks_4_on/instances/p-4-2.pddl /proj/ssiw/users/x_domdr/projects/code/sketch-learner-no-symmetries/learning/benchmarks/blocks_4_on/instances/p-4-2.pddl
2024-08-08 19:42:54,403 - Created InstanceData with num concrete states: 125 and num abstract states: 125
/proj/ssiw/users/x_domdr/projects/code/sketch-learner-no-symmetries/learning/benchmarks/blocks_4_on/instances/p-4-11.pddl /proj/ssiw/users/x_domdr/projects/code/sketch-learner-no-symmetries/learning/benchmarks/blocks_4_on/instances/p-4-11.pddl
2024-08-08 19:42:54,405 - Created InstanceData with num concrete states: 125 and num abstract states: 125
/proj/ssiw/users/x_domdr/projects/code/sketch-learner-no-symmetries/learning/benchmarks/blocks_4_on/instances/p-4-9.pddl /proj/ssiw/users/x_domdr/projects/code/sketch-learner-no-symmetries/learning/benchmarks/blocks_4_on/instances/p-4-9.pddl
2024-08-08 19:42:54,407 - Created InstanceData with num concrete states: 125 and num abstract states: 125
/proj/ssiw/users/x_domdr/projects/code/sketch-learner-no-symmetries/learning/benchmarks/blocks_4_on/instances/p-4-29.pddl /proj/ssiw/users/x_domdr/projects/code/sketch-learner-no-symmetries/learning/benchmarks/blocks_4_on/instances/p-4-29.pddl
2024-08-08 19:42:54,410 - Created InstanceData with num concrete states: 125 and num abstract states: 125
/proj/ssiw/users/x_domdr/projects/code/sketch-learner-no-symmetries/learning/benchmarks/blocks_4_on/instances/p-4-17.pddl /proj/ssiw/users/x_domdr/projects/code/sketch-learner-no-symmetries/learning/benchmarks/blocks_4_on/instances/p-4-17.pddl
2024-08-08 19:42:54,412 - Created InstanceData with num concrete states: 125 and num abstract states: 125
/proj/ssiw/users/x_domdr/projects/code/sketch-learner-no-symmetries/learning/benchmarks/blocks_4_on/instances/p-4-19.pddl /proj/ssiw/users/x_domdr/projects/code/sketch-learner-no-symmetries/learning/benchmarks/blocks_4_on/instances/p-4-19.pddl
2024-08-08 19:42:54,415 - Created InstanceData with num concrete states: 125 and num abstract states: 125
/proj/ssiw/users/x_domdr/projects/code/sketch-learner-no-symmetries/learning/benchmarks/blocks_4_on/instances/p-4-22.pddl /proj/ssiw/users/x_domdr/projects/code/sketch-learner-no-symmetries/learning/benchmarks/blocks_4_on/instances/p-4-22.pddl
2024-08-08 19:42:54,417 - Created InstanceData with num concrete states: 125 and num abstract states: 125
/proj/ssiw/users/x_domdr/projects/code/sketch-learner-no-symmetries/learning/benchmarks/blocks_4_on/instances/p-4-16.pddl /proj/ssiw/users/x_domdr/projects/code/sketch-learner-no-symmetries/learning/benchmarks/blocks_4_on/instances/p-4-16.pddl
2024-08-08 19:42:54,419 - Created InstanceData with num concrete states: 125 and num abstract states: 125
/proj/ssiw/users/x_domdr/projects/code/sketch-learner-no-symmetries/learning/benchmarks/blocks_4_on/instances/p-4-25.pddl /proj/ssiw/users/x_domdr/projects/code/sketch-learner-no-symmetries/learning/benchmarks/blocks_4_on/instances/p-4-25.pddl
2024-08-08 19:42:54,422 - Created InstanceData with num concrete states: 125 and num abstract states: 125
/proj/ssiw/users/x_domdr/projects/code/sketch-learner-no-symmetries/learning/benchmarks/blocks_4_on/instances/p-4-18.pddl /proj/ssiw/users/x_domdr/projects/code/sketch-learner-no-symmetries/learning/benchmarks/blocks_4_on/instances/p-4-18.pddl
2024-08-08 19:42:54,424 - Created InstanceData with num concrete states: 125 and num abstract states: 125
/proj/ssiw/users/x_domdr/projects/code/sketch-learner-no-symmetries/learning/benchmarks/blocks_4_on/instances/p-4-10.pddl /proj/ssiw/users/x_domdr/projects/code/sketch-learner-no-symmetries/learning/benchmarks/blocks_4_on/instances/p-4-10.pddl
2024-08-08 19:42:54,426 - Created InstanceData with num concrete states: 125 and num abstract states: 125
/proj/ssiw/users/x_domdr/projects/code/sketch-learner-no-symmetries/learning/benchmarks/blocks_4_on/instances/p-4-24.pddl /proj/ssiw/users/x_domdr/projects/code/sketch-learner-no-symmetries/learning/benchmarks/blocks_4_on/instances/p-4-24.pddl
2024-08-08 19:42:54,429 - Created InstanceData with num concrete states: 125 and num abstract states: 125
/proj/ssiw/users/x_domdr/projects/code/sketch-learner-no-symmetries/learning/benchmarks/blocks_4_on/instances/p-4-3.pddl /proj/ssiw/users/x_domdr/projects/code/sketch-learner-no-symmetries/learning/benchmarks/blocks_4_on/instances/p-4-3.pddl
2024-08-08 19:42:54,431 - Created InstanceData with num concrete states: 125 and num abstract states: 125
/proj/ssiw/users/x_domdr/projects/code/sketch-learner-no-symmetries/learning/benchmarks/blocks_4_on/instances/p-4-0.pddl /proj/ssiw/users/x_domdr/projects/code/sketch-learner-no-symmetries/learning/benchmarks/blocks_4_on/instances/p-4-0.pddl
2024-08-08 19:42:54,434 - Created InstanceData with num concrete states: 125 and num abstract states: 125
/proj/ssiw/users/x_domdr/projects/code/sketch-learner-no-symmetries/learning/benchmarks/blocks_4_on/instances/p-4-8.pddl /proj/ssiw/users/x_domdr/projects/code/sketch-learner-no-symmetries/learning/benchmarks/blocks_4_on/instances/p-4-8.pddl
2024-08-08 19:42:54,436 - Created InstanceData with num concrete states: 125 and num abstract states: 125
/proj/ssiw/users/x_domdr/projects/code/sketch-learner-no-symmetries/learning/benchmarks/blocks_4_on/instances/p-4-20.pddl /proj/ssiw/users/x_domdr/projects/code/sketch-learner-no-symmetries/learning/benchmarks/blocks_4_on/instances/p-4-20.pddl
2024-08-08 19:42:54,438 - Created InstanceData with num concrete states: 125 and num abstract states: 125
/proj/ssiw/users/x_domdr/projects/code/sketch-learner-no-symmetries/learning/benchmarks/blocks_4_on/instances/p-4-23.pddl /proj/ssiw/users/x_domdr/projects/code/sketch-learner-no-symmetries/learning/benchmarks/blocks_4_on/instances/p-4-23.pddl
2024-08-08 19:42:54,441 - Created InstanceData with num concrete states: 125 and num abstract states: 125
/proj/ssiw/users/x_domdr/projects/code/sketch-learner-no-symmetries/learning/benchmarks/blocks_4_on/instances/p-4-14.pddl /proj/ssiw/users/x_domdr/projects/code/sketch-learner-no-symmetries/learning/benchmarks/blocks_4_on/instances/p-4-14.pddl
2024-08-08 19:42:54,443 - Created InstanceData with num concrete states: 125 and num abstract states: 125
/proj/ssiw/users/x_domdr/projects/code/sketch-learner-no-symmetries/learning/benchmarks/blocks_4_on/instances/p-4-15.pddl /proj/ssiw/users/x_domdr/projects/code/sketch-learner-no-symmetries/learning/benchmarks/blocks_4_on/instances/p-4-15.pddl
2024-08-08 19:42:54,446 - Created InstanceData with num concrete states: 125 and num abstract states: 125
/proj/ssiw/users/x_domdr/projects/code/sketch-learner-no-symmetries/learning/benchmarks/blocks_4_on/instances/p-4-27.pddl /proj/ssiw/users/x_domdr/projects/code/sketch-learner-no-symmetries/learning/benchmarks/blocks_4_on/instances/p-4-27.pddl
2024-08-08 19:42:54,448 - Created InstanceData with num concrete states: 125 and num abstract states: 125
/proj/ssiw/users/x_domdr/projects/code/sketch-learner-no-symmetries/learning/benchmarks/blocks_4_on/instances/p-4-12.pddl /proj/ssiw/users/x_domdr/projects/code/sketch-learner-no-symmetries/learning/benchmarks/blocks_4_on/instances/p-4-12.pddl
2024-08-08 19:42:54,450 - Created InstanceData with num concrete states: 125 and num abstract states: 125
/proj/ssiw/users/x_domdr/projects/code/sketch-learner-no-symmetries/learning/benchmarks/blocks_4_on/instances/p-4-7.pddl /proj/ssiw/users/x_domdr/projects/code/sketch-learner-no-symmetries/learning/benchmarks/blocks_4_on/instances/p-4-7.pddl
2024-08-08 19:42:54,453 - Created InstanceData with num concrete states: 125 and num abstract states: 125
/proj/ssiw/users/x_domdr/projects/code/sketch-learner-no-symmetries/learning/benchmarks/blocks_4_on/instances/p-4-5.pddl /proj/ssiw/users/x_domdr/projects/code/sketch-learner-no-symmetries/learning/benchmarks/blocks_4_on/instances/p-4-5.pddl
2024-08-08 19:42:54,455 - Created InstanceData with num concrete states: 125 and num abstract states: 125
/proj/ssiw/users/x_domdr/projects/code/sketch-learner-no-symmetries/learning/benchmarks/blocks_4_on/instances/p-4-21.pddl /proj/ssiw/users/x_domdr/projects/code/sketch-learner-no-symmetries/learning/benchmarks/blocks_4_on/instances/p-4-21.pddl
2024-08-08 19:42:54,458 - Created InstanceData with num concrete states: 125 and num abstract states: 125
/proj/ssiw/users/x_domdr/projects/code/sketch-learner-no-symmetries/learning/benchmarks/blocks_4_on/instances/p-5-29.pddl /proj/ssiw/users/x_domdr/projects/code/sketch-learner-no-symmetries/learning/benchmarks/blocks_4_on/instances/p-5-29.pddl
2024-08-08 19:42:54,472 - Created InstanceData with num concrete states: 866 and num abstract states: 866
/proj/ssiw/users/x_domdr/projects/code/sketch-learner-no-symmetries/learning/benchmarks/blocks_4_on/instances/p-5-8.pddl /proj/ssiw/users/x_domdr/projects/code/sketch-learner-no-symmetries/learning/benchmarks/blocks_4_on/instances/p-5-8.pddl
2024-08-08 19:42:54,486 - Created InstanceData with num concrete states: 866 and num abstract states: 866
/proj/ssiw/users/x_domdr/projects/code/sketch-learner-no-symmetries/learning/benchmarks/blocks_4_on/instances/p-5-16.pddl /proj/ssiw/users/x_domdr/projects/code/sketch-learner-no-symmetries/learning/benchmarks/blocks_4_on/instances/p-5-16.pddl
2024-08-08 19:42:54,499 - Created InstanceData with num concrete states: 866 and num abstract states: 866
/proj/ssiw/users/x_domdr/projects/code/sketch-learner-no-symmetries/learning/benchmarks/blocks_4_on/instances/p-5-25.pddl /proj/ssiw/users/x_domdr/projects/code/sketch-learner-no-symmetries/learning/benchmarks/blocks_4_on/instances/p-5-25.pddl
2024-08-08 19:42:54,513 - Created InstanceData with num concrete states: 866 and num abstract states: 866
/proj/ssiw/users/x_domdr/projects/code/sketch-learner-no-symmetries/learning/benchmarks/blocks_4_on/instances/p-5-21.pddl /proj/ssiw/users/x_domdr/projects/code/sketch-learner-no-symmetries/learning/benchmarks/blocks_4_on/instances/p-5-21.pddl
2024-08-08 19:42:54,527 - Created InstanceData with num concrete states: 866 and num abstract states: 866
/proj/ssiw/users/x_domdr/projects/code/sketch-learner-no-symmetries/learning/benchmarks/blocks_4_on/instances/p-5-14.pddl /proj/ssiw/users/x_domdr/projects/code/sketch-learner-no-symmetries/learning/benchmarks/blocks_4_on/instances/p-5-14.pddl
2024-08-08 19:42:54,542 - Created InstanceData with num concrete states: 866 and num abstract states: 866
/proj/ssiw/users/x_domdr/projects/code/sketch-learner-no-symmetries/learning/benchmarks/blocks_4_on/instances/p-5-10.pddl /proj/ssiw/users/x_domdr/projects/code/sketch-learner-no-symmetries/learning/benchmarks/blocks_4_on/instances/p-5-10.pddl
2024-08-08 19:42:54,555 - Created InstanceData with num concrete states: 866 and num abstract states: 866
/proj/ssiw/users/x_domdr/projects/code/sketch-learner-no-symmetries/learning/benchmarks/blocks_4_on/instances/p-5-11.pddl /proj/ssiw/users/x_domdr/projects/code/sketch-learner-no-symmetries/learning/benchmarks/blocks_4_on/instances/p-5-11.pddl
2024-08-08 19:42:54,569 - Created InstanceData with num concrete states: 866 and num abstract states: 866
/proj/ssiw/users/x_domdr/projects/code/sketch-learner-no-symmetries/learning/benchmarks/blocks_4_on/instances/p-5-28.pddl /proj/ssiw/users/x_domdr/projects/code/sketch-learner-no-symmetries/learning/benchmarks/blocks_4_on/instances/p-5-28.pddl
2024-08-08 19:42:54,583 - Created InstanceData with num concrete states: 866 and num abstract states: 866
/proj/ssiw/users/x_domdr/projects/code/sketch-learner-no-symmetries/learning/benchmarks/blocks_4_on/instances/p-5-12.pddl /proj/ssiw/users/x_domdr/projects/code/sketch-learner-no-symmetries/learning/benchmarks/blocks_4_on/instances/p-5-12.pddl
2024-08-08 19:42:54,597 - Created InstanceData with num concrete states: 866 and num abstract states: 866
/proj/ssiw/users/x_domdr/projects/code/sketch-learner-no-symmetries/learning/benchmarks/blocks_4_on/instances/p-5-22.pddl /proj/ssiw/users/x_domdr/projects/code/sketch-learner-no-symmetries/learning/benchmarks/blocks_4_on/instances/p-5-22.pddl
2024-08-08 19:42:54,611 - Created InstanceData with num concrete states: 866 and num abstract states: 866
/proj/ssiw/users/x_domdr/projects/code/sketch-learner-no-symmetries/learning/benchmarks/blocks_4_on/instances/p-5-13.pddl /proj/ssiw/users/x_domdr/projects/code/sketch-learner-no-symmetries/learning/benchmarks/blocks_4_on/instances/p-5-13.pddl
2024-08-08 19:42:54,624 - Created InstanceData with num concrete states: 866 and num abstract states: 866
/proj/ssiw/users/x_domdr/projects/code/sketch-learner-no-symmetries/learning/benchmarks/blocks_4_on/instances/p-5-15.pddl /proj/ssiw/users/x_domdr/projects/code/sketch-learner-no-symmetries/learning/benchmarks/blocks_4_on/instances/p-5-15.pddl
2024-08-08 19:42:54,638 - Created InstanceData with num concrete states: 866 and num abstract states: 866
/proj/ssiw/users/x_domdr/projects/code/sketch-learner-no-symmetries/learning/benchmarks/blocks_4_on/instances/p-5-19.pddl /proj/ssiw/users/x_domdr/projects/code/sketch-learner-no-symmetries/learning/benchmarks/blocks_4_on/instances/p-5-19.pddl
2024-08-08 19:42:54,652 - Created InstanceData with num concrete states: 866 and num abstract states: 866
/proj/ssiw/users/x_domdr/projects/code/sketch-learner-no-symmetries/learning/benchmarks/blocks_4_on/instances/p-5-20.pddl /proj/ssiw/users/x_domdr/projects/code/sketch-learner-no-symmetries/learning/benchmarks/blocks_4_on/instances/p-5-20.pddl
2024-08-08 19:42:54,666 - Created InstanceData with num concrete states: 866 and num abstract states: 866
/proj/ssiw/users/x_domdr/projects/code/sketch-learner-no-symmetries/learning/benchmarks/blocks_4_on/instances/p-5-1.pddl /proj/ssiw/users/x_domdr/projects/code/sketch-learner-no-symmetries/learning/benchmarks/blocks_4_on/instances/p-5-1.pddl
2024-08-08 19:42:54,680 - Created InstanceData with num concrete states: 866 and num abstract states: 866
/proj/ssiw/users/x_domdr/projects/code/sketch-learner-no-symmetries/learning/benchmarks/blocks_4_on/instances/p-5-24.pddl /proj/ssiw/users/x_domdr/projects/code/sketch-learner-no-symmetries/learning/benchmarks/blocks_4_on/instances/p-5-24.pddl
2024-08-08 19:42:54,694 - Created InstanceData with num concrete states: 866 and num abstract states: 866
/proj/ssiw/users/x_domdr/projects/code/sketch-learner-no-symmetries/learning/benchmarks/blocks_4_on/instances/p-5-0.pddl /proj/ssiw/users/x_domdr/projects/code/sketch-learner-no-symmetries/learning/benchmarks/blocks_4_on/instances/p-5-0.pddl
2024-08-08 19:42:54,707 - Created InstanceData with num concrete states: 866 and num abstract states: 866
/proj/ssiw/users/x_domdr/projects/code/sketch-learner-no-symmetries/learning/benchmarks/blocks_4_on/instances/p-5-18.pddl /proj/ssiw/users/x_domdr/projects/code/sketch-learner-no-symmetries/learning/benchmarks/blocks_4_on/instances/p-5-18.pddl
2024-08-08 19:42:54,721 - Created InstanceData with num concrete states: 866 and num abstract states: 866
/proj/ssiw/users/x_domdr/projects/code/sketch-learner-no-symmetries/learning/benchmarks/blocks_4_on/instances/p-5-6.pddl /proj/ssiw/users/x_domdr/projects/code/sketch-learner-no-symmetries/learning/benchmarks/blocks_4_on/instances/p-5-6.pddl
2024-08-08 19:42:54,735 - Created InstanceData with num concrete states: 866 and num abstract states: 866
/proj/ssiw/users/x_domdr/projects/code/sketch-learner-no-symmetries/learning/benchmarks/blocks_4_on/instances/p-5-5.pddl /proj/ssiw/users/x_domdr/projects/code/sketch-learner-no-symmetries/learning/benchmarks/blocks_4_on/instances/p-5-5.pddl
2024-08-08 19:42:54,749 - Created InstanceData with num concrete states: 866 and num abstract states: 866
/proj/ssiw/users/x_domdr/projects/code/sketch-learner-no-symmetries/learning/benchmarks/blocks_4_on/instances/p-5-27.pddl /proj/ssiw/users/x_domdr/projects/code/sketch-learner-no-symmetries/learning/benchmarks/blocks_4_on/instances/p-5-27.pddl
2024-08-08 19:42:54,763 - Created InstanceData with num concrete states: 866 and num abstract states: 866
/proj/ssiw/users/x_domdr/projects/code/sketch-learner-no-symmetries/learning/benchmarks/blocks_4_on/instances/p-5-17.pddl /proj/ssiw/users/x_domdr/projects/code/sketch-learner-no-symmetries/learning/benchmarks/blocks_4_on/instances/p-5-17.pddl
2024-08-08 19:42:54,777 - Created InstanceData with num concrete states: 866 and num abstract states: 866
/proj/ssiw/users/x_domdr/projects/code/sketch-learner-no-symmetries/learning/benchmarks/blocks_4_on/instances/p-5-23.pddl /proj/ssiw/users/x_domdr/projects/code/sketch-learner-no-symmetries/learning/benchmarks/blocks_4_on/instances/p-5-23.pddl
2024-08-08 19:42:54,790 - Created InstanceData with num concrete states: 866 and num abstract states: 866
/proj/ssiw/users/x_domdr/projects/code/sketch-learner-no-symmetries/learning/benchmarks/blocks_4_on/instances/p-5-4.pddl /proj/ssiw/users/x_domdr/projects/code/sketch-learner-no-symmetries/learning/benchmarks/blocks_4_on/instances/p-5-4.pddl
2024-08-08 19:42:54,805 - Created InstanceData with num concrete states: 866 and num abstract states: 866
/proj/ssiw/users/x_domdr/projects/code/sketch-learner-no-symmetries/learning/benchmarks/blocks_4_on/instances/p-5-2.pddl /proj/ssiw/users/x_domdr/projects/code/sketch-learner-no-symmetries/learning/benchmarks/blocks_4_on/instances/p-5-2.pddl
2024-08-08 19:42:54,819 - Created InstanceData with num concrete states: 866 and num abstract states: 866
/proj/ssiw/users/x_domdr/projects/code/sketch-learner-no-symmetries/learning/benchmarks/blocks_4_on/instances/p-5-3.pddl /proj/ssiw/users/x_domdr/projects/code/sketch-learner-no-symmetries/learning/benchmarks/blocks_4_on/instances/p-5-3.pddl
2024-08-08 19:42:54,833 - Created InstanceData with num concrete states: 866 and num abstract states: 866
/proj/ssiw/users/x_domdr/projects/code/sketch-learner-no-symmetries/learning/benchmarks/blocks_4_on/instances/p-5-7.pddl /proj/ssiw/users/x_domdr/projects/code/sketch-learner-no-symmetries/learning/benchmarks/blocks_4_on/instances/p-5-7.pddl
2024-08-08 19:42:54,847 - Created InstanceData with num concrete states: 866 and num abstract states: 866
/proj/ssiw/users/x_domdr/projects/code/sketch-learner-no-symmetries/learning/benchmarks/blocks_4_on/instances/p-5-9.pddl /proj/ssiw/users/x_domdr/projects/code/sketch-learner-no-symmetries/learning/benchmarks/blocks_4_on/instances/p-5-9.pddl
2024-08-08 19:42:54,860 - Created InstanceData with num concrete states: 866 and num abstract states: 866
/proj/ssiw/users/x_domdr/projects/code/sketch-learner-no-symmetries/learning/benchmarks/blocks_4_on/instances/p-5-26.pddl /proj/ssiw/users/x_domdr/projects/code/sketch-learner-no-symmetries/learning/benchmarks/blocks_4_on/instances/p-5-26.pddl
2024-08-08 19:42:54,874 - Created InstanceData with num concrete states: 866 and num abstract states: 866
2024-08-08 19:42:54,874 - ..done
2024-08-08 19:42:54,874 - Initializing TupleGraphs...
2024-08-08 19:42:55,331 - ..done
2024-08-08 19:42:55,332 - Iteration: 0
     id: 0 problem_filepath: /proj/ssiw/users/x_domdr/projects/code/sketch-learner-no-symmetries/learning/benchmarks/blocks_4_on/instances/p-2-17.pddl num_states: 5
2024-08-08 19:42:55,333 - Initializing DomainFeatureData...
[t=2.08312s, 2500308 KB] Started generating base features of complexity 1.
[t=2.08347s, 2500308 KB] Complexity 1:
    b_nullary: 2
    c_one_of: 2
    c_top: 1
    c_bot: 1
    c_primitive: 3
    r_primitive: 2
    c_and: 0
    c_not: 0
    c_equal: 0
    c_some: 0
    c_all: 0
    r_restrict: 0
    r_and: 0
    r_inverse: 0
    r_transitive_closure: 0
    b_empty: 0
    n_count: 0
    n_concept_distance: 0
[t=2.08382s, 2500308 KB] Finished generating base features.
[t=2.08386s, 2500308 KB] Started generating composite features. 
[t=2.08409s, 2500308 KB] Complexity 2:
Total concept elements: 10
Total role elements: 4
Total numerical elements: 6
Total boolean elements: 4
    b_nullary: 2
    c_one_of: 2
    c_top: 1
    c_bot: 1
    c_primitive: 3
    r_primitive: 2
    c_and: 0
    c_not: 3
    c_equal: 0
    c_some: 0
    c_all: 0
    r_restrict: 0
    r_and: 0
    r_inverse: 2
    r_transitive_closure: 0
    b_empty: 2
    n_count: 6
    n_concept_distance: 0
[t=2.08471s, 2500308 KB] Complexity 3:
Total concept elements: 30
Total role elements: 10
Total numerical elements: 8
Total boolean elements: 5
    b_nullary: 2
    c_one_of: 2
    c_top: 1
    c_bot: 1
    c_primitive: 3
    r_primitive: 2
    c_and: 7
    c_not: 3
    c_equal: 1
    c_some: 6
    c_all: 6
    r_restrict: 6
    r_and: 0
    r_inverse: 2
    r_transitive_closure: 0
    b_empty: 3
    n_count: 8
    n_concept_distance: 0
[t=2.08532s, 2500308 KB] Complexity 4:
Total concept elements: 62
Total role elements: 15
Total numerical elements: 37
Total boolean elements: 15
    b_nullary: 2
    c_one_of: 2
    c_top: 1
    c_bot: 1
    c_primitive: 3
    r_primitive: 2
    c_and: 14
    c_not: 17
    c_equal: 1
    c_some: 11
    c_all: 12
    r_restrict: 6
    r_and: 0
    r_inverse: 7
    r_transitive_closure: 0
    b_empty: 13
    n_count: 24
    n_concept_distance: 13
[t=2.08645s, 2500308 KB] Complexity 5:
Total concept elements: 94
Total role elements: 15
Total numerical elements: 61
Total boolean elements: 22
    b_nullary: 2
    c_one_of: 2
    c_top: 1
    c_bot: 1
    c_primitive: 3
    r_primitive: 2
    c_and: 30
    c_not: 29
    c_equal: 1
    c_some: 13
    c_all: 14
    r_restrict: 6
    r_and: 0
    r_inverse: 7
    r_transitive_closure: 0
    b_empty: 20
    n_count: 39
    n_concept_distance: 22
[t=2.08837s, 2500308 KB] Complexity 6:
Total concept elements: 148
Total role elements: 15
Total numerical elements: 91
Total boolean elements: 27
    b_nullary: 2
    c_one_of: 2
    c_top: 1
    c_bot: 1
    c_primitive: 3
    r_primitive: 2
    c_and: 61
    c_not: 47
    c_equal: 1
    c_some: 14
    c_all: 18
    r_restrict: 6
    r_and: 0
    r_inverse: 7
    r_transitive_closure: 0
    b_empty: 25
    n_count: 53
    n_concept_distance: 38
[t=2.09132s, 2500308 KB] Complexity 7:
Total concept elements: 202
Total role elements: 15
Total numerical elements: 133
Total boolean elements: 31
    b_nullary: 2
    c_one_of: 2
    c_top: 1
    c_bot: 1
    c_primitive: 3
    r_primitive: 2
    c_and: 90
    c_not: 72
    c_equal: 1
    c_some: 14
    c_all: 18
    r_restrict: 6
    r_and: 0
    r_inverse: 7
    r_transitive_closure: 0
    b_empty: 29
    n_count: 77
    n_concept_distance: 56
[t=2.09666s, 2500308 KB] Complexity 8:
Total concept elements: 291
Total role elements: 15
Total numerical elements: 178
Total boolean elements: 32
    b_nullary: 2
    c_one_of: 2
    c_top: 1
    c_bot: 1
    c_primitive: 3
    r_primitive: 2
    c_and: 157
    c_not: 90
    c_equal: 1
    c_some: 14
    c_all: 22
    r_restrict: 6
    r_and: 0
    r_inverse: 7
    r_transitive_closure: 0
    b_empty: 30
    n_count: 98
    n_concept_distance: 80
[t=2.1046s, 2500308 KB] Complexity 9:
Total concept elements: 414
Total role elements: 15
Total numerical elements: 245
Total boolean elements: 32
    b_nullary: 2
    c_one_of: 2
    c_top: 1
    c_bot: 1
    c_primitive: 3
    r_primitive: 2
    c_and: 243
    c_not: 126
    c_equal: 1
    c_some: 14
    c_all: 23
    r_restrict: 6
    r_and: 0
    r_inverse: 7
    r_transitive_closure: 0
    b_empty: 30
    n_count: 135
    n_concept_distance: 110
[t=2.10495s, 2500308 KB] Finished generating composite features.
Features generated: 277
Features after 0/1 pruning (incomplete): 221
Features after soft changes pruning (incomplete): 221
Features after relevant changes pruning (complete): 64
2024-08-08 19:42:55,403 - ..done
2024-08-08 19:42:55,403 - Constructing PerStateFeatureValuations...
2024-08-08 19:42:55,403 - ..done
2024-08-08 19:42:55,403 - Constructing StatePairEquivalenceDatas...
2024-08-08 19:42:55,409 - ..done
2024-08-08 19:42:55,409 - Constructing TupleGraphEquivalences...
Tuple graph equivalence construction statistics:
Num nodes: 13
2024-08-08 19:42:55,410 - ..done
2024-08-08 19:42:55,410 - Minimizing TupleGraphEquivalences...
2024-08-08 19:42:55,410 - ..done
Number of initial D2 facts: 11
Number of D2 facts: 11 of 169
2024-08-08 19:42:55,425 - Grounding Logic Program...
2024-08-08 19:42:55,438 - ..done
2024-08-08 19:42:55,438 - Solving Logic Program...
2024-08-08 19:42:55,442 - ..done
Clingo statistics:
{'call': 0.0, 'result': 1.0, 'signal': 0.0, 'exhausted': 1.0, 'costs': [3.0], 'lower': [3.0], 'concurrency': 32.0, 'winner': 13.0, 'times': {'total': 0.0312349796295166, 'cpu': 0.038985999999999965, 'solve': 0.0026960372924804688, 'unsat': 0.0005831718444824219, 'sat': 0.001867055892944336}, 'models': {'enumerated': 4.0, 'optimal': 1.0}}
Solution cost: [3.0]
Total time: 0.0312349796295166
CPU time: 0.038985999999999965
Solve time: 0.0026960372924804688
2024-08-08 19:42:55,451 - Learned the following sketch:
(:policy
(:booleans )
(:numericals (f5 "n_count(r_primitive(on,0,1))"))
(:rule (:conditions (:c_n_eq f5)) (:effects (:e_n_bot f5)))
(:rule (:conditions (:c_n_eq f5)) (:effects (:e_n_inc f5)))
(:rule (:conditions (:c_n_gt f5)) (:effects (:e_n_dec f5)))
)
Numer of sketch rules: 3
Number of selected features: 1
Maximum complexity of selected feature: 2
Sketch cycles
Instance: 0
1
4
1
Number of unsatisfied D2 facts: 12
Number of D2 facts: 23 of 169
2024-08-08 19:42:55,494 - Grounding Logic Program...
2024-08-08 19:42:55,506 - ..done
2024-08-08 19:42:55,506 - Solving Logic Program...
2024-08-08 19:42:55,509 - ..done
Clingo statistics:
{'call': 0.0, 'result': 1.0, 'signal': 0.0, 'exhausted': 1.0, 'costs': [9.0], 'lower': [9.0], 'concurrency': 32.0, 'winner': 12.0, 'times': {'total': 0.05735898017883301, 'cpu': 0.06496100000000005, 'solve': 0.0023391246795654297, 'unsat': 0.0006420612335205078, 'sat': 0.0013241767883300781}, 'models': {'enumerated': 4.0, 'optimal': 1.0}}
Solution cost: [9.0]
Total time: 0.05735898017883301
CPU time: 0.06496100000000005
Solve time: 0.0023391246795654297
2024-08-08 19:42:55,517 - Learned the following sketch:
(:policy
(:booleans )
(:numericals (f19 "n_count(c_not(c_primitive(on-table,0)))") (f28 "n_concept_distance(c_one_of(b2),r_primitive(on,0,1),c_primitive(clear,0))"))
(:rule (:conditions (:c_n_eq f19) (:c_n_eq f28)) (:effects (:e_n_inc f19) (:e_n_bot f28)))
(:rule (:conditions (:c_n_gt f19) (:c_n_gt f28)) (:effects (:e_n_dec f19) (:e_n_dec f28)))
(:rule (:conditions (:c_n_gt f19) (:c_n_eq f28)) (:effects (:e_n_bot f19) (:e_n_inc f28)))
)
Numer of sketch rules: 3
Number of selected features: 2
Maximum complexity of selected feature: 4
2024-08-08 19:42:55,518 - Verifying learned sketch...
Sketch fails to bound width of a state
/proj/ssiw/users/x_domdr/projects/code/sketch-learner-no-symmetries/learning/benchmarks/blocks_4_on/instances/p-3-19.pddl
Instance: 30
Source_state: 21
Dlplan state: (instance index=30, state index=21, atoms={clear(b3), on(b2,b1), on-table(b1), arm-empty(), on(b3,b2)})
2024-08-08 19:42:55,528 - ..done
Smallest unsolved instance: 30
Selected instances: [30]
2024-08-08 19:42:55,528 - Iteration: 1
     id: 30 problem_filepath: /proj/ssiw/users/x_domdr/projects/code/sketch-learner-no-symmetries/learning/benchmarks/blocks_4_on/instances/p-3-19.pddl num_states: 22
2024-08-08 19:42:55,530 - Initializing DomainFeatureData...
[t=2.28028s, 2500308 KB] Started generating base features of complexity 1.
[t=2.28042s, 2500308 KB] Complexity 1:
    b_nullary: 2
    c_one_of: 2
    c_top: 1
    c_bot: 1
    c_primitive: 3
    r_primitive: 2
    c_and: 0
    c_not: 0
    c_equal: 0
    c_some: 0
    c_all: 0
    r_restrict: 0
    r_and: 0
    r_inverse: 0
    r_transitive_closure: 0
    b_empty: 0
    n_count: 0
    n_concept_distance: 0
[t=2.28075s, 2500308 KB] Finished generating base features.
[t=2.28079s, 2500308 KB] Started generating composite features. 
[t=2.28091s, 2500308 KB] Complexity 2:
Total concept elements: 12
Total role elements: 5
Total numerical elements: 6
Total boolean elements: 4
    b_nullary: 2
    c_one_of: 2
    c_top: 1
    c_bot: 1
    c_primitive: 3
    r_primitive: 2
    c_and: 0
    c_not: 5
    c_equal: 0
    c_some: 0
    c_all: 0
    r_restrict: 0
    r_and: 0
    r_inverse: 2
    r_transitive_closure: 1
    b_empty: 2
    n_count: 6
    n_concept_distance: 0
[t=2.28162s, 2500308 KB] Complexity 3:
Total concept elements: 34
Total role elements: 14
Total numerical elements: 10
Total boolean elements: 5
    b_nullary: 2
    c_one_of: 2
    c_top: 1
    c_bot: 1
    c_primitive: 3
    r_primitive: 2
    c_and: 7
    c_not: 5
    c_equal: 1
    c_some: 7
    c_all: 7
    r_restrict: 7
    r_and: 1
    r_inverse: 3
    r_transitive_closure: 1
    b_empty: 3
    n_count: 10
    n_concept_distance: 0
[t=2.28264s, 2500308 KB] Complexity 4:
Total concept elements: 86
Total role elements: 21
Total numerical elements: 42
Total boolean elements: 16
    b_nullary: 2
    c_one_of: 2
    c_top: 1
    c_bot: 1
    c_primitive: 3
    r_primitive: 2
    c_and: 21
    c_not: 25
    c_equal: 1
    c_some: 16
    c_all: 16
    r_restrict: 7
    r_and: 1
    r_inverse: 10
    r_transitive_closure: 1
    b_empty: 14
    n_count: 29
    n_concept_distance: 13
[t=2.28518s, 2500308 KB] Complexity 5:
Total concept elements: 212
Total role elements: 21
Total numerical elements: 90
Total boolean elements: 34
    b_nullary: 2
    c_one_of: 2
    c_top: 1
    c_bot: 1
    c_primitive: 3
    r_primitive: 2
    c_and: 66
    c_not: 55
    c_equal: 1
    c_some: 39
    c_all: 44
    r_restrict: 7
    r_and: 1
    r_inverse: 10
    r_transitive_closure: 1
    b_empty: 32
    n_count: 66
    n_concept_distance: 24
[t=2.29108s, 2500308 KB] Complexity 6:
Total concept elements: 532
Total role elements: 21
Total numerical elements: 235
Total boolean elements: 85
    b_nullary: 2
    c_one_of: 2
    c_top: 1
    c_bot: 1
    c_primitive: 3
    r_primitive: 2
    c_and: 199
    c_not: 145
    c_equal: 1
    c_some: 74
    c_all: 106
    r_restrict: 7
    r_and: 1
    r_inverse: 10
    r_transitive_closure: 1
    b_empty: 83
    n_count: 164
    n_concept_distance: 71
[t=2.30681s, 2500308 KB] Complexity 7:
Total concept elements: 1202
Total role elements: 21
Total numerical elements: 551
Total boolean elements: 180
    b_nullary: 2
    c_one_of: 2
    c_top: 1
    c_bot: 1
    c_primitive: 3
    r_primitive: 2
    c_and: 497
    c_not: 328
    c_equal: 1
    c_some: 158
    c_all: 211
    r_restrict: 7
    r_and: 1
    r_inverse: 10
    r_transitive_closure: 1
    b_empty: 178
    n_count: 398
    n_concept_distance: 153
[t=2.34814s, 2500308 KB] Complexity 8:
Total concept elements: 2712
Total role elements: 21
Total numerical elements: 1200
Total boolean elements: 351
    b_nullary: 2
    c_one_of: 2
    c_top: 1
    c_bot: 1
    c_primitive: 3
    r_primitive: 2
    c_and: 1269
    c_not: 750
    c_equal: 1
    c_some: 282
    c_all: 403
    r_restrict: 7
    r_and: 1
    r_inverse: 10
    r_transitive_closure: 1
    b_empty: 349
    n_count: 870
    n_concept_distance: 330
[t=2.45408s, 2500308 KB] Complexity 9:
Total concept elements: 5797
Total role elements: 21
Total numerical elements: 2629
Total boolean elements: 676
    b_nullary: 2
    c_one_of: 2
    c_top: 1
    c_bot: 1
    c_primitive: 3
    r_primitive: 2
    c_and: 2990
    c_not: 1571
    c_equal: 1
    c_some: 499
    c_all: 729
    r_restrict: 7
    r_and: 1
    r_inverse: 10
    r_transitive_closure: 1
    b_empty: 674
    n_count: 1937
    n_concept_distance: 692
[t=2.45443s, 2500308 KB] Finished generating composite features.
Features generated: 3305
Features after 0/1 pruning (incomplete): 2382
Features after soft changes pruning (incomplete): 2305
Features after relevant changes pruning (complete): 1685
2024-08-08 19:42:57,876 - ..done
2024-08-08 19:42:57,877 - Constructing PerStateFeatureValuations...
2024-08-08 19:42:57,905 - ..done
2024-08-08 19:42:57,905 - Constructing StatePairEquivalenceDatas...
2024-08-08 19:42:58,769 - ..done
2024-08-08 19:42:58,769 - Constructing TupleGraphEquivalences...
Tuple graph equivalence construction statistics:
Num nodes: 64
2024-08-08 19:42:58,771 - ..done
2024-08-08 19:42:58,771 - Minimizing TupleGraphEquivalences...
2024-08-08 19:42:58,771 - ..done
Number of initial D2 facts: 66
Number of D2 facts: 66 of 4096
2024-08-08 19:43:00,590 - Grounding Logic Program...
2024-08-08 19:43:01,966 - ..done
2024-08-08 19:43:01,991 - Solving Logic Program...
2024-08-08 19:43:02,088 - ..done
Clingo statistics:
{'call': 0.0, 'result': 1.0, 'signal': 0.0, 'exhausted': 1.0, 'costs': [9.0], 'lower': [9.0], 'concurrency': 32.0, 'winner': 5.0, 'times': {'total': 3.3101248741149902, 'cpu': 3.4165019999999995, 'solve': 0.029762983322143555, 'unsat': 0.013104915618896484, 'sat': 0.012005090713500977}, 'models': {'enumerated': 25.0, 'optimal': 1.0}}
Solution cost: [9.0]
Total time: 3.3101248741149902
CPU time: 3.4165019999999995
Solve time: 0.029762983322143555
2024-08-08 19:43:02,863 - Learned the following sketch:
(:policy
(:booleans )
(:numericals (f244 "n_count(c_and(c_primitive(holding,0),c_not(c_one_of(b1))))") (f147 "n_count(r_primitive(on,0,1))"))
(:rule (:conditions (:c_n_eq f244) (:c_n_gt f147)) (:effects (:e_n_inc f244) (:e_n_dec f147)))
(:rule (:conditions (:c_n_gt f244) (:c_n_gt f147)) (:effects (:e_n_dec f244) (:e_n_bot f147)))
(:rule (:conditions (:c_n_gt f244) (:c_n_eq f147)) (:effects (:e_n_dec f244) (:e_n_bot f147)))
(:rule (:conditions (:c_n_eq f244) (:c_n_eq f147)) (:effects (:e_n_bot f244) (:e_n_bot f147)))
(:rule (:conditions (:c_n_eq f244) (:c_n_gt f147)) (:effects (:e_n_bot f244) (:e_n_inc f147)))
(:rule (:conditions (:c_n_eq f244) (:c_n_gt f147)) (:effects (:e_n_bot f244) (:e_n_bot f147)))
(:rule (:conditions (:c_n_eq f244) (:c_n_eq f147)) (:effects (:e_n_bot f244) (:e_n_inc f147)))
(:rule (:conditions (:c_n_eq f244) (:c_n_gt f147)) (:effects (:e_n_bot f244) (:e_n_dec f147)))
)
Numer of sketch rules: 8
Number of selected features: 2
Maximum complexity of selected feature: 5
Sketch cycles
Instance: 30
21
21
Number of unsatisfied D2 facts: 51
Number of D2 facts: 117 of 4096
2024-08-08 19:43:08,032 - Grounding Logic Program...
2024-08-08 19:43:09,415 - ..done
2024-08-08 19:43:09,416 - Solving Logic Program...
2024-08-08 19:43:09,524 - ..done
Clingo statistics:
{'call': 0.0, 'result': 1.0, 'signal': 0.0, 'exhausted': 1.0, 'costs': [9.0], 'lower': [9.0], 'concurrency': 32.0, 'winner': 3.0, 'times': {'total': 6.652238130569458, 'cpu': 6.804143, 'solve': 0.03365015983581543, 'unsat': 0.02293705940246582, 'sat': 0.00437617301940918}, 'models': {'enumerated': 21.0, 'optimal': 1.0}}
Solution cost: [9.0]
Total time: 6.652238130569458
CPU time: 6.804143
Solve time: 0.03365015983581543
2024-08-08 19:43:10,314 - Learned the following sketch:
(:policy
(:booleans )
(:numericals (f1324 "n_count(c_and(c_primitive(clear,0),c_not(c_one_of(b2))))") (f147 "n_count(r_primitive(on,0,1))"))
(:rule (:conditions (:c_n_gt f1324) (:c_n_gt f147)) (:effects (:e_n_inc f1324) (:e_n_dec f147)))
(:rule (:conditions (:c_n_eq f1324) (:c_n_gt f147)) (:effects (:e_n_inc f1324) (:e_n_bot f147)))
(:rule (:conditions (:c_n_gt f1324) (:c_n_eq f147)) (:effects (:e_n_dec f1324) (:e_n_inc f147)))
(:rule (:conditions (:c_n_gt f1324) (:c_n_eq f147)) (:effects (:e_n_bot f1324) (:e_n_bot f147)))
(:rule (:conditions (:c_n_gt f1324) (:c_n_gt f147)) (:effects (:e_n_dec f1324) (:e_n_bot f147)))
(:rule (:conditions (:c_n_eq f1324) (:c_n_gt f147)) (:effects (:e_n_inc f1324) (:e_n_inc f147)))
(:rule (:conditions (:c_n_gt f1324) (:c_n_eq f147)) (:effects (:e_n_inc f1324) (:e_n_bot f147)))
(:rule (:conditions (:c_n_gt f1324) (:c_n_eq f147)) (:effects (:e_n_inc f1324) (:e_n_inc f147)))
(:rule (:conditions (:c_n_gt f1324) (:c_n_gt f147)) (:effects (:e_n_bot f1324) (:e_n_dec f147)))
(:rule (:conditions (:c_n_gt f1324) (:c_n_gt f147)) (:effects (:e_n_bot f1324) (:e_n_bot f147)))
(:rule (:conditions (:c_n_eq f1324) (:c_n_gt f147)) (:effects (:e_n_inc f1324) (:e_n_dec f147)))
(:rule (:conditions (:c_n_gt f1324) (:c_n_gt f147)) (:effects (:e_n_dec f1324) (:e_n_dec f147)))
(:rule (:conditions (:c_n_gt f1324) (:c_n_gt f147)) (:effects (:e_n_inc f1324) (:e_n_bot f147)))
)
Numer of sketch rules: 13
Number of selected features: 2
Maximum complexity of selected feature: 5
Sketch cycles
Instance: 30
21
21
Number of unsatisfied D2 facts: 51
Number of D2 facts: 168 of 4096
2024-08-08 19:43:15,434 - Grounding Logic Program...
2024-08-08 19:43:16,919 - ..done
2024-08-08 19:43:16,920 - Solving Logic Program...
2024-08-08 19:43:17,196 - ..done
Clingo statistics:
{'call': 0.0, 'result': 1.0, 'signal': 0.0, 'exhausted': 1.0, 'costs': [13.0], 'lower': [13.0], 'concurrency': 32.0, 'winner': 5.0, 'times': {'total': 6.874195098876953, 'cpu': 7.526909, 'solve': 0.19554710388183594, 'unsat': 0.1779310703277588, 'sat': 0.0055811405181884766}, 'models': {'enumerated': 24.0, 'optimal': 1.0}}
Solution cost: [13.0]
Total time: 6.874195098876953
CPU time: 7.526909
Solve time: 0.19554710388183594
2024-08-08 19:43:17,975 - Learned the following sketch:
(:policy
(:booleans )
(:numericals (f1324 "n_count(c_and(c_primitive(clear,0),c_not(c_one_of(b2))))") (f974 "n_count(c_and(c_primitive(clear,0),c_equal(r_primitive(on,0,1),r_primitive(on_g,0,1))))"))
(:rule (:conditions (:c_n_gt f1324) (:c_n_gt f974)) (:effects (:e_n_inc f1324) (:e_n_bot f974)))
(:rule (:conditions (:c_n_eq f1324) (:c_n_eq f974)) (:effects (:e_n_inc f1324) (:e_n_inc f974)))
(:rule (:conditions (:c_n_gt f1324) (:c_n_gt f974)) (:effects (:e_n_bot f1324) (:e_n_inc f974)))
(:rule (:conditions (:c_n_gt f1324) (:c_n_gt f974)) (:effects (:e_n_dec f1324) (:e_n_bot f974)))
(:rule (:conditions (:c_n_gt f1324) (:c_n_eq f974)) (:effects (:e_n_inc f1324) (:e_n_inc f974)))
(:rule (:conditions (:c_n_eq f1324) (:c_n_eq f974)) (:effects (:e_n_inc f1324) (:e_n_bot f974)))
(:rule (:conditions (:c_n_gt f1324) (:c_n_gt f974)) (:effects (:e_n_inc f1324) (:e_n_inc f974)))
(:rule (:conditions (:c_n_gt f1324) (:c_n_eq f974)) (:effects (:e_n_bot f1324) (:e_n_inc f974)))
(:rule (:conditions (:c_n_gt f1324) (:c_n_eq f974)) (:effects (:e_n_dec f1324) (:e_n_inc f974)))
(:rule (:conditions (:c_n_gt f1324) (:c_n_gt f974)) (:effects (:e_n_bot f1324) (:e_n_bot f974)))
(:rule (:conditions (:c_n_gt f1324) (:c_n_eq f974)) (:effects (:e_n_inc f1324) (:e_n_bot f974)))
(:rule (:conditions (:c_n_gt f1324) (:c_n_eq f974)) (:effects (:e_n_bot f1324) (:e_n_bot f974)))
(:rule (:conditions (:c_n_gt f1324) (:c_n_eq f974)) (:effects (:e_n_dec f1324) (:e_n_bot f974)))
)
Numer of sketch rules: 13
Number of selected features: 2
Maximum complexity of selected feature: 6
Sketch cycles
Instance: 30
21
21
Number of unsatisfied D2 facts: 35
Number of D2 facts: 203 of 4096
2024-08-08 19:43:23,222 - Grounding Logic Program...
2024-08-08 19:43:24,786 - ..done
2024-08-08 19:43:24,787 - Solving Logic Program...
2024-08-08 19:43:25,105 - ..done
Clingo statistics:
{'call': 0.0, 'result': 1.0, 'signal': 0.0, 'exhausted': 1.0, 'costs': [13.0], 'lower': [13.0], 'concurrency': 32.0, 'winner': 13.0, 'times': {'total': 7.122696876525879, 'cpu': 8.275194000000003, 'solve': 0.23389077186584473, 'unsat': 0.21420979499816895, 'sat': 0.0064849853515625}, 'models': {'enumerated': 33.0, 'optimal': 1.0}}
Solution cost: [13.0]
Total time: 7.122696876525879
CPU time: 8.275194000000003
Solve time: 0.23389077186584473
2024-08-08 19:43:25,909 - Learned the following sketch:
(:policy
(:booleans )
(:numericals (f755 "n_count(c_primitive(holding,0))") (f147 "n_count(r_primitive(on,0,1))") (f242 "n_concept_distance(c_one_of(b1),r_primitive(on_g,0,1),c_and(c_primitive(on-table,0),c_primitive(clear,0)))"))
(:rule (:conditions (:c_n_eq f755) (:c_n_gt f147) (:c_n_gt f242)) (:effects (:e_n_inc f755) (:e_n_dec f147) (:e_n_dec f242)))
(:rule (:conditions (:c_n_gt f755) (:c_n_gt f147) (:c_n_gt f242)) (:effects (:e_n_dec f755) (:e_n_bot f147) (:e_n_bot f242)))
(:rule (:conditions (:c_n_gt f755) (:c_n_eq f147) (:c_n_eq f242)) (:effects (:e_n_dec f755) (:e_n_bot f147) (:e_n_bot f242)))
(:rule (:conditions (:c_n_eq f755) (:c_n_eq f147) (:c_n_eq f242)) (:effects (:e_n_inc f755) (:e_n_bot f147) (:e_n_inc f242)))
(:rule (:conditions (:c_n_eq f755) (:c_n_gt f147) (:c_n_eq f242)) (:effects (:e_n_inc f755) (:e_n_dec f147) (:e_n_bot f242)))
(:rule (:conditions (:c_n_gt f755) (:c_n_gt f147) (:c_n_gt f242)) (:effects (:e_n_dec f755) (:e_n_bot f147) (:e_n_dec f242)))
(:rule (:conditions (:c_n_eq f755) (:c_n_gt f147) (:c_n_gt f242)) (:effects (:e_n_inc f755) (:e_n_dec f147) (:e_n_bot f242)))
(:rule (:conditions (:c_n_gt f755) (:c_n_eq f147) (:c_n_gt f242)) (:effects (:e_n_dec f755) (:e_n_inc f147) (:e_n_inc f242)))
)
Numer of sketch rules: 8
Number of selected features: 3
Maximum complexity of selected feature: 6
2024-08-08 19:43:25,910 - Verifying learned sketch...
Sketch fails to bound width of a state
/proj/ssiw/users/x_domdr/projects/code/sketch-learner-no-symmetries/learning/benchmarks/blocks_4_on/instances/p-4-4.pddl
Instance: 60
Source_state: 59
Dlplan state: (instance index=60, state index=59, atoms={clear(b1), on-table(b2), on-table(b1), holding(b3), clear(b4), on(b4,b2)})
2024-08-08 19:43:25,969 - ..done
Smallest unsolved instance: 60
Selected instances: [60]
2024-08-08 19:43:25,969 - Iteration: 2
     id: 60 problem_filepath: /proj/ssiw/users/x_domdr/projects/code/sketch-learner-no-symmetries/learning/benchmarks/blocks_4_on/instances/p-4-4.pddl num_states: 125
2024-08-08 19:43:25,971 - Initializing DomainFeatureData...
[t=32.7209s, 2950872 KB] Started generating base features of complexity 1.
[t=32.7213s, 2950872 KB] Complexity 1:
    b_nullary: 2
    c_one_of: 2
    c_top: 1
    c_bot: 1
    c_primitive: 3
    r_primitive: 2
    c_and: 0
    c_not: 0
    c_equal: 0
    c_some: 0
    c_all: 0
    r_restrict: 0
    r_and: 0
    r_inverse: 0
    r_transitive_closure: 0
    b_empty: 0
    n_count: 0
    n_concept_distance: 0
[t=32.7216s, 2950872 KB] Finished generating base features.
[t=32.7216s, 2950872 KB] Started generating composite features. 
[t=32.722s, 2950872 KB] Complexity 2:
Total concept elements: 12
Total role elements: 5
Total numerical elements: 6
Total boolean elements: 4
    b_nullary: 2
    c_one_of: 2
    c_top: 1
    c_bot: 1
    c_primitive: 3
    r_primitive: 2
    c_and: 0
    c_not: 5
    c_equal: 0
    c_some: 0
    c_all: 0
    r_restrict: 0
    r_and: 0
    r_inverse: 2
    r_transitive_closure: 1
    b_empty: 2
    n_count: 6
    n_concept_distance: 0
[t=32.7241s, 2950872 KB] Complexity 3:
Total concept elements: 34
Total role elements: 14
Total numerical elements: 10
Total boolean elements: 5
    b_nullary: 2
    c_one_of: 2
    c_top: 1
    c_bot: 1
    c_primitive: 3
    r_primitive: 2
    c_and: 7
    c_not: 5
    c_equal: 1
    c_some: 7
    c_all: 7
    r_restrict: 7
    r_and: 1
    r_inverse: 3
    r_transitive_closure: 1
    b_empty: 3
    n_count: 10
    n_concept_distance: 0
[t=32.7276s, 2950872 KB] Complexity 4:
Total concept elements: 86
Total role elements: 21
Total numerical elements: 42
Total boolean elements: 16
    b_nullary: 2
    c_one_of: 2
    c_top: 1
    c_bot: 1
    c_primitive: 3
    r_primitive: 2
    c_and: 21
    c_not: 25
    c_equal: 1
    c_some: 16
    c_all: 16
    r_restrict: 7
    r_and: 1
    r_inverse: 10
    r_transitive_closure: 1
    b_empty: 14
    n_count: 29
    n_concept_distance: 13
[t=32.7384s, 2950872 KB] Complexity 5:
Total concept elements: 216
Total role elements: 21
Total numerical elements: 90
Total boolean elements: 34
    b_nullary: 2
    c_one_of: 2
    c_top: 1
    c_bot: 1
    c_primitive: 3
    r_primitive: 2
    c_and: 66
    c_not: 55
    c_equal: 1
    c_some: 41
    c_all: 46
    r_restrict: 7
    r_and: 1
    r_inverse: 10
    r_transitive_closure: 1
    b_empty: 32
    n_count: 66
    n_concept_distance: 24
[t=32.7653s, 2950872 KB] Complexity 6:
Total concept elements: 556
Total role elements: 21
Total numerical elements: 241
Total boolean elements: 85
    b_nullary: 2
    c_one_of: 2
    c_top: 1
    c_bot: 1
    c_primitive: 3
    r_primitive: 2
    c_and: 202
    c_not: 149
    c_equal: 1
    c_some: 82
    c_all: 115
    r_restrict: 7
    r_and: 1
    r_inverse: 10
    r_transitive_closure: 1
    b_empty: 83
    n_count: 169
    n_concept_distance: 72
[t=32.8355s, 2950872 KB] Complexity 7:
Total concept elements: 1385
Total role elements: 21
Total numerical elements: 581
Total boolean elements: 183
    b_nullary: 2
    c_one_of: 2
    c_top: 1
    c_bot: 1
    c_primitive: 3
    r_primitive: 2
    c_and: 542
    c_not: 347
    c_equal: 1
    c_some: 218
    c_all: 270
    r_restrict: 7
    r_and: 1
    r_inverse: 10
    r_transitive_closure: 1
    b_empty: 181
    n_count: 424
    n_concept_distance: 157
[t=33.0282s, 2950872 KB] Complexity 8:
Total concept elements: 3412
Total role elements: 21
Total numerical elements: 1411
Total boolean elements: 411
    b_nullary: 2
    c_one_of: 2
    c_top: 1
    c_bot: 1
    c_primitive: 3
    r_primitive: 2
    c_and: 1488
    c_not: 918
    c_equal: 1
    c_some: 442
    c_all: 556
    r_restrict: 7
    r_and: 1
    r_inverse: 10
    r_transitive_closure: 1
    b_empty: 409
    n_count: 1045
    n_concept_distance: 366
[t=33.5467s, 2950872 KB] Complexity 9:
Total concept elements: 8266
Total role elements: 21
Total numerical elements: 3401
Total boolean elements: 914
    b_nullary: 2
    c_one_of: 2
    c_top: 1
    c_bot: 1
    c_primitive: 3
    r_primitive: 2
    c_and: 3860
    c_not: 2123
    c_equal: 1
    c_some: 1014
    c_all: 1261
    r_restrict: 7
    r_and: 1
    r_inverse: 10
    r_transitive_closure: 1
    b_empty: 912
    n_count: 2575
    n_concept_distance: 826
[t=33.5471s, 2950872 KB] Finished generating composite features.
Features generated: 4315
Features after 0/1 pruning (incomplete): 3087
Features after soft changes pruning (incomplete): 2894
Features after relevant changes pruning (complete): 2261
2024-08-08 19:43:42,538 - ..done
2024-08-08 19:43:42,538 - Constructing PerStateFeatureValuations...
2024-08-08 19:43:42,796 - ..done
2024-08-08 19:43:42,796 - Constructing StatePairEquivalenceDatas...
2024-08-08 19:43:50,162 - ..done
2024-08-08 19:43:50,177 - Constructing TupleGraphEquivalences...
Tuple graph equivalence construction statistics:
Num nodes: 397
2024-08-08 19:43:50,188 - ..done
2024-08-08 19:43:50,188 - Minimizing TupleGraphEquivalences...
2024-08-08 19:43:50,188 - ..done
Number of initial D2 facts: 238
Number of D2 facts: 238 of 42025
2024-08-08 19:43:59,486 - Grounding Logic Program...
2024-08-08 19:44:06,592 - ..done
2024-08-08 19:44:06,729 - Solving Logic Program...
2024-08-08 19:44:07,114 - ..done
Clingo statistics:
{'call': 0.0, 'result': 1.0, 'signal': 0.0, 'exhausted': 1.0, 'costs': [8.0], 'lower': [8.0], 'concurrency': 32.0, 'winner': 9.0, 'times': {'total': 16.900607109069824, 'cpu': 17.198647, 'solve': 0.05742621421813965, 'unsat': 0.03438901901245117, 'sat': 0.007977008819580078}, 'models': {'enumerated': 48.0, 'optimal': 1.0}}
Solution cost: [8.0]
Total time: 16.900607109069824
CPU time: 17.198647
Solve time: 0.05742621421813965
2024-08-08 19:44:10,334 - Learned the following sketch:
(:policy
(:booleans )
(:numericals (f180 "n_count(r_primitive(on,0,1))") (f1238 "n_concept_distance(c_one_of(b1),r_primitive(on_g,0,1),c_primitive(clear,0))"))
(:rule (:conditions (:c_n_gt f180) (:c_n_eq f1238)) (:effects (:e_n_dec f180) (:e_n_bot f1238)))
(:rule (:conditions (:c_n_gt f180) (:c_n_eq f1238)) (:effects (:e_n_inc f180) (:e_n_bot f1238)))
(:rule (:conditions (:c_n_gt f180) (:c_n_gt f1238)) (:effects (:e_n_bot f180) (:e_n_dec f1238)))
(:rule (:conditions (:c_n_eq f180) (:c_n_eq f1238)) (:effects (:e_n_bot f180) (:e_n_bot f1238)))
(:rule (:conditions (:c_n_eq f180) (:c_n_eq f1238)) (:effects (:e_n_bot f180) (:e_n_inc f1238)))
(:rule (:conditions (:c_n_gt f180) (:c_n_gt f1238)) (:effects (:e_n_bot f180) (:e_n_inc f1238)))
(:rule (:conditions (:c_n_gt f180) (:c_n_gt f1238)) (:effects (:e_n_inc f180) (:e_n_inc f1238)))
(:rule (:conditions (:c_n_gt f180) (:c_n_gt f1238)) (:effects (:e_n_inc f180) (:e_n_dec f1238)))
(:rule (:conditions (:c_n_gt f180) (:c_n_gt f1238)) (:effects (:e_n_dec f180) (:e_n_dec f1238)))
(:rule (:conditions (:c_n_gt f180) (:c_n_gt f1238)) (:effects (:e_n_dec f180) (:e_n_inc f1238)))
(:rule (:conditions (:c_n_gt f180) (:c_n_gt f1238)) (:effects (:e_n_bot f180) (:e_n_bot f1238)))
(:rule (:conditions (:c_n_gt f180) (:c_n_eq f1238)) (:effects (:e_n_bot f180) (:e_n_bot f1238)))
(:rule (:conditions (:c_n_gt f180) (:c_n_eq f1238)) (:effects (:e_n_bot f180) (:e_n_inc f1238)))
(:rule (:conditions (:c_n_gt f180) (:c_n_eq f1238)) (:effects (:e_n_dec f180) (:e_n_inc f1238)))
(:rule (:conditions (:c_n_eq f180) (:c_n_eq f1238)) (:effects (:e_n_inc f180) (:e_n_inc f1238)))
(:rule (:conditions (:c_n_gt f180) (:c_n_gt f1238)) (:effects (:e_n_inc f180) (:e_n_bot f1238)))
(:rule (:conditions (:c_n_gt f180) (:c_n_gt f1238)) (:effects (:e_n_dec f180) (:e_n_bot f1238)))
(:rule (:conditions (:c_n_eq f180) (:c_n_gt f1238)) (:effects (:e_n_inc f180) (:e_n_dec f1238)))
)
Numer of sketch rules: 18
Number of selected features: 2
Maximum complexity of selected feature: 4
Sketch cycles
Instance: 60
123
123
Number of unsatisfied D2 facts: 560
Number of D2 facts: 798 of 42025
2024-08-08 19:44:33,882 - Grounding Logic Program...
2024-08-08 19:44:42,004 - ..done
2024-08-08 19:44:42,004 - Solving Logic Program...
2024-08-08 19:44:42,519 - ..done
Clingo statistics:
{'call': 0.0, 'result': 1.0, 'signal': 0.0, 'exhausted': 1.0, 'costs': [10.0], 'lower': [10.0], 'concurrency': 32.0, 'winner': 31.0, 'times': {'total': 32.15290093421936, 'cpu': 32.77842700000001, 'solve': 0.11409902572631836, 'unsat': 0.06727004051208496, 'sat': 0.018278121948242188}, 'models': {'enumerated': 70.0, 'optimal': 1.0}}
Solution cost: [10.0]
Total time: 32.15290093421936
CPU time: 32.77842700000001
Solve time: 0.11409902572631836
2024-08-08 19:44:45,912 - Learned the following sketch:
(:policy
(:booleans )
(:numericals (f342 "n_count(c_and(c_one_of(b2),c_primitive(clear,0)))") (f1501 "n_count(c_and(c_primitive(on-table,0),c_primitive(clear,0)))"))
(:rule (:conditions (:c_n_gt f342) (:c_n_gt f1501)) (:effects (:e_n_bot f342) (:e_n_dec f1501)))
(:rule (:conditions (:c_n_gt f342) (:c_n_gt f1501)) (:effects (:e_n_dec f1501) (:e_n_dec f342)))
(:rule (:conditions (:c_n_gt f1501) (:c_n_eq f342)) (:effects (:e_n_bot f1501) (:e_n_inc f342)))
(:rule (:conditions (:c_n_gt f1501) (:c_n_eq f342)) (:effects (:e_n_inc f1501) (:e_n_inc f342)))
(:rule (:conditions (:c_n_gt f342) (:c_n_eq f1501)) (:effects (:e_n_inc f1501) (:e_n_dec f342)))
(:rule (:conditions (:c_n_gt f342) (:c_n_gt f1501)) (:effects (:e_n_bot f1501) (:e_n_dec f342)))
(:rule (:conditions (:c_n_gt f342) (:c_n_eq f1501)) (:effects (:e_n_bot f342) (:e_n_inc f1501)))
(:rule (:conditions (:c_n_eq f342) (:c_n_eq f1501)) (:effects (:e_n_bot f1501) (:e_n_inc f342)))
(:rule (:conditions (:c_n_eq f342) (:c_n_eq f1501)) (:effects (:e_n_bot f342) (:e_n_inc f1501)))
(:rule (:conditions (:c_n_eq f342) (:c_n_eq f1501)) (:effects (:e_n_bot f342) (:e_n_bot f1501)))
(:rule (:conditions (:c_n_gt f1501) (:c_n_eq f342)) (:effects (:e_n_dec f1501) (:e_n_inc f342)))
(:rule (:conditions (:c_n_gt f342) (:c_n_gt f1501)) (:effects (:e_n_inc f1501) (:e_n_dec f342)))
(:rule (:conditions (:c_n_gt f342) (:c_n_eq f1501)) (:effects (:e_n_bot f1501) (:e_n_dec f342)))
(:rule (:conditions (:c_n_gt f342) (:c_n_gt f1501)) (:effects (:e_n_bot f342) (:e_n_bot f1501)))
(:rule (:conditions (:c_n_gt f1501) (:c_n_eq f342)) (:effects (:e_n_bot f342) (:e_n_inc f1501)))
(:rule (:conditions (:c_n_gt f1501) (:c_n_eq f342)) (:effects (:e_n_bot f342) (:e_n_bot f1501)))
(:rule (:conditions (:c_n_eq f342) (:c_n_eq f1501)) (:effects (:e_n_inc f1501) (:e_n_inc f342)))
(:rule (:conditions (:c_n_gt f342) (:c_n_gt f1501)) (:effects (:e_n_bot f342) (:e_n_inc f1501)))
)
Numer of sketch rules: 18
Number of selected features: 2
Maximum complexity of selected feature: 4
Sketch cycles
Instance: 60
122
123
122
Number of unsatisfied D2 facts: 462
Number of D2 facts: 1260 of 42025
2024-08-08 19:45:09,457 - Grounding Logic Program...
2024-08-08 19:45:18,987 - ..done
2024-08-08 19:45:18,987 - Solving Logic Program...
2024-08-08 19:45:26,733 - ..done
Clingo statistics:
{'call': 0.0, 'result': 1.0, 'signal': 0.0, 'exhausted': 1.0, 'costs': [11.0], 'lower': [11.0], 'concurrency': 32.0, 'winner': 30.0, 'times': {'total': 40.779852867126465, 'cpu': 83.30857600000002, 'solve': 7.265625953674316, 'unsat': 0.24847197532653809, 'sat': 0.02558302879333496}, 'models': {'enumerated': 133.0, 'optimal': 1.0}}
Solution cost: [11.0]
Total time: 40.779852867126465
CPU time: 83.30857600000002
Solve time: 7.265625953674316
2024-08-08 19:45:30,135 - Learned the following sketch:
(:policy
(:booleans )
(:numericals (f1501 "n_count(c_and(c_primitive(on-table,0),c_primitive(clear,0)))") (f1535 "n_count(c_not(c_all(r_primitive(on,0,1),c_one_of(b2))))"))
(:rule (:conditions (:c_n_gt f1501) (:c_n_gt f1535)) (:effects (:e_n_inc f1501) (:e_n_dec f1535)))
(:rule (:conditions (:c_n_gt f1501) (:c_n_gt f1535)) (:effects (:e_n_dec f1501) (:e_n_inc f1535)))
(:rule (:conditions (:c_n_gt f1501) (:c_n_gt f1535)) (:effects (:e_n_inc f1501) (:e_n_bot f1535)))
(:rule (:conditions (:c_n_gt f1501) (:c_n_eq f1535)) (:effects (:e_n_dec f1501) (:e_n_bot f1535)))
(:rule (:conditions (:c_n_eq f1501) (:c_n_gt f1535)) (:effects (:e_n_inc f1501) (:e_n_dec f1535)))
(:rule (:conditions (:c_n_gt f1501) (:c_n_gt f1535)) (:effects (:e_n_bot f1501) (:e_n_dec f1535)))
(:rule (:conditions (:c_n_eq f1501) (:c_n_gt f1535)) (:effects (:e_n_inc f1501) (:e_n_bot f1535)))
(:rule (:conditions (:c_n_eq f1501) (:c_n_gt f1535)) (:effects (:e_n_bot f1501) (:e_n_bot f1535)))
(:rule (:conditions (:c_n_gt f1501) (:c_n_gt f1535)) (:effects (:e_n_bot f1501) (:e_n_bot f1535)))
(:rule (:conditions (:c_n_eq f1501) (:c_n_gt f1535)) (:effects (:e_n_bot f1501) (:e_n_dec f1535)))
(:rule (:conditions (:c_n_gt f1501) (:c_n_eq f1535)) (:effects (:e_n_inc f1501) (:e_n_bot f1535)))
(:rule (:conditions (:c_n_gt f1501) (:c_n_eq f1535)) (:effects (:e_n_dec f1501) (:e_n_inc f1535)))
)
Numer of sketch rules: 12
Number of selected features: 2
Maximum complexity of selected feature: 5
Sketch cycles
Instance: 60
123
123
Number of unsatisfied D2 facts: 244
Number of D2 facts: 1504 of 42025
2024-08-08 19:45:53,420 - Grounding Logic Program...
2024-08-08 19:46:03,806 - ..done
2024-08-08 19:46:03,806 - Solving Logic Program...
2024-08-08 19:46:12,068 - ..done
Clingo statistics:
{'call': 0.0, 'result': 1.0, 'signal': 0.0, 'exhausted': 1.0, 'costs': [13.0], 'lower': [13.0], 'concurrency': 32.0, 'winner': 28.0, 'times': {'total': 41.883366107940674, 'cpu': 125.426197, 'solve': 7.735445022583008, 'unsat': 1.5407521724700928, 'sat': 0.029341936111450195}, 'models': {'enumerated': 79.0, 'optimal': 1.0}}
Solution cost: [13.0]
Total time: 41.883366107940674
CPU time: 125.426197
Solve time: 7.735445022583008
2024-08-08 19:46:15,580 - Learned the following sketch:
(:policy
(:booleans )
(:numericals (f989 "n_count(c_primitive(holding,0))") (f180 "n_count(r_primitive(on,0,1))") (f108 "n_concept_distance(c_one_of(b1),r_restrict(r_primitive(on,0,1),c_one_of(b2)),c_primitive(on-table,0))"))
(:rule (:conditions (:c_n_eq f989) (:c_n_gt f180) (:c_n_eq f108)) (:effects (:e_n_inc f989) (:e_n_dec f180) (:e_n_bot f108)))
(:rule (:conditions (:c_n_gt f989) (:c_n_gt f180) (:c_n_eq f108)) (:effects (:e_n_dec f989) (:e_n_bot f180) (:e_n_bot f108)))
(:rule (:conditions (:c_n_gt f989) (:c_n_gt f180) (:c_n_gt f108)) (:effects (:e_n_dec f989) (:e_n_inc f180) (:e_n_dec f108)))
(:rule (:conditions (:c_n_gt f989) (:c_n_eq f180) (:c_n_eq f108)) (:effects (:e_n_dec f989) (:e_n_bot f180) (:e_n_bot f108)))
(:rule (:conditions (:c_n_eq f989) (:c_n_eq f180) (:c_n_eq f108)) (:effects (:e_n_inc f989) (:e_n_bot f180) (:e_n_inc f108)))
(:rule (:conditions (:c_n_gt f989) (:c_n_gt f180) (:c_n_gt f108)) (:effects (:e_n_dec f989) (:e_n_bot f180) (:e_n_dec f108)))
(:rule (:conditions (:c_n_eq f989) (:c_n_gt f180) (:c_n_gt f108)) (:effects (:e_n_inc f989) (:e_n_dec f180) (:e_n_bot f108)))
(:rule (:conditions (:c_n_gt f989) (:c_n_gt f180) (:c_n_gt f108)) (:effects (:e_n_dec f989) (:e_n_bot f180) (:e_n_bot f108)))
(:rule (:conditions (:c_n_gt f989) (:c_n_eq f180) (:c_n_gt f108)) (:effects (:e_n_dec f989) (:e_n_inc f180) (:e_n_dec f108)))
)
Numer of sketch rules: 9
Number of selected features: 3
Maximum complexity of selected feature: 6
2024-08-08 19:46:15,608 - Verifying learned sketch...
2024-08-08 19:46:18,171 - ..done
Sketch solves all instances!
================================================================================
2024-08-08 19:46:18,203 - Summary:
LearningStatistics:
    num_training_instances: 120
    num_selected_training_instances (|P|): 1
    num_states_in_selected_training_instances (|S|): 125
    num_states_in_complete_selected_training_instances (|S|): 125
    num_features_in_pool (|F|): 2261
================================================================================
Resulting sketch:
(:policy
(:booleans )
(:numericals (f989 "n_count(c_primitive(holding,0))") (f180 "n_count(r_primitive(on,0,1))") (f108 "n_concept_distance(c_one_of(b1),r_restrict(r_primitive(on,0,1),c_one_of(b2)),c_primitive(on-table,0))"))
(:rule (:conditions (:c_n_eq f989) (:c_n_gt f180) (:c_n_eq f108)) (:effects (:e_n_inc f989) (:e_n_dec f180) (:e_n_bot f108)))
(:rule (:conditions (:c_n_gt f989) (:c_n_gt f180) (:c_n_eq f108)) (:effects (:e_n_dec f989) (:e_n_bot f180) (:e_n_bot f108)))
(:rule (:conditions (:c_n_gt f989) (:c_n_gt f180) (:c_n_gt f108)) (:effects (:e_n_dec f989) (:e_n_inc f180) (:e_n_dec f108)))
(:rule (:conditions (:c_n_gt f989) (:c_n_eq f180) (:c_n_eq f108)) (:effects (:e_n_dec f989) (:e_n_bot f180) (:e_n_bot f108)))
(:rule (:conditions (:c_n_eq f989) (:c_n_eq f180) (:c_n_eq f108)) (:effects (:e_n_inc f989) (:e_n_bot f180) (:e_n_inc f108)))
(:rule (:conditions (:c_n_gt f989) (:c_n_gt f180) (:c_n_gt f108)) (:effects (:e_n_dec f989) (:e_n_bot f180) (:e_n_dec f108)))
(:rule (:conditions (:c_n_eq f989) (:c_n_gt f180) (:c_n_gt f108)) (:effects (:e_n_inc f989) (:e_n_dec f180) (:e_n_bot f108)))
(:rule (:conditions (:c_n_gt f989) (:c_n_gt f180) (:c_n_gt f108)) (:effects (:e_n_dec f989) (:e_n_bot f180) (:e_n_bot f108)))
(:rule (:conditions (:c_n_gt f989) (:c_n_eq f180) (:c_n_gt f108)) (:effects (:e_n_dec f989) (:e_n_inc f180) (:e_n_dec f108)))
)
Numer of sketch rules: 9
Number of selected features: 3
Maximum complexity of selected feature: 6
================================================================================
Resulting minimized sketch:
(:policy
(:booleans )
(:numericals (f989 "n_count(c_primitive(holding,0))") (f180 "n_count(r_primitive(on,0,1))") (f108 "n_concept_distance(c_one_of(b1),r_restrict(r_primitive(on,0,1),c_one_of(b2)),c_primitive(on-table,0))"))
(:rule (:conditions (:c_n_eq f989) (:c_n_gt f180)) (:effects (:e_n_inc f989) (:e_n_dec f180) (:e_n_bot f108)))
(:rule (:conditions (:c_n_gt f989) (:c_n_gt f180)) (:effects (:e_n_dec f989) (:e_n_bot f180) (:e_n_bot f108)))
(:rule (:conditions (:c_n_gt f989) (:c_n_eq f108)) (:effects (:e_n_dec f989) (:e_n_bot f180) (:e_n_bot f108)))
(:rule (:conditions (:c_n_gt f989) (:c_n_gt f108)) (:effects (:e_n_dec f989) (:e_n_inc f180) (:e_n_dec f108)))
(:rule (:conditions (:c_n_eq f989) (:c_n_eq f180) (:c_n_eq f108)) (:effects (:e_n_inc f989) (:e_n_bot f180) (:e_n_inc f108)))
(:rule (:conditions (:c_n_gt f989) (:c_n_gt f180) (:c_n_gt f108)) (:effects (:e_n_dec f989) (:e_n_bot f180) (:e_n_dec f108)))
)
Numer of sketch rules: 6
Number of selected features: 3
Maximum complexity of selected feature: 6
================================================================================
================================================================================
Preprocessing time: 29 seconds.
ASP time: 173 seconds.
Verification time: 3 seconds.
Total time: 205 seconds.
Total memory: 2 GiB.
Num states in training data: 30540
================================================================================

