Changing working directory:  /proj/ssiw/users/x_domdr/projects/code/sketch-learner/learning/experiments/scripts/workspace-tractable/delivery_1
2024-09-14 14:05:01,236 - Constructing InstanceDatas...
2024-09-14 14:05:02,764 - Constructing GlobalFaithfulAbstractions...
2024-09-14 14:05:06,701 - ...done
2024-09-14 14:05:06,702 - Constructing StateSpaces...
2024-09-14 14:05:06,874 - ...done
/proj/ssiw/users/x_domdr/projects/code/sketch-learner/learning/benchmarks/tractable/delivery/training/easy/instance_1_1_3_5.pddl /proj/ssiw/users/x_domdr/projects/code/sketch-learner/learning/benchmarks/tractable/delivery/training/easy/instance_1_1_3_5.pddl
2024-09-14 14:05:06,900 - Created InstanceData with num concrete states: 4 and num abstract states: 2
/proj/ssiw/users/x_domdr/projects/code/sketch-learner/learning/benchmarks/tractable/delivery/training/easy/instance_1_1_1_9.pddl /proj/ssiw/users/x_domdr/projects/code/sketch-learner/learning/benchmarks/tractable/delivery/training/easy/instance_1_1_1_9.pddl
2024-09-14 14:05:06,901 - Created InstanceData with num concrete states: 2 and num abstract states: 2
/proj/ssiw/users/x_domdr/projects/code/sketch-learner/learning/benchmarks/tractable/delivery/training/easy/instance_2_1_1_9.pddl /proj/ssiw/users/x_domdr/projects/code/sketch-learner/learning/benchmarks/tractable/delivery/training/easy/instance_2_1_1_9.pddl
2024-09-14 14:05:06,902 - Created InstanceData with num concrete states: 6 and num abstract states: 6
/proj/ssiw/users/x_domdr/projects/code/sketch-learner/learning/benchmarks/tractable/delivery/training/easy/instance_3_1_1_29.pddl /proj/ssiw/users/x_domdr/projects/code/sketch-learner/learning/benchmarks/tractable/delivery/training/easy/instance_3_1_1_29.pddl
2024-09-14 14:05:06,903 - Created InstanceData with num concrete states: 12 and num abstract states: 7
/proj/ssiw/users/x_domdr/projects/code/sketch-learner/learning/benchmarks/tractable/delivery/training/easy/instance_1_3_1_23.pddl /proj/ssiw/users/x_domdr/projects/code/sketch-learner/learning/benchmarks/tractable/delivery/training/easy/instance_1_3_1_23.pddl
2024-09-14 14:05:06,903 - Created InstanceData with num concrete states: 12 and num abstract states: 12
/proj/ssiw/users/x_domdr/projects/code/sketch-learner/learning/benchmarks/tractable/delivery/training/easy/instance_2_2_1_16.pddl /proj/ssiw/users/x_domdr/projects/code/sketch-learner/learning/benchmarks/tractable/delivery/training/easy/instance_2_2_1_16.pddl
2024-09-14 14:05:06,904 - Created InstanceData with num concrete states: 20 and num abstract states: 13
/proj/ssiw/users/x_domdr/projects/code/sketch-learner/learning/benchmarks/tractable/delivery/training/easy/instance_1_2_3_13.pddl /proj/ssiw/users/x_domdr/projects/code/sketch-learner/learning/benchmarks/tractable/delivery/training/easy/instance_1_2_3_13.pddl
2024-09-14 14:05:06,906 - Created InstanceData with num concrete states: 40 and num abstract states: 14
/proj/ssiw/users/x_domdr/projects/code/sketch-learner/learning/benchmarks/tractable/delivery/training/easy/instance_3_3_1_5.pddl /proj/ssiw/users/x_domdr/projects/code/sketch-learner/learning/benchmarks/tractable/delivery/training/easy/instance_3_3_1_5.pddl
2024-09-14 14:05:06,909 - Created InstanceData with num concrete states: 90 and num abstract states: 18
/proj/ssiw/users/x_domdr/projects/code/sketch-learner/learning/benchmarks/tractable/delivery/training/easy/instance_3_2_1_28.pddl /proj/ssiw/users/x_domdr/projects/code/sketch-learner/learning/benchmarks/tractable/delivery/training/easy/instance_3_2_1_28.pddl
2024-09-14 14:05:06,910 - Created InstanceData with num concrete states: 42 and num abstract states: 24
/proj/ssiw/users/x_domdr/projects/code/sketch-learner/learning/benchmarks/tractable/delivery/training/easy/instance_1_3_3_7.pddl /proj/ssiw/users/x_domdr/projects/code/sketch-learner/learning/benchmarks/tractable/delivery/training/easy/instance_1_3_3_7.pddl
2024-09-14 14:05:06,914 - Created InstanceData with num concrete states: 162 and num abstract states: 26
/proj/ssiw/users/x_domdr/projects/code/sketch-learner/learning/benchmarks/tractable/delivery/training/easy/instance_3_2_1_5.pddl /proj/ssiw/users/x_domdr/projects/code/sketch-learner/learning/benchmarks/tractable/delivery/training/easy/instance_3_2_1_5.pddl
2024-09-14 14:05:06,916 - Created InstanceData with num concrete states: 42 and num abstract states: 42
/proj/ssiw/users/x_domdr/projects/code/sketch-learner/learning/benchmarks/tractable/delivery/training/easy/instance_1_3_3_8.pddl /proj/ssiw/users/x_domdr/projects/code/sketch-learner/learning/benchmarks/tractable/delivery/training/easy/instance_1_3_3_8.pddl
2024-09-14 14:05:06,920 - Created InstanceData with num concrete states: 162 and num abstract states: 48
/proj/ssiw/users/x_domdr/projects/code/sketch-learner/learning/benchmarks/tractable/delivery/training/easy/instance_3_3_1_17.pddl /proj/ssiw/users/x_domdr/projects/code/sketch-learner/learning/benchmarks/tractable/delivery/training/easy/instance_3_3_1_17.pddl
2024-09-14 14:05:06,923 - Created InstanceData with num concrete states: 90 and num abstract states: 51
/proj/ssiw/users/x_domdr/projects/code/sketch-learner/learning/benchmarks/tractable/delivery/training/easy/instance_3_3_1_20.pddl /proj/ssiw/users/x_domdr/projects/code/sketch-learner/learning/benchmarks/tractable/delivery/training/easy/instance_3_3_1_20.pddl
2024-09-14 14:05:06,926 - Created InstanceData with num concrete states: 90 and num abstract states: 51
/proj/ssiw/users/x_domdr/projects/code/sketch-learner/learning/benchmarks/tractable/delivery/training/easy/instance_2_2_3_12.pddl /proj/ssiw/users/x_domdr/projects/code/sketch-learner/learning/benchmarks/tractable/delivery/training/easy/instance_2_2_3_12.pddl
2024-09-14 14:05:06,934 - Created InstanceData with num concrete states: 448 and num abstract states: 70
/proj/ssiw/users/x_domdr/projects/code/sketch-learner/learning/benchmarks/tractable/delivery/training/easy/instance_2_3_3_24.pddl /proj/ssiw/users/x_domdr/projects/code/sketch-learner/learning/benchmarks/tractable/delivery/training/easy/instance_2_3_3_24.pddl
2024-09-14 14:05:06,967 - Created InstanceData with num concrete states: 1944 and num abstract states: 244
/proj/ssiw/users/x_domdr/projects/code/sketch-learner/learning/benchmarks/tractable/delivery/training/easy/instance_3_3_3_6.pddl /proj/ssiw/users/x_domdr/projects/code/sketch-learner/learning/benchmarks/tractable/delivery/training/easy/instance_3_3_3_6.pddl
2024-09-14 14:05:07,115 - Created InstanceData with num concrete states: 8748 and num abstract states: 280
/proj/ssiw/users/x_domdr/projects/code/sketch-learner/learning/benchmarks/tractable/delivery/training/easy/instance_3_2_3_21.pddl /proj/ssiw/users/x_domdr/projects/code/sketch-learner/learning/benchmarks/tractable/delivery/training/easy/instance_3_2_3_21.pddl
2024-09-14 14:05:07,147 - Created InstanceData with num concrete states: 1944 and num abstract states: 462
/proj/ssiw/users/x_domdr/projects/code/sketch-learner/learning/benchmarks/tractable/delivery/training/easy/instance_3_3_3_19.pddl /proj/ssiw/users/x_domdr/projects/code/sketch-learner/learning/benchmarks/tractable/delivery/training/easy/instance_3_3_3_19.pddl
2024-09-14 14:05:07,291 - Created InstanceData with num concrete states: 8748 and num abstract states: 987
/proj/ssiw/users/x_domdr/projects/code/sketch-learner/learning/benchmarks/tractable/delivery/training/easy/instance_3_3_3_21.pddl /proj/ssiw/users/x_domdr/projects/code/sketch-learner/learning/benchmarks/tractable/delivery/training/easy/instance_3_3_3_21.pddl
2024-09-14 14:05:07,435 - Created InstanceData with num concrete states: 8748 and num abstract states: 987
2024-09-14 14:05:07,439 - ..done
2024-09-14 14:05:07,456 - Initializing TupleGraphs...
2024-09-14 14:05:07,680 - ..done
2024-09-14 14:05:07,681 - Iteration: 0
     id: 0 problem_filepath: /proj/ssiw/users/x_domdr/projects/code/sketch-learner/learning/benchmarks/tractable/delivery/training/easy/instance_1_1_3_5.pddl num_states: 4 num_state_equivalences: 2
2024-09-14 14:05:07,683 - Initialize global faithful abstract states...
2024-09-14 14:05:07,683 - ..done
2024-09-14 14:05:07,683 - Initializing DomainFeatureData...
[t=6.48776s, 2554720 KB] Started generating base features of complexity 1.
[t=6.48812s, 2554720 KB] Complexity 1:
    b_nullary: 0
    c_one_of: 0
    c_top: 1
    c_bot: 1
    c_primitive: 5
    r_primitive: 4
    c_and: 0
    c_not: 0
    c_equal: 0
    c_some: 0
    c_all: 0
    r_restrict: 0
    r_and: 0
    r_inverse: 0
    r_transitive_closure: 0
    b_empty: 0
    n_count: 0
    n_concept_distance: 0
[t=6.48848s, 2554720 KB] Finished generating base features.
[t=6.48852s, 2554720 KB] Started generating composite features. 
[t=6.48878s, 2554720 KB] Complexity 2:
Total concept elements: 10
Total role elements: 7
Total numerical elements: 8
Total boolean elements: 4
    b_nullary: 0
    c_one_of: 0
    c_top: 1
    c_bot: 1
    c_primitive: 5
    r_primitive: 4
    c_and: 0
    c_not: 3
    c_equal: 0
    c_some: 0
    c_all: 0
    r_restrict: 0
    r_and: 0
    r_inverse: 3
    r_transitive_closure: 0
    b_empty: 4
    n_count: 8
    n_concept_distance: 0
[t=6.48944s, 2554720 KB] Complexity 3:
Total concept elements: 15
Total role elements: 8
Total numerical elements: 10
Total boolean elements: 4
    b_nullary: 0
    c_one_of: 0
    c_top: 1
    c_bot: 1
    c_primitive: 5
    r_primitive: 4
    c_and: 0
    c_not: 3
    c_equal: 1
    c_some: 2
    c_all: 2
    r_restrict: 0
    r_and: 1
    r_inverse: 3
    r_transitive_closure: 0
    b_empty: 4
    n_count: 10
    n_concept_distance: 0
[t=6.49002s, 2554720 KB] Complexity 4:
Total concept elements: 20
Total role elements: 9
Total numerical elements: 16
Total boolean elements: 4
    b_nullary: 0
    c_one_of: 0
    c_top: 1
    c_bot: 1
    c_primitive: 5
    r_primitive: 4
    c_and: 1
    c_not: 4
    c_equal: 1
    c_some: 4
    c_all: 3
    r_restrict: 0
    r_and: 1
    r_inverse: 4
    r_transitive_closure: 0
    b_empty: 4
    n_count: 13
    n_concept_distance: 3
[t=6.49058s, 2554720 KB] Complexity 5:
Total concept elements: 26
Total role elements: 9
Total numerical elements: 18
Total boolean elements: 4
    b_nullary: 0
    c_one_of: 0
    c_top: 1
    c_bot: 1
    c_primitive: 5
    r_primitive: 4
    c_and: 4
    c_not: 6
    c_equal: 1
    c_some: 4
    c_all: 4
    r_restrict: 0
    r_and: 1
    r_inverse: 4
    r_transitive_closure: 0
    b_empty: 4
    n_count: 14
    n_concept_distance: 4
[t=6.49126s, 2554720 KB] Complexity 6:
Total concept elements: 33
Total role elements: 9
Total numerical elements: 20
Total boolean elements: 4
    b_nullary: 0
    c_one_of: 0
    c_top: 1
    c_bot: 1
    c_primitive: 5
    r_primitive: 4
    c_and: 5
    c_not: 6
    c_equal: 1
    c_some: 7
    c_all: 7
    r_restrict: 0
    r_and: 1
    r_inverse: 4
    r_transitive_closure: 0
    b_empty: 4
    n_count: 16
    n_concept_distance: 4
[t=6.49196s, 2554720 KB] Complexity 7:
Total concept elements: 41
Total role elements: 9
Total numerical elements: 24
Total boolean elements: 4
    b_nullary: 0
    c_one_of: 0
    c_top: 1
    c_bot: 1
    c_primitive: 5
    r_primitive: 4
    c_and: 8
    c_not: 11
    c_equal: 1
    c_some: 7
    c_all: 7
    r_restrict: 0
    r_and: 1
    r_inverse: 4
    r_transitive_closure: 0
    b_empty: 4
    n_count: 19
    n_concept_distance: 5
[t=6.49274s, 2554720 KB] Complexity 8:
Total concept elements: 51
Total role elements: 9
Total numerical elements: 29
Total boolean elements: 4
    b_nullary: 0
    c_one_of: 0
    c_top: 1
    c_bot: 1
    c_primitive: 5
    r_primitive: 4
    c_and: 17
    c_not: 11
    c_equal: 1
    c_some: 7
    c_all: 8
    r_restrict: 0
    r_and: 1
    r_inverse: 4
    r_transitive_closure: 0
    b_empty: 4
    n_count: 24
    n_concept_distance: 5
[t=6.49357s, 2554720 KB] Complexity 9:
Total concept elements: 67
Total role elements: 9
Total numerical elements: 34
Total boolean elements: 4
    b_nullary: 0
    c_one_of: 0
    c_top: 1
    c_bot: 1
    c_primitive: 5
    r_primitive: 4
    c_and: 29
    c_not: 15
    c_equal: 1
    c_some: 7
    c_all: 8
    r_restrict: 0
    r_and: 1
    r_inverse: 4
    r_transitive_closure: 0
    b_empty: 4
    n_count: 29
    n_concept_distance: 5
[t=6.49398s, 2554720 KB] Complexity 10:
Total concept elements: 67
Total role elements: 9
Total numerical elements: 34
Total boolean elements: 4
    b_nullary: 0
    c_one_of: 0
    c_top: 1
    c_bot: 1
    c_primitive: 5
    r_primitive: 4
    c_and: 29
    c_not: 15
    c_equal: 1
    c_some: 7
    c_all: 8
    r_restrict: 0
    r_and: 1
    r_inverse: 4
    r_transitive_closure: 0
    b_empty: 4
    n_count: 29
    n_concept_distance: 5
[t=6.49444s, 2554720 KB] Complexity 11:
Total concept elements: 67
Total role elements: 9
Total numerical elements: 34
Total boolean elements: 4
    b_nullary: 0
    c_one_of: 0
    c_top: 1
    c_bot: 1
    c_primitive: 5
    r_primitive: 4
    c_and: 29
    c_not: 15
    c_equal: 1
    c_some: 7
    c_all: 8
    r_restrict: 0
    r_and: 1
    r_inverse: 4
    r_transitive_closure: 0
    b_empty: 4
    n_count: 29
    n_concept_distance: 5
[t=6.49495s, 2554720 KB] Complexity 12:
Total concept elements: 67
Total role elements: 9
Total numerical elements: 34
Total boolean elements: 4
    b_nullary: 0
    c_one_of: 0
    c_top: 1
    c_bot: 1
    c_primitive: 5
    r_primitive: 4
    c_and: 29
    c_not: 15
    c_equal: 1
    c_some: 7
    c_all: 8
    r_restrict: 0
    r_and: 1
    r_inverse: 4
    r_transitive_closure: 0
    b_empty: 4
    n_count: 29
    n_concept_distance: 5
[t=6.49534s, 2554720 KB] Complexity 13:
Total concept elements: 67
Total role elements: 9
Total numerical elements: 34
Total boolean elements: 4
    b_nullary: 0
    c_one_of: 0
    c_top: 1
    c_bot: 1
    c_primitive: 5
    r_primitive: 4
    c_and: 29
    c_not: 15
    c_equal: 1
    c_some: 7
    c_all: 8
    r_restrict: 0
    r_and: 1
    r_inverse: 4
    r_transitive_closure: 0
    b_empty: 4
    n_count: 29
    n_concept_distance: 5
[t=6.49573s, 2554720 KB] Complexity 14:
Total concept elements: 67
Total role elements: 9
Total numerical elements: 34
Total boolean elements: 4
    b_nullary: 0
    c_one_of: 0
    c_top: 1
    c_bot: 1
    c_primitive: 5
    r_primitive: 4
    c_and: 29
    c_not: 15
    c_equal: 1
    c_some: 7
    c_all: 8
    r_restrict: 0
    r_and: 1
    r_inverse: 4
    r_transitive_closure: 0
    b_empty: 4
    n_count: 29
    n_concept_distance: 5
[t=6.49612s, 2554720 KB] Complexity 15:
Total concept elements: 67
Total role elements: 9
Total numerical elements: 34
Total boolean elements: 4
    b_nullary: 0
    c_one_of: 0
    c_top: 1
    c_bot: 1
    c_primitive: 5
    r_primitive: 4
    c_and: 29
    c_not: 15
    c_equal: 1
    c_some: 7
    c_all: 8
    r_restrict: 0
    r_and: 1
    r_inverse: 4
    r_transitive_closure: 0
    b_empty: 4
    n_count: 29
    n_concept_distance: 5
[t=6.49647s, 2554720 KB] Finished generating composite features.
Features generated: 38
Features after relevant changes pruning (complete): 3
2024-09-14 14:05:07,699 - ..done
2024-09-14 14:05:07,700 - Constructing PerStateFeatureValuations...
2024-09-14 14:05:07,700 - ..done
2024-09-14 14:05:07,700 - Constructing StatePairEquivalenceDatas...
2024-09-14 14:05:07,700 - ..done
2024-09-14 14:05:07,700 - Constructing TupleGraphEquivalences...
Tuple graph equivalence construction statistics:
Num nodes: 8
2024-09-14 14:05:07,701 - ..done
2024-09-14 14:05:07,701 - Minimizing TupleGraphEquivalences...
Tuple graph equivalence minimization statistics:
Num orig nodes: 8
Num kept nodes: 4
2024-09-14 14:05:07,701 - ..done
Number of initial D2 facts: 2
Number of D2 facts: 2 of 16
2024-09-14 14:05:07,704 - Grounding Logic Program...
2024-09-14 14:05:07,707 - ..done
2024-09-14 14:05:07,707 - Solving Logic Program...
2024-09-14 14:05:07,710 - ..done
Clingo statistics:
{'call': 0.0, 'result': 1.0, 'signal': 0.0, 'exhausted': 1.0, 'costs': [0.0], 'lower': [0.0], 'concurrency': 32.0, 'winner': 13.0, 'times': {'total': 0.007411003112792969, 'cpu': 0.011184000000000083, 'solve': 0.0016579627990722656, 'unsat': 0.00031495094299316406, 'sat': 0.0011930465698242188}, 'models': {'enumerated': 2.0, 'optimal': 1.0}}
Solution cost: [0.0]
Total time: 0.007411003112792969
CPU time: 0.011184000000000083
Solve time: 0.0016579627990722656
2024-09-14 14:05:07,711 - Learned the following sketch:
(:policy
(:booleans )
(:numericals )
(:rule (:conditions ) (:effects ))
)
Numer of sketch rules: 1
Number of selected features: 0
Maximum complexity of selected feature: 0
Sketch solves: /proj/ssiw/users/x_domdr/projects/code/sketch-learner/learning/benchmarks/tractable/delivery/training/easy/instance_1_1_3_5.pddl
Sketch cycles
Instance: 0
1
1
Number of unsatisfied D2 facts: 3
Number of D2 facts: 5 of 16
2024-09-14 14:05:07,714 - Grounding Logic Program...
2024-09-14 14:05:07,716 - ..done
2024-09-14 14:05:07,716 - Solving Logic Program...
2024-09-14 14:05:07,718 - ..done
Clingo statistics:
{'call': 0.0, 'result': 1.0, 'signal': 0.0, 'exhausted': 1.0, 'costs': [3.0], 'lower': [3.0], 'concurrency': 32.0, 'winner': 1.0, 'times': {'total': 0.006648063659667969, 'cpu': 0.008598000000006323, 'solve': 0.0016679763793945312, 'unsat': 0.0004100799560546875, 'sat': 0.0011658668518066406}, 'models': {'enumerated': 3.0, 'optimal': 1.0}}
Solution cost: [3.0]
Total time: 0.006648063659667969
CPU time: 0.008598000000006323
Solve time: 0.0016679763793945312
2024-09-14 14:05:07,719 - Learned the following sketch:
(:policy
(:booleans )
(:numericals (f2 "n_count(r_primitive(carrying,0,1))"))
(:rule (:conditions (:c_n_gt f2)) (:effects (:e_n_dec f2)))
(:rule (:conditions (:c_n_eq f2)) (:effects (:e_n_bot f2)))
)
Numer of sketch rules: 2
Number of selected features: 1
Maximum complexity of selected feature: 2
Sketch solves: /proj/ssiw/users/x_domdr/projects/code/sketch-learner/learning/benchmarks/tractable/delivery/training/easy/instance_1_1_3_5.pddl
2024-09-14 14:05:07,720 - Verifying learned sketch...
Sketch solves: /proj/ssiw/users/x_domdr/projects/code/sketch-learner/learning/benchmarks/tractable/delivery/training/easy/instance_1_1_3_5.pddl
Sketch solves: /proj/ssiw/users/x_domdr/projects/code/sketch-learner/learning/benchmarks/tractable/delivery/training/easy/instance_1_1_3_5.pddl
Sketch solves: /proj/ssiw/users/x_domdr/projects/code/sketch-learner/learning/benchmarks/tractable/delivery/training/easy/instance_1_1_1_9.pddl
Sketch solves: /proj/ssiw/users/x_domdr/projects/code/sketch-learner/learning/benchmarks/tractable/delivery/training/easy/instance_2_1_1_9.pddl
Sketch cycles
Instance: 2
9
9
2024-09-14 14:05:07,721 - ..done
Smallest unsolved instance: 2
Selected instances: [2]
2024-09-14 14:05:07,721 - Iteration: 1
     id: 2 problem_filepath: /proj/ssiw/users/x_domdr/projects/code/sketch-learner/learning/benchmarks/tractable/delivery/training/easy/instance_2_1_1_9.pddl num_states: 6 num_state_equivalences: 6
2024-09-14 14:05:07,723 - Initialize global faithful abstract states...
2024-09-14 14:05:07,723 - ..done
2024-09-14 14:05:07,723 - Initializing DomainFeatureData...
[t=6.5277s, 2559840 KB] Started generating base features of complexity 1.
[t=6.52784s, 2559840 KB] Complexity 1:
    b_nullary: 0
    c_one_of: 0
    c_top: 1
    c_bot: 1
    c_primitive: 5
    r_primitive: 5
    c_and: 0
    c_not: 0
    c_equal: 0
    c_some: 0
    c_all: 0
    r_restrict: 0
    r_and: 0
    r_inverse: 0
    r_transitive_closure: 0
    b_empty: 0
    n_count: 0
    n_concept_distance: 0
[t=6.52826s, 2559840 KB] Finished generating base features.
[t=6.52832s, 2559840 KB] Started generating composite features. 
[t=6.52846s, 2559840 KB] Complexity 2:
Total concept elements: 10
Total role elements: 9
Total numerical elements: 7
Total boolean elements: 4
    b_nullary: 0
    c_one_of: 0
    c_top: 1
    c_bot: 1
    c_primitive: 5
    r_primitive: 5
    c_and: 0
    c_not: 3
    c_equal: 0
    c_some: 0
    c_all: 0
    r_restrict: 0
    r_and: 0
    r_inverse: 3
    r_transitive_closure: 1
    b_empty: 4
    n_count: 7
    n_concept_distance: 0
[t=6.52935s, 2559840 KB] Complexity 3:
Total concept elements: 15
Total role elements: 10
Total numerical elements: 9
Total boolean elements: 4
    b_nullary: 0
    c_one_of: 0
    c_top: 1
    c_bot: 1
    c_primitive: 5
    r_primitive: 5
    c_and: 0
    c_not: 3
    c_equal: 1
    c_some: 2
    c_all: 2
    r_restrict: 0
    r_and: 1
    r_inverse: 3
    r_transitive_closure: 1
    b_empty: 4
    n_count: 9
    n_concept_distance: 0
[t=6.53027s, 2559840 KB] Complexity 4:
Total concept elements: 29
Total role elements: 11
Total numerical elements: 17
Total boolean elements: 5
    b_nullary: 0
    c_one_of: 0
    c_top: 1
    c_bot: 1
    c_primitive: 5
    r_primitive: 5
    c_and: 1
    c_not: 4
    c_equal: 1
    c_some: 8
    c_all: 8
    r_restrict: 0
    r_and: 1
    r_inverse: 4
    r_transitive_closure: 1
    b_empty: 5
    n_count: 13
    n_concept_distance: 4
[t=6.53121s, 2559840 KB] Complexity 5:
Total concept elements: 37
Total role elements: 11
Total numerical elements: 22
Total boolean elements: 5
    b_nullary: 0
    c_one_of: 0
    c_top: 1
    c_bot: 1
    c_primitive: 5
    r_primitive: 5
    c_and: 5
    c_not: 7
    c_equal: 1
    c_some: 8
    c_all: 9
    r_restrict: 0
    r_and: 1
    r_inverse: 4
    r_transitive_closure: 1
    b_empty: 5
    n_count: 17
    n_concept_distance: 5
[t=6.53275s, 2559840 KB] Complexity 6:
Total concept elements: 99
Total role elements: 11
Total numerical elements: 27
Total boolean elements: 5
    b_nullary: 0
    c_one_of: 0
    c_top: 1
    c_bot: 1
    c_primitive: 5
    r_primitive: 5
    c_and: 12
    c_not: 8
    c_equal: 1
    c_some: 32
    c_all: 39
    r_restrict: 0
    r_and: 1
    r_inverse: 4
    r_transitive_closure: 1
    b_empty: 5
    n_count: 19
    n_concept_distance: 8
[t=6.53475s, 2559840 KB] Complexity 7:
Total concept elements: 138
Total role elements: 11
Total numerical elements: 63
Total boolean elements: 16
    b_nullary: 0
    c_one_of: 0
    c_top: 1
    c_bot: 1
    c_primitive: 5
    r_primitive: 5
    c_and: 32
    c_not: 23
    c_equal: 1
    c_some: 34
    c_all: 41
    r_restrict: 0
    r_and: 1
    r_inverse: 4
    r_transitive_closure: 1
    b_empty: 16
    n_count: 49
    n_concept_distance: 14
[t=6.53926s, 2559840 KB] Complexity 8:
Total concept elements: 277
Total role elements: 11
Total numerical elements: 77
Total boolean elements: 18
    b_nullary: 0
    c_one_of: 0
    c_top: 1
    c_bot: 1
    c_primitive: 5
    r_primitive: 5
    c_and: 87
    c_not: 42
    c_equal: 1
    c_some: 65
    c_all: 75
    r_restrict: 0
    r_and: 1
    r_inverse: 4
    r_transitive_closure: 1
    b_empty: 18
    n_count: 61
    n_concept_distance: 16
[t=6.54616s, 2559840 KB] Complexity 9:
Total concept elements: 469
Total role elements: 11
Total numerical elements: 180
Total boolean elements: 33
    b_nullary: 0
    c_one_of: 0
    c_top: 1
    c_bot: 1
    c_primitive: 5
    r_primitive: 5
    c_and: 186
    c_not: 94
    c_equal: 1
    c_some: 79
    c_all: 102
    r_restrict: 0
    r_and: 1
    r_inverse: 4
    r_transitive_closure: 1
    b_empty: 33
    n_count: 127
    n_concept_distance: 53
[t=6.54752s, 2559840 KB] Complexity 10:
Total concept elements: 469
Total role elements: 11
Total numerical elements: 191
Total boolean elements: 33
    b_nullary: 0
    c_one_of: 0
    c_top: 1
    c_bot: 1
    c_primitive: 5
    r_primitive: 5
    c_and: 186
    c_not: 94
    c_equal: 1
    c_some: 79
    c_all: 102
    r_restrict: 0
    r_and: 1
    r_inverse: 4
    r_transitive_closure: 1
    b_empty: 33
    n_count: 127
    n_concept_distance: 64
[t=6.55037s, 2559840 KB] Complexity 11:
Total concept elements: 469
Total role elements: 11
Total numerical elements: 237
Total boolean elements: 33
    b_nullary: 0
    c_one_of: 0
    c_top: 1
    c_bot: 1
    c_primitive: 5
    r_primitive: 5
    c_and: 186
    c_not: 94
    c_equal: 1
    c_some: 79
    c_all: 102
    r_restrict: 0
    r_and: 1
    r_inverse: 4
    r_transitive_closure: 1
    b_empty: 33
    n_count: 127
    n_concept_distance: 110
[t=6.55494s, 2559840 KB] Complexity 12:
Total concept elements: 469
Total role elements: 11
Total numerical elements: 258
Total boolean elements: 33
    b_nullary: 0
    c_one_of: 0
    c_top: 1
    c_bot: 1
    c_primitive: 5
    r_primitive: 5
    c_and: 186
    c_not: 94
    c_equal: 1
    c_some: 79
    c_all: 102
    r_restrict: 0
    r_and: 1
    r_inverse: 4
    r_transitive_closure: 1
    b_empty: 33
    n_count: 127
    n_concept_distance: 131
[t=6.55661s, 2559840 KB] Complexity 13:
Total concept elements: 469
Total role elements: 11
Total numerical elements: 260
Total boolean elements: 33
    b_nullary: 0
    c_one_of: 0
    c_top: 1
    c_bot: 1
    c_primitive: 5
    r_primitive: 5
    c_and: 186
    c_not: 94
    c_equal: 1
    c_some: 79
    c_all: 102
    r_restrict: 0
    r_and: 1
    r_inverse: 4
    r_transitive_closure: 1
    b_empty: 33
    n_count: 127
    n_concept_distance: 133
[t=6.56117s, 2559840 KB] Complexity 14:
Total concept elements: 469
Total role elements: 11
Total numerical elements: 280
Total boolean elements: 33
    b_nullary: 0
    c_one_of: 0
    c_top: 1
    c_bot: 1
    c_primitive: 5
    r_primitive: 5
    c_and: 186
    c_not: 94
    c_equal: 1
    c_some: 79
    c_all: 102
    r_restrict: 0
    r_and: 1
    r_inverse: 4
    r_transitive_closure: 1
    b_empty: 33
    n_count: 127
    n_concept_distance: 153
[t=6.56625s, 2559840 KB] Complexity 15:
Total concept elements: 469
Total role elements: 11
Total numerical elements: 305
Total boolean elements: 33
    b_nullary: 0
    c_one_of: 0
    c_top: 1
    c_bot: 1
    c_primitive: 5
    r_primitive: 5
    c_and: 186
    c_not: 94
    c_equal: 1
    c_some: 79
    c_all: 102
    r_restrict: 0
    r_and: 1
    r_inverse: 4
    r_transitive_closure: 1
    b_empty: 33
    n_count: 127
    n_concept_distance: 178
[t=6.5666s, 2559840 KB] Finished generating composite features.
Features generated: 338
Features after relevant changes pruning (complete): 122
2024-09-14 14:05:07,930 - ..done
2024-09-14 14:05:07,930 - Constructing PerStateFeatureValuations...
2024-09-14 14:05:07,931 - ..done
2024-09-14 14:05:07,931 - Constructing StatePairEquivalenceDatas...
2024-09-14 14:05:07,950 - ..done
2024-09-14 14:05:07,950 - Constructing TupleGraphEquivalences...
Tuple graph equivalence construction statistics:
Num nodes: 20
2024-09-14 14:05:07,950 - ..done
2024-09-14 14:05:07,950 - Minimizing TupleGraphEquivalences...
Tuple graph equivalence minimization statistics:
Num orig nodes: 20
Num kept nodes: 20
2024-09-14 14:05:07,951 - ..done
Number of initial D2 facts: 24
Number of D2 facts: 24 of 484
2024-09-14 14:05:07,993 - Grounding Logic Program...
2024-09-14 14:05:08,026 - ..done
2024-09-14 14:05:08,026 - Solving Logic Program...
2024-09-14 14:05:08,030 - ..done
Clingo statistics:
{'call': 0.0, 'result': 1.0, 'signal': 0.0, 'exhausted': 1.0, 'costs': [3.0], 'lower': [3.0], 'concurrency': 32.0, 'winner': 20.0, 'times': {'total': 0.0789029598236084, 'cpu': 0.08822600000000591, 'solve': 0.0019731521606445312, 'unsat': 0.0006000995635986328, 'sat': 0.0011601448059082031}, 'models': {'enumerated': 4.0, 'optimal': 1.0}}
Solution cost: [3.0]
Total time: 0.0789029598236084
CPU time: 0.08822600000000591
Solve time: 0.0019731521606445312
2024-09-14 14:05:08,053 - Learned the following sketch:
(:policy
(:booleans )
(:numericals (f2 "n_count(r_primitive(carrying,0,1))"))
(:rule (:conditions (:c_n_gt f2)) (:effects (:e_n_dec f2)))
(:rule (:conditions (:c_n_eq f2)) (:effects (:e_n_bot f2)))
(:rule (:conditions (:c_n_eq f2)) (:effects (:e_n_inc f2)))
)
Numer of sketch rules: 3
Number of selected features: 1
Maximum complexity of selected feature: 2
Sketch solves: /proj/ssiw/users/x_domdr/projects/code/sketch-learner/learning/benchmarks/tractable/delivery/training/easy/instance_2_1_1_9.pddl
Sketch cycles
Instance: 2
9
9
Number of unsatisfied D2 facts: 19
Number of D2 facts: 43 of 484
2024-09-14 14:05:08,170 - Grounding Logic Program...
2024-09-14 14:05:08,203 - ..done
2024-09-14 14:05:08,203 - Solving Logic Program...
2024-09-14 14:05:08,207 - ..done
Clingo statistics:
{'call': 0.0, 'result': 1.0, 'signal': 0.0, 'exhausted': 1.0, 'costs': [5.0], 'lower': [5.0], 'concurrency': 32.0, 'winner': 29.0, 'times': {'total': 0.15318894386291504, 'cpu': 0.16491700000000264, 'solve': 0.0020568370819091797, 'unsat': 0.0004429817199707031, 'sat': 0.0010919570922851562}, 'models': {'enumerated': 6.0, 'optimal': 1.0}}
Solution cost: [5.0]
Total time: 0.15318894386291504
CPU time: 0.16491700000000264
Solve time: 0.0020568370819091797
2024-09-14 14:05:08,229 - Learned the following sketch:
(:policy
(:booleans )
(:numericals (f3 "n_count(c_equal(r_primitive(at,0,1),r_primitive(at_g,0,1)))"))
(:rule (:conditions (:c_n_gt f3)) (:effects (:e_n_inc f3)))
(:rule (:conditions (:c_n_gt f3)) (:effects (:e_n_bot f3)))
)
Numer of sketch rules: 2
Number of selected features: 1
Maximum complexity of selected feature: 4
Sketch solves: /proj/ssiw/users/x_domdr/projects/code/sketch-learner/learning/benchmarks/tractable/delivery/training/easy/instance_2_1_1_9.pddl
Sketch cycles
Instance: 2
9
9
Number of unsatisfied D2 facts: 32
Number of D2 facts: 75 of 484
2024-09-14 14:05:08,344 - Grounding Logic Program...
2024-09-14 14:05:08,382 - ..done
2024-09-14 14:05:08,382 - Solving Logic Program...
2024-09-14 14:05:08,387 - ..done
Clingo statistics:
{'call': 0.0, 'result': 1.0, 'signal': 0.0, 'exhausted': 1.0, 'costs': [8.0], 'lower': [8.0], 'concurrency': 32.0, 'winner': 3.0, 'times': {'total': 0.15736985206604004, 'cpu': 0.17796699999999532, 'solve': 0.002810955047607422, 'unsat': 0.0007328987121582031, 'sat': 0.0012040138244628906}, 'models': {'enumerated': 12.0, 'optimal': 1.0}}
Solution cost: [8.0]
Total time: 0.15736985206604004
CPU time: 0.17796699999999532
Solve time: 0.002810955047607422
2024-09-14 14:05:08,409 - Learned the following sketch:
(:policy
(:booleans )
(:numericals (f2 "n_count(r_primitive(carrying,0,1))") (f3 "n_count(c_equal(r_primitive(at,0,1),r_primitive(at_g,0,1)))"))
(:rule (:conditions (:c_n_gt f2) (:c_n_gt f3)) (:effects (:e_n_dec f2) (:e_n_inc f3)))
(:rule (:conditions (:c_n_eq f2) (:c_n_gt f3)) (:effects (:e_n_inc f2) (:e_n_bot f3)))
(:rule (:conditions (:c_n_eq f2) (:c_n_gt f3)) (:effects (:e_n_bot f2) (:e_n_bot f3)))
)
Numer of sketch rules: 3
Number of selected features: 2
Maximum complexity of selected feature: 4
Sketch solves: /proj/ssiw/users/x_domdr/projects/code/sketch-learner/learning/benchmarks/tractable/delivery/training/easy/instance_2_1_1_9.pddl
Sketch cycles
Instance: 2
9
9
Number of unsatisfied D2 facts: 8
Number of D2 facts: 83 of 484
2024-09-14 14:05:08,530 - Grounding Logic Program...
2024-09-14 14:05:08,571 - ..done
2024-09-14 14:05:08,571 - Solving Logic Program...
2024-09-14 14:05:08,576 - ..done
Clingo statistics:
{'call': 0.0, 'result': 1.0, 'signal': 0.0, 'exhausted': 1.0, 'costs': [8.0], 'lower': [8.0], 'concurrency': 32.0, 'winner': 4.0, 'times': {'total': 0.16614890098571777, 'cpu': 0.18807599999999525, 'solve': 0.0031290054321289062, 'unsat': 0.0008490085601806641, 'sat': 0.0012309551239013672}, 'models': {'enumerated': 15.0, 'optimal': 1.0}}
Solution cost: [8.0]
Total time: 0.16614890098571777
CPU time: 0.18807599999999525
Solve time: 0.0031290054321289062
2024-09-14 14:05:08,598 - Learned the following sketch:
(:policy
(:booleans )
(:numericals (f1 "n_count(c_primitive(empty,0))") (f3 "n_count(c_equal(r_primitive(at,0,1),r_primitive(at_g,0,1)))"))
(:rule (:conditions (:c_n_eq f1) (:c_n_gt f3)) (:effects (:e_n_inc f1) (:e_n_inc f3)))
(:rule (:conditions (:c_n_gt f1) (:c_n_gt f3)) (:effects (:e_n_dec f1) (:e_n_bot f3)))
)
Numer of sketch rules: 2
Number of selected features: 2
Maximum complexity of selected feature: 4
Sketch solves: /proj/ssiw/users/x_domdr/projects/code/sketch-learner/learning/benchmarks/tractable/delivery/training/easy/instance_2_1_1_9.pddl
2024-09-14 14:05:08,599 - Verifying learned sketch...
Sketch solves: /proj/ssiw/users/x_domdr/projects/code/sketch-learner/learning/benchmarks/tractable/delivery/training/easy/instance_2_1_1_9.pddl
Sketch solves: /proj/ssiw/users/x_domdr/projects/code/sketch-learner/learning/benchmarks/tractable/delivery/training/easy/instance_1_1_3_5.pddl
Sketch solves: /proj/ssiw/users/x_domdr/projects/code/sketch-learner/learning/benchmarks/tractable/delivery/training/easy/instance_1_1_1_9.pddl
Sketch solves: /proj/ssiw/users/x_domdr/projects/code/sketch-learner/learning/benchmarks/tractable/delivery/training/easy/instance_2_1_1_9.pddl
Sketch solves: /proj/ssiw/users/x_domdr/projects/code/sketch-learner/learning/benchmarks/tractable/delivery/training/easy/instance_3_1_1_29.pddl
Sketch solves: /proj/ssiw/users/x_domdr/projects/code/sketch-learner/learning/benchmarks/tractable/delivery/training/easy/instance_1_3_1_23.pddl
Sketch solves: /proj/ssiw/users/x_domdr/projects/code/sketch-learner/learning/benchmarks/tractable/delivery/training/easy/instance_2_2_1_16.pddl
Sketch solves: /proj/ssiw/users/x_domdr/projects/code/sketch-learner/learning/benchmarks/tractable/delivery/training/easy/instance_1_2_3_13.pddl
Sketch solves: /proj/ssiw/users/x_domdr/projects/code/sketch-learner/learning/benchmarks/tractable/delivery/training/easy/instance_3_3_1_5.pddl
Sketch solves: /proj/ssiw/users/x_domdr/projects/code/sketch-learner/learning/benchmarks/tractable/delivery/training/easy/instance_3_2_1_28.pddl
Sketch solves: /proj/ssiw/users/x_domdr/projects/code/sketch-learner/learning/benchmarks/tractable/delivery/training/easy/instance_1_3_3_7.pddl
Sketch solves: /proj/ssiw/users/x_domdr/projects/code/sketch-learner/learning/benchmarks/tractable/delivery/training/easy/instance_3_2_1_5.pddl
Sketch solves: /proj/ssiw/users/x_domdr/projects/code/sketch-learner/learning/benchmarks/tractable/delivery/training/easy/instance_1_3_3_8.pddl
Sketch solves: /proj/ssiw/users/x_domdr/projects/code/sketch-learner/learning/benchmarks/tractable/delivery/training/easy/instance_3_3_1_17.pddl
Sketch solves: /proj/ssiw/users/x_domdr/projects/code/sketch-learner/learning/benchmarks/tractable/delivery/training/easy/instance_3_3_1_20.pddl
Sketch solves: /proj/ssiw/users/x_domdr/projects/code/sketch-learner/learning/benchmarks/tractable/delivery/training/easy/instance_2_2_3_12.pddl
Sketch solves: /proj/ssiw/users/x_domdr/projects/code/sketch-learner/learning/benchmarks/tractable/delivery/training/easy/instance_2_3_3_24.pddl
Sketch solves: /proj/ssiw/users/x_domdr/projects/code/sketch-learner/learning/benchmarks/tractable/delivery/training/easy/instance_3_3_3_6.pddl
Sketch solves: /proj/ssiw/users/x_domdr/projects/code/sketch-learner/learning/benchmarks/tractable/delivery/training/easy/instance_3_2_3_21.pddl
Sketch solves: /proj/ssiw/users/x_domdr/projects/code/sketch-learner/learning/benchmarks/tractable/delivery/training/easy/instance_3_3_3_19.pddl
Sketch solves: /proj/ssiw/users/x_domdr/projects/code/sketch-learner/learning/benchmarks/tractable/delivery/training/easy/instance_3_3_3_21.pddl
2024-09-14 14:05:09,407 - ..done
Sketch solves all instances!
================================================================================
2024-09-14 14:05:09,408 - Summary:
LearningStatistics:
    num_training_instances: 20
    num_selected_training_instances (|P|): 1
    num_states_in_selected_training_instances (|S|): 6
    num_states_in_complete_selected_training_instances (|S|): 6
    num_features_in_pool (|F|): 122
================================================================================
Resulting sketch:
(:policy
(:booleans )
(:numericals (f1 "n_count(c_primitive(empty,0))") (f3 "n_count(c_equal(r_primitive(at,0,1),r_primitive(at_g,0,1)))"))
(:rule (:conditions (:c_n_eq f1) (:c_n_gt f3)) (:effects (:e_n_inc f1) (:e_n_inc f3)))
(:rule (:conditions (:c_n_gt f1) (:c_n_gt f3)) (:effects (:e_n_dec f1) (:e_n_bot f3)))
)
Numer of sketch rules: 2
Number of selected features: 2
Maximum complexity of selected feature: 4
================================================================================
Resulting minimized sketch:
(:policy
(:booleans )
(:numericals (f1 "n_count(c_primitive(empty,0))") (f3 "n_count(c_equal(r_primitive(at,0,1),r_primitive(at_g,0,1)))"))
(:rule (:conditions (:c_n_eq f1) (:c_n_gt f3)) (:effects (:e_n_inc f1) (:e_n_inc f3)))
(:rule (:conditions (:c_n_gt f1) (:c_n_gt f3)) (:effects (:e_n_dec f1) (:e_n_bot f3)))
)
Numer of sketch rules: 2
Number of selected features: 2
Maximum complexity of selected feature: 4
================================================================================
================================================================================
Preprocessing time: 7 seconds.
ASP time: 1 seconds.
Verification time: 1 seconds.
Total time: 9 seconds.
Total memory: 0 GiB.
Num states in training data before symmetry pruning: 411720
Num states in training data after symmetry pruning: 3346
================================================================================

