Changing working directory:  /proj/ssiw/users/x_domdr/projects/code/sketch-learner/learning/experiments/scripts/workspace/gripper_0
2024-08-09 00:09:57,390 - Constructing InstanceDatas...
2024-08-09 00:09:57,413 - Constructing GlobalFaithfulAbstractions...
2024-08-09 00:09:57,476 - ...done
2024-08-09 00:09:57,476 - Constructing StateSpaces...
2024-08-09 00:09:57,479 - ...done
/proj/ssiw/users/x_domdr/projects/code/sketch-learner/learning/benchmarks/gripper/instances/p-1-0.pddl /proj/ssiw/users/x_domdr/projects/code/sketch-learner/learning/benchmarks/gripper/instances/p-1-0.pddl
2024-08-09 00:09:57,481 - Created InstanceData with num concrete states: 8 and num abstract states: 6
/proj/ssiw/users/x_domdr/projects/code/sketch-learner/learning/benchmarks/gripper/instances/p-2-0.pddl /proj/ssiw/users/x_domdr/projects/code/sketch-learner/learning/benchmarks/gripper/instances/p-2-0.pddl
2024-08-09 00:09:57,483 - Created InstanceData with num concrete states: 28 and num abstract states: 12
/proj/ssiw/users/x_domdr/projects/code/sketch-learner/learning/benchmarks/gripper/instances/p-3-0.pddl /proj/ssiw/users/x_domdr/projects/code/sketch-learner/learning/benchmarks/gripper/instances/p-3-0.pddl
2024-08-09 00:09:57,486 - Created InstanceData with num concrete states: 88 and num abstract states: 18
/proj/ssiw/users/x_domdr/projects/code/sketch-learner/learning/benchmarks/gripper/instances/p-4-0.pddl /proj/ssiw/users/x_domdr/projects/code/sketch-learner/learning/benchmarks/gripper/instances/p-4-0.pddl
2024-08-09 00:09:57,492 - Created InstanceData with num concrete states: 256 and num abstract states: 24
/proj/ssiw/users/x_domdr/projects/code/sketch-learner/learning/benchmarks/gripper/instances/p-5-0.pddl /proj/ssiw/users/x_domdr/projects/code/sketch-learner/learning/benchmarks/gripper/instances/p-5-0.pddl
2024-08-09 00:09:57,507 - Created InstanceData with num concrete states: 704 and num abstract states: 30
2024-08-09 00:09:57,507 - ..done
2024-08-09 00:09:57,508 - Initializing TupleGraphs...
2024-08-09 00:09:57,509 - ..done
2024-08-09 00:09:57,510 - Iteration: 0
     id: 0 problem_filepath: /proj/ssiw/users/x_domdr/projects/code/sketch-learner/learning/benchmarks/gripper/instances/p-1-0.pddl num_states: 8 num_state_equivalences: 6
2024-08-09 00:09:57,513 - Initialize global faithful abstract states...
2024-08-09 00:09:57,513 - ..done
2024-08-09 00:09:57,513 - Initializing DomainFeatureData...
[t=0.884325s, 2490792 KB] Started generating base features of complexity 1.
[t=0.884643s, 2490792 KB] Complexity 1:
    b_nullary: 0
    c_one_of: 2
    c_top: 1
    c_bot: 1
    c_primitive: 5
    r_primitive: 4
    c_and: 0
    c_not: 0
    c_equal: 0
    c_some: 0
    c_all: 0
    r_restrict: 0
    r_and: 0
    r_inverse: 0
    r_transitive_closure: 0
    b_empty: 0
    n_count: 0
    n_concept_distance: 0
[t=0.885015s, 2490792 KB] Finished generating base features.
[t=0.885057s, 2490792 KB] Started generating composite features. 
[t=0.885325s, 2490792 KB] Complexity 2:
Total concept elements: 16
Total role elements: 7
Total numerical elements: 7
Total boolean elements: 4
    b_nullary: 0
    c_one_of: 2
    c_top: 1
    c_bot: 1
    c_primitive: 5
    r_primitive: 4
    c_and: 0
    c_not: 7
    c_equal: 0
    c_some: 0
    c_all: 0
    r_restrict: 0
    r_and: 0
    r_inverse: 3
    r_transitive_closure: 0
    b_empty: 4
    n_count: 7
    n_concept_distance: 0
[t=0.886167s, 2490792 KB] Complexity 3:
Total concept elements: 31
Total role elements: 11
Total numerical elements: 10
Total boolean elements: 4
    b_nullary: 0
    c_one_of: 2
    c_top: 1
    c_bot: 1
    c_primitive: 5
    r_primitive: 4
    c_and: 2
    c_not: 7
    c_equal: 2
    c_some: 6
    c_all: 5
    r_restrict: 4
    r_and: 0
    r_inverse: 3
    r_transitive_closure: 0
    b_empty: 4
    n_count: 10
    n_concept_distance: 0
[t=0.887187s, 2490792 KB] Complexity 4:
Total concept elements: 45
Total role elements: 15
Total numerical elements: 31
Total boolean elements: 9
    b_nullary: 0
    c_one_of: 2
    c_top: 1
    c_bot: 1
    c_primitive: 5
    r_primitive: 4
    c_and: 6
    c_not: 14
    c_equal: 2
    c_some: 7
    c_all: 7
    r_restrict: 4
    r_and: 0
    r_inverse: 7
    r_transitive_closure: 0
    b_empty: 9
    n_count: 22
    n_concept_distance: 9
[t=0.890656s, 2490792 KB] Complexity 5:
Total concept elements: 71
Total role elements: 15
Total numerical elements: 35
Total boolean elements: 11
    b_nullary: 0
    c_one_of: 2
    c_top: 1
    c_bot: 1
    c_primitive: 5
    r_primitive: 4
    c_and: 21
    c_not: 17
    c_equal: 2
    c_some: 9
    c_all: 13
    r_restrict: 4
    r_and: 0
    r_inverse: 7
    r_transitive_closure: 0
    b_empty: 11
    n_count: 26
    n_concept_distance: 9
[t=0.892885s, 2490792 KB] Complexity 6:
Total concept elements: 161
Total role elements: 15
Total numerical elements: 63
Total boolean elements: 15
    b_nullary: 0
    c_one_of: 2
    c_top: 1
    c_bot: 1
    c_primitive: 5
    r_primitive: 4
    c_and: 73
    c_not: 32
    c_equal: 2
    c_some: 17
    c_all: 28
    r_restrict: 4
    r_and: 0
    r_inverse: 7
    r_transitive_closure: 0
    b_empty: 15
    n_count: 40
    n_concept_distance: 23
[t=0.896245s, 2490792 KB] Complexity 7:
Total concept elements: 252
Total role elements: 15
Total numerical elements: 103
Total boolean elements: 22
    b_nullary: 0
    c_one_of: 2
    c_top: 1
    c_bot: 1
    c_primitive: 5
    r_primitive: 4
    c_and: 117
    c_not: 79
    c_equal: 2
    c_some: 17
    c_all: 28
    r_restrict: 4
    r_and: 0
    r_inverse: 7
    r_transitive_closure: 0
    b_empty: 22
    n_count: 72
    n_concept_distance: 31
[t=0.903377s, 2490792 KB] Complexity 8:
Total concept elements: 437
Total role elements: 15
Total numerical elements: 160
Total boolean elements: 34
    b_nullary: 0
    c_one_of: 2
    c_top: 1
    c_bot: 1
    c_primitive: 5
    r_primitive: 4
    c_and: 241
    c_not: 113
    c_equal: 2
    c_some: 26
    c_all: 46
    r_restrict: 4
    r_and: 0
    r_inverse: 7
    r_transitive_closure: 0
    b_empty: 34
    n_count: 107
    n_concept_distance: 53
[t=0.915808s, 2490792 KB] Complexity 9:
Total concept elements: 722
Total role elements: 15
Total numerical elements: 266
Total boolean elements: 42
    b_nullary: 0
    c_one_of: 2
    c_top: 1
    c_bot: 1
    c_primitive: 5
    r_primitive: 4
    c_and: 428
    c_not: 207
    c_equal: 2
    c_some: 28
    c_all: 48
    r_restrict: 4
    r_and: 0
    r_inverse: 7
    r_transitive_closure: 0
    b_empty: 42
    n_count: 174
    n_concept_distance: 92
[t=0.916175s, 2490792 KB] Finished generating composite features.
Features generated: 308
Features after 0/1 pruning (incomplete): 151
Features after soft changes pruning (incomplete): 151
Features after relevant changes pruning (complete): 60
2024-08-09 00:09:57,635 - ..done
2024-08-09 00:09:57,635 - Constructing PerStateFeatureValuations...
2024-08-09 00:09:57,636 - ..done
2024-08-09 00:09:57,636 - Constructing StatePairEquivalenceDatas...
2024-08-09 00:09:57,643 - ..done
2024-08-09 00:09:57,643 - Constructing TupleGraphEquivalences...
Tuple graph equivalence construction statistics:
Num nodes: 18
2024-08-09 00:09:57,643 - ..done
2024-08-09 00:09:57,643 - Minimizing TupleGraphEquivalences...
Tuple graph equivalence minimization statistics:
Num orig nodes: 18
Num kept nodes: 16
2024-08-09 00:09:57,644 - ..done
Number of initial D2 facts: 14
Number of D2 facts: 14 of 256
2024-08-09 00:09:57,661 - Grounding Logic Program...
2024-08-09 00:09:57,675 - ..done
2024-08-09 00:09:57,675 - Solving Logic Program...
2024-08-09 00:09:57,679 - ..done
Clingo statistics:
{'call': 0.0, 'result': 1.0, 'signal': 0.0, 'exhausted': 1.0, 'costs': [3.0], 'lower': [3.0], 'concurrency': 32.0, 'winner': 6.0, 'times': {'total': 0.033972978591918945, 'cpu': 0.04244800000000004, 'solve': 0.002476930618286133, 'unsat': 0.0004608631134033203, 'sat': 0.0016400814056396484}, 'models': {'enumerated': 6.0, 'optimal': 1.0}}
Solution cost: [3.0]
Total time: 0.033972978591918945
CPU time: 0.04244800000000004
Solve time: 0.002476930618286133
2024-08-09 00:09:57,688 - Learned the following sketch:
(:policy
(:booleans )
(:numericals (f27 "n_count(r_primitive(carry,0,1))"))
(:rule (:conditions (:c_n_eq f27)) (:effects (:e_n_inc f27)))
(:rule (:conditions (:c_n_eq f27)) (:effects (:e_n_bot f27)))
(:rule (:conditions (:c_n_gt f27)) (:effects (:e_n_bot f27)))
(:rule (:conditions (:c_n_gt f27)) (:effects (:e_n_dec f27)))
)
Numer of sketch rules: 4
Number of selected features: 1
Maximum complexity of selected feature: 2
Sketch solves: /proj/ssiw/users/x_domdr/projects/code/sketch-learner/learning/benchmarks/gripper/instances/p-1-0.pddl
Sketch cycles
Instance: 0
3
3
Number of unsatisfied D2 facts: 12
Number of D2 facts: 26 of 256
2024-08-09 00:09:57,731 - Grounding Logic Program...
2024-08-09 00:09:57,744 - ..done
2024-08-09 00:09:57,745 - Solving Logic Program...
2024-08-09 00:09:57,747 - ..done
Clingo statistics:
{'call': 0.0, 'result': 1.0, 'signal': 0.0, 'exhausted': 1.0, 'costs': [5.0], 'lower': [5.0], 'concurrency': 32.0, 'winner': 17.0, 'times': {'total': 0.05907106399536133, 'cpu': 0.06788300000000003, 'solve': 0.001977205276489258, 'unsat': 0.0003540515899658203, 'sat': 0.001249074935913086}, 'models': {'enumerated': 5.0, 'optimal': 1.0}}
Solution cost: [5.0]
Total time: 0.05907106399536133
CPU time: 0.06788300000000003
Solve time: 0.001977205276489258
2024-08-09 00:09:57,757 - Learned the following sketch:
(:policy
(:booleans )
(:numericals (f29 "n_count(c_and(c_one_of(roomb),c_primitive(at-robby,0)))"))
(:rule (:conditions (:c_n_eq f29)) (:effects (:e_n_bot f29)))
(:rule (:conditions (:c_n_gt f29)) (:effects (:e_n_dec f29)))
(:rule (:conditions (:c_n_eq f29)) (:effects (:e_n_inc f29)))
(:rule (:conditions (:c_n_gt f29)) (:effects (:e_n_bot f29)))
)
Numer of sketch rules: 4
Number of selected features: 1
Maximum complexity of selected feature: 4
Sketch solves: /proj/ssiw/users/x_domdr/projects/code/sketch-learner/learning/benchmarks/gripper/instances/p-1-0.pddl
Sketch cycles
Instance: 0
3
3
Number of unsatisfied D2 facts: 12
Number of D2 facts: 38 of 256
2024-08-09 00:09:57,801 - Grounding Logic Program...
2024-08-09 00:09:57,815 - ..done
2024-08-09 00:09:57,815 - Solving Logic Program...
2024-08-09 00:09:57,818 - ..done
Clingo statistics:
{'call': 0.0, 'result': 1.0, 'signal': 0.0, 'exhausted': 1.0, 'costs': [8.0], 'lower': [8.0], 'concurrency': 32.0, 'winner': 29.0, 'times': {'total': 0.060964107513427734, 'cpu': 0.07155699999999987, 'solve': 0.0021390914916992188, 'unsat': 0.0004291534423828125, 'sat': 0.0011830329895019531}, 'models': {'enumerated': 6.0, 'optimal': 1.0}}
Solution cost: [8.0]
Total time: 0.060964107513427734
CPU time: 0.07155699999999987
Solve time: 0.0021390914916992188
2024-08-09 00:09:57,829 - Learned the following sketch:
(:policy
(:booleans )
(:numericals (f28 "n_count(r_primitive(at,0,1))") (f3 "n_concept_distance(c_one_of(roomb),r_primitive(carry,0,1),c_primitive(at-robby,0))"))
(:rule (:conditions (:c_n_gt f28) (:c_n_gt f3)) (:effects (:e_n_dec f28) (:e_n_bot f3)))
(:rule (:conditions (:c_n_gt f28) (:c_n_eq f3)) (:effects (:e_n_bot f28) (:e_n_inc f3)))
(:rule (:conditions (:c_n_eq f28) (:c_n_gt f3)) (:effects (:e_n_bot f28) (:e_n_dec f3)))
(:rule (:conditions (:c_n_eq f28) (:c_n_eq f3)) (:effects (:e_n_inc f28) (:e_n_bot f3)))
)
Numer of sketch rules: 4
Number of selected features: 2
Maximum complexity of selected feature: 4
Sketch solves: /proj/ssiw/users/x_domdr/projects/code/sketch-learner/learning/benchmarks/gripper/instances/p-1-0.pddl
2024-08-09 00:09:57,829 - Verifying learned sketch...
Sketch solves: /proj/ssiw/users/x_domdr/projects/code/sketch-learner/learning/benchmarks/gripper/instances/p-1-0.pddl
Sketch solves: /proj/ssiw/users/x_domdr/projects/code/sketch-learner/learning/benchmarks/gripper/instances/p-1-0.pddl
Sketch fails to bound width of a state
/proj/ssiw/users/x_domdr/projects/code/sketch-learner/learning/benchmarks/gripper/instances/p-2-0.pddl
Instance: 1
Source_state: 13
Dlplan state: (instance index=1, state index=24, atoms={at(ball1,roomb), at-robby(rooma), free(right), carry(ball2,left)})
2024-08-09 00:09:57,831 - ..done
Smallest unsolved instance: 1
Selected instances: [1]
2024-08-09 00:09:57,831 - Iteration: 1
     id: 1 problem_filepath: /proj/ssiw/users/x_domdr/projects/code/sketch-learner/learning/benchmarks/gripper/instances/p-2-0.pddl num_states: 28 num_state_equivalences: 12
2024-08-09 00:09:57,834 - Initialize global faithful abstract states...
2024-08-09 00:09:57,834 - ..done
2024-08-09 00:09:57,834 - Initializing DomainFeatureData...
[t=1.20575s, 2490792 KB] Started generating base features of complexity 1.
[t=1.20595s, 2490792 KB] Complexity 1:
    b_nullary: 0
    c_one_of: 2
    c_top: 1
    c_bot: 1
    c_primitive: 5
    r_primitive: 4
    c_and: 0
    c_not: 0
    c_equal: 0
    c_some: 0
    c_all: 0
    r_restrict: 0
    r_and: 0
    r_inverse: 0
    r_transitive_closure: 0
    b_empty: 0
    n_count: 0
    n_concept_distance: 0
[t=1.20635s, 2490792 KB] Finished generating base features.
[t=1.20641s, 2490792 KB] Started generating composite features. 
[t=1.20662s, 2490792 KB] Complexity 2:
Total concept elements: 16
Total role elements: 7
Total numerical elements: 6
Total boolean elements: 4
    b_nullary: 0
    c_one_of: 2
    c_top: 1
    c_bot: 1
    c_primitive: 5
    r_primitive: 4
    c_and: 0
    c_not: 7
    c_equal: 0
    c_some: 0
    c_all: 0
    r_restrict: 0
    r_and: 0
    r_inverse: 3
    r_transitive_closure: 0
    b_empty: 4
    n_count: 6
    n_concept_distance: 0
[t=1.2079s, 2490792 KB] Complexity 3:
Total concept elements: 31
Total role elements: 11
Total numerical elements: 9
Total boolean elements: 4
    b_nullary: 0
    c_one_of: 2
    c_top: 1
    c_bot: 1
    c_primitive: 5
    r_primitive: 4
    c_and: 2
    c_not: 7
    c_equal: 2
    c_some: 6
    c_all: 5
    r_restrict: 4
    r_and: 0
    r_inverse: 3
    r_transitive_closure: 0
    b_empty: 4
    n_count: 9
    n_concept_distance: 0
[t=1.20955s, 2490792 KB] Complexity 4:
Total concept elements: 45
Total role elements: 15
Total numerical elements: 24
Total boolean elements: 9
    b_nullary: 0
    c_one_of: 2
    c_top: 1
    c_bot: 1
    c_primitive: 5
    r_primitive: 4
    c_and: 6
    c_not: 14
    c_equal: 2
    c_some: 7
    c_all: 7
    r_restrict: 4
    r_and: 0
    r_inverse: 7
    r_transitive_closure: 0
    b_empty: 9
    n_count: 21
    n_concept_distance: 3
[t=1.21204s, 2490792 KB] Complexity 5:
Total concept elements: 71
Total role elements: 15
Total numerical elements: 33
Total boolean elements: 11
    b_nullary: 0
    c_one_of: 2
    c_top: 1
    c_bot: 1
    c_primitive: 5
    r_primitive: 4
    c_and: 21
    c_not: 17
    c_equal: 2
    c_some: 9
    c_all: 13
    r_restrict: 4
    r_and: 0
    r_inverse: 7
    r_transitive_closure: 0
    b_empty: 11
    n_count: 30
    n_concept_distance: 3
[t=1.21533s, 2490792 KB] Complexity 6:
Total concept elements: 166
Total role elements: 15
Total numerical elements: 48
Total boolean elements: 15
    b_nullary: 0
    c_one_of: 2
    c_top: 1
    c_bot: 1
    c_primitive: 5
    r_primitive: 4
    c_and: 73
    c_not: 32
    c_equal: 2
    c_some: 20
    c_all: 30
    r_restrict: 4
    r_and: 0
    r_inverse: 7
    r_transitive_closure: 0
    b_empty: 15
    n_count: 45
    n_concept_distance: 3
[t=1.22018s, 2490792 KB] Complexity 7:
Total concept elements: 258
Total role elements: 15
Total numerical elements: 112
Total boolean elements: 26
    b_nullary: 0
    c_one_of: 2
    c_top: 1
    c_bot: 1
    c_primitive: 5
    r_primitive: 4
    c_and: 117
    c_not: 80
    c_equal: 2
    c_some: 20
    c_all: 30
    r_restrict: 4
    r_and: 0
    r_inverse: 7
    r_transitive_closure: 0
    b_empty: 26
    n_count: 103
    n_concept_distance: 9
[t=1.23011s, 2490792 KB] Complexity 8:
Total concept elements: 511
Total role elements: 15
Total numerical elements: 168
Total boolean elements: 39
    b_nullary: 0
    c_one_of: 2
    c_top: 1
    c_bot: 1
    c_primitive: 5
    r_primitive: 4
    c_and: 249
    c_not: 115
    c_equal: 2
    c_some: 59
    c_all: 77
    r_restrict: 4
    r_and: 0
    r_inverse: 7
    r_transitive_closure: 0
    b_empty: 39
    n_count: 159
    n_concept_distance: 9
[t=1.24682s, 2490792 KB] Complexity 9:
Total concept elements: 857
Total role elements: 15
Total numerical elements: 387
Total boolean elements: 71
    b_nullary: 0
    c_one_of: 2
    c_top: 1
    c_bot: 1
    c_primitive: 5
    r_primitive: 4
    c_and: 452
    c_not: 244
    c_equal: 2
    c_some: 66
    c_all: 84
    r_restrict: 4
    r_and: 0
    r_inverse: 7
    r_transitive_closure: 0
    b_empty: 71
    n_count: 350
    n_concept_distance: 37
[t=1.24717s, 2490792 KB] Finished generating composite features.
Features generated: 458
Features after 0/1 pruning (incomplete): 241
Features after soft changes pruning (incomplete): 233
Features after relevant changes pruning (complete): 129
2024-08-09 00:09:58,189 - ..done
2024-08-09 00:09:58,189 - Constructing PerStateFeatureValuations...
2024-08-09 00:09:58,190 - ..done
2024-08-09 00:09:58,190 - Constructing StatePairEquivalenceDatas...
2024-08-09 00:09:58,228 - ..done
2024-08-09 00:09:58,228 - Constructing TupleGraphEquivalences...
Tuple graph equivalence construction statistics:
Num nodes: 46
2024-08-09 00:09:58,230 - ..done
2024-08-09 00:09:58,230 - Minimizing TupleGraphEquivalences...
Tuple graph equivalence minimization statistics:
Num orig nodes: 46
Num kept nodes: 36
2024-08-09 00:09:58,230 - ..done
Number of initial D2 facts: 38
Number of D2 facts: 38 of 1296
2024-08-09 00:09:58,297 - Grounding Logic Program...
2024-08-09 00:09:58,355 - ..done
2024-08-09 00:09:58,355 - Solving Logic Program...
2024-08-09 00:09:58,362 - ..done
Clingo statistics:
{'call': 0.0, 'result': 1.0, 'signal': 0.0, 'exhausted': 1.0, 'costs': [3.0], 'lower': [3.0], 'concurrency': 32.0, 'winner': 9.0, 'times': {'total': 0.13077187538146973, 'cpu': 0.14650999999999992, 'solve': 0.003894805908203125, 'unsat': 0.0010178089141845703, 'sat': 0.0015478134155273438}, 'models': {'enumerated': 28.0, 'optimal': 1.0}}
Solution cost: [3.0]
Total time: 0.13077187538146973
CPU time: 0.14650999999999992
Solve time: 0.003894805908203125
2024-08-09 00:09:58,396 - Learned the following sketch:
(:policy
(:booleans )
(:numericals (f43 "n_count(r_primitive(carry,0,1))"))
(:rule (:conditions (:c_n_eq f43)) (:effects (:e_n_bot f43)))
(:rule (:conditions (:c_n_gt f43)) (:effects (:e_n_inc f43)))
(:rule (:conditions (:c_n_gt f43)) (:effects (:e_n_bot f43)))
(:rule (:conditions (:c_n_gt f43)) (:effects (:e_n_dec f43)))
(:rule (:conditions (:c_n_eq f43)) (:effects (:e_n_inc f43)))
)
Numer of sketch rules: 5
Number of selected features: 1
Maximum complexity of selected feature: 2
Sketch solves: /proj/ssiw/users/x_domdr/projects/code/sketch-learner/learning/benchmarks/gripper/instances/p-2-0.pddl
Sketch cycles
Instance: 1
17
17
Number of unsatisfied D2 facts: 54
Number of D2 facts: 92 of 1296
2024-08-09 00:09:58,609 - Grounding Logic Program...
2024-08-09 00:09:58,670 - ..done
2024-08-09 00:09:58,670 - Solving Logic Program...
2024-08-09 00:09:58,677 - ..done
Clingo statistics:
{'call': 0.0, 'result': 1.0, 'signal': 0.0, 'exhausted': 1.0, 'costs': [8.0], 'lower': [8.0], 'concurrency': 32.0, 'winner': 5.0, 'times': {'total': 0.279400110244751, 'cpu': 0.3065849999999999, 'solve': 0.0035271644592285156, 'unsat': 0.0010991096496582031, 'sat': 0.001699209213256836}, 'models': {'enumerated': 13.0, 'optimal': 1.0}}
Solution cost: [8.0]
Total time: 0.279400110244751
CPU time: 0.3065849999999999
Solve time: 0.0035271644592285156
2024-08-09 00:09:58,714 - Learned the following sketch:
(:policy
(:booleans )
(:numericals (f85 "n_count(c_primitive(free,0))") (f26 "n_count(c_some(r_primitive(at_g,0,1),c_primitive(at-robby,0)))"))
(:rule (:conditions (:c_n_gt f85) (:c_n_gt f26)) (:effects (:e_n_bot f85) (:e_n_dec f26)))
(:rule (:conditions (:c_n_gt f85) (:c_n_eq f26)) (:effects (:e_n_bot f85) (:e_n_inc f26)))
(:rule (:conditions (:c_n_gt f85) (:c_n_gt f26)) (:effects (:e_n_inc f85) (:e_n_bot f26)))
(:rule (:conditions (:c_n_eq f85) (:c_n_eq f26)) (:effects (:e_n_inc f85) (:e_n_bot f26)))
(:rule (:conditions (:c_n_eq f85) (:c_n_gt f26)) (:effects (:e_n_inc f85) (:e_n_bot f26)))
(:rule (:conditions (:c_n_gt f85) (:c_n_eq f26)) (:effects (:e_n_dec f85) (:e_n_bot f26)))
)
Numer of sketch rules: 6
Number of selected features: 2
Maximum complexity of selected feature: 4
Sketch solves: /proj/ssiw/users/x_domdr/projects/code/sketch-learner/learning/benchmarks/gripper/instances/p-2-0.pddl
Sketch cycles
Instance: 1
16
17
17
Number of unsatisfied D2 facts: 14
Number of D2 facts: 106 of 1296
2024-08-09 00:09:58,916 - Grounding Logic Program...
2024-08-09 00:09:58,978 - ..done
2024-08-09 00:09:58,978 - Solving Logic Program...
2024-08-09 00:09:58,986 - ..done
Clingo statistics:
{'call': 0.0, 'result': 1.0, 'signal': 0.0, 'exhausted': 1.0, 'costs': [8.0], 'lower': [8.0], 'concurrency': 32.0, 'winner': 31.0, 'times': {'total': 0.2702798843383789, 'cpu': 0.30361799999999994, 'solve': 0.0039708614349365234, 'unsat': 0.0007557868957519531, 'sat': 0.0019059181213378906}, 'models': {'enumerated': 15.0, 'optimal': 1.0}}
Solution cost: [8.0]
Total time: 0.2702798843383789
CPU time: 0.30361799999999994
Solve time: 0.0039708614349365234
2024-08-09 00:09:59,025 - Learned the following sketch:
(:policy
(:booleans )
(:numericals (f43 "n_count(r_primitive(carry,0,1))") (f6 "n_concept_distance(c_one_of(roomb),r_primitive(carry,0,1),c_primitive(at-robby,0))"))
(:rule (:conditions (:c_n_eq f43) (:c_n_eq f6)) (:effects (:e_n_bot f43) (:e_n_inc f6)))
(:rule (:conditions (:c_n_gt f43) (:c_n_gt f6)) (:effects (:e_n_bot f43) (:e_n_dec f6)))
(:rule (:conditions (:c_n_gt f43) (:c_n_eq f6)) (:effects (:e_n_dec f43) (:e_n_bot f6)))
(:rule (:conditions (:c_n_gt f43) (:c_n_gt f6)) (:effects (:e_n_dec f43) (:e_n_bot f6)))
(:rule (:conditions (:c_n_gt f43) (:c_n_eq f6)) (:effects (:e_n_bot f43) (:e_n_inc f6)))
(:rule (:conditions (:c_n_eq f43) (:c_n_gt f6)) (:effects (:e_n_inc f43) (:e_n_bot f6)))
)
Numer of sketch rules: 6
Number of selected features: 2
Maximum complexity of selected feature: 4
Sketch solves: /proj/ssiw/users/x_domdr/projects/code/sketch-learner/learning/benchmarks/gripper/instances/p-2-0.pddl
Sketch cycles
Instance: 1
16
17
13
16
Number of unsatisfied D2 facts: 6
Number of D2 facts: 112 of 1296
2024-08-09 00:09:59,238 - Grounding Logic Program...
2024-08-09 00:09:59,304 - ..done
2024-08-09 00:09:59,304 - Solving Logic Program...
2024-08-09 00:09:59,313 - ..done
Clingo statistics:
{'call': 0.0, 'result': 1.0, 'signal': 0.0, 'exhausted': 1.0, 'costs': [8.0], 'lower': [8.0], 'concurrency': 32.0, 'winner': 21.0, 'times': {'total': 0.28516602516174316, 'cpu': 0.3214039999999998, 'solve': 0.004322052001953125, 'unsat': 0.0012080669403076172, 'sat': 0.0016269683837890625}, 'models': {'enumerated': 16.0, 'optimal': 1.0}}
Solution cost: [8.0]
Total time: 0.28516602516174316
CPU time: 0.3214039999999998
Solve time: 0.004322052001953125
2024-08-09 00:09:59,351 - Learned the following sketch:
(:policy
(:booleans )
(:numericals (f43 "n_count(r_primitive(carry,0,1))") (f26 "n_count(c_some(r_primitive(at_g,0,1),c_primitive(at-robby,0)))"))
(:rule (:conditions (:c_n_eq f43) (:c_n_gt f26)) (:effects (:e_n_bot f43) (:e_n_dec f26)))
(:rule (:conditions (:c_n_gt f43) (:c_n_eq f26)) (:effects (:e_n_inc f43) (:e_n_bot f26)))
(:rule (:conditions (:c_n_gt f43) (:c_n_eq f26)) (:effects (:e_n_bot f43) (:e_n_inc f26)))
(:rule (:conditions (:c_n_gt f43) (:c_n_gt f26)) (:effects (:e_n_dec f43) (:e_n_bot f26)))
(:rule (:conditions (:c_n_eq f43) (:c_n_eq f26)) (:effects (:e_n_inc f43) (:e_n_bot f26)))
)
Numer of sketch rules: 5
Number of selected features: 2
Maximum complexity of selected feature: 4
Sketch solves: /proj/ssiw/users/x_domdr/projects/code/sketch-learner/learning/benchmarks/gripper/instances/p-2-0.pddl
2024-08-09 00:09:59,353 - Verifying learned sketch...
Sketch solves: /proj/ssiw/users/x_domdr/projects/code/sketch-learner/learning/benchmarks/gripper/instances/p-2-0.pddl
Sketch solves: /proj/ssiw/users/x_domdr/projects/code/sketch-learner/learning/benchmarks/gripper/instances/p-1-0.pddl
Sketch solves: /proj/ssiw/users/x_domdr/projects/code/sketch-learner/learning/benchmarks/gripper/instances/p-2-0.pddl
Sketch solves: /proj/ssiw/users/x_domdr/projects/code/sketch-learner/learning/benchmarks/gripper/instances/p-3-0.pddl
Sketch solves: /proj/ssiw/users/x_domdr/projects/code/sketch-learner/learning/benchmarks/gripper/instances/p-4-0.pddl
Sketch solves: /proj/ssiw/users/x_domdr/projects/code/sketch-learner/learning/benchmarks/gripper/instances/p-5-0.pddl
2024-08-09 00:09:59,364 - ..done
Sketch solves all instances!
================================================================================
2024-08-09 00:09:59,364 - Summary:
LearningStatistics:
    num_training_instances: 5
    num_selected_training_instances (|P|): 1
    num_states_in_selected_training_instances (|S|): 12
    num_states_in_complete_selected_training_instances (|S|): 28
    num_features_in_pool (|F|): 129
================================================================================
Resulting sketch:
(:policy
(:booleans )
(:numericals (f43 "n_count(r_primitive(carry,0,1))") (f26 "n_count(c_some(r_primitive(at_g,0,1),c_primitive(at-robby,0)))"))
(:rule (:conditions (:c_n_eq f43) (:c_n_gt f26)) (:effects (:e_n_bot f43) (:e_n_dec f26)))
(:rule (:conditions (:c_n_gt f43) (:c_n_eq f26)) (:effects (:e_n_inc f43) (:e_n_bot f26)))
(:rule (:conditions (:c_n_gt f43) (:c_n_eq f26)) (:effects (:e_n_bot f43) (:e_n_inc f26)))
(:rule (:conditions (:c_n_gt f43) (:c_n_gt f26)) (:effects (:e_n_dec f43) (:e_n_bot f26)))
(:rule (:conditions (:c_n_eq f43) (:c_n_eq f26)) (:effects (:e_n_inc f43) (:e_n_bot f26)))
)
Numer of sketch rules: 5
Number of selected features: 2
Maximum complexity of selected feature: 4
================================================================================
Resulting minimized sketch:
(:policy
(:booleans )
(:numericals (f43 "n_count(r_primitive(carry,0,1))") (f26 "n_count(c_some(r_primitive(at_g,0,1),c_primitive(at-robby,0)))"))
(:rule (:conditions (:c_n_eq f26)) (:effects (:e_n_inc f43) (:e_n_bot f26)))
(:rule (:conditions (:c_n_eq f43) (:c_n_gt f26)) (:effects (:e_n_bot f43) (:e_n_dec f26)))
(:rule (:conditions (:c_n_gt f43) (:c_n_eq f26)) (:effects (:e_n_bot f43) (:e_n_inc f26)))
(:rule (:conditions (:c_n_gt f43) (:c_n_gt f26)) (:effects (:e_n_dec f43) (:e_n_bot f26)))
)
Numer of sketch rules: 4
Number of selected features: 2
Maximum complexity of selected feature: 4
================================================================================
================================================================================
Preprocessing time: 1 seconds.
ASP time: 2 seconds.
Verification time: 1 seconds.
Total time: 2 seconds.
Total memory: 0 GiB.
Num states in training data before symmetry pruning: 1084
Num states in training data after symmetry pruning: 90
================================================================================

