Changing working directory:  /proj/ssiw/users/x_domdr/projects/code/sketch-learner/learning/experiments/scripts/workspace-tractable/blocks_4_clear_1
2024-09-14 14:04:41,910 - Constructing InstanceDatas...
2024-09-14 14:04:42,195 - Constructing GlobalFaithfulAbstractions...
2024-09-14 14:04:42,446 - ...done
2024-09-14 14:04:42,449 - Constructing StateSpaces...
2024-09-14 14:04:42,464 - ...done
/proj/ssiw/users/x_domdr/projects/code/sketch-learner/learning/benchmarks/tractable/blocks_4_clear/training/easy/p-2-17.pddl /proj/ssiw/users/x_domdr/projects/code/sketch-learner/learning/benchmarks/tractable/blocks_4_clear/training/easy/p-2-17.pddl
2024-09-14 14:04:42,470 - Created InstanceData with num concrete states: 5 and num abstract states: 5
/proj/ssiw/users/x_domdr/projects/code/sketch-learner/learning/benchmarks/tractable/blocks_4_clear/training/easy/p-3-19.pddl /proj/ssiw/users/x_domdr/projects/code/sketch-learner/learning/benchmarks/tractable/blocks_4_clear/training/easy/p-3-19.pddl
2024-09-14 14:04:42,471 - Created InstanceData with num concrete states: 22 and num abstract states: 12
/proj/ssiw/users/x_domdr/projects/code/sketch-learner/learning/benchmarks/tractable/blocks_4_clear/training/easy/p-4-4.pddl /proj/ssiw/users/x_domdr/projects/code/sketch-learner/learning/benchmarks/tractable/blocks_4_clear/training/easy/p-4-4.pddl
2024-09-14 14:04:42,474 - Created InstanceData with num concrete states: 125 and num abstract states: 24
/proj/ssiw/users/x_domdr/projects/code/sketch-learner/learning/benchmarks/tractable/blocks_4_clear/training/easy/p-5-29.pddl /proj/ssiw/users/x_domdr/projects/code/sketch-learner/learning/benchmarks/tractable/blocks_4_clear/training/easy/p-5-29.pddl
2024-09-14 14:04:42,490 - Created InstanceData with num concrete states: 866 and num abstract states: 45
2024-09-14 14:04:42,490 - ..done
2024-09-14 14:04:42,491 - Initializing TupleGraphs...
2024-09-14 14:04:42,504 - ..done
2024-09-14 14:04:42,505 - Iteration: 0
     id: 0 problem_filepath: /proj/ssiw/users/x_domdr/projects/code/sketch-learner/learning/benchmarks/tractable/blocks_4_clear/training/easy/p-2-17.pddl num_states: 5 num_state_equivalences: 5
2024-09-14 14:04:42,506 - Initialize global faithful abstract states...
2024-09-14 14:04:42,506 - ..done
2024-09-14 14:04:42,506 - Initializing DomainFeatureData...
[t=0.826997s, 2447644 KB] Started generating base features of complexity 1.
[t=0.827361s, 2447644 KB] Complexity 1:
    b_nullary: 2
    c_one_of: 1
    c_top: 1
    c_bot: 1
    c_primitive: 3
    r_primitive: 2
    c_and: 0
    c_not: 0
    c_equal: 0
    c_some: 0
    c_all: 0
    r_restrict: 0
    r_and: 0
    r_inverse: 0
    r_transitive_closure: 0
    b_empty: 0
    n_count: 0
    n_concept_distance: 0
[t=0.827731s, 2447644 KB] Finished generating base features.
[t=0.827773s, 2447644 KB] Started generating composite features. 
[t=0.828031s, 2447644 KB] Complexity 2:
Total concept elements: 10
Total role elements: 3
Total numerical elements: 6
Total boolean elements: 4
    b_nullary: 2
    c_one_of: 1
    c_top: 1
    c_bot: 1
    c_primitive: 3
    r_primitive: 2
    c_and: 0
    c_not: 4
    c_equal: 0
    c_some: 0
    c_all: 0
    r_restrict: 0
    r_and: 0
    r_inverse: 1
    r_transitive_closure: 0
    b_empty: 2
    n_count: 6
    n_concept_distance: 0
[t=0.828622s, 2447644 KB] Complexity 3:
Total concept elements: 18
Total role elements: 4
Total numerical elements: 8
Total boolean elements: 5
    b_nullary: 2
    c_one_of: 1
    c_top: 1
    c_bot: 1
    c_primitive: 3
    r_primitive: 2
    c_and: 4
    c_not: 4
    c_equal: 1
    c_some: 2
    c_all: 1
    r_restrict: 1
    r_and: 0
    r_inverse: 1
    r_transitive_closure: 0
    b_empty: 3
    n_count: 8
    n_concept_distance: 0
[t=0.829133s, 2447644 KB] Complexity 4:
Total concept elements: 34
Total role elements: 5
Total numerical elements: 20
Total boolean elements: 10
    b_nullary: 2
    c_one_of: 1
    c_top: 1
    c_bot: 1
    c_primitive: 3
    r_primitive: 2
    c_and: 11
    c_not: 10
    c_equal: 1
    c_some: 3
    c_all: 3
    r_restrict: 1
    r_and: 0
    r_inverse: 2
    r_transitive_closure: 0
    b_empty: 8
    n_count: 15
    n_concept_distance: 5
[t=0.831471s, 2447644 KB] Complexity 5:
Total concept elements: 48
Total role elements: 5
Total numerical elements: 42
Total boolean elements: 17
    b_nullary: 2
    c_one_of: 1
    c_top: 1
    c_bot: 1
    c_primitive: 3
    r_primitive: 2
    c_and: 17
    c_not: 18
    c_equal: 1
    c_some: 3
    c_all: 3
    r_restrict: 1
    r_and: 0
    r_inverse: 2
    r_transitive_closure: 0
    b_empty: 15
    n_count: 27
    n_concept_distance: 15
[t=0.832429s, 2447644 KB] Complexity 6:
Total concept elements: 64
Total role elements: 5
Total numerical elements: 61
Total boolean elements: 22
    b_nullary: 2
    c_one_of: 1
    c_top: 1
    c_bot: 1
    c_primitive: 3
    r_primitive: 2
    c_and: 27
    c_not: 24
    c_equal: 1
    c_some: 3
    c_all: 3
    r_restrict: 1
    r_and: 0
    r_inverse: 2
    r_transitive_closure: 0
    b_empty: 20
    n_count: 39
    n_concept_distance: 22
[t=0.83353s, 2447644 KB] Complexity 7:
Total concept elements: 86
Total role elements: 5
Total numerical elements: 78
Total boolean elements: 26
    b_nullary: 2
    c_one_of: 1
    c_top: 1
    c_bot: 1
    c_primitive: 3
    r_primitive: 2
    c_and: 41
    c_not: 32
    c_equal: 1
    c_some: 3
    c_all: 3
    r_restrict: 1
    r_and: 0
    r_inverse: 2
    r_transitive_closure: 0
    b_empty: 24
    n_count: 51
    n_concept_distance: 27
[t=0.835031s, 2447644 KB] Complexity 8:
Total concept elements: 107
Total role elements: 5
Total numerical elements: 91
Total boolean elements: 28
    b_nullary: 2
    c_one_of: 1
    c_top: 1
    c_bot: 1
    c_primitive: 3
    r_primitive: 2
    c_and: 54
    c_not: 40
    c_equal: 1
    c_some: 3
    c_all: 3
    r_restrict: 1
    r_and: 0
    r_inverse: 2
    r_transitive_closure: 0
    b_empty: 26
    n_count: 61
    n_concept_distance: 30
[t=0.836938s, 2447644 KB] Complexity 9:
Total concept elements: 123
Total role elements: 5
Total numerical elements: 101
Total boolean elements: 28
    b_nullary: 2
    c_one_of: 1
    c_top: 1
    c_bot: 1
    c_primitive: 3
    r_primitive: 2
    c_and: 69
    c_not: 41
    c_equal: 1
    c_some: 3
    c_all: 3
    r_restrict: 1
    r_and: 0
    r_inverse: 2
    r_transitive_closure: 0
    b_empty: 26
    n_count: 70
    n_concept_distance: 31
[t=0.837284s, 2447644 KB] Finished generating composite features.
Features generated: 129
Features after relevant changes pruning (complete): 52
2024-09-14 14:04:42,592 - ..done
2024-09-14 14:04:42,592 - Constructing PerStateFeatureValuations...
2024-09-14 14:04:42,592 - ..done
2024-09-14 14:04:42,592 - Constructing StatePairEquivalenceDatas...
2024-09-14 14:04:42,600 - ..done
2024-09-14 14:04:42,600 - Constructing TupleGraphEquivalences...
Tuple graph equivalence construction statistics:
Num nodes: 25
2024-09-14 14:04:42,601 - ..done
2024-09-14 14:04:42,601 - Minimizing TupleGraphEquivalences...
Tuple graph equivalence minimization statistics:
Num orig nodes: 25
Num kept nodes: 25
2024-09-14 14:04:42,602 - ..done
Number of initial D2 facts: 50
Number of D2 facts: 50 of 625
2024-09-14 14:04:42,623 - Grounding Logic Program...
2024-09-14 14:04:42,642 - ..done
2024-09-14 14:04:42,642 - Solving Logic Program...
2024-09-14 14:04:42,646 - ..done
Clingo statistics:
{'call': 0.0, 'result': 1.0, 'signal': 0.0, 'exhausted': 1.0, 'costs': [0.0], 'lower': [0.0], 'concurrency': 32.0, 'winner': 18.0, 'times': {'total': 0.04363703727722168, 'cpu': 0.05384299999999986, 'solve': 0.002931833267211914, 'unsat': 0.0005478858947753906, 'sat': 0.0019397735595703125}, 'models': {'enumerated': 5.0, 'optimal': 1.0}}
Solution cost: [0.0]
Total time: 0.04363703727722168
CPU time: 0.05384299999999986
Solve time: 0.002931833267211914
2024-09-14 14:04:42,658 - Learned the following sketch:
(:policy
(:booleans )
(:numericals )
(:rule (:conditions ) (:effects ))
)
Numer of sketch rules: 1
Number of selected features: 0
Maximum complexity of selected feature: 0
Sketch solves: /proj/ssiw/users/x_domdr/projects/code/sketch-learner/learning/benchmarks/tractable/blocks_4_clear/training/easy/p-2-17.pddl
Sketch cycles
Instance: 0
4
4
Number of unsatisfied D2 facts: 100
Number of D2 facts: 150 of 625
2024-09-14 14:04:42,717 - Grounding Logic Program...
2024-09-14 14:04:42,742 - ..done
2024-09-14 14:04:42,742 - Solving Logic Program...
2024-09-14 14:04:42,747 - ..done
Clingo statistics:
{'call': 0.0, 'result': 1.0, 'signal': 0.0, 'exhausted': 1.0, 'costs': [3.0], 'lower': [3.0], 'concurrency': 32.0, 'winner': 16.0, 'times': {'total': 0.08780694007873535, 'cpu': 0.11468500000000059, 'solve': 0.0028040409088134766, 'unsat': 0.0004210472106933594, 'sat': 0.0017549991607666016}, 'models': {'enumerated': 6.0, 'optimal': 1.0}}
Solution cost: [3.0]
Total time: 0.08780694007873535
CPU time: 0.11468500000000059
Solve time: 0.0028040409088134766
2024-09-14 14:04:42,757 - Learned the following sketch:
(:policy
(:booleans )
(:numericals (f1 "n_count(c_primitive(clear,0))"))
(:rule (:conditions (:c_n_gt f1)) (:effects (:e_n_inc f1)))
)
Numer of sketch rules: 1
Number of selected features: 1
Maximum complexity of selected feature: 2
Sketch solves: /proj/ssiw/users/x_domdr/projects/code/sketch-learner/learning/benchmarks/tractable/blocks_4_clear/training/easy/p-2-17.pddl
2024-09-14 14:04:42,757 - Verifying learned sketch...
Sketch solves: /proj/ssiw/users/x_domdr/projects/code/sketch-learner/learning/benchmarks/tractable/blocks_4_clear/training/easy/p-2-17.pddl
Sketch solves: /proj/ssiw/users/x_domdr/projects/code/sketch-learner/learning/benchmarks/tractable/blocks_4_clear/training/easy/p-2-17.pddl
Sketch solves: /proj/ssiw/users/x_domdr/projects/code/sketch-learner/learning/benchmarks/tractable/blocks_4_clear/training/easy/p-3-19.pddl
Sketch solves: /proj/ssiw/users/x_domdr/projects/code/sketch-learner/learning/benchmarks/tractable/blocks_4_clear/training/easy/p-4-4.pddl
Sketch solves: /proj/ssiw/users/x_domdr/projects/code/sketch-learner/learning/benchmarks/tractable/blocks_4_clear/training/easy/p-5-29.pddl
2024-09-14 14:04:42,765 - ..done
Sketch solves all instances!
================================================================================
2024-09-14 14:04:42,766 - Summary:
LearningStatistics:
    num_training_instances: 4
    num_selected_training_instances (|P|): 1
    num_states_in_selected_training_instances (|S|): 5
    num_states_in_complete_selected_training_instances (|S|): 5
    num_features_in_pool (|F|): 52
================================================================================
Resulting sketch:
(:policy
(:booleans )
(:numericals (f1 "n_count(c_primitive(clear,0))"))
(:rule (:conditions (:c_n_gt f1)) (:effects (:e_n_inc f1)))
)
Numer of sketch rules: 1
Number of selected features: 1
Maximum complexity of selected feature: 2
================================================================================
Resulting minimized sketch:
(:policy
(:booleans )
(:numericals (f1 "n_count(c_primitive(clear,0))"))
(:rule (:conditions (:c_n_gt f1)) (:effects (:e_n_inc f1)))
)
Numer of sketch rules: 1
Number of selected features: 1
Maximum complexity of selected feature: 2
================================================================================
================================================================================
Preprocessing time: 1 seconds.
ASP time: 1 seconds.
Verification time: 1 seconds.
Total time: 1 seconds.
Total memory: 0 GiB.
Num states in training data before symmetry pruning: 30540
Num states in training data after symmetry pruning: 86
================================================================================

