Changing working directory:  /proj/ssiw/users/x_domdr/projects/code/sketch-learner/learning/experiments/scripts/workspace/spanner_0
2024-08-09 00:10:32,172 - Constructing InstanceDatas...
2024-08-09 00:10:32,761 - Constructing GlobalFaithfulAbstractions...
2024-08-09 00:10:33,259 - ...done
2024-08-09 00:10:33,267 - Constructing StateSpaces...
2024-08-09 00:10:33,291 - ...done
/proj/ssiw/users/x_domdr/projects/code/sketch-learner/learning/benchmarks/spanner/instances/p-1-1-1-5.pddl /proj/ssiw/users/x_domdr/projects/code/sketch-learner/learning/benchmarks/spanner/instances/p-1-1-1-5.pddl
2024-08-09 00:10:33,306 - Created InstanceData with num concrete states: 6 and num abstract states: 6
/proj/ssiw/users/x_domdr/projects/code/sketch-learner/learning/benchmarks/spanner/instances/p-2-1-1-6.pddl /proj/ssiw/users/x_domdr/projects/code/sketch-learner/learning/benchmarks/spanner/instances/p-2-1-1-6.pddl
2024-08-09 00:10:33,307 - Created InstanceData with num concrete states: 7 and num abstract states: 7
/proj/ssiw/users/x_domdr/projects/code/sketch-learner/learning/benchmarks/spanner/instances/p-3-1-1-23.pddl /proj/ssiw/users/x_domdr/projects/code/sketch-learner/learning/benchmarks/spanner/instances/p-3-1-1-23.pddl
2024-08-09 00:10:33,308 - Created InstanceData with num concrete states: 8 and num abstract states: 8
/proj/ssiw/users/x_domdr/projects/code/sketch-learner/learning/benchmarks/spanner/instances/p-2-1-1-20.pddl /proj/ssiw/users/x_domdr/projects/code/sketch-learner/learning/benchmarks/spanner/instances/p-2-1-1-20.pddl
2024-08-09 00:10:33,308 - Created InstanceData with num concrete states: 8 and num abstract states: 8
/proj/ssiw/users/x_domdr/projects/code/sketch-learner/learning/benchmarks/spanner/instances/p-3-1-1-20.pddl /proj/ssiw/users/x_domdr/projects/code/sketch-learner/learning/benchmarks/spanner/instances/p-3-1-1-20.pddl
2024-08-09 00:10:33,309 - Created InstanceData with num concrete states: 9 and num abstract states: 9
/proj/ssiw/users/x_domdr/projects/code/sketch-learner/learning/benchmarks/spanner/instances/p-1-2-2-12.pddl /proj/ssiw/users/x_domdr/projects/code/sketch-learner/learning/benchmarks/spanner/instances/p-1-2-2-12.pddl
2024-08-09 00:10:33,310 - Created InstanceData with num concrete states: 18 and num abstract states: 10
/proj/ssiw/users/x_domdr/projects/code/sketch-learner/learning/benchmarks/spanner/instances/p-3-1-1-18.pddl /proj/ssiw/users/x_domdr/projects/code/sketch-learner/learning/benchmarks/spanner/instances/p-3-1-1-18.pddl
2024-08-09 00:10:33,311 - Created InstanceData with num concrete states: 10 and num abstract states: 10
/proj/ssiw/users/x_domdr/projects/code/sketch-learner/learning/benchmarks/spanner/instances/p-2-2-2-18.pddl /proj/ssiw/users/x_domdr/projects/code/sketch-learner/learning/benchmarks/spanner/instances/p-2-2-2-18.pddl
2024-08-09 00:10:33,312 - Created InstanceData with num concrete states: 19 and num abstract states: 11
/proj/ssiw/users/x_domdr/projects/code/sketch-learner/learning/benchmarks/spanner/instances/p-3-2-2-10.pddl /proj/ssiw/users/x_domdr/projects/code/sketch-learner/learning/benchmarks/spanner/instances/p-3-2-2-10.pddl
2024-08-09 00:10:33,314 - Created InstanceData with num concrete states: 20 and num abstract states: 12
/proj/ssiw/users/x_domdr/projects/code/sketch-learner/learning/benchmarks/spanner/instances/p-2-2-2-25.pddl /proj/ssiw/users/x_domdr/projects/code/sketch-learner/learning/benchmarks/spanner/instances/p-2-2-2-25.pddl
2024-08-09 00:10:33,315 - Created InstanceData with num concrete states: 22 and num abstract states: 13
/proj/ssiw/users/x_domdr/projects/code/sketch-learner/learning/benchmarks/spanner/instances/p-3-2-2-24.pddl /proj/ssiw/users/x_domdr/projects/code/sketch-learner/learning/benchmarks/spanner/instances/p-3-2-2-24.pddl
2024-08-09 00:10:33,316 - Created InstanceData with num concrete states: 23 and num abstract states: 14
/proj/ssiw/users/x_domdr/projects/code/sketch-learner/learning/benchmarks/spanner/instances/p-1-3-3-19.pddl /proj/ssiw/users/x_domdr/projects/code/sketch-learner/learning/benchmarks/spanner/instances/p-1-3-3-19.pddl
2024-08-09 00:10:33,319 - Created InstanceData with num concrete states: 72 and num abstract states: 15
/proj/ssiw/users/x_domdr/projects/code/sketch-learner/learning/benchmarks/spanner/instances/p-2-2-2-26.pddl /proj/ssiw/users/x_domdr/projects/code/sketch-learner/learning/benchmarks/spanner/instances/p-2-2-2-26.pddl
2024-08-09 00:10:33,321 - Created InstanceData with num concrete states: 20 and num abstract states: 15
/proj/ssiw/users/x_domdr/projects/code/sketch-learner/learning/benchmarks/spanner/instances/p-2-3-3-15.pddl /proj/ssiw/users/x_domdr/projects/code/sketch-learner/learning/benchmarks/spanner/instances/p-2-3-3-15.pddl
2024-08-09 00:10:33,323 - Created InstanceData with num concrete states: 73 and num abstract states: 16
/proj/ssiw/users/x_domdr/projects/code/sketch-learner/learning/benchmarks/spanner/instances/p-3-2-2-14.pddl /proj/ssiw/users/x_domdr/projects/code/sketch-learner/learning/benchmarks/spanner/instances/p-3-2-2-14.pddl
2024-08-09 00:10:33,324 - Created InstanceData with num concrete states: 21 and num abstract states: 16
/proj/ssiw/users/x_domdr/projects/code/sketch-learner/learning/benchmarks/spanner/instances/p-3-2-2-20.pddl /proj/ssiw/users/x_domdr/projects/code/sketch-learner/learning/benchmarks/spanner/instances/p-3-2-2-20.pddl
2024-08-09 00:10:33,325 - Created InstanceData with num concrete states: 26 and num abstract states: 16
/proj/ssiw/users/x_domdr/projects/code/sketch-learner/learning/benchmarks/spanner/instances/p-3-2-2-9.pddl /proj/ssiw/users/x_domdr/projects/code/sketch-learner/learning/benchmarks/spanner/instances/p-3-2-2-9.pddl
2024-08-09 00:10:33,327 - Created InstanceData with num concrete states: 22 and num abstract states: 17
/proj/ssiw/users/x_domdr/projects/code/sketch-learner/learning/benchmarks/spanner/instances/p-3-3-3-6.pddl /proj/ssiw/users/x_domdr/projects/code/sketch-learner/learning/benchmarks/spanner/instances/p-3-3-3-6.pddl
2024-08-09 00:10:33,329 - Created InstanceData with num concrete states: 74 and num abstract states: 17
/proj/ssiw/users/x_domdr/projects/code/sketch-learner/learning/benchmarks/spanner/instances/p-2-3-3-19.pddl /proj/ssiw/users/x_domdr/projects/code/sketch-learner/learning/benchmarks/spanner/instances/p-2-3-3-19.pddl
2024-08-09 00:10:33,331 - Created InstanceData with num concrete states: 80 and num abstract states: 19
/proj/ssiw/users/x_domdr/projects/code/sketch-learner/learning/benchmarks/spanner/instances/p-3-2-2-6.pddl /proj/ssiw/users/x_domdr/projects/code/sketch-learner/learning/benchmarks/spanner/instances/p-3-2-2-6.pddl
2024-08-09 00:10:33,333 - Created InstanceData with num concrete states: 24 and num abstract states: 19
/proj/ssiw/users/x_domdr/projects/code/sketch-learner/learning/benchmarks/spanner/instances/p-3-3-3-2.pddl /proj/ssiw/users/x_domdr/projects/code/sketch-learner/learning/benchmarks/spanner/instances/p-3-3-3-2.pddl
2024-08-09 00:10:33,335 - Created InstanceData with num concrete states: 81 and num abstract states: 20
/proj/ssiw/users/x_domdr/projects/code/sketch-learner/learning/benchmarks/spanner/instances/p-3-3-3-25.pddl /proj/ssiw/users/x_domdr/projects/code/sketch-learner/learning/benchmarks/spanner/instances/p-3-3-3-25.pddl
2024-08-09 00:10:33,338 - Created InstanceData with num concrete states: 88 and num abstract states: 23
/proj/ssiw/users/x_domdr/projects/code/sketch-learner/learning/benchmarks/spanner/instances/p-2-3-3-27.pddl /proj/ssiw/users/x_domdr/projects/code/sketch-learner/learning/benchmarks/spanner/instances/p-2-3-3-27.pddl
2024-08-09 00:10:33,340 - Created InstanceData with num concrete states: 74 and num abstract states: 24
/proj/ssiw/users/x_domdr/projects/code/sketch-learner/learning/benchmarks/spanner/instances/p-2-3-3-0.pddl /proj/ssiw/users/x_domdr/projects/code/sketch-learner/learning/benchmarks/spanner/instances/p-2-3-3-0.pddl
2024-08-09 00:10:33,343 - Created InstanceData with num concrete states: 76 and num abstract states: 25
/proj/ssiw/users/x_domdr/projects/code/sketch-learner/learning/benchmarks/spanner/instances/p-3-3-3-1.pddl /proj/ssiw/users/x_domdr/projects/code/sketch-learner/learning/benchmarks/spanner/instances/p-3-3-3-1.pddl
2024-08-09 00:10:33,345 - Created InstanceData with num concrete states: 75 and num abstract states: 25
/proj/ssiw/users/x_domdr/projects/code/sketch-learner/learning/benchmarks/spanner/instances/p-3-3-3-9.pddl /proj/ssiw/users/x_domdr/projects/code/sketch-learner/learning/benchmarks/spanner/instances/p-3-3-3-9.pddl
2024-08-09 00:10:33,347 - Created InstanceData with num concrete states: 76 and num abstract states: 26
/proj/ssiw/users/x_domdr/projects/code/sketch-learner/learning/benchmarks/spanner/instances/p-3-3-3-7.pddl /proj/ssiw/users/x_domdr/projects/code/sketch-learner/learning/benchmarks/spanner/instances/p-3-3-3-7.pddl
2024-08-09 00:10:33,350 - Created InstanceData with num concrete states: 80 and num abstract states: 28
/proj/ssiw/users/x_domdr/projects/code/sketch-learner/learning/benchmarks/spanner/instances/p-3-3-3-8.pddl /proj/ssiw/users/x_domdr/projects/code/sketch-learner/learning/benchmarks/spanner/instances/p-3-3-3-8.pddl
2024-08-09 00:10:33,352 - Created InstanceData with num concrete states: 82 and num abstract states: 30
/proj/ssiw/users/x_domdr/projects/code/sketch-learner/learning/benchmarks/spanner/instances/p-3-3-3-29.pddl /proj/ssiw/users/x_domdr/projects/code/sketch-learner/learning/benchmarks/spanner/instances/p-3-3-3-29.pddl
2024-08-09 00:10:33,355 - Created InstanceData with num concrete states: 84 and num abstract states: 31
/proj/ssiw/users/x_domdr/projects/code/sketch-learner/learning/benchmarks/spanner/instances/p-3-3-3-17.pddl /proj/ssiw/users/x_domdr/projects/code/sketch-learner/learning/benchmarks/spanner/instances/p-3-3-3-17.pddl
2024-08-09 00:10:33,357 - Created InstanceData with num concrete states: 78 and num abstract states: 35
2024-08-09 00:10:33,358 - ..done
2024-08-09 00:10:33,359 - Initializing TupleGraphs...
2024-08-09 00:10:33,363 - ..done
2024-08-09 00:10:33,364 - Iteration: 0
     id: 0 problem_filepath: /proj/ssiw/users/x_domdr/projects/code/sketch-learner/learning/benchmarks/spanner/instances/p-1-1-1-5.pddl num_states: 6 num_state_equivalences: 6
2024-08-09 00:10:33,367 - Initialize global faithful abstract states...
2024-08-09 00:10:33,367 - ..done
2024-08-09 00:10:33,367 - Initializing DomainFeatureData...
[t=1.23484s, 2514148 KB] Started generating base features of complexity 1.
[t=1.2352s, 2514148 KB] Complexity 1:
    b_nullary: 0
    c_one_of: 0
    c_top: 1
    c_bot: 1
    c_primitive: 8
    r_primitive: 4
    c_and: 0
    c_not: 0
    c_equal: 0
    c_some: 0
    c_all: 0
    r_restrict: 0
    r_and: 0
    r_inverse: 0
    r_transitive_closure: 0
    b_empty: 0
    n_count: 0
    n_concept_distance: 0
[t=1.23557s, 2514148 KB] Finished generating base features.
[t=1.23561s, 2514148 KB] Started generating composite features. 
[t=1.23591s, 2514148 KB] Complexity 2:
Total concept elements: 16
Total role elements: 8
Total numerical elements: 9
Total boolean elements: 5
    b_nullary: 0
    c_one_of: 0
    c_top: 1
    c_bot: 1
    c_primitive: 8
    r_primitive: 4
    c_and: 0
    c_not: 6
    c_equal: 0
    c_some: 0
    c_all: 0
    r_restrict: 0
    r_and: 0
    r_inverse: 3
    r_transitive_closure: 1
    b_empty: 5
    n_count: 9
    n_concept_distance: 0
[t=1.23685s, 2514148 KB] Complexity 3:
Total concept elements: 24
Total role elements: 10
Total numerical elements: 12
Total boolean elements: 5
    b_nullary: 0
    c_one_of: 0
    c_top: 1
    c_bot: 1
    c_primitive: 8
    r_primitive: 4
    c_and: 0
    c_not: 6
    c_equal: 1
    c_some: 4
    c_all: 3
    r_restrict: 1
    r_and: 0
    r_inverse: 4
    r_transitive_closure: 1
    b_empty: 5
    n_count: 12
    n_concept_distance: 0
[t=1.23784s, 2514148 KB] Complexity 4:
Total concept elements: 47
Total role elements: 11
Total numerical elements: 22
Total boolean elements: 6
    b_nullary: 0
    c_one_of: 0
    c_top: 1
    c_bot: 1
    c_primitive: 8
    r_primitive: 4
    c_and: 7
    c_not: 8
    c_equal: 1
    c_some: 12
    c_all: 9
    r_restrict: 1
    r_and: 0
    r_inverse: 5
    r_transitive_closure: 1
    b_empty: 6
    n_count: 16
    n_concept_distance: 6
[t=1.23895s, 2514148 KB] Complexity 5:
Total concept elements: 84
Total role elements: 11
Total numerical elements: 32
Total boolean elements: 7
    b_nullary: 0
    c_one_of: 0
    c_top: 1
    c_bot: 1
    c_primitive: 8
    r_primitive: 4
    c_and: 24
    c_not: 20
    c_equal: 1
    c_some: 16
    c_all: 13
    r_restrict: 1
    r_and: 0
    r_inverse: 5
    r_transitive_closure: 1
    b_empty: 7
    n_count: 25
    n_concept_distance: 7
[t=1.24098s, 2514148 KB] Complexity 6:
Total concept elements: 166
Total role elements: 11
Total numerical elements: 49
Total boolean elements: 8
    b_nullary: 0
    c_one_of: 0
    c_top: 1
    c_bot: 1
    c_primitive: 8
    r_primitive: 4
    c_and: 51
    c_not: 34
    c_equal: 1
    c_some: 37
    c_all: 33
    r_restrict: 1
    r_and: 0
    r_inverse: 5
    r_transitive_closure: 1
    b_empty: 8
    n_count: 38
    n_concept_distance: 11
[t=1.24471s, 2514148 KB] Complexity 7:
Total concept elements: 299
Total role elements: 11
Total numerical elements: 100
Total boolean elements: 17
    b_nullary: 0
    c_one_of: 0
    c_top: 1
    c_bot: 1
    c_primitive: 8
    r_primitive: 4
    c_and: 109
    c_not: 87
    c_equal: 1
    c_some: 49
    c_all: 43
    r_restrict: 1
    r_and: 0
    r_inverse: 5
    r_transitive_closure: 1
    b_empty: 17
    n_count: 82
    n_concept_distance: 18
[t=1.25204s, 2514148 KB] Complexity 8:
Total concept elements: 542
Total role elements: 11
Total numerical elements: 157
Total boolean elements: 19
    b_nullary: 0
    c_one_of: 0
    c_top: 1
    c_bot: 1
    c_primitive: 8
    r_primitive: 4
    c_and: 234
    c_not: 147
    c_equal: 1
    c_some: 78
    c_all: 72
    r_restrict: 1
    r_and: 0
    r_inverse: 5
    r_transitive_closure: 1
    b_empty: 19
    n_count: 131
    n_concept_distance: 26
[t=1.26581s, 2514148 KB] Complexity 9:
Total concept elements: 959
Total role elements: 11
Total numerical elements: 257
Total boolean elements: 28
    b_nullary: 0
    c_one_of: 0
    c_top: 1
    c_bot: 1
    c_primitive: 8
    r_primitive: 4
    c_and: 473
    c_not: 264
    c_equal: 1
    c_some: 105
    c_all: 106
    r_restrict: 1
    r_and: 0
    r_inverse: 5
    r_transitive_closure: 1
    b_empty: 28
    n_count: 207
    n_concept_distance: 50
[t=1.26616s, 2514148 KB] Finished generating composite features.
Features generated: 286
Features after 0/1 pruning (incomplete): 108
Features after soft changes pruning (incomplete): 106
Features after relevant changes pruning (complete): 49
2024-08-09 00:10:33,446 - ..done
2024-08-09 00:10:33,446 - Constructing PerStateFeatureValuations...
2024-08-09 00:10:33,446 - ..done
2024-08-09 00:10:33,446 - Constructing StatePairEquivalenceDatas...
2024-08-09 00:10:33,450 - ..done
2024-08-09 00:10:33,450 - Constructing TupleGraphEquivalences...
Tuple graph equivalence construction statistics:
Num nodes: 10
2024-08-09 00:10:33,451 - ..done
2024-08-09 00:10:33,451 - Minimizing TupleGraphEquivalences...
Tuple graph equivalence minimization statistics:
Num orig nodes: 10
Num kept nodes: 10
2024-08-09 00:10:33,451 - ..done
Number of initial D2 facts: 6
Number of D2 facts: 6 of 100
2024-08-09 00:10:33,462 - Grounding Logic Program...
2024-08-09 00:10:33,471 - ..done
2024-08-09 00:10:33,472 - Solving Logic Program...
2024-08-09 00:10:33,476 - ..done
Clingo statistics:
{'call': 0.0, 'result': 1.0, 'signal': 0.0, 'exhausted': 1.0, 'costs': [3.0], 'lower': [3.0], 'concurrency': 32.0, 'winner': 19.0, 'times': {'total': 0.023118019104003906, 'cpu': 0.032570999999999906, 'solve': 0.002732992172241211, 'unsat': 0.0006051063537597656, 'sat': 0.002043008804321289}, 'models': {'enumerated': 2.0, 'optimal': 1.0}}
Solution cost: [3.0]
Total time: 0.023118019104003906
CPU time: 0.032570999999999906
Solve time: 0.002732992172241211
2024-08-09 00:10:33,481 - Learned the following sketch:
(:policy
(:booleans )
(:numericals (f35 "n_count(c_primitive(tightened,0))"))
(:rule (:conditions (:c_n_eq f35)) (:effects (:e_n_bot f35)))
(:rule (:conditions (:c_n_eq f35)) (:effects (:e_n_inc f35)))
)
Numer of sketch rules: 2
Number of selected features: 1
Maximum complexity of selected feature: 2
Sketch solves: /proj/ssiw/users/x_domdr/projects/code/sketch-learner/learning/benchmarks/spanner/instances/p-1-1-1-5.pddl
Sketch cycles
Instance: 0
4
4
Number of unsatisfied D2 facts: 15
Number of D2 facts: 21 of 100
2024-08-09 00:10:33,512 - Grounding Logic Program...
2024-08-09 00:10:33,521 - ..done
2024-08-09 00:10:33,522 - Solving Logic Program...
2024-08-09 00:10:33,524 - ..done
Clingo statistics:
{'call': 0.0, 'result': 1.0, 'signal': 0.0, 'exhausted': 1.0, 'costs': [11.0], 'lower': [11.0], 'concurrency': 32.0, 'winner': 8.0, 'times': {'total': 0.041905879974365234, 'cpu': 0.04980899999999977, 'solve': 0.0019979476928710938, 'unsat': 0.0005178451538085938, 'sat': 0.0011489391326904297}, 'models': {'enumerated': 6.0, 'optimal': 1.0}}
Solution cost: [11.0]
Total time: 0.041905879974365234
CPU time: 0.04980899999999977
Solve time: 0.0019979476928710938
2024-08-09 00:10:33,530 - Learned the following sketch:
(:policy
(:booleans )
(:numericals (f35 "n_count(c_primitive(tightened,0))") (f26 "n_count(c_some(r_primitive(at,0,1),c_all(r_inverse(r_primitive(at,0,1)),c_primitive(man,0))))"))
(:rule (:conditions (:c_n_eq f35) (:c_n_gt f26)) (:effects (:e_n_bot f35) (:e_n_dec f26)))
(:rule (:conditions (:c_n_eq f35) (:c_n_eq f26)) (:effects (:e_n_bot f35) (:e_n_inc f26)))
(:rule (:conditions (:c_n_eq f35) (:c_n_eq f26)) (:effects (:e_n_inc f35) (:e_n_bot f26)))
)
Numer of sketch rules: 3
Number of selected features: 2
Maximum complexity of selected feature: 7
Sketch solves: /proj/ssiw/users/x_domdr/projects/code/sketch-learner/learning/benchmarks/spanner/instances/p-1-1-1-5.pddl
2024-08-09 00:10:33,531 - Verifying learned sketch...
Sketch solves: /proj/ssiw/users/x_domdr/projects/code/sketch-learner/learning/benchmarks/spanner/instances/p-1-1-1-5.pddl
Sketch solves: /proj/ssiw/users/x_domdr/projects/code/sketch-learner/learning/benchmarks/spanner/instances/p-1-1-1-5.pddl
Sketch fails to bound width of a state
/proj/ssiw/users/x_domdr/projects/code/sketch-learner/learning/benchmarks/spanner/instances/p-2-1-1-6.pddl
Instance: 1
Source_state: 6
Dlplan state: (instance index=1, state index=0, atoms={at(nut1,gate), loose(nut1), useable(spanner1), at(spanner1,location2), at(bob,shed)})
2024-08-09 00:10:33,533 - ..done
Smallest unsolved instance: 1
Selected instances: [1]
2024-08-09 00:10:33,533 - Iteration: 1
     id: 1 problem_filepath: /proj/ssiw/users/x_domdr/projects/code/sketch-learner/learning/benchmarks/spanner/instances/p-2-1-1-6.pddl num_states: 7 num_state_equivalences: 7
2024-08-09 00:10:33,534 - Initialize global faithful abstract states...
2024-08-09 00:10:33,534 - ..done
2024-08-09 00:10:33,534 - Initializing DomainFeatureData...
[t=1.40223s, 2514148 KB] Started generating base features of complexity 1.
[t=1.40241s, 2514148 KB] Complexity 1:
    b_nullary: 0
    c_one_of: 0
    c_top: 1
    c_bot: 1
    c_primitive: 8
    r_primitive: 4
    c_and: 0
    c_not: 0
    c_equal: 0
    c_some: 0
    c_all: 0
    r_restrict: 0
    r_and: 0
    r_inverse: 0
    r_transitive_closure: 0
    b_empty: 0
    n_count: 0
    n_concept_distance: 0
[t=1.40278s, 2514148 KB] Finished generating base features.
[t=1.40282s, 2514148 KB] Started generating composite features. 
[t=1.403s, 2514148 KB] Complexity 2:
Total concept elements: 16
Total role elements: 8
Total numerical elements: 9
Total boolean elements: 5
    b_nullary: 0
    c_one_of: 0
    c_top: 1
    c_bot: 1
    c_primitive: 8
    r_primitive: 4
    c_and: 0
    c_not: 6
    c_equal: 0
    c_some: 0
    c_all: 0
    r_restrict: 0
    r_and: 0
    r_inverse: 3
    r_transitive_closure: 1
    b_empty: 5
    n_count: 9
    n_concept_distance: 0
[t=1.40401s, 2514148 KB] Complexity 3:
Total concept elements: 24
Total role elements: 10
Total numerical elements: 12
Total boolean elements: 5
    b_nullary: 0
    c_one_of: 0
    c_top: 1
    c_bot: 1
    c_primitive: 8
    r_primitive: 4
    c_and: 0
    c_not: 6
    c_equal: 1
    c_some: 4
    c_all: 3
    r_restrict: 1
    r_and: 0
    r_inverse: 4
    r_transitive_closure: 1
    b_empty: 5
    n_count: 12
    n_concept_distance: 0
[t=1.40521s, 2514148 KB] Complexity 4:
Total concept elements: 47
Total role elements: 11
Total numerical elements: 21
Total boolean elements: 6
    b_nullary: 0
    c_one_of: 0
    c_top: 1
    c_bot: 1
    c_primitive: 8
    r_primitive: 4
    c_and: 7
    c_not: 8
    c_equal: 1
    c_some: 12
    c_all: 9
    r_restrict: 1
    r_and: 0
    r_inverse: 5
    r_transitive_closure: 1
    b_empty: 6
    n_count: 15
    n_concept_distance: 6
[t=1.40661s, 2514148 KB] Complexity 5:
Total concept elements: 84
Total role elements: 11
Total numerical elements: 32
Total boolean elements: 7
    b_nullary: 0
    c_one_of: 0
    c_top: 1
    c_bot: 1
    c_primitive: 8
    r_primitive: 4
    c_and: 24
    c_not: 20
    c_equal: 1
    c_some: 16
    c_all: 13
    r_restrict: 1
    r_and: 0
    r_inverse: 5
    r_transitive_closure: 1
    b_empty: 7
    n_count: 25
    n_concept_distance: 7
[t=1.40903s, 2514148 KB] Complexity 6:
Total concept elements: 167
Total role elements: 11
Total numerical elements: 50
Total boolean elements: 8
    b_nullary: 0
    c_one_of: 0
    c_top: 1
    c_bot: 1
    c_primitive: 8
    r_primitive: 4
    c_and: 52
    c_not: 34
    c_equal: 1
    c_some: 37
    c_all: 33
    r_restrict: 1
    r_and: 0
    r_inverse: 5
    r_transitive_closure: 1
    b_empty: 8
    n_count: 39
    n_concept_distance: 11
[t=1.41314s, 2514148 KB] Complexity 7:
Total concept elements: 315
Total role elements: 11
Total numerical elements: 106
Total boolean elements: 15
    b_nullary: 0
    c_one_of: 0
    c_top: 1
    c_bot: 1
    c_primitive: 8
    r_primitive: 4
    c_and: 111
    c_not: 88
    c_equal: 1
    c_some: 56
    c_all: 49
    r_restrict: 1
    r_and: 0
    r_inverse: 5
    r_transitive_closure: 1
    b_empty: 15
    n_count: 88
    n_concept_distance: 18
[t=1.42113s, 2514148 KB] Complexity 8:
Total concept elements: 592
Total role elements: 11
Total numerical elements: 171
Total boolean elements: 18
    b_nullary: 0
    c_one_of: 0
    c_top: 1
    c_bot: 1
    c_primitive: 8
    r_primitive: 4
    c_and: 236
    c_not: 150
    c_equal: 1
    c_some: 101
    c_all: 94
    r_restrict: 1
    r_and: 0
    r_inverse: 5
    r_transitive_closure: 1
    b_empty: 18
    n_count: 145
    n_concept_distance: 26
[t=1.43757s, 2514148 KB] Complexity 9:
Total concept elements: 1063
Total role elements: 11
Total numerical elements: 310
Total boolean elements: 33
    b_nullary: 0
    c_one_of: 0
    c_top: 1
    c_bot: 1
    c_primitive: 8
    r_primitive: 4
    c_and: 481
    c_not: 300
    c_equal: 1
    c_some: 135
    c_all: 136
    r_restrict: 1
    r_and: 0
    r_inverse: 5
    r_transitive_closure: 1
    b_empty: 33
    n_count: 256
    n_concept_distance: 54
[t=1.43791s, 2514148 KB] Finished generating composite features.
Features generated: 344
Features after 0/1 pruning (incomplete): 118
Features after soft changes pruning (incomplete): 116
Features after relevant changes pruning (complete): 56
2024-08-09 00:10:33,631 - ..done
2024-08-09 00:10:33,631 - Constructing PerStateFeatureValuations...
2024-08-09 00:10:33,631 - ..done
2024-08-09 00:10:33,631 - Constructing StatePairEquivalenceDatas...
2024-08-09 00:10:33,637 - ..done
2024-08-09 00:10:33,637 - Constructing TupleGraphEquivalences...
Tuple graph equivalence construction statistics:
Num nodes: 12
2024-08-09 00:10:33,638 - ..done
2024-08-09 00:10:33,638 - Minimizing TupleGraphEquivalences...
Tuple graph equivalence minimization statistics:
Num orig nodes: 12
Num kept nodes: 12
2024-08-09 00:10:33,638 - ..done
Number of initial D2 facts: 7
Number of D2 facts: 7 of 144
2024-08-09 00:10:33,650 - Grounding Logic Program...
2024-08-09 00:10:33,661 - ..done
2024-08-09 00:10:33,661 - Solving Logic Program...
2024-08-09 00:10:33,664 - ..done
Clingo statistics:
{'call': 0.0, 'result': 1.0, 'signal': 0.0, 'exhausted': 1.0, 'costs': [3.0], 'lower': [3.0], 'concurrency': 32.0, 'winner': 7.0, 'times': {'total': 0.02572798728942871, 'cpu': 0.03432500000000038, 'solve': 0.0025780200958251953, 'unsat': 0.000985860824584961, 'sat': 0.0015921592712402344}, 'models': {'enumerated': 1.0, 'optimal': 1.0}}
Solution cost: [3.0]
Total time: 0.02572798728942871
CPU time: 0.03432500000000038
Solve time: 0.0025780200958251953
2024-08-09 00:10:33,671 - Learned the following sketch:
(:policy
(:booleans )
(:numericals (f40 "n_count(c_primitive(loose,0))"))
(:rule (:conditions (:c_n_gt f40)) (:effects (:e_n_bot f40)))
(:rule (:conditions (:c_n_gt f40)) (:effects (:e_n_dec f40)))
)
Numer of sketch rules: 2
Number of selected features: 1
Maximum complexity of selected feature: 2
Sketch solves: /proj/ssiw/users/x_domdr/projects/code/sketch-learner/learning/benchmarks/spanner/instances/p-2-1-1-6.pddl
Sketch cycles
Instance: 1
11
11
Number of unsatisfied D2 facts: 24
Number of D2 facts: 31 of 144
2024-08-09 00:10:33,707 - Grounding Logic Program...
2024-08-09 00:10:33,719 - ..done
2024-08-09 00:10:33,719 - Solving Logic Program...
2024-08-09 00:10:33,723 - ..done
Clingo statistics:
{'call': 0.0, 'result': 1.0, 'signal': 0.0, 'exhausted': 1.0, 'costs': [13.0], 'lower': [13.0], 'concurrency': 32.0, 'winner': 20.0, 'times': {'total': 0.05034494400024414, 'cpu': 0.06274800000000003, 'solve': 0.002312898635864258, 'unsat': 0.00046181678771972656, 'sat': 0.0012938976287841797}, 'models': {'enumerated': 10.0, 'optimal': 1.0}}
Solution cost: [13.0]
Total time: 0.05034494400024414
CPU time: 0.06274800000000003
Solve time: 0.002312898635864258
2024-08-09 00:10:33,730 - Learned the following sketch:
(:policy
(:booleans )
(:numericals (f19 "n_count(c_some(r_primitive(carrying,0,1),c_primitive(useable,0)))") (f43 "n_count(c_some(r_primitive(link,0,1),c_all(r_inverse(r_primitive(at,0,1)),c_bot)))"))
(:rule (:conditions (:c_n_eq f19) (:c_n_eq f43)) (:effects (:e_n_bot f19) (:e_n_inc f43)))
(:rule (:conditions (:c_n_eq f19) (:c_n_gt f43)) (:effects (:e_n_inc f19) (:e_n_bot f43)))
(:rule (:conditions (:c_n_gt f19) (:c_n_gt f43)) (:effects (:e_n_bot f19) (:e_n_inc f43)))
(:rule (:conditions (:c_n_gt f19) (:c_n_gt f43)) (:effects (:e_n_dec f19) (:e_n_bot f43)))
(:rule (:conditions (:c_n_eq f19) (:c_n_gt f43)) (:effects (:e_n_bot f19) (:e_n_dec f43)))
)
Numer of sketch rules: 5
Number of selected features: 2
Maximum complexity of selected feature: 7
Sketch solves: /proj/ssiw/users/x_domdr/projects/code/sketch-learner/learning/benchmarks/spanner/instances/p-2-1-1-6.pddl
2024-08-09 00:10:33,731 - Verifying learned sketch...
Sketch solves: /proj/ssiw/users/x_domdr/projects/code/sketch-learner/learning/benchmarks/spanner/instances/p-2-1-1-6.pddl
Sketch fails to bound width of a state
/proj/ssiw/users/x_domdr/projects/code/sketch-learner/learning/benchmarks/spanner/instances/p-1-1-1-5.pddl
Instance: 0
Source_state: 3
Dlplan state: (instance index=0, state index=3, atoms={at(nut1,gate), loose(nut1), useable(spanner1), at(bob,location1), carrying(bob,spanner1)})
2024-08-09 00:10:33,732 - ..done
Smallest unsolved instance: 0
Selected instances: [1, 0]
2024-08-09 00:10:33,732 - Iteration: 2
     id: 1 problem_filepath: /proj/ssiw/users/x_domdr/projects/code/sketch-learner/learning/benchmarks/spanner/instances/p-2-1-1-6.pddl num_states: 7 num_state_equivalences: 7
     id: 0 problem_filepath: /proj/ssiw/users/x_domdr/projects/code/sketch-learner/learning/benchmarks/spanner/instances/p-1-1-1-5.pddl num_states: 6 num_state_equivalences: 6
2024-08-09 00:10:33,733 - Initialize global faithful abstract states...
2024-08-09 00:10:33,733 - ..done
2024-08-09 00:10:33,734 - Initializing DomainFeatureData...
[t=1.6015s, 2514148 KB] Started generating base features of complexity 1.
[t=1.60167s, 2514148 KB] Complexity 1:
    b_nullary: 0
    c_one_of: 0
    c_top: 1
    c_bot: 1
    c_primitive: 8
    r_primitive: 4
    c_and: 0
    c_not: 0
    c_equal: 0
    c_some: 0
    c_all: 0
    r_restrict: 0
    r_and: 0
    r_inverse: 0
    r_transitive_closure: 0
    b_empty: 0
    n_count: 0
    n_concept_distance: 0
[t=1.602s, 2514148 KB] Finished generating base features.
[t=1.60204s, 2514148 KB] Started generating composite features. 
[t=1.60222s, 2514148 KB] Complexity 2:
Total concept elements: 16
Total role elements: 8
Total numerical elements: 10
Total boolean elements: 5
    b_nullary: 0
    c_one_of: 0
    c_top: 1
    c_bot: 1
    c_primitive: 8
    r_primitive: 4
    c_and: 0
    c_not: 6
    c_equal: 0
    c_some: 0
    c_all: 0
    r_restrict: 0
    r_and: 0
    r_inverse: 3
    r_transitive_closure: 1
    b_empty: 5
    n_count: 10
    n_concept_distance: 0
[t=1.60339s, 2514148 KB] Complexity 3:
Total concept elements: 24
Total role elements: 10
Total numerical elements: 14
Total boolean elements: 5
    b_nullary: 0
    c_one_of: 0
    c_top: 1
    c_bot: 1
    c_primitive: 8
    r_primitive: 4
    c_and: 0
    c_not: 6
    c_equal: 1
    c_some: 4
    c_all: 3
    r_restrict: 1
    r_and: 0
    r_inverse: 4
    r_transitive_closure: 1
    b_empty: 5
    n_count: 14
    n_concept_distance: 0
[t=1.60486s, 2514148 KB] Complexity 4:
Total concept elements: 47
Total role elements: 11
Total numerical elements: 24
Total boolean elements: 6
    b_nullary: 0
    c_one_of: 0
    c_top: 1
    c_bot: 1
    c_primitive: 8
    r_primitive: 4
    c_and: 7
    c_not: 8
    c_equal: 1
    c_some: 12
    c_all: 9
    r_restrict: 1
    r_and: 0
    r_inverse: 5
    r_transitive_closure: 1
    b_empty: 6
    n_count: 18
    n_concept_distance: 6
[t=1.60655s, 2514148 KB] Complexity 5:
Total concept elements: 84
Total role elements: 11
Total numerical elements: 35
Total boolean elements: 7
    b_nullary: 0
    c_one_of: 0
    c_top: 1
    c_bot: 1
    c_primitive: 8
    r_primitive: 4
    c_and: 24
    c_not: 20
    c_equal: 1
    c_some: 16
    c_all: 13
    r_restrict: 1
    r_and: 0
    r_inverse: 5
    r_transitive_closure: 1
    b_empty: 7
    n_count: 28
    n_concept_distance: 7
[t=1.60978s, 2514148 KB] Complexity 6:
Total concept elements: 167
Total role elements: 11
Total numerical elements: 55
Total boolean elements: 8
    b_nullary: 0
    c_one_of: 0
    c_top: 1
    c_bot: 1
    c_primitive: 8
    r_primitive: 4
    c_and: 52
    c_not: 34
    c_equal: 1
    c_some: 37
    c_all: 33
    r_restrict: 1
    r_and: 0
    r_inverse: 5
    r_transitive_closure: 1
    b_empty: 8
    n_count: 44
    n_concept_distance: 11
[t=1.61542s, 2514148 KB] Complexity 7:
Total concept elements: 320
Total role elements: 11
Total numerical elements: 113
Total boolean elements: 19
    b_nullary: 0
    c_one_of: 0
    c_top: 1
    c_bot: 1
    c_primitive: 8
    r_primitive: 4
    c_and: 111
    c_not: 88
    c_equal: 1
    c_some: 59
    c_all: 51
    r_restrict: 1
    r_and: 0
    r_inverse: 5
    r_transitive_closure: 1
    b_empty: 19
    n_count: 95
    n_concept_distance: 18
[t=1.62647s, 2514148 KB] Complexity 8:
Total concept elements: 606
Total role elements: 11
Total numerical elements: 188
Total boolean elements: 23
    b_nullary: 0
    c_one_of: 0
    c_top: 1
    c_bot: 1
    c_primitive: 8
    r_primitive: 4
    c_and: 237
    c_not: 151
    c_equal: 1
    c_some: 107
    c_all: 100
    r_restrict: 1
    r_and: 0
    r_inverse: 5
    r_transitive_closure: 1
    b_empty: 23
    n_count: 162
    n_concept_distance: 26
[t=1.64987s, 2514148 KB] Complexity 9:
Total concept elements: 1088
Total role elements: 11
Total numerical elements: 360
Total boolean elements: 44
    b_nullary: 0
    c_one_of: 0
    c_top: 1
    c_bot: 1
    c_primitive: 8
    r_primitive: 4
    c_and: 485
    c_not: 301
    c_equal: 1
    c_some: 145
    c_all: 146
    r_restrict: 1
    r_and: 0
    r_inverse: 5
    r_transitive_closure: 1
    b_empty: 44
    n_count: 305
    n_concept_distance: 55
[t=1.65021s, 2514148 KB] Finished generating composite features.
Features generated: 405
Features after 0/1 pruning (incomplete): 143
Features after soft changes pruning (incomplete): 140
Features after relevant changes pruning (complete): 78
2024-08-09 00:10:33,913 - ..done
2024-08-09 00:10:33,913 - Constructing PerStateFeatureValuations...
2024-08-09 00:10:33,914 - ..done
2024-08-09 00:10:33,914 - Constructing StatePairEquivalenceDatas...
2024-08-09 00:10:33,927 - ..done
2024-08-09 00:10:33,927 - Constructing TupleGraphEquivalences...
Tuple graph equivalence construction statistics:
Num nodes: 22
2024-08-09 00:10:33,928 - ..done
2024-08-09 00:10:33,928 - Minimizing TupleGraphEquivalences...
Tuple graph equivalence minimization statistics:
Num orig nodes: 22
Num kept nodes: 22
2024-08-09 00:10:33,928 - ..done
Number of initial D2 facts: 13
Number of D2 facts: 13 of 484
2024-08-09 00:10:33,955 - Grounding Logic Program...
2024-08-09 00:10:33,980 - ..done
2024-08-09 00:10:33,980 - Solving Logic Program...
2024-08-09 00:10:33,984 - ..done
Clingo statistics:
{'call': 0.0, 'result': 1.0, 'signal': 0.0, 'exhausted': 1.0, 'costs': [8.0], 'lower': [8.0], 'concurrency': 32.0, 'winner': 8.0, 'times': {'total': 0.0548558235168457, 'cpu': 0.06320400000000026, 'solve': 0.0025238990783691406, 'unsat': 0.000453948974609375, 'sat': 0.001708984375}, 'models': {'enumerated': 4.0, 'optimal': 1.0}}
Solution cost: [8.0]
Total time: 0.0548558235168457
CPU time: 0.06320400000000026
Solve time: 0.0025238990783691406
2024-08-09 00:10:33,999 - Learned the following sketch:
(:policy
(:booleans )
(:numericals (f21 "n_count(c_some(r_primitive(at,0,1),c_some(r_inverse(r_primitive(at,0,1)),c_primitive(loose,0))))"))
(:rule (:conditions (:c_n_gt f21)) (:effects (:e_n_bot f21)))
(:rule (:conditions (:c_n_gt f21)) (:effects (:e_n_inc f21)))
(:rule (:conditions (:c_n_gt f21)) (:effects (:e_n_dec f21)))
(:rule (:conditions (:c_n_eq f21)) (:effects (:e_n_bot f21)))
)
Numer of sketch rules: 4
Number of selected features: 1
Maximum complexity of selected feature: 7
Sketch solves: /proj/ssiw/users/x_domdr/projects/code/sketch-learner/learning/benchmarks/spanner/instances/p-2-1-1-6.pddl
Sketch cycles
Instance: 1
11
11
Number of unsatisfied D2 facts: 50
Number of D2 facts: 63 of 484
2024-08-09 00:10:34,084 - Grounding Logic Program...
2024-08-09 00:10:34,114 - ..done
2024-08-09 00:10:34,114 - Solving Logic Program...
2024-08-09 00:10:34,119 - ..done
Clingo statistics:
{'call': 0.0, 'result': 1.0, 'signal': 0.0, 'exhausted': 1.0, 'costs': [14.0], 'lower': [14.0], 'concurrency': 32.0, 'winner': 8.0, 'times': {'total': 0.11870193481445312, 'cpu': 0.13376600000000005, 'solve': 0.0024077892303466797, 'unsat': 0.0004999637603759766, 'sat': 0.001283884048461914}, 'models': {'enumerated': 10.0, 'optimal': 1.0}}
Solution cost: [14.0]
Total time: 0.11870193481445312
CPU time: 0.13376600000000005
Solve time: 0.0024077892303466797
2024-08-09 00:10:34,136 - Learned the following sketch:
(:policy
(:booleans )
(:numericals (f23 "n_count(c_some(r_primitive(carrying,0,1),c_primitive(useable,0)))") (f73 "n_count(c_some(r_transitive_closure(r_primitive(link,0,1)),c_some(r_inverse(r_primitive(at,0,1)),c_primitive(man,0))))"))
(:rule (:conditions (:c_n_eq f23) (:c_n_gt f73)) (:effects (:e_n_bot f23) (:e_n_inc f73)))
(:rule (:conditions (:c_n_eq f23) (:c_n_gt f73)) (:effects (:e_n_inc f23) (:e_n_bot f73)))
(:rule (:conditions (:c_n_gt f23) (:c_n_gt f73)) (:effects (:e_n_bot f23) (:e_n_inc f73)))
(:rule (:conditions (:c_n_gt f23) (:c_n_gt f73)) (:effects (:e_n_dec f23) (:e_n_bot f73)))
(:rule (:conditions (:c_n_eq f23) (:c_n_eq f73)) (:effects (:e_n_bot f23) (:e_n_inc f73)))
)
Numer of sketch rules: 5
Number of selected features: 2
Maximum complexity of selected feature: 8
Deadend state is r_reachable
State: 3
Number of unsatisfied D2 facts: 2
Number of D2 facts: 65 of 484
2024-08-09 00:10:34,215 - Grounding Logic Program...
2024-08-09 00:10:34,245 - ..done
2024-08-09 00:10:34,245 - Solving Logic Program...
2024-08-09 00:10:34,249 - ..done
Clingo statistics:
{'call': 0.0, 'result': 1.0, 'signal': 0.0, 'exhausted': 1.0, 'costs': [15.0], 'lower': [15.0], 'concurrency': 32.0, 'winner': 4.0, 'times': {'total': 0.1119990348815918, 'cpu': 0.12562600000000002, 'solve': 0.002669095993041992, 'unsat': 0.0005710124969482422, 'sat': 0.0015361309051513672}, 'models': {'enumerated': 5.0, 'optimal': 1.0}}
Solution cost: [15.0]
Total time: 0.1119990348815918
CPU time: 0.12562600000000002
Solve time: 0.002669095993041992
2024-08-09 00:10:34,267 - Learned the following sketch:
(:policy
(:booleans )
(:numericals (f23 "n_count(c_some(r_primitive(carrying,0,1),c_primitive(useable,0)))") (f65 "n_count(c_some(r_primitive(at,0,1),c_some(r_primitive(link,0,1),c_all(r_inverse(r_primitive(at,0,1)),c_primitive(nut,0)))))"))
(:rule (:conditions (:c_n_eq f23) (:c_n_gt f65)) (:effects (:e_n_bot f23) (:e_n_inc f65)))
(:rule (:conditions (:c_n_eq f23) (:c_n_gt f65)) (:effects (:e_n_inc f23) (:e_n_dec f65)))
(:rule (:conditions (:c_n_gt f23) (:c_n_gt f65)) (:effects (:e_n_bot f23) (:e_n_dec f65)))
(:rule (:conditions (:c_n_gt f23) (:c_n_eq f65)) (:effects (:e_n_dec f23) (:e_n_bot f65)))
(:rule (:conditions (:c_n_eq f23) (:c_n_gt f65)) (:effects (:e_n_bot f23) (:e_n_dec f65)))
)
Numer of sketch rules: 5
Number of selected features: 2
Maximum complexity of selected feature: 9
Deadend state is r_reachable
State: 3
Number of unsatisfied D2 facts: 2
Number of D2 facts: 67 of 484
2024-08-09 00:10:34,345 - Grounding Logic Program...
2024-08-09 00:10:34,373 - ..done
2024-08-09 00:10:34,373 - Solving Logic Program...
2024-08-09 00:10:34,378 - ..done
Clingo statistics:
{'call': 0.0, 'result': 1.0, 'signal': 0.0, 'exhausted': 1.0, 'costs': [15.0], 'lower': [15.0], 'concurrency': 32.0, 'winner': 3.0, 'times': {'total': 0.11030793190002441, 'cpu': 0.12707200000000007, 'solve': 0.0030579566955566406, 'unsat': 0.0006539821624755859, 'sat': 0.001280069351196289}, 'models': {'enumerated': 9.0, 'optimal': 1.0}}
Solution cost: [15.0]
Total time: 0.11030793190002441
CPU time: 0.12707200000000007
Solve time: 0.0030579566955566406
2024-08-09 00:10:34,396 - Learned the following sketch:
(:policy
(:booleans )
(:numericals (f23 "n_count(c_some(r_primitive(carrying,0,1),c_primitive(useable,0)))") (f58 "n_count(c_some(r_inverse(r_transitive_closure(r_primitive(link,0,1))),c_some(r_inverse(r_primitive(at,0,1)),c_top)))"))
(:rule (:conditions (:c_n_eq f23) (:c_n_gt f58)) (:effects (:e_n_bot f23) (:e_n_dec f58)))
(:rule (:conditions (:c_n_eq f23) (:c_n_gt f58)) (:effects (:e_n_inc f23) (:e_n_bot f58)))
(:rule (:conditions (:c_n_gt f23) (:c_n_gt f58)) (:effects (:e_n_bot f23) (:e_n_dec f58)))
(:rule (:conditions (:c_n_gt f23) (:c_n_eq f58)) (:effects (:e_n_dec f23) (:e_n_bot f58)))
)
Numer of sketch rules: 4
Number of selected features: 2
Maximum complexity of selected feature: 9
Sketch solves: /proj/ssiw/users/x_domdr/projects/code/sketch-learner/learning/benchmarks/spanner/instances/p-2-1-1-6.pddl
Sketch solves: /proj/ssiw/users/x_domdr/projects/code/sketch-learner/learning/benchmarks/spanner/instances/p-1-1-1-5.pddl
2024-08-09 00:10:34,397 - Verifying learned sketch...
Sketch solves: /proj/ssiw/users/x_domdr/projects/code/sketch-learner/learning/benchmarks/spanner/instances/p-2-1-1-6.pddl
Sketch solves: /proj/ssiw/users/x_domdr/projects/code/sketch-learner/learning/benchmarks/spanner/instances/p-1-1-1-5.pddl
Sketch solves: /proj/ssiw/users/x_domdr/projects/code/sketch-learner/learning/benchmarks/spanner/instances/p-1-1-1-5.pddl
Sketch solves: /proj/ssiw/users/x_domdr/projects/code/sketch-learner/learning/benchmarks/spanner/instances/p-2-1-1-6.pddl
Sketch solves: /proj/ssiw/users/x_domdr/projects/code/sketch-learner/learning/benchmarks/spanner/instances/p-3-1-1-23.pddl
Sketch solves: /proj/ssiw/users/x_domdr/projects/code/sketch-learner/learning/benchmarks/spanner/instances/p-2-1-1-20.pddl
Sketch solves: /proj/ssiw/users/x_domdr/projects/code/sketch-learner/learning/benchmarks/spanner/instances/p-3-1-1-20.pddl
Sketch fails to bound width of a state
/proj/ssiw/users/x_domdr/projects/code/sketch-learner/learning/benchmarks/spanner/instances/p-1-2-2-12.pddl
Instance: 5
Source_state: 38
Dlplan state: (instance index=5, state index=7, atoms={at(nut2,gate), loose(nut2), at(nut1,gate), loose(nut1), useable(spanner2), useable(spanner1), carrying(bob,spanner2), carrying(bob,spanner1), at(bob,gate)})
2024-08-09 00:10:34,401 - ..done
Smallest unsolved instance: 5
Selected instances: [5]
2024-08-09 00:10:34,402 - Iteration: 3
     id: 5 problem_filepath: /proj/ssiw/users/x_domdr/projects/code/sketch-learner/learning/benchmarks/spanner/instances/p-1-2-2-12.pddl num_states: 18 num_state_equivalences: 10
2024-08-09 00:10:34,403 - Initialize global faithful abstract states...
2024-08-09 00:10:34,404 - ..done
2024-08-09 00:10:34,404 - Initializing DomainFeatureData...
[t=2.27152s, 2514148 KB] Started generating base features of complexity 1.
[t=2.27172s, 2514148 KB] Complexity 1:
    b_nullary: 0
    c_one_of: 0
    c_top: 1
    c_bot: 1
    c_primitive: 8
    r_primitive: 4
    c_and: 0
    c_not: 0
    c_equal: 0
    c_some: 0
    c_all: 0
    r_restrict: 0
    r_and: 0
    r_inverse: 0
    r_transitive_closure: 0
    b_empty: 0
    n_count: 0
    n_concept_distance: 0
[t=2.27203s, 2514148 KB] Finished generating base features.
[t=2.27207s, 2514148 KB] Started generating composite features. 
[t=2.27225s, 2514148 KB] Complexity 2:
Total concept elements: 16
Total role elements: 8
Total numerical elements: 10
Total boolean elements: 5
    b_nullary: 0
    c_one_of: 0
    c_top: 1
    c_bot: 1
    c_primitive: 8
    r_primitive: 4
    c_and: 0
    c_not: 6
    c_equal: 0
    c_some: 0
    c_all: 0
    r_restrict: 0
    r_and: 0
    r_inverse: 3
    r_transitive_closure: 1
    b_empty: 5
    n_count: 10
    n_concept_distance: 0
[t=2.27329s, 2514148 KB] Complexity 3:
Total concept elements: 24
Total role elements: 10
Total numerical elements: 14
Total boolean elements: 5
    b_nullary: 0
    c_one_of: 0
    c_top: 1
    c_bot: 1
    c_primitive: 8
    r_primitive: 4
    c_and: 0
    c_not: 6
    c_equal: 1
    c_some: 4
    c_all: 3
    r_restrict: 1
    r_and: 0
    r_inverse: 4
    r_transitive_closure: 1
    b_empty: 5
    n_count: 14
    n_concept_distance: 0
[t=2.27449s, 2514148 KB] Complexity 4:
Total concept elements: 47
Total role elements: 11
Total numerical elements: 23
Total boolean elements: 6
    b_nullary: 0
    c_one_of: 0
    c_top: 1
    c_bot: 1
    c_primitive: 8
    r_primitive: 4
    c_and: 7
    c_not: 8
    c_equal: 1
    c_some: 12
    c_all: 9
    r_restrict: 1
    r_and: 0
    r_inverse: 5
    r_transitive_closure: 1
    b_empty: 6
    n_count: 20
    n_concept_distance: 3
[t=2.27586s, 2514148 KB] Complexity 5:
Total concept elements: 84
Total role elements: 11
Total numerical elements: 36
Total boolean elements: 7
    b_nullary: 0
    c_one_of: 0
    c_top: 1
    c_bot: 1
    c_primitive: 8
    r_primitive: 4
    c_and: 24
    c_not: 20
    c_equal: 1
    c_some: 16
    c_all: 13
    r_restrict: 1
    r_and: 0
    r_inverse: 5
    r_transitive_closure: 1
    b_empty: 7
    n_count: 33
    n_concept_distance: 3
[t=2.27853s, 2514148 KB] Complexity 6:
Total concept elements: 170
Total role elements: 11
Total numerical elements: 60
Total boolean elements: 10
    b_nullary: 0
    c_one_of: 0
    c_top: 1
    c_bot: 1
    c_primitive: 8
    r_primitive: 4
    c_and: 51
    c_not: 34
    c_equal: 1
    c_some: 39
    c_all: 35
    r_restrict: 1
    r_and: 0
    r_inverse: 5
    r_transitive_closure: 1
    b_empty: 10
    n_count: 52
    n_concept_distance: 8
[t=2.28347s, 2514148 KB] Complexity 7:
Total concept elements: 310
Total role elements: 11
Total numerical elements: 132
Total boolean elements: 21
    b_nullary: 0
    c_one_of: 0
    c_top: 1
    c_bot: 1
    c_primitive: 8
    r_primitive: 4
    c_and: 110
    c_not: 93
    c_equal: 1
    c_some: 51
    c_all: 45
    r_restrict: 1
    r_and: 0
    r_inverse: 5
    r_transitive_closure: 1
    b_empty: 21
    n_count: 117
    n_concept_distance: 15
[t=2.29326s, 2514148 KB] Complexity 8:
Total concept elements: 570
Total role elements: 11
Total numerical elements: 229
Total boolean elements: 25
    b_nullary: 0
    c_one_of: 0
    c_top: 1
    c_bot: 1
    c_primitive: 8
    r_primitive: 4
    c_and: 245
    c_not: 154
    c_equal: 1
    c_some: 82
    c_all: 78
    r_restrict: 1
    r_and: 0
    r_inverse: 5
    r_transitive_closure: 1
    b_empty: 25
    n_count: 205
    n_concept_distance: 24
[t=2.31116s, 2514148 KB] Complexity 9:
Total concept elements: 1045
Total role elements: 11
Total numerical elements: 390
Total boolean elements: 41
    b_nullary: 0
    c_one_of: 0
    c_top: 1
    c_bot: 1
    c_primitive: 8
    r_primitive: 4
    c_and: 516
    c_not: 293
    c_equal: 1
    c_some: 111
    c_all: 114
    r_restrict: 1
    r_and: 0
    r_inverse: 5
    r_transitive_closure: 1
    b_empty: 41
    n_count: 349
    n_concept_distance: 41
[t=2.31151s, 2514148 KB] Finished generating composite features.
Features generated: 432
Features after 0/1 pruning (incomplete): 152
Features after soft changes pruning (incomplete): 142
Features after relevant changes pruning (complete): 81
2024-08-09 00:10:34,552 - ..done
2024-08-09 00:10:34,552 - Constructing PerStateFeatureValuations...
2024-08-09 00:10:34,553 - ..done
2024-08-09 00:10:34,553 - Constructing StatePairEquivalenceDatas...
2024-08-09 00:10:34,564 - ..done
2024-08-09 00:10:34,565 - Constructing TupleGraphEquivalences...
Tuple graph equivalence construction statistics:
Num nodes: 19
2024-08-09 00:10:34,565 - ..done
2024-08-09 00:10:34,565 - Minimizing TupleGraphEquivalences...
Tuple graph equivalence minimization statistics:
Num orig nodes: 19
Num kept nodes: 15
2024-08-09 00:10:34,566 - ..done
Number of initial D2 facts: 10
Number of D2 facts: 10 of 225
2024-08-09 00:10:34,587 - Grounding Logic Program...
2024-08-09 00:10:34,606 - ..done
2024-08-09 00:10:34,606 - Solving Logic Program...
2024-08-09 00:10:34,611 - ..done
Clingo statistics:
{'call': 0.0, 'result': 1.0, 'signal': 0.0, 'exhausted': 1.0, 'costs': [3.0], 'lower': [3.0], 'concurrency': 32.0, 'winner': 12.0, 'times': {'total': 0.044450998306274414, 'cpu': 0.05369500000000027, 'solve': 0.003098011016845703, 'unsat': 0.0004189014434814453, 'sat': 0.001667022705078125}, 'models': {'enumerated': 18.0, 'optimal': 1.0}}
Solution cost: [3.0]
Total time: 0.044450998306274414
CPU time: 0.05369500000000027
Solve time: 0.003098011016845703
2024-08-09 00:10:34,624 - Learned the following sketch:
(:policy
(:booleans )
(:numericals (f55 "n_count(r_primitive(carrying,0,1))"))
(:rule (:conditions (:c_n_gt f55)) (:effects (:e_n_bot f55)))
(:rule (:conditions (:c_n_eq f55)) (:effects (:e_n_bot f55)))
(:rule (:conditions (:c_n_eq f55)) (:effects (:e_n_inc f55)))
(:rule (:conditions (:c_n_gt f55)) (:effects (:e_n_inc f55)))
)
Numer of sketch rules: 4
Number of selected features: 1
Maximum complexity of selected feature: 2
Sketch solves: /proj/ssiw/users/x_domdr/projects/code/sketch-learner/learning/benchmarks/spanner/instances/p-1-2-2-12.pddl
Sketch cycles
Instance: 5
39
39
Number of unsatisfied D2 facts: 23
Number of D2 facts: 33 of 225
2024-08-09 00:10:34,688 - Grounding Logic Program...
2024-08-09 00:10:34,709 - ..done
2024-08-09 00:10:34,710 - Solving Logic Program...
2024-08-09 00:10:34,715 - ..done
Clingo statistics:
{'call': 0.0, 'result': 1.0, 'signal': 0.0, 'exhausted': 1.0, 'costs': [11.0], 'lower': [11.0], 'concurrency': 32.0, 'winner': 12.0, 'times': {'total': 0.08954405784606934, 'cpu': 0.10344700000000007, 'solve': 0.0036220550537109375, 'unsat': 0.0011448860168457031, 'sat': 0.0012180805206298828}, 'models': {'enumerated': 11.0, 'optimal': 1.0}}
Solution cost: [11.0]
Total time: 0.08954405784606934
CPU time: 0.10344700000000007
Solve time: 0.0036220550537109375
2024-08-09 00:10:34,727 - Learned the following sketch:
(:policy
(:booleans )
(:numericals (f53 "n_count(c_primitive(tightened,0))") (f79 "n_count(c_some(r_primitive(at,0,1),c_all(r_inverse(r_primitive(at,0,1)),c_primitive(man,0))))"))
(:rule (:conditions (:c_n_gt f53) (:c_n_eq f79)) (:effects (:e_n_inc f53) (:e_n_bot f79)))
(:rule (:conditions (:c_n_eq f53) (:c_n_gt f79)) (:effects (:e_n_bot f53) (:e_n_dec f79)))
(:rule (:conditions (:c_n_eq f53) (:c_n_eq f79)) (:effects (:e_n_bot f53) (:e_n_bot f79)))
(:rule (:conditions (:c_n_eq f53) (:c_n_eq f79)) (:effects (:e_n_bot f53) (:e_n_inc f79)))
(:rule (:conditions (:c_n_eq f53) (:c_n_eq f79)) (:effects (:e_n_inc f53) (:e_n_bot f79)))
)
Numer of sketch rules: 5
Number of selected features: 2
Maximum complexity of selected feature: 7
Sketch solves: /proj/ssiw/users/x_domdr/projects/code/sketch-learner/learning/benchmarks/spanner/instances/p-1-2-2-12.pddl
Sketch cycles
Instance: 5
38
38
Number of unsatisfied D2 facts: 5
Number of D2 facts: 38 of 225
2024-08-09 00:10:34,785 - Grounding Logic Program...
2024-08-09 00:10:34,807 - ..done
2024-08-09 00:10:34,807 - Solving Logic Program...
2024-08-09 00:10:34,812 - ..done
Clingo statistics:
{'call': 0.0, 'result': 1.0, 'signal': 0.0, 'exhausted': 1.0, 'costs': [13.0], 'lower': [13.0], 'concurrency': 32.0, 'winner': 5.0, 'times': {'total': 0.08328890800476074, 'cpu': 0.09562900000000019, 'solve': 0.0033910274505615234, 'unsat': 0.0011708736419677734, 'sat': 0.0015740394592285156}, 'models': {'enumerated': 9.0, 'optimal': 1.0}}
Solution cost: [13.0]
Total time: 0.08328890800476074
CPU time: 0.09562900000000019
Solve time: 0.0033910274505615234
2024-08-09 00:10:34,824 - Learned the following sketch:
(:policy
(:booleans )
(:numericals (f53 "n_count(c_primitive(tightened,0))") (f34 "n_concept_distance(c_primitive(man,0),r_primitive(carrying,0,1),c_all(r_primitive(at,0,1),c_all(r_inverse(r_primitive(at,0,1)),c_primitive(man,0))))"))
(:rule (:conditions (:c_n_gt f53) (:c_n_gt f34)) (:effects (:e_n_inc f53) (:e_n_bot f34)))
(:rule (:conditions (:c_n_eq f53) (:c_n_eq f34)) (:effects (:e_n_bot f53) (:e_n_inc f34)))
(:rule (:conditions (:c_n_eq f53) (:c_n_gt f34)) (:effects (:e_n_bot f53) (:e_n_dec f34)))
(:rule (:conditions (:c_n_eq f53) (:c_n_gt f34)) (:effects (:e_n_inc f53) (:e_n_bot f34)))
)
Numer of sketch rules: 4
Number of selected features: 2
Maximum complexity of selected feature: 9
Sketch solves: /proj/ssiw/users/x_domdr/projects/code/sketch-learner/learning/benchmarks/spanner/instances/p-1-2-2-12.pddl
2024-08-09 00:10:34,825 - Verifying learned sketch...
Sketch solves: /proj/ssiw/users/x_domdr/projects/code/sketch-learner/learning/benchmarks/spanner/instances/p-1-2-2-12.pddl
Sketch solves: /proj/ssiw/users/x_domdr/projects/code/sketch-learner/learning/benchmarks/spanner/instances/p-1-1-1-5.pddl
Sketch fails to bound width of a state
/proj/ssiw/users/x_domdr/projects/code/sketch-learner/learning/benchmarks/spanner/instances/p-2-1-1-6.pddl
Instance: 1
Source_state: 6
Dlplan state: (instance index=1, state index=0, atoms={at(nut1,gate), loose(nut1), useable(spanner1), at(spanner1,location2), at(bob,shed)})
2024-08-09 00:10:34,828 - ..done
Smallest unsolved instance: 1
Selected instances: [5, 1]
2024-08-09 00:10:34,828 - Iteration: 4
     id: 5 problem_filepath: /proj/ssiw/users/x_domdr/projects/code/sketch-learner/learning/benchmarks/spanner/instances/p-1-2-2-12.pddl num_states: 18 num_state_equivalences: 10
     id: 1 problem_filepath: /proj/ssiw/users/x_domdr/projects/code/sketch-learner/learning/benchmarks/spanner/instances/p-2-1-1-6.pddl num_states: 7 num_state_equivalences: 7
2024-08-09 00:10:34,833 - Initialize global faithful abstract states...
2024-08-09 00:10:34,833 - ..done
2024-08-09 00:10:34,833 - Initializing DomainFeatureData...
[t=2.70119s, 2514148 KB] Started generating base features of complexity 1.
[t=2.70141s, 2514148 KB] Complexity 1:
    b_nullary: 0
    c_one_of: 0
    c_top: 1
    c_bot: 1
    c_primitive: 8
    r_primitive: 4
    c_and: 0
    c_not: 0
    c_equal: 0
    c_some: 0
    c_all: 0
    r_restrict: 0
    r_and: 0
    r_inverse: 0
    r_transitive_closure: 0
    b_empty: 0
    n_count: 0
    n_concept_distance: 0
[t=2.70175s, 2514148 KB] Finished generating base features.
[t=2.70179s, 2514148 KB] Started generating composite features. 
[t=2.70199s, 2514148 KB] Complexity 2:
Total concept elements: 16
Total role elements: 8
Total numerical elements: 11
Total boolean elements: 5
    b_nullary: 0
    c_one_of: 0
    c_top: 1
    c_bot: 1
    c_primitive: 8
    r_primitive: 4
    c_and: 0
    c_not: 6
    c_equal: 0
    c_some: 0
    c_all: 0
    r_restrict: 0
    r_and: 0
    r_inverse: 3
    r_transitive_closure: 1
    b_empty: 5
    n_count: 11
    n_concept_distance: 0
[t=2.70339s, 2514148 KB] Complexity 3:
Total concept elements: 24
Total role elements: 10
Total numerical elements: 16
Total boolean elements: 5
    b_nullary: 0
    c_one_of: 0
    c_top: 1
    c_bot: 1
    c_primitive: 8
    r_primitive: 4
    c_and: 0
    c_not: 6
    c_equal: 1
    c_some: 4
    c_all: 3
    r_restrict: 1
    r_and: 0
    r_inverse: 4
    r_transitive_closure: 1
    b_empty: 5
    n_count: 16
    n_concept_distance: 0
[t=2.70496s, 2514148 KB] Complexity 4:
Total concept elements: 47
Total role elements: 11
Total numerical elements: 26
Total boolean elements: 6
    b_nullary: 0
    c_one_of: 0
    c_top: 1
    c_bot: 1
    c_primitive: 8
    r_primitive: 4
    c_and: 7
    c_not: 8
    c_equal: 1
    c_some: 12
    c_all: 9
    r_restrict: 1
    r_and: 0
    r_inverse: 5
    r_transitive_closure: 1
    b_empty: 6
    n_count: 23
    n_concept_distance: 3
[t=2.70686s, 2514148 KB] Complexity 5:
Total concept elements: 84
Total role elements: 11
Total numerical elements: 40
Total boolean elements: 7
    b_nullary: 0
    c_one_of: 0
    c_top: 1
    c_bot: 1
    c_primitive: 8
    r_primitive: 4
    c_and: 24
    c_not: 20
    c_equal: 1
    c_some: 16
    c_all: 13
    r_restrict: 1
    r_and: 0
    r_inverse: 5
    r_transitive_closure: 1
    b_empty: 7
    n_count: 37
    n_concept_distance: 3
[t=2.71048s, 2514148 KB] Complexity 6:
Total concept elements: 171
Total role elements: 11
Total numerical elements: 70
Total boolean elements: 10
    b_nullary: 0
    c_one_of: 0
    c_top: 1
    c_bot: 1
    c_primitive: 8
    r_primitive: 4
    c_and: 52
    c_not: 34
    c_equal: 1
    c_some: 39
    c_all: 35
    r_restrict: 1
    r_and: 0
    r_inverse: 5
    r_transitive_closure: 1
    b_empty: 10
    n_count: 62
    n_concept_distance: 8
[t=2.71696s, 2514148 KB] Complexity 7:
Total concept elements: 331
Total role elements: 11
Total numerical elements: 145
Total boolean elements: 22
    b_nullary: 0
    c_one_of: 0
    c_top: 1
    c_bot: 1
    c_primitive: 8
    r_primitive: 4
    c_and: 112
    c_not: 94
    c_equal: 1
    c_some: 61
    c_all: 53
    r_restrict: 1
    r_and: 0
    r_inverse: 5
    r_transitive_closure: 1
    b_empty: 22
    n_count: 130
    n_concept_distance: 15
[t=2.73026s, 2514148 KB] Complexity 8:
Total concept elements: 634
Total role elements: 11
Total numerical elements: 258
Total boolean elements: 28
    b_nullary: 0
    c_one_of: 0
    c_top: 1
    c_bot: 1
    c_primitive: 8
    r_primitive: 4
    c_and: 248
    c_not: 158
    c_equal: 1
    c_some: 111
    c_all: 106
    r_restrict: 1
    r_and: 0
    r_inverse: 5
    r_transitive_closure: 1
    b_empty: 28
    n_count: 234
    n_concept_distance: 24
[t=2.75764s, 2514148 KB] Complexity 9:
Total concept elements: 1166
Total role elements: 11
Total numerical elements: 496
Total boolean elements: 54
    b_nullary: 0
    c_one_of: 0
    c_top: 1
    c_bot: 1
    c_primitive: 8
    r_primitive: 4
    c_and: 528
    c_not: 322
    c_equal: 1
    c_some: 151
    c_all: 154
    r_restrict: 1
    r_and: 0
    r_inverse: 5
    r_transitive_closure: 1
    b_empty: 54
    n_count: 450
    n_concept_distance: 46
[t=2.758s, 2514148 KB] Finished generating composite features.
Features generated: 551
Features after 0/1 pruning (incomplete): 182
Features after soft changes pruning (incomplete): 171
Features after relevant changes pruning (complete): 109
2024-08-09 00:10:35,126 - ..done
2024-08-09 00:10:35,126 - Constructing PerStateFeatureValuations...
2024-08-09 00:10:35,128 - ..done
2024-08-09 00:10:35,128 - Constructing StatePairEquivalenceDatas...
2024-08-09 00:10:35,154 - ..done
2024-08-09 00:10:35,155 - Constructing TupleGraphEquivalences...
Tuple graph equivalence construction statistics:
Num nodes: 31
2024-08-09 00:10:35,156 - ..done
2024-08-09 00:10:35,156 - Minimizing TupleGraphEquivalences...
Tuple graph equivalence minimization statistics:
Num orig nodes: 31
Num kept nodes: 27
2024-08-09 00:10:35,157 - ..done
Number of initial D2 facts: 17
Number of D2 facts: 17 of 729
2024-08-09 00:10:35,204 - Grounding Logic Program...
2024-08-09 00:10:35,247 - ..done
2024-08-09 00:10:35,247 - Solving Logic Program...
2024-08-09 00:10:35,252 - ..done
Clingo statistics:
{'call': 0.0, 'result': 1.0, 'signal': 0.0, 'exhausted': 1.0, 'costs': [8.0], 'lower': [8.0], 'concurrency': 32.0, 'winner': 12.0, 'times': {'total': 0.0945730209350586, 'cpu': 0.10233300000000067, 'solve': 0.0021080970764160156, 'unsat': 0.0006458759307861328, 'sat': 0.001194000244140625}, 'models': {'enumerated': 7.0, 'optimal': 1.0}}
Solution cost: [8.0]
Total time: 0.0945730209350586
CPU time: 0.10233300000000067
Solve time: 0.0021080970764160156
2024-08-09 00:10:35,277 - Learned the following sketch:
(:policy
(:booleans )
(:numericals (f48 "n_count(c_some(r_primitive(link,0,1),c_all(r_inverse(r_primitive(at,0,1)),c_primitive(spanner,0))))"))
(:rule (:conditions (:c_n_gt f48)) (:effects (:e_n_bot f48)))
(:rule (:conditions (:c_n_gt f48)) (:effects (:e_n_inc f48)))
(:rule (:conditions (:c_n_gt f48)) (:effects (:e_n_dec f48)))
(:rule (:conditions (:c_n_eq f48)) (:effects (:e_n_bot f48)))
(:rule (:conditions (:c_n_eq f48)) (:effects (:e_n_inc f48)))
)
Numer of sketch rules: 5
Number of selected features: 1
Maximum complexity of selected feature: 7
Sketch solves: /proj/ssiw/users/x_domdr/projects/code/sketch-learner/learning/benchmarks/spanner/instances/p-1-2-2-12.pddl
Sketch cycles
Instance: 5
39
39
Number of unsatisfied D2 facts: 59
Number of D2 facts: 76 of 729
2024-08-09 00:10:35,416 - Grounding Logic Program...
2024-08-09 00:10:35,464 - ..done
2024-08-09 00:10:35,464 - Solving Logic Program...
2024-08-09 00:10:35,470 - ..done
Clingo statistics:
{'call': 0.0, 'result': 1.0, 'signal': 0.0, 'exhausted': 1.0, 'costs': [13.0], 'lower': [13.0], 'concurrency': 32.0, 'winner': 8.0, 'times': {'total': 0.19246315956115723, 'cpu': 0.20795299999999983, 'solve': 0.003075122833251953, 'unsat': 0.0011491775512695312, 'sat': 0.0016701221466064453}, 'models': {'enumerated': 3.0, 'optimal': 1.0}}
Solution cost: [13.0]
Total time: 0.19246315956115723
CPU time: 0.20795299999999983
Solve time: 0.003075122833251953
2024-08-09 00:10:35,495 - Learned the following sketch:
(:policy
(:booleans )
(:numericals (f36 "n_count(r_restrict(r_primitive(carrying,0,1),c_primitive(useable,0)))") (f66 "n_count(c_and(c_all(r_inverse(r_primitive(at,0,1)),c_bot),c_primitive(location,0)))"))
(:rule (:conditions (:c_n_gt f36) (:c_n_gt f66)) (:effects (:e_n_dec f36) (:e_n_bot f66)))
(:rule (:conditions (:c_n_eq f36) (:c_n_gt f66)) (:effects (:e_n_bot f36) (:e_n_inc f66)))
(:rule (:conditions (:c_n_eq f36) (:c_n_gt f66)) (:effects (:e_n_inc f36) (:e_n_bot f66)))
(:rule (:conditions (:c_n_gt f36) (:c_n_gt f66)) (:effects (:e_n_bot f36) (:e_n_inc f66)))
(:rule (:conditions (:c_n_eq f36) (:c_n_gt f66)) (:effects (:e_n_bot f36) (:e_n_bot f66)))
(:rule (:conditions (:c_n_eq f36) (:c_n_eq f66)) (:effects (:e_n_bot f36) (:e_n_inc f66)))
(:rule (:conditions (:c_n_gt f36) (:c_n_gt f66)) (:effects (:e_n_inc f36) (:e_n_bot f66)))
)
Numer of sketch rules: 7
Number of selected features: 2
Maximum complexity of selected feature: 7
Sketch solves: /proj/ssiw/users/x_domdr/projects/code/sketch-learner/learning/benchmarks/spanner/instances/p-1-2-2-12.pddl
Sketch cycles
Instance: 5
33
33
Number of unsatisfied D2 facts: 8
Number of D2 facts: 84 of 729
2024-08-09 00:10:35,627 - Grounding Logic Program...
2024-08-09 00:10:35,675 - ..done
2024-08-09 00:10:35,675 - Solving Logic Program...
2024-08-09 00:10:35,681 - ..done
Clingo statistics:
{'call': 0.0, 'result': 1.0, 'signal': 0.0, 'exhausted': 1.0, 'costs': [15.0], 'lower': [15.0], 'concurrency': 32.0, 'winner': 21.0, 'times': {'total': 0.18457412719726562, 'cpu': 0.2010019999999999, 'solve': 0.003178119659423828, 'unsat': 0.0009741783142089844, 'sat': 0.0014231204986572266}, 'models': {'enumerated': 7.0, 'optimal': 1.0}}
Solution cost: [15.0]
Total time: 0.18457412719726562
CPU time: 0.2010019999999999
Solve time: 0.003178119659423828
2024-08-09 00:10:35,706 - Learned the following sketch:
(:policy
(:booleans )
(:numericals (f36 "n_count(r_restrict(r_primitive(carrying,0,1),c_primitive(useable,0)))") (f79 "n_count(c_some(r_inverse(r_transitive_closure(r_primitive(link,0,1))),c_some(r_inverse(r_primitive(at,0,1)),c_top)))"))
(:rule (:conditions (:c_n_gt f36) (:c_n_eq f79)) (:effects (:e_n_dec f36) (:e_n_bot f79)))
(:rule (:conditions (:c_n_eq f36) (:c_n_gt f79)) (:effects (:e_n_bot f36) (:e_n_dec f79)))
(:rule (:conditions (:c_n_eq f36) (:c_n_gt f79)) (:effects (:e_n_inc f36) (:e_n_bot f79)))
(:rule (:conditions (:c_n_gt f36) (:c_n_gt f79)) (:effects (:e_n_bot f36) (:e_n_dec f79)))
(:rule (:conditions (:c_n_gt f36) (:c_n_gt f79)) (:effects (:e_n_inc f36) (:e_n_bot f79)))
)
Numer of sketch rules: 5
Number of selected features: 2
Maximum complexity of selected feature: 9
Sketch solves: /proj/ssiw/users/x_domdr/projects/code/sketch-learner/learning/benchmarks/spanner/instances/p-1-2-2-12.pddl
Sketch solves: /proj/ssiw/users/x_domdr/projects/code/sketch-learner/learning/benchmarks/spanner/instances/p-2-1-1-6.pddl
2024-08-09 00:10:35,707 - Verifying learned sketch...
Sketch solves: /proj/ssiw/users/x_domdr/projects/code/sketch-learner/learning/benchmarks/spanner/instances/p-1-2-2-12.pddl
Sketch solves: /proj/ssiw/users/x_domdr/projects/code/sketch-learner/learning/benchmarks/spanner/instances/p-2-1-1-6.pddl
Sketch solves: /proj/ssiw/users/x_domdr/projects/code/sketch-learner/learning/benchmarks/spanner/instances/p-1-1-1-5.pddl
Sketch solves: /proj/ssiw/users/x_domdr/projects/code/sketch-learner/learning/benchmarks/spanner/instances/p-2-1-1-6.pddl
Sketch solves: /proj/ssiw/users/x_domdr/projects/code/sketch-learner/learning/benchmarks/spanner/instances/p-3-1-1-23.pddl
Sketch solves: /proj/ssiw/users/x_domdr/projects/code/sketch-learner/learning/benchmarks/spanner/instances/p-2-1-1-20.pddl
Sketch solves: /proj/ssiw/users/x_domdr/projects/code/sketch-learner/learning/benchmarks/spanner/instances/p-3-1-1-20.pddl
Sketch solves: /proj/ssiw/users/x_domdr/projects/code/sketch-learner/learning/benchmarks/spanner/instances/p-1-2-2-12.pddl
Sketch solves: /proj/ssiw/users/x_domdr/projects/code/sketch-learner/learning/benchmarks/spanner/instances/p-3-1-1-18.pddl
Sketch solves: /proj/ssiw/users/x_domdr/projects/code/sketch-learner/learning/benchmarks/spanner/instances/p-2-2-2-18.pddl
Sketch solves: /proj/ssiw/users/x_domdr/projects/code/sketch-learner/learning/benchmarks/spanner/instances/p-3-2-2-10.pddl
Sketch solves: /proj/ssiw/users/x_domdr/projects/code/sketch-learner/learning/benchmarks/spanner/instances/p-2-2-2-25.pddl
Sketch solves: /proj/ssiw/users/x_domdr/projects/code/sketch-learner/learning/benchmarks/spanner/instances/p-3-2-2-24.pddl
Sketch solves: /proj/ssiw/users/x_domdr/projects/code/sketch-learner/learning/benchmarks/spanner/instances/p-1-3-3-19.pddl
Sketch solves: /proj/ssiw/users/x_domdr/projects/code/sketch-learner/learning/benchmarks/spanner/instances/p-2-2-2-26.pddl
Sketch solves: /proj/ssiw/users/x_domdr/projects/code/sketch-learner/learning/benchmarks/spanner/instances/p-2-3-3-15.pddl
Sketch solves: /proj/ssiw/users/x_domdr/projects/code/sketch-learner/learning/benchmarks/spanner/instances/p-3-2-2-14.pddl
Sketch solves: /proj/ssiw/users/x_domdr/projects/code/sketch-learner/learning/benchmarks/spanner/instances/p-3-2-2-20.pddl
Sketch solves: /proj/ssiw/users/x_domdr/projects/code/sketch-learner/learning/benchmarks/spanner/instances/p-3-2-2-9.pddl
Sketch solves: /proj/ssiw/users/x_domdr/projects/code/sketch-learner/learning/benchmarks/spanner/instances/p-3-3-3-6.pddl
Sketch solves: /proj/ssiw/users/x_domdr/projects/code/sketch-learner/learning/benchmarks/spanner/instances/p-2-3-3-19.pddl
Sketch solves: /proj/ssiw/users/x_domdr/projects/code/sketch-learner/learning/benchmarks/spanner/instances/p-3-2-2-6.pddl
Sketch solves: /proj/ssiw/users/x_domdr/projects/code/sketch-learner/learning/benchmarks/spanner/instances/p-3-3-3-2.pddl
Sketch solves: /proj/ssiw/users/x_domdr/projects/code/sketch-learner/learning/benchmarks/spanner/instances/p-3-3-3-25.pddl
Sketch solves: /proj/ssiw/users/x_domdr/projects/code/sketch-learner/learning/benchmarks/spanner/instances/p-2-3-3-27.pddl
Sketch solves: /proj/ssiw/users/x_domdr/projects/code/sketch-learner/learning/benchmarks/spanner/instances/p-2-3-3-0.pddl
Sketch solves: /proj/ssiw/users/x_domdr/projects/code/sketch-learner/learning/benchmarks/spanner/instances/p-3-3-3-1.pddl
Sketch solves: /proj/ssiw/users/x_domdr/projects/code/sketch-learner/learning/benchmarks/spanner/instances/p-3-3-3-9.pddl
Sketch solves: /proj/ssiw/users/x_domdr/projects/code/sketch-learner/learning/benchmarks/spanner/instances/p-3-3-3-7.pddl
Sketch solves: /proj/ssiw/users/x_domdr/projects/code/sketch-learner/learning/benchmarks/spanner/instances/p-3-3-3-8.pddl
Sketch solves: /proj/ssiw/users/x_domdr/projects/code/sketch-learner/learning/benchmarks/spanner/instances/p-3-3-3-29.pddl
Sketch solves: /proj/ssiw/users/x_domdr/projects/code/sketch-learner/learning/benchmarks/spanner/instances/p-3-3-3-17.pddl
2024-08-09 00:10:35,736 - ..done
Sketch solves all instances!
================================================================================
2024-08-09 00:10:35,736 - Summary:
LearningStatistics:
    num_training_instances: 30
    num_selected_training_instances (|P|): 2
    num_states_in_selected_training_instances (|S|): 17
    num_states_in_complete_selected_training_instances (|S|): 25
    num_features_in_pool (|F|): 109
================================================================================
Resulting sketch:
(:policy
(:booleans )
(:numericals (f36 "n_count(r_restrict(r_primitive(carrying,0,1),c_primitive(useable,0)))") (f79 "n_count(c_some(r_inverse(r_transitive_closure(r_primitive(link,0,1))),c_some(r_inverse(r_primitive(at,0,1)),c_top)))"))
(:rule (:conditions (:c_n_gt f36) (:c_n_eq f79)) (:effects (:e_n_dec f36) (:e_n_bot f79)))
(:rule (:conditions (:c_n_eq f36) (:c_n_gt f79)) (:effects (:e_n_bot f36) (:e_n_dec f79)))
(:rule (:conditions (:c_n_eq f36) (:c_n_gt f79)) (:effects (:e_n_inc f36) (:e_n_bot f79)))
(:rule (:conditions (:c_n_gt f36) (:c_n_gt f79)) (:effects (:e_n_bot f36) (:e_n_dec f79)))
(:rule (:conditions (:c_n_gt f36) (:c_n_gt f79)) (:effects (:e_n_inc f36) (:e_n_bot f79)))
)
Numer of sketch rules: 5
Number of selected features: 2
Maximum complexity of selected feature: 9
================================================================================
Resulting minimized sketch:
(:policy
(:booleans )
(:numericals (f36 "n_count(r_restrict(r_primitive(carrying,0,1),c_primitive(useable,0)))") (f79 "n_count(c_some(r_inverse(r_transitive_closure(r_primitive(link,0,1))),c_some(r_inverse(r_primitive(at,0,1)),c_top)))"))
(:rule (:conditions (:c_n_gt f79)) (:effects (:e_n_bot f36) (:e_n_dec f79)))
(:rule (:conditions (:c_n_gt f79)) (:effects (:e_n_inc f36) (:e_n_bot f79)))
(:rule (:conditions (:c_n_gt f36) (:c_n_eq f79)) (:effects (:e_n_dec f36) (:e_n_bot f79)))
)
Numer of sketch rules: 3
Number of selected features: 2
Maximum complexity of selected feature: 9
================================================================================
================================================================================
Preprocessing time: 3 seconds.
ASP time: 2 seconds.
Verification time: 1 seconds.
Total time: 4 seconds.
Total memory: 0 GiB.
Num states in training data before symmetry pruning: 9291
Num states in training data after symmetry pruning: 283
================================================================================

