Changing working directory:  /proj/ssiw/users/x_domdr/projects/code/sketch-learner/learning/experiments/scripts/workspace-ipc2023/sokoban_0
2024-09-14 15:51:39,171 - Constructing InstanceDatas...
2024-09-14 15:51:46,757 - Constructing GlobalFaithfulAbstractions...
2024-09-14 15:52:24,629 - ...done
2024-09-14 15:52:24,630 - Constructing StateSpaces...
2024-09-14 15:52:24,674 - ...done
/proj/ssiw/users/x_domdr/projects/code/sketch-learner/learning/benchmarks/ipc2023/sokoban/training/easy/p03.pddl /proj/ssiw/users/x_domdr/projects/code/sketch-learner/learning/benchmarks/ipc2023/sokoban/training/easy/p03.pddl
2024-09-14 15:52:24,679 - Created InstanceData with num concrete states: 17 and num abstract states: 13
/proj/ssiw/users/x_domdr/projects/code/sketch-learner/learning/benchmarks/ipc2023/sokoban/training/easy/p33.pddl /proj/ssiw/users/x_domdr/projects/code/sketch-learner/learning/benchmarks/ipc2023/sokoban/training/easy/p33.pddl
2024-09-14 15:52:24,688 - Created InstanceData with num concrete states: 33 and num abstract states: 33
/proj/ssiw/users/x_domdr/projects/code/sketch-learner/learning/benchmarks/ipc2023/sokoban/training/easy/p26.pddl /proj/ssiw/users/x_domdr/projects/code/sketch-learner/learning/benchmarks/ipc2023/sokoban/training/easy/p26.pddl
2024-09-14 15:52:24,696 - Created InstanceData with num concrete states: 97 and num abstract states: 97
/proj/ssiw/users/x_domdr/projects/code/sketch-learner/learning/benchmarks/ipc2023/sokoban/training/easy/p18.pddl /proj/ssiw/users/x_domdr/projects/code/sketch-learner/learning/benchmarks/ipc2023/sokoban/training/easy/p18.pddl
2024-09-14 15:52:24,703 - Created InstanceData with num concrete states: 131 and num abstract states: 131
/proj/ssiw/users/x_domdr/projects/code/sketch-learner/learning/benchmarks/ipc2023/sokoban/training/easy/p17.pddl /proj/ssiw/users/x_domdr/projects/code/sketch-learner/learning/benchmarks/ipc2023/sokoban/training/easy/p17.pddl
2024-09-14 15:52:24,711 - Created InstanceData with num concrete states: 180 and num abstract states: 180
/proj/ssiw/users/x_domdr/projects/code/sketch-learner/learning/benchmarks/ipc2023/sokoban/training/easy/p23.pddl /proj/ssiw/users/x_domdr/projects/code/sketch-learner/learning/benchmarks/ipc2023/sokoban/training/easy/p23.pddl
2024-09-14 15:52:24,718 - Created InstanceData with num concrete states: 181 and num abstract states: 181
/proj/ssiw/users/x_domdr/projects/code/sketch-learner/learning/benchmarks/ipc2023/sokoban/training/easy/p30.pddl /proj/ssiw/users/x_domdr/projects/code/sketch-learner/learning/benchmarks/ipc2023/sokoban/training/easy/p30.pddl
2024-09-14 15:52:24,726 - Created InstanceData with num concrete states: 209 and num abstract states: 209
/proj/ssiw/users/x_domdr/projects/code/sketch-learner/learning/benchmarks/ipc2023/sokoban/training/easy/p13.pddl /proj/ssiw/users/x_domdr/projects/code/sketch-learner/learning/benchmarks/ipc2023/sokoban/training/easy/p13.pddl
2024-09-14 15:52:24,736 - Created InstanceData with num concrete states: 253 and num abstract states: 253
/proj/ssiw/users/x_domdr/projects/code/sketch-learner/learning/benchmarks/ipc2023/sokoban/training/easy/p14.pddl /proj/ssiw/users/x_domdr/projects/code/sketch-learner/learning/benchmarks/ipc2023/sokoban/training/easy/p14.pddl
2024-09-14 15:52:24,746 - Created InstanceData with num concrete states: 269 and num abstract states: 269
/proj/ssiw/users/x_domdr/projects/code/sketch-learner/learning/benchmarks/ipc2023/sokoban/training/easy/p05.pddl /proj/ssiw/users/x_domdr/projects/code/sketch-learner/learning/benchmarks/ipc2023/sokoban/training/easy/p05.pddl
2024-09-14 15:52:24,763 - Created InstanceData with num concrete states: 552 and num abstract states: 282
/proj/ssiw/users/x_domdr/projects/code/sketch-learner/learning/benchmarks/ipc2023/sokoban/training/easy/p34.pddl /proj/ssiw/users/x_domdr/projects/code/sketch-learner/learning/benchmarks/ipc2023/sokoban/training/easy/p34.pddl
2024-09-14 15:52:24,775 - Created InstanceData with num concrete states: 283 and num abstract states: 283
/proj/ssiw/users/x_domdr/projects/code/sketch-learner/learning/benchmarks/ipc2023/sokoban/training/easy/p25.pddl /proj/ssiw/users/x_domdr/projects/code/sketch-learner/learning/benchmarks/ipc2023/sokoban/training/easy/p25.pddl
2024-09-14 15:52:24,787 - Created InstanceData with num concrete states: 319 and num abstract states: 319
/proj/ssiw/users/x_domdr/projects/code/sketch-learner/learning/benchmarks/ipc2023/sokoban/training/easy/p28.pddl /proj/ssiw/users/x_domdr/projects/code/sketch-learner/learning/benchmarks/ipc2023/sokoban/training/easy/p28.pddl
2024-09-14 15:52:24,798 - Created InstanceData with num concrete states: 334 and num abstract states: 334
/proj/ssiw/users/x_domdr/projects/code/sketch-learner/learning/benchmarks/ipc2023/sokoban/training/easy/p19.pddl /proj/ssiw/users/x_domdr/projects/code/sketch-learner/learning/benchmarks/ipc2023/sokoban/training/easy/p19.pddl
2024-09-14 15:52:24,809 - Created InstanceData with num concrete states: 338 and num abstract states: 338
/proj/ssiw/users/x_domdr/projects/code/sketch-learner/learning/benchmarks/ipc2023/sokoban/training/easy/p22.pddl /proj/ssiw/users/x_domdr/projects/code/sketch-learner/learning/benchmarks/ipc2023/sokoban/training/easy/p22.pddl
2024-09-14 15:52:24,822 - Created InstanceData with num concrete states: 376 and num abstract states: 376
/proj/ssiw/users/x_domdr/projects/code/sketch-learner/learning/benchmarks/ipc2023/sokoban/training/easy/p15.pddl /proj/ssiw/users/x_domdr/projects/code/sketch-learner/learning/benchmarks/ipc2023/sokoban/training/easy/p15.pddl
2024-09-14 15:52:24,836 - Created InstanceData with num concrete states: 459 and num abstract states: 459
/proj/ssiw/users/x_domdr/projects/code/sketch-learner/learning/benchmarks/ipc2023/sokoban/training/easy/p09.pddl /proj/ssiw/users/x_domdr/projects/code/sketch-learner/learning/benchmarks/ipc2023/sokoban/training/easy/p09.pddl
2024-09-14 15:52:24,850 - Created InstanceData with num concrete states: 462 and num abstract states: 462
/proj/ssiw/users/x_domdr/projects/code/sketch-learner/learning/benchmarks/ipc2023/sokoban/training/easy/p11.pddl /proj/ssiw/users/x_domdr/projects/code/sketch-learner/learning/benchmarks/ipc2023/sokoban/training/easy/p11.pddl
2024-09-14 15:52:24,863 - Created InstanceData with num concrete states: 462 and num abstract states: 462
/proj/ssiw/users/x_domdr/projects/code/sketch-learner/learning/benchmarks/ipc2023/sokoban/training/easy/p21.pddl /proj/ssiw/users/x_domdr/projects/code/sketch-learner/learning/benchmarks/ipc2023/sokoban/training/easy/p21.pddl
2024-09-14 15:52:24,878 - Created InstanceData with num concrete states: 496 and num abstract states: 496
/proj/ssiw/users/x_domdr/projects/code/sketch-learner/learning/benchmarks/ipc2023/sokoban/training/easy/p16.pddl /proj/ssiw/users/x_domdr/projects/code/sketch-learner/learning/benchmarks/ipc2023/sokoban/training/easy/p16.pddl
2024-09-14 15:52:24,895 - Created InstanceData with num concrete states: 525 and num abstract states: 525
/proj/ssiw/users/x_domdr/projects/code/sketch-learner/learning/benchmarks/ipc2023/sokoban/training/easy/p29.pddl /proj/ssiw/users/x_domdr/projects/code/sketch-learner/learning/benchmarks/ipc2023/sokoban/training/easy/p29.pddl
2024-09-14 15:52:24,916 - Created InstanceData with num concrete states: 623 and num abstract states: 623
/proj/ssiw/users/x_domdr/projects/code/sketch-learner/learning/benchmarks/ipc2023/sokoban/training/easy/p32.pddl /proj/ssiw/users/x_domdr/projects/code/sketch-learner/learning/benchmarks/ipc2023/sokoban/training/easy/p32.pddl
2024-09-14 15:52:24,936 - Created InstanceData with num concrete states: 642 and num abstract states: 642
/proj/ssiw/users/x_domdr/projects/code/sketch-learner/learning/benchmarks/ipc2023/sokoban/training/easy/p24.pddl /proj/ssiw/users/x_domdr/projects/code/sketch-learner/learning/benchmarks/ipc2023/sokoban/training/easy/p24.pddl
2024-09-14 15:52:24,956 - Created InstanceData with num concrete states: 687 and num abstract states: 687
/proj/ssiw/users/x_domdr/projects/code/sketch-learner/learning/benchmarks/ipc2023/sokoban/training/easy/p27.pddl /proj/ssiw/users/x_domdr/projects/code/sketch-learner/learning/benchmarks/ipc2023/sokoban/training/easy/p27.pddl
2024-09-14 15:52:24,977 - Created InstanceData with num concrete states: 698 and num abstract states: 698
/proj/ssiw/users/x_domdr/projects/code/sketch-learner/learning/benchmarks/ipc2023/sokoban/training/easy/p20.pddl /proj/ssiw/users/x_domdr/projects/code/sketch-learner/learning/benchmarks/ipc2023/sokoban/training/easy/p20.pddl
2024-09-14 15:52:25,005 - Created InstanceData with num concrete states: 928 and num abstract states: 928
2024-09-14 15:52:25,015 - ..done
2024-09-14 15:52:25,033 - Initializing TupleGraphs...
2024-09-14 15:52:25,105 - ..done
2024-09-14 15:52:25,106 - Iteration: 0
     id: 0 problem_filepath: /proj/ssiw/users/x_domdr/projects/code/sketch-learner/learning/benchmarks/ipc2023/sokoban/training/easy/p03.pddl num_states: 17 num_state_equivalences: 13
2024-09-14 15:52:25,110 - Initialize global faithful abstract states...
2024-09-14 15:52:25,110 - ..done
2024-09-14 15:52:25,110 - Initializing DomainFeatureData...
[t=45.993s, 2736204 KB] Started generating base features of complexity 1.
[t=45.9934s, 2736204 KB] Complexity 1:
    b_nullary: 0
    c_one_of: 4
    c_top: 1
    c_bot: 1
    c_primitive: 5
    r_primitive: 2
    c_and: 0
    c_not: 0
    c_equal: 0
    c_some: 0
    c_all: 0
    r_restrict: 0
    r_and: 0
    r_inverse: 0
    r_transitive_closure: 0
    b_empty: 0
    n_count: 0
    n_concept_distance: 0
[t=45.9935s, 2736204 KB] Finished generating base features.
[t=45.9935s, 2736204 KB] Started generating composite features. 
[t=45.9943s, 2736204 KB] Complexity 2:
Total concept elements: 20
Total role elements: 4
Total numerical elements: 6
Total boolean elements: 2
    b_nullary: 0
    c_one_of: 4
    c_top: 1
    c_bot: 1
    c_primitive: 5
    r_primitive: 2
    c_and: 0
    c_not: 9
    c_equal: 0
    c_some: 0
    c_all: 0
    r_restrict: 0
    r_and: 0
    r_inverse: 2
    r_transitive_closure: 0
    b_empty: 2
    n_count: 6
    n_concept_distance: 0
[t=45.9986s, 2736204 KB] Complexity 3:
Total concept elements: 23
Total role elements: 7
Total numerical elements: 10
Total boolean elements: 2
    b_nullary: 0
    c_one_of: 4
    c_top: 1
    c_bot: 1
    c_primitive: 5
    r_primitive: 2
    c_and: 0
    c_not: 9
    c_equal: 1
    c_some: 1
    c_all: 1
    r_restrict: 2
    r_and: 1
    r_inverse: 2
    r_transitive_closure: 0
    b_empty: 2
    n_count: 10
    n_concept_distance: 0
[t=46.0039s, 2736204 KB] Complexity 4:
Total concept elements: 35
Total role elements: 9
Total numerical elements: 16
Total boolean elements: 4
    b_nullary: 0
    c_one_of: 4
    c_top: 1
    c_bot: 1
    c_primitive: 5
    r_primitive: 2
    c_and: 7
    c_not: 10
    c_equal: 1
    c_some: 3
    c_all: 3
    r_restrict: 2
    r_and: 1
    r_inverse: 4
    r_transitive_closure: 0
    b_empty: 4
    n_count: 14
    n_concept_distance: 2
[t=46.0101s, 2736204 KB] Complexity 5:
Total concept elements: 68
Total role elements: 9
Total numerical elements: 20
Total boolean elements: 4
    b_nullary: 0
    c_one_of: 4
    c_top: 1
    c_bot: 1
    c_primitive: 5
    r_primitive: 2
    c_and: 33
    c_not: 17
    c_equal: 1
    c_some: 3
    c_all: 3
    r_restrict: 2
    r_and: 1
    r_inverse: 4
    r_transitive_closure: 0
    b_empty: 4
    n_count: 18
    n_concept_distance: 2
[t=46.0191s, 2736204 KB] Complexity 6:
Total concept elements: 119
Total role elements: 9
Total numerical elements: 28
Total boolean elements: 4
    b_nullary: 0
    c_one_of: 4
    c_top: 1
    c_bot: 1
    c_primitive: 5
    r_primitive: 2
    c_and: 53
    c_not: 43
    c_equal: 1
    c_some: 5
    c_all: 6
    r_restrict: 2
    r_and: 1
    r_inverse: 4
    r_transitive_closure: 0
    b_empty: 4
    n_count: 25
    n_concept_distance: 3
[t=46.0334s, 2736204 KB] Complexity 7:
Total concept elements: 151
Total role elements: 9
Total numerical elements: 42
Total boolean elements: 4
    b_nullary: 0
    c_one_of: 4
    c_top: 1
    c_bot: 1
    c_primitive: 5
    r_primitive: 2
    c_and: 70
    c_not: 58
    c_equal: 1
    c_some: 5
    c_all: 6
    r_restrict: 2
    r_and: 1
    r_inverse: 4
    r_transitive_closure: 0
    b_empty: 4
    n_count: 37
    n_concept_distance: 5
[t=46.0584s, 2736204 KB] Complexity 8:
Total concept elements: 229
Total role elements: 9
Total numerical elements: 47
Total boolean elements: 4
    b_nullary: 0
    c_one_of: 4
    c_top: 1
    c_bot: 1
    c_primitive: 5
    r_primitive: 2
    c_and: 132
    c_not: 74
    c_equal: 1
    c_some: 5
    c_all: 6
    r_restrict: 2
    r_and: 1
    r_inverse: 4
    r_transitive_closure: 0
    b_empty: 4
    n_count: 42
    n_concept_distance: 5
[t=46.0928s, 2736204 KB] Complexity 9:
Total concept elements: 361
Total role elements: 9
Total numerical elements: 51
Total boolean elements: 4
    b_nullary: 0
    c_one_of: 4
    c_top: 1
    c_bot: 1
    c_primitive: 5
    r_primitive: 2
    c_and: 237
    c_not: 101
    c_equal: 1
    c_some: 5
    c_all: 6
    r_restrict: 2
    r_and: 1
    r_inverse: 4
    r_transitive_closure: 0
    b_empty: 4
    n_count: 46
    n_concept_distance: 5
[t=46.0929s, 2736204 KB] Finished generating composite features.
Features generated: 55
Features after relevant changes pruning (complete): 3
2024-09-14 15:52:25,262 - ..done
2024-09-14 15:52:25,262 - Constructing PerStateFeatureValuations...
2024-09-14 15:52:25,262 - ..done
2024-09-14 15:52:25,262 - Constructing StatePairEquivalenceDatas...
2024-09-14 15:52:25,264 - ..done
2024-09-14 15:52:25,264 - Constructing TupleGraphEquivalences...
Tuple graph equivalence construction statistics:
Num nodes: 37
2024-09-14 15:52:25,265 - ..done
2024-09-14 15:52:25,265 - Minimizing TupleGraphEquivalences...
Tuple graph equivalence minimization statistics:
Num orig nodes: 37
Num kept nodes: 14
2024-09-14 15:52:25,266 - ..done
Number of initial D2 facts: 1
Number of D2 facts: 1 of 9
2024-09-14 15:52:25,271 - Grounding Logic Program...
2024-09-14 15:52:25,275 - ..done
2024-09-14 15:52:25,275 - Solving Logic Program...
2024-09-14 15:52:25,275 - ..done
ASP is unsatisfiable!
No sketch of width 0 exists that solves all instances!
