Changing working directory:  /proj/ssiw/users/x_domdr/projects/code/sketch-learner/learning/experiments/scripts/workspace-ipc2023/spanner_1
2024-09-14 14:03:13,162 - Constructing InstanceDatas...
2024-09-14 14:03:13,630 - Constructing GlobalFaithfulAbstractions...
2024-09-14 14:03:19,720 - ...done
2024-09-14 14:03:19,724 - Constructing StateSpaces...
2024-09-14 14:03:19,781 - ...done
/proj/ssiw/users/x_domdr/projects/code/sketch-learner/learning/benchmarks/ipc2023/spanner/training/easy/p01.pddl /proj/ssiw/users/x_domdr/projects/code/sketch-learner/learning/benchmarks/ipc2023/spanner/training/easy/p01.pddl
2024-09-14 14:03:19,788 - Created InstanceData with num concrete states: 6 and num abstract states: 6
/proj/ssiw/users/x_domdr/projects/code/sketch-learner/learning/benchmarks/ipc2023/spanner/training/easy/p05.pddl /proj/ssiw/users/x_domdr/projects/code/sketch-learner/learning/benchmarks/ipc2023/spanner/training/easy/p05.pddl
2024-09-14 14:03:19,789 - Created InstanceData with num concrete states: 7 and num abstract states: 7
/proj/ssiw/users/x_domdr/projects/code/sketch-learner/learning/benchmarks/ipc2023/spanner/training/easy/p04.pddl /proj/ssiw/users/x_domdr/projects/code/sketch-learner/learning/benchmarks/ipc2023/spanner/training/easy/p04.pddl
2024-09-14 14:03:19,790 - Created InstanceData with num concrete states: 8 and num abstract states: 8
/proj/ssiw/users/x_domdr/projects/code/sketch-learner/learning/benchmarks/ipc2023/spanner/training/easy/p02.pddl /proj/ssiw/users/x_domdr/projects/code/sketch-learner/learning/benchmarks/ipc2023/spanner/training/easy/p02.pddl
2024-09-14 14:03:19,791 - Created InstanceData with num concrete states: 13 and num abstract states: 9
/proj/ssiw/users/x_domdr/projects/code/sketch-learner/learning/benchmarks/ipc2023/spanner/training/easy/p08.pddl /proj/ssiw/users/x_domdr/projects/code/sketch-learner/learning/benchmarks/ipc2023/spanner/training/easy/p08.pddl
2024-09-14 14:03:19,792 - Created InstanceData with num concrete states: 14 and num abstract states: 10
/proj/ssiw/users/x_domdr/projects/code/sketch-learner/learning/benchmarks/ipc2023/spanner/training/easy/p03.pddl /proj/ssiw/users/x_domdr/projects/code/sketch-learner/learning/benchmarks/ipc2023/spanner/training/easy/p03.pddl
2024-09-14 14:03:19,793 - Created InstanceData with num concrete states: 18 and num abstract states: 10
/proj/ssiw/users/x_domdr/projects/code/sketch-learner/learning/benchmarks/ipc2023/spanner/training/easy/p18.pddl /proj/ssiw/users/x_domdr/projects/code/sketch-learner/learning/benchmarks/ipc2023/spanner/training/easy/p18.pddl
2024-09-14 14:03:19,794 - Created InstanceData with num concrete states: 10 and num abstract states: 10
/proj/ssiw/users/x_domdr/projects/code/sketch-learner/learning/benchmarks/ipc2023/spanner/training/easy/p11.pddl /proj/ssiw/users/x_domdr/projects/code/sketch-learner/learning/benchmarks/ipc2023/spanner/training/easy/p11.pddl
2024-09-14 14:03:19,795 - Created InstanceData with num concrete states: 19 and num abstract states: 11
/proj/ssiw/users/x_domdr/projects/code/sketch-learner/learning/benchmarks/ipc2023/spanner/training/easy/p06.pddl /proj/ssiw/users/x_domdr/projects/code/sketch-learner/learning/benchmarks/ipc2023/spanner/training/easy/p06.pddl
2024-09-14 14:03:19,796 - Created InstanceData with num concrete states: 17 and num abstract states: 12
/proj/ssiw/users/x_domdr/projects/code/sketch-learner/learning/benchmarks/ipc2023/spanner/training/easy/p09.pddl /proj/ssiw/users/x_domdr/projects/code/sketch-learner/learning/benchmarks/ipc2023/spanner/training/easy/p09.pddl
2024-09-14 14:03:19,797 - Created InstanceData with num concrete states: 22 and num abstract states: 13
/proj/ssiw/users/x_domdr/projects/code/sketch-learner/learning/benchmarks/ipc2023/spanner/training/easy/p07.pddl /proj/ssiw/users/x_domdr/projects/code/sketch-learner/learning/benchmarks/ipc2023/spanner/training/easy/p07.pddl
2024-09-14 14:03:19,798 - Created InstanceData with num concrete states: 15 and num abstract states: 14
/proj/ssiw/users/x_domdr/projects/code/sketch-learner/learning/benchmarks/ipc2023/spanner/training/easy/p10.pddl /proj/ssiw/users/x_domdr/projects/code/sketch-learner/learning/benchmarks/ipc2023/spanner/training/easy/p10.pddl
2024-09-14 14:03:19,801 - Created InstanceData with num concrete states: 20 and num abstract states: 15
/proj/ssiw/users/x_domdr/projects/code/sketch-learner/learning/benchmarks/ipc2023/spanner/training/easy/p24.pddl /proj/ssiw/users/x_domdr/projects/code/sketch-learner/learning/benchmarks/ipc2023/spanner/training/easy/p24.pddl
2024-09-14 14:03:19,803 - Created InstanceData with num concrete states: 22 and num abstract states: 16
/proj/ssiw/users/x_domdr/projects/code/sketch-learner/learning/benchmarks/ipc2023/spanner/training/easy/p14.pddl /proj/ssiw/users/x_domdr/projects/code/sketch-learner/learning/benchmarks/ipc2023/spanner/training/easy/p14.pddl
2024-09-14 14:03:19,806 - Created InstanceData with num concrete states: 74 and num abstract states: 17
/proj/ssiw/users/x_domdr/projects/code/sketch-learner/learning/benchmarks/ipc2023/spanner/training/easy/p26.pddl /proj/ssiw/users/x_domdr/projects/code/sketch-learner/learning/benchmarks/ipc2023/spanner/training/easy/p26.pddl
2024-09-14 14:03:19,807 - Created InstanceData with num concrete states: 18 and num abstract states: 17
/proj/ssiw/users/x_domdr/projects/code/sketch-learner/learning/benchmarks/ipc2023/spanner/training/easy/p31.pddl /proj/ssiw/users/x_domdr/projects/code/sketch-learner/learning/benchmarks/ipc2023/spanner/training/easy/p31.pddl
2024-09-14 14:03:19,809 - Created InstanceData with num concrete states: 20 and num abstract states: 19
/proj/ssiw/users/x_domdr/projects/code/sketch-learner/learning/benchmarks/ipc2023/spanner/training/easy/p25.pddl /proj/ssiw/users/x_domdr/projects/code/sketch-learner/learning/benchmarks/ipc2023/spanner/training/easy/p25.pddl
2024-09-14 14:03:19,810 - Created InstanceData with num concrete states: 21 and num abstract states: 20
/proj/ssiw/users/x_domdr/projects/code/sketch-learner/learning/benchmarks/ipc2023/spanner/training/easy/p29.pddl /proj/ssiw/users/x_domdr/projects/code/sketch-learner/learning/benchmarks/ipc2023/spanner/training/easy/p29.pddl
2024-09-14 14:03:19,811 - Created InstanceData with num concrete states: 21 and num abstract states: 20
/proj/ssiw/users/x_domdr/projects/code/sketch-learner/learning/benchmarks/ipc2023/spanner/training/easy/p13.pddl /proj/ssiw/users/x_domdr/projects/code/sketch-learner/learning/benchmarks/ipc2023/spanner/training/easy/p13.pddl
2024-09-14 14:03:19,814 - Created InstanceData with num concrete states: 81 and num abstract states: 20
/proj/ssiw/users/x_domdr/projects/code/sketch-learner/learning/benchmarks/ipc2023/spanner/training/easy/p12.pddl /proj/ssiw/users/x_domdr/projects/code/sketch-learner/learning/benchmarks/ipc2023/spanner/training/easy/p12.pddl
2024-09-14 14:03:19,817 - Created InstanceData with num concrete states: 88 and num abstract states: 23
/proj/ssiw/users/x_domdr/projects/code/sketch-learner/learning/benchmarks/ipc2023/spanner/training/easy/p30.pddl /proj/ssiw/users/x_domdr/projects/code/sketch-learner/learning/benchmarks/ipc2023/spanner/training/easy/p30.pddl
2024-09-14 14:03:19,819 - Created InstanceData with num concrete states: 25 and num abstract states: 24
/proj/ssiw/users/x_domdr/projects/code/sketch-learner/learning/benchmarks/ipc2023/spanner/training/easy/p28.pddl /proj/ssiw/users/x_domdr/projects/code/sketch-learner/learning/benchmarks/ipc2023/spanner/training/easy/p28.pddl
2024-09-14 14:03:19,820 - Created InstanceData with num concrete states: 27 and num abstract states: 26
/proj/ssiw/users/x_domdr/projects/code/sketch-learner/learning/benchmarks/ipc2023/spanner/training/easy/p33.pddl /proj/ssiw/users/x_domdr/projects/code/sketch-learner/learning/benchmarks/ipc2023/spanner/training/easy/p33.pddl
2024-09-14 14:03:19,823 - Created InstanceData with num concrete states: 57 and num abstract states: 29
/proj/ssiw/users/x_domdr/projects/code/sketch-learner/learning/benchmarks/ipc2023/spanner/training/easy/p36.pddl /proj/ssiw/users/x_domdr/projects/code/sketch-learner/learning/benchmarks/ipc2023/spanner/training/easy/p36.pddl
2024-09-14 14:03:19,825 - Created InstanceData with num concrete states: 59 and num abstract states: 31
/proj/ssiw/users/x_domdr/projects/code/sketch-learner/learning/benchmarks/ipc2023/spanner/training/easy/p38.pddl /proj/ssiw/users/x_domdr/projects/code/sketch-learner/learning/benchmarks/ipc2023/spanner/training/easy/p38.pddl
2024-09-14 14:03:19,827 - Created InstanceData with num concrete states: 61 and num abstract states: 32
/proj/ssiw/users/x_domdr/projects/code/sketch-learner/learning/benchmarks/ipc2023/spanner/training/easy/p41.pddl /proj/ssiw/users/x_domdr/projects/code/sketch-learner/learning/benchmarks/ipc2023/spanner/training/easy/p41.pddl
2024-09-14 14:03:19,831 - Created InstanceData with num concrete states: 128 and num abstract states: 36
/proj/ssiw/users/x_domdr/projects/code/sketch-learner/learning/benchmarks/ipc2023/spanner/training/easy/p34.pddl /proj/ssiw/users/x_domdr/projects/code/sketch-learner/learning/benchmarks/ipc2023/spanner/training/easy/p34.pddl
2024-09-14 14:03:19,833 - Created InstanceData with num concrete states: 56 and num abstract states: 37
/proj/ssiw/users/x_domdr/projects/code/sketch-learner/learning/benchmarks/ipc2023/spanner/training/easy/p37.pddl /proj/ssiw/users/x_domdr/projects/code/sketch-learner/learning/benchmarks/ipc2023/spanner/training/easy/p37.pddl
2024-09-14 14:03:19,836 - Created InstanceData with num concrete states: 57 and num abstract states: 38
/proj/ssiw/users/x_domdr/projects/code/sketch-learner/learning/benchmarks/ipc2023/spanner/training/easy/p40.pddl /proj/ssiw/users/x_domdr/projects/code/sketch-learner/learning/benchmarks/ipc2023/spanner/training/easy/p40.pddl
2024-09-14 14:03:19,839 - Created InstanceData with num concrete states: 75 and num abstract states: 42
/proj/ssiw/users/x_domdr/projects/code/sketch-learner/learning/benchmarks/ipc2023/spanner/training/easy/p35.pddl /proj/ssiw/users/x_domdr/projects/code/sketch-learner/learning/benchmarks/ipc2023/spanner/training/easy/p35.pddl
2024-09-14 14:03:19,841 - Created InstanceData with num concrete states: 61 and num abstract states: 42
/proj/ssiw/users/x_domdr/projects/code/sketch-learner/learning/benchmarks/ipc2023/spanner/training/easy/p48.pddl /proj/ssiw/users/x_domdr/projects/code/sketch-learner/learning/benchmarks/ipc2023/spanner/training/easy/p48.pddl
2024-09-14 14:03:19,845 - Created InstanceData with num concrete states: 148 and num abstract states: 44
/proj/ssiw/users/x_domdr/projects/code/sketch-learner/learning/benchmarks/ipc2023/spanner/training/easy/p32.pddl /proj/ssiw/users/x_domdr/projects/code/sketch-learner/learning/benchmarks/ipc2023/spanner/training/easy/p32.pddl
2024-09-14 14:03:19,848 - Created InstanceData with num concrete states: 65 and num abstract states: 46
/proj/ssiw/users/x_domdr/projects/code/sketch-learner/learning/benchmarks/ipc2023/spanner/training/easy/p44.pddl /proj/ssiw/users/x_domdr/projects/code/sketch-learner/learning/benchmarks/ipc2023/spanner/training/easy/p44.pddl
2024-09-14 14:03:19,852 - Created InstanceData with num concrete states: 149 and num abstract states: 68
/proj/ssiw/users/x_domdr/projects/code/sketch-learner/learning/benchmarks/ipc2023/spanner/training/easy/p42.pddl /proj/ssiw/users/x_domdr/projects/code/sketch-learner/learning/benchmarks/ipc2023/spanner/training/easy/p42.pddl
2024-09-14 14:03:19,856 - Created InstanceData with num concrete states: 157 and num abstract states: 71
/proj/ssiw/users/x_domdr/projects/code/sketch-learner/learning/benchmarks/ipc2023/spanner/training/easy/p45.pddl /proj/ssiw/users/x_domdr/projects/code/sketch-learner/learning/benchmarks/ipc2023/spanner/training/easy/p45.pddl
2024-09-14 14:03:19,861 - Created InstanceData with num concrete states: 143 and num abstract states: 81
/proj/ssiw/users/x_domdr/projects/code/sketch-learner/learning/benchmarks/ipc2023/spanner/training/easy/p43.pddl /proj/ssiw/users/x_domdr/projects/code/sketch-learner/learning/benchmarks/ipc2023/spanner/training/easy/p43.pddl
2024-09-14 14:03:19,865 - Created InstanceData with num concrete states: 145 and num abstract states: 83
/proj/ssiw/users/x_domdr/projects/code/sketch-learner/learning/benchmarks/ipc2023/spanner/training/easy/p46.pddl /proj/ssiw/users/x_domdr/projects/code/sketch-learner/learning/benchmarks/ipc2023/spanner/training/easy/p46.pddl
2024-09-14 14:03:19,869 - Created InstanceData with num concrete states: 153 and num abstract states: 91
/proj/ssiw/users/x_domdr/projects/code/sketch-learner/learning/benchmarks/ipc2023/spanner/training/easy/p50.pddl /proj/ssiw/users/x_domdr/projects/code/sketch-learner/learning/benchmarks/ipc2023/spanner/training/easy/p50.pddl
2024-09-14 14:03:19,885 - Created InstanceData with num concrete states: 690 and num abstract states: 92
/proj/ssiw/users/x_domdr/projects/code/sketch-learner/learning/benchmarks/ipc2023/spanner/training/easy/p56.pddl /proj/ssiw/users/x_domdr/projects/code/sketch-learner/learning/benchmarks/ipc2023/spanner/training/easy/p56.pddl
2024-09-14 14:03:19,899 - Created InstanceData with num concrete states: 615 and num abstract states: 101
/proj/ssiw/users/x_domdr/projects/code/sketch-learner/learning/benchmarks/ipc2023/spanner/training/easy/p49.pddl /proj/ssiw/users/x_domdr/projects/code/sketch-learner/learning/benchmarks/ipc2023/spanner/training/easy/p49.pddl
2024-09-14 14:03:19,914 - Created InstanceData with num concrete states: 660 and num abstract states: 122
/proj/ssiw/users/x_domdr/projects/code/sketch-learner/learning/benchmarks/ipc2023/spanner/training/easy/p51.pddl /proj/ssiw/users/x_domdr/projects/code/sketch-learner/learning/benchmarks/ipc2023/spanner/training/easy/p51.pddl
2024-09-14 14:03:19,928 - Created InstanceData with num concrete states: 615 and num abstract states: 133
/proj/ssiw/users/x_domdr/projects/code/sketch-learner/learning/benchmarks/ipc2023/spanner/training/easy/p54.pddl /proj/ssiw/users/x_domdr/projects/code/sketch-learner/learning/benchmarks/ipc2023/spanner/training/easy/p54.pddl
2024-09-14 14:03:19,942 - Created InstanceData with num concrete states: 625 and num abstract states: 135
/proj/ssiw/users/x_domdr/projects/code/sketch-learner/learning/benchmarks/ipc2023/spanner/training/easy/p53.pddl /proj/ssiw/users/x_domdr/projects/code/sketch-learner/learning/benchmarks/ipc2023/spanner/training/easy/p53.pddl
2024-09-14 14:03:19,956 - Created InstanceData with num concrete states: 617 and num abstract states: 170
/proj/ssiw/users/x_domdr/projects/code/sketch-learner/learning/benchmarks/ipc2023/spanner/training/easy/p59.pddl /proj/ssiw/users/x_domdr/projects/code/sketch-learner/learning/benchmarks/ipc2023/spanner/training/easy/p59.pddl
2024-09-14 14:03:19,992 - Created InstanceData with num concrete states: 1613 and num abstract states: 171
/proj/ssiw/users/x_domdr/projects/code/sketch-learner/learning/benchmarks/ipc2023/spanner/training/easy/p52.pddl /proj/ssiw/users/x_domdr/projects/code/sketch-learner/learning/benchmarks/ipc2023/spanner/training/easy/p52.pddl
2024-09-14 14:03:20,007 - Created InstanceData with num concrete states: 678 and num abstract states: 173
/proj/ssiw/users/x_domdr/projects/code/sketch-learner/learning/benchmarks/ipc2023/spanner/training/easy/p57.pddl /proj/ssiw/users/x_domdr/projects/code/sketch-learner/learning/benchmarks/ipc2023/spanner/training/easy/p57.pddl
2024-09-14 14:03:20,021 - Created InstanceData with num concrete states: 625 and num abstract states: 178
/proj/ssiw/users/x_domdr/projects/code/sketch-learner/learning/benchmarks/ipc2023/spanner/training/easy/p55.pddl /proj/ssiw/users/x_domdr/projects/code/sketch-learner/learning/benchmarks/ipc2023/spanner/training/easy/p55.pddl
2024-09-14 14:03:20,035 - Created InstanceData with num concrete states: 632 and num abstract states: 185
/proj/ssiw/users/x_domdr/projects/code/sketch-learner/learning/benchmarks/ipc2023/spanner/training/easy/p60.pddl /proj/ssiw/users/x_domdr/projects/code/sketch-learner/learning/benchmarks/ipc2023/spanner/training/easy/p60.pddl
2024-09-14 14:03:20,070 - Created InstanceData with num concrete states: 1622 and num abstract states: 190
/proj/ssiw/users/x_domdr/projects/code/sketch-learner/learning/benchmarks/ipc2023/spanner/training/easy/p64.pddl /proj/ssiw/users/x_domdr/projects/code/sketch-learner/learning/benchmarks/ipc2023/spanner/training/easy/p64.pddl
2024-09-14 14:03:20,107 - Created InstanceData with num concrete states: 1636 and num abstract states: 201
/proj/ssiw/users/x_domdr/projects/code/sketch-learner/learning/benchmarks/ipc2023/spanner/training/easy/p72.pddl /proj/ssiw/users/x_domdr/projects/code/sketch-learner/learning/benchmarks/ipc2023/spanner/training/easy/p72.pddl
2024-09-14 14:03:20,320 - Created InstanceData with num concrete states: 8831 and num abstract states: 261
/proj/ssiw/users/x_domdr/projects/code/sketch-learner/learning/benchmarks/ipc2023/spanner/training/easy/p65.pddl /proj/ssiw/users/x_domdr/projects/code/sketch-learner/learning/benchmarks/ipc2023/spanner/training/easy/p65.pddl
2024-09-14 14:03:20,356 - Created InstanceData with num concrete states: 1670 and num abstract states: 281
/proj/ssiw/users/x_domdr/projects/code/sketch-learner/learning/benchmarks/ipc2023/spanner/training/easy/p70.pddl /proj/ssiw/users/x_domdr/projects/code/sketch-learner/learning/benchmarks/ipc2023/spanner/training/easy/p70.pddl
2024-09-14 14:03:20,569 - Created InstanceData with num concrete states: 8905 and num abstract states: 298
/proj/ssiw/users/x_domdr/projects/code/sketch-learner/learning/benchmarks/ipc2023/spanner/training/easy/p63.pddl /proj/ssiw/users/x_domdr/projects/code/sketch-learner/learning/benchmarks/ipc2023/spanner/training/easy/p63.pddl
2024-09-14 14:03:20,604 - Created InstanceData with num concrete states: 1683 and num abstract states: 299
/proj/ssiw/users/x_domdr/projects/code/sketch-learner/learning/benchmarks/ipc2023/spanner/training/easy/p73.pddl /proj/ssiw/users/x_domdr/projects/code/sketch-learner/learning/benchmarks/ipc2023/spanner/training/easy/p73.pddl
2024-09-14 14:03:20,813 - Created InstanceData with num concrete states: 8655 and num abstract states: 313
/proj/ssiw/users/x_domdr/projects/code/sketch-learner/learning/benchmarks/ipc2023/spanner/training/easy/p61.pddl /proj/ssiw/users/x_domdr/projects/code/sketch-learner/learning/benchmarks/ipc2023/spanner/training/easy/p61.pddl
2024-09-14 14:03:20,850 - Created InstanceData with num concrete states: 1739 and num abstract states: 333
/proj/ssiw/users/x_domdr/projects/code/sketch-learner/learning/benchmarks/ipc2023/spanner/training/easy/p58.pddl /proj/ssiw/users/x_domdr/projects/code/sketch-learner/learning/benchmarks/ipc2023/spanner/training/easy/p58.pddl
2024-09-14 14:03:20,885 - Created InstanceData with num concrete states: 1655 and num abstract states: 361
/proj/ssiw/users/x_domdr/projects/code/sketch-learner/learning/benchmarks/ipc2023/spanner/training/easy/p66.pddl /proj/ssiw/users/x_domdr/projects/code/sketch-learner/learning/benchmarks/ipc2023/spanner/training/easy/p66.pddl
2024-09-14 14:03:21,097 - Created InstanceData with num concrete states: 8782 and num abstract states: 363
/proj/ssiw/users/x_domdr/projects/code/sketch-learner/learning/benchmarks/ipc2023/spanner/training/easy/p74.pddl /proj/ssiw/users/x_domdr/projects/code/sketch-learner/learning/benchmarks/ipc2023/spanner/training/easy/p74.pddl
2024-09-14 14:03:21,307 - Created InstanceData with num concrete states: 8783 and num abstract states: 423
/proj/ssiw/users/x_domdr/projects/code/sketch-learner/learning/benchmarks/ipc2023/spanner/training/easy/p71.pddl /proj/ssiw/users/x_domdr/projects/code/sketch-learner/learning/benchmarks/ipc2023/spanner/training/easy/p71.pddl
2024-09-14 14:03:21,516 - Created InstanceData with num concrete states: 8721 and num abstract states: 444
/proj/ssiw/users/x_domdr/projects/code/sketch-learner/learning/benchmarks/ipc2023/spanner/training/easy/p69.pddl /proj/ssiw/users/x_domdr/projects/code/sketch-learner/learning/benchmarks/ipc2023/spanner/training/easy/p69.pddl
2024-09-14 14:03:21,739 - Created InstanceData with num concrete states: 8819 and num abstract states: 451
/proj/ssiw/users/x_domdr/projects/code/sketch-learner/learning/benchmarks/ipc2023/spanner/training/easy/p68.pddl /proj/ssiw/users/x_domdr/projects/code/sketch-learner/learning/benchmarks/ipc2023/spanner/training/easy/p68.pddl
2024-09-14 14:03:21,955 - Created InstanceData with num concrete states: 8869 and num abstract states: 525
/proj/ssiw/users/x_domdr/projects/code/sketch-learner/learning/benchmarks/ipc2023/spanner/training/easy/p67.pddl /proj/ssiw/users/x_domdr/projects/code/sketch-learner/learning/benchmarks/ipc2023/spanner/training/easy/p67.pddl
2024-09-14 14:03:22,167 - Created InstanceData with num concrete states: 8751 and num abstract states: 616
2024-09-14 14:03:22,177 - ..done
2024-09-14 14:03:22,254 - Initializing TupleGraphs...
2024-09-14 14:03:22,508 - ..done
2024-09-14 14:03:22,511 - Iteration: 0
     id: 0 problem_filepath: /proj/ssiw/users/x_domdr/projects/code/sketch-learner/learning/benchmarks/ipc2023/spanner/training/easy/p01.pddl num_states: 6 num_state_equivalences: 6
2024-09-14 14:03:22,513 - Initialize global faithful abstract states...
2024-09-14 14:03:22,513 - ..done
2024-09-14 14:03:22,513 - Initializing DomainFeatureData...
[t=9.38992s, 2531340 KB] Started generating base features of complexity 1.
[t=9.3903s, 2531340 KB] Complexity 1:
    b_nullary: 0
    c_one_of: 0
    c_top: 1
    c_bot: 1
    c_primitive: 8
    r_primitive: 4
    c_and: 0
    c_not: 0
    c_equal: 0
    c_some: 0
    c_all: 0
    r_restrict: 0
    r_and: 0
    r_inverse: 0
    r_transitive_closure: 0
    b_empty: 0
    n_count: 0
    n_concept_distance: 0
[t=9.39067s, 2531340 KB] Finished generating base features.
[t=9.39071s, 2531340 KB] Started generating composite features. 
[t=9.39101s, 2531340 KB] Complexity 2:
Total concept elements: 16
Total role elements: 8
Total numerical elements: 9
Total boolean elements: 5
    b_nullary: 0
    c_one_of: 0
    c_top: 1
    c_bot: 1
    c_primitive: 8
    r_primitive: 4
    c_and: 0
    c_not: 6
    c_equal: 0
    c_some: 0
    c_all: 0
    r_restrict: 0
    r_and: 0
    r_inverse: 3
    r_transitive_closure: 1
    b_empty: 5
    n_count: 9
    n_concept_distance: 0
[t=9.39195s, 2531340 KB] Complexity 3:
Total concept elements: 24
Total role elements: 10
Total numerical elements: 12
Total boolean elements: 5
    b_nullary: 0
    c_one_of: 0
    c_top: 1
    c_bot: 1
    c_primitive: 8
    r_primitive: 4
    c_and: 0
    c_not: 6
    c_equal: 1
    c_some: 4
    c_all: 3
    r_restrict: 1
    r_and: 0
    r_inverse: 4
    r_transitive_closure: 1
    b_empty: 5
    n_count: 12
    n_concept_distance: 0
[t=9.39297s, 2531340 KB] Complexity 4:
Total concept elements: 47
Total role elements: 11
Total numerical elements: 22
Total boolean elements: 6
    b_nullary: 0
    c_one_of: 0
    c_top: 1
    c_bot: 1
    c_primitive: 8
    r_primitive: 4
    c_and: 7
    c_not: 8
    c_equal: 1
    c_some: 12
    c_all: 9
    r_restrict: 1
    r_and: 0
    r_inverse: 5
    r_transitive_closure: 1
    b_empty: 6
    n_count: 16
    n_concept_distance: 6
[t=9.3941s, 2531340 KB] Complexity 5:
Total concept elements: 84
Total role elements: 11
Total numerical elements: 32
Total boolean elements: 7
    b_nullary: 0
    c_one_of: 0
    c_top: 1
    c_bot: 1
    c_primitive: 8
    r_primitive: 4
    c_and: 24
    c_not: 20
    c_equal: 1
    c_some: 16
    c_all: 13
    r_restrict: 1
    r_and: 0
    r_inverse: 5
    r_transitive_closure: 1
    b_empty: 7
    n_count: 25
    n_concept_distance: 7
[t=9.39621s, 2531340 KB] Complexity 6:
Total concept elements: 166
Total role elements: 11
Total numerical elements: 49
Total boolean elements: 8
    b_nullary: 0
    c_one_of: 0
    c_top: 1
    c_bot: 1
    c_primitive: 8
    r_primitive: 4
    c_and: 51
    c_not: 34
    c_equal: 1
    c_some: 37
    c_all: 33
    r_restrict: 1
    r_and: 0
    r_inverse: 5
    r_transitive_closure: 1
    b_empty: 8
    n_count: 38
    n_concept_distance: 11
[t=9.40007s, 2531340 KB] Complexity 7:
Total concept elements: 299
Total role elements: 11
Total numerical elements: 100
Total boolean elements: 17
    b_nullary: 0
    c_one_of: 0
    c_top: 1
    c_bot: 1
    c_primitive: 8
    r_primitive: 4
    c_and: 109
    c_not: 87
    c_equal: 1
    c_some: 49
    c_all: 43
    r_restrict: 1
    r_and: 0
    r_inverse: 5
    r_transitive_closure: 1
    b_empty: 17
    n_count: 82
    n_concept_distance: 18
[t=9.40795s, 2531340 KB] Complexity 8:
Total concept elements: 542
Total role elements: 11
Total numerical elements: 157
Total boolean elements: 19
    b_nullary: 0
    c_one_of: 0
    c_top: 1
    c_bot: 1
    c_primitive: 8
    r_primitive: 4
    c_and: 234
    c_not: 147
    c_equal: 1
    c_some: 78
    c_all: 72
    r_restrict: 1
    r_and: 0
    r_inverse: 5
    r_transitive_closure: 1
    b_empty: 19
    n_count: 131
    n_concept_distance: 26
[t=9.42139s, 2531340 KB] Complexity 9:
Total concept elements: 959
Total role elements: 11
Total numerical elements: 257
Total boolean elements: 28
    b_nullary: 0
    c_one_of: 0
    c_top: 1
    c_bot: 1
    c_primitive: 8
    r_primitive: 4
    c_and: 473
    c_not: 264
    c_equal: 1
    c_some: 105
    c_all: 106
    r_restrict: 1
    r_and: 0
    r_inverse: 5
    r_transitive_closure: 1
    b_empty: 28
    n_count: 207
    n_concept_distance: 50
[t=9.42175s, 2531340 KB] Finished generating composite features.
Features generated: 286
Features after relevant changes pruning (complete): 78
2024-09-14 14:03:22,651 - ..done
2024-09-14 14:03:22,651 - Constructing PerStateFeatureValuations...
2024-09-14 14:03:22,652 - ..done
2024-09-14 14:03:22,652 - Constructing StatePairEquivalenceDatas...
2024-09-14 14:03:22,660 - ..done
2024-09-14 14:03:22,660 - Constructing TupleGraphEquivalences...
Tuple graph equivalence construction statistics:
Num nodes: 13
2024-09-14 14:03:22,661 - ..done
2024-09-14 14:03:22,661 - Minimizing TupleGraphEquivalences...
Tuple graph equivalence minimization statistics:
Num orig nodes: 13
Num kept nodes: 13
2024-09-14 14:03:22,661 - ..done
Number of initial D2 facts: 13
Number of D2 facts: 13 of 169
2024-09-14 14:03:22,679 - Grounding Logic Program...
2024-09-14 14:03:22,694 - ..done
2024-09-14 14:03:22,695 - Solving Logic Program...
2024-09-14 14:03:22,699 - ..done
Clingo statistics:
{'call': 0.0, 'result': 1.0, 'signal': 0.0, 'exhausted': 1.0, 'costs': [3.0], 'lower': [3.0], 'concurrency': 32.0, 'winner': 12.0, 'times': {'total': 0.0375971794128418, 'cpu': 0.048537000000010266, 'solve': 0.0034940242767333984, 'unsat': 0.0004999637603759766, 'sat': 0.0024938583374023438}, 'models': {'enumerated': 3.0, 'optimal': 1.0}}
Solution cost: [3.0]
Total time: 0.0375971794128418
CPU time: 0.048537000000010266
Solve time: 0.0034940242767333984
2024-09-14 14:03:22,709 - Learned the following sketch:
(:policy
(:booleans )
(:numericals (f2 "n_count(c_primitive(usable,0))"))
(:rule (:conditions (:c_n_gt f2)) (:effects (:e_n_dec f2)))
(:rule (:conditions (:c_n_gt f2)) (:effects (:e_n_bot f2)))
)
Numer of sketch rules: 2
Number of selected features: 1
Maximum complexity of selected feature: 2
Sketch solves: /proj/ssiw/users/x_domdr/projects/code/sketch-learner/learning/benchmarks/ipc2023/spanner/training/easy/p01.pddl
Sketch cycles
Instance: 0
4
4
Number of unsatisfied D2 facts: 16
Number of D2 facts: 29 of 169
2024-09-14 14:03:22,758 - Grounding Logic Program...
2024-09-14 14:03:22,774 - ..done
2024-09-14 14:03:22,774 - Solving Logic Program...
2024-09-14 14:03:22,776 - ..done
Clingo statistics:
{'call': 0.0, 'result': 1.0, 'signal': 0.0, 'exhausted': 1.0, 'costs': [5.0], 'lower': [5.0], 'concurrency': 32.0, 'winner': 22.0, 'times': {'total': 0.06595897674560547, 'cpu': 0.07286500000000729, 'solve': 0.0016169548034667969, 'unsat': 0.0005669593811035156, 'sat': 0.0010499954223632812}, 'models': {'enumerated': 1.0, 'optimal': 1.0}}
Solution cost: [5.0]
Total time: 0.06595897674560547
CPU time: 0.07286500000000729
Solve time: 0.0016169548034667969
2024-09-14 14:03:22,786 - Learned the following sketch:
(:policy
(:booleans )
(:numericals (f5 "n_count(c_some(r_primitive(carrying,0,1),c_primitive(usable,0)))"))
(:rule (:conditions (:c_n_gt f5)) (:effects (:e_n_dec f5)))
(:rule (:conditions (:c_n_eq f5)) (:effects (:e_n_inc f5)))
)
Numer of sketch rules: 2
Number of selected features: 1
Maximum complexity of selected feature: 4
Sketch solves: /proj/ssiw/users/x_domdr/projects/code/sketch-learner/learning/benchmarks/ipc2023/spanner/training/easy/p01.pddl
2024-09-14 14:03:22,787 - Verifying learned sketch...
Sketch solves: /proj/ssiw/users/x_domdr/projects/code/sketch-learner/learning/benchmarks/ipc2023/spanner/training/easy/p01.pddl
Sketch solves: /proj/ssiw/users/x_domdr/projects/code/sketch-learner/learning/benchmarks/ipc2023/spanner/training/easy/p01.pddl
Sketch solves: /proj/ssiw/users/x_domdr/projects/code/sketch-learner/learning/benchmarks/ipc2023/spanner/training/easy/p05.pddl
Sketch solves: /proj/ssiw/users/x_domdr/projects/code/sketch-learner/learning/benchmarks/ipc2023/spanner/training/easy/p04.pddl
Sketch fails to bound width of a state
/proj/ssiw/users/x_domdr/projects/code/sketch-learner/learning/benchmarks/ipc2023/spanner/training/easy/p02.pddl
Instance: 3
Source_state: 24
Dlplan state: (instance index=3, state index=7, atoms={usable(spanner1), usable(spanner2), at(nut1,gate), loose(nut1), carrying(bob,spanner1), carrying(bob,spanner2), at(bob,gate)})
2024-09-14 14:03:22,790 - ..done
Smallest unsolved instance: 3
Selected instances: [3]
2024-09-14 14:03:22,790 - Iteration: 1
     id: 3 problem_filepath: /proj/ssiw/users/x_domdr/projects/code/sketch-learner/learning/benchmarks/ipc2023/spanner/training/easy/p02.pddl num_states: 13 num_state_equivalences: 9
2024-09-14 14:03:22,793 - Initialize global faithful abstract states...
2024-09-14 14:03:22,793 - ..done
2024-09-14 14:03:22,793 - Initializing DomainFeatureData...
[t=9.67029s, 2560320 KB] Started generating base features of complexity 1.
[t=9.67046s, 2560320 KB] Complexity 1:
    b_nullary: 0
    c_one_of: 0
    c_top: 1
    c_bot: 1
    c_primitive: 8
    r_primitive: 4
    c_and: 0
    c_not: 0
    c_equal: 0
    c_some: 0
    c_all: 0
    r_restrict: 0
    r_and: 0
    r_inverse: 0
    r_transitive_closure: 0
    b_empty: 0
    n_count: 0
    n_concept_distance: 0
[t=9.6708s, 2560320 KB] Finished generating base features.
[t=9.67085s, 2560320 KB] Started generating composite features. 
[t=9.67101s, 2560320 KB] Complexity 2:
Total concept elements: 16
Total role elements: 8
Total numerical elements: 11
Total boolean elements: 5
    b_nullary: 0
    c_one_of: 0
    c_top: 1
    c_bot: 1
    c_primitive: 8
    r_primitive: 4
    c_and: 0
    c_not: 6
    c_equal: 0
    c_some: 0
    c_all: 0
    r_restrict: 0
    r_and: 0
    r_inverse: 3
    r_transitive_closure: 1
    b_empty: 5
    n_count: 11
    n_concept_distance: 0
[t=9.67205s, 2560320 KB] Complexity 3:
Total concept elements: 24
Total role elements: 10
Total numerical elements: 16
Total boolean elements: 5
    b_nullary: 0
    c_one_of: 0
    c_top: 1
    c_bot: 1
    c_primitive: 8
    r_primitive: 4
    c_and: 0
    c_not: 6
    c_equal: 1
    c_some: 4
    c_all: 3
    r_restrict: 1
    r_and: 0
    r_inverse: 4
    r_transitive_closure: 1
    b_empty: 5
    n_count: 16
    n_concept_distance: 0
[t=9.67325s, 2560320 KB] Complexity 4:
Total concept elements: 47
Total role elements: 11
Total numerical elements: 26
Total boolean elements: 6
    b_nullary: 0
    c_one_of: 0
    c_top: 1
    c_bot: 1
    c_primitive: 8
    r_primitive: 4
    c_and: 7
    c_not: 8
    c_equal: 1
    c_some: 12
    c_all: 9
    r_restrict: 1
    r_and: 0
    r_inverse: 5
    r_transitive_closure: 1
    b_empty: 6
    n_count: 21
    n_concept_distance: 5
[t=9.67457s, 2560320 KB] Complexity 5:
Total concept elements: 84
Total role elements: 11
Total numerical elements: 37
Total boolean elements: 7
    b_nullary: 0
    c_one_of: 0
    c_top: 1
    c_bot: 1
    c_primitive: 8
    r_primitive: 4
    c_and: 24
    c_not: 20
    c_equal: 1
    c_some: 16
    c_all: 13
    r_restrict: 1
    r_and: 0
    r_inverse: 5
    r_transitive_closure: 1
    b_empty: 7
    n_count: 32
    n_concept_distance: 5
[t=9.67697s, 2560320 KB] Complexity 6:
Total concept elements: 170
Total role elements: 11
Total numerical elements: 56
Total boolean elements: 9
    b_nullary: 0
    c_one_of: 0
    c_top: 1
    c_bot: 1
    c_primitive: 8
    r_primitive: 4
    c_and: 51
    c_not: 34
    c_equal: 1
    c_some: 39
    c_all: 35
    r_restrict: 1
    r_and: 0
    r_inverse: 5
    r_transitive_closure: 1
    b_empty: 9
    n_count: 47
    n_concept_distance: 9
[t=9.68138s, 2560320 KB] Complexity 7:
Total concept elements: 308
Total role elements: 11
Total numerical elements: 120
Total boolean elements: 20
    b_nullary: 0
    c_one_of: 0
    c_top: 1
    c_bot: 1
    c_primitive: 8
    r_primitive: 4
    c_and: 110
    c_not: 91
    c_equal: 1
    c_some: 51
    c_all: 45
    r_restrict: 1
    r_and: 0
    r_inverse: 5
    r_transitive_closure: 1
    b_empty: 20
    n_count: 104
    n_concept_distance: 16
[t=9.69035s, 2560320 KB] Complexity 8:
Total concept elements: 568
Total role elements: 11
Total numerical elements: 210
Total boolean elements: 24
    b_nullary: 0
    c_one_of: 0
    c_top: 1
    c_bot: 1
    c_primitive: 8
    r_primitive: 4
    c_and: 241
    c_not: 152
    c_equal: 1
    c_some: 84
    c_all: 80
    r_restrict: 1
    r_and: 0
    r_inverse: 5
    r_transitive_closure: 1
    b_empty: 24
    n_count: 185
    n_concept_distance: 25
[t=9.70774s, 2560320 KB] Complexity 9:
Total concept elements: 1019
Total role elements: 11
Total numerical elements: 357
Total boolean elements: 39
    b_nullary: 0
    c_one_of: 0
    c_top: 1
    c_bot: 1
    c_primitive: 8
    r_primitive: 4
    c_and: 497
    c_not: 282
    c_equal: 1
    c_some: 113
    c_all: 116
    r_restrict: 1
    r_and: 0
    r_inverse: 5
    r_transitive_closure: 1
    b_empty: 39
    n_count: 313
    n_concept_distance: 44
[t=9.70811s, 2560320 KB] Finished generating composite features.
Features generated: 397
Features after relevant changes pruning (complete): 137
2024-09-14 14:03:23,072 - ..done
2024-09-14 14:03:23,072 - Constructing PerStateFeatureValuations...
2024-09-14 14:03:23,073 - ..done
2024-09-14 14:03:23,073 - Constructing StatePairEquivalenceDatas...
2024-09-14 14:03:23,099 - ..done
2024-09-14 14:03:23,099 - Constructing TupleGraphEquivalences...
Tuple graph equivalence construction statistics:
Num nodes: 22
2024-09-14 14:03:23,100 - ..done
2024-09-14 14:03:23,100 - Minimizing TupleGraphEquivalences...
Tuple graph equivalence minimization statistics:
Num orig nodes: 22
Num kept nodes: 20
2024-09-14 14:03:23,101 - ..done
Number of initial D2 facts: 20
Number of D2 facts: 20 of 441
2024-09-14 14:03:23,144 - Grounding Logic Program...
2024-09-14 14:03:23,182 - ..done
2024-09-14 14:03:23,182 - Solving Logic Program...
2024-09-14 14:03:23,186 - ..done
Clingo statistics:
{'call': 0.0, 'result': 1.0, 'signal': 0.0, 'exhausted': 1.0, 'costs': [0.0], 'lower': [0.0], 'concurrency': 32.0, 'winner': 30.0, 'times': {'total': 0.08475494384765625, 'cpu': 0.09154099999997811, 'solve': 0.0020308494567871094, 'unsat': 0.0005609989166259766, 'sat': 0.0014698505401611328}, 'models': {'enumerated': 1.0, 'optimal': 1.0}}
Solution cost: [0.0]
Total time: 0.08475494384765625
CPU time: 0.09154099999997811
Solve time: 0.0020308494567871094
2024-09-14 14:03:23,211 - Learned the following sketch:
(:policy
(:booleans )
(:numericals )
(:rule (:conditions ) (:effects ))
)
Numer of sketch rules: 1
Number of selected features: 0
Maximum complexity of selected feature: 0
Sketch solves: /proj/ssiw/users/x_domdr/projects/code/sketch-learner/learning/benchmarks/ipc2023/spanner/training/easy/p02.pddl
Sketch cycles
Instance: 3
24
24
Number of unsatisfied D2 facts: 98
Number of D2 facts: 118 of 441
2024-09-14 14:03:23,344 - Grounding Logic Program...
2024-09-14 14:03:23,394 - ..done
2024-09-14 14:03:23,394 - Solving Logic Program...
2024-09-14 14:03:23,400 - ..done
Clingo statistics:
{'call': 0.0, 'result': 1.0, 'signal': 0.0, 'exhausted': 1.0, 'costs': [5.0], 'lower': [5.0], 'concurrency': 32.0, 'winner': 4.0, 'times': {'total': 0.18873000144958496, 'cpu': 0.2068830000000048, 'solve': 0.002935171127319336, 'unsat': 0.0008671283721923828, 'sat': 0.0014309883117675781}, 'models': {'enumerated': 6.0, 'optimal': 1.0}}
Solution cost: [5.0]
Total time: 0.18873000144958496
CPU time: 0.2068830000000048
Solve time: 0.002935171127319336
2024-09-14 14:03:23,426 - Learned the following sketch:
(:policy
(:booleans )
(:numericals (f8 "n_count(r_restrict(r_primitive(carrying,0,1),c_primitive(usable,0)))"))
(:rule (:conditions (:c_n_gt f8)) (:effects (:e_n_dec f8)))
(:rule (:conditions (:c_n_eq f8)) (:effects (:e_n_inc f8)))
(:rule (:conditions (:c_n_gt f8)) (:effects (:e_n_inc f8)))
)
Numer of sketch rules: 3
Number of selected features: 1
Maximum complexity of selected feature: 4
Sketch solves: /proj/ssiw/users/x_domdr/projects/code/sketch-learner/learning/benchmarks/ipc2023/spanner/training/easy/p02.pddl
2024-09-14 14:03:23,427 - Verifying learned sketch...
Sketch solves: /proj/ssiw/users/x_domdr/projects/code/sketch-learner/learning/benchmarks/ipc2023/spanner/training/easy/p02.pddl
Sketch solves: /proj/ssiw/users/x_domdr/projects/code/sketch-learner/learning/benchmarks/ipc2023/spanner/training/easy/p01.pddl
Sketch solves: /proj/ssiw/users/x_domdr/projects/code/sketch-learner/learning/benchmarks/ipc2023/spanner/training/easy/p05.pddl
Sketch solves: /proj/ssiw/users/x_domdr/projects/code/sketch-learner/learning/benchmarks/ipc2023/spanner/training/easy/p04.pddl
Sketch solves: /proj/ssiw/users/x_domdr/projects/code/sketch-learner/learning/benchmarks/ipc2023/spanner/training/easy/p02.pddl
Sketch solves: /proj/ssiw/users/x_domdr/projects/code/sketch-learner/learning/benchmarks/ipc2023/spanner/training/easy/p08.pddl
Sketch solves: /proj/ssiw/users/x_domdr/projects/code/sketch-learner/learning/benchmarks/ipc2023/spanner/training/easy/p03.pddl
Sketch solves: /proj/ssiw/users/x_domdr/projects/code/sketch-learner/learning/benchmarks/ipc2023/spanner/training/easy/p18.pddl
Sketch solves: /proj/ssiw/users/x_domdr/projects/code/sketch-learner/learning/benchmarks/ipc2023/spanner/training/easy/p11.pddl
Sketch solves: /proj/ssiw/users/x_domdr/projects/code/sketch-learner/learning/benchmarks/ipc2023/spanner/training/easy/p06.pddl
Sketch solves: /proj/ssiw/users/x_domdr/projects/code/sketch-learner/learning/benchmarks/ipc2023/spanner/training/easy/p09.pddl
Sketch solves: /proj/ssiw/users/x_domdr/projects/code/sketch-learner/learning/benchmarks/ipc2023/spanner/training/easy/p07.pddl
Sketch solves: /proj/ssiw/users/x_domdr/projects/code/sketch-learner/learning/benchmarks/ipc2023/spanner/training/easy/p10.pddl
Sketch solves: /proj/ssiw/users/x_domdr/projects/code/sketch-learner/learning/benchmarks/ipc2023/spanner/training/easy/p24.pddl
Sketch solves: /proj/ssiw/users/x_domdr/projects/code/sketch-learner/learning/benchmarks/ipc2023/spanner/training/easy/p14.pddl
Sketch solves: /proj/ssiw/users/x_domdr/projects/code/sketch-learner/learning/benchmarks/ipc2023/spanner/training/easy/p26.pddl
Sketch solves: /proj/ssiw/users/x_domdr/projects/code/sketch-learner/learning/benchmarks/ipc2023/spanner/training/easy/p31.pddl
Sketch solves: /proj/ssiw/users/x_domdr/projects/code/sketch-learner/learning/benchmarks/ipc2023/spanner/training/easy/p25.pddl
Sketch solves: /proj/ssiw/users/x_domdr/projects/code/sketch-learner/learning/benchmarks/ipc2023/spanner/training/easy/p29.pddl
Sketch solves: /proj/ssiw/users/x_domdr/projects/code/sketch-learner/learning/benchmarks/ipc2023/spanner/training/easy/p13.pddl
Sketch solves: /proj/ssiw/users/x_domdr/projects/code/sketch-learner/learning/benchmarks/ipc2023/spanner/training/easy/p12.pddl
Sketch solves: /proj/ssiw/users/x_domdr/projects/code/sketch-learner/learning/benchmarks/ipc2023/spanner/training/easy/p30.pddl
Sketch solves: /proj/ssiw/users/x_domdr/projects/code/sketch-learner/learning/benchmarks/ipc2023/spanner/training/easy/p28.pddl
Sketch solves: /proj/ssiw/users/x_domdr/projects/code/sketch-learner/learning/benchmarks/ipc2023/spanner/training/easy/p33.pddl
Sketch solves: /proj/ssiw/users/x_domdr/projects/code/sketch-learner/learning/benchmarks/ipc2023/spanner/training/easy/p36.pddl
Sketch solves: /proj/ssiw/users/x_domdr/projects/code/sketch-learner/learning/benchmarks/ipc2023/spanner/training/easy/p38.pddl
Sketch solves: /proj/ssiw/users/x_domdr/projects/code/sketch-learner/learning/benchmarks/ipc2023/spanner/training/easy/p41.pddl
Sketch solves: /proj/ssiw/users/x_domdr/projects/code/sketch-learner/learning/benchmarks/ipc2023/spanner/training/easy/p34.pddl
Sketch solves: /proj/ssiw/users/x_domdr/projects/code/sketch-learner/learning/benchmarks/ipc2023/spanner/training/easy/p37.pddl
Sketch solves: /proj/ssiw/users/x_domdr/projects/code/sketch-learner/learning/benchmarks/ipc2023/spanner/training/easy/p40.pddl
Sketch solves: /proj/ssiw/users/x_domdr/projects/code/sketch-learner/learning/benchmarks/ipc2023/spanner/training/easy/p35.pddl
Sketch solves: /proj/ssiw/users/x_domdr/projects/code/sketch-learner/learning/benchmarks/ipc2023/spanner/training/easy/p48.pddl
Sketch solves: /proj/ssiw/users/x_domdr/projects/code/sketch-learner/learning/benchmarks/ipc2023/spanner/training/easy/p32.pddl
Sketch solves: /proj/ssiw/users/x_domdr/projects/code/sketch-learner/learning/benchmarks/ipc2023/spanner/training/easy/p44.pddl
Sketch solves: /proj/ssiw/users/x_domdr/projects/code/sketch-learner/learning/benchmarks/ipc2023/spanner/training/easy/p42.pddl
Sketch solves: /proj/ssiw/users/x_domdr/projects/code/sketch-learner/learning/benchmarks/ipc2023/spanner/training/easy/p45.pddl
Sketch solves: /proj/ssiw/users/x_domdr/projects/code/sketch-learner/learning/benchmarks/ipc2023/spanner/training/easy/p43.pddl
Sketch solves: /proj/ssiw/users/x_domdr/projects/code/sketch-learner/learning/benchmarks/ipc2023/spanner/training/easy/p46.pddl
Sketch solves: /proj/ssiw/users/x_domdr/projects/code/sketch-learner/learning/benchmarks/ipc2023/spanner/training/easy/p50.pddl
Sketch solves: /proj/ssiw/users/x_domdr/projects/code/sketch-learner/learning/benchmarks/ipc2023/spanner/training/easy/p56.pddl
Sketch solves: /proj/ssiw/users/x_domdr/projects/code/sketch-learner/learning/benchmarks/ipc2023/spanner/training/easy/p49.pddl
Sketch solves: /proj/ssiw/users/x_domdr/projects/code/sketch-learner/learning/benchmarks/ipc2023/spanner/training/easy/p51.pddl
Sketch solves: /proj/ssiw/users/x_domdr/projects/code/sketch-learner/learning/benchmarks/ipc2023/spanner/training/easy/p54.pddl
Sketch solves: /proj/ssiw/users/x_domdr/projects/code/sketch-learner/learning/benchmarks/ipc2023/spanner/training/easy/p53.pddl
Sketch solves: /proj/ssiw/users/x_domdr/projects/code/sketch-learner/learning/benchmarks/ipc2023/spanner/training/easy/p59.pddl
Sketch solves: /proj/ssiw/users/x_domdr/projects/code/sketch-learner/learning/benchmarks/ipc2023/spanner/training/easy/p52.pddl
Sketch solves: /proj/ssiw/users/x_domdr/projects/code/sketch-learner/learning/benchmarks/ipc2023/spanner/training/easy/p57.pddl
Sketch solves: /proj/ssiw/users/x_domdr/projects/code/sketch-learner/learning/benchmarks/ipc2023/spanner/training/easy/p55.pddl
Sketch solves: /proj/ssiw/users/x_domdr/projects/code/sketch-learner/learning/benchmarks/ipc2023/spanner/training/easy/p60.pddl
Sketch solves: /proj/ssiw/users/x_domdr/projects/code/sketch-learner/learning/benchmarks/ipc2023/spanner/training/easy/p64.pddl
Sketch solves: /proj/ssiw/users/x_domdr/projects/code/sketch-learner/learning/benchmarks/ipc2023/spanner/training/easy/p72.pddl
Sketch solves: /proj/ssiw/users/x_domdr/projects/code/sketch-learner/learning/benchmarks/ipc2023/spanner/training/easy/p65.pddl
Sketch solves: /proj/ssiw/users/x_domdr/projects/code/sketch-learner/learning/benchmarks/ipc2023/spanner/training/easy/p70.pddl
Sketch solves: /proj/ssiw/users/x_domdr/projects/code/sketch-learner/learning/benchmarks/ipc2023/spanner/training/easy/p63.pddl
Sketch solves: /proj/ssiw/users/x_domdr/projects/code/sketch-learner/learning/benchmarks/ipc2023/spanner/training/easy/p73.pddl
Sketch solves: /proj/ssiw/users/x_domdr/projects/code/sketch-learner/learning/benchmarks/ipc2023/spanner/training/easy/p61.pddl
Sketch solves: /proj/ssiw/users/x_domdr/projects/code/sketch-learner/learning/benchmarks/ipc2023/spanner/training/easy/p58.pddl
Sketch solves: /proj/ssiw/users/x_domdr/projects/code/sketch-learner/learning/benchmarks/ipc2023/spanner/training/easy/p66.pddl
Sketch solves: /proj/ssiw/users/x_domdr/projects/code/sketch-learner/learning/benchmarks/ipc2023/spanner/training/easy/p74.pddl
Sketch solves: /proj/ssiw/users/x_domdr/projects/code/sketch-learner/learning/benchmarks/ipc2023/spanner/training/easy/p71.pddl
Sketch solves: /proj/ssiw/users/x_domdr/projects/code/sketch-learner/learning/benchmarks/ipc2023/spanner/training/easy/p69.pddl
Sketch solves: /proj/ssiw/users/x_domdr/projects/code/sketch-learner/learning/benchmarks/ipc2023/spanner/training/easy/p68.pddl
Sketch solves: /proj/ssiw/users/x_domdr/projects/code/sketch-learner/learning/benchmarks/ipc2023/spanner/training/easy/p67.pddl
2024-09-14 14:03:24,262 - ..done
Sketch solves all instances!
================================================================================
2024-09-14 14:03:24,265 - Summary:
LearningStatistics:
    num_training_instances: 62
    num_selected_training_instances (|P|): 1
    num_states_in_selected_training_instances (|S|): 9
    num_states_in_complete_selected_training_instances (|S|): 13
    num_features_in_pool (|F|): 137
================================================================================
Resulting sketch:
(:policy
(:booleans )
(:numericals (f8 "n_count(r_restrict(r_primitive(carrying,0,1),c_primitive(usable,0)))"))
(:rule (:conditions (:c_n_gt f8)) (:effects (:e_n_dec f8)))
(:rule (:conditions (:c_n_eq f8)) (:effects (:e_n_inc f8)))
(:rule (:conditions (:c_n_gt f8)) (:effects (:e_n_inc f8)))
)
Numer of sketch rules: 3
Number of selected features: 1
Maximum complexity of selected feature: 4
================================================================================
Resulting minimized sketch:
(:policy
(:booleans )
(:numericals (f8 "n_count(r_restrict(r_primitive(carrying,0,1),c_primitive(usable,0)))"))
(:rule (:conditions ) (:effects (:e_n_inc f8)))
(:rule (:conditions (:c_n_gt f8)) (:effects (:e_n_dec f8)))
)
Numer of sketch rules: 2
Number of selected features: 1
Maximum complexity of selected feature: 4
================================================================================
================================================================================
Preprocessing time: 10 seconds.
ASP time: 1 seconds.
Verification time: 1 seconds.
Total time: 12 seconds.
Total memory: 0 GiB.
Num states in training data before symmetry pruning: 100375
Num states in training data after symmetry pruning: 5639
================================================================================

