Changing working directory:  /proj/ssiw/projects/code/sketch-learner/learning/d2l/workspace/blocks_4_sketch_clear_1_1_9_9_9_9_9
Creating sym link: /proj/ssiw/projects/code/sketch-learner/learning/d2l/libs/dlplan/libs/scorpion/fast-downward.py /proj/ssiw/projects/code/sketch-learner/learning/d2l/workspace/blocks_4_sketch_clear_1_1_9_9_9_9_9/fast-downward.py
================================================================================
SLTP v.0.2.0
================================================================================
================================================================================
(pid: 18789) STARTING STEP #1: Incremental learning module
================================================================================
2022-11-26 23:01:56 INFO     [40m[34mInitializing DomainData...[0m
2022-11-26 23:01:56 INFO     Constructing DomainData for filename /proj/ssiw/projects/code/sketch-learner/learning/d2l/benchmarks/blocks_4_clear/domain.pddl
2022-11-26 23:01:56 INFO     [40m[34m..done[0m
2022-11-26 23:01:56 INFO     [40m[34mInitializing InstanceDatas...[0m
2022-11-26 23:01:56 INFO     Constructing InstanceData for filename /proj/ssiw/projects/code/sketch-learner/learning/d2l/benchmarks/blocks_4_clear/p-2-0.pddl
Num states: 5
2022-11-26 23:01:58 INFO     Constructing InstanceData for filename /proj/ssiw/projects/code/sketch-learner/learning/d2l/benchmarks/blocks_4_clear/p-3-0.pddl
Num states: 22
2022-11-26 23:01:58 INFO     Constructing InstanceData for filename /proj/ssiw/projects/code/sketch-learner/learning/d2l/benchmarks/blocks_4_clear/p-4-0.pddl
Num states: 125
2022-11-26 23:01:59 INFO     [40m[34m..done[0m
2022-11-26 23:01:59 INFO     [40m[34mInitializing TupleGraphs...[0m
2022-11-26 23:01:59 INFO     [40m[34m..done[0m

2022-11-26 23:01:59 INFO     [40m[31mIteration: 0[0m
Number of selected instances: 1
Selected instances:
    id: 0 name: p-2-0
initial states: [1, 4]
2022-11-26 23:01:59 INFO     [40m[34mInitializing DomainFeatureData...[0m
[t=7.302s, 1329844 KB] Started generating base features of complexity 1.
[t=7.3024s, 1329844 KB] Complexity 1:
    b_nullary: 2
    c_one_of: 0
    c_top: 1
    c_bot: 1
    c_primitive: 4
    r_primitive: 2
    c_and: 0
    c_not: 0
    c_equal: 0
    c_some: 0
    c_all: 0
    r_restrict: 0
    r_and: 0
    r_inverse: 0
    r_transitive_closure: 0
    b_empty: 0
    n_count: 0
    n_concept_distance: 0
[t=7.30254s, 1329844 KB] Finished generating base features.
[t=7.30258s, 1329844 KB] Started generating composite features. 
[t=7.3028s, 1329844 KB] Complexity 2:
Total concept elements: 10
Total role elements: 3
Total numerical elements: 6
Total boolean elements: 4
    b_nullary: 2
    c_one_of: 0
    c_top: 1
    c_bot: 1
    c_primitive: 4
    r_primitive: 2
    c_and: 0
    c_not: 4
    c_equal: 0
    c_some: 0
    c_all: 0
    r_restrict: 0
    r_and: 0
    r_inverse: 1
    r_transitive_closure: 0
    b_empty: 2
    n_count: 6
    n_concept_distance: 0
[t=7.30338s, 1329844 KB] Complexity 3:
Total concept elements: 18
Total role elements: 4
Total numerical elements: 8
Total boolean elements: 5
    b_nullary: 2
    c_one_of: 0
    c_top: 1
    c_bot: 1
    c_primitive: 4
    r_primitive: 2
    c_and: 4
    c_not: 4
    c_equal: 1
    c_some: 2
    c_all: 1
    r_restrict: 1
    r_and: 0
    r_inverse: 1
    r_transitive_closure: 0
    b_empty: 3
    n_count: 8
    n_concept_distance: 0
[t=7.30414s, 1329844 KB] Complexity 4:
Total concept elements: 34
Total role elements: 5
Total numerical elements: 20
Total boolean elements: 10
    b_nullary: 2
    c_one_of: 0
    c_top: 1
    c_bot: 1
    c_primitive: 4
    r_primitive: 2
    c_and: 11
    c_not: 10
    c_equal: 1
    c_some: 3
    c_all: 3
    r_restrict: 1
    r_and: 0
    r_inverse: 2
    r_transitive_closure: 0
    b_empty: 8
    n_count: 15
    n_concept_distance: 5
[t=7.30559s, 1329844 KB] Complexity 5:
Total concept elements: 48
Total role elements: 5
Total numerical elements: 42
Total boolean elements: 17
    b_nullary: 2
    c_one_of: 0
    c_top: 1
    c_bot: 1
    c_primitive: 4
    r_primitive: 2
    c_and: 17
    c_not: 18
    c_equal: 1
    c_some: 3
    c_all: 3
    r_restrict: 1
    r_and: 0
    r_inverse: 2
    r_transitive_closure: 0
    b_empty: 15
    n_count: 27
    n_concept_distance: 15
[t=7.30983s, 1329844 KB] Complexity 6:
Total concept elements: 64
Total role elements: 5
Total numerical elements: 61
Total boolean elements: 22
    b_nullary: 2
    c_one_of: 0
    c_top: 1
    c_bot: 1
    c_primitive: 4
    r_primitive: 2
    c_and: 27
    c_not: 24
    c_equal: 1
    c_some: 3
    c_all: 3
    r_restrict: 1
    r_and: 0
    r_inverse: 2
    r_transitive_closure: 0
    b_empty: 20
    n_count: 39
    n_concept_distance: 22
[t=7.31284s, 1329844 KB] Complexity 7:
Total concept elements: 86
Total role elements: 5
Total numerical elements: 78
Total boolean elements: 26
    b_nullary: 2
    c_one_of: 0
    c_top: 1
    c_bot: 1
    c_primitive: 4
    r_primitive: 2
    c_and: 41
    c_not: 32
    c_equal: 1
    c_some: 3
    c_all: 3
    r_restrict: 1
    r_and: 0
    r_inverse: 2
    r_transitive_closure: 0
    b_empty: 24
    n_count: 51
    n_concept_distance: 27
[t=7.31712s, 1329844 KB] Complexity 8:
Total concept elements: 107
Total role elements: 5
Total numerical elements: 91
Total boolean elements: 28
    b_nullary: 2
    c_one_of: 0
    c_top: 1
    c_bot: 1
    c_primitive: 4
    r_primitive: 2
    c_and: 54
    c_not: 40
    c_equal: 1
    c_some: 3
    c_all: 3
    r_restrict: 1
    r_and: 0
    r_inverse: 2
    r_transitive_closure: 0
    b_empty: 26
    n_count: 61
    n_concept_distance: 30
[t=7.32326s, 1329844 KB] Complexity 9:
Total concept elements: 123
Total role elements: 5
Total numerical elements: 101
Total boolean elements: 28
    b_nullary: 2
    c_one_of: 0
    c_top: 1
    c_bot: 1
    c_primitive: 4
    r_primitive: 2
    c_and: 69
    c_not: 41
    c_equal: 1
    c_some: 3
    c_all: 3
    r_restrict: 1
    r_and: 0
    r_inverse: 2
    r_transitive_closure: 0
    b_empty: 26
    n_count: 70
    n_concept_distance: 31
[t=7.32337s, 1329844 KB] Finished generating composite features.
DomainFeatureDataStatistics:
    num_dlplan_states: 5
    num_boolean_features: 28
    num_numerical_features: 101
2022-11-26 23:01:59 INFO     [40m[34m..done[0m
2022-11-26 23:01:59 INFO     [40m[34mInitializing InstanceFeatureDatas...[0m
2022-11-26 23:01:59 INFO     [40m[34m..done[0m
2022-11-26 23:01:59 INFO     [40m[34mInitializing StatePairEquivalenceDatas...[0m
2022-11-26 23:01:59 INFO     [40m[34m..done[0m
2022-11-26 23:01:59 INFO     [40m[34mInitializing TupleGraphEquivalences...[0m
2022-11-26 23:01:59 INFO     [40m[34m..done[0m
2022-11-26 23:01:59 INFO     [40m[34mInitializing TupleGraphEquivalenceMinimizer...[0m
Num subgoals: 9
Num of selected subgoals: 5
Num rules: 5
Num of selected rules: 5
Num subgoals: 9
Num of selected subgoals: 5
Num rules: 5
Num of selected rules: 5
2022-11-26 23:01:59 INFO     [40m[34m..done[0m
Number of initial D2 facts: 20
Number of D2 facts: 20 of 100
2022-11-26 23:01:59 INFO     [40m[34mGrounding Logic Program...[0m
2022-11-26 23:01:59 INFO     [40m[34m..done[0m
2022-11-26 23:01:59 INFO     [40m[34mSolving Logic Program...[0m
2022-11-26 23:01:59 INFO     [40m[34m..done[0m
Clingo statistics:
Total time:  0.052184104919433594
CPU time:  0.09092599999999995
Solve time:  0.009479045867919922
2022-11-26 23:01:59 INFO     Learned the following sketch:
(:policy
(:boolean_features "b_empty(c_and(c_primitive(clear,0),c_primitive(clear_g,0)))")
(:numerical_features )
(:rule (:conditions (:c_b_pos 0)) (:effects (:e_b_bot 0)))
(:rule (:conditions (:c_b_pos 0)) (:effects (:e_b_neg 0)))
)
Numer of sketch rules: 2
Number of selected features: 1
Maximum complexity of selected feature: 4
[40m[31mSketch cycles[0m
Instance: 0 p-2-0
4 (instance index=0, state index=4, atoms={on-table(b1), on(b2,b1), clear(b2), arm-empty()})
4 (instance index=0, state index=4, atoms={on-table(b1), on(b2,b1), clear(b2), arm-empty()})
Number of unsatisfied D2 facts: 11
Number of D2 facts: 31 of 100
2022-11-26 23:01:59 INFO     [40m[34mGrounding Logic Program...[0m
2022-11-26 23:01:59 INFO     [40m[34m..done[0m
2022-11-26 23:01:59 INFO     [40m[34mSolving Logic Program...[0m
2022-11-26 23:01:59 INFO     [40m[34m..done[0m
Clingo statistics:
Total time:  0.08972907066345215
CPU time:  0.12126700000000001
Solve time:  0.006318092346191406
2022-11-26 23:01:59 INFO     Learned the following sketch:
(:policy
(:boolean_features "b_empty(c_and(c_primitive(clear,0),c_primitive(clear_g,0)))")
(:numerical_features )
(:rule (:conditions (:c_b_pos 0)) (:effects (:e_b_bot 0)))
(:rule (:conditions (:c_b_pos 0)) (:effects (:e_b_neg 0)))
)
Numer of sketch rules: 2
Number of selected features: 1
Maximum complexity of selected feature: 4
[40m[31mSketch cycles[0m
Instance: 0 p-2-0
4 (instance index=0, state index=4, atoms={on-table(b1), on(b2,b1), clear(b2), arm-empty()})
4 (instance index=0, state index=4, atoms={on-table(b1), on(b2,b1), clear(b2), arm-empty()})
Number of unsatisfied D2 facts: 11
Number of D2 facts: 42 of 100
2022-11-26 23:01:59 INFO     [40m[34mGrounding Logic Program...[0m
2022-11-26 23:01:59 INFO     [40m[34m..done[0m
2022-11-26 23:01:59 INFO     [40m[34mSolving Logic Program...[0m
2022-11-26 23:01:59 INFO     [40m[34m..done[0m
Clingo statistics:
Total time:  0.08681392669677734
CPU time:  0.13968400000000009
Solve time:  0.005528926849365234
2022-11-26 23:01:59 INFO     Learned the following sketch:
(:policy
(:boolean_features )
(:numerical_features "n_concept_distance(c_primitive(clear_g,0),r_primitive(on,0,1),c_primitive(clear,0))")
(:rule (:conditions (:c_n_gt 0)) (:effects (:e_n_dec 0)))
)
Numer of sketch rules: 1
Number of selected features: 1
Maximum complexity of selected feature: 4
2022-11-26 23:01:59 INFO     [40m[34mVerifying learned sketch...[0m
2022-11-26 23:01:59 INFO     [40m[34m..done[0m
2022-11-26 23:01:59 INFO     [40m[33mIteration summary:[0m
DomainFeatureDataStatistics:
    num_dlplan_states: 5
    num_boolean_features: 28
    num_numerical_features: 101
StatePairEquivalenceStatistics:
    num_state_pairs: 10
    num_equivalences: 10
TupleGraphEquivalenceMinimizerStatistics:
    Number of input tuples: 18
    Number of output tuples: 10
[40m[31mSketch solves all instances![0m
2022-11-26 23:01:59 INFO     [40m[32mSummary:[0m
Boolean features:
b_nullary(arm-empty)
b_nullary(arm-empty_g)
b_empty(c_bot)
b_empty(r_primitive(on,0,1))
b_empty(c_not(c_primitive(clear,0)))
b_empty(c_and(c_primitive(clear,0),c_primitive(clear_g,0)))
b_empty(c_and(c_primitive(clear,0),c_primitive(on-table,0)))
b_empty(c_and(c_primitive(clear_g,0),c_primitive(on-table,0)))
b_empty(c_and(c_primitive(clear_g,0),c_primitive(holding,0)))
b_empty(c_some(r_primitive(on,0,1),c_primitive(clear_g,0)))
b_empty(c_and(c_not(c_primitive(clear_g,0)),c_primitive(clear,0)))
b_empty(c_and(c_not(c_primitive(clear,0)),c_primitive(clear_g,0)))
b_empty(c_and(c_not(c_primitive(on-table,0)),c_primitive(clear_g,0)))
b_empty(c_and(c_not(c_primitive(holding,0)),c_primitive(clear_g,0)))
b_empty(c_and(c_not(c_primitive(clear_g,0)),c_primitive(on-table,0)))
b_empty(c_and(c_not(c_primitive(clear_g,0)),c_primitive(holding,0)))
b_empty(c_not(c_all(r_primitive(on,0,1),c_primitive(clear_g,0))))
b_empty(c_and(c_and(c_primitive(clear_g,0),c_primitive(on-table,0)),c_primitive(clear,0)))
b_empty(c_and(c_all(r_primitive(on,0,1),c_primitive(clear_g,0)),c_primitive(clear,0)))
b_empty(c_and(c_not(c_primitive(clear,0)),c_not(c_primitive(clear_g,0))))
b_empty(c_and(c_not(c_primitive(clear_g,0)),c_not(c_primitive(on-table,0))))
b_empty(c_and(c_not(c_primitive(clear_g,0)),c_not(c_primitive(holding,0))))
b_empty(c_and(c_and(c_not(c_primitive(clear_g,0)),c_primitive(on-table,0)),c_primitive(clear,0)))
b_empty(c_and(c_not(c_some(r_primitive(on,0,1),c_primitive(clear_g,0))),c_primitive(clear,0)))
b_empty(c_and(c_not(c_and(c_primitive(clear,0),c_primitive(on-table,0))),c_primitive(clear_g,0)))
b_empty(c_and(c_all(r_primitive(on,0,1),c_primitive(clear_g,0)),c_not(c_primitive(on-table,0))))
b_empty(c_and(c_not(c_and(c_primitive(clear_g,0),c_primitive(on-table,0))),c_not(c_primitive(clear,0))))
b_empty(c_and(c_not(c_and(c_primitive(clear_g,0),c_primitive(holding,0))),c_not(c_primitive(clear,0))))
Numerical features:
n_count(c_top)
n_count(c_bot)
n_count(c_primitive(clear,0))
n_count(c_primitive(clear_g,0))
n_count(c_primitive(holding,0))
n_count(r_primitive(on,0,1))
n_count(c_not(c_primitive(clear,0)))
n_count(c_not(c_primitive(holding,0)))
n_count(c_and(c_primitive(clear,0),c_primitive(clear_g,0)))
n_count(c_and(c_primitive(clear,0),c_primitive(on-table,0)))
n_count(c_and(c_primitive(clear_g,0),c_primitive(on-table,0)))
n_count(c_and(c_primitive(clear_g,0),c_primitive(holding,0)))
n_count(c_equal(r_primitive(on,0,1),r_primitive(on_g,0,1)))
n_count(c_some(r_primitive(on,0,1),c_primitive(clear_g,0)))
n_count(c_all(r_primitive(on,0,1),c_primitive(clear_g,0)))
n_concept_distance(c_primitive(clear_g,0),r_primitive(on,0,1),c_bot)
n_concept_distance(c_primitive(clear_g,0),r_primitive(on,0,1),c_primitive(clear,0))
n_concept_distance(c_primitive(clear_g,0),r_primitive(on,0,1),c_primitive(on-table,0))
n_concept_distance(c_primitive(clear_g,0),r_primitive(on,0,1),c_primitive(holding,0))
n_concept_distance(c_primitive(clear_g,0),r_primitive(on_g,0,1),c_primitive(on-table,0))
n_count(c_and(c_not(c_primitive(clear_g,0)),c_primitive(clear,0)))
n_count(c_and(c_not(c_primitive(clear,0)),c_primitive(clear_g,0)))
n_count(c_and(c_not(c_primitive(on-table,0)),c_primitive(clear_g,0)))
n_count(c_and(c_not(c_primitive(holding,0)),c_primitive(clear_g,0)))
n_count(c_and(c_not(c_primitive(clear_g,0)),c_primitive(on-table,0)))
n_count(c_and(c_not(c_primitive(clear_g,0)),c_primitive(holding,0)))
n_count(c_not(c_and(c_primitive(clear,0),c_primitive(clear_g,0))))
n_count(c_not(c_and(c_primitive(clear,0),c_primitive(on-table,0))))
n_count(c_not(c_and(c_primitive(clear_g,0),c_primitive(on-table,0))))
n_count(c_not(c_and(c_primitive(clear_g,0),c_primitive(holding,0))))
n_count(c_not(c_some(r_primitive(on,0,1),c_primitive(clear_g,0))))
n_count(c_not(c_all(r_primitive(on,0,1),c_primitive(clear_g,0))))
n_concept_distance(c_primitive(clear_g,0),r_primitive(on,0,1),c_not(c_primitive(clear,0)))
n_concept_distance(c_primitive(clear_g,0),r_primitive(on,0,1),c_not(c_primitive(clear_g,0)))
n_concept_distance(c_primitive(clear_g,0),r_primitive(on,0,1),c_not(c_primitive(on-table,0)))
n_concept_distance(c_primitive(clear_g,0),r_primitive(on,0,1),c_not(c_primitive(holding,0)))
n_concept_distance(c_primitive(clear_g,0),r_primitive(on_g,0,1),c_not(c_primitive(clear,0)))
n_concept_distance(c_not(c_primitive(clear_g,0)),r_primitive(on,0,1),c_primitive(clear,0))
n_concept_distance(c_not(c_primitive(clear_g,0)),r_primitive(on,0,1),c_primitive(clear_g,0))
n_concept_distance(c_not(c_primitive(clear_g,0)),r_primitive(on,0,1),c_primitive(on-table,0))
n_concept_distance(c_not(c_primitive(clear_g,0)),r_primitive(on,0,1),c_primitive(holding,0))
n_concept_distance(c_not(c_primitive(clear_g,0)),r_primitive(on_g,0,1),c_primitive(on-table,0))
n_count(c_and(c_and(c_primitive(clear_g,0),c_primitive(on-table,0)),c_primitive(clear,0)))
n_count(c_and(c_all(r_primitive(on,0,1),c_primitive(clear_g,0)),c_primitive(clear,0)))
n_count(c_and(c_equal(r_primitive(on,0,1),r_primitive(on_g,0,1)),c_primitive(clear_g,0)))
n_count(c_and(c_not(c_primitive(clear,0)),c_not(c_primitive(clear_g,0))))
n_count(c_and(c_not(c_primitive(clear_g,0)),c_not(c_primitive(on-table,0))))
n_count(c_and(c_not(c_primitive(clear_g,0)),c_not(c_primitive(holding,0))))
n_count(c_not(c_and(c_not(c_primitive(clear_g,0)),c_primitive(clear,0))))
n_count(c_not(c_and(c_not(c_primitive(clear,0)),c_primitive(clear_g,0))))
n_count(c_not(c_and(c_not(c_primitive(on-table,0)),c_primitive(clear_g,0))))
n_count(c_not(c_and(c_not(c_primitive(holding,0)),c_primitive(clear_g,0))))
n_count(c_not(c_and(c_not(c_primitive(clear_g,0)),c_primitive(on-table,0))))
n_count(c_not(c_and(c_not(c_primitive(clear_g,0)),c_primitive(holding,0))))
n_concept_distance(c_primitive(clear_g,0),r_primitive(on,0,1),c_and(c_primitive(clear,0),c_primitive(on-table,0)))
n_concept_distance(c_primitive(clear_g,0),r_primitive(on,0,1),c_some(r_primitive(on,0,1),c_top))
n_concept_distance(c_primitive(clear_g,0),r_primitive(on_g,0,1),c_equal(r_primitive(on,0,1),r_primitive(on_g,0,1)))
n_concept_distance(c_not(c_primitive(clear_g,0)),r_primitive(on,0,1),c_not(c_primitive(clear,0)))
n_concept_distance(c_not(c_primitive(clear_g,0)),r_primitive(on,0,1),c_not(c_primitive(on-table,0)))
n_concept_distance(c_not(c_primitive(clear_g,0)),r_primitive(on,0,1),c_not(c_primitive(holding,0)))
n_concept_distance(c_not(c_primitive(clear_g,0)),r_primitive(on_g,0,1),c_not(c_primitive(clear,0)))
n_count(c_and(c_and(c_not(c_primitive(clear_g,0)),c_primitive(on-table,0)),c_primitive(clear,0)))
n_count(c_and(c_not(c_some(r_primitive(on,0,1),c_primitive(clear_g,0))),c_primitive(clear,0)))
n_count(c_and(c_not(c_and(c_primitive(clear,0),c_primitive(on-table,0))),c_primitive(clear_g,0)))
n_count(c_and(c_all(r_inverse(r_primitive(on,0,1)),c_bot),c_primitive(clear_g,0)))
n_count(c_and(c_all(r_primitive(on,0,1),c_primitive(clear_g,0)),c_not(c_primitive(on-table,0))))
n_count(c_and(c_all(r_primitive(on,0,1),c_primitive(clear_g,0)),c_not(c_primitive(holding,0))))
n_count(c_not(c_and(c_and(c_primitive(clear_g,0),c_primitive(on-table,0)),c_primitive(clear,0))))
n_count(c_not(c_and(c_all(r_primitive(on,0,1),c_primitive(clear_g,0)),c_primitive(clear,0))))
n_count(c_not(c_and(c_equal(r_primitive(on,0,1),r_primitive(on_g,0,1)),c_primitive(clear_g,0))))
n_count(c_not(c_and(c_not(c_primitive(clear,0)),c_not(c_primitive(clear_g,0)))))
n_count(c_not(c_and(c_not(c_primitive(clear_g,0)),c_not(c_primitive(on-table,0)))))
n_count(c_not(c_and(c_not(c_primitive(clear_g,0)),c_not(c_primitive(holding,0)))))
n_concept_distance(c_primitive(clear_g,0),r_primitive(on,0,1),c_and(c_not(c_primitive(clear,0)),c_primitive(on-table,0)))
n_concept_distance(c_primitive(clear_g,0),r_primitive(on,0,1),c_not(c_and(c_primitive(clear,0),c_primitive(on-table,0))))
n_concept_distance(c_primitive(clear_g,0),r_primitive(on,0,1),c_all(r_inverse(r_primitive(on,0,1)),c_bot))
n_concept_distance(c_primitive(clear_g,0),r_primitive(on_g,0,1),c_and(c_not(c_primitive(clear,0)),c_primitive(on-table,0)))
n_concept_distance(c_not(c_primitive(clear_g,0)),r_primitive(on,0,1),c_and(c_primitive(clear,0),c_primitive(on-table,0)))
n_count(c_and(c_not(c_and(c_primitive(clear_g,0),c_primitive(on-table,0))),c_not(c_primitive(clear,0))))
n_count(c_and(c_not(c_and(c_primitive(clear_g,0),c_primitive(holding,0))),c_not(c_primitive(clear,0))))
n_count(c_and(c_not(c_and(c_primitive(clear,0),c_primitive(clear_g,0))),c_not(c_primitive(holding,0))))
n_count(c_and(c_not(c_and(c_primitive(clear,0),c_primitive(on-table,0))),c_not(c_primitive(holding,0))))
n_count(c_and(c_not(c_and(c_primitive(clear_g,0),c_primitive(on-table,0))),c_not(c_primitive(holding,0))))
n_count(c_and(c_not(c_primitive(holding,0)),c_not(c_some(r_primitive(on,0,1),c_primitive(clear_g,0)))))
n_count(c_not(c_and(c_and(c_not(c_primitive(clear_g,0)),c_primitive(on-table,0)),c_primitive(clear,0))))
n_count(c_not(c_and(c_not(c_some(r_primitive(on,0,1),c_primitive(clear_g,0))),c_primitive(clear,0))))
n_count(c_not(c_and(c_not(c_and(c_primitive(clear,0),c_primitive(on-table,0))),c_primitive(clear_g,0))))
n_count(c_not(c_and(c_all(r_inverse(r_primitive(on,0,1)),c_bot),c_primitive(clear_g,0))))
n_concept_distance(c_primitive(clear_g,0),r_primitive(on,0,1),c_not(c_and(c_not(c_primitive(holding,0)),c_primitive(clear_g,0))))
n_concept_distance(c_not(c_primitive(clear_g,0)),r_primitive(on,0,1),c_and(c_not(c_primitive(clear,0)),c_primitive(on-table,0)))
n_concept_distance(c_not(c_primitive(clear_g,0)),r_primitive(on,0,1),c_not(c_and(c_primitive(clear,0),c_primitive(on-table,0))))
n_count(c_and(c_not(c_and(c_not(c_primitive(clear_g,0)),c_primitive(clear,0))),c_not(c_primitive(holding,0))))
n_count(c_and(c_not(c_and(c_not(c_primitive(clear_g,0)),c_primitive(on-table,0))),c_not(c_primitive(holding,0))))
n_count(c_and(c_equal(r_primitive(on,0,1),r_primitive(on_g,0,1)),c_not(c_and(c_primitive(clear_g,0),c_primitive(on-table,0)))))
n_count(c_and(c_all(r_inverse(r_primitive(on,0,1)),c_bot),c_equal(r_primitive(on,0,1),r_primitive(on_g,0,1))))
n_count(c_and(c_all(r_inverse(r_primitive(on,0,1)),c_primitive(clear_g,0)),c_equal(r_primitive(on,0,1),r_primitive(on_g,0,1))))
n_count(c_and(c_all(r_inverse(r_primitive(on,0,1)),c_bot),c_all(r_primitive(on,0,1),c_primitive(clear_g,0))))
n_count(c_not(c_and(c_not(c_and(c_primitive(clear_g,0),c_primitive(holding,0))),c_not(c_primitive(clear,0)))))
n_count(c_not(c_and(c_not(c_and(c_primitive(clear,0),c_primitive(clear_g,0))),c_not(c_primitive(holding,0)))))
n_count(c_not(c_and(c_not(c_and(c_primitive(clear_g,0),c_primitive(on-table,0))),c_not(c_primitive(holding,0)))))
n_concept_distance(c_primitive(clear_g,0),r_primitive(on,0,1),c_and(c_all(r_inverse(r_primitive(on,0,1)),c_primitive(clear_g,0)),c_primitive(on-table,0)))
Number of selected training instances: 1
Sum of number of states in selected training instances: 5
Max of number of states in selected training instances: 5
Number of features in the pool: 129
Resulting sketch:
(:policy
(:boolean_features )
(:numerical_features "n_concept_distance(c_primitive(clear_g,0),r_primitive(on,0,1),c_primitive(clear,0))")
(:rule (:conditions (:c_n_gt 0)) (:effects (:e_n_dec 0)))
)
Numer of sketch rules: 1
Number of selected features: 1
Maximum complexity of selected feature: 4
Resulting sketch minimized:
(:policy
(:boolean_features )
(:numerical_features "n_concept_distance(c_primitive(clear_g,0),r_primitive(on,0,1),c_primitive(clear,0))")
(:rule (:conditions (:c_n_gt 0)) (:effects (:e_n_dec 0)))
)
Numer of sketch rules: 1
Number of selected features: 1
Maximum complexity of selected feature: 4
Summary:
Resulting sketch:
(:policy
(:boolean_features )
(:numerical_features "n_concept_distance(c_primitive(clear_g,0),r_primitive(on,0,1),c_primitive(clear,0))")
(:rule (:conditions (:c_n_gt 0)) (:effects (:e_n_dec 0)))
)
Numer of sketch rules: 1
Number of selected features: 1
Maximum complexity of selected feature: 4
Resulting structurally minimized sketch:
(:policy
(:boolean_features )
(:numerical_features "n_concept_distance(c_primitive(clear_g,0),r_primitive(on,0,1),c_primitive(clear,0))")
(:rule (:conditions (:c_n_gt 0)) (:effects (:e_n_dec 0)))
)
Numer of sketch rules: 1
Number of selected features: 1
Maximum complexity of selected feature: 4
Number of training instances: 3
Number of selected training instances: 1
Number of states in selected training instances: 5
Max number of states in selected training instance: 5
Number of features in the pool: 129
RESOURCES FOR PREPROCESSING: 0.88 CPU sec - 70.75 MB
RESOURCES FOR LEARNING: 0.48 CPU sec - 70.75 MB
================================================================================
END OF STEP #1: Incremental learning module. 1.45 CPU sec - 70.92 MB
================================================================================
