Changing working directory:  /proj/ssiw/users/x_domdr/projects/code/sketch-learner/learning/experiments/scripts/workspace-ipc2023/miconic_2
2024-09-14 14:02:13,351 - Constructing InstanceDatas...
2024-09-14 14:02:14,041 - Constructing GlobalFaithfulAbstractions...
2024-09-14 14:02:31,727 - ...done
2024-09-14 14:02:31,729 - Constructing StateSpaces...
2024-09-14 14:02:31,829 - ...done
/proj/ssiw/users/x_domdr/projects/code/sketch-learner/learning/benchmarks/ipc2023/miconic/training/easy/p01.pddl /proj/ssiw/users/x_domdr/projects/code/sketch-learner/learning/benchmarks/ipc2023/miconic/training/easy/p01.pddl
2024-09-14 14:02:31,832 - Created InstanceData with num concrete states: 6 and num abstract states: 6
/proj/ssiw/users/x_domdr/projects/code/sketch-learner/learning/benchmarks/ipc2023/miconic/training/easy/p02.pddl /proj/ssiw/users/x_domdr/projects/code/sketch-learner/learning/benchmarks/ipc2023/miconic/training/easy/p02.pddl
2024-09-14 14:02:31,833 - Created InstanceData with num concrete states: 6 and num abstract states: 6
/proj/ssiw/users/x_domdr/projects/code/sketch-learner/learning/benchmarks/ipc2023/miconic/training/easy/p12.pddl /proj/ssiw/users/x_domdr/projects/code/sketch-learner/learning/benchmarks/ipc2023/miconic/training/easy/p12.pddl
2024-09-14 14:02:31,834 - Created InstanceData with num concrete states: 9 and num abstract states: 9
/proj/ssiw/users/x_domdr/projects/code/sketch-learner/learning/benchmarks/ipc2023/miconic/training/easy/p07.pddl /proj/ssiw/users/x_domdr/projects/code/sketch-learner/learning/benchmarks/ipc2023/miconic/training/easy/p07.pddl
2024-09-14 14:02:31,834 - Created InstanceData with num concrete states: 9 and num abstract states: 9
/proj/ssiw/users/x_domdr/projects/code/sketch-learner/learning/benchmarks/ipc2023/miconic/training/easy/p11.pddl /proj/ssiw/users/x_domdr/projects/code/sketch-learner/learning/benchmarks/ipc2023/miconic/training/easy/p11.pddl
2024-09-14 14:02:31,835 - Created InstanceData with num concrete states: 9 and num abstract states: 9
/proj/ssiw/users/x_domdr/projects/code/sketch-learner/learning/benchmarks/ipc2023/miconic/training/easy/p08.pddl /proj/ssiw/users/x_domdr/projects/code/sketch-learner/learning/benchmarks/ipc2023/miconic/training/easy/p08.pddl
2024-09-14 14:02:31,836 - Created InstanceData with num concrete states: 9 and num abstract states: 9
/proj/ssiw/users/x_domdr/projects/code/sketch-learner/learning/benchmarks/ipc2023/miconic/training/easy/p10.pddl /proj/ssiw/users/x_domdr/projects/code/sketch-learner/learning/benchmarks/ipc2023/miconic/training/easy/p10.pddl
2024-09-14 14:02:31,836 - Created InstanceData with num concrete states: 9 and num abstract states: 9
/proj/ssiw/users/x_domdr/projects/code/sketch-learner/learning/benchmarks/ipc2023/miconic/training/easy/p09.pddl /proj/ssiw/users/x_domdr/projects/code/sketch-learner/learning/benchmarks/ipc2023/miconic/training/easy/p09.pddl
2024-09-14 14:02:31,837 - Created InstanceData with num concrete states: 9 and num abstract states: 9
/proj/ssiw/users/x_domdr/projects/code/sketch-learner/learning/benchmarks/ipc2023/miconic/training/easy/p19.pddl /proj/ssiw/users/x_domdr/projects/code/sketch-learner/learning/benchmarks/ipc2023/miconic/training/easy/p19.pddl
2024-09-14 14:02:31,838 - Created InstanceData with num concrete states: 12 and num abstract states: 12
/proj/ssiw/users/x_domdr/projects/code/sketch-learner/learning/benchmarks/ipc2023/miconic/training/easy/p06.pddl /proj/ssiw/users/x_domdr/projects/code/sketch-learner/learning/benchmarks/ipc2023/miconic/training/easy/p06.pddl
2024-09-14 14:02:31,838 - Created InstanceData with num concrete states: 18 and num abstract states: 12
/proj/ssiw/users/x_domdr/projects/code/sketch-learner/learning/benchmarks/ipc2023/miconic/training/easy/p15.pddl /proj/ssiw/users/x_domdr/projects/code/sketch-learner/learning/benchmarks/ipc2023/miconic/training/easy/p15.pddl
2024-09-14 14:02:31,839 - Created InstanceData with num concrete states: 12 and num abstract states: 12
/proj/ssiw/users/x_domdr/projects/code/sketch-learner/learning/benchmarks/ipc2023/miconic/training/easy/p03.pddl /proj/ssiw/users/x_domdr/projects/code/sketch-learner/learning/benchmarks/ipc2023/miconic/training/easy/p03.pddl
2024-09-14 14:02:31,841 - Created InstanceData with num concrete states: 18 and num abstract states: 12
/proj/ssiw/users/x_domdr/projects/code/sketch-learner/learning/benchmarks/ipc2023/miconic/training/easy/p16.pddl /proj/ssiw/users/x_domdr/projects/code/sketch-learner/learning/benchmarks/ipc2023/miconic/training/easy/p16.pddl
2024-09-14 14:02:31,842 - Created InstanceData with num concrete states: 12 and num abstract states: 12
/proj/ssiw/users/x_domdr/projects/code/sketch-learner/learning/benchmarks/ipc2023/miconic/training/easy/p17.pddl /proj/ssiw/users/x_domdr/projects/code/sketch-learner/learning/benchmarks/ipc2023/miconic/training/easy/p17.pddl
2024-09-14 14:02:31,843 - Created InstanceData with num concrete states: 12 and num abstract states: 12
/proj/ssiw/users/x_domdr/projects/code/sketch-learner/learning/benchmarks/ipc2023/miconic/training/easy/p18.pddl /proj/ssiw/users/x_domdr/projects/code/sketch-learner/learning/benchmarks/ipc2023/miconic/training/easy/p18.pddl
2024-09-14 14:02:31,844 - Created InstanceData with num concrete states: 12 and num abstract states: 12
/proj/ssiw/users/x_domdr/projects/code/sketch-learner/learning/benchmarks/ipc2023/miconic/training/easy/p21.pddl /proj/ssiw/users/x_domdr/projects/code/sketch-learner/learning/benchmarks/ipc2023/miconic/training/easy/p21.pddl
2024-09-14 14:02:31,845 - Created InstanceData with num concrete states: 15 and num abstract states: 15
/proj/ssiw/users/x_domdr/projects/code/sketch-learner/learning/benchmarks/ipc2023/miconic/training/easy/p22.pddl /proj/ssiw/users/x_domdr/projects/code/sketch-learner/learning/benchmarks/ipc2023/miconic/training/easy/p22.pddl
2024-09-14 14:02:31,846 - Created InstanceData with num concrete states: 15 and num abstract states: 15
/proj/ssiw/users/x_domdr/projects/code/sketch-learner/learning/benchmarks/ipc2023/miconic/training/easy/p23.pddl /proj/ssiw/users/x_domdr/projects/code/sketch-learner/learning/benchmarks/ipc2023/miconic/training/easy/p23.pddl
2024-09-14 14:02:31,847 - Created InstanceData with num concrete states: 15 and num abstract states: 15
/proj/ssiw/users/x_domdr/projects/code/sketch-learner/learning/benchmarks/ipc2023/miconic/training/easy/p20.pddl /proj/ssiw/users/x_domdr/projects/code/sketch-learner/learning/benchmarks/ipc2023/miconic/training/easy/p20.pddl
2024-09-14 14:02:31,848 - Created InstanceData with num concrete states: 15 and num abstract states: 15
/proj/ssiw/users/x_domdr/projects/code/sketch-learner/learning/benchmarks/ipc2023/miconic/training/easy/p04.pddl /proj/ssiw/users/x_domdr/projects/code/sketch-learner/learning/benchmarks/ipc2023/miconic/training/easy/p04.pddl
2024-09-14 14:02:31,848 - Created InstanceData with num concrete states: 18 and num abstract states: 18
/proj/ssiw/users/x_domdr/projects/code/sketch-learner/learning/benchmarks/ipc2023/miconic/training/easy/p14.pddl /proj/ssiw/users/x_domdr/projects/code/sketch-learner/learning/benchmarks/ipc2023/miconic/training/easy/p14.pddl
2024-09-14 14:02:31,850 - Created InstanceData with num concrete states: 27 and num abstract states: 27
/proj/ssiw/users/x_domdr/projects/code/sketch-learner/learning/benchmarks/ipc2023/miconic/training/easy/p24.pddl /proj/ssiw/users/x_domdr/projects/code/sketch-learner/learning/benchmarks/ipc2023/miconic/training/easy/p24.pddl
2024-09-14 14:02:31,851 - Created InstanceData with num concrete states: 45 and num abstract states: 45
/proj/ssiw/users/x_domdr/projects/code/sketch-learner/learning/benchmarks/ipc2023/miconic/training/easy/p29.pddl /proj/ssiw/users/x_domdr/projects/code/sketch-learner/learning/benchmarks/ipc2023/miconic/training/easy/p29.pddl
2024-09-14 14:02:31,853 - Created InstanceData with num concrete states: 54 and num abstract states: 48
/proj/ssiw/users/x_domdr/projects/code/sketch-learner/learning/benchmarks/ipc2023/miconic/training/easy/p28.pddl /proj/ssiw/users/x_domdr/projects/code/sketch-learner/learning/benchmarks/ipc2023/miconic/training/easy/p28.pddl
2024-09-14 14:02:31,855 - Created InstanceData with num concrete states: 54 and num abstract states: 48
/proj/ssiw/users/x_domdr/projects/code/sketch-learner/learning/benchmarks/ipc2023/miconic/training/easy/p27.pddl /proj/ssiw/users/x_domdr/projects/code/sketch-learner/learning/benchmarks/ipc2023/miconic/training/easy/p27.pddl
2024-09-14 14:02:31,857 - Created InstanceData with num concrete states: 54 and num abstract states: 54
/proj/ssiw/users/x_domdr/projects/code/sketch-learner/learning/benchmarks/ipc2023/miconic/training/easy/p26.pddl /proj/ssiw/users/x_domdr/projects/code/sketch-learner/learning/benchmarks/ipc2023/miconic/training/easy/p26.pddl
2024-09-14 14:02:31,859 - Created InstanceData with num concrete states: 54 and num abstract states: 54
/proj/ssiw/users/x_domdr/projects/code/sketch-learner/learning/benchmarks/ipc2023/miconic/training/easy/p25.pddl /proj/ssiw/users/x_domdr/projects/code/sketch-learner/learning/benchmarks/ipc2023/miconic/training/easy/p25.pddl
2024-09-14 14:02:31,861 - Created InstanceData with num concrete states: 54 and num abstract states: 54
/proj/ssiw/users/x_domdr/projects/code/sketch-learner/learning/benchmarks/ipc2023/miconic/training/easy/p30.pddl /proj/ssiw/users/x_domdr/projects/code/sketch-learner/learning/benchmarks/ipc2023/miconic/training/easy/p30.pddl
2024-09-14 14:02:31,863 - Created InstanceData with num concrete states: 63 and num abstract states: 63
/proj/ssiw/users/x_domdr/projects/code/sketch-learner/learning/benchmarks/ipc2023/miconic/training/easy/p31.pddl /proj/ssiw/users/x_domdr/projects/code/sketch-learner/learning/benchmarks/ipc2023/miconic/training/easy/p31.pddl
2024-09-14 14:02:31,865 - Created InstanceData with num concrete states: 63 and num abstract states: 63
/proj/ssiw/users/x_domdr/projects/code/sketch-learner/learning/benchmarks/ipc2023/miconic/training/easy/p13.pddl /proj/ssiw/users/x_domdr/projects/code/sketch-learner/learning/benchmarks/ipc2023/miconic/training/easy/p13.pddl
2024-09-14 14:02:31,869 - Created InstanceData with num concrete states: 162 and num abstract states: 72
/proj/ssiw/users/x_domdr/projects/code/sketch-learner/learning/benchmarks/ipc2023/miconic/training/easy/p34.pddl /proj/ssiw/users/x_domdr/projects/code/sketch-learner/learning/benchmarks/ipc2023/miconic/training/easy/p34.pddl
2024-09-14 14:02:31,874 - Created InstanceData with num concrete states: 189 and num abstract states: 168
/proj/ssiw/users/x_domdr/projects/code/sketch-learner/learning/benchmarks/ipc2023/miconic/training/easy/p33.pddl /proj/ssiw/users/x_domdr/projects/code/sketch-learner/learning/benchmarks/ipc2023/miconic/training/easy/p33.pddl
2024-09-14 14:02:31,878 - Created InstanceData with num concrete states: 189 and num abstract states: 189
/proj/ssiw/users/x_domdr/projects/code/sketch-learner/learning/benchmarks/ipc2023/miconic/training/easy/p32.pddl /proj/ssiw/users/x_domdr/projects/code/sketch-learner/learning/benchmarks/ipc2023/miconic/training/easy/p32.pddl
2024-09-14 14:02:31,883 - Created InstanceData with num concrete states: 189 and num abstract states: 189
/proj/ssiw/users/x_domdr/projects/code/sketch-learner/learning/benchmarks/ipc2023/miconic/training/easy/p38.pddl /proj/ssiw/users/x_domdr/projects/code/sketch-learner/learning/benchmarks/ipc2023/miconic/training/easy/p38.pddl
2024-09-14 14:02:31,889 - Created InstanceData with num concrete states: 216 and num abstract states: 192
/proj/ssiw/users/x_domdr/projects/code/sketch-learner/learning/benchmarks/ipc2023/miconic/training/easy/p37.pddl /proj/ssiw/users/x_domdr/projects/code/sketch-learner/learning/benchmarks/ipc2023/miconic/training/easy/p37.pddl
2024-09-14 14:02:31,894 - Created InstanceData with num concrete states: 216 and num abstract states: 216
/proj/ssiw/users/x_domdr/projects/code/sketch-learner/learning/benchmarks/ipc2023/miconic/training/easy/p36.pddl /proj/ssiw/users/x_domdr/projects/code/sketch-learner/learning/benchmarks/ipc2023/miconic/training/easy/p36.pddl
2024-09-14 14:02:31,899 - Created InstanceData with num concrete states: 216 and num abstract states: 216
/proj/ssiw/users/x_domdr/projects/code/sketch-learner/learning/benchmarks/ipc2023/miconic/training/easy/p35.pddl /proj/ssiw/users/x_domdr/projects/code/sketch-learner/learning/benchmarks/ipc2023/miconic/training/easy/p35.pddl
2024-09-14 14:02:31,905 - Created InstanceData with num concrete states: 216 and num abstract states: 216
/proj/ssiw/users/x_domdr/projects/code/sketch-learner/learning/benchmarks/ipc2023/miconic/training/easy/p40.pddl /proj/ssiw/users/x_domdr/projects/code/sketch-learner/learning/benchmarks/ipc2023/miconic/training/easy/p40.pddl
2024-09-14 14:02:31,911 - Created InstanceData with num concrete states: 243 and num abstract states: 216
/proj/ssiw/users/x_domdr/projects/code/sketch-learner/learning/benchmarks/ipc2023/miconic/training/easy/p39.pddl /proj/ssiw/users/x_domdr/projects/code/sketch-learner/learning/benchmarks/ipc2023/miconic/training/easy/p39.pddl
2024-09-14 14:02:31,916 - Created InstanceData with num concrete states: 216 and num abstract states: 216
/proj/ssiw/users/x_domdr/projects/code/sketch-learner/learning/benchmarks/ipc2023/miconic/training/easy/p42.pddl /proj/ssiw/users/x_domdr/projects/code/sketch-learner/learning/benchmarks/ipc2023/miconic/training/easy/p42.pddl
2024-09-14 14:02:31,933 - Created InstanceData with num concrete states: 729 and num abstract states: 648
/proj/ssiw/users/x_domdr/projects/code/sketch-learner/learning/benchmarks/ipc2023/miconic/training/easy/p45.pddl /proj/ssiw/users/x_domdr/projects/code/sketch-learner/learning/benchmarks/ipc2023/miconic/training/easy/p45.pddl
2024-09-14 14:02:31,951 - Created InstanceData with num concrete states: 810 and num abstract states: 720
/proj/ssiw/users/x_domdr/projects/code/sketch-learner/learning/benchmarks/ipc2023/miconic/training/easy/p47.pddl /proj/ssiw/users/x_domdr/projects/code/sketch-learner/learning/benchmarks/ipc2023/miconic/training/easy/p47.pddl
2024-09-14 14:02:31,969 - Created InstanceData with num concrete states: 810 and num abstract states: 720
/proj/ssiw/users/x_domdr/projects/code/sketch-learner/learning/benchmarks/ipc2023/miconic/training/easy/p41.pddl /proj/ssiw/users/x_domdr/projects/code/sketch-learner/learning/benchmarks/ipc2023/miconic/training/easy/p41.pddl
2024-09-14 14:02:31,985 - Created InstanceData with num concrete states: 729 and num abstract states: 729
/proj/ssiw/users/x_domdr/projects/code/sketch-learner/learning/benchmarks/ipc2023/miconic/training/easy/p43.pddl /proj/ssiw/users/x_domdr/projects/code/sketch-learner/learning/benchmarks/ipc2023/miconic/training/easy/p43.pddl
2024-09-14 14:02:32,001 - Created InstanceData with num concrete states: 729 and num abstract states: 729
/proj/ssiw/users/x_domdr/projects/code/sketch-learner/learning/benchmarks/ipc2023/miconic/training/easy/p44.pddl /proj/ssiw/users/x_domdr/projects/code/sketch-learner/learning/benchmarks/ipc2023/miconic/training/easy/p44.pddl
2024-09-14 14:02:32,019 - Created InstanceData with num concrete states: 729 and num abstract states: 729
/proj/ssiw/users/x_domdr/projects/code/sketch-learner/learning/benchmarks/ipc2023/miconic/training/easy/p48.pddl /proj/ssiw/users/x_domdr/projects/code/sketch-learner/learning/benchmarks/ipc2023/miconic/training/easy/p48.pddl
2024-09-14 14:02:32,037 - Created InstanceData with num concrete states: 810 and num abstract states: 810
/proj/ssiw/users/x_domdr/projects/code/sketch-learner/learning/benchmarks/ipc2023/miconic/training/easy/p46.pddl /proj/ssiw/users/x_domdr/projects/code/sketch-learner/learning/benchmarks/ipc2023/miconic/training/easy/p46.pddl
2024-09-14 14:02:32,055 - Created InstanceData with num concrete states: 810 and num abstract states: 810
/proj/ssiw/users/x_domdr/projects/code/sketch-learner/learning/benchmarks/ipc2023/miconic/training/easy/p53.pddl /proj/ssiw/users/x_domdr/projects/code/sketch-learner/learning/benchmarks/ipc2023/miconic/training/easy/p53.pddl
2024-09-14 14:02:32,112 - Created InstanceData with num concrete states: 2673 and num abstract states: 1320
/proj/ssiw/users/x_domdr/projects/code/sketch-learner/learning/benchmarks/ipc2023/miconic/training/easy/p49.pddl /proj/ssiw/users/x_domdr/projects/code/sketch-learner/learning/benchmarks/ipc2023/miconic/training/easy/p49.pddl
2024-09-14 14:02:32,162 - Created InstanceData with num concrete states: 2430 and num abstract states: 1620
/proj/ssiw/users/x_domdr/projects/code/sketch-learner/learning/benchmarks/ipc2023/miconic/training/easy/p55.pddl /proj/ssiw/users/x_domdr/projects/code/sketch-learner/learning/benchmarks/ipc2023/miconic/training/easy/p55.pddl
2024-09-14 14:02:32,227 - Created InstanceData with num concrete states: 2916 and num abstract states: 1944
/proj/ssiw/users/x_domdr/projects/code/sketch-learner/learning/benchmarks/ipc2023/miconic/training/easy/p52.pddl /proj/ssiw/users/x_domdr/projects/code/sketch-learner/learning/benchmarks/ipc2023/miconic/training/easy/p52.pddl
2024-09-14 14:02:32,283 - Created InstanceData with num concrete states: 2673 and num abstract states: 2376
/proj/ssiw/users/x_domdr/projects/code/sketch-learner/learning/benchmarks/ipc2023/miconic/training/easy/p50.pddl /proj/ssiw/users/x_domdr/projects/code/sketch-learner/learning/benchmarks/ipc2023/miconic/training/easy/p50.pddl
2024-09-14 14:02:32,341 - Created InstanceData with num concrete states: 2673 and num abstract states: 2376
/proj/ssiw/users/x_domdr/projects/code/sketch-learner/learning/benchmarks/ipc2023/miconic/training/easy/p54.pddl /proj/ssiw/users/x_domdr/projects/code/sketch-learner/learning/benchmarks/ipc2023/miconic/training/easy/p54.pddl
2024-09-14 14:02:32,398 - Created InstanceData with num concrete states: 2673 and num abstract states: 2376
/proj/ssiw/users/x_domdr/projects/code/sketch-learner/learning/benchmarks/ipc2023/miconic/training/easy/p56.pddl /proj/ssiw/users/x_domdr/projects/code/sketch-learner/learning/benchmarks/ipc2023/miconic/training/easy/p56.pddl
2024-09-14 14:02:32,463 - Created InstanceData with num concrete states: 2916 and num abstract states: 2592
/proj/ssiw/users/x_domdr/projects/code/sketch-learner/learning/benchmarks/ipc2023/miconic/training/easy/p57.pddl /proj/ssiw/users/x_domdr/projects/code/sketch-learner/learning/benchmarks/ipc2023/miconic/training/easy/p57.pddl
2024-09-14 14:02:32,526 - Created InstanceData with num concrete states: 2916 and num abstract states: 2592
/proj/ssiw/users/x_domdr/projects/code/sketch-learner/learning/benchmarks/ipc2023/miconic/training/easy/p51.pddl /proj/ssiw/users/x_domdr/projects/code/sketch-learner/learning/benchmarks/ipc2023/miconic/training/easy/p51.pddl
2024-09-14 14:02:32,583 - Created InstanceData with num concrete states: 2673 and num abstract states: 2673
/proj/ssiw/users/x_domdr/projects/code/sketch-learner/learning/benchmarks/ipc2023/miconic/training/easy/p59.pddl /proj/ssiw/users/x_domdr/projects/code/sketch-learner/learning/benchmarks/ipc2023/miconic/training/easy/p59.pddl
2024-09-14 14:02:32,778 - Created InstanceData with num concrete states: 8748 and num abstract states: 5832
/proj/ssiw/users/x_domdr/projects/code/sketch-learner/learning/benchmarks/ipc2023/miconic/training/easy/p61.pddl /proj/ssiw/users/x_domdr/projects/code/sketch-learner/learning/benchmarks/ipc2023/miconic/training/easy/p61.pddl
2024-09-14 14:02:32,995 - Created InstanceData with num concrete states: 9477 and num abstract states: 7488
/proj/ssiw/users/x_domdr/projects/code/sketch-learner/learning/benchmarks/ipc2023/miconic/training/easy/p58.pddl /proj/ssiw/users/x_domdr/projects/code/sketch-learner/learning/benchmarks/ipc2023/miconic/training/easy/p58.pddl
2024-09-14 14:02:33,189 - Created InstanceData with num concrete states: 8748 and num abstract states: 7776
/proj/ssiw/users/x_domdr/projects/code/sketch-learner/learning/benchmarks/ipc2023/miconic/training/easy/p62.pddl /proj/ssiw/users/x_domdr/projects/code/sketch-learner/learning/benchmarks/ipc2023/miconic/training/easy/p62.pddl
2024-09-14 14:02:33,404 - Created InstanceData with num concrete states: 9477 and num abstract states: 8424
/proj/ssiw/users/x_domdr/projects/code/sketch-learner/learning/benchmarks/ipc2023/miconic/training/easy/p60.pddl /proj/ssiw/users/x_domdr/projects/code/sketch-learner/learning/benchmarks/ipc2023/miconic/training/easy/p60.pddl
2024-09-14 14:02:33,626 - Created InstanceData with num concrete states: 9477 and num abstract states: 8424
/proj/ssiw/users/x_domdr/projects/code/sketch-learner/learning/benchmarks/ipc2023/miconic/training/easy/p63.pddl /proj/ssiw/users/x_domdr/projects/code/sketch-learner/learning/benchmarks/ipc2023/miconic/training/easy/p63.pddl
2024-09-14 14:02:33,841 - Created InstanceData with num concrete states: 9477 and num abstract states: 8424
/proj/ssiw/users/x_domdr/projects/code/sketch-learner/learning/benchmarks/ipc2023/miconic/training/easy/p64.pddl /proj/ssiw/users/x_domdr/projects/code/sketch-learner/learning/benchmarks/ipc2023/miconic/training/easy/p64.pddl
2024-09-14 14:02:34,067 - Created InstanceData with num concrete states: 9477 and num abstract states: 9477
2024-09-14 14:02:34,140 - ..done
2024-09-14 14:02:34,285 - Initializing TupleGraphs...
2024-09-14 14:03:49,238 - ..done
2024-09-14 14:03:49,271 - Iteration: 0
     id: 0 problem_filepath: /proj/ssiw/users/x_domdr/projects/code/sketch-learner/learning/benchmarks/ipc2023/miconic/training/easy/p01.pddl num_states: 6 num_state_equivalences: 6
2024-09-14 14:03:49,272 - Initialize global faithful abstract states...
2024-09-14 14:03:49,272 - ..done
2024-09-14 14:03:49,272 - Initializing DomainFeatureData...
[t=95.9635s, 3664176 KB] Started generating base features of complexity 1.
[t=95.9639s, 3664176 KB] Complexity 1:
    b_nullary: 0
    c_one_of: 0
    c_top: 1
    c_bot: 1
    c_primitive: 5
    r_primitive: 4
    c_and: 0
    c_not: 0
    c_equal: 0
    c_some: 0
    c_all: 0
    r_restrict: 0
    r_and: 0
    r_inverse: 0
    r_transitive_closure: 0
    b_empty: 0
    n_count: 0
    n_concept_distance: 0
[t=95.9642s, 3664176 KB] Finished generating base features.
[t=95.9643s, 3664176 KB] Started generating composite features. 
[t=95.9646s, 3664176 KB] Complexity 2:
Total concept elements: 10
Total role elements: 7
Total numerical elements: 7
Total boolean elements: 5
    b_nullary: 0
    c_one_of: 0
    c_top: 1
    c_bot: 1
    c_primitive: 5
    r_primitive: 4
    c_and: 0
    c_not: 3
    c_equal: 0
    c_some: 0
    c_all: 0
    r_restrict: 0
    r_and: 0
    r_inverse: 3
    r_transitive_closure: 0
    b_empty: 5
    n_count: 7
    n_concept_distance: 0
[t=95.9653s, 3664176 KB] Complexity 3:
Total concept elements: 20
Total role elements: 10
Total numerical elements: 9
Total boolean elements: 5
    b_nullary: 0
    c_one_of: 0
    c_top: 1
    c_bot: 1
    c_primitive: 5
    r_primitive: 4
    c_and: 0
    c_not: 3
    c_equal: 0
    c_some: 5
    c_all: 5
    r_restrict: 3
    r_and: 0
    r_inverse: 3
    r_transitive_closure: 0
    b_empty: 5
    n_count: 9
    n_concept_distance: 0
[t=95.966s, 3664176 KB] Complexity 4:
Total concept elements: 39
Total role elements: 13
Total numerical elements: 20
Total boolean elements: 7
    b_nullary: 0
    c_one_of: 0
    c_top: 1
    c_bot: 1
    c_primitive: 5
    r_primitive: 4
    c_and: 3
    c_not: 9
    c_equal: 0
    c_some: 10
    c_all: 10
    r_restrict: 3
    r_and: 0
    r_inverse: 6
    r_transitive_closure: 0
    b_empty: 7
    n_count: 14
    n_concept_distance: 6
[t=95.9669s, 3664176 KB] Complexity 5:
Total concept elements: 56
Total role elements: 13
Total numerical elements: 31
Total boolean elements: 11
    b_nullary: 0
    c_one_of: 0
    c_top: 1
    c_bot: 1
    c_primitive: 5
    r_primitive: 4
    c_and: 12
    c_not: 17
    c_equal: 0
    c_some: 10
    c_all: 10
    r_restrict: 3
    r_and: 0
    r_inverse: 6
    r_transitive_closure: 0
    b_empty: 11
    n_count: 22
    n_concept_distance: 9
[t=95.9686s, 3664176 KB] Complexity 6:
Total concept elements: 107
Total role elements: 13
Total numerical elements: 47
Total boolean elements: 15
    b_nullary: 0
    c_one_of: 0
    c_top: 1
    c_bot: 1
    c_primitive: 5
    r_primitive: 4
    c_and: 40
    c_not: 23
    c_equal: 0
    c_some: 17
    c_all: 20
    r_restrict: 3
    r_and: 0
    r_inverse: 6
    r_transitive_closure: 0
    b_empty: 15
    n_count: 30
    n_concept_distance: 17
[t=95.9706s, 3664176 KB] Complexity 7:
Total concept elements: 181
Total role elements: 13
Total numerical elements: 84
Total boolean elements: 22
    b_nullary: 0
    c_one_of: 0
    c_top: 1
    c_bot: 1
    c_primitive: 5
    r_primitive: 4
    c_and: 81
    c_not: 56
    c_equal: 0
    c_some: 17
    c_all: 20
    r_restrict: 3
    r_and: 0
    r_inverse: 6
    r_transitive_closure: 0
    b_empty: 22
    n_count: 54
    n_concept_distance: 30
[t=95.9745s, 3664176 KB] Complexity 8:
Total concept elements: 297
Total role elements: 13
Total numerical elements: 125
Total boolean elements: 29
    b_nullary: 0
    c_one_of: 0
    c_top: 1
    c_bot: 1
    c_primitive: 5
    r_primitive: 4
    c_and: 148
    c_not: 89
    c_equal: 0
    c_some: 22
    c_all: 31
    r_restrict: 3
    r_and: 0
    r_inverse: 6
    r_transitive_closure: 0
    b_empty: 29
    n_count: 81
    n_concept_distance: 44
[t=95.9814s, 3664176 KB] Complexity 9:
Total concept elements: 467
Total role elements: 13
Total numerical elements: 186
Total boolean elements: 35
    b_nullary: 0
    c_one_of: 0
    c_top: 1
    c_bot: 1
    c_primitive: 5
    r_primitive: 4
    c_and: 244
    c_not: 152
    c_equal: 0
    c_some: 24
    c_all: 40
    r_restrict: 3
    r_and: 0
    r_inverse: 6
    r_transitive_closure: 0
    b_empty: 35
    n_count: 119
    n_concept_distance: 67
[t=95.9817s, 3664176 KB] Finished generating composite features.
Features generated: 221
Features after relevant changes pruning (complete): 79
2024-09-14 14:03:49,423 - ..done
2024-09-14 14:03:49,423 - Constructing PerStateFeatureValuations...
2024-09-14 14:03:49,423 - ..done
2024-09-14 14:03:49,423 - Constructing StatePairEquivalenceDatas...
2024-09-14 14:03:49,436 - ..done
2024-09-14 14:03:49,436 - Constructing TupleGraphEquivalences...
Tuple graph equivalence construction statistics:
Num nodes: 24
2024-09-14 14:03:49,437 - ..done
2024-09-14 14:03:49,437 - Minimizing TupleGraphEquivalences...
Tuple graph equivalence minimization statistics:
Num orig nodes: 24
Num kept nodes: 24
2024-09-14 14:03:49,437 - ..done
Number of initial D2 facts: 44
Number of D2 facts: 44 of 576
2024-09-14 14:03:49,465 - Grounding Logic Program...
2024-09-14 14:03:49,491 - ..done
2024-09-14 14:03:49,491 - Solving Logic Program...
2024-09-14 14:03:49,498 - ..done
Clingo statistics:
{'call': 0.0, 'result': 1.0, 'signal': 0.0, 'exhausted': 1.0, 'costs': [0.0], 'lower': [0.0], 'concurrency': 32.0, 'winner': 10.0, 'times': {'total': 0.0603480339050293, 'cpu': 0.07592800000003308, 'solve': 0.005075931549072266, 'unsat': 0.0007779598236083984, 'sat': 0.004297971725463867}, 'models': {'enumerated': 1.0, 'optimal': 1.0}}
Solution cost: [0.0]
Total time: 0.0603480339050293
CPU time: 0.07592800000003308
Solve time: 0.005075931549072266
2024-09-14 14:03:49,514 - Learned the following sketch:
(:policy
(:booleans )
(:numericals )
(:rule (:conditions ) (:effects ))
)
Numer of sketch rules: 1
Number of selected features: 0
Maximum complexity of selected feature: 0
Sketch solves: /proj/ssiw/users/x_domdr/projects/code/sketch-learner/learning/benchmarks/ipc2023/miconic/training/easy/p01.pddl
Sketch cycles
Instance: 0
3
3
Number of unsatisfied D2 facts: 80
Number of D2 facts: 124 of 576
2024-09-14 14:03:49,597 - Grounding Logic Program...
2024-09-14 14:03:49,629 - ..done
2024-09-14 14:03:49,629 - Solving Logic Program...
2024-09-14 14:03:49,633 - ..done
Clingo statistics:
{'call': 0.0, 'result': 1.0, 'signal': 0.0, 'exhausted': 1.0, 'costs': [3.0], 'lower': [3.0], 'concurrency': 32.0, 'winner': 18.0, 'times': {'total': 0.11867594718933105, 'cpu': 0.13321500000000697, 'solve': 0.0025529861450195312, 'unsat': 0.0005419254302978516, 'sat': 0.0018420219421386719}, 'models': {'enumerated': 2.0, 'optimal': 1.0}}
Solution cost: [3.0]
Total time: 0.11867594718933105
CPU time: 0.13321500000000697
Solve time: 0.0025529861450195312
2024-09-14 14:03:49,650 - Learned the following sketch:
(:policy
(:booleans )
(:numericals (f2 "n_count(c_primitive(boarded,0))"))
(:rule (:conditions (:c_n_gt f2)) (:effects (:e_n_dec f2)))
(:rule (:conditions (:c_n_eq f2)) (:effects (:e_n_inc f2)))
)
Numer of sketch rules: 2
Number of selected features: 1
Maximum complexity of selected feature: 2
Sketch solves: /proj/ssiw/users/x_domdr/projects/code/sketch-learner/learning/benchmarks/ipc2023/miconic/training/easy/p01.pddl
2024-09-14 14:03:49,651 - Verifying learned sketch...
Sketch solves: /proj/ssiw/users/x_domdr/projects/code/sketch-learner/learning/benchmarks/ipc2023/miconic/training/easy/p01.pddl
Sketch solves: /proj/ssiw/users/x_domdr/projects/code/sketch-learner/learning/benchmarks/ipc2023/miconic/training/easy/p01.pddl
Sketch solves: /proj/ssiw/users/x_domdr/projects/code/sketch-learner/learning/benchmarks/ipc2023/miconic/training/easy/p02.pddl
Sketch solves: /proj/ssiw/users/x_domdr/projects/code/sketch-learner/learning/benchmarks/ipc2023/miconic/training/easy/p12.pddl
Sketch solves: /proj/ssiw/users/x_domdr/projects/code/sketch-learner/learning/benchmarks/ipc2023/miconic/training/easy/p07.pddl
Sketch solves: /proj/ssiw/users/x_domdr/projects/code/sketch-learner/learning/benchmarks/ipc2023/miconic/training/easy/p11.pddl
Sketch solves: /proj/ssiw/users/x_domdr/projects/code/sketch-learner/learning/benchmarks/ipc2023/miconic/training/easy/p08.pddl
Sketch solves: /proj/ssiw/users/x_domdr/projects/code/sketch-learner/learning/benchmarks/ipc2023/miconic/training/easy/p10.pddl
Sketch solves: /proj/ssiw/users/x_domdr/projects/code/sketch-learner/learning/benchmarks/ipc2023/miconic/training/easy/p09.pddl
Sketch solves: /proj/ssiw/users/x_domdr/projects/code/sketch-learner/learning/benchmarks/ipc2023/miconic/training/easy/p19.pddl
Sketch solves: /proj/ssiw/users/x_domdr/projects/code/sketch-learner/learning/benchmarks/ipc2023/miconic/training/easy/p06.pddl
Sketch solves: /proj/ssiw/users/x_domdr/projects/code/sketch-learner/learning/benchmarks/ipc2023/miconic/training/easy/p15.pddl
Sketch solves: /proj/ssiw/users/x_domdr/projects/code/sketch-learner/learning/benchmarks/ipc2023/miconic/training/easy/p03.pddl
Sketch solves: /proj/ssiw/users/x_domdr/projects/code/sketch-learner/learning/benchmarks/ipc2023/miconic/training/easy/p16.pddl
Sketch solves: /proj/ssiw/users/x_domdr/projects/code/sketch-learner/learning/benchmarks/ipc2023/miconic/training/easy/p17.pddl
Sketch solves: /proj/ssiw/users/x_domdr/projects/code/sketch-learner/learning/benchmarks/ipc2023/miconic/training/easy/p18.pddl
Sketch solves: /proj/ssiw/users/x_domdr/projects/code/sketch-learner/learning/benchmarks/ipc2023/miconic/training/easy/p21.pddl
Sketch solves: /proj/ssiw/users/x_domdr/projects/code/sketch-learner/learning/benchmarks/ipc2023/miconic/training/easy/p22.pddl
Sketch solves: /proj/ssiw/users/x_domdr/projects/code/sketch-learner/learning/benchmarks/ipc2023/miconic/training/easy/p23.pddl
Sketch solves: /proj/ssiw/users/x_domdr/projects/code/sketch-learner/learning/benchmarks/ipc2023/miconic/training/easy/p20.pddl
Sketch solves: /proj/ssiw/users/x_domdr/projects/code/sketch-learner/learning/benchmarks/ipc2023/miconic/training/easy/p04.pddl
Sketch solves: /proj/ssiw/users/x_domdr/projects/code/sketch-learner/learning/benchmarks/ipc2023/miconic/training/easy/p14.pddl
Sketch solves: /proj/ssiw/users/x_domdr/projects/code/sketch-learner/learning/benchmarks/ipc2023/miconic/training/easy/p24.pddl
Sketch solves: /proj/ssiw/users/x_domdr/projects/code/sketch-learner/learning/benchmarks/ipc2023/miconic/training/easy/p29.pddl
Sketch solves: /proj/ssiw/users/x_domdr/projects/code/sketch-learner/learning/benchmarks/ipc2023/miconic/training/easy/p28.pddl
Sketch solves: /proj/ssiw/users/x_domdr/projects/code/sketch-learner/learning/benchmarks/ipc2023/miconic/training/easy/p27.pddl
Sketch solves: /proj/ssiw/users/x_domdr/projects/code/sketch-learner/learning/benchmarks/ipc2023/miconic/training/easy/p26.pddl
Sketch solves: /proj/ssiw/users/x_domdr/projects/code/sketch-learner/learning/benchmarks/ipc2023/miconic/training/easy/p25.pddl
Sketch solves: /proj/ssiw/users/x_domdr/projects/code/sketch-learner/learning/benchmarks/ipc2023/miconic/training/easy/p30.pddl
Sketch solves: /proj/ssiw/users/x_domdr/projects/code/sketch-learner/learning/benchmarks/ipc2023/miconic/training/easy/p31.pddl
Sketch solves: /proj/ssiw/users/x_domdr/projects/code/sketch-learner/learning/benchmarks/ipc2023/miconic/training/easy/p13.pddl
Sketch solves: /proj/ssiw/users/x_domdr/projects/code/sketch-learner/learning/benchmarks/ipc2023/miconic/training/easy/p34.pddl
Sketch solves: /proj/ssiw/users/x_domdr/projects/code/sketch-learner/learning/benchmarks/ipc2023/miconic/training/easy/p33.pddl
Sketch solves: /proj/ssiw/users/x_domdr/projects/code/sketch-learner/learning/benchmarks/ipc2023/miconic/training/easy/p32.pddl
Sketch solves: /proj/ssiw/users/x_domdr/projects/code/sketch-learner/learning/benchmarks/ipc2023/miconic/training/easy/p38.pddl
Sketch solves: /proj/ssiw/users/x_domdr/projects/code/sketch-learner/learning/benchmarks/ipc2023/miconic/training/easy/p37.pddl
Sketch solves: /proj/ssiw/users/x_domdr/projects/code/sketch-learner/learning/benchmarks/ipc2023/miconic/training/easy/p36.pddl
Sketch solves: /proj/ssiw/users/x_domdr/projects/code/sketch-learner/learning/benchmarks/ipc2023/miconic/training/easy/p35.pddl
Sketch solves: /proj/ssiw/users/x_domdr/projects/code/sketch-learner/learning/benchmarks/ipc2023/miconic/training/easy/p40.pddl
Sketch solves: /proj/ssiw/users/x_domdr/projects/code/sketch-learner/learning/benchmarks/ipc2023/miconic/training/easy/p39.pddl
Sketch solves: /proj/ssiw/users/x_domdr/projects/code/sketch-learner/learning/benchmarks/ipc2023/miconic/training/easy/p42.pddl
Sketch solves: /proj/ssiw/users/x_domdr/projects/code/sketch-learner/learning/benchmarks/ipc2023/miconic/training/easy/p45.pddl
Sketch solves: /proj/ssiw/users/x_domdr/projects/code/sketch-learner/learning/benchmarks/ipc2023/miconic/training/easy/p47.pddl
Sketch solves: /proj/ssiw/users/x_domdr/projects/code/sketch-learner/learning/benchmarks/ipc2023/miconic/training/easy/p41.pddl
Sketch solves: /proj/ssiw/users/x_domdr/projects/code/sketch-learner/learning/benchmarks/ipc2023/miconic/training/easy/p43.pddl
Sketch solves: /proj/ssiw/users/x_domdr/projects/code/sketch-learner/learning/benchmarks/ipc2023/miconic/training/easy/p44.pddl
Sketch solves: /proj/ssiw/users/x_domdr/projects/code/sketch-learner/learning/benchmarks/ipc2023/miconic/training/easy/p48.pddl
Sketch solves: /proj/ssiw/users/x_domdr/projects/code/sketch-learner/learning/benchmarks/ipc2023/miconic/training/easy/p46.pddl
Sketch solves: /proj/ssiw/users/x_domdr/projects/code/sketch-learner/learning/benchmarks/ipc2023/miconic/training/easy/p53.pddl
Sketch solves: /proj/ssiw/users/x_domdr/projects/code/sketch-learner/learning/benchmarks/ipc2023/miconic/training/easy/p49.pddl
Sketch solves: /proj/ssiw/users/x_domdr/projects/code/sketch-learner/learning/benchmarks/ipc2023/miconic/training/easy/p55.pddl
Sketch solves: /proj/ssiw/users/x_domdr/projects/code/sketch-learner/learning/benchmarks/ipc2023/miconic/training/easy/p52.pddl
Sketch solves: /proj/ssiw/users/x_domdr/projects/code/sketch-learner/learning/benchmarks/ipc2023/miconic/training/easy/p50.pddl
Sketch solves: /proj/ssiw/users/x_domdr/projects/code/sketch-learner/learning/benchmarks/ipc2023/miconic/training/easy/p54.pddl
Sketch solves: /proj/ssiw/users/x_domdr/projects/code/sketch-learner/learning/benchmarks/ipc2023/miconic/training/easy/p56.pddl
Sketch solves: /proj/ssiw/users/x_domdr/projects/code/sketch-learner/learning/benchmarks/ipc2023/miconic/training/easy/p57.pddl
Sketch solves: /proj/ssiw/users/x_domdr/projects/code/sketch-learner/learning/benchmarks/ipc2023/miconic/training/easy/p51.pddl
Sketch solves: /proj/ssiw/users/x_domdr/projects/code/sketch-learner/learning/benchmarks/ipc2023/miconic/training/easy/p59.pddl
Sketch solves: /proj/ssiw/users/x_domdr/projects/code/sketch-learner/learning/benchmarks/ipc2023/miconic/training/easy/p61.pddl
Sketch solves: /proj/ssiw/users/x_domdr/projects/code/sketch-learner/learning/benchmarks/ipc2023/miconic/training/easy/p58.pddl
Sketch solves: /proj/ssiw/users/x_domdr/projects/code/sketch-learner/learning/benchmarks/ipc2023/miconic/training/easy/p62.pddl
Sketch solves: /proj/ssiw/users/x_domdr/projects/code/sketch-learner/learning/benchmarks/ipc2023/miconic/training/easy/p60.pddl
Sketch solves: /proj/ssiw/users/x_domdr/projects/code/sketch-learner/learning/benchmarks/ipc2023/miconic/training/easy/p63.pddl
Sketch solves: /proj/ssiw/users/x_domdr/projects/code/sketch-learner/learning/benchmarks/ipc2023/miconic/training/easy/p64.pddl
2024-09-14 14:04:20,493 - ..done
Sketch solves all instances!
================================================================================
2024-09-14 14:04:20,497 - Summary:
LearningStatistics:
    num_training_instances: 63
    num_selected_training_instances (|P|): 1
    num_states_in_selected_training_instances (|S|): 6
    num_states_in_complete_selected_training_instances (|S|): 6
    num_features_in_pool (|F|): 79
================================================================================
Resulting sketch:
(:policy
(:booleans )
(:numericals (f2 "n_count(c_primitive(boarded,0))"))
(:rule (:conditions (:c_n_gt f2)) (:effects (:e_n_dec f2)))
(:rule (:conditions (:c_n_eq f2)) (:effects (:e_n_inc f2)))
)
Numer of sketch rules: 2
Number of selected features: 1
Maximum complexity of selected feature: 2
================================================================================
Resulting minimized sketch:
(:policy
(:booleans )
(:numericals (f2 "n_count(c_primitive(boarded,0))"))
(:rule (:conditions (:c_n_gt f2)) (:effects (:e_n_dec f2)))
(:rule (:conditions (:c_n_eq f2)) (:effects (:e_n_inc f2)))
)
Numer of sketch rules: 2
Number of selected features: 1
Maximum complexity of selected feature: 2
================================================================================
================================================================================
Preprocessing time: 97 seconds.
ASP time: 1 seconds.
Verification time: 31 seconds.
Total time: 128 seconds.
Total memory: 1 GiB.
Num states in training data before symmetry pruning: 98358
Num states in training data after symmetry pruning: 84139
================================================================================

