Changing working directory:  /proj/ssiw/users/x_domdr/projects/code/sketch-learner/learning/experiments/scripts/workspace-tractable/reward_0
2024-09-14 14:06:01,157 - Constructing InstanceDatas...
2024-09-14 14:06:01,672 - Constructing GlobalFaithfulAbstractions...
2024-09-14 14:06:02,342 - ...done
2024-09-14 14:06:02,345 - Constructing StateSpaces...
2024-09-14 14:06:02,360 - ...done
/proj/ssiw/users/x_domdr/projects/code/sketch-learner/learning/benchmarks/tractable/reward/training/easy/instance_1x2_4.pddl /proj/ssiw/users/x_domdr/projects/code/sketch-learner/learning/benchmarks/tractable/reward/training/easy/instance_1x2_4.pddl
2024-09-14 14:06:02,365 - Created InstanceData with num concrete states: 4 and num abstract states: 4
/proj/ssiw/users/x_domdr/projects/code/sketch-learner/learning/benchmarks/tractable/reward/training/easy/instance_1x3_4.pddl /proj/ssiw/users/x_domdr/projects/code/sketch-learner/learning/benchmarks/tractable/reward/training/easy/instance_1x3_4.pddl
2024-09-14 14:06:02,366 - Created InstanceData with num concrete states: 6 and num abstract states: 4
/proj/ssiw/users/x_domdr/projects/code/sketch-learner/learning/benchmarks/tractable/reward/training/easy/instance_3x1_18.pddl /proj/ssiw/users/x_domdr/projects/code/sketch-learner/learning/benchmarks/tractable/reward/training/easy/instance_3x1_18.pddl
2024-09-14 14:06:02,367 - Created InstanceData with num concrete states: 4 and num abstract states: 4
/proj/ssiw/users/x_domdr/projects/code/sketch-learner/learning/benchmarks/tractable/reward/training/easy/instance_2x2_27.pddl /proj/ssiw/users/x_domdr/projects/code/sketch-learner/learning/benchmarks/tractable/reward/training/easy/instance_2x2_27.pddl
2024-09-14 14:06:02,368 - Created InstanceData with num concrete states: 6 and num abstract states: 4
/proj/ssiw/users/x_domdr/projects/code/sketch-learner/learning/benchmarks/tractable/reward/training/easy/instance_3x3_0.pddl /proj/ssiw/users/x_domdr/projects/code/sketch-learner/learning/benchmarks/tractable/reward/training/easy/instance_3x3_0.pddl
2024-09-14 14:06:02,369 - Created InstanceData with num concrete states: 4 and num abstract states: 4
/proj/ssiw/users/x_domdr/projects/code/sketch-learner/learning/benchmarks/tractable/reward/training/easy/instance_2x3_23.pddl /proj/ssiw/users/x_domdr/projects/code/sketch-learner/learning/benchmarks/tractable/reward/training/easy/instance_2x3_23.pddl
2024-09-14 14:06:02,370 - Created InstanceData with num concrete states: 4 and num abstract states: 4
/proj/ssiw/users/x_domdr/projects/code/sketch-learner/learning/benchmarks/tractable/reward/training/easy/instance_2x2_13.pddl /proj/ssiw/users/x_domdr/projects/code/sketch-learner/learning/benchmarks/tractable/reward/training/easy/instance_2x2_13.pddl
2024-09-14 14:06:02,371 - Created InstanceData with num concrete states: 4 and num abstract states: 4
/proj/ssiw/users/x_domdr/projects/code/sketch-learner/learning/benchmarks/tractable/reward/training/easy/instance_3x2_6.pddl /proj/ssiw/users/x_domdr/projects/code/sketch-learner/learning/benchmarks/tractable/reward/training/easy/instance_3x2_6.pddl
2024-09-14 14:06:02,371 - Created InstanceData with num concrete states: 4 and num abstract states: 4
/proj/ssiw/users/x_domdr/projects/code/sketch-learner/learning/benchmarks/tractable/reward/training/easy/instance_3x1_27.pddl /proj/ssiw/users/x_domdr/projects/code/sketch-learner/learning/benchmarks/tractable/reward/training/easy/instance_3x1_27.pddl
2024-09-14 14:06:02,372 - Created InstanceData with num concrete states: 6 and num abstract states: 6
/proj/ssiw/users/x_domdr/projects/code/sketch-learner/learning/benchmarks/tractable/reward/training/easy/instance_3x3_29.pddl /proj/ssiw/users/x_domdr/projects/code/sketch-learner/learning/benchmarks/tractable/reward/training/easy/instance_3x3_29.pddl
2024-09-14 14:06:02,373 - Created InstanceData with num concrete states: 10 and num abstract states: 6
/proj/ssiw/users/x_domdr/projects/code/sketch-learner/learning/benchmarks/tractable/reward/training/easy/instance_2x2_28.pddl /proj/ssiw/users/x_domdr/projects/code/sketch-learner/learning/benchmarks/tractable/reward/training/easy/instance_2x2_28.pddl
2024-09-14 14:06:02,376 - Created InstanceData with num concrete states: 6 and num abstract states: 6
/proj/ssiw/users/x_domdr/projects/code/sketch-learner/learning/benchmarks/tractable/reward/training/easy/instance_2x2_9.pddl /proj/ssiw/users/x_domdr/projects/code/sketch-learner/learning/benchmarks/tractable/reward/training/easy/instance_2x2_9.pddl
2024-09-14 14:06:02,377 - Created InstanceData with num concrete states: 8 and num abstract states: 6
/proj/ssiw/users/x_domdr/projects/code/sketch-learner/learning/benchmarks/tractable/reward/training/easy/instance_2x3_0.pddl /proj/ssiw/users/x_domdr/projects/code/sketch-learner/learning/benchmarks/tractable/reward/training/easy/instance_2x3_0.pddl
2024-09-14 14:06:02,378 - Created InstanceData with num concrete states: 6 and num abstract states: 6
/proj/ssiw/users/x_domdr/projects/code/sketch-learner/learning/benchmarks/tractable/reward/training/easy/instance_2x3_17.pddl /proj/ssiw/users/x_domdr/projects/code/sketch-learner/learning/benchmarks/tractable/reward/training/easy/instance_2x3_17.pddl
2024-09-14 14:06:02,379 - Created InstanceData with num concrete states: 8 and num abstract states: 6
/proj/ssiw/users/x_domdr/projects/code/sketch-learner/learning/benchmarks/tractable/reward/training/easy/instance_2x3_3.pddl /proj/ssiw/users/x_domdr/projects/code/sketch-learner/learning/benchmarks/tractable/reward/training/easy/instance_2x3_3.pddl
2024-09-14 14:06:02,379 - Created InstanceData with num concrete states: 6 and num abstract states: 6
/proj/ssiw/users/x_domdr/projects/code/sketch-learner/learning/benchmarks/tractable/reward/training/easy/instance_2x2_26.pddl /proj/ssiw/users/x_domdr/projects/code/sketch-learner/learning/benchmarks/tractable/reward/training/easy/instance_2x2_26.pddl
2024-09-14 14:06:02,380 - Created InstanceData with num concrete states: 16 and num abstract states: 7
/proj/ssiw/users/x_domdr/projects/code/sketch-learner/learning/benchmarks/tractable/reward/training/easy/instance_2x2_29.pddl /proj/ssiw/users/x_domdr/projects/code/sketch-learner/learning/benchmarks/tractable/reward/training/easy/instance_2x2_29.pddl
2024-09-14 14:06:02,381 - Created InstanceData with num concrete states: 12 and num abstract states: 7
/proj/ssiw/users/x_domdr/projects/code/sketch-learner/learning/benchmarks/tractable/reward/training/easy/instance_2x3_8.pddl /proj/ssiw/users/x_domdr/projects/code/sketch-learner/learning/benchmarks/tractable/reward/training/easy/instance_2x3_8.pddl
2024-09-14 14:06:02,382 - Created InstanceData with num concrete states: 8 and num abstract states: 8
/proj/ssiw/users/x_domdr/projects/code/sketch-learner/learning/benchmarks/tractable/reward/training/easy/instance_2x2_21.pddl /proj/ssiw/users/x_domdr/projects/code/sketch-learner/learning/benchmarks/tractable/reward/training/easy/instance_2x2_21.pddl
2024-09-14 14:06:02,383 - Created InstanceData with num concrete states: 16 and num abstract states: 8
/proj/ssiw/users/x_domdr/projects/code/sketch-learner/learning/benchmarks/tractable/reward/training/easy/instance_2x3_15.pddl /proj/ssiw/users/x_domdr/projects/code/sketch-learner/learning/benchmarks/tractable/reward/training/easy/instance_2x3_15.pddl
2024-09-14 14:06:02,384 - Created InstanceData with num concrete states: 16 and num abstract states: 8
/proj/ssiw/users/x_domdr/projects/code/sketch-learner/learning/benchmarks/tractable/reward/training/easy/instance_2x3_18.pddl /proj/ssiw/users/x_domdr/projects/code/sketch-learner/learning/benchmarks/tractable/reward/training/easy/instance_2x3_18.pddl
2024-09-14 14:06:02,385 - Created InstanceData with num concrete states: 8 and num abstract states: 8
/proj/ssiw/users/x_domdr/projects/code/sketch-learner/learning/benchmarks/tractable/reward/training/easy/instance_3x2_23.pddl /proj/ssiw/users/x_domdr/projects/code/sketch-learner/learning/benchmarks/tractable/reward/training/easy/instance_3x2_23.pddl
2024-09-14 14:06:02,386 - Created InstanceData with num concrete states: 10 and num abstract states: 10
/proj/ssiw/users/x_domdr/projects/code/sketch-learner/learning/benchmarks/tractable/reward/training/easy/instance_3x2_22.pddl /proj/ssiw/users/x_domdr/projects/code/sketch-learner/learning/benchmarks/tractable/reward/training/easy/instance_3x2_22.pddl
2024-09-14 14:06:02,387 - Created InstanceData with num concrete states: 10 and num abstract states: 10
/proj/ssiw/users/x_domdr/projects/code/sketch-learner/learning/benchmarks/tractable/reward/training/easy/instance_3x3_6.pddl /proj/ssiw/users/x_domdr/projects/code/sketch-learner/learning/benchmarks/tractable/reward/training/easy/instance_3x3_6.pddl
2024-09-14 14:06:02,388 - Created InstanceData with num concrete states: 16 and num abstract states: 10
/proj/ssiw/users/x_domdr/projects/code/sketch-learner/learning/benchmarks/tractable/reward/training/easy/instance_1x3_8.pddl /proj/ssiw/users/x_domdr/projects/code/sketch-learner/learning/benchmarks/tractable/reward/training/easy/instance_1x3_8.pddl
2024-09-14 14:06:02,389 - Created InstanceData with num concrete states: 12 and num abstract states: 12
/proj/ssiw/users/x_domdr/projects/code/sketch-learner/learning/benchmarks/tractable/reward/training/easy/instance_3x2_9.pddl /proj/ssiw/users/x_domdr/projects/code/sketch-learner/learning/benchmarks/tractable/reward/training/easy/instance_3x2_9.pddl
2024-09-14 14:06:02,390 - Created InstanceData with num concrete states: 12 and num abstract states: 12
/proj/ssiw/users/x_domdr/projects/code/sketch-learner/learning/benchmarks/tractable/reward/training/easy/instance_2x3_5.pddl /proj/ssiw/users/x_domdr/projects/code/sketch-learner/learning/benchmarks/tractable/reward/training/easy/instance_2x3_5.pddl
2024-09-14 14:06:02,391 - Created InstanceData with num concrete states: 12 and num abstract states: 12
/proj/ssiw/users/x_domdr/projects/code/sketch-learner/learning/benchmarks/tractable/reward/training/easy/instance_2x2_5.pddl /proj/ssiw/users/x_domdr/projects/code/sketch-learner/learning/benchmarks/tractable/reward/training/easy/instance_2x2_5.pddl
2024-09-14 14:06:02,392 - Created InstanceData with num concrete states: 12 and num abstract states: 12
/proj/ssiw/users/x_domdr/projects/code/sketch-learner/learning/benchmarks/tractable/reward/training/easy/instance_2x3_11.pddl /proj/ssiw/users/x_domdr/projects/code/sketch-learner/learning/benchmarks/tractable/reward/training/easy/instance_2x3_11.pddl
2024-09-14 14:06:02,393 - Created InstanceData with num concrete states: 12 and num abstract states: 12
/proj/ssiw/users/x_domdr/projects/code/sketch-learner/learning/benchmarks/tractable/reward/training/easy/instance_3x3_16.pddl /proj/ssiw/users/x_domdr/projects/code/sketch-learner/learning/benchmarks/tractable/reward/training/easy/instance_3x3_16.pddl
2024-09-14 14:06:02,394 - Created InstanceData with num concrete states: 12 and num abstract states: 12
/proj/ssiw/users/x_domdr/projects/code/sketch-learner/learning/benchmarks/tractable/reward/training/easy/instance_3x2_0.pddl /proj/ssiw/users/x_domdr/projects/code/sketch-learner/learning/benchmarks/tractable/reward/training/easy/instance_3x2_0.pddl
2024-09-14 14:06:02,395 - Created InstanceData with num concrete states: 24 and num abstract states: 12
/proj/ssiw/users/x_domdr/projects/code/sketch-learner/learning/benchmarks/tractable/reward/training/easy/instance_3x3_26.pddl /proj/ssiw/users/x_domdr/projects/code/sketch-learner/learning/benchmarks/tractable/reward/training/easy/instance_3x3_26.pddl
2024-09-14 14:06:02,397 - Created InstanceData with num concrete states: 16 and num abstract states: 16
/proj/ssiw/users/x_domdr/projects/code/sketch-learner/learning/benchmarks/tractable/reward/training/easy/instance_3x2_11.pddl /proj/ssiw/users/x_domdr/projects/code/sketch-learner/learning/benchmarks/tractable/reward/training/easy/instance_3x2_11.pddl
2024-09-14 14:06:02,398 - Created InstanceData with num concrete states: 16 and num abstract states: 16
/proj/ssiw/users/x_domdr/projects/code/sketch-learner/learning/benchmarks/tractable/reward/training/easy/instance_3x2_24.pddl /proj/ssiw/users/x_domdr/projects/code/sketch-learner/learning/benchmarks/tractable/reward/training/easy/instance_3x2_24.pddl
2024-09-14 14:06:02,399 - Created InstanceData with num concrete states: 16 and num abstract states: 16
/proj/ssiw/users/x_domdr/projects/code/sketch-learner/learning/benchmarks/tractable/reward/training/easy/instance_3x3_14.pddl /proj/ssiw/users/x_domdr/projects/code/sketch-learner/learning/benchmarks/tractable/reward/training/easy/instance_3x3_14.pddl
2024-09-14 14:06:02,400 - Created InstanceData with num concrete states: 16 and num abstract states: 16
/proj/ssiw/users/x_domdr/projects/code/sketch-learner/learning/benchmarks/tractable/reward/training/easy/instance_2x2_20.pddl /proj/ssiw/users/x_domdr/projects/code/sketch-learner/learning/benchmarks/tractable/reward/training/easy/instance_2x2_20.pddl
2024-09-14 14:06:02,401 - Created InstanceData with num concrete states: 32 and num abstract states: 20
/proj/ssiw/users/x_domdr/projects/code/sketch-learner/learning/benchmarks/tractable/reward/training/easy/instance_3x3_4.pddl /proj/ssiw/users/x_domdr/projects/code/sketch-learner/learning/benchmarks/tractable/reward/training/easy/instance_3x3_4.pddl
2024-09-14 14:06:02,403 - Created InstanceData with num concrete states: 20 and num abstract states: 20
/proj/ssiw/users/x_domdr/projects/code/sketch-learner/learning/benchmarks/tractable/reward/training/easy/instance_3x2_28.pddl /proj/ssiw/users/x_domdr/projects/code/sketch-learner/learning/benchmarks/tractable/reward/training/easy/instance_3x2_28.pddl
2024-09-14 14:06:02,404 - Created InstanceData with num concrete states: 40 and num abstract states: 22
/proj/ssiw/users/x_domdr/projects/code/sketch-learner/learning/benchmarks/tractable/reward/training/easy/instance_2x3_19.pddl /proj/ssiw/users/x_domdr/projects/code/sketch-learner/learning/benchmarks/tractable/reward/training/easy/instance_2x3_19.pddl
2024-09-14 14:06:02,406 - Created InstanceData with num concrete states: 24 and num abstract states: 24
/proj/ssiw/users/x_domdr/projects/code/sketch-learner/learning/benchmarks/tractable/reward/training/easy/instance_3x3_24.pddl /proj/ssiw/users/x_domdr/projects/code/sketch-learner/learning/benchmarks/tractable/reward/training/easy/instance_3x3_24.pddl
2024-09-14 14:06:02,407 - Created InstanceData with num concrete states: 36 and num abstract states: 24
/proj/ssiw/users/x_domdr/projects/code/sketch-learner/learning/benchmarks/tractable/reward/training/easy/instance_2x3_20.pddl /proj/ssiw/users/x_domdr/projects/code/sketch-learner/learning/benchmarks/tractable/reward/training/easy/instance_2x3_20.pddl
2024-09-14 14:06:02,409 - Created InstanceData with num concrete states: 48 and num abstract states: 28
/proj/ssiw/users/x_domdr/projects/code/sketch-learner/learning/benchmarks/tractable/reward/training/easy/instance_3x3_9.pddl /proj/ssiw/users/x_domdr/projects/code/sketch-learner/learning/benchmarks/tractable/reward/training/easy/instance_3x3_9.pddl
2024-09-14 14:06:02,411 - Created InstanceData with num concrete states: 28 and num abstract states: 28
/proj/ssiw/users/x_domdr/projects/code/sketch-learner/learning/benchmarks/tractable/reward/training/easy/instance_3x2_26.pddl /proj/ssiw/users/x_domdr/projects/code/sketch-learner/learning/benchmarks/tractable/reward/training/easy/instance_3x2_26.pddl
2024-09-14 14:06:02,412 - Created InstanceData with num concrete states: 32 and num abstract states: 32
/proj/ssiw/users/x_domdr/projects/code/sketch-learner/learning/benchmarks/tractable/reward/training/easy/instance_2x3_13.pddl /proj/ssiw/users/x_domdr/projects/code/sketch-learner/learning/benchmarks/tractable/reward/training/easy/instance_2x3_13.pddl
2024-09-14 14:06:02,414 - Created InstanceData with num concrete states: 40 and num abstract states: 40
/proj/ssiw/users/x_domdr/projects/code/sketch-learner/learning/benchmarks/tractable/reward/training/easy/instance_3x2_27.pddl /proj/ssiw/users/x_domdr/projects/code/sketch-learner/learning/benchmarks/tractable/reward/training/easy/instance_3x2_27.pddl
2024-09-14 14:06:02,415 - Created InstanceData with num concrete states: 40 and num abstract states: 40
/proj/ssiw/users/x_domdr/projects/code/sketch-learner/learning/benchmarks/tractable/reward/training/easy/instance_3x3_5.pddl /proj/ssiw/users/x_domdr/projects/code/sketch-learner/learning/benchmarks/tractable/reward/training/easy/instance_3x3_5.pddl
2024-09-14 14:06:02,418 - Created InstanceData with num concrete states: 72 and num abstract states: 42
/proj/ssiw/users/x_domdr/projects/code/sketch-learner/learning/benchmarks/tractable/reward/training/easy/instance_3x2_15.pddl /proj/ssiw/users/x_domdr/projects/code/sketch-learner/learning/benchmarks/tractable/reward/training/easy/instance_3x2_15.pddl
2024-09-14 14:06:02,420 - Created InstanceData with num concrete states: 96 and num abstract states: 48
/proj/ssiw/users/x_domdr/projects/code/sketch-learner/learning/benchmarks/tractable/reward/training/easy/instance_3x2_3.pddl /proj/ssiw/users/x_domdr/projects/code/sketch-learner/learning/benchmarks/tractable/reward/training/easy/instance_3x2_3.pddl
2024-09-14 14:06:02,422 - Created InstanceData with num concrete states: 48 and num abstract states: 48
/proj/ssiw/users/x_domdr/projects/code/sketch-learner/learning/benchmarks/tractable/reward/training/easy/instance_2x3_24.pddl /proj/ssiw/users/x_domdr/projects/code/sketch-learner/learning/benchmarks/tractable/reward/training/easy/instance_2x3_24.pddl
2024-09-14 14:06:02,424 - Created InstanceData with num concrete states: 96 and num abstract states: 48
/proj/ssiw/users/x_domdr/projects/code/sketch-learner/learning/benchmarks/tractable/reward/training/easy/instance_3x2_17.pddl /proj/ssiw/users/x_domdr/projects/code/sketch-learner/learning/benchmarks/tractable/reward/training/easy/instance_3x2_17.pddl
2024-09-14 14:06:02,427 - Created InstanceData with num concrete states: 80 and num abstract states: 80
/proj/ssiw/users/x_domdr/projects/code/sketch-learner/learning/benchmarks/tractable/reward/training/easy/instance_2x3_1.pddl /proj/ssiw/users/x_domdr/projects/code/sketch-learner/learning/benchmarks/tractable/reward/training/easy/instance_2x3_1.pddl
2024-09-14 14:06:02,429 - Created InstanceData with num concrete states: 80 and num abstract states: 80
/proj/ssiw/users/x_domdr/projects/code/sketch-learner/learning/benchmarks/tractable/reward/training/easy/instance_3x2_4.pddl /proj/ssiw/users/x_domdr/projects/code/sketch-learner/learning/benchmarks/tractable/reward/training/easy/instance_3x2_4.pddl
2024-09-14 14:06:02,431 - Created InstanceData with num concrete states: 80 and num abstract states: 80
/proj/ssiw/users/x_domdr/projects/code/sketch-learner/learning/benchmarks/tractable/reward/training/easy/instance_3x2_14.pddl /proj/ssiw/users/x_domdr/projects/code/sketch-learner/learning/benchmarks/tractable/reward/training/easy/instance_3x2_14.pddl
2024-09-14 14:06:02,433 - Created InstanceData with num concrete states: 80 and num abstract states: 80
/proj/ssiw/users/x_domdr/projects/code/sketch-learner/learning/benchmarks/tractable/reward/training/easy/instance_3x2_8.pddl /proj/ssiw/users/x_domdr/projects/code/sketch-learner/learning/benchmarks/tractable/reward/training/easy/instance_3x2_8.pddl
2024-09-14 14:06:02,435 - Created InstanceData with num concrete states: 80 and num abstract states: 80
/proj/ssiw/users/x_domdr/projects/code/sketch-learner/learning/benchmarks/tractable/reward/training/easy/instance_3x2_21.pddl /proj/ssiw/users/x_domdr/projects/code/sketch-learner/learning/benchmarks/tractable/reward/training/easy/instance_3x2_21.pddl
2024-09-14 14:06:02,438 - Created InstanceData with num concrete states: 96 and num abstract states: 96
/proj/ssiw/users/x_domdr/projects/code/sketch-learner/learning/benchmarks/tractable/reward/training/easy/instance_3x3_11.pddl /proj/ssiw/users/x_domdr/projects/code/sketch-learner/learning/benchmarks/tractable/reward/training/easy/instance_3x3_11.pddl
2024-09-14 14:06:02,442 - Created InstanceData with num concrete states: 192 and num abstract states: 104
/proj/ssiw/users/x_domdr/projects/code/sketch-learner/learning/benchmarks/tractable/reward/training/easy/instance_3x3_13.pddl /proj/ssiw/users/x_domdr/projects/code/sketch-learner/learning/benchmarks/tractable/reward/training/easy/instance_3x3_13.pddl
2024-09-14 14:06:02,445 - Created InstanceData with num concrete states: 112 and num abstract states: 112
/proj/ssiw/users/x_domdr/projects/code/sketch-learner/learning/benchmarks/tractable/reward/training/easy/instance_3x3_19.pddl /proj/ssiw/users/x_domdr/projects/code/sketch-learner/learning/benchmarks/tractable/reward/training/easy/instance_3x3_19.pddl
2024-09-14 14:06:02,449 - Created InstanceData with num concrete states: 128 and num abstract states: 128
/proj/ssiw/users/x_domdr/projects/code/sketch-learner/learning/benchmarks/tractable/reward/training/easy/instance_3x3_23.pddl /proj/ssiw/users/x_domdr/projects/code/sketch-learner/learning/benchmarks/tractable/reward/training/easy/instance_3x3_23.pddl
2024-09-14 14:06:02,452 - Created InstanceData with num concrete states: 128 and num abstract states: 128
/proj/ssiw/users/x_domdr/projects/code/sketch-learner/learning/benchmarks/tractable/reward/training/easy/instance_3x3_28.pddl /proj/ssiw/users/x_domdr/projects/code/sketch-learner/learning/benchmarks/tractable/reward/training/easy/instance_3x3_28.pddl
2024-09-14 14:06:02,455 - Created InstanceData with num concrete states: 128 and num abstract states: 128
/proj/ssiw/users/x_domdr/projects/code/sketch-learner/learning/benchmarks/tractable/reward/training/easy/instance_3x3_8.pddl /proj/ssiw/users/x_domdr/projects/code/sketch-learner/learning/benchmarks/tractable/reward/training/easy/instance_3x3_8.pddl
2024-09-14 14:06:02,459 - Created InstanceData with num concrete states: 144 and num abstract states: 144
/proj/ssiw/users/x_domdr/projects/code/sketch-learner/learning/benchmarks/tractable/reward/training/easy/instance_3x3_10.pddl /proj/ssiw/users/x_domdr/projects/code/sketch-learner/learning/benchmarks/tractable/reward/training/easy/instance_3x3_10.pddl
2024-09-14 14:06:02,463 - Created InstanceData with num concrete states: 144 and num abstract states: 144
/proj/ssiw/users/x_domdr/projects/code/sketch-learner/learning/benchmarks/tractable/reward/training/easy/instance_3x2_5.pddl /proj/ssiw/users/x_domdr/projects/code/sketch-learner/learning/benchmarks/tractable/reward/training/easy/instance_3x2_5.pddl
2024-09-14 14:06:02,467 - Created InstanceData with num concrete states: 192 and num abstract states: 192
/proj/ssiw/users/x_domdr/projects/code/sketch-learner/learning/benchmarks/tractable/reward/training/easy/instance_3x3_3.pddl /proj/ssiw/users/x_domdr/projects/code/sketch-learner/learning/benchmarks/tractable/reward/training/easy/instance_3x3_3.pddl
2024-09-14 14:06:02,473 - Created InstanceData with num concrete states: 288 and num abstract states: 288
/proj/ssiw/users/x_domdr/projects/code/sketch-learner/learning/benchmarks/tractable/reward/training/easy/instance_3x3_22.pddl /proj/ssiw/users/x_domdr/projects/code/sketch-learner/learning/benchmarks/tractable/reward/training/easy/instance_3x3_22.pddl
2024-09-14 14:06:02,483 - Created InstanceData with num concrete states: 512 and num abstract states: 512
/proj/ssiw/users/x_domdr/projects/code/sketch-learner/learning/benchmarks/tractable/reward/training/easy/instance_3x3_20.pddl /proj/ssiw/users/x_domdr/projects/code/sketch-learner/learning/benchmarks/tractable/reward/training/easy/instance_3x3_20.pddl
2024-09-14 14:06:02,493 - Created InstanceData with num concrete states: 512 and num abstract states: 512
/proj/ssiw/users/x_domdr/projects/code/sketch-learner/learning/benchmarks/tractable/reward/training/easy/instance_3x3_12.pddl /proj/ssiw/users/x_domdr/projects/code/sketch-learner/learning/benchmarks/tractable/reward/training/easy/instance_3x3_12.pddl
2024-09-14 14:06:02,511 - Created InstanceData with num concrete states: 1024 and num abstract states: 1024
/proj/ssiw/users/x_domdr/projects/code/sketch-learner/learning/benchmarks/tractable/reward/training/easy/instance_3x3_2.pddl /proj/ssiw/users/x_domdr/projects/code/sketch-learner/learning/benchmarks/tractable/reward/training/easy/instance_3x3_2.pddl
2024-09-14 14:06:02,532 - Created InstanceData with num concrete states: 1152 and num abstract states: 1152
/proj/ssiw/users/x_domdr/projects/code/sketch-learner/learning/benchmarks/tractable/reward/training/easy/instance_3x3_1.pddl /proj/ssiw/users/x_domdr/projects/code/sketch-learner/learning/benchmarks/tractable/reward/training/easy/instance_3x3_1.pddl
2024-09-14 14:06:02,574 - Created InstanceData with num concrete states: 2304 and num abstract states: 1200
2024-09-14 14:06:02,580 - ..done
2024-09-14 14:06:02,591 - Initializing TupleGraphs...
2024-09-14 14:06:02,704 - ..done
2024-09-14 14:06:02,705 - Iteration: 0
     id: 0 problem_filepath: /proj/ssiw/users/x_domdr/projects/code/sketch-learner/learning/benchmarks/tractable/reward/training/easy/instance_1x2_4.pddl num_states: 4 num_state_equivalences: 4
2024-09-14 14:06:02,708 - Initialize global faithful abstract states...
2024-09-14 14:06:02,708 - ..done
2024-09-14 14:06:02,708 - Initializing DomainFeatureData...
[t=1.60649s, 2504796 KB] Started generating base features of complexity 1.
[t=1.60678s, 2504796 KB] Complexity 1:
    b_nullary: 0
    c_one_of: 0
    c_top: 1
    c_bot: 1
    c_primitive: 4
    r_primitive: 2
    c_and: 0
    c_not: 0
    c_equal: 0
    c_some: 0
    c_all: 0
    r_restrict: 0
    r_and: 0
    r_inverse: 0
    r_transitive_closure: 0
    b_empty: 0
    n_count: 0
    n_concept_distance: 0
[t=1.60712s, 2504796 KB] Finished generating base features.
[t=1.60716s, 2504796 KB] Started generating composite features. 
[t=1.60743s, 2504796 KB] Complexity 2:
Total concept elements: 10
Total role elements: 3
Total numerical elements: 5
Total boolean elements: 4
    b_nullary: 0
    c_one_of: 0
    c_top: 1
    c_bot: 1
    c_primitive: 4
    r_primitive: 2
    c_and: 0
    c_not: 4
    c_equal: 0
    c_some: 0
    c_all: 0
    r_restrict: 0
    r_and: 0
    r_inverse: 0
    r_transitive_closure: 1
    b_empty: 4
    n_count: 5
    n_concept_distance: 0
[t=1.60802s, 2504796 KB] Complexity 3:
Total concept elements: 15
Total role elements: 7
Total numerical elements: 8
Total boolean elements: 4
    b_nullary: 0
    c_one_of: 0
    c_top: 1
    c_bot: 1
    c_primitive: 4
    r_primitive: 2
    c_and: 3
    c_not: 4
    c_equal: 0
    c_some: 2
    c_all: 0
    r_restrict: 4
    r_and: 0
    r_inverse: 0
    r_transitive_closure: 1
    b_empty: 4
    n_count: 8
    n_concept_distance: 0
[t=1.60854s, 2504796 KB] Complexity 4:
Total concept elements: 28
Total role elements: 11
Total numerical elements: 20
Total boolean elements: 7
    b_nullary: 0
    c_one_of: 0
    c_top: 1
    c_bot: 1
    c_primitive: 4
    r_primitive: 2
    c_and: 9
    c_not: 9
    c_equal: 0
    c_some: 4
    c_all: 0
    r_restrict: 4
    r_and: 0
    r_inverse: 4
    r_transitive_closure: 1
    b_empty: 7
    n_count: 11
    n_concept_distance: 9
[t=1.6092s, 2504796 KB] Complexity 5:
Total concept elements: 45
Total role elements: 11
Total numerical elements: 38
Total boolean elements: 12
    b_nullary: 0
    c_one_of: 0
    c_top: 1
    c_bot: 1
    c_primitive: 4
    r_primitive: 2
    c_and: 14
    c_not: 15
    c_equal: 0
    c_some: 6
    c_all: 4
    r_restrict: 4
    r_and: 0
    r_inverse: 4
    r_transitive_closure: 1
    b_empty: 12
    n_count: 20
    n_concept_distance: 18
[t=1.61013s, 2504796 KB] Complexity 6:
Total concept elements: 63
Total role elements: 11
Total numerical elements: 49
Total boolean elements: 14
    b_nullary: 0
    c_one_of: 0
    c_top: 1
    c_bot: 1
    c_primitive: 4
    r_primitive: 2
    c_and: 20
    c_not: 22
    c_equal: 0
    c_some: 9
    c_all: 6
    r_restrict: 4
    r_and: 0
    r_inverse: 4
    r_transitive_closure: 1
    b_empty: 14
    n_count: 27
    n_concept_distance: 22
[t=1.61136s, 2504796 KB] Complexity 7:
Total concept elements: 82
Total role elements: 11
Total numerical elements: 66
Total boolean elements: 14
    b_nullary: 0
    c_one_of: 0
    c_top: 1
    c_bot: 1
    c_primitive: 4
    r_primitive: 2
    c_and: 28
    c_not: 29
    c_equal: 0
    c_some: 11
    c_all: 8
    r_restrict: 4
    r_and: 0
    r_inverse: 4
    r_transitive_closure: 1
    b_empty: 14
    n_count: 32
    n_concept_distance: 34
[t=1.61292s, 2504796 KB] Complexity 8:
Total concept elements: 102
Total role elements: 11
Total numerical elements: 77
Total boolean elements: 14
    b_nullary: 0
    c_one_of: 0
    c_top: 1
    c_bot: 1
    c_primitive: 4
    r_primitive: 2
    c_and: 42
    c_not: 33
    c_equal: 0
    c_some: 11
    c_all: 10
    r_restrict: 4
    r_and: 0
    r_inverse: 4
    r_transitive_closure: 1
    b_empty: 14
    n_count: 37
    n_concept_distance: 40
[t=1.615s, 2504796 KB] Complexity 9:
Total concept elements: 134
Total role elements: 11
Total numerical elements: 85
Total boolean elements: 14
    b_nullary: 0
    c_one_of: 0
    c_top: 1
    c_bot: 1
    c_primitive: 4
    r_primitive: 2
    c_and: 66
    c_not: 41
    c_equal: 0
    c_some: 11
    c_all: 10
    r_restrict: 4
    r_and: 0
    r_inverse: 4
    r_transitive_closure: 1
    b_empty: 14
    n_count: 45
    n_concept_distance: 40
[t=1.61534s, 2504796 KB] Finished generating composite features.
Features generated: 99
Features after relevant changes pruning (complete): 21
2024-09-14 14:06:02,742 - ..done
2024-09-14 14:06:02,742 - Constructing PerStateFeatureValuations...
2024-09-14 14:06:02,742 - ..done
2024-09-14 14:06:02,742 - Constructing StatePairEquivalenceDatas...
2024-09-14 14:06:02,744 - ..done
2024-09-14 14:06:02,744 - Constructing TupleGraphEquivalences...
Tuple graph equivalence construction statistics:
Num nodes: 9
2024-09-14 14:06:02,744 - ..done
2024-09-14 14:06:02,744 - Minimizing TupleGraphEquivalences...
Tuple graph equivalence minimization statistics:
Num orig nodes: 9
Num kept nodes: 9
2024-09-14 14:06:02,744 - ..done
Number of initial D2 facts: 6
Number of D2 facts: 6 of 81
2024-09-14 14:06:02,750 - Grounding Logic Program...
2024-09-14 14:06:02,755 - ..done
2024-09-14 14:06:02,755 - Solving Logic Program...
2024-09-14 14:06:02,758 - ..done
Clingo statistics:
{'call': 0.0, 'result': 1.0, 'signal': 0.0, 'exhausted': 1.0, 'costs': [0.0], 'lower': [0.0], 'concurrency': 32.0, 'winner': 24.0, 'times': {'total': 0.012753009796142578, 'cpu': 0.019321000000000144, 'solve': 0.0022759437561035156, 'unsat': 0.0004999637603759766, 'sat': 0.001775979995727539}, 'models': {'enumerated': 1.0, 'optimal': 1.0}}
Solution cost: [0.0]
Total time: 0.012753009796142578
CPU time: 0.019321000000000144
Solve time: 0.0022759437561035156
2024-09-14 14:06:02,761 - Learned the following sketch:
(:policy
(:booleans )
(:numericals )
(:rule (:conditions ) (:effects ))
)
Numer of sketch rules: 1
Number of selected features: 0
Maximum complexity of selected feature: 0
Sketch solves: /proj/ssiw/users/x_domdr/projects/code/sketch-learner/learning/benchmarks/tractable/reward/training/easy/instance_1x2_4.pddl
Sketch cycles
Instance: 0
1
1
Number of unsatisfied D2 facts: 14
Number of D2 facts: 20 of 81
2024-09-14 14:06:02,775 - Grounding Logic Program...
2024-09-14 14:06:02,780 - ..done
2024-09-14 14:06:02,780 - Solving Logic Program...
2024-09-14 14:06:02,782 - ..done
Clingo statistics:
{'call': 0.0, 'result': 1.0, 'signal': 0.0, 'exhausted': 1.0, 'costs': [6.0], 'lower': [6.0], 'concurrency': 32.0, 'winner': 0.0, 'times': {'total': 0.020344018936157227, 'cpu': 0.027569999999999872, 'solve': 0.0018169879913330078, 'unsat': 0.0004749298095703125, 'sat': 0.0011708736419677734}, 'models': {'enumerated': 3.0, 'optimal': 1.0}}
Solution cost: [6.0]
Total time: 0.020344018936157227
CPU time: 0.027569999999999872
Solve time: 0.0018169879913330078
2024-09-14 14:06:02,785 - Learned the following sketch:
(:policy
(:booleans )
(:numericals (f12 "n_concept_distance(c_not(c_primitive(at,0)),r_primitive(adjacent,0,1),c_primitive(reward,0))"))
(:rule (:conditions (:c_n_gt f12)) (:effects (:e_n_inc f12)))
(:rule (:conditions (:c_n_eq f12)) (:effects (:e_n_inc f12)))
)
Numer of sketch rules: 2
Number of selected features: 1
Maximum complexity of selected feature: 5
Sketch solves: /proj/ssiw/users/x_domdr/projects/code/sketch-learner/learning/benchmarks/tractable/reward/training/easy/instance_1x2_4.pddl
2024-09-14 14:06:02,785 - Verifying learned sketch...
Sketch solves: /proj/ssiw/users/x_domdr/projects/code/sketch-learner/learning/benchmarks/tractable/reward/training/easy/instance_1x2_4.pddl
Sketch solves: /proj/ssiw/users/x_domdr/projects/code/sketch-learner/learning/benchmarks/tractable/reward/training/easy/instance_1x2_4.pddl
Sketch solves: /proj/ssiw/users/x_domdr/projects/code/sketch-learner/learning/benchmarks/tractable/reward/training/easy/instance_1x3_4.pddl
Sketch solves: /proj/ssiw/users/x_domdr/projects/code/sketch-learner/learning/benchmarks/tractable/reward/training/easy/instance_3x1_18.pddl
Sketch solves: /proj/ssiw/users/x_domdr/projects/code/sketch-learner/learning/benchmarks/tractable/reward/training/easy/instance_2x2_27.pddl
Sketch solves: /proj/ssiw/users/x_domdr/projects/code/sketch-learner/learning/benchmarks/tractable/reward/training/easy/instance_3x3_0.pddl
Sketch solves: /proj/ssiw/users/x_domdr/projects/code/sketch-learner/learning/benchmarks/tractable/reward/training/easy/instance_2x3_23.pddl
Sketch solves: /proj/ssiw/users/x_domdr/projects/code/sketch-learner/learning/benchmarks/tractable/reward/training/easy/instance_2x2_13.pddl
Sketch solves: /proj/ssiw/users/x_domdr/projects/code/sketch-learner/learning/benchmarks/tractable/reward/training/easy/instance_3x2_6.pddl
Sketch fails to bound width of a state
/proj/ssiw/users/x_domdr/projects/code/sketch-learner/learning/benchmarks/tractable/reward/training/easy/instance_3x1_27.pddl
Instance: 8
Source_state: 32
Dlplan state: (instance index=8, state index=0, atoms={at(c_0_0), reward(c_2_0)})
2024-09-14 14:06:02,789 - ..done
Smallest unsolved instance: 8
Selected instances: [8]
2024-09-14 14:06:02,789 - Iteration: 1
     id: 8 problem_filepath: /proj/ssiw/users/x_domdr/projects/code/sketch-learner/learning/benchmarks/tractable/reward/training/easy/instance_3x1_27.pddl num_states: 6 num_state_equivalences: 6
2024-09-14 14:06:02,792 - Initialize global faithful abstract states...
2024-09-14 14:06:02,792 - ..done
2024-09-14 14:06:02,792 - Initializing DomainFeatureData...
[t=1.69053s, 2504796 KB] Started generating base features of complexity 1.
[t=1.69068s, 2504796 KB] Complexity 1:
    b_nullary: 0
    c_one_of: 0
    c_top: 1
    c_bot: 1
    c_primitive: 4
    r_primitive: 2
    c_and: 0
    c_not: 0
    c_equal: 0
    c_some: 0
    c_all: 0
    r_restrict: 0
    r_and: 0
    r_inverse: 0
    r_transitive_closure: 0
    b_empty: 0
    n_count: 0
    n_concept_distance: 0
[t=1.69102s, 2504796 KB] Finished generating base features.
[t=1.69106s, 2504796 KB] Started generating composite features. 
[t=1.69118s, 2504796 KB] Complexity 2:
Total concept elements: 10
Total role elements: 3
Total numerical elements: 6
Total boolean elements: 4
    b_nullary: 0
    c_one_of: 0
    c_top: 1
    c_bot: 1
    c_primitive: 4
    r_primitive: 2
    c_and: 0
    c_not: 4
    c_equal: 0
    c_some: 0
    c_all: 0
    r_restrict: 0
    r_and: 0
    r_inverse: 0
    r_transitive_closure: 1
    b_empty: 4
    n_count: 6
    n_concept_distance: 0
[t=1.69175s, 2504796 KB] Complexity 3:
Total concept elements: 18
Total role elements: 7
Total numerical elements: 10
Total boolean elements: 4
    b_nullary: 0
    c_one_of: 0
    c_top: 1
    c_bot: 1
    c_primitive: 4
    r_primitive: 2
    c_and: 3
    c_not: 4
    c_equal: 0
    c_some: 4
    c_all: 1
    r_restrict: 4
    r_and: 0
    r_inverse: 0
    r_transitive_closure: 1
    b_empty: 4
    n_count: 10
    n_concept_distance: 0
[t=1.69236s, 2504796 KB] Complexity 4:
Total concept elements: 34
Total role elements: 11
Total numerical elements: 24
Total boolean elements: 8
    b_nullary: 0
    c_one_of: 0
    c_top: 1
    c_bot: 1
    c_primitive: 4
    r_primitive: 2
    c_and: 9
    c_not: 12
    c_equal: 0
    c_some: 6
    c_all: 1
    r_restrict: 4
    r_and: 0
    r_inverse: 4
    r_transitive_closure: 1
    b_empty: 8
    n_count: 15
    n_concept_distance: 9
[t=1.69324s, 2504796 KB] Complexity 5:
Total concept elements: 60
Total role elements: 11
Total numerical elements: 39
Total boolean elements: 13
    b_nullary: 0
    c_one_of: 0
    c_top: 1
    c_bot: 1
    c_primitive: 4
    r_primitive: 2
    c_and: 18
    c_not: 18
    c_equal: 0
    c_some: 11
    c_all: 7
    r_restrict: 4
    r_and: 0
    r_inverse: 4
    r_transitive_closure: 1
    b_empty: 13
    n_count: 27
    n_concept_distance: 12
[t=1.69462s, 2504796 KB] Complexity 6:
Total concept elements: 106
Total role elements: 11
Total numerical elements: 69
Total boolean elements: 15
    b_nullary: 0
    c_one_of: 0
    c_top: 1
    c_bot: 1
    c_primitive: 4
    r_primitive: 2
    c_and: 37
    c_not: 38
    c_equal: 0
    c_some: 15
    c_all: 10
    r_restrict: 4
    r_and: 0
    r_inverse: 4
    r_transitive_closure: 1
    b_empty: 15
    n_count: 43
    n_concept_distance: 26
[t=1.6965s, 2504796 KB] Complexity 7:
Total concept elements: 178
Total role elements: 11
Total numerical elements: 109
Total boolean elements: 20
    b_nullary: 0
    c_one_of: 0
    c_top: 1
    c_bot: 1
    c_primitive: 4
    r_primitive: 2
    c_and: 67
    c_not: 58
    c_equal: 0
    c_some: 30
    c_all: 17
    r_restrict: 4
    r_and: 0
    r_inverse: 4
    r_transitive_closure: 1
    b_empty: 20
    n_count: 69
    n_concept_distance: 40
[t=1.69975s, 2504796 KB] Complexity 8:
Total concept elements: 276
Total role elements: 11
Total numerical elements: 165
Total boolean elements: 22
    b_nullary: 0
    c_one_of: 0
    c_top: 1
    c_bot: 1
    c_primitive: 4
    r_primitive: 2
    c_and: 107
    c_not: 106
    c_equal: 0
    c_some: 34
    c_all: 23
    r_restrict: 4
    r_and: 0
    r_inverse: 4
    r_transitive_closure: 1
    b_empty: 22
    n_count: 111
    n_concept_distance: 54
[t=1.7051s, 2504796 KB] Complexity 9:
Total concept elements: 440
Total role elements: 11
Total numerical elements: 247
Total boolean elements: 26
    b_nullary: 0
    c_one_of: 0
    c_top: 1
    c_bot: 1
    c_primitive: 4
    r_primitive: 2
    c_and: 219
    c_not: 140
    c_equal: 0
    c_some: 42
    c_all: 33
    r_restrict: 4
    r_and: 0
    r_inverse: 4
    r_transitive_closure: 1
    b_empty: 26
    n_count: 162
    n_concept_distance: 85
[t=1.70546s, 2504796 KB] Finished generating composite features.
Features generated: 273
Features after relevant changes pruning (complete): 60
2024-09-14 14:06:02,913 - ..done
2024-09-14 14:06:02,913 - Constructing PerStateFeatureValuations...
2024-09-14 14:06:02,913 - ..done
2024-09-14 14:06:02,913 - Constructing StatePairEquivalenceDatas...
2024-09-14 14:06:02,919 - ..done
2024-09-14 14:06:02,920 - Constructing TupleGraphEquivalences...
Tuple graph equivalence construction statistics:
Num nodes: 15
2024-09-14 14:06:02,920 - ..done
2024-09-14 14:06:02,920 - Minimizing TupleGraphEquivalences...
Tuple graph equivalence minimization statistics:
Num orig nodes: 15
Num kept nodes: 15
2024-09-14 14:06:02,921 - ..done
Number of initial D2 facts: 12
Number of D2 facts: 12 of 225
2024-09-14 14:06:02,936 - Grounding Logic Program...
2024-09-14 14:06:02,948 - ..done
2024-09-14 14:06:02,948 - Solving Logic Program...
2024-09-14 14:06:02,951 - ..done
Clingo statistics:
{'call': 0.0, 'result': 1.0, 'signal': 0.0, 'exhausted': 1.0, 'costs': [5.0], 'lower': [5.0], 'concurrency': 32.0, 'winner': 24.0, 'times': {'total': 0.030492067337036133, 'cpu': 0.038656000000000024, 'solve': 0.0022521018981933594, 'unsat': 0.0005450248718261719, 'sat': 0.001605987548828125}, 'models': {'enumerated': 2.0, 'optimal': 1.0}}
Solution cost: [5.0]
Total time: 0.030492067337036133
CPU time: 0.038656000000000024
Solve time: 0.0022521018981933594
2024-09-14 14:06:02,960 - Learned the following sketch:
(:policy
(:booleans )
(:numericals (f12 "n_concept_distance(c_primitive(at,0),r_primitive(adjacent_g,0,1),c_primitive(reward,0))"))
(:rule (:conditions (:c_n_gt f12)) (:effects (:e_n_bot f12)))
(:rule (:conditions (:c_n_eq f12)) (:effects (:e_n_inc f12)))
(:rule (:conditions (:c_n_gt f12)) (:effects (:e_n_dec f12)))
)
Numer of sketch rules: 3
Number of selected features: 1
Maximum complexity of selected feature: 4
Sketch solves: /proj/ssiw/users/x_domdr/projects/code/sketch-learner/learning/benchmarks/tractable/reward/training/easy/instance_3x1_27.pddl
Sketch cycles
Instance: 8
33
34
33
Number of unsatisfied D2 facts: 11
Number of D2 facts: 23 of 225
2024-09-14 14:06:03,004 - Grounding Logic Program...
2024-09-14 14:06:03,017 - ..done
2024-09-14 14:06:03,017 - Solving Logic Program...
2024-09-14 14:06:03,021 - ..done
Clingo statistics:
{'call': 0.0, 'result': 1.0, 'signal': 0.0, 'exhausted': 1.0, 'costs': [5.0], 'lower': [5.0], 'concurrency': 32.0, 'winner': 8.0, 'times': {'total': 0.05939292907714844, 'cpu': 0.06874199999999986, 'solve': 0.002380847930908203, 'unsat': 0.0006959438323974609, 'sat': 0.0012278556823730469}, 'models': {'enumerated': 8.0, 'optimal': 1.0}}
Solution cost: [5.0]
Total time: 0.05939292907714844
CPU time: 0.06874199999999986
Solve time: 0.002380847930908203
2024-09-14 14:06:03,030 - Learned the following sketch:
(:policy
(:booleans )
(:numericals (f7 "n_concept_distance(c_primitive(picked_g,0),r_primitive(adjacent,0,1),c_primitive(at,0))"))
(:rule (:conditions (:c_n_gt f7)) (:effects (:e_n_dec f7)))
(:rule (:conditions (:c_n_eq f7)) (:effects (:e_n_bot f7)))
)
Numer of sketch rules: 2
Number of selected features: 1
Maximum complexity of selected feature: 4
Sketch solves: /proj/ssiw/users/x_domdr/projects/code/sketch-learner/learning/benchmarks/tractable/reward/training/easy/instance_3x1_27.pddl
Sketch cycles
Instance: 8
34
34
Number of unsatisfied D2 facts: 2
Number of D2 facts: 25 of 225
2024-09-14 14:06:03,073 - Grounding Logic Program...
2024-09-14 14:06:03,086 - ..done
2024-09-14 14:06:03,086 - Solving Logic Program...
2024-09-14 14:06:03,089 - ..done
Clingo statistics:
{'call': 0.0, 'result': 1.0, 'signal': 0.0, 'exhausted': 1.0, 'costs': [8.0], 'lower': [8.0], 'concurrency': 32.0, 'winner': 14.0, 'times': {'total': 0.05867505073547363, 'cpu': 0.06844699999999992, 'solve': 0.0024480819702148438, 'unsat': 0.0004980564117431641, 'sat': 0.0017559528350830078}, 'models': {'enumerated': 4.0, 'optimal': 1.0}}
Solution cost: [8.0]
Total time: 0.05867505073547363
CPU time: 0.06844699999999992
Solve time: 0.0024480819702148438
2024-09-14 14:06:03,098 - Learned the following sketch:
(:policy
(:booleans )
(:numericals (f1 "n_count(c_primitive(picked,0))") (f7 "n_concept_distance(c_primitive(picked_g,0),r_primitive(adjacent,0,1),c_primitive(at,0))"))
(:rule (:conditions (:c_n_eq f1) (:c_n_gt f7)) (:effects (:e_n_bot f1) (:e_n_dec f7)))
(:rule (:conditions (:c_n_eq f1) (:c_n_eq f7)) (:effects (:e_n_inc f1) (:e_n_bot f7)))
)
Numer of sketch rules: 2
Number of selected features: 2
Maximum complexity of selected feature: 4
Sketch solves: /proj/ssiw/users/x_domdr/projects/code/sketch-learner/learning/benchmarks/tractable/reward/training/easy/instance_3x1_27.pddl
2024-09-14 14:06:03,099 - Verifying learned sketch...
Sketch solves: /proj/ssiw/users/x_domdr/projects/code/sketch-learner/learning/benchmarks/tractable/reward/training/easy/instance_3x1_27.pddl
Sketch solves: /proj/ssiw/users/x_domdr/projects/code/sketch-learner/learning/benchmarks/tractable/reward/training/easy/instance_1x2_4.pddl
Sketch solves: /proj/ssiw/users/x_domdr/projects/code/sketch-learner/learning/benchmarks/tractable/reward/training/easy/instance_1x3_4.pddl
Sketch solves: /proj/ssiw/users/x_domdr/projects/code/sketch-learner/learning/benchmarks/tractable/reward/training/easy/instance_3x1_18.pddl
Sketch solves: /proj/ssiw/users/x_domdr/projects/code/sketch-learner/learning/benchmarks/tractable/reward/training/easy/instance_2x2_27.pddl
Sketch solves: /proj/ssiw/users/x_domdr/projects/code/sketch-learner/learning/benchmarks/tractable/reward/training/easy/instance_3x3_0.pddl
Sketch solves: /proj/ssiw/users/x_domdr/projects/code/sketch-learner/learning/benchmarks/tractable/reward/training/easy/instance_2x3_23.pddl
Sketch solves: /proj/ssiw/users/x_domdr/projects/code/sketch-learner/learning/benchmarks/tractable/reward/training/easy/instance_2x2_13.pddl
Sketch solves: /proj/ssiw/users/x_domdr/projects/code/sketch-learner/learning/benchmarks/tractable/reward/training/easy/instance_3x2_6.pddl
Sketch solves: /proj/ssiw/users/x_domdr/projects/code/sketch-learner/learning/benchmarks/tractable/reward/training/easy/instance_3x1_27.pddl
Sketch solves: /proj/ssiw/users/x_domdr/projects/code/sketch-learner/learning/benchmarks/tractable/reward/training/easy/instance_3x3_29.pddl
Sketch solves: /proj/ssiw/users/x_domdr/projects/code/sketch-learner/learning/benchmarks/tractable/reward/training/easy/instance_2x2_28.pddl
Sketch solves: /proj/ssiw/users/x_domdr/projects/code/sketch-learner/learning/benchmarks/tractable/reward/training/easy/instance_2x2_9.pddl
Sketch solves: /proj/ssiw/users/x_domdr/projects/code/sketch-learner/learning/benchmarks/tractable/reward/training/easy/instance_2x3_0.pddl
Sketch solves: /proj/ssiw/users/x_domdr/projects/code/sketch-learner/learning/benchmarks/tractable/reward/training/easy/instance_2x3_17.pddl
Sketch solves: /proj/ssiw/users/x_domdr/projects/code/sketch-learner/learning/benchmarks/tractable/reward/training/easy/instance_2x3_3.pddl
Sketch fails to bound width of a state
/proj/ssiw/users/x_domdr/projects/code/sketch-learner/learning/benchmarks/tractable/reward/training/easy/instance_2x2_26.pddl
Instance: 15
Source_state: 78
Dlplan state: (instance index=15, state index=15, atoms={picked(c_1_0), reward(c_0_1), at(c_0_1)})
2024-09-14 14:06:03,105 - ..done
Smallest unsolved instance: 15
Selected instances: [15]
2024-09-14 14:06:03,105 - Iteration: 2
     id: 15 problem_filepath: /proj/ssiw/users/x_domdr/projects/code/sketch-learner/learning/benchmarks/tractable/reward/training/easy/instance_2x2_26.pddl num_states: 16 num_state_equivalences: 7
2024-09-14 14:06:03,108 - Initialize global faithful abstract states...
2024-09-14 14:06:03,108 - ..done
2024-09-14 14:06:03,108 - Initializing DomainFeatureData...
[t=2.00675s, 2504796 KB] Started generating base features of complexity 1.
[t=2.00689s, 2504796 KB] Complexity 1:
    b_nullary: 0
    c_one_of: 0
    c_top: 1
    c_bot: 1
    c_primitive: 4
    r_primitive: 2
    c_and: 0
    c_not: 0
    c_equal: 0
    c_some: 0
    c_all: 0
    r_restrict: 0
    r_and: 0
    r_inverse: 0
    r_transitive_closure: 0
    b_empty: 0
    n_count: 0
    n_concept_distance: 0
[t=2.00725s, 2504796 KB] Finished generating base features.
[t=2.0073s, 2504796 KB] Started generating composite features. 
[t=2.00743s, 2504796 KB] Complexity 2:
Total concept elements: 10
Total role elements: 3
Total numerical elements: 7
Total boolean elements: 4
    b_nullary: 0
    c_one_of: 0
    c_top: 1
    c_bot: 1
    c_primitive: 4
    r_primitive: 2
    c_and: 0
    c_not: 4
    c_equal: 0
    c_some: 0
    c_all: 0
    r_restrict: 0
    r_and: 0
    r_inverse: 0
    r_transitive_closure: 1
    b_empty: 4
    n_count: 7
    n_concept_distance: 0
[t=2.00805s, 2504796 KB] Complexity 3:
Total concept elements: 18
Total role elements: 7
Total numerical elements: 11
Total boolean elements: 4
    b_nullary: 0
    c_one_of: 0
    c_top: 1
    c_bot: 1
    c_primitive: 4
    r_primitive: 2
    c_and: 3
    c_not: 4
    c_equal: 0
    c_some: 3
    c_all: 2
    r_restrict: 4
    r_and: 0
    r_inverse: 0
    r_transitive_closure: 1
    b_empty: 4
    n_count: 11
    n_concept_distance: 0
[t=2.00871s, 2504796 KB] Complexity 4:
Total concept elements: 34
Total role elements: 11
Total numerical elements: 27
Total boolean elements: 9
    b_nullary: 0
    c_one_of: 0
    c_top: 1
    c_bot: 1
    c_primitive: 4
    r_primitive: 2
    c_and: 9
    c_not: 12
    c_equal: 0
    c_some: 5
    c_all: 2
    r_restrict: 4
    r_and: 0
    r_inverse: 4
    r_transitive_closure: 1
    b_empty: 9
    n_count: 20
    n_concept_distance: 7
[t=2.00958s, 2504796 KB] Complexity 5:
Total concept elements: 64
Total role elements: 11
Total numerical elements: 44
Total boolean elements: 14
    b_nullary: 0
    c_one_of: 0
    c_top: 1
    c_bot: 1
    c_primitive: 4
    r_primitive: 2
    c_and: 19
    c_not: 20
    c_equal: 0
    c_some: 12
    c_all: 7
    r_restrict: 4
    r_and: 0
    r_inverse: 4
    r_transitive_closure: 1
    b_empty: 14
    n_count: 34
    n_concept_distance: 10
[t=2.01091s, 2504796 KB] Complexity 6:
Total concept elements: 111
Total role elements: 11
Total numerical elements: 82
Total boolean elements: 18
    b_nullary: 0
    c_one_of: 0
    c_top: 1
    c_bot: 1
    c_primitive: 4
    r_primitive: 2
    c_and: 38
    c_not: 40
    c_equal: 0
    c_some: 15
    c_all: 12
    r_restrict: 4
    r_and: 0
    r_inverse: 4
    r_transitive_closure: 1
    b_empty: 18
    n_count: 60
    n_concept_distance: 22
[t=2.01293s, 2504796 KB] Complexity 7:
Total concept elements: 192
Total role elements: 11
Total numerical elements: 133
Total boolean elements: 25
    b_nullary: 0
    c_one_of: 0
    c_top: 1
    c_bot: 1
    c_primitive: 4
    r_primitive: 2
    c_and: 72
    c_not: 63
    c_equal: 0
    c_some: 31
    c_all: 20
    r_restrict: 4
    r_and: 0
    r_inverse: 4
    r_transitive_closure: 1
    b_empty: 25
    n_count: 100
    n_concept_distance: 33
[t=2.01619s, 2504796 KB] Complexity 8:
Total concept elements: 295
Total role elements: 11
Total numerical elements: 213
Total boolean elements: 29
    b_nullary: 0
    c_one_of: 0
    c_top: 1
    c_bot: 1
    c_primitive: 4
    r_primitive: 2
    c_and: 117
    c_not: 103
    c_equal: 0
    c_some: 37
    c_all: 32
    r_restrict: 4
    r_and: 0
    r_inverse: 4
    r_transitive_closure: 1
    b_empty: 29
    n_count: 165
    n_concept_distance: 48
[t=2.02178s, 2504796 KB] Complexity 9:
Total concept elements: 505
Total role elements: 11
Total numerical elements: 305
Total boolean elements: 35
    b_nullary: 0
    c_one_of: 0
    c_top: 1
    c_bot: 1
    c_primitive: 4
    r_primitive: 2
    c_and: 261
    c_not: 150
    c_equal: 0
    c_some: 48
    c_all: 40
    r_restrict: 4
    r_and: 0
    r_inverse: 4
    r_transitive_closure: 1
    b_empty: 35
    n_count: 233
    n_concept_distance: 72
[t=2.02213s, 2504796 KB] Finished generating composite features.
Features generated: 340
Features after relevant changes pruning (complete): 71
2024-09-14 14:06:03,303 - ..done
2024-09-14 14:06:03,304 - Constructing PerStateFeatureValuations...
2024-09-14 14:06:03,304 - ..done
2024-09-14 14:06:03,304 - Constructing StatePairEquivalenceDatas...
2024-09-14 14:06:03,315 - ..done
2024-09-14 14:06:03,315 - Constructing TupleGraphEquivalences...
Tuple graph equivalence construction statistics:
Num nodes: 23
2024-09-14 14:06:03,316 - ..done
2024-09-14 14:06:03,316 - Minimizing TupleGraphEquivalences...
Tuple graph equivalence minimization statistics:
Num orig nodes: 23
Num kept nodes: 17
2024-09-14 14:06:03,317 - ..done
Number of initial D2 facts: 13
Number of D2 facts: 13 of 289
2024-09-14 14:06:03,335 - Grounding Logic Program...
2024-09-14 14:06:03,351 - ..done
2024-09-14 14:06:03,351 - Solving Logic Program...
2024-09-14 14:06:03,353 - ..done
Clingo statistics:
{'call': 0.0, 'result': 1.0, 'signal': 0.0, 'exhausted': 1.0, 'costs': [3.0], 'lower': [3.0], 'concurrency': 32.0, 'winner': 0.0, 'times': {'total': 0.03637290000915527, 'cpu': 0.04362099999999991, 'solve': 0.00177001953125, 'unsat': 0.0003979206085205078, 'sat': 0.0012729167938232422}, 'models': {'enumerated': 3.0, 'optimal': 1.0}}
Solution cost: [3.0]
Total time: 0.03637290000915527
CPU time: 0.04362099999999991
Solve time: 0.00177001953125
2024-09-14 14:06:03,363 - Learned the following sketch:
(:policy
(:booleans )
(:numericals (f2 "n_count(c_primitive(reward,0))"))
(:rule (:conditions (:c_n_gt f2)) (:effects (:e_n_dec f2)))
(:rule (:conditions (:c_n_gt f2)) (:effects (:e_n_bot f2)))
)
Numer of sketch rules: 2
Number of selected features: 1
Maximum complexity of selected feature: 2
Sketch solves: /proj/ssiw/users/x_domdr/projects/code/sketch-learner/learning/benchmarks/tractable/reward/training/easy/instance_2x2_26.pddl
Sketch cycles
Instance: 15
78
78
Number of unsatisfied D2 facts: 24
Number of D2 facts: 37 of 289
2024-09-14 14:06:03,424 - Grounding Logic Program...
2024-09-14 14:06:03,443 - ..done
2024-09-14 14:06:03,443 - Solving Logic Program...
2024-09-14 14:06:03,447 - ..done
Clingo statistics:
{'call': 0.0, 'result': 1.0, 'signal': 0.0, 'exhausted': 1.0, 'costs': [8.0], 'lower': [8.0], 'concurrency': 32.0, 'winner': 21.0, 'times': {'total': 0.08297395706176758, 'cpu': 0.09539600000000004, 'solve': 0.0025730133056640625, 'unsat': 0.0004520416259765625, 'sat': 0.001672983169555664}, 'models': {'enumerated': 7.0, 'optimal': 1.0}}
Solution cost: [8.0]
Total time: 0.08297395706176758
CPU time: 0.09539600000000004
Solve time: 0.0025730133056640625
2024-09-14 14:06:03,459 - Learned the following sketch:
(:policy
(:booleans )
(:numericals (f1 "n_count(c_primitive(picked,0))") (f12 "n_concept_distance(c_primitive(at,0),r_primitive(adjacent,0,1),c_primitive(reward,0))"))
(:rule (:conditions (:c_n_eq f1) (:c_n_eq f12)) (:effects (:e_n_inc f1) (:e_n_inc f12)))
(:rule (:conditions (:c_n_gt f1) (:c_n_gt f12)) (:effects (:e_n_bot f1) (:e_n_dec f12)))
(:rule (:conditions (:c_n_eq f1) (:c_n_gt f12)) (:effects (:e_n_bot f1) (:e_n_dec f12)))
(:rule (:conditions (:c_n_gt f1) (:c_n_eq f12)) (:effects (:e_n_inc f1) (:e_n_inc f12)))
)
Numer of sketch rules: 4
Number of selected features: 2
Maximum complexity of selected feature: 4
Sketch solves: /proj/ssiw/users/x_domdr/projects/code/sketch-learner/learning/benchmarks/tractable/reward/training/easy/instance_2x2_26.pddl
2024-09-14 14:06:03,460 - Verifying learned sketch...
Sketch solves: /proj/ssiw/users/x_domdr/projects/code/sketch-learner/learning/benchmarks/tractable/reward/training/easy/instance_2x2_26.pddl
Sketch solves: /proj/ssiw/users/x_domdr/projects/code/sketch-learner/learning/benchmarks/tractable/reward/training/easy/instance_1x2_4.pddl
Sketch solves: /proj/ssiw/users/x_domdr/projects/code/sketch-learner/learning/benchmarks/tractable/reward/training/easy/instance_1x3_4.pddl
Sketch solves: /proj/ssiw/users/x_domdr/projects/code/sketch-learner/learning/benchmarks/tractable/reward/training/easy/instance_3x1_18.pddl
Sketch solves: /proj/ssiw/users/x_domdr/projects/code/sketch-learner/learning/benchmarks/tractable/reward/training/easy/instance_2x2_27.pddl
Sketch solves: /proj/ssiw/users/x_domdr/projects/code/sketch-learner/learning/benchmarks/tractable/reward/training/easy/instance_3x3_0.pddl
Sketch solves: /proj/ssiw/users/x_domdr/projects/code/sketch-learner/learning/benchmarks/tractable/reward/training/easy/instance_2x3_23.pddl
Sketch solves: /proj/ssiw/users/x_domdr/projects/code/sketch-learner/learning/benchmarks/tractable/reward/training/easy/instance_2x2_13.pddl
Sketch solves: /proj/ssiw/users/x_domdr/projects/code/sketch-learner/learning/benchmarks/tractable/reward/training/easy/instance_3x2_6.pddl
Sketch solves: /proj/ssiw/users/x_domdr/projects/code/sketch-learner/learning/benchmarks/tractable/reward/training/easy/instance_3x1_27.pddl
Sketch solves: /proj/ssiw/users/x_domdr/projects/code/sketch-learner/learning/benchmarks/tractable/reward/training/easy/instance_3x3_29.pddl
Sketch solves: /proj/ssiw/users/x_domdr/projects/code/sketch-learner/learning/benchmarks/tractable/reward/training/easy/instance_2x2_28.pddl
Sketch solves: /proj/ssiw/users/x_domdr/projects/code/sketch-learner/learning/benchmarks/tractable/reward/training/easy/instance_2x2_9.pddl
Sketch solves: /proj/ssiw/users/x_domdr/projects/code/sketch-learner/learning/benchmarks/tractable/reward/training/easy/instance_2x3_0.pddl
Sketch solves: /proj/ssiw/users/x_domdr/projects/code/sketch-learner/learning/benchmarks/tractable/reward/training/easy/instance_2x3_17.pddl
Sketch solves: /proj/ssiw/users/x_domdr/projects/code/sketch-learner/learning/benchmarks/tractable/reward/training/easy/instance_2x3_3.pddl
Sketch solves: /proj/ssiw/users/x_domdr/projects/code/sketch-learner/learning/benchmarks/tractable/reward/training/easy/instance_2x2_26.pddl
Sketch solves: /proj/ssiw/users/x_domdr/projects/code/sketch-learner/learning/benchmarks/tractable/reward/training/easy/instance_2x2_29.pddl
Sketch solves: /proj/ssiw/users/x_domdr/projects/code/sketch-learner/learning/benchmarks/tractable/reward/training/easy/instance_2x3_8.pddl
Sketch solves: /proj/ssiw/users/x_domdr/projects/code/sketch-learner/learning/benchmarks/tractable/reward/training/easy/instance_2x2_21.pddl
Sketch solves: /proj/ssiw/users/x_domdr/projects/code/sketch-learner/learning/benchmarks/tractable/reward/training/easy/instance_2x3_15.pddl
Sketch solves: /proj/ssiw/users/x_domdr/projects/code/sketch-learner/learning/benchmarks/tractable/reward/training/easy/instance_2x3_18.pddl
Sketch solves: /proj/ssiw/users/x_domdr/projects/code/sketch-learner/learning/benchmarks/tractable/reward/training/easy/instance_3x2_23.pddl
Sketch solves: /proj/ssiw/users/x_domdr/projects/code/sketch-learner/learning/benchmarks/tractable/reward/training/easy/instance_3x2_22.pddl
Sketch solves: /proj/ssiw/users/x_domdr/projects/code/sketch-learner/learning/benchmarks/tractable/reward/training/easy/instance_3x3_6.pddl
Sketch solves: /proj/ssiw/users/x_domdr/projects/code/sketch-learner/learning/benchmarks/tractable/reward/training/easy/instance_1x3_8.pddl
Sketch solves: /proj/ssiw/users/x_domdr/projects/code/sketch-learner/learning/benchmarks/tractable/reward/training/easy/instance_3x2_9.pddl
Sketch solves: /proj/ssiw/users/x_domdr/projects/code/sketch-learner/learning/benchmarks/tractable/reward/training/easy/instance_2x3_5.pddl
Sketch solves: /proj/ssiw/users/x_domdr/projects/code/sketch-learner/learning/benchmarks/tractable/reward/training/easy/instance_2x2_5.pddl
Sketch solves: /proj/ssiw/users/x_domdr/projects/code/sketch-learner/learning/benchmarks/tractable/reward/training/easy/instance_2x3_11.pddl
Sketch solves: /proj/ssiw/users/x_domdr/projects/code/sketch-learner/learning/benchmarks/tractable/reward/training/easy/instance_3x3_16.pddl
Sketch solves: /proj/ssiw/users/x_domdr/projects/code/sketch-learner/learning/benchmarks/tractable/reward/training/easy/instance_3x2_0.pddl
Sketch fails to bound width of a state
/proj/ssiw/users/x_domdr/projects/code/sketch-learner/learning/benchmarks/tractable/reward/training/easy/instance_3x3_26.pddl
Instance: 31
Source_state: 234
Dlplan state: (instance index=31, state index=0, atoms={at(c_0_0), reward(c_0_2)})
2024-09-14 14:06:03,478 - ..done
Smallest unsolved instance: 31
Selected instances: [31]
2024-09-14 14:06:03,478 - Iteration: 3
     id: 31 problem_filepath: /proj/ssiw/users/x_domdr/projects/code/sketch-learner/learning/benchmarks/tractable/reward/training/easy/instance_3x3_26.pddl num_states: 16 num_state_equivalences: 16
2024-09-14 14:06:03,481 - Initialize global faithful abstract states...
2024-09-14 14:06:03,481 - ..done
2024-09-14 14:06:03,481 - Initializing DomainFeatureData...
[t=2.37909s, 2504796 KB] Started generating base features of complexity 1.
[t=2.37924s, 2504796 KB] Complexity 1:
    b_nullary: 0
    c_one_of: 0
    c_top: 1
    c_bot: 1
    c_primitive: 5
    r_primitive: 2
    c_and: 0
    c_not: 0
    c_equal: 0
    c_some: 0
    c_all: 0
    r_restrict: 0
    r_and: 0
    r_inverse: 0
    r_transitive_closure: 0
    b_empty: 0
    n_count: 0
    n_concept_distance: 0
[t=2.37955s, 2504796 KB] Finished generating base features.
[t=2.37959s, 2504796 KB] Started generating composite features. 
[t=2.37992s, 2504796 KB] Complexity 2:
Total concept elements: 12
Total role elements: 3
Total numerical elements: 7
Total boolean elements: 4
    b_nullary: 0
    c_one_of: 0
    c_top: 1
    c_bot: 1
    c_primitive: 5
    r_primitive: 2
    c_and: 0
    c_not: 5
    c_equal: 0
    c_some: 0
    c_all: 0
    r_restrict: 0
    r_and: 0
    r_inverse: 0
    r_transitive_closure: 1
    b_empty: 4
    n_count: 7
    n_concept_distance: 0
[t=2.3807s, 2504796 KB] Complexity 3:
Total concept elements: 20
Total role elements: 8
Total numerical elements: 10
Total boolean elements: 4
    b_nullary: 0
    c_one_of: 0
    c_top: 1
    c_bot: 1
    c_primitive: 5
    r_primitive: 2
    c_and: 3
    c_not: 5
    c_equal: 0
    c_some: 4
    c_all: 1
    r_restrict: 5
    r_and: 0
    r_inverse: 0
    r_transitive_closure: 1
    b_empty: 4
    n_count: 10
    n_concept_distance: 0
[t=2.38163s, 2504796 KB] Complexity 4:
Total concept elements: 40
Total role elements: 13
Total numerical elements: 28
Total boolean elements: 7
    b_nullary: 0
    c_one_of: 0
    c_top: 1
    c_bot: 1
    c_primitive: 5
    r_primitive: 2
    c_and: 13
    c_not: 13
    c_equal: 0
    c_some: 6
    c_all: 1
    r_restrict: 5
    r_and: 0
    r_inverse: 5
    r_transitive_closure: 1
    b_empty: 7
    n_count: 19
    n_concept_distance: 9
[t=2.38323s, 2504796 KB] Complexity 5:
Total concept elements: 81
Total role elements: 13
Total numerical elements: 51
Total boolean elements: 12
    b_nullary: 0
    c_one_of: 0
    c_top: 1
    c_bot: 1
    c_primitive: 5
    r_primitive: 2
    c_and: 28
    c_not: 23
    c_equal: 0
    c_some: 13
    c_all: 10
    r_restrict: 5
    r_and: 0
    r_inverse: 5
    r_transitive_closure: 1
    b_empty: 12
    n_count: 36
    n_concept_distance: 15
[t=2.38621s, 2504796 KB] Complexity 6:
Total concept elements: 149
Total role elements: 13
Total numerical elements: 98
Total boolean elements: 17
    b_nullary: 0
    c_one_of: 0
    c_top: 1
    c_bot: 1
    c_primitive: 5
    r_primitive: 2
    c_and: 57
    c_not: 54
    c_equal: 0
    c_some: 16
    c_all: 15
    r_restrict: 5
    r_and: 0
    r_inverse: 5
    r_transitive_closure: 1
    b_empty: 17
    n_count: 67
    n_concept_distance: 31
[t=2.39143s, 2504796 KB] Complexity 7:
Total concept elements: 292
Total role elements: 13
Total numerical elements: 166
Total boolean elements: 23
    b_nullary: 0
    c_one_of: 0
    c_top: 1
    c_bot: 1
    c_primitive: 5
    r_primitive: 2
    c_and: 119
    c_not: 89
    c_equal: 0
    c_some: 39
    c_all: 38
    r_restrict: 5
    r_and: 0
    r_inverse: 5
    r_transitive_closure: 1
    b_empty: 23
    n_count: 114
    n_concept_distance: 52
[t=2.40093s, 2504796 KB] Complexity 8:
Total concept elements: 554
Total role elements: 13
Total numerical elements: 299
Total boolean elements: 34
    b_nullary: 0
    c_one_of: 0
    c_top: 1
    c_bot: 1
    c_primitive: 5
    r_primitive: 2
    c_and: 246
    c_not: 187
    c_equal: 0
    c_some: 52
    c_all: 62
    r_restrict: 5
    r_and: 0
    r_inverse: 5
    r_transitive_closure: 1
    b_empty: 34
    n_count: 220
    n_concept_distance: 79
[t=2.42003s, 2504796 KB] Complexity 9:
Total concept elements: 1089
Total role elements: 13
Total numerical elements: 553
Total boolean elements: 53
    b_nullary: 0
    c_one_of: 0
    c_top: 1
    c_bot: 1
    c_primitive: 5
    r_primitive: 2
    c_and: 519
    c_not: 323
    c_equal: 0
    c_some: 105
    c_all: 135
    r_restrict: 5
    r_and: 0
    r_inverse: 5
    r_transitive_closure: 1
    b_empty: 53
    n_count: 412
    n_concept_distance: 141
[t=2.42039s, 2504796 KB] Finished generating composite features.
Features generated: 606
Features after relevant changes pruning (complete): 203
2024-09-14 14:06:04,252 - ..done
2024-09-14 14:06:04,252 - Constructing PerStateFeatureValuations...
2024-09-14 14:06:04,254 - ..done
2024-09-14 14:06:04,254 - Constructing StatePairEquivalenceDatas...
2024-09-14 14:06:04,330 - ..done
2024-09-14 14:06:04,331 - Constructing TupleGraphEquivalences...
Tuple graph equivalence construction statistics:
Num nodes: 53
2024-09-14 14:06:04,332 - ..done
2024-09-14 14:06:04,333 - Minimizing TupleGraphEquivalences...
Tuple graph equivalence minimization statistics:
Num orig nodes: 53
Num kept nodes: 53
2024-09-14 14:06:04,333 - ..done
Number of initial D2 facts: 66
Number of D2 facts: 66 of 2601
2024-09-14 14:06:04,473 - Grounding Logic Program...
2024-09-14 14:06:04,599 - ..done
2024-09-14 14:06:04,599 - Solving Logic Program...
2024-09-14 14:06:04,610 - ..done
Clingo statistics:
{'call': 0.0, 'result': 1.0, 'signal': 0.0, 'exhausted': 1.0, 'costs': [5.0], 'lower': [5.0], 'concurrency': 32.0, 'winner': 0.0, 'times': {'total': 0.2758760452270508, 'cpu': 0.302505, 'solve': 0.004205942153930664, 'unsat': 0.0007159709930419922, 'sat': 0.0023620128631591797}, 'models': {'enumerated': 18.0, 'optimal': 1.0}}
Solution cost: [5.0]
Total time: 0.2758760452270508
CPU time: 0.302505
Solve time: 0.004205942153930664
2024-09-14 14:06:04,677 - Learned the following sketch:
(:policy
(:booleans )
(:numericals (f7 "n_concept_distance(c_primitive(picked_g,0),r_primitive(adjacent,0,1),c_primitive(at,0))"))
(:rule (:conditions (:c_n_eq f7)) (:effects (:e_n_bot f7)))
(:rule (:conditions (:c_n_gt f7)) (:effects (:e_n_dec f7)))
(:rule (:conditions (:c_n_gt f7)) (:effects (:e_n_inc f7)))
)
Numer of sketch rules: 3
Number of selected features: 1
Maximum complexity of selected feature: 4
Sketch solves: /proj/ssiw/users/x_domdr/projects/code/sketch-learner/learning/benchmarks/tractable/reward/training/easy/instance_3x3_26.pddl
Sketch cycles
Instance: 31
241
241
Number of unsatisfied D2 facts: 97
Number of D2 facts: 163 of 2601
2024-09-14 14:06:05,143 - Grounding Logic Program...
2024-09-14 14:06:05,281 - ..done
2024-09-14 14:06:05,281 - Solving Logic Program...
2024-09-14 14:06:05,295 - ..done
Clingo statistics:
{'call': 0.0, 'result': 1.0, 'signal': 0.0, 'exhausted': 1.0, 'costs': [9.0], 'lower': [9.0], 'concurrency': 32.0, 'winner': 9.0, 'times': {'total': 0.6161649227142334, 'cpu': 0.6566999999999998, 'solve': 0.005727052688598633, 'unsat': 0.001252889633178711, 'sat': 0.0020270347595214844}, 'models': {'enumerated': 27.0, 'optimal': 1.0}}
Solution cost: [9.0]
Total time: 0.6161649227142334
CPU time: 0.6566999999999998
Solve time: 0.005727052688598633
2024-09-14 14:06:05,364 - Learned the following sketch:
(:policy
(:booleans )
(:numericals (f88 "n_concept_distance(c_primitive(at,0),r_restrict(r_primitive(adjacent,0,1),c_primitive(unblocked,0)),c_some(r_primitive(adjacent,0,1),c_primitive(reward,0)))"))
(:rule (:conditions (:c_n_gt f88)) (:effects (:e_n_inc f88)))
(:rule (:conditions (:c_n_eq f88)) (:effects (:e_n_inc f88)))
(:rule (:conditions (:c_n_gt f88)) (:effects (:e_n_dec f88)))
)
Numer of sketch rules: 3
Number of selected features: 1
Maximum complexity of selected feature: 8
Sketch solves: /proj/ssiw/users/x_domdr/projects/code/sketch-learner/learning/benchmarks/tractable/reward/training/easy/instance_3x3_26.pddl
Sketch cycles
Instance: 31
240
241
238
238
Number of unsatisfied D2 facts: 16
Number of D2 facts: 179 of 2601
2024-09-14 14:06:05,811 - Grounding Logic Program...
2024-09-14 14:06:05,954 - ..done
2024-09-14 14:06:05,954 - Solving Logic Program...
2024-09-14 14:06:05,967 - ..done
Clingo statistics:
{'call': 0.0, 'result': 1.0, 'signal': 0.0, 'exhausted': 1.0, 'costs': [10.0], 'lower': [10.0], 'concurrency': 32.0, 'winner': 31.0, 'times': {'total': 0.6012589931488037, 'cpu': 0.6335679999999995, 'solve': 0.004527091979980469, 'unsat': 0.0015621185302734375, 'sat': 0.0017571449279785156}, 'models': {'enumerated': 6.0, 'optimal': 1.0}}
Solution cost: [10.0]
Total time: 0.6012589931488037
CPU time: 0.6335679999999995
Solve time: 0.004527091979980469
2024-09-14 14:06:06,039 - Learned the following sketch:
(:policy
(:booleans )
(:numericals (f1 "n_count(c_primitive(picked,0))") (f28 "n_concept_distance(c_primitive(picked_g,0),r_restrict(r_primitive(adjacent,0,1),c_primitive(unblocked,0)),c_primitive(at,0))"))
(:rule (:conditions (:c_n_eq f1) (:c_n_eq f28)) (:effects (:e_n_inc f1) (:e_n_bot f28)))
(:rule (:conditions (:c_n_eq f1) (:c_n_gt f28)) (:effects (:e_n_bot f1) (:e_n_dec f28)))
)
Numer of sketch rules: 2
Number of selected features: 2
Maximum complexity of selected feature: 6
Sketch solves: /proj/ssiw/users/x_domdr/projects/code/sketch-learner/learning/benchmarks/tractable/reward/training/easy/instance_3x3_26.pddl
2024-09-14 14:06:06,040 - Verifying learned sketch...
Sketch solves: /proj/ssiw/users/x_domdr/projects/code/sketch-learner/learning/benchmarks/tractable/reward/training/easy/instance_3x3_26.pddl
Sketch solves: /proj/ssiw/users/x_domdr/projects/code/sketch-learner/learning/benchmarks/tractable/reward/training/easy/instance_1x2_4.pddl
Sketch solves: /proj/ssiw/users/x_domdr/projects/code/sketch-learner/learning/benchmarks/tractable/reward/training/easy/instance_1x3_4.pddl
Sketch solves: /proj/ssiw/users/x_domdr/projects/code/sketch-learner/learning/benchmarks/tractable/reward/training/easy/instance_3x1_18.pddl
Sketch solves: /proj/ssiw/users/x_domdr/projects/code/sketch-learner/learning/benchmarks/tractable/reward/training/easy/instance_2x2_27.pddl
Sketch solves: /proj/ssiw/users/x_domdr/projects/code/sketch-learner/learning/benchmarks/tractable/reward/training/easy/instance_3x3_0.pddl
Sketch solves: /proj/ssiw/users/x_domdr/projects/code/sketch-learner/learning/benchmarks/tractable/reward/training/easy/instance_2x3_23.pddl
Sketch solves: /proj/ssiw/users/x_domdr/projects/code/sketch-learner/learning/benchmarks/tractable/reward/training/easy/instance_2x2_13.pddl
Sketch solves: /proj/ssiw/users/x_domdr/projects/code/sketch-learner/learning/benchmarks/tractable/reward/training/easy/instance_3x2_6.pddl
Sketch solves: /proj/ssiw/users/x_domdr/projects/code/sketch-learner/learning/benchmarks/tractable/reward/training/easy/instance_3x1_27.pddl
Sketch solves: /proj/ssiw/users/x_domdr/projects/code/sketch-learner/learning/benchmarks/tractable/reward/training/easy/instance_3x3_29.pddl
Sketch solves: /proj/ssiw/users/x_domdr/projects/code/sketch-learner/learning/benchmarks/tractable/reward/training/easy/instance_2x2_28.pddl
Sketch solves: /proj/ssiw/users/x_domdr/projects/code/sketch-learner/learning/benchmarks/tractable/reward/training/easy/instance_2x2_9.pddl
Sketch solves: /proj/ssiw/users/x_domdr/projects/code/sketch-learner/learning/benchmarks/tractable/reward/training/easy/instance_2x3_0.pddl
Sketch solves: /proj/ssiw/users/x_domdr/projects/code/sketch-learner/learning/benchmarks/tractable/reward/training/easy/instance_2x3_17.pddl
Sketch solves: /proj/ssiw/users/x_domdr/projects/code/sketch-learner/learning/benchmarks/tractable/reward/training/easy/instance_2x3_3.pddl
Sketch fails to bound width of a state
/proj/ssiw/users/x_domdr/projects/code/sketch-learner/learning/benchmarks/tractable/reward/training/easy/instance_2x2_26.pddl
Instance: 15
Source_state: 78
Dlplan state: (instance index=15, state index=15, atoms={picked(c_1_0), reward(c_0_1), at(c_0_1)})
2024-09-14 14:06:06,045 - ..done
Smallest unsolved instance: 15
Selected instances: [31, 15]
2024-09-14 14:06:06,046 - Iteration: 4
     id: 31 problem_filepath: /proj/ssiw/users/x_domdr/projects/code/sketch-learner/learning/benchmarks/tractable/reward/training/easy/instance_3x3_26.pddl num_states: 16 num_state_equivalences: 16
     id: 15 problem_filepath: /proj/ssiw/users/x_domdr/projects/code/sketch-learner/learning/benchmarks/tractable/reward/training/easy/instance_2x2_26.pddl num_states: 16 num_state_equivalences: 7
2024-09-14 14:06:06,048 - Initialize global faithful abstract states...
2024-09-14 14:06:06,048 - ..done
2024-09-14 14:06:06,048 - Initializing DomainFeatureData...
[t=4.94587s, 2504796 KB] Started generating base features of complexity 1.
[t=4.94605s, 2504796 KB] Complexity 1:
    b_nullary: 0
    c_one_of: 0
    c_top: 1
    c_bot: 1
    c_primitive: 5
    r_primitive: 2
    c_and: 0
    c_not: 0
    c_equal: 0
    c_some: 0
    c_all: 0
    r_restrict: 0
    r_and: 0
    r_inverse: 0
    r_transitive_closure: 0
    b_empty: 0
    n_count: 0
    n_concept_distance: 0
[t=4.94637s, 2504796 KB] Finished generating base features.
[t=4.94641s, 2504796 KB] Started generating composite features. 
[t=4.94674s, 2504796 KB] Complexity 2:
Total concept elements: 12
Total role elements: 3
Total numerical elements: 8
Total boolean elements: 4
    b_nullary: 0
    c_one_of: 0
    c_top: 1
    c_bot: 1
    c_primitive: 5
    r_primitive: 2
    c_and: 0
    c_not: 5
    c_equal: 0
    c_some: 0
    c_all: 0
    r_restrict: 0
    r_and: 0
    r_inverse: 0
    r_transitive_closure: 1
    b_empty: 4
    n_count: 8
    n_concept_distance: 0
[t=4.94763s, 2504796 KB] Complexity 3:
Total concept elements: 23
Total role elements: 8
Total numerical elements: 14
Total boolean elements: 5
    b_nullary: 0
    c_one_of: 0
    c_top: 1
    c_bot: 1
    c_primitive: 5
    r_primitive: 2
    c_and: 3
    c_not: 5
    c_equal: 0
    c_some: 4
    c_all: 4
    r_restrict: 5
    r_and: 0
    r_inverse: 0
    r_transitive_closure: 1
    b_empty: 5
    n_count: 14
    n_concept_distance: 0
[t=4.94869s, 2504796 KB] Complexity 4:
Total concept elements: 47
Total role elements: 13
Total numerical elements: 36
Total boolean elements: 11
    b_nullary: 0
    c_one_of: 0
    c_top: 1
    c_bot: 1
    c_primitive: 5
    r_primitive: 2
    c_and: 13
    c_not: 16
    c_equal: 0
    c_some: 6
    c_all: 5
    r_restrict: 5
    r_and: 0
    r_inverse: 5
    r_transitive_closure: 1
    b_empty: 11
    n_count: 29
    n_concept_distance: 7
[t=4.95074s, 2504796 KB] Complexity 5:
Total concept elements: 101
Total role elements: 13
Total numerical elements: 63
Total boolean elements: 17
    b_nullary: 0
    c_one_of: 0
    c_top: 1
    c_bot: 1
    c_primitive: 5
    r_primitive: 2
    c_and: 34
    c_not: 29
    c_equal: 0
    c_some: 15
    c_all: 16
    r_restrict: 5
    r_and: 0
    r_inverse: 5
    r_transitive_closure: 1
    b_empty: 17
    n_count: 52
    n_concept_distance: 11
[t=4.95468s, 2504796 KB] Complexity 6:
Total concept elements: 211
Total role elements: 13
Total numerical elements: 131
Total boolean elements: 31
    b_nullary: 0
    c_one_of: 0
    c_top: 1
    c_bot: 1
    c_primitive: 5
    r_primitive: 2
    c_and: 81
    c_not: 70
    c_equal: 0
    c_some: 20
    c_all: 33
    r_restrict: 5
    r_and: 0
    r_inverse: 5
    r_transitive_closure: 1
    b_empty: 31
    n_count: 98
    n_concept_distance: 33
[t=4.96244s, 2504796 KB] Complexity 7:
Total concept elements: 433
Total role elements: 13
Total numerical elements: 241
Total boolean elements: 47
    b_nullary: 0
    c_one_of: 0
    c_top: 1
    c_bot: 1
    c_primitive: 5
    r_primitive: 2
    c_and: 186
    c_not: 119
    c_equal: 0
    c_some: 54
    c_all: 67
    r_restrict: 5
    r_and: 0
    r_inverse: 5
    r_transitive_closure: 1
    b_empty: 47
    n_count: 191
    n_concept_distance: 50
[t=4.97884s, 2504796 KB] Complexity 8:
Total concept elements: 895
Total role elements: 13
Total numerical elements: 481
Total boolean elements: 76
    b_nullary: 0
    c_one_of: 0
    c_top: 1
    c_bot: 1
    c_primitive: 5
    r_primitive: 2
    c_and: 415
    c_not: 278
    c_equal: 0
    c_some: 77
    c_all: 118
    r_restrict: 5
    r_and: 0
    r_inverse: 5
    r_transitive_closure: 1
    b_empty: 76
    n_count: 393
    n_concept_distance: 88
[t=5.0147s, 2504796 KB] Complexity 9:
Total concept elements: 1871
Total role elements: 13
Total numerical elements: 965
Total boolean elements: 138
    b_nullary: 0
    c_one_of: 0
    c_top: 1
    c_bot: 1
    c_primitive: 5
    r_primitive: 2
    c_and: 959
    c_not: 510
    c_equal: 0
    c_some: 165
    c_all: 230
    r_restrict: 5
    r_and: 0
    r_inverse: 5
    r_transitive_closure: 1
    b_empty: 138
    n_count: 799
    n_concept_distance: 166
[t=5.01505s, 2504796 KB] Finished generating composite features.
Features generated: 1103
Features after relevant changes pruning (complete): 341
2024-09-14 14:06:08,016 - ..done
2024-09-14 14:06:08,017 - Constructing PerStateFeatureValuations...
2024-09-14 14:06:08,023 - ..done
2024-09-14 14:06:08,023 - Constructing StatePairEquivalenceDatas...
2024-09-14 14:06:08,212 - ..done
2024-09-14 14:06:08,214 - Constructing TupleGraphEquivalences...
Tuple graph equivalence construction statistics:
Num nodes: 76
2024-09-14 14:06:08,216 - ..done
2024-09-14 14:06:08,216 - Minimizing TupleGraphEquivalences...
Tuple graph equivalence minimization statistics:
Num orig nodes: 76
Num kept nodes: 70
2024-09-14 14:06:08,217 - ..done
Number of initial D2 facts: 79
Number of D2 facts: 79 of 4624
2024-09-14 14:06:08,570 - Grounding Logic Program...
2024-09-14 14:06:08,845 - ..done
2024-09-14 14:06:08,845 - Solving Logic Program...
2024-09-14 14:06:08,863 - ..done
Clingo statistics:
{'call': 0.0, 'result': 1.0, 'signal': 0.0, 'exhausted': 1.0, 'costs': [8.0], 'lower': [8.0], 'concurrency': 32.0, 'winner': 15.0, 'times': {'total': 0.6444029808044434, 'cpu': 0.6715239999999998, 'solve': 0.0042400360107421875, 'unsat': 0.0014510154724121094, 'sat': 0.0015339851379394531}, 'models': {'enumerated': 17.0, 'optimal': 1.0}}
Solution cost: [8.0]
Total time: 0.6444029808044434
CPU time: 0.6715239999999998
Solve time: 0.0042400360107421875
2024-09-14 14:06:09,017 - Learned the following sketch:
(:policy
(:booleans )
(:numericals (f1 "n_count(c_primitive(picked,0))") (f13 "n_concept_distance(c_primitive(at,0),r_primitive(adjacent,0,1),c_primitive(reward,0))"))
(:rule (:conditions (:c_n_eq f1) (:c_n_eq f13)) (:effects (:e_n_inc f1) (:e_n_inc f13)))
(:rule (:conditions (:c_n_eq f1) (:c_n_gt f13)) (:effects (:e_n_bot f1) (:e_n_inc f13)))
(:rule (:conditions (:c_n_eq f1) (:c_n_gt f13)) (:effects (:e_n_bot f1) (:e_n_dec f13)))
(:rule (:conditions (:c_n_gt f1) (:c_n_gt f13)) (:effects (:e_n_bot f1) (:e_n_dec f13)))
(:rule (:conditions (:c_n_gt f1) (:c_n_eq f13)) (:effects (:e_n_inc f1) (:e_n_inc f13)))
)
Numer of sketch rules: 5
Number of selected features: 2
Maximum complexity of selected feature: 4
Sketch solves: /proj/ssiw/users/x_domdr/projects/code/sketch-learner/learning/benchmarks/tractable/reward/training/easy/instance_3x3_26.pddl
Sketch cycles
Instance: 31
240
238
240
Number of unsatisfied D2 facts: 36
Number of D2 facts: 115 of 4624
2024-09-14 14:06:10,081 - Grounding Logic Program...
2024-09-14 14:06:10,353 - ..done
2024-09-14 14:06:10,353 - Solving Logic Program...
2024-09-14 14:06:10,374 - ..done
Clingo statistics:
{'call': 0.0, 'result': 1.0, 'signal': 0.0, 'exhausted': 1.0, 'costs': [10.0], 'lower': [10.0], 'concurrency': 32.0, 'winner': 4.0, 'times': {'total': 1.3540608882904053, 'cpu': 1.403303000000001, 'solve': 0.006484031677246094, 'unsat': 0.002125978469848633, 'sat': 0.0016601085662841797}, 'models': {'enumerated': 24.0, 'optimal': 1.0}}
Solution cost: [10.0]
Total time: 1.3540608882904053
CPU time: 1.403303000000001
Solve time: 0.006484031677246094
2024-09-14 14:06:10,525 - Learned the following sketch:
(:policy
(:booleans )
(:numericals (f1 "n_count(c_primitive(picked,0))") (f46 "n_concept_distance(c_primitive(at,0),r_restrict(r_primitive(adjacent,0,1),c_primitive(unblocked,0)),c_primitive(picked_g,0))"))
(:rule (:conditions (:c_n_eq f1) (:c_n_eq f46)) (:effects (:e_n_inc f1) (:e_n_bot f46)))
(:rule (:conditions (:c_n_eq f1) (:c_n_gt f46)) (:effects (:e_n_bot f1) (:e_n_dec f46)))
(:rule (:conditions (:c_n_gt f1) (:c_n_gt f46)) (:effects (:e_n_bot f1) (:e_n_dec f46)))
(:rule (:conditions (:c_n_gt f1) (:c_n_eq f46)) (:effects (:e_n_bot f1) (:e_n_inc f46)))
(:rule (:conditions (:c_n_gt f1) (:c_n_eq f46)) (:effects (:e_n_inc f1) (:e_n_bot f46)))
)
Numer of sketch rules: 5
Number of selected features: 2
Maximum complexity of selected feature: 6
Sketch solves: /proj/ssiw/users/x_domdr/projects/code/sketch-learner/learning/benchmarks/tractable/reward/training/easy/instance_3x3_26.pddl
Sketch solves: /proj/ssiw/users/x_domdr/projects/code/sketch-learner/learning/benchmarks/tractable/reward/training/easy/instance_2x2_26.pddl
Sketch cycles
Instance: 15
76
77
78
77
Number of unsatisfied D2 facts: 14
Number of D2 facts: 129 of 4624
2024-09-14 14:06:11,599 - Grounding Logic Program...
2024-09-14 14:06:11,873 - ..done
2024-09-14 14:06:11,873 - Solving Logic Program...
2024-09-14 14:06:11,893 - ..done
Clingo statistics:
{'call': 0.0, 'result': 1.0, 'signal': 0.0, 'exhausted': 1.0, 'costs': [10.0], 'lower': [10.0], 'concurrency': 32.0, 'winner': 23.0, 'times': {'total': 1.3654069900512695, 'cpu': 1.399811999999999, 'solve': 0.005470991134643555, 'unsat': 0.0014908313751220703, 'sat': 0.0017461776733398438}, 'models': {'enumerated': 19.0, 'optimal': 1.0}}
Solution cost: [10.0]
Total time: 1.3654069900512695
CPU time: 1.399811999999999
Solve time: 0.005470991134643555
2024-09-14 14:06:12,048 - Learned the following sketch:
(:policy
(:booleans )
(:numericals (f1 "n_count(c_primitive(picked,0))") (f47 "n_concept_distance(c_primitive(at,0),r_restrict(r_primitive(adjacent,0,1),c_primitive(unblocked,0)),c_primitive(reward,0))"))
(:rule (:conditions (:c_n_eq f1) (:c_n_eq f47)) (:effects (:e_n_inc f1) (:e_n_inc f47)))
(:rule (:conditions (:c_n_eq f1) (:c_n_gt f47)) (:effects (:e_n_bot f1) (:e_n_dec f47)))
(:rule (:conditions (:c_n_gt f1) (:c_n_gt f47)) (:effects (:e_n_bot f1) (:e_n_dec f47)))
(:rule (:conditions (:c_n_gt f1) (:c_n_eq f47)) (:effects (:e_n_inc f1) (:e_n_inc f47)))
)
Numer of sketch rules: 4
Number of selected features: 2
Maximum complexity of selected feature: 6
Sketch solves: /proj/ssiw/users/x_domdr/projects/code/sketch-learner/learning/benchmarks/tractable/reward/training/easy/instance_3x3_26.pddl
Sketch solves: /proj/ssiw/users/x_domdr/projects/code/sketch-learner/learning/benchmarks/tractable/reward/training/easy/instance_2x2_26.pddl
2024-09-14 14:06:12,049 - Verifying learned sketch...
Sketch solves: /proj/ssiw/users/x_domdr/projects/code/sketch-learner/learning/benchmarks/tractable/reward/training/easy/instance_3x3_26.pddl
Sketch solves: /proj/ssiw/users/x_domdr/projects/code/sketch-learner/learning/benchmarks/tractable/reward/training/easy/instance_2x2_26.pddl
Sketch solves: /proj/ssiw/users/x_domdr/projects/code/sketch-learner/learning/benchmarks/tractable/reward/training/easy/instance_1x2_4.pddl
Sketch solves: /proj/ssiw/users/x_domdr/projects/code/sketch-learner/learning/benchmarks/tractable/reward/training/easy/instance_1x3_4.pddl
Sketch solves: /proj/ssiw/users/x_domdr/projects/code/sketch-learner/learning/benchmarks/tractable/reward/training/easy/instance_3x1_18.pddl
Sketch solves: /proj/ssiw/users/x_domdr/projects/code/sketch-learner/learning/benchmarks/tractable/reward/training/easy/instance_2x2_27.pddl
Sketch solves: /proj/ssiw/users/x_domdr/projects/code/sketch-learner/learning/benchmarks/tractable/reward/training/easy/instance_3x3_0.pddl
Sketch solves: /proj/ssiw/users/x_domdr/projects/code/sketch-learner/learning/benchmarks/tractable/reward/training/easy/instance_2x3_23.pddl
Sketch solves: /proj/ssiw/users/x_domdr/projects/code/sketch-learner/learning/benchmarks/tractable/reward/training/easy/instance_2x2_13.pddl
Sketch solves: /proj/ssiw/users/x_domdr/projects/code/sketch-learner/learning/benchmarks/tractable/reward/training/easy/instance_3x2_6.pddl
Sketch solves: /proj/ssiw/users/x_domdr/projects/code/sketch-learner/learning/benchmarks/tractable/reward/training/easy/instance_3x1_27.pddl
Sketch solves: /proj/ssiw/users/x_domdr/projects/code/sketch-learner/learning/benchmarks/tractable/reward/training/easy/instance_3x3_29.pddl
Sketch solves: /proj/ssiw/users/x_domdr/projects/code/sketch-learner/learning/benchmarks/tractable/reward/training/easy/instance_2x2_28.pddl
Sketch solves: /proj/ssiw/users/x_domdr/projects/code/sketch-learner/learning/benchmarks/tractable/reward/training/easy/instance_2x2_9.pddl
Sketch solves: /proj/ssiw/users/x_domdr/projects/code/sketch-learner/learning/benchmarks/tractable/reward/training/easy/instance_2x3_0.pddl
Sketch solves: /proj/ssiw/users/x_domdr/projects/code/sketch-learner/learning/benchmarks/tractable/reward/training/easy/instance_2x3_17.pddl
Sketch solves: /proj/ssiw/users/x_domdr/projects/code/sketch-learner/learning/benchmarks/tractable/reward/training/easy/instance_2x3_3.pddl
Sketch solves: /proj/ssiw/users/x_domdr/projects/code/sketch-learner/learning/benchmarks/tractable/reward/training/easy/instance_2x2_26.pddl
Sketch solves: /proj/ssiw/users/x_domdr/projects/code/sketch-learner/learning/benchmarks/tractable/reward/training/easy/instance_2x2_29.pddl
Sketch solves: /proj/ssiw/users/x_domdr/projects/code/sketch-learner/learning/benchmarks/tractable/reward/training/easy/instance_2x3_8.pddl
Sketch solves: /proj/ssiw/users/x_domdr/projects/code/sketch-learner/learning/benchmarks/tractable/reward/training/easy/instance_2x2_21.pddl
Sketch solves: /proj/ssiw/users/x_domdr/projects/code/sketch-learner/learning/benchmarks/tractable/reward/training/easy/instance_2x3_15.pddl
Sketch solves: /proj/ssiw/users/x_domdr/projects/code/sketch-learner/learning/benchmarks/tractable/reward/training/easy/instance_2x3_18.pddl
Sketch solves: /proj/ssiw/users/x_domdr/projects/code/sketch-learner/learning/benchmarks/tractable/reward/training/easy/instance_3x2_23.pddl
Sketch solves: /proj/ssiw/users/x_domdr/projects/code/sketch-learner/learning/benchmarks/tractable/reward/training/easy/instance_3x2_22.pddl
Sketch solves: /proj/ssiw/users/x_domdr/projects/code/sketch-learner/learning/benchmarks/tractable/reward/training/easy/instance_3x3_6.pddl
Sketch solves: /proj/ssiw/users/x_domdr/projects/code/sketch-learner/learning/benchmarks/tractable/reward/training/easy/instance_1x3_8.pddl
Sketch solves: /proj/ssiw/users/x_domdr/projects/code/sketch-learner/learning/benchmarks/tractable/reward/training/easy/instance_3x2_9.pddl
Sketch solves: /proj/ssiw/users/x_domdr/projects/code/sketch-learner/learning/benchmarks/tractable/reward/training/easy/instance_2x3_5.pddl
Sketch solves: /proj/ssiw/users/x_domdr/projects/code/sketch-learner/learning/benchmarks/tractable/reward/training/easy/instance_2x2_5.pddl
Sketch solves: /proj/ssiw/users/x_domdr/projects/code/sketch-learner/learning/benchmarks/tractable/reward/training/easy/instance_2x3_11.pddl
Sketch solves: /proj/ssiw/users/x_domdr/projects/code/sketch-learner/learning/benchmarks/tractable/reward/training/easy/instance_3x3_16.pddl
Sketch solves: /proj/ssiw/users/x_domdr/projects/code/sketch-learner/learning/benchmarks/tractable/reward/training/easy/instance_3x2_0.pddl
Sketch solves: /proj/ssiw/users/x_domdr/projects/code/sketch-learner/learning/benchmarks/tractable/reward/training/easy/instance_3x3_26.pddl
Sketch solves: /proj/ssiw/users/x_domdr/projects/code/sketch-learner/learning/benchmarks/tractable/reward/training/easy/instance_3x2_11.pddl
Sketch solves: /proj/ssiw/users/x_domdr/projects/code/sketch-learner/learning/benchmarks/tractable/reward/training/easy/instance_3x2_24.pddl
Sketch solves: /proj/ssiw/users/x_domdr/projects/code/sketch-learner/learning/benchmarks/tractable/reward/training/easy/instance_3x3_14.pddl
Sketch solves: /proj/ssiw/users/x_domdr/projects/code/sketch-learner/learning/benchmarks/tractable/reward/training/easy/instance_2x2_20.pddl
Sketch solves: /proj/ssiw/users/x_domdr/projects/code/sketch-learner/learning/benchmarks/tractable/reward/training/easy/instance_3x3_4.pddl
Sketch solves: /proj/ssiw/users/x_domdr/projects/code/sketch-learner/learning/benchmarks/tractable/reward/training/easy/instance_3x2_28.pddl
Sketch solves: /proj/ssiw/users/x_domdr/projects/code/sketch-learner/learning/benchmarks/tractable/reward/training/easy/instance_2x3_19.pddl
Sketch solves: /proj/ssiw/users/x_domdr/projects/code/sketch-learner/learning/benchmarks/tractable/reward/training/easy/instance_3x3_24.pddl
Sketch solves: /proj/ssiw/users/x_domdr/projects/code/sketch-learner/learning/benchmarks/tractable/reward/training/easy/instance_2x3_20.pddl
Sketch solves: /proj/ssiw/users/x_domdr/projects/code/sketch-learner/learning/benchmarks/tractable/reward/training/easy/instance_3x3_9.pddl
Sketch solves: /proj/ssiw/users/x_domdr/projects/code/sketch-learner/learning/benchmarks/tractable/reward/training/easy/instance_3x2_26.pddl
Sketch solves: /proj/ssiw/users/x_domdr/projects/code/sketch-learner/learning/benchmarks/tractable/reward/training/easy/instance_2x3_13.pddl
Sketch solves: /proj/ssiw/users/x_domdr/projects/code/sketch-learner/learning/benchmarks/tractable/reward/training/easy/instance_3x2_27.pddl
Sketch solves: /proj/ssiw/users/x_domdr/projects/code/sketch-learner/learning/benchmarks/tractable/reward/training/easy/instance_3x3_5.pddl
Sketch solves: /proj/ssiw/users/x_domdr/projects/code/sketch-learner/learning/benchmarks/tractable/reward/training/easy/instance_3x2_15.pddl
Sketch solves: /proj/ssiw/users/x_domdr/projects/code/sketch-learner/learning/benchmarks/tractable/reward/training/easy/instance_3x2_3.pddl
Sketch solves: /proj/ssiw/users/x_domdr/projects/code/sketch-learner/learning/benchmarks/tractable/reward/training/easy/instance_2x3_24.pddl
Sketch solves: /proj/ssiw/users/x_domdr/projects/code/sketch-learner/learning/benchmarks/tractable/reward/training/easy/instance_3x2_17.pddl
Sketch solves: /proj/ssiw/users/x_domdr/projects/code/sketch-learner/learning/benchmarks/tractable/reward/training/easy/instance_2x3_1.pddl
Sketch solves: /proj/ssiw/users/x_domdr/projects/code/sketch-learner/learning/benchmarks/tractable/reward/training/easy/instance_3x2_4.pddl
Sketch solves: /proj/ssiw/users/x_domdr/projects/code/sketch-learner/learning/benchmarks/tractable/reward/training/easy/instance_3x2_14.pddl
Sketch solves: /proj/ssiw/users/x_domdr/projects/code/sketch-learner/learning/benchmarks/tractable/reward/training/easy/instance_3x2_8.pddl
Sketch solves: /proj/ssiw/users/x_domdr/projects/code/sketch-learner/learning/benchmarks/tractable/reward/training/easy/instance_3x2_21.pddl
Sketch solves: /proj/ssiw/users/x_domdr/projects/code/sketch-learner/learning/benchmarks/tractable/reward/training/easy/instance_3x3_11.pddl
Sketch solves: /proj/ssiw/users/x_domdr/projects/code/sketch-learner/learning/benchmarks/tractable/reward/training/easy/instance_3x3_13.pddl
Sketch solves: /proj/ssiw/users/x_domdr/projects/code/sketch-learner/learning/benchmarks/tractable/reward/training/easy/instance_3x3_19.pddl
Sketch solves: /proj/ssiw/users/x_domdr/projects/code/sketch-learner/learning/benchmarks/tractable/reward/training/easy/instance_3x3_23.pddl
Sketch solves: /proj/ssiw/users/x_domdr/projects/code/sketch-learner/learning/benchmarks/tractable/reward/training/easy/instance_3x3_28.pddl
Sketch solves: /proj/ssiw/users/x_domdr/projects/code/sketch-learner/learning/benchmarks/tractable/reward/training/easy/instance_3x3_8.pddl
Sketch solves: /proj/ssiw/users/x_domdr/projects/code/sketch-learner/learning/benchmarks/tractable/reward/training/easy/instance_3x3_10.pddl
Sketch solves: /proj/ssiw/users/x_domdr/projects/code/sketch-learner/learning/benchmarks/tractable/reward/training/easy/instance_3x2_5.pddl
Sketch solves: /proj/ssiw/users/x_domdr/projects/code/sketch-learner/learning/benchmarks/tractable/reward/training/easy/instance_3x3_3.pddl
Sketch solves: /proj/ssiw/users/x_domdr/projects/code/sketch-learner/learning/benchmarks/tractable/reward/training/easy/instance_3x3_22.pddl
Sketch solves: /proj/ssiw/users/x_domdr/projects/code/sketch-learner/learning/benchmarks/tractable/reward/training/easy/instance_3x3_20.pddl
Sketch solves: /proj/ssiw/users/x_domdr/projects/code/sketch-learner/learning/benchmarks/tractable/reward/training/easy/instance_3x3_12.pddl
Sketch solves: /proj/ssiw/users/x_domdr/projects/code/sketch-learner/learning/benchmarks/tractable/reward/training/easy/instance_3x3_2.pddl
Sketch solves: /proj/ssiw/users/x_domdr/projects/code/sketch-learner/learning/benchmarks/tractable/reward/training/easy/instance_3x3_1.pddl
2024-09-14 14:06:12,901 - ..done
Sketch solves all instances!
================================================================================
2024-09-14 14:06:12,903 - Summary:
LearningStatistics:
    num_training_instances: 69
    num_selected_training_instances (|P|): 2
    num_states_in_selected_training_instances (|S|): 23
    num_states_in_complete_selected_training_instances (|S|): 32
    num_features_in_pool (|F|): 341
================================================================================
Resulting sketch:
(:policy
(:booleans )
(:numericals (f1 "n_count(c_primitive(picked,0))") (f47 "n_concept_distance(c_primitive(at,0),r_restrict(r_primitive(adjacent,0,1),c_primitive(unblocked,0)),c_primitive(reward,0))"))
(:rule (:conditions (:c_n_eq f1) (:c_n_eq f47)) (:effects (:e_n_inc f1) (:e_n_inc f47)))
(:rule (:conditions (:c_n_eq f1) (:c_n_gt f47)) (:effects (:e_n_bot f1) (:e_n_dec f47)))
(:rule (:conditions (:c_n_gt f1) (:c_n_gt f47)) (:effects (:e_n_bot f1) (:e_n_dec f47)))
(:rule (:conditions (:c_n_gt f1) (:c_n_eq f47)) (:effects (:e_n_inc f1) (:e_n_inc f47)))
)
Numer of sketch rules: 4
Number of selected features: 2
Maximum complexity of selected feature: 6
================================================================================
Resulting minimized sketch:
(:policy
(:booleans )
(:numericals (f1 "n_count(c_primitive(picked,0))") (f47 "n_concept_distance(c_primitive(at,0),r_restrict(r_primitive(adjacent,0,1),c_primitive(unblocked,0)),c_primitive(reward,0))"))
(:rule (:conditions (:c_n_gt f47)) (:effects (:e_n_bot f1) (:e_n_dec f47)))
(:rule (:conditions (:c_n_eq f47)) (:effects (:e_n_inc f1) (:e_n_inc f47)))
)
Numer of sketch rules: 2
Number of selected features: 2
Maximum complexity of selected feature: 6
================================================================================
================================================================================
Preprocessing time: 5 seconds.
ASP time: 6 seconds.
Verification time: 1 seconds.
Total time: 12 seconds.
Total memory: 0 GiB.
Num states in training data before symmetry pruning: 13394
Num states in training data after symmetry pruning: 7026
================================================================================

