Changing working directory:  /proj/ssiw/users/x_domdr/projects/code/sketch-learner-no-symmetries/learning/experiments/scripts/workspace/blocks_4_clear_0
2024-08-08 19:42:53,951 - Constructing InstanceDatas...
2024-08-08 19:42:53,952 - Constructing StateSpaces...
2024-08-08 19:42:54,205 - ...done
/proj/ssiw/users/x_domdr/projects/code/sketch-learner-no-symmetries/learning/benchmarks/blocks_4_clear/instances/p-2-17.pddl /proj/ssiw/users/x_domdr/projects/code/sketch-learner-no-symmetries/learning/benchmarks/blocks_4_clear/instances/p-2-17.pddl
2024-08-08 19:42:54,207 - Created InstanceData with num concrete states: 5 and num abstract states: 5
/proj/ssiw/users/x_domdr/projects/code/sketch-learner-no-symmetries/learning/benchmarks/blocks_4_clear/instances/p-2-24.pddl /proj/ssiw/users/x_domdr/projects/code/sketch-learner-no-symmetries/learning/benchmarks/blocks_4_clear/instances/p-2-24.pddl
2024-08-08 19:42:54,208 - Created InstanceData with num concrete states: 5 and num abstract states: 5
/proj/ssiw/users/x_domdr/projects/code/sketch-learner-no-symmetries/learning/benchmarks/blocks_4_clear/instances/p-2-7.pddl /proj/ssiw/users/x_domdr/projects/code/sketch-learner-no-symmetries/learning/benchmarks/blocks_4_clear/instances/p-2-7.pddl
2024-08-08 19:42:54,208 - Created InstanceData with num concrete states: 5 and num abstract states: 5
/proj/ssiw/users/x_domdr/projects/code/sketch-learner-no-symmetries/learning/benchmarks/blocks_4_clear/instances/p-2-13.pddl /proj/ssiw/users/x_domdr/projects/code/sketch-learner-no-symmetries/learning/benchmarks/blocks_4_clear/instances/p-2-13.pddl
2024-08-08 19:42:54,209 - Created InstanceData with num concrete states: 5 and num abstract states: 5
/proj/ssiw/users/x_domdr/projects/code/sketch-learner-no-symmetries/learning/benchmarks/blocks_4_clear/instances/p-2-11.pddl /proj/ssiw/users/x_domdr/projects/code/sketch-learner-no-symmetries/learning/benchmarks/blocks_4_clear/instances/p-2-11.pddl
2024-08-08 19:42:54,209 - Created InstanceData with num concrete states: 5 and num abstract states: 5
/proj/ssiw/users/x_domdr/projects/code/sketch-learner-no-symmetries/learning/benchmarks/blocks_4_clear/instances/p-2-2.pddl /proj/ssiw/users/x_domdr/projects/code/sketch-learner-no-symmetries/learning/benchmarks/blocks_4_clear/instances/p-2-2.pddl
2024-08-08 19:42:54,210 - Created InstanceData with num concrete states: 5 and num abstract states: 5
/proj/ssiw/users/x_domdr/projects/code/sketch-learner-no-symmetries/learning/benchmarks/blocks_4_clear/instances/p-2-23.pddl /proj/ssiw/users/x_domdr/projects/code/sketch-learner-no-symmetries/learning/benchmarks/blocks_4_clear/instances/p-2-23.pddl
2024-08-08 19:42:54,210 - Created InstanceData with num concrete states: 5 and num abstract states: 5
/proj/ssiw/users/x_domdr/projects/code/sketch-learner-no-symmetries/learning/benchmarks/blocks_4_clear/instances/p-2-21.pddl /proj/ssiw/users/x_domdr/projects/code/sketch-learner-no-symmetries/learning/benchmarks/blocks_4_clear/instances/p-2-21.pddl
2024-08-08 19:42:54,211 - Created InstanceData with num concrete states: 5 and num abstract states: 5
/proj/ssiw/users/x_domdr/projects/code/sketch-learner-no-symmetries/learning/benchmarks/blocks_4_clear/instances/p-2-19.pddl /proj/ssiw/users/x_domdr/projects/code/sketch-learner-no-symmetries/learning/benchmarks/blocks_4_clear/instances/p-2-19.pddl
2024-08-08 19:42:54,211 - Created InstanceData with num concrete states: 5 and num abstract states: 5
/proj/ssiw/users/x_domdr/projects/code/sketch-learner-no-symmetries/learning/benchmarks/blocks_4_clear/instances/p-2-20.pddl /proj/ssiw/users/x_domdr/projects/code/sketch-learner-no-symmetries/learning/benchmarks/blocks_4_clear/instances/p-2-20.pddl
2024-08-08 19:42:54,212 - Created InstanceData with num concrete states: 5 and num abstract states: 5
/proj/ssiw/users/x_domdr/projects/code/sketch-learner-no-symmetries/learning/benchmarks/blocks_4_clear/instances/p-2-12.pddl /proj/ssiw/users/x_domdr/projects/code/sketch-learner-no-symmetries/learning/benchmarks/blocks_4_clear/instances/p-2-12.pddl
2024-08-08 19:42:54,213 - Created InstanceData with num concrete states: 5 and num abstract states: 5
/proj/ssiw/users/x_domdr/projects/code/sketch-learner-no-symmetries/learning/benchmarks/blocks_4_clear/instances/p-2-14.pddl /proj/ssiw/users/x_domdr/projects/code/sketch-learner-no-symmetries/learning/benchmarks/blocks_4_clear/instances/p-2-14.pddl
2024-08-08 19:42:54,214 - Created InstanceData with num concrete states: 5 and num abstract states: 5
/proj/ssiw/users/x_domdr/projects/code/sketch-learner-no-symmetries/learning/benchmarks/blocks_4_clear/instances/p-2-10.pddl /proj/ssiw/users/x_domdr/projects/code/sketch-learner-no-symmetries/learning/benchmarks/blocks_4_clear/instances/p-2-10.pddl
2024-08-08 19:42:54,214 - Created InstanceData with num concrete states: 5 and num abstract states: 5
/proj/ssiw/users/x_domdr/projects/code/sketch-learner-no-symmetries/learning/benchmarks/blocks_4_clear/instances/p-2-15.pddl /proj/ssiw/users/x_domdr/projects/code/sketch-learner-no-symmetries/learning/benchmarks/blocks_4_clear/instances/p-2-15.pddl
2024-08-08 19:42:54,215 - Created InstanceData with num concrete states: 5 and num abstract states: 5
/proj/ssiw/users/x_domdr/projects/code/sketch-learner-no-symmetries/learning/benchmarks/blocks_4_clear/instances/p-2-18.pddl /proj/ssiw/users/x_domdr/projects/code/sketch-learner-no-symmetries/learning/benchmarks/blocks_4_clear/instances/p-2-18.pddl
2024-08-08 19:42:54,215 - Created InstanceData with num concrete states: 5 and num abstract states: 5
/proj/ssiw/users/x_domdr/projects/code/sketch-learner-no-symmetries/learning/benchmarks/blocks_4_clear/instances/p-2-4.pddl /proj/ssiw/users/x_domdr/projects/code/sketch-learner-no-symmetries/learning/benchmarks/blocks_4_clear/instances/p-2-4.pddl
2024-08-08 19:42:54,215 - Created InstanceData with num concrete states: 5 and num abstract states: 5
/proj/ssiw/users/x_domdr/projects/code/sketch-learner-no-symmetries/learning/benchmarks/blocks_4_clear/instances/p-2-29.pddl /proj/ssiw/users/x_domdr/projects/code/sketch-learner-no-symmetries/learning/benchmarks/blocks_4_clear/instances/p-2-29.pddl
2024-08-08 19:42:54,216 - Created InstanceData with num concrete states: 5 and num abstract states: 5
/proj/ssiw/users/x_domdr/projects/code/sketch-learner-no-symmetries/learning/benchmarks/blocks_4_clear/instances/p-2-25.pddl /proj/ssiw/users/x_domdr/projects/code/sketch-learner-no-symmetries/learning/benchmarks/blocks_4_clear/instances/p-2-25.pddl
2024-08-08 19:42:54,217 - Created InstanceData with num concrete states: 5 and num abstract states: 5
/proj/ssiw/users/x_domdr/projects/code/sketch-learner-no-symmetries/learning/benchmarks/blocks_4_clear/instances/p-2-8.pddl /proj/ssiw/users/x_domdr/projects/code/sketch-learner-no-symmetries/learning/benchmarks/blocks_4_clear/instances/p-2-8.pddl
2024-08-08 19:42:54,217 - Created InstanceData with num concrete states: 5 and num abstract states: 5
/proj/ssiw/users/x_domdr/projects/code/sketch-learner-no-symmetries/learning/benchmarks/blocks_4_clear/instances/p-2-26.pddl /proj/ssiw/users/x_domdr/projects/code/sketch-learner-no-symmetries/learning/benchmarks/blocks_4_clear/instances/p-2-26.pddl
2024-08-08 19:42:54,217 - Created InstanceData with num concrete states: 5 and num abstract states: 5
/proj/ssiw/users/x_domdr/projects/code/sketch-learner-no-symmetries/learning/benchmarks/blocks_4_clear/instances/p-2-5.pddl /proj/ssiw/users/x_domdr/projects/code/sketch-learner-no-symmetries/learning/benchmarks/blocks_4_clear/instances/p-2-5.pddl
2024-08-08 19:42:54,218 - Created InstanceData with num concrete states: 5 and num abstract states: 5
/proj/ssiw/users/x_domdr/projects/code/sketch-learner-no-symmetries/learning/benchmarks/blocks_4_clear/instances/p-2-16.pddl /proj/ssiw/users/x_domdr/projects/code/sketch-learner-no-symmetries/learning/benchmarks/blocks_4_clear/instances/p-2-16.pddl
2024-08-08 19:42:54,218 - Created InstanceData with num concrete states: 5 and num abstract states: 5
/proj/ssiw/users/x_domdr/projects/code/sketch-learner-no-symmetries/learning/benchmarks/blocks_4_clear/instances/p-2-3.pddl /proj/ssiw/users/x_domdr/projects/code/sketch-learner-no-symmetries/learning/benchmarks/blocks_4_clear/instances/p-2-3.pddl
2024-08-08 19:42:54,219 - Created InstanceData with num concrete states: 5 and num abstract states: 5
/proj/ssiw/users/x_domdr/projects/code/sketch-learner-no-symmetries/learning/benchmarks/blocks_4_clear/instances/p-2-1.pddl /proj/ssiw/users/x_domdr/projects/code/sketch-learner-no-symmetries/learning/benchmarks/blocks_4_clear/instances/p-2-1.pddl
2024-08-08 19:42:54,219 - Created InstanceData with num concrete states: 5 and num abstract states: 5
/proj/ssiw/users/x_domdr/projects/code/sketch-learner-no-symmetries/learning/benchmarks/blocks_4_clear/instances/p-2-6.pddl /proj/ssiw/users/x_domdr/projects/code/sketch-learner-no-symmetries/learning/benchmarks/blocks_4_clear/instances/p-2-6.pddl
2024-08-08 19:42:54,220 - Created InstanceData with num concrete states: 5 and num abstract states: 5
/proj/ssiw/users/x_domdr/projects/code/sketch-learner-no-symmetries/learning/benchmarks/blocks_4_clear/instances/p-2-28.pddl /proj/ssiw/users/x_domdr/projects/code/sketch-learner-no-symmetries/learning/benchmarks/blocks_4_clear/instances/p-2-28.pddl
2024-08-08 19:42:54,220 - Created InstanceData with num concrete states: 5 and num abstract states: 5
/proj/ssiw/users/x_domdr/projects/code/sketch-learner-no-symmetries/learning/benchmarks/blocks_4_clear/instances/p-2-27.pddl /proj/ssiw/users/x_domdr/projects/code/sketch-learner-no-symmetries/learning/benchmarks/blocks_4_clear/instances/p-2-27.pddl
2024-08-08 19:42:54,221 - Created InstanceData with num concrete states: 5 and num abstract states: 5
/proj/ssiw/users/x_domdr/projects/code/sketch-learner-no-symmetries/learning/benchmarks/blocks_4_clear/instances/p-2-9.pddl /proj/ssiw/users/x_domdr/projects/code/sketch-learner-no-symmetries/learning/benchmarks/blocks_4_clear/instances/p-2-9.pddl
2024-08-08 19:42:54,221 - Created InstanceData with num concrete states: 5 and num abstract states: 5
/proj/ssiw/users/x_domdr/projects/code/sketch-learner-no-symmetries/learning/benchmarks/blocks_4_clear/instances/p-2-22.pddl /proj/ssiw/users/x_domdr/projects/code/sketch-learner-no-symmetries/learning/benchmarks/blocks_4_clear/instances/p-2-22.pddl
2024-08-08 19:42:54,222 - Created InstanceData with num concrete states: 5 and num abstract states: 5
/proj/ssiw/users/x_domdr/projects/code/sketch-learner-no-symmetries/learning/benchmarks/blocks_4_clear/instances/p-2-0.pddl /proj/ssiw/users/x_domdr/projects/code/sketch-learner-no-symmetries/learning/benchmarks/blocks_4_clear/instances/p-2-0.pddl
2024-08-08 19:42:54,222 - Created InstanceData with num concrete states: 5 and num abstract states: 5
/proj/ssiw/users/x_domdr/projects/code/sketch-learner-no-symmetries/learning/benchmarks/blocks_4_clear/instances/p-3-19.pddl /proj/ssiw/users/x_domdr/projects/code/sketch-learner-no-symmetries/learning/benchmarks/blocks_4_clear/instances/p-3-19.pddl
2024-08-08 19:42:54,223 - Created InstanceData with num concrete states: 22 and num abstract states: 22
/proj/ssiw/users/x_domdr/projects/code/sketch-learner-no-symmetries/learning/benchmarks/blocks_4_clear/instances/p-3-5.pddl /proj/ssiw/users/x_domdr/projects/code/sketch-learner-no-symmetries/learning/benchmarks/blocks_4_clear/instances/p-3-5.pddl
2024-08-08 19:42:54,224 - Created InstanceData with num concrete states: 22 and num abstract states: 22
/proj/ssiw/users/x_domdr/projects/code/sketch-learner-no-symmetries/learning/benchmarks/blocks_4_clear/instances/p-3-8.pddl /proj/ssiw/users/x_domdr/projects/code/sketch-learner-no-symmetries/learning/benchmarks/blocks_4_clear/instances/p-3-8.pddl
2024-08-08 19:42:54,225 - Created InstanceData with num concrete states: 22 and num abstract states: 22
/proj/ssiw/users/x_domdr/projects/code/sketch-learner-no-symmetries/learning/benchmarks/blocks_4_clear/instances/p-3-29.pddl /proj/ssiw/users/x_domdr/projects/code/sketch-learner-no-symmetries/learning/benchmarks/blocks_4_clear/instances/p-3-29.pddl
2024-08-08 19:42:54,226 - Created InstanceData with num concrete states: 22 and num abstract states: 22
/proj/ssiw/users/x_domdr/projects/code/sketch-learner-no-symmetries/learning/benchmarks/blocks_4_clear/instances/p-3-24.pddl /proj/ssiw/users/x_domdr/projects/code/sketch-learner-no-symmetries/learning/benchmarks/blocks_4_clear/instances/p-3-24.pddl
2024-08-08 19:42:54,226 - Created InstanceData with num concrete states: 22 and num abstract states: 22
/proj/ssiw/users/x_domdr/projects/code/sketch-learner-no-symmetries/learning/benchmarks/blocks_4_clear/instances/p-3-2.pddl /proj/ssiw/users/x_domdr/projects/code/sketch-learner-no-symmetries/learning/benchmarks/blocks_4_clear/instances/p-3-2.pddl
2024-08-08 19:42:54,227 - Created InstanceData with num concrete states: 22 and num abstract states: 22
/proj/ssiw/users/x_domdr/projects/code/sketch-learner-no-symmetries/learning/benchmarks/blocks_4_clear/instances/p-3-10.pddl /proj/ssiw/users/x_domdr/projects/code/sketch-learner-no-symmetries/learning/benchmarks/blocks_4_clear/instances/p-3-10.pddl
2024-08-08 19:42:54,228 - Created InstanceData with num concrete states: 22 and num abstract states: 22
/proj/ssiw/users/x_domdr/projects/code/sketch-learner-no-symmetries/learning/benchmarks/blocks_4_clear/instances/p-3-11.pddl /proj/ssiw/users/x_domdr/projects/code/sketch-learner-no-symmetries/learning/benchmarks/blocks_4_clear/instances/p-3-11.pddl
2024-08-08 19:42:54,229 - Created InstanceData with num concrete states: 22 and num abstract states: 22
/proj/ssiw/users/x_domdr/projects/code/sketch-learner-no-symmetries/learning/benchmarks/blocks_4_clear/instances/p-3-13.pddl /proj/ssiw/users/x_domdr/projects/code/sketch-learner-no-symmetries/learning/benchmarks/blocks_4_clear/instances/p-3-13.pddl
2024-08-08 19:42:54,230 - Created InstanceData with num concrete states: 22 and num abstract states: 22
/proj/ssiw/users/x_domdr/projects/code/sketch-learner-no-symmetries/learning/benchmarks/blocks_4_clear/instances/p-3-15.pddl /proj/ssiw/users/x_domdr/projects/code/sketch-learner-no-symmetries/learning/benchmarks/blocks_4_clear/instances/p-3-15.pddl
2024-08-08 19:42:54,230 - Created InstanceData with num concrete states: 22 and num abstract states: 22
/proj/ssiw/users/x_domdr/projects/code/sketch-learner-no-symmetries/learning/benchmarks/blocks_4_clear/instances/p-3-26.pddl /proj/ssiw/users/x_domdr/projects/code/sketch-learner-no-symmetries/learning/benchmarks/blocks_4_clear/instances/p-3-26.pddl
2024-08-08 19:42:54,231 - Created InstanceData with num concrete states: 22 and num abstract states: 22
/proj/ssiw/users/x_domdr/projects/code/sketch-learner-no-symmetries/learning/benchmarks/blocks_4_clear/instances/p-3-6.pddl /proj/ssiw/users/x_domdr/projects/code/sketch-learner-no-symmetries/learning/benchmarks/blocks_4_clear/instances/p-3-6.pddl
2024-08-08 19:42:54,232 - Created InstanceData with num concrete states: 22 and num abstract states: 22
/proj/ssiw/users/x_domdr/projects/code/sketch-learner-no-symmetries/learning/benchmarks/blocks_4_clear/instances/p-3-25.pddl /proj/ssiw/users/x_domdr/projects/code/sketch-learner-no-symmetries/learning/benchmarks/blocks_4_clear/instances/p-3-25.pddl
2024-08-08 19:42:54,233 - Created InstanceData with num concrete states: 22 and num abstract states: 22
/proj/ssiw/users/x_domdr/projects/code/sketch-learner-no-symmetries/learning/benchmarks/blocks_4_clear/instances/p-3-3.pddl /proj/ssiw/users/x_domdr/projects/code/sketch-learner-no-symmetries/learning/benchmarks/blocks_4_clear/instances/p-3-3.pddl
2024-08-08 19:42:54,234 - Created InstanceData with num concrete states: 22 and num abstract states: 22
/proj/ssiw/users/x_domdr/projects/code/sketch-learner-no-symmetries/learning/benchmarks/blocks_4_clear/instances/p-3-23.pddl /proj/ssiw/users/x_domdr/projects/code/sketch-learner-no-symmetries/learning/benchmarks/blocks_4_clear/instances/p-3-23.pddl
2024-08-08 19:42:54,234 - Created InstanceData with num concrete states: 22 and num abstract states: 22
/proj/ssiw/users/x_domdr/projects/code/sketch-learner-no-symmetries/learning/benchmarks/blocks_4_clear/instances/p-3-7.pddl /proj/ssiw/users/x_domdr/projects/code/sketch-learner-no-symmetries/learning/benchmarks/blocks_4_clear/instances/p-3-7.pddl
2024-08-08 19:42:54,235 - Created InstanceData with num concrete states: 22 and num abstract states: 22
/proj/ssiw/users/x_domdr/projects/code/sketch-learner-no-symmetries/learning/benchmarks/blocks_4_clear/instances/p-3-4.pddl /proj/ssiw/users/x_domdr/projects/code/sketch-learner-no-symmetries/learning/benchmarks/blocks_4_clear/instances/p-3-4.pddl
2024-08-08 19:42:54,236 - Created InstanceData with num concrete states: 22 and num abstract states: 22
/proj/ssiw/users/x_domdr/projects/code/sketch-learner-no-symmetries/learning/benchmarks/blocks_4_clear/instances/p-3-14.pddl /proj/ssiw/users/x_domdr/projects/code/sketch-learner-no-symmetries/learning/benchmarks/blocks_4_clear/instances/p-3-14.pddl
2024-08-08 19:42:54,237 - Created InstanceData with num concrete states: 22 and num abstract states: 22
/proj/ssiw/users/x_domdr/projects/code/sketch-learner-no-symmetries/learning/benchmarks/blocks_4_clear/instances/p-3-12.pddl /proj/ssiw/users/x_domdr/projects/code/sketch-learner-no-symmetries/learning/benchmarks/blocks_4_clear/instances/p-3-12.pddl
2024-08-08 19:42:54,238 - Created InstanceData with num concrete states: 22 and num abstract states: 22
/proj/ssiw/users/x_domdr/projects/code/sketch-learner-no-symmetries/learning/benchmarks/blocks_4_clear/instances/p-3-27.pddl /proj/ssiw/users/x_domdr/projects/code/sketch-learner-no-symmetries/learning/benchmarks/blocks_4_clear/instances/p-3-27.pddl
2024-08-08 19:42:54,238 - Created InstanceData with num concrete states: 22 and num abstract states: 22
/proj/ssiw/users/x_domdr/projects/code/sketch-learner-no-symmetries/learning/benchmarks/blocks_4_clear/instances/p-3-9.pddl /proj/ssiw/users/x_domdr/projects/code/sketch-learner-no-symmetries/learning/benchmarks/blocks_4_clear/instances/p-3-9.pddl
2024-08-08 19:42:54,239 - Created InstanceData with num concrete states: 22 and num abstract states: 22
/proj/ssiw/users/x_domdr/projects/code/sketch-learner-no-symmetries/learning/benchmarks/blocks_4_clear/instances/p-3-17.pddl /proj/ssiw/users/x_domdr/projects/code/sketch-learner-no-symmetries/learning/benchmarks/blocks_4_clear/instances/p-3-17.pddl
2024-08-08 19:42:54,240 - Created InstanceData with num concrete states: 22 and num abstract states: 22
/proj/ssiw/users/x_domdr/projects/code/sketch-learner-no-symmetries/learning/benchmarks/blocks_4_clear/instances/p-3-20.pddl /proj/ssiw/users/x_domdr/projects/code/sketch-learner-no-symmetries/learning/benchmarks/blocks_4_clear/instances/p-3-20.pddl
2024-08-08 19:42:54,240 - Created InstanceData with num concrete states: 22 and num abstract states: 22
/proj/ssiw/users/x_domdr/projects/code/sketch-learner-no-symmetries/learning/benchmarks/blocks_4_clear/instances/p-3-0.pddl /proj/ssiw/users/x_domdr/projects/code/sketch-learner-no-symmetries/learning/benchmarks/blocks_4_clear/instances/p-3-0.pddl
2024-08-08 19:42:54,241 - Created InstanceData with num concrete states: 22 and num abstract states: 22
/proj/ssiw/users/x_domdr/projects/code/sketch-learner-no-symmetries/learning/benchmarks/blocks_4_clear/instances/p-3-28.pddl /proj/ssiw/users/x_domdr/projects/code/sketch-learner-no-symmetries/learning/benchmarks/blocks_4_clear/instances/p-3-28.pddl
2024-08-08 19:42:54,242 - Created InstanceData with num concrete states: 22 and num abstract states: 22
/proj/ssiw/users/x_domdr/projects/code/sketch-learner-no-symmetries/learning/benchmarks/blocks_4_clear/instances/p-3-22.pddl /proj/ssiw/users/x_domdr/projects/code/sketch-learner-no-symmetries/learning/benchmarks/blocks_4_clear/instances/p-3-22.pddl
2024-08-08 19:42:54,243 - Created InstanceData with num concrete states: 22 and num abstract states: 22
/proj/ssiw/users/x_domdr/projects/code/sketch-learner-no-symmetries/learning/benchmarks/blocks_4_clear/instances/p-3-21.pddl /proj/ssiw/users/x_domdr/projects/code/sketch-learner-no-symmetries/learning/benchmarks/blocks_4_clear/instances/p-3-21.pddl
2024-08-08 19:42:54,243 - Created InstanceData with num concrete states: 22 and num abstract states: 22
/proj/ssiw/users/x_domdr/projects/code/sketch-learner-no-symmetries/learning/benchmarks/blocks_4_clear/instances/p-3-16.pddl /proj/ssiw/users/x_domdr/projects/code/sketch-learner-no-symmetries/learning/benchmarks/blocks_4_clear/instances/p-3-16.pddl
2024-08-08 19:42:54,244 - Created InstanceData with num concrete states: 22 and num abstract states: 22
/proj/ssiw/users/x_domdr/projects/code/sketch-learner-no-symmetries/learning/benchmarks/blocks_4_clear/instances/p-3-1.pddl /proj/ssiw/users/x_domdr/projects/code/sketch-learner-no-symmetries/learning/benchmarks/blocks_4_clear/instances/p-3-1.pddl
2024-08-08 19:42:54,245 - Created InstanceData with num concrete states: 22 and num abstract states: 22
/proj/ssiw/users/x_domdr/projects/code/sketch-learner-no-symmetries/learning/benchmarks/blocks_4_clear/instances/p-3-18.pddl /proj/ssiw/users/x_domdr/projects/code/sketch-learner-no-symmetries/learning/benchmarks/blocks_4_clear/instances/p-3-18.pddl
2024-08-08 19:42:54,246 - Created InstanceData with num concrete states: 22 and num abstract states: 22
/proj/ssiw/users/x_domdr/projects/code/sketch-learner-no-symmetries/learning/benchmarks/blocks_4_clear/instances/p-4-4.pddl /proj/ssiw/users/x_domdr/projects/code/sketch-learner-no-symmetries/learning/benchmarks/blocks_4_clear/instances/p-4-4.pddl
2024-08-08 19:42:54,248 - Created InstanceData with num concrete states: 125 and num abstract states: 125
/proj/ssiw/users/x_domdr/projects/code/sketch-learner-no-symmetries/learning/benchmarks/blocks_4_clear/instances/p-4-1.pddl /proj/ssiw/users/x_domdr/projects/code/sketch-learner-no-symmetries/learning/benchmarks/blocks_4_clear/instances/p-4-1.pddl
2024-08-08 19:42:54,251 - Created InstanceData with num concrete states: 125 and num abstract states: 125
/proj/ssiw/users/x_domdr/projects/code/sketch-learner-no-symmetries/learning/benchmarks/blocks_4_clear/instances/p-4-26.pddl /proj/ssiw/users/x_domdr/projects/code/sketch-learner-no-symmetries/learning/benchmarks/blocks_4_clear/instances/p-4-26.pddl
2024-08-08 19:42:54,253 - Created InstanceData with num concrete states: 125 and num abstract states: 125
/proj/ssiw/users/x_domdr/projects/code/sketch-learner-no-symmetries/learning/benchmarks/blocks_4_clear/instances/p-4-28.pddl /proj/ssiw/users/x_domdr/projects/code/sketch-learner-no-symmetries/learning/benchmarks/blocks_4_clear/instances/p-4-28.pddl
2024-08-08 19:42:54,255 - Created InstanceData with num concrete states: 125 and num abstract states: 125
/proj/ssiw/users/x_domdr/projects/code/sketch-learner-no-symmetries/learning/benchmarks/blocks_4_clear/instances/p-4-6.pddl /proj/ssiw/users/x_domdr/projects/code/sketch-learner-no-symmetries/learning/benchmarks/blocks_4_clear/instances/p-4-6.pddl
2024-08-08 19:42:54,258 - Created InstanceData with num concrete states: 125 and num abstract states: 125
/proj/ssiw/users/x_domdr/projects/code/sketch-learner-no-symmetries/learning/benchmarks/blocks_4_clear/instances/p-4-13.pddl /proj/ssiw/users/x_domdr/projects/code/sketch-learner-no-symmetries/learning/benchmarks/blocks_4_clear/instances/p-4-13.pddl
2024-08-08 19:42:54,260 - Created InstanceData with num concrete states: 125 and num abstract states: 125
/proj/ssiw/users/x_domdr/projects/code/sketch-learner-no-symmetries/learning/benchmarks/blocks_4_clear/instances/p-4-2.pddl /proj/ssiw/users/x_domdr/projects/code/sketch-learner-no-symmetries/learning/benchmarks/blocks_4_clear/instances/p-4-2.pddl
2024-08-08 19:42:54,263 - Created InstanceData with num concrete states: 125 and num abstract states: 125
/proj/ssiw/users/x_domdr/projects/code/sketch-learner-no-symmetries/learning/benchmarks/blocks_4_clear/instances/p-4-11.pddl /proj/ssiw/users/x_domdr/projects/code/sketch-learner-no-symmetries/learning/benchmarks/blocks_4_clear/instances/p-4-11.pddl
2024-08-08 19:42:54,265 - Created InstanceData with num concrete states: 125 and num abstract states: 125
/proj/ssiw/users/x_domdr/projects/code/sketch-learner-no-symmetries/learning/benchmarks/blocks_4_clear/instances/p-4-9.pddl /proj/ssiw/users/x_domdr/projects/code/sketch-learner-no-symmetries/learning/benchmarks/blocks_4_clear/instances/p-4-9.pddl
2024-08-08 19:42:54,268 - Created InstanceData with num concrete states: 125 and num abstract states: 125
/proj/ssiw/users/x_domdr/projects/code/sketch-learner-no-symmetries/learning/benchmarks/blocks_4_clear/instances/p-4-29.pddl /proj/ssiw/users/x_domdr/projects/code/sketch-learner-no-symmetries/learning/benchmarks/blocks_4_clear/instances/p-4-29.pddl
2024-08-08 19:42:54,270 - Created InstanceData with num concrete states: 125 and num abstract states: 125
/proj/ssiw/users/x_domdr/projects/code/sketch-learner-no-symmetries/learning/benchmarks/blocks_4_clear/instances/p-4-17.pddl /proj/ssiw/users/x_domdr/projects/code/sketch-learner-no-symmetries/learning/benchmarks/blocks_4_clear/instances/p-4-17.pddl
2024-08-08 19:42:54,272 - Created InstanceData with num concrete states: 125 and num abstract states: 125
/proj/ssiw/users/x_domdr/projects/code/sketch-learner-no-symmetries/learning/benchmarks/blocks_4_clear/instances/p-4-19.pddl /proj/ssiw/users/x_domdr/projects/code/sketch-learner-no-symmetries/learning/benchmarks/blocks_4_clear/instances/p-4-19.pddl
2024-08-08 19:42:54,275 - Created InstanceData with num concrete states: 125 and num abstract states: 125
/proj/ssiw/users/x_domdr/projects/code/sketch-learner-no-symmetries/learning/benchmarks/blocks_4_clear/instances/p-4-22.pddl /proj/ssiw/users/x_domdr/projects/code/sketch-learner-no-symmetries/learning/benchmarks/blocks_4_clear/instances/p-4-22.pddl
2024-08-08 19:42:54,277 - Created InstanceData with num concrete states: 125 and num abstract states: 125
/proj/ssiw/users/x_domdr/projects/code/sketch-learner-no-symmetries/learning/benchmarks/blocks_4_clear/instances/p-4-16.pddl /proj/ssiw/users/x_domdr/projects/code/sketch-learner-no-symmetries/learning/benchmarks/blocks_4_clear/instances/p-4-16.pddl
2024-08-08 19:42:54,280 - Created InstanceData with num concrete states: 125 and num abstract states: 125
/proj/ssiw/users/x_domdr/projects/code/sketch-learner-no-symmetries/learning/benchmarks/blocks_4_clear/instances/p-4-25.pddl /proj/ssiw/users/x_domdr/projects/code/sketch-learner-no-symmetries/learning/benchmarks/blocks_4_clear/instances/p-4-25.pddl
2024-08-08 19:42:54,282 - Created InstanceData with num concrete states: 125 and num abstract states: 125
/proj/ssiw/users/x_domdr/projects/code/sketch-learner-no-symmetries/learning/benchmarks/blocks_4_clear/instances/p-4-18.pddl /proj/ssiw/users/x_domdr/projects/code/sketch-learner-no-symmetries/learning/benchmarks/blocks_4_clear/instances/p-4-18.pddl
2024-08-08 19:42:54,284 - Created InstanceData with num concrete states: 125 and num abstract states: 125
/proj/ssiw/users/x_domdr/projects/code/sketch-learner-no-symmetries/learning/benchmarks/blocks_4_clear/instances/p-4-10.pddl /proj/ssiw/users/x_domdr/projects/code/sketch-learner-no-symmetries/learning/benchmarks/blocks_4_clear/instances/p-4-10.pddl
2024-08-08 19:42:54,287 - Created InstanceData with num concrete states: 125 and num abstract states: 125
/proj/ssiw/users/x_domdr/projects/code/sketch-learner-no-symmetries/learning/benchmarks/blocks_4_clear/instances/p-4-24.pddl /proj/ssiw/users/x_domdr/projects/code/sketch-learner-no-symmetries/learning/benchmarks/blocks_4_clear/instances/p-4-24.pddl
2024-08-08 19:42:54,289 - Created InstanceData with num concrete states: 125 and num abstract states: 125
/proj/ssiw/users/x_domdr/projects/code/sketch-learner-no-symmetries/learning/benchmarks/blocks_4_clear/instances/p-4-3.pddl /proj/ssiw/users/x_domdr/projects/code/sketch-learner-no-symmetries/learning/benchmarks/blocks_4_clear/instances/p-4-3.pddl
2024-08-08 19:42:54,292 - Created InstanceData with num concrete states: 125 and num abstract states: 125
/proj/ssiw/users/x_domdr/projects/code/sketch-learner-no-symmetries/learning/benchmarks/blocks_4_clear/instances/p-4-0.pddl /proj/ssiw/users/x_domdr/projects/code/sketch-learner-no-symmetries/learning/benchmarks/blocks_4_clear/instances/p-4-0.pddl
2024-08-08 19:42:54,294 - Created InstanceData with num concrete states: 125 and num abstract states: 125
/proj/ssiw/users/x_domdr/projects/code/sketch-learner-no-symmetries/learning/benchmarks/blocks_4_clear/instances/p-4-8.pddl /proj/ssiw/users/x_domdr/projects/code/sketch-learner-no-symmetries/learning/benchmarks/blocks_4_clear/instances/p-4-8.pddl
2024-08-08 19:42:54,297 - Created InstanceData with num concrete states: 125 and num abstract states: 125
/proj/ssiw/users/x_domdr/projects/code/sketch-learner-no-symmetries/learning/benchmarks/blocks_4_clear/instances/p-4-20.pddl /proj/ssiw/users/x_domdr/projects/code/sketch-learner-no-symmetries/learning/benchmarks/blocks_4_clear/instances/p-4-20.pddl
2024-08-08 19:42:54,299 - Created InstanceData with num concrete states: 125 and num abstract states: 125
/proj/ssiw/users/x_domdr/projects/code/sketch-learner-no-symmetries/learning/benchmarks/blocks_4_clear/instances/p-4-23.pddl /proj/ssiw/users/x_domdr/projects/code/sketch-learner-no-symmetries/learning/benchmarks/blocks_4_clear/instances/p-4-23.pddl
2024-08-08 19:42:54,301 - Created InstanceData with num concrete states: 125 and num abstract states: 125
/proj/ssiw/users/x_domdr/projects/code/sketch-learner-no-symmetries/learning/benchmarks/blocks_4_clear/instances/p-4-14.pddl /proj/ssiw/users/x_domdr/projects/code/sketch-learner-no-symmetries/learning/benchmarks/blocks_4_clear/instances/p-4-14.pddl
2024-08-08 19:42:54,304 - Created InstanceData with num concrete states: 125 and num abstract states: 125
/proj/ssiw/users/x_domdr/projects/code/sketch-learner-no-symmetries/learning/benchmarks/blocks_4_clear/instances/p-4-15.pddl /proj/ssiw/users/x_domdr/projects/code/sketch-learner-no-symmetries/learning/benchmarks/blocks_4_clear/instances/p-4-15.pddl
2024-08-08 19:42:54,306 - Created InstanceData with num concrete states: 125 and num abstract states: 125
/proj/ssiw/users/x_domdr/projects/code/sketch-learner-no-symmetries/learning/benchmarks/blocks_4_clear/instances/p-4-27.pddl /proj/ssiw/users/x_domdr/projects/code/sketch-learner-no-symmetries/learning/benchmarks/blocks_4_clear/instances/p-4-27.pddl
2024-08-08 19:42:54,309 - Created InstanceData with num concrete states: 125 and num abstract states: 125
/proj/ssiw/users/x_domdr/projects/code/sketch-learner-no-symmetries/learning/benchmarks/blocks_4_clear/instances/p-4-12.pddl /proj/ssiw/users/x_domdr/projects/code/sketch-learner-no-symmetries/learning/benchmarks/blocks_4_clear/instances/p-4-12.pddl
2024-08-08 19:42:54,311 - Created InstanceData with num concrete states: 125 and num abstract states: 125
/proj/ssiw/users/x_domdr/projects/code/sketch-learner-no-symmetries/learning/benchmarks/blocks_4_clear/instances/p-4-7.pddl /proj/ssiw/users/x_domdr/projects/code/sketch-learner-no-symmetries/learning/benchmarks/blocks_4_clear/instances/p-4-7.pddl
2024-08-08 19:42:54,314 - Created InstanceData with num concrete states: 125 and num abstract states: 125
/proj/ssiw/users/x_domdr/projects/code/sketch-learner-no-symmetries/learning/benchmarks/blocks_4_clear/instances/p-4-5.pddl /proj/ssiw/users/x_domdr/projects/code/sketch-learner-no-symmetries/learning/benchmarks/blocks_4_clear/instances/p-4-5.pddl
2024-08-08 19:42:54,316 - Created InstanceData with num concrete states: 125 and num abstract states: 125
/proj/ssiw/users/x_domdr/projects/code/sketch-learner-no-symmetries/learning/benchmarks/blocks_4_clear/instances/p-4-21.pddl /proj/ssiw/users/x_domdr/projects/code/sketch-learner-no-symmetries/learning/benchmarks/blocks_4_clear/instances/p-4-21.pddl
2024-08-08 19:42:54,318 - Created InstanceData with num concrete states: 125 and num abstract states: 125
/proj/ssiw/users/x_domdr/projects/code/sketch-learner-no-symmetries/learning/benchmarks/blocks_4_clear/instances/p-5-29.pddl /proj/ssiw/users/x_domdr/projects/code/sketch-learner-no-symmetries/learning/benchmarks/blocks_4_clear/instances/p-5-29.pddl
2024-08-08 19:42:54,333 - Created InstanceData with num concrete states: 866 and num abstract states: 866
/proj/ssiw/users/x_domdr/projects/code/sketch-learner-no-symmetries/learning/benchmarks/blocks_4_clear/instances/p-5-8.pddl /proj/ssiw/users/x_domdr/projects/code/sketch-learner-no-symmetries/learning/benchmarks/blocks_4_clear/instances/p-5-8.pddl
2024-08-08 19:42:54,347 - Created InstanceData with num concrete states: 866 and num abstract states: 866
/proj/ssiw/users/x_domdr/projects/code/sketch-learner-no-symmetries/learning/benchmarks/blocks_4_clear/instances/p-5-16.pddl /proj/ssiw/users/x_domdr/projects/code/sketch-learner-no-symmetries/learning/benchmarks/blocks_4_clear/instances/p-5-16.pddl
2024-08-08 19:42:54,361 - Created InstanceData with num concrete states: 866 and num abstract states: 866
/proj/ssiw/users/x_domdr/projects/code/sketch-learner-no-symmetries/learning/benchmarks/blocks_4_clear/instances/p-5-25.pddl /proj/ssiw/users/x_domdr/projects/code/sketch-learner-no-symmetries/learning/benchmarks/blocks_4_clear/instances/p-5-25.pddl
2024-08-08 19:42:54,375 - Created InstanceData with num concrete states: 866 and num abstract states: 866
/proj/ssiw/users/x_domdr/projects/code/sketch-learner-no-symmetries/learning/benchmarks/blocks_4_clear/instances/p-5-21.pddl /proj/ssiw/users/x_domdr/projects/code/sketch-learner-no-symmetries/learning/benchmarks/blocks_4_clear/instances/p-5-21.pddl
2024-08-08 19:42:54,389 - Created InstanceData with num concrete states: 866 and num abstract states: 866
/proj/ssiw/users/x_domdr/projects/code/sketch-learner-no-symmetries/learning/benchmarks/blocks_4_clear/instances/p-5-14.pddl /proj/ssiw/users/x_domdr/projects/code/sketch-learner-no-symmetries/learning/benchmarks/blocks_4_clear/instances/p-5-14.pddl
2024-08-08 19:42:54,403 - Created InstanceData with num concrete states: 866 and num abstract states: 866
/proj/ssiw/users/x_domdr/projects/code/sketch-learner-no-symmetries/learning/benchmarks/blocks_4_clear/instances/p-5-10.pddl /proj/ssiw/users/x_domdr/projects/code/sketch-learner-no-symmetries/learning/benchmarks/blocks_4_clear/instances/p-5-10.pddl
2024-08-08 19:42:54,417 - Created InstanceData with num concrete states: 866 and num abstract states: 866
/proj/ssiw/users/x_domdr/projects/code/sketch-learner-no-symmetries/learning/benchmarks/blocks_4_clear/instances/p-5-11.pddl /proj/ssiw/users/x_domdr/projects/code/sketch-learner-no-symmetries/learning/benchmarks/blocks_4_clear/instances/p-5-11.pddl
2024-08-08 19:42:54,431 - Created InstanceData with num concrete states: 866 and num abstract states: 866
/proj/ssiw/users/x_domdr/projects/code/sketch-learner-no-symmetries/learning/benchmarks/blocks_4_clear/instances/p-5-28.pddl /proj/ssiw/users/x_domdr/projects/code/sketch-learner-no-symmetries/learning/benchmarks/blocks_4_clear/instances/p-5-28.pddl
2024-08-08 19:42:54,445 - Created InstanceData with num concrete states: 866 and num abstract states: 866
/proj/ssiw/users/x_domdr/projects/code/sketch-learner-no-symmetries/learning/benchmarks/blocks_4_clear/instances/p-5-12.pddl /proj/ssiw/users/x_domdr/projects/code/sketch-learner-no-symmetries/learning/benchmarks/blocks_4_clear/instances/p-5-12.pddl
2024-08-08 19:42:54,459 - Created InstanceData with num concrete states: 866 and num abstract states: 866
/proj/ssiw/users/x_domdr/projects/code/sketch-learner-no-symmetries/learning/benchmarks/blocks_4_clear/instances/p-5-22.pddl /proj/ssiw/users/x_domdr/projects/code/sketch-learner-no-symmetries/learning/benchmarks/blocks_4_clear/instances/p-5-22.pddl
2024-08-08 19:42:54,473 - Created InstanceData with num concrete states: 866 and num abstract states: 866
/proj/ssiw/users/x_domdr/projects/code/sketch-learner-no-symmetries/learning/benchmarks/blocks_4_clear/instances/p-5-13.pddl /proj/ssiw/users/x_domdr/projects/code/sketch-learner-no-symmetries/learning/benchmarks/blocks_4_clear/instances/p-5-13.pddl
2024-08-08 19:42:54,487 - Created InstanceData with num concrete states: 866 and num abstract states: 866
/proj/ssiw/users/x_domdr/projects/code/sketch-learner-no-symmetries/learning/benchmarks/blocks_4_clear/instances/p-5-15.pddl /proj/ssiw/users/x_domdr/projects/code/sketch-learner-no-symmetries/learning/benchmarks/blocks_4_clear/instances/p-5-15.pddl
2024-08-08 19:42:54,500 - Created InstanceData with num concrete states: 866 and num abstract states: 866
/proj/ssiw/users/x_domdr/projects/code/sketch-learner-no-symmetries/learning/benchmarks/blocks_4_clear/instances/p-5-19.pddl /proj/ssiw/users/x_domdr/projects/code/sketch-learner-no-symmetries/learning/benchmarks/blocks_4_clear/instances/p-5-19.pddl
2024-08-08 19:42:54,514 - Created InstanceData with num concrete states: 866 and num abstract states: 866
/proj/ssiw/users/x_domdr/projects/code/sketch-learner-no-symmetries/learning/benchmarks/blocks_4_clear/instances/p-5-20.pddl /proj/ssiw/users/x_domdr/projects/code/sketch-learner-no-symmetries/learning/benchmarks/blocks_4_clear/instances/p-5-20.pddl
2024-08-08 19:42:54,528 - Created InstanceData with num concrete states: 866 and num abstract states: 866
/proj/ssiw/users/x_domdr/projects/code/sketch-learner-no-symmetries/learning/benchmarks/blocks_4_clear/instances/p-5-1.pddl /proj/ssiw/users/x_domdr/projects/code/sketch-learner-no-symmetries/learning/benchmarks/blocks_4_clear/instances/p-5-1.pddl
2024-08-08 19:42:54,543 - Created InstanceData with num concrete states: 866 and num abstract states: 866
/proj/ssiw/users/x_domdr/projects/code/sketch-learner-no-symmetries/learning/benchmarks/blocks_4_clear/instances/p-5-24.pddl /proj/ssiw/users/x_domdr/projects/code/sketch-learner-no-symmetries/learning/benchmarks/blocks_4_clear/instances/p-5-24.pddl
2024-08-08 19:42:54,556 - Created InstanceData with num concrete states: 866 and num abstract states: 866
/proj/ssiw/users/x_domdr/projects/code/sketch-learner-no-symmetries/learning/benchmarks/blocks_4_clear/instances/p-5-0.pddl /proj/ssiw/users/x_domdr/projects/code/sketch-learner-no-symmetries/learning/benchmarks/blocks_4_clear/instances/p-5-0.pddl
2024-08-08 19:42:54,571 - Created InstanceData with num concrete states: 866 and num abstract states: 866
/proj/ssiw/users/x_domdr/projects/code/sketch-learner-no-symmetries/learning/benchmarks/blocks_4_clear/instances/p-5-18.pddl /proj/ssiw/users/x_domdr/projects/code/sketch-learner-no-symmetries/learning/benchmarks/blocks_4_clear/instances/p-5-18.pddl
2024-08-08 19:42:54,584 - Created InstanceData with num concrete states: 866 and num abstract states: 866
/proj/ssiw/users/x_domdr/projects/code/sketch-learner-no-symmetries/learning/benchmarks/blocks_4_clear/instances/p-5-6.pddl /proj/ssiw/users/x_domdr/projects/code/sketch-learner-no-symmetries/learning/benchmarks/blocks_4_clear/instances/p-5-6.pddl
2024-08-08 19:42:54,598 - Created InstanceData with num concrete states: 866 and num abstract states: 866
/proj/ssiw/users/x_domdr/projects/code/sketch-learner-no-symmetries/learning/benchmarks/blocks_4_clear/instances/p-5-5.pddl /proj/ssiw/users/x_domdr/projects/code/sketch-learner-no-symmetries/learning/benchmarks/blocks_4_clear/instances/p-5-5.pddl
2024-08-08 19:42:54,612 - Created InstanceData with num concrete states: 866 and num abstract states: 866
/proj/ssiw/users/x_domdr/projects/code/sketch-learner-no-symmetries/learning/benchmarks/blocks_4_clear/instances/p-5-27.pddl /proj/ssiw/users/x_domdr/projects/code/sketch-learner-no-symmetries/learning/benchmarks/blocks_4_clear/instances/p-5-27.pddl
2024-08-08 19:42:54,626 - Created InstanceData with num concrete states: 866 and num abstract states: 866
/proj/ssiw/users/x_domdr/projects/code/sketch-learner-no-symmetries/learning/benchmarks/blocks_4_clear/instances/p-5-17.pddl /proj/ssiw/users/x_domdr/projects/code/sketch-learner-no-symmetries/learning/benchmarks/blocks_4_clear/instances/p-5-17.pddl
2024-08-08 19:42:54,640 - Created InstanceData with num concrete states: 866 and num abstract states: 866
/proj/ssiw/users/x_domdr/projects/code/sketch-learner-no-symmetries/learning/benchmarks/blocks_4_clear/instances/p-5-23.pddl /proj/ssiw/users/x_domdr/projects/code/sketch-learner-no-symmetries/learning/benchmarks/blocks_4_clear/instances/p-5-23.pddl
2024-08-08 19:42:54,654 - Created InstanceData with num concrete states: 866 and num abstract states: 866
/proj/ssiw/users/x_domdr/projects/code/sketch-learner-no-symmetries/learning/benchmarks/blocks_4_clear/instances/p-5-4.pddl /proj/ssiw/users/x_domdr/projects/code/sketch-learner-no-symmetries/learning/benchmarks/blocks_4_clear/instances/p-5-4.pddl
2024-08-08 19:42:54,668 - Created InstanceData with num concrete states: 866 and num abstract states: 866
/proj/ssiw/users/x_domdr/projects/code/sketch-learner-no-symmetries/learning/benchmarks/blocks_4_clear/instances/p-5-2.pddl /proj/ssiw/users/x_domdr/projects/code/sketch-learner-no-symmetries/learning/benchmarks/blocks_4_clear/instances/p-5-2.pddl
2024-08-08 19:42:54,682 - Created InstanceData with num concrete states: 866 and num abstract states: 866
/proj/ssiw/users/x_domdr/projects/code/sketch-learner-no-symmetries/learning/benchmarks/blocks_4_clear/instances/p-5-3.pddl /proj/ssiw/users/x_domdr/projects/code/sketch-learner-no-symmetries/learning/benchmarks/blocks_4_clear/instances/p-5-3.pddl
2024-08-08 19:42:54,696 - Created InstanceData with num concrete states: 866 and num abstract states: 866
/proj/ssiw/users/x_domdr/projects/code/sketch-learner-no-symmetries/learning/benchmarks/blocks_4_clear/instances/p-5-7.pddl /proj/ssiw/users/x_domdr/projects/code/sketch-learner-no-symmetries/learning/benchmarks/blocks_4_clear/instances/p-5-7.pddl
2024-08-08 19:42:54,710 - Created InstanceData with num concrete states: 866 and num abstract states: 866
/proj/ssiw/users/x_domdr/projects/code/sketch-learner-no-symmetries/learning/benchmarks/blocks_4_clear/instances/p-5-9.pddl /proj/ssiw/users/x_domdr/projects/code/sketch-learner-no-symmetries/learning/benchmarks/blocks_4_clear/instances/p-5-9.pddl
2024-08-08 19:42:54,724 - Created InstanceData with num concrete states: 866 and num abstract states: 866
/proj/ssiw/users/x_domdr/projects/code/sketch-learner-no-symmetries/learning/benchmarks/blocks_4_clear/instances/p-5-26.pddl /proj/ssiw/users/x_domdr/projects/code/sketch-learner-no-symmetries/learning/benchmarks/blocks_4_clear/instances/p-5-26.pddl
2024-08-08 19:42:54,738 - Created InstanceData with num concrete states: 866 and num abstract states: 866
2024-08-08 19:42:54,738 - ..done
2024-08-08 19:42:54,738 - Initializing TupleGraphs...
2024-08-08 19:42:55,208 - ..done
2024-08-08 19:42:55,209 - Iteration: 0
     id: 0 problem_filepath: /proj/ssiw/users/x_domdr/projects/code/sketch-learner-no-symmetries/learning/benchmarks/blocks_4_clear/instances/p-2-17.pddl num_states: 5
2024-08-08 19:42:55,210 - Initializing DomainFeatureData...
[t=2.4412s, 2498068 KB] Started generating base features of complexity 1.
[t=2.44156s, 2498068 KB] Complexity 1:
    b_nullary: 2
    c_one_of: 1
    c_top: 1
    c_bot: 1
    c_primitive: 3
    r_primitive: 2
    c_and: 0
    c_not: 0
    c_equal: 0
    c_some: 0
    c_all: 0
    r_restrict: 0
    r_and: 0
    r_inverse: 0
    r_transitive_closure: 0
    b_empty: 0
    n_count: 0
    n_concept_distance: 0
[t=2.44192s, 2498068 KB] Finished generating base features.
[t=2.44196s, 2498068 KB] Started generating composite features. 
[t=2.44224s, 2498068 KB] Complexity 2:
Total concept elements: 10
Total role elements: 3
Total numerical elements: 6
Total boolean elements: 4
    b_nullary: 2
    c_one_of: 1
    c_top: 1
    c_bot: 1
    c_primitive: 3
    r_primitive: 2
    c_and: 0
    c_not: 4
    c_equal: 0
    c_some: 0
    c_all: 0
    r_restrict: 0
    r_and: 0
    r_inverse: 1
    r_transitive_closure: 0
    b_empty: 2
    n_count: 6
    n_concept_distance: 0
[t=2.44286s, 2498068 KB] Complexity 3:
Total concept elements: 18
Total role elements: 4
Total numerical elements: 8
Total boolean elements: 5
    b_nullary: 2
    c_one_of: 1
    c_top: 1
    c_bot: 1
    c_primitive: 3
    r_primitive: 2
    c_and: 4
    c_not: 4
    c_equal: 1
    c_some: 2
    c_all: 1
    r_restrict: 1
    r_and: 0
    r_inverse: 1
    r_transitive_closure: 0
    b_empty: 3
    n_count: 8
    n_concept_distance: 0
[t=2.4434s, 2498068 KB] Complexity 4:
Total concept elements: 34
Total role elements: 5
Total numerical elements: 20
Total boolean elements: 10
    b_nullary: 2
    c_one_of: 1
    c_top: 1
    c_bot: 1
    c_primitive: 3
    r_primitive: 2
    c_and: 11
    c_not: 10
    c_equal: 1
    c_some: 3
    c_all: 3
    r_restrict: 1
    r_and: 0
    r_inverse: 2
    r_transitive_closure: 0
    b_empty: 8
    n_count: 15
    n_concept_distance: 5
[t=2.44409s, 2498068 KB] Complexity 5:
Total concept elements: 48
Total role elements: 5
Total numerical elements: 42
Total boolean elements: 17
    b_nullary: 2
    c_one_of: 1
    c_top: 1
    c_bot: 1
    c_primitive: 3
    r_primitive: 2
    c_and: 17
    c_not: 18
    c_equal: 1
    c_some: 3
    c_all: 3
    r_restrict: 1
    r_and: 0
    r_inverse: 2
    r_transitive_closure: 0
    b_empty: 15
    n_count: 27
    n_concept_distance: 15
[t=2.44509s, 2498068 KB] Complexity 6:
Total concept elements: 64
Total role elements: 5
Total numerical elements: 61
Total boolean elements: 22
    b_nullary: 2
    c_one_of: 1
    c_top: 1
    c_bot: 1
    c_primitive: 3
    r_primitive: 2
    c_and: 27
    c_not: 24
    c_equal: 1
    c_some: 3
    c_all: 3
    r_restrict: 1
    r_and: 0
    r_inverse: 2
    r_transitive_closure: 0
    b_empty: 20
    n_count: 39
    n_concept_distance: 22
[t=2.44628s, 2498068 KB] Complexity 7:
Total concept elements: 86
Total role elements: 5
Total numerical elements: 78
Total boolean elements: 26
    b_nullary: 2
    c_one_of: 1
    c_top: 1
    c_bot: 1
    c_primitive: 3
    r_primitive: 2
    c_and: 41
    c_not: 32
    c_equal: 1
    c_some: 3
    c_all: 3
    r_restrict: 1
    r_and: 0
    r_inverse: 2
    r_transitive_closure: 0
    b_empty: 24
    n_count: 51
    n_concept_distance: 27
[t=2.4478s, 2498068 KB] Complexity 8:
Total concept elements: 107
Total role elements: 5
Total numerical elements: 91
Total boolean elements: 28
    b_nullary: 2
    c_one_of: 1
    c_top: 1
    c_bot: 1
    c_primitive: 3
    r_primitive: 2
    c_and: 54
    c_not: 40
    c_equal: 1
    c_some: 3
    c_all: 3
    r_restrict: 1
    r_and: 0
    r_inverse: 2
    r_transitive_closure: 0
    b_empty: 26
    n_count: 61
    n_concept_distance: 30
[t=2.44988s, 2498068 KB] Complexity 9:
Total concept elements: 123
Total role elements: 5
Total numerical elements: 101
Total boolean elements: 28
    b_nullary: 2
    c_one_of: 1
    c_top: 1
    c_bot: 1
    c_primitive: 3
    r_primitive: 2
    c_and: 69
    c_not: 41
    c_equal: 1
    c_some: 3
    c_all: 3
    r_restrict: 1
    r_and: 0
    r_inverse: 2
    r_transitive_closure: 0
    b_empty: 26
    n_count: 70
    n_concept_distance: 31
[t=2.45025s, 2498068 KB] Finished generating composite features.
Features generated: 129
Features after 0/1 pruning (incomplete): 98
Features after soft changes pruning (incomplete): 98
Features after relevant changes pruning (complete): 41
2024-08-08 19:42:55,241 - ..done
2024-08-08 19:42:55,242 - Constructing PerStateFeatureValuations...
2024-08-08 19:42:55,242 - ..done
2024-08-08 19:42:55,242 - Constructing StatePairEquivalenceDatas...
2024-08-08 19:42:55,246 - ..done
2024-08-08 19:42:55,246 - Constructing TupleGraphEquivalences...
Tuple graph equivalence construction statistics:
Num nodes: 13
2024-08-08 19:42:55,246 - ..done
2024-08-08 19:42:55,246 - Minimizing TupleGraphEquivalences...
2024-08-08 19:42:55,246 - ..done
Number of initial D2 facts: 11
Number of D2 facts: 11 of 169
2024-08-08 19:42:55,258 - Grounding Logic Program...
2024-08-08 19:42:55,269 - ..done
2024-08-08 19:42:55,269 - Solving Logic Program...
2024-08-08 19:42:55,272 - ..done
Clingo statistics:
{'call': 0.0, 'result': 1.0, 'signal': 0.0, 'exhausted': 1.0, 'costs': [0.0], 'lower': [0.0], 'concurrency': 32.0, 'winner': 23.0, 'times': {'total': 0.024664878845214844, 'cpu': 0.030130999999999908, 'solve': 0.0020558834075927734, 'unsat': 0.0007269382476806641, 'sat': 0.0013289451599121094}, 'models': {'enumerated': 1.0, 'optimal': 1.0}}
Solution cost: [0.0]
Total time: 0.024664878845214844
CPU time: 0.030130999999999908
Solve time: 0.0020558834075927734
2024-08-08 19:42:55,278 - Learned the following sketch:
(:policy
(:booleans )
(:numericals )
(:rule (:conditions ) (:effects ))
)
Numer of sketch rules: 1
Number of selected features: 0
Maximum complexity of selected feature: 0
Sketch cycles
Instance: 0
4
4
Number of unsatisfied D2 facts: 36
Number of D2 facts: 47 of 169
2024-08-08 19:42:55,306 - Grounding Logic Program...
2024-08-08 19:42:55,316 - ..done
2024-08-08 19:42:55,316 - Solving Logic Program...
2024-08-08 19:42:55,319 - ..done
Clingo statistics:
{'call': 0.0, 'result': 1.0, 'signal': 0.0, 'exhausted': 1.0, 'costs': [3.0], 'lower': [3.0], 'concurrency': 32.0, 'winner': 8.0, 'times': {'total': 0.04096484184265137, 'cpu': 0.05125700000000011, 'solve': 0.0023589134216308594, 'unsat': 0.00055694580078125, 'sat': 0.0017080307006835938}, 'models': {'enumerated': 3.0, 'optimal': 1.0}}
Solution cost: [3.0]
Total time: 0.04096484184265137
CPU time: 0.05125700000000011
Solve time: 0.0023589134216308594
2024-08-08 19:42:55,326 - Learned the following sketch:
(:policy
(:booleans (f32 "b_nullary(arm-empty)"))
(:numericals )
(:rule (:conditions (:c_b_pos f32)) (:effects (:e_b_neg f32)))
(:rule (:conditions (:c_b_neg f32)) (:effects (:e_b_pos f32)))
)
Numer of sketch rules: 2
Number of selected features: 1
Maximum complexity of selected feature: 1
2024-08-08 19:42:55,326 - Verifying learned sketch...
Sketch cycles
Instance: 30
17
18
19
18
2024-08-08 19:42:55,333 - ..done
Smallest unsolved instance: 30
Selected instances: [30]
2024-08-08 19:42:55,333 - Iteration: 1
     id: 30 problem_filepath: /proj/ssiw/users/x_domdr/projects/code/sketch-learner-no-symmetries/learning/benchmarks/blocks_4_clear/instances/p-3-19.pddl num_states: 22
2024-08-08 19:42:55,334 - Initializing DomainFeatureData...
[t=2.56499s, 2498068 KB] Started generating base features of complexity 1.
[t=2.56516s, 2498068 KB] Complexity 1:
    b_nullary: 2
    c_one_of: 1
    c_top: 1
    c_bot: 1
    c_primitive: 3
    r_primitive: 2
    c_and: 0
    c_not: 0
    c_equal: 0
    c_some: 0
    c_all: 0
    r_restrict: 0
    r_and: 0
    r_inverse: 0
    r_transitive_closure: 0
    b_empty: 0
    n_count: 0
    n_concept_distance: 0
[t=2.56556s, 2498068 KB] Finished generating base features.
[t=2.56561s, 2498068 KB] Started generating composite features. 
[t=2.56576s, 2498068 KB] Complexity 2:
Total concept elements: 10
Total role elements: 4
Total numerical elements: 6
Total boolean elements: 4
    b_nullary: 2
    c_one_of: 1
    c_top: 1
    c_bot: 1
    c_primitive: 3
    r_primitive: 2
    c_and: 0
    c_not: 4
    c_equal: 0
    c_some: 0
    c_all: 0
    r_restrict: 0
    r_and: 0
    r_inverse: 1
    r_transitive_closure: 1
    b_empty: 2
    n_count: 6
    n_concept_distance: 0
[t=2.56658s, 2498068 KB] Complexity 3:
Total concept elements: 20
Total role elements: 7
Total numerical elements: 10
Total boolean elements: 5
    b_nullary: 2
    c_one_of: 1
    c_top: 1
    c_bot: 1
    c_primitive: 3
    r_primitive: 2
    c_and: 4
    c_not: 4
    c_equal: 1
    c_some: 3
    c_all: 2
    r_restrict: 2
    r_and: 0
    r_inverse: 2
    r_transitive_closure: 1
    b_empty: 3
    n_count: 10
    n_concept_distance: 0
[t=2.56746s, 2498068 KB] Complexity 4:
Total concept elements: 44
Total role elements: 9
Total numerical elements: 24
Total boolean elements: 10
    b_nullary: 2
    c_one_of: 1
    c_top: 1
    c_bot: 1
    c_primitive: 3
    r_primitive: 2
    c_and: 12
    c_not: 12
    c_equal: 1
    c_some: 7
    c_all: 6
    r_restrict: 2
    r_and: 0
    r_inverse: 4
    r_transitive_closure: 1
    b_empty: 8
    n_count: 19
    n_concept_distance: 5
[t=2.56897s, 2498068 KB] Complexity 5:
Total concept elements: 80
Total role elements: 9
Total numerical elements: 47
Total boolean elements: 19
    b_nullary: 2
    c_one_of: 1
    c_top: 1
    c_bot: 1
    c_primitive: 3
    r_primitive: 2
    c_and: 25
    c_not: 26
    c_equal: 1
    c_some: 11
    c_all: 11
    r_restrict: 2
    r_and: 0
    r_inverse: 4
    r_transitive_closure: 1
    b_empty: 17
    n_count: 37
    n_concept_distance: 10
[t=2.57155s, 2498068 KB] Complexity 6:
Total concept elements: 146
Total role elements: 9
Total numerical elements: 86
Total boolean elements: 33
    b_nullary: 2
    c_one_of: 1
    c_top: 1
    c_bot: 1
    c_primitive: 3
    r_primitive: 2
    c_and: 59
    c_not: 48
    c_equal: 1
    c_some: 13
    c_all: 19
    r_restrict: 2
    r_and: 0
    r_inverse: 4
    r_transitive_closure: 1
    b_empty: 31
    n_count: 68
    n_concept_distance: 18
[t=2.57593s, 2498068 KB] Complexity 7:
Total concept elements: 260
Total role elements: 9
Total numerical elements: 147
Total boolean elements: 50
    b_nullary: 2
    c_one_of: 1
    c_top: 1
    c_bot: 1
    c_primitive: 3
    r_primitive: 2
    c_and: 118
    c_not: 79
    c_equal: 1
    c_some: 24
    c_all: 32
    r_restrict: 2
    r_and: 0
    r_inverse: 4
    r_transitive_closure: 1
    b_empty: 48
    n_count: 113
    n_concept_distance: 34
[t=2.58378s, 2498068 KB] Complexity 8:
Total concept elements: 447
Total role elements: 9
Total numerical elements: 241
Total boolean elements: 76
    b_nullary: 2
    c_one_of: 1
    c_top: 1
    c_bot: 1
    c_primitive: 3
    r_primitive: 2
    c_and: 218
    c_not: 148
    c_equal: 1
    c_some: 33
    c_all: 41
    r_restrict: 2
    r_and: 0
    r_inverse: 4
    r_transitive_closure: 1
    b_empty: 74
    n_count: 191
    n_concept_distance: 50
[t=2.59872s, 2498068 KB] Complexity 9:
Total concept elements: 735
Total role elements: 9
Total numerical elements: 393
Total boolean elements: 110
    b_nullary: 2
    c_one_of: 1
    c_top: 1
    c_bot: 1
    c_primitive: 3
    r_primitive: 2
    c_and: 392
    c_not: 228
    c_equal: 1
    c_some: 42
    c_all: 66
    r_restrict: 2
    r_and: 0
    r_inverse: 4
    r_transitive_closure: 1
    b_empty: 108
    n_count: 318
    n_concept_distance: 75
[t=2.59907s, 2498068 KB] Finished generating composite features.
Features generated: 503
Features after 0/1 pruning (incomplete): 360
Features after soft changes pruning (incomplete): 352
Features after relevant changes pruning (complete): 245
2024-08-08 19:42:55,701 - ..done
2024-08-08 19:42:55,701 - Constructing PerStateFeatureValuations...
2024-08-08 19:42:55,705 - ..done
2024-08-08 19:42:55,705 - Constructing StatePairEquivalenceDatas...
2024-08-08 19:42:55,816 - ..done
2024-08-08 19:42:55,816 - Constructing TupleGraphEquivalences...
Tuple graph equivalence construction statistics:
Num nodes: 64
2024-08-08 19:42:55,818 - ..done
2024-08-08 19:42:55,818 - Minimizing TupleGraphEquivalences...
2024-08-08 19:42:55,818 - ..done
Number of initial D2 facts: 33
Number of D2 facts: 33 of 1156
2024-08-08 19:42:55,963 - Grounding Logic Program...
2024-08-08 19:42:56,086 - ..done
2024-08-08 19:42:56,086 - Solving Logic Program...
2024-08-08 19:42:56,099 - ..done
Clingo statistics:
{'call': 0.0, 'result': 1.0, 'signal': 0.0, 'exhausted': 1.0, 'costs': [3.0], 'lower': [3.0], 'concurrency': 32.0, 'winner': 27.0, 'times': {'total': 0.2800118923187256, 'cpu': 0.30233399999999966, 'solve': 0.00742793083190918, 'unsat': 0.0025980472564697266, 'sat': 0.0026400089263916016}, 'models': {'enumerated': 8.0, 'optimal': 1.0}}
Solution cost: [3.0]
Total time: 0.2800118923187256
CPU time: 0.30233399999999966
Solve time: 0.00742793083190918
2024-08-08 19:42:56,160 - Learned the following sketch:
(:policy
(:booleans )
(:numericals (f35 "n_count(r_primitive(on,0,1))"))
(:rule (:conditions (:c_n_gt f35)) (:effects (:e_n_dec f35)))
(:rule (:conditions (:c_n_gt f35)) (:effects (:e_n_bot f35)))
(:rule (:conditions (:c_n_gt f35)) (:effects (:e_n_inc f35)))
(:rule (:conditions (:c_n_eq f35)) (:effects (:e_n_inc f35)))
)
Numer of sketch rules: 4
Number of selected features: 1
Maximum complexity of selected feature: 2
Sketch cycles
Instance: 30
20
20
Number of unsatisfied D2 facts: 49
Number of D2 facts: 82 of 1156
2024-08-08 19:42:56,638 - Grounding Logic Program...
2024-08-08 19:42:56,764 - ..done
2024-08-08 19:42:56,765 - Solving Logic Program...
2024-08-08 19:42:56,776 - ..done
Clingo statistics:
{'call': 0.0, 'result': 1.0, 'signal': 0.0, 'exhausted': 1.0, 'costs': [4.0], 'lower': [4.0], 'concurrency': 32.0, 'winner': 11.0, 'times': {'total': 0.6144189834594727, 'cpu': 0.5738969999999997, 'solve': 0.004855155944824219, 'unsat': 0.0006260871887207031, 'sat': 0.002070188522338867}, 'models': {'enumerated': 10.0, 'optimal': 1.0}}
Solution cost: [4.0]
Total time: 0.6144189834594727
CPU time: 0.5738969999999997
Solve time: 0.004855155944824219
2024-08-08 19:42:56,840 - Learned the following sketch:
(:policy
(:booleans )
(:numericals (f203 "n_count(c_not(c_primitive(on-table,0)))"))
(:rule (:conditions (:c_n_gt f203)) (:effects (:e_n_bot f203)))
(:rule (:conditions (:c_n_gt f203)) (:effects (:e_n_dec f203)))
(:rule (:conditions (:c_n_eq f203)) (:effects (:e_n_inc f203)))
)
Numer of sketch rules: 3
Number of selected features: 1
Maximum complexity of selected feature: 3
Sketch cycles
Instance: 30
20
20
Number of unsatisfied D2 facts: 118
Number of D2 facts: 200 of 1156
2024-08-08 19:42:57,265 - Grounding Logic Program...
2024-08-08 19:42:57,434 - ..done
2024-08-08 19:42:57,434 - Solving Logic Program...
2024-08-08 19:42:57,449 - ..done
Clingo statistics:
{'call': 0.0, 'result': 1.0, 'signal': 0.0, 'exhausted': 1.0, 'costs': [6.0], 'lower': [6.0], 'concurrency': 32.0, 'winner': 7.0, 'times': {'total': 0.6076869964599609, 'cpu': 0.656631, 'solve': 0.006129026412963867, 'unsat': 0.002231121063232422, 'sat': 0.00323486328125}, 'models': {'enumerated': 5.0, 'optimal': 1.0}}
Solution cost: [6.0]
Total time: 0.6076869964599609
CPU time: 0.656631
Solve time: 0.006129026412963867
2024-08-08 19:42:57,519 - Learned the following sketch:
(:policy
(:booleans (f114 "b_nullary(arm-empty)"))
(:numericals (f35 "n_count(r_primitive(on,0,1))"))
(:rule (:conditions (:c_b_pos f114) (:c_n_gt f35)) (:effects (:e_b_neg f114) (:e_n_dec f35)))
(:rule (:conditions (:c_b_neg f114) (:c_n_gt f35)) (:effects (:e_b_pos f114) (:e_n_bot f35)))
(:rule (:conditions (:c_b_neg f114) (:c_n_eq f35)) (:effects (:e_b_pos f114) (:e_n_bot f35)))
(:rule (:conditions (:c_b_neg f114) (:c_n_eq f35)) (:effects (:e_b_pos f114) (:e_n_inc f35)))
)
Numer of sketch rules: 4
Number of selected features: 2
Maximum complexity of selected feature: 2
2024-08-08 19:42:57,520 - Verifying learned sketch...
2024-08-08 19:42:58,854 - ..done
Sketch solves all instances!
================================================================================
2024-08-08 19:42:58,854 - Summary:
LearningStatistics:
    num_training_instances: 120
    num_selected_training_instances (|P|): 1
    num_states_in_selected_training_instances (|S|): 22
    num_states_in_complete_selected_training_instances (|S|): 22
    num_features_in_pool (|F|): 245
================================================================================
Resulting sketch:
(:policy
(:booleans (f114 "b_nullary(arm-empty)"))
(:numericals (f35 "n_count(r_primitive(on,0,1))"))
(:rule (:conditions (:c_b_pos f114) (:c_n_gt f35)) (:effects (:e_b_neg f114) (:e_n_dec f35)))
(:rule (:conditions (:c_b_neg f114) (:c_n_gt f35)) (:effects (:e_b_pos f114) (:e_n_bot f35)))
(:rule (:conditions (:c_b_neg f114) (:c_n_eq f35)) (:effects (:e_b_pos f114) (:e_n_bot f35)))
(:rule (:conditions (:c_b_neg f114) (:c_n_eq f35)) (:effects (:e_b_pos f114) (:e_n_inc f35)))
)
Numer of sketch rules: 4
Number of selected features: 2
Maximum complexity of selected feature: 2
================================================================================
Resulting minimized sketch:
(:policy
(:booleans (f114 "b_nullary(arm-empty)"))
(:numericals (f35 "n_count(r_primitive(on,0,1))"))
(:rule (:conditions (:c_b_neg f114)) (:effects (:e_b_pos f114) (:e_n_bot f35)))
(:rule (:conditions (:c_b_pos f114) (:c_n_gt f35)) (:effects (:e_b_neg f114) (:e_n_dec f35)))
(:rule (:conditions (:c_b_neg f114) (:c_n_eq f35)) (:effects (:e_b_pos f114) (:e_n_inc f35)))
)
Numer of sketch rules: 3
Number of selected features: 2
Maximum complexity of selected feature: 2
================================================================================
================================================================================
Preprocessing time: 2 seconds.
ASP time: 2 seconds.
Verification time: 2 seconds.
Total time: 5 seconds.
Total memory: 0 GiB.
Num states in training data: 30540
================================================================================

