Changing working directory:  /proj/ssiw/users/x_domdr/projects/code/sketch-learner/learning/experiments/scripts/workspace-ipc2023/spanner_2
2024-09-14 14:03:23,263 - Constructing InstanceDatas...
2024-09-14 14:03:23,734 - Constructing GlobalFaithfulAbstractions...
2024-09-14 14:03:30,018 - ...done
2024-09-14 14:03:30,022 - Constructing StateSpaces...
2024-09-14 14:03:30,074 - ...done
/proj/ssiw/users/x_domdr/projects/code/sketch-learner/learning/benchmarks/ipc2023/spanner/training/easy/p01.pddl /proj/ssiw/users/x_domdr/projects/code/sketch-learner/learning/benchmarks/ipc2023/spanner/training/easy/p01.pddl
2024-09-14 14:03:30,080 - Created InstanceData with num concrete states: 6 and num abstract states: 6
/proj/ssiw/users/x_domdr/projects/code/sketch-learner/learning/benchmarks/ipc2023/spanner/training/easy/p05.pddl /proj/ssiw/users/x_domdr/projects/code/sketch-learner/learning/benchmarks/ipc2023/spanner/training/easy/p05.pddl
2024-09-14 14:03:30,081 - Created InstanceData with num concrete states: 7 and num abstract states: 7
/proj/ssiw/users/x_domdr/projects/code/sketch-learner/learning/benchmarks/ipc2023/spanner/training/easy/p04.pddl /proj/ssiw/users/x_domdr/projects/code/sketch-learner/learning/benchmarks/ipc2023/spanner/training/easy/p04.pddl
2024-09-14 14:03:30,082 - Created InstanceData with num concrete states: 8 and num abstract states: 8
/proj/ssiw/users/x_domdr/projects/code/sketch-learner/learning/benchmarks/ipc2023/spanner/training/easy/p02.pddl /proj/ssiw/users/x_domdr/projects/code/sketch-learner/learning/benchmarks/ipc2023/spanner/training/easy/p02.pddl
2024-09-14 14:03:30,083 - Created InstanceData with num concrete states: 13 and num abstract states: 9
/proj/ssiw/users/x_domdr/projects/code/sketch-learner/learning/benchmarks/ipc2023/spanner/training/easy/p08.pddl /proj/ssiw/users/x_domdr/projects/code/sketch-learner/learning/benchmarks/ipc2023/spanner/training/easy/p08.pddl
2024-09-14 14:03:30,084 - Created InstanceData with num concrete states: 14 and num abstract states: 10
/proj/ssiw/users/x_domdr/projects/code/sketch-learner/learning/benchmarks/ipc2023/spanner/training/easy/p03.pddl /proj/ssiw/users/x_domdr/projects/code/sketch-learner/learning/benchmarks/ipc2023/spanner/training/easy/p03.pddl
2024-09-14 14:03:30,085 - Created InstanceData with num concrete states: 18 and num abstract states: 10
/proj/ssiw/users/x_domdr/projects/code/sketch-learner/learning/benchmarks/ipc2023/spanner/training/easy/p18.pddl /proj/ssiw/users/x_domdr/projects/code/sketch-learner/learning/benchmarks/ipc2023/spanner/training/easy/p18.pddl
2024-09-14 14:03:30,086 - Created InstanceData with num concrete states: 10 and num abstract states: 10
/proj/ssiw/users/x_domdr/projects/code/sketch-learner/learning/benchmarks/ipc2023/spanner/training/easy/p11.pddl /proj/ssiw/users/x_domdr/projects/code/sketch-learner/learning/benchmarks/ipc2023/spanner/training/easy/p11.pddl
2024-09-14 14:03:30,087 - Created InstanceData with num concrete states: 19 and num abstract states: 11
/proj/ssiw/users/x_domdr/projects/code/sketch-learner/learning/benchmarks/ipc2023/spanner/training/easy/p06.pddl /proj/ssiw/users/x_domdr/projects/code/sketch-learner/learning/benchmarks/ipc2023/spanner/training/easy/p06.pddl
2024-09-14 14:03:30,088 - Created InstanceData with num concrete states: 17 and num abstract states: 12
/proj/ssiw/users/x_domdr/projects/code/sketch-learner/learning/benchmarks/ipc2023/spanner/training/easy/p09.pddl /proj/ssiw/users/x_domdr/projects/code/sketch-learner/learning/benchmarks/ipc2023/spanner/training/easy/p09.pddl
2024-09-14 14:03:30,090 - Created InstanceData with num concrete states: 22 and num abstract states: 13
/proj/ssiw/users/x_domdr/projects/code/sketch-learner/learning/benchmarks/ipc2023/spanner/training/easy/p07.pddl /proj/ssiw/users/x_domdr/projects/code/sketch-learner/learning/benchmarks/ipc2023/spanner/training/easy/p07.pddl
2024-09-14 14:03:30,091 - Created InstanceData with num concrete states: 15 and num abstract states: 14
/proj/ssiw/users/x_domdr/projects/code/sketch-learner/learning/benchmarks/ipc2023/spanner/training/easy/p10.pddl /proj/ssiw/users/x_domdr/projects/code/sketch-learner/learning/benchmarks/ipc2023/spanner/training/easy/p10.pddl
2024-09-14 14:03:30,094 - Created InstanceData with num concrete states: 20 and num abstract states: 15
/proj/ssiw/users/x_domdr/projects/code/sketch-learner/learning/benchmarks/ipc2023/spanner/training/easy/p24.pddl /proj/ssiw/users/x_domdr/projects/code/sketch-learner/learning/benchmarks/ipc2023/spanner/training/easy/p24.pddl
2024-09-14 14:03:30,095 - Created InstanceData with num concrete states: 22 and num abstract states: 16
/proj/ssiw/users/x_domdr/projects/code/sketch-learner/learning/benchmarks/ipc2023/spanner/training/easy/p14.pddl /proj/ssiw/users/x_domdr/projects/code/sketch-learner/learning/benchmarks/ipc2023/spanner/training/easy/p14.pddl
2024-09-14 14:03:30,098 - Created InstanceData with num concrete states: 74 and num abstract states: 17
/proj/ssiw/users/x_domdr/projects/code/sketch-learner/learning/benchmarks/ipc2023/spanner/training/easy/p26.pddl /proj/ssiw/users/x_domdr/projects/code/sketch-learner/learning/benchmarks/ipc2023/spanner/training/easy/p26.pddl
2024-09-14 14:03:30,099 - Created InstanceData with num concrete states: 18 and num abstract states: 17
/proj/ssiw/users/x_domdr/projects/code/sketch-learner/learning/benchmarks/ipc2023/spanner/training/easy/p31.pddl /proj/ssiw/users/x_domdr/projects/code/sketch-learner/learning/benchmarks/ipc2023/spanner/training/easy/p31.pddl
2024-09-14 14:03:30,100 - Created InstanceData with num concrete states: 20 and num abstract states: 19
/proj/ssiw/users/x_domdr/projects/code/sketch-learner/learning/benchmarks/ipc2023/spanner/training/easy/p25.pddl /proj/ssiw/users/x_domdr/projects/code/sketch-learner/learning/benchmarks/ipc2023/spanner/training/easy/p25.pddl
2024-09-14 14:03:30,102 - Created InstanceData with num concrete states: 21 and num abstract states: 20
/proj/ssiw/users/x_domdr/projects/code/sketch-learner/learning/benchmarks/ipc2023/spanner/training/easy/p29.pddl /proj/ssiw/users/x_domdr/projects/code/sketch-learner/learning/benchmarks/ipc2023/spanner/training/easy/p29.pddl
2024-09-14 14:03:30,103 - Created InstanceData with num concrete states: 21 and num abstract states: 20
/proj/ssiw/users/x_domdr/projects/code/sketch-learner/learning/benchmarks/ipc2023/spanner/training/easy/p13.pddl /proj/ssiw/users/x_domdr/projects/code/sketch-learner/learning/benchmarks/ipc2023/spanner/training/easy/p13.pddl
2024-09-14 14:03:30,106 - Created InstanceData with num concrete states: 81 and num abstract states: 20
/proj/ssiw/users/x_domdr/projects/code/sketch-learner/learning/benchmarks/ipc2023/spanner/training/easy/p12.pddl /proj/ssiw/users/x_domdr/projects/code/sketch-learner/learning/benchmarks/ipc2023/spanner/training/easy/p12.pddl
2024-09-14 14:03:30,109 - Created InstanceData with num concrete states: 88 and num abstract states: 23
/proj/ssiw/users/x_domdr/projects/code/sketch-learner/learning/benchmarks/ipc2023/spanner/training/easy/p30.pddl /proj/ssiw/users/x_domdr/projects/code/sketch-learner/learning/benchmarks/ipc2023/spanner/training/easy/p30.pddl
2024-09-14 14:03:30,110 - Created InstanceData with num concrete states: 25 and num abstract states: 24
/proj/ssiw/users/x_domdr/projects/code/sketch-learner/learning/benchmarks/ipc2023/spanner/training/easy/p28.pddl /proj/ssiw/users/x_domdr/projects/code/sketch-learner/learning/benchmarks/ipc2023/spanner/training/easy/p28.pddl
2024-09-14 14:03:30,111 - Created InstanceData with num concrete states: 27 and num abstract states: 26
/proj/ssiw/users/x_domdr/projects/code/sketch-learner/learning/benchmarks/ipc2023/spanner/training/easy/p33.pddl /proj/ssiw/users/x_domdr/projects/code/sketch-learner/learning/benchmarks/ipc2023/spanner/training/easy/p33.pddl
2024-09-14 14:03:30,114 - Created InstanceData with num concrete states: 57 and num abstract states: 29
/proj/ssiw/users/x_domdr/projects/code/sketch-learner/learning/benchmarks/ipc2023/spanner/training/easy/p36.pddl /proj/ssiw/users/x_domdr/projects/code/sketch-learner/learning/benchmarks/ipc2023/spanner/training/easy/p36.pddl
2024-09-14 14:03:30,116 - Created InstanceData with num concrete states: 59 and num abstract states: 31
/proj/ssiw/users/x_domdr/projects/code/sketch-learner/learning/benchmarks/ipc2023/spanner/training/easy/p38.pddl /proj/ssiw/users/x_domdr/projects/code/sketch-learner/learning/benchmarks/ipc2023/spanner/training/easy/p38.pddl
2024-09-14 14:03:30,118 - Created InstanceData with num concrete states: 61 and num abstract states: 32
/proj/ssiw/users/x_domdr/projects/code/sketch-learner/learning/benchmarks/ipc2023/spanner/training/easy/p41.pddl /proj/ssiw/users/x_domdr/projects/code/sketch-learner/learning/benchmarks/ipc2023/spanner/training/easy/p41.pddl
2024-09-14 14:03:30,122 - Created InstanceData with num concrete states: 128 and num abstract states: 36
/proj/ssiw/users/x_domdr/projects/code/sketch-learner/learning/benchmarks/ipc2023/spanner/training/easy/p34.pddl /proj/ssiw/users/x_domdr/projects/code/sketch-learner/learning/benchmarks/ipc2023/spanner/training/easy/p34.pddl
2024-09-14 14:03:30,124 - Created InstanceData with num concrete states: 56 and num abstract states: 37
/proj/ssiw/users/x_domdr/projects/code/sketch-learner/learning/benchmarks/ipc2023/spanner/training/easy/p37.pddl /proj/ssiw/users/x_domdr/projects/code/sketch-learner/learning/benchmarks/ipc2023/spanner/training/easy/p37.pddl
2024-09-14 14:03:30,127 - Created InstanceData with num concrete states: 57 and num abstract states: 38
/proj/ssiw/users/x_domdr/projects/code/sketch-learner/learning/benchmarks/ipc2023/spanner/training/easy/p40.pddl /proj/ssiw/users/x_domdr/projects/code/sketch-learner/learning/benchmarks/ipc2023/spanner/training/easy/p40.pddl
2024-09-14 14:03:30,129 - Created InstanceData with num concrete states: 75 and num abstract states: 42
/proj/ssiw/users/x_domdr/projects/code/sketch-learner/learning/benchmarks/ipc2023/spanner/training/easy/p35.pddl /proj/ssiw/users/x_domdr/projects/code/sketch-learner/learning/benchmarks/ipc2023/spanner/training/easy/p35.pddl
2024-09-14 14:03:30,132 - Created InstanceData with num concrete states: 61 and num abstract states: 42
/proj/ssiw/users/x_domdr/projects/code/sketch-learner/learning/benchmarks/ipc2023/spanner/training/easy/p48.pddl /proj/ssiw/users/x_domdr/projects/code/sketch-learner/learning/benchmarks/ipc2023/spanner/training/easy/p48.pddl
2024-09-14 14:03:30,136 - Created InstanceData with num concrete states: 148 and num abstract states: 44
/proj/ssiw/users/x_domdr/projects/code/sketch-learner/learning/benchmarks/ipc2023/spanner/training/easy/p32.pddl /proj/ssiw/users/x_domdr/projects/code/sketch-learner/learning/benchmarks/ipc2023/spanner/training/easy/p32.pddl
2024-09-14 14:03:30,138 - Created InstanceData with num concrete states: 65 and num abstract states: 46
/proj/ssiw/users/x_domdr/projects/code/sketch-learner/learning/benchmarks/ipc2023/spanner/training/easy/p44.pddl /proj/ssiw/users/x_domdr/projects/code/sketch-learner/learning/benchmarks/ipc2023/spanner/training/easy/p44.pddl
2024-09-14 14:03:30,142 - Created InstanceData with num concrete states: 149 and num abstract states: 68
/proj/ssiw/users/x_domdr/projects/code/sketch-learner/learning/benchmarks/ipc2023/spanner/training/easy/p42.pddl /proj/ssiw/users/x_domdr/projects/code/sketch-learner/learning/benchmarks/ipc2023/spanner/training/easy/p42.pddl
2024-09-14 14:03:30,147 - Created InstanceData with num concrete states: 157 and num abstract states: 71
/proj/ssiw/users/x_domdr/projects/code/sketch-learner/learning/benchmarks/ipc2023/spanner/training/easy/p45.pddl /proj/ssiw/users/x_domdr/projects/code/sketch-learner/learning/benchmarks/ipc2023/spanner/training/easy/p45.pddl
2024-09-14 14:03:30,151 - Created InstanceData with num concrete states: 143 and num abstract states: 81
/proj/ssiw/users/x_domdr/projects/code/sketch-learner/learning/benchmarks/ipc2023/spanner/training/easy/p43.pddl /proj/ssiw/users/x_domdr/projects/code/sketch-learner/learning/benchmarks/ipc2023/spanner/training/easy/p43.pddl
2024-09-14 14:03:30,155 - Created InstanceData with num concrete states: 145 and num abstract states: 83
/proj/ssiw/users/x_domdr/projects/code/sketch-learner/learning/benchmarks/ipc2023/spanner/training/easy/p46.pddl /proj/ssiw/users/x_domdr/projects/code/sketch-learner/learning/benchmarks/ipc2023/spanner/training/easy/p46.pddl
2024-09-14 14:03:30,159 - Created InstanceData with num concrete states: 153 and num abstract states: 91
/proj/ssiw/users/x_domdr/projects/code/sketch-learner/learning/benchmarks/ipc2023/spanner/training/easy/p50.pddl /proj/ssiw/users/x_domdr/projects/code/sketch-learner/learning/benchmarks/ipc2023/spanner/training/easy/p50.pddl
2024-09-14 14:03:30,175 - Created InstanceData with num concrete states: 690 and num abstract states: 92
/proj/ssiw/users/x_domdr/projects/code/sketch-learner/learning/benchmarks/ipc2023/spanner/training/easy/p56.pddl /proj/ssiw/users/x_domdr/projects/code/sketch-learner/learning/benchmarks/ipc2023/spanner/training/easy/p56.pddl
2024-09-14 14:03:30,189 - Created InstanceData with num concrete states: 615 and num abstract states: 101
/proj/ssiw/users/x_domdr/projects/code/sketch-learner/learning/benchmarks/ipc2023/spanner/training/easy/p49.pddl /proj/ssiw/users/x_domdr/projects/code/sketch-learner/learning/benchmarks/ipc2023/spanner/training/easy/p49.pddl
2024-09-14 14:03:30,203 - Created InstanceData with num concrete states: 660 and num abstract states: 122
/proj/ssiw/users/x_domdr/projects/code/sketch-learner/learning/benchmarks/ipc2023/spanner/training/easy/p51.pddl /proj/ssiw/users/x_domdr/projects/code/sketch-learner/learning/benchmarks/ipc2023/spanner/training/easy/p51.pddl
2024-09-14 14:03:30,217 - Created InstanceData with num concrete states: 615 and num abstract states: 133
/proj/ssiw/users/x_domdr/projects/code/sketch-learner/learning/benchmarks/ipc2023/spanner/training/easy/p54.pddl /proj/ssiw/users/x_domdr/projects/code/sketch-learner/learning/benchmarks/ipc2023/spanner/training/easy/p54.pddl
2024-09-14 14:03:30,231 - Created InstanceData with num concrete states: 625 and num abstract states: 135
/proj/ssiw/users/x_domdr/projects/code/sketch-learner/learning/benchmarks/ipc2023/spanner/training/easy/p53.pddl /proj/ssiw/users/x_domdr/projects/code/sketch-learner/learning/benchmarks/ipc2023/spanner/training/easy/p53.pddl
2024-09-14 14:03:30,245 - Created InstanceData with num concrete states: 617 and num abstract states: 170
/proj/ssiw/users/x_domdr/projects/code/sketch-learner/learning/benchmarks/ipc2023/spanner/training/easy/p59.pddl /proj/ssiw/users/x_domdr/projects/code/sketch-learner/learning/benchmarks/ipc2023/spanner/training/easy/p59.pddl
2024-09-14 14:03:30,279 - Created InstanceData with num concrete states: 1613 and num abstract states: 171
/proj/ssiw/users/x_domdr/projects/code/sketch-learner/learning/benchmarks/ipc2023/spanner/training/easy/p52.pddl /proj/ssiw/users/x_domdr/projects/code/sketch-learner/learning/benchmarks/ipc2023/spanner/training/easy/p52.pddl
2024-09-14 14:03:30,294 - Created InstanceData with num concrete states: 678 and num abstract states: 173
/proj/ssiw/users/x_domdr/projects/code/sketch-learner/learning/benchmarks/ipc2023/spanner/training/easy/p57.pddl /proj/ssiw/users/x_domdr/projects/code/sketch-learner/learning/benchmarks/ipc2023/spanner/training/easy/p57.pddl
2024-09-14 14:03:30,308 - Created InstanceData with num concrete states: 625 and num abstract states: 178
/proj/ssiw/users/x_domdr/projects/code/sketch-learner/learning/benchmarks/ipc2023/spanner/training/easy/p55.pddl /proj/ssiw/users/x_domdr/projects/code/sketch-learner/learning/benchmarks/ipc2023/spanner/training/easy/p55.pddl
2024-09-14 14:03:30,322 - Created InstanceData with num concrete states: 632 and num abstract states: 185
/proj/ssiw/users/x_domdr/projects/code/sketch-learner/learning/benchmarks/ipc2023/spanner/training/easy/p60.pddl /proj/ssiw/users/x_domdr/projects/code/sketch-learner/learning/benchmarks/ipc2023/spanner/training/easy/p60.pddl
2024-09-14 14:03:30,357 - Created InstanceData with num concrete states: 1622 and num abstract states: 190
/proj/ssiw/users/x_domdr/projects/code/sketch-learner/learning/benchmarks/ipc2023/spanner/training/easy/p64.pddl /proj/ssiw/users/x_domdr/projects/code/sketch-learner/learning/benchmarks/ipc2023/spanner/training/easy/p64.pddl
2024-09-14 14:03:30,393 - Created InstanceData with num concrete states: 1636 and num abstract states: 201
/proj/ssiw/users/x_domdr/projects/code/sketch-learner/learning/benchmarks/ipc2023/spanner/training/easy/p72.pddl /proj/ssiw/users/x_domdr/projects/code/sketch-learner/learning/benchmarks/ipc2023/spanner/training/easy/p72.pddl
2024-09-14 14:03:30,604 - Created InstanceData with num concrete states: 8831 and num abstract states: 261
/proj/ssiw/users/x_domdr/projects/code/sketch-learner/learning/benchmarks/ipc2023/spanner/training/easy/p65.pddl /proj/ssiw/users/x_domdr/projects/code/sketch-learner/learning/benchmarks/ipc2023/spanner/training/easy/p65.pddl
2024-09-14 14:03:30,640 - Created InstanceData with num concrete states: 1670 and num abstract states: 281
/proj/ssiw/users/x_domdr/projects/code/sketch-learner/learning/benchmarks/ipc2023/spanner/training/easy/p70.pddl /proj/ssiw/users/x_domdr/projects/code/sketch-learner/learning/benchmarks/ipc2023/spanner/training/easy/p70.pddl
2024-09-14 14:03:30,850 - Created InstanceData with num concrete states: 8905 and num abstract states: 298
/proj/ssiw/users/x_domdr/projects/code/sketch-learner/learning/benchmarks/ipc2023/spanner/training/easy/p63.pddl /proj/ssiw/users/x_domdr/projects/code/sketch-learner/learning/benchmarks/ipc2023/spanner/training/easy/p63.pddl
2024-09-14 14:03:30,885 - Created InstanceData with num concrete states: 1683 and num abstract states: 299
/proj/ssiw/users/x_domdr/projects/code/sketch-learner/learning/benchmarks/ipc2023/spanner/training/easy/p73.pddl /proj/ssiw/users/x_domdr/projects/code/sketch-learner/learning/benchmarks/ipc2023/spanner/training/easy/p73.pddl
2024-09-14 14:03:31,090 - Created InstanceData with num concrete states: 8655 and num abstract states: 313
/proj/ssiw/users/x_domdr/projects/code/sketch-learner/learning/benchmarks/ipc2023/spanner/training/easy/p61.pddl /proj/ssiw/users/x_domdr/projects/code/sketch-learner/learning/benchmarks/ipc2023/spanner/training/easy/p61.pddl
2024-09-14 14:03:31,127 - Created InstanceData with num concrete states: 1739 and num abstract states: 333
/proj/ssiw/users/x_domdr/projects/code/sketch-learner/learning/benchmarks/ipc2023/spanner/training/easy/p58.pddl /proj/ssiw/users/x_domdr/projects/code/sketch-learner/learning/benchmarks/ipc2023/spanner/training/easy/p58.pddl
2024-09-14 14:03:31,162 - Created InstanceData with num concrete states: 1655 and num abstract states: 361
/proj/ssiw/users/x_domdr/projects/code/sketch-learner/learning/benchmarks/ipc2023/spanner/training/easy/p66.pddl /proj/ssiw/users/x_domdr/projects/code/sketch-learner/learning/benchmarks/ipc2023/spanner/training/easy/p66.pddl
2024-09-14 14:03:31,372 - Created InstanceData with num concrete states: 8782 and num abstract states: 363
/proj/ssiw/users/x_domdr/projects/code/sketch-learner/learning/benchmarks/ipc2023/spanner/training/easy/p74.pddl /proj/ssiw/users/x_domdr/projects/code/sketch-learner/learning/benchmarks/ipc2023/spanner/training/easy/p74.pddl
2024-09-14 14:03:31,578 - Created InstanceData with num concrete states: 8783 and num abstract states: 423
/proj/ssiw/users/x_domdr/projects/code/sketch-learner/learning/benchmarks/ipc2023/spanner/training/easy/p71.pddl /proj/ssiw/users/x_domdr/projects/code/sketch-learner/learning/benchmarks/ipc2023/spanner/training/easy/p71.pddl
2024-09-14 14:03:31,784 - Created InstanceData with num concrete states: 8721 and num abstract states: 444
/proj/ssiw/users/x_domdr/projects/code/sketch-learner/learning/benchmarks/ipc2023/spanner/training/easy/p69.pddl /proj/ssiw/users/x_domdr/projects/code/sketch-learner/learning/benchmarks/ipc2023/spanner/training/easy/p69.pddl
2024-09-14 14:03:32,003 - Created InstanceData with num concrete states: 8819 and num abstract states: 451
/proj/ssiw/users/x_domdr/projects/code/sketch-learner/learning/benchmarks/ipc2023/spanner/training/easy/p68.pddl /proj/ssiw/users/x_domdr/projects/code/sketch-learner/learning/benchmarks/ipc2023/spanner/training/easy/p68.pddl
2024-09-14 14:03:32,216 - Created InstanceData with num concrete states: 8869 and num abstract states: 525
/proj/ssiw/users/x_domdr/projects/code/sketch-learner/learning/benchmarks/ipc2023/spanner/training/easy/p67.pddl /proj/ssiw/users/x_domdr/projects/code/sketch-learner/learning/benchmarks/ipc2023/spanner/training/easy/p67.pddl
2024-09-14 14:03:32,425 - Created InstanceData with num concrete states: 8751 and num abstract states: 616
2024-09-14 14:03:32,434 - ..done
2024-09-14 14:03:32,507 - Initializing TupleGraphs...
2024-09-14 14:03:35,934 - ..done
2024-09-14 14:03:35,935 - Iteration: 0
     id: 0 problem_filepath: /proj/ssiw/users/x_domdr/projects/code/sketch-learner/learning/benchmarks/ipc2023/spanner/training/easy/p01.pddl num_states: 6 num_state_equivalences: 6
2024-09-14 14:03:36,100 - Initialize global faithful abstract states...
2024-09-14 14:03:36,101 - ..done
2024-09-14 14:03:36,101 - Initializing DomainFeatureData...
[t=12.8799s, 2538860 KB] Started generating base features of complexity 1.
[t=12.8803s, 2538860 KB] Complexity 1:
    b_nullary: 0
    c_one_of: 0
    c_top: 1
    c_bot: 1
    c_primitive: 8
    r_primitive: 4
    c_and: 0
    c_not: 0
    c_equal: 0
    c_some: 0
    c_all: 0
    r_restrict: 0
    r_and: 0
    r_inverse: 0
    r_transitive_closure: 0
    b_empty: 0
    n_count: 0
    n_concept_distance: 0
[t=12.8806s, 2538860 KB] Finished generating base features.
[t=12.8807s, 2538860 KB] Started generating composite features. 
[t=12.881s, 2538860 KB] Complexity 2:
Total concept elements: 16
Total role elements: 8
Total numerical elements: 9
Total boolean elements: 5
    b_nullary: 0
    c_one_of: 0
    c_top: 1
    c_bot: 1
    c_primitive: 8
    r_primitive: 4
    c_and: 0
    c_not: 6
    c_equal: 0
    c_some: 0
    c_all: 0
    r_restrict: 0
    r_and: 0
    r_inverse: 3
    r_transitive_closure: 1
    b_empty: 5
    n_count: 9
    n_concept_distance: 0
[t=12.882s, 2538860 KB] Complexity 3:
Total concept elements: 24
Total role elements: 10
Total numerical elements: 12
Total boolean elements: 5
    b_nullary: 0
    c_one_of: 0
    c_top: 1
    c_bot: 1
    c_primitive: 8
    r_primitive: 4
    c_and: 0
    c_not: 6
    c_equal: 1
    c_some: 4
    c_all: 3
    r_restrict: 1
    r_and: 0
    r_inverse: 4
    r_transitive_closure: 1
    b_empty: 5
    n_count: 12
    n_concept_distance: 0
[t=12.883s, 2538860 KB] Complexity 4:
Total concept elements: 47
Total role elements: 11
Total numerical elements: 22
Total boolean elements: 6
    b_nullary: 0
    c_one_of: 0
    c_top: 1
    c_bot: 1
    c_primitive: 8
    r_primitive: 4
    c_and: 7
    c_not: 8
    c_equal: 1
    c_some: 12
    c_all: 9
    r_restrict: 1
    r_and: 0
    r_inverse: 5
    r_transitive_closure: 1
    b_empty: 6
    n_count: 16
    n_concept_distance: 6
[t=12.8841s, 2538860 KB] Complexity 5:
Total concept elements: 84
Total role elements: 11
Total numerical elements: 32
Total boolean elements: 7
    b_nullary: 0
    c_one_of: 0
    c_top: 1
    c_bot: 1
    c_primitive: 8
    r_primitive: 4
    c_and: 24
    c_not: 20
    c_equal: 1
    c_some: 16
    c_all: 13
    r_restrict: 1
    r_and: 0
    r_inverse: 5
    r_transitive_closure: 1
    b_empty: 7
    n_count: 25
    n_concept_distance: 7
[t=12.8862s, 2538860 KB] Complexity 6:
Total concept elements: 166
Total role elements: 11
Total numerical elements: 49
Total boolean elements: 8
    b_nullary: 0
    c_one_of: 0
    c_top: 1
    c_bot: 1
    c_primitive: 8
    r_primitive: 4
    c_and: 51
    c_not: 34
    c_equal: 1
    c_some: 37
    c_all: 33
    r_restrict: 1
    r_and: 0
    r_inverse: 5
    r_transitive_closure: 1
    b_empty: 8
    n_count: 38
    n_concept_distance: 11
[t=12.8899s, 2538860 KB] Complexity 7:
Total concept elements: 299
Total role elements: 11
Total numerical elements: 100
Total boolean elements: 17
    b_nullary: 0
    c_one_of: 0
    c_top: 1
    c_bot: 1
    c_primitive: 8
    r_primitive: 4
    c_and: 109
    c_not: 87
    c_equal: 1
    c_some: 49
    c_all: 43
    r_restrict: 1
    r_and: 0
    r_inverse: 5
    r_transitive_closure: 1
    b_empty: 17
    n_count: 82
    n_concept_distance: 18
[t=12.8974s, 2538860 KB] Complexity 8:
Total concept elements: 542
Total role elements: 11
Total numerical elements: 157
Total boolean elements: 19
    b_nullary: 0
    c_one_of: 0
    c_top: 1
    c_bot: 1
    c_primitive: 8
    r_primitive: 4
    c_and: 234
    c_not: 147
    c_equal: 1
    c_some: 78
    c_all: 72
    r_restrict: 1
    r_and: 0
    r_inverse: 5
    r_transitive_closure: 1
    b_empty: 19
    n_count: 131
    n_concept_distance: 26
[t=12.9116s, 2538860 KB] Complexity 9:
Total concept elements: 959
Total role elements: 11
Total numerical elements: 257
Total boolean elements: 28
    b_nullary: 0
    c_one_of: 0
    c_top: 1
    c_bot: 1
    c_primitive: 8
    r_primitive: 4
    c_and: 473
    c_not: 264
    c_equal: 1
    c_some: 105
    c_all: 106
    r_restrict: 1
    r_and: 0
    r_inverse: 5
    r_transitive_closure: 1
    b_empty: 28
    n_count: 207
    n_concept_distance: 50
[t=12.912s, 2538860 KB] Finished generating composite features.
Features generated: 286
Features after relevant changes pruning (complete): 86
2024-09-14 14:03:36,267 - ..done
2024-09-14 14:03:36,267 - Constructing PerStateFeatureValuations...
2024-09-14 14:03:36,268 - ..done
2024-09-14 14:03:36,268 - Constructing StatePairEquivalenceDatas...
2024-09-14 14:03:36,279 - ..done
2024-09-14 14:03:36,279 - Constructing TupleGraphEquivalences...
Tuple graph equivalence construction statistics:
Num nodes: 17
2024-09-14 14:03:36,280 - ..done
2024-09-14 14:03:36,280 - Minimizing TupleGraphEquivalences...
Tuple graph equivalence minimization statistics:
Num orig nodes: 17
Num kept nodes: 17
2024-09-14 14:03:36,280 - ..done
Number of initial D2 facts: 29
Number of D2 facts: 29 of 289
2024-09-14 14:03:36,304 - Grounding Logic Program...
2024-09-14 14:03:36,325 - ..done
2024-09-14 14:03:36,325 - Solving Logic Program...
2024-09-14 14:03:36,329 - ..done
Clingo statistics:
{'call': 0.0, 'result': 1.0, 'signal': 0.0, 'exhausted': 1.0, 'costs': [0.0], 'lower': [0.0], 'concurrency': 32.0, 'winner': 21.0, 'times': {'total': 0.048209190368652344, 'cpu': 0.060218999999989364, 'solve': 0.003123044967651367, 'unsat': 0.0007271766662597656, 'sat': 0.0023958683013916016}, 'models': {'enumerated': 1.0, 'optimal': 1.0}}
Solution cost: [0.0]
Total time: 0.048209190368652344
CPU time: 0.060218999999989364
Solve time: 0.003123044967651367
2024-09-14 14:03:36,342 - Learned the following sketch:
(:policy
(:booleans )
(:numericals )
(:rule (:conditions ) (:effects ))
)
Numer of sketch rules: 1
Number of selected features: 0
Maximum complexity of selected feature: 0
Sketch solves: /proj/ssiw/users/x_domdr/projects/code/sketch-learner/learning/benchmarks/ipc2023/spanner/training/easy/p01.pddl
Sketch cycles
Instance: 0
4
4
Number of unsatisfied D2 facts: 60
Number of D2 facts: 89 of 289
2024-09-14 14:03:36,408 - Grounding Logic Program...
2024-09-14 14:03:36,433 - ..done
2024-09-14 14:03:36,433 - Solving Logic Program...
2024-09-14 14:03:36,437 - ..done
Clingo statistics:
{'call': 0.0, 'result': 1.0, 'signal': 0.0, 'exhausted': 1.0, 'costs': [3.0], 'lower': [3.0], 'concurrency': 32.0, 'winner': 7.0, 'times': {'total': 0.09383893013000488, 'cpu': 0.10509700000000066, 'solve': 0.002218961715698242, 'unsat': 0.0006289482116699219, 'sat': 0.001544952392578125}, 'models': {'enumerated': 2.0, 'optimal': 1.0}}
Solution cost: [3.0]
Total time: 0.09383893013000488
CPU time: 0.10509700000000066
Solve time: 0.002218961715698242
2024-09-14 14:03:36,450 - Learned the following sketch:
(:policy
(:booleans )
(:numericals (f2 "n_count(c_primitive(usable,0))"))
(:rule (:conditions (:c_n_gt f2)) (:effects (:e_n_dec f2)))
(:rule (:conditions (:c_n_gt f2)) (:effects (:e_n_bot f2)))
)
Numer of sketch rules: 2
Number of selected features: 1
Maximum complexity of selected feature: 2
Sketch solves: /proj/ssiw/users/x_domdr/projects/code/sketch-learner/learning/benchmarks/ipc2023/spanner/training/easy/p01.pddl
Sketch cycles
Instance: 0
4
4
Number of unsatisfied D2 facts: 14
Number of D2 facts: 103 of 289
2024-09-14 14:03:36,516 - Grounding Logic Program...
2024-09-14 14:03:36,543 - ..done
2024-09-14 14:03:36,543 - Solving Logic Program...
2024-09-14 14:03:36,547 - ..done
Clingo statistics:
{'call': 0.0, 'result': 1.0, 'signal': 0.0, 'exhausted': 1.0, 'costs': [3.0], 'lower': [3.0], 'concurrency': 32.0, 'winner': 12.0, 'times': {'total': 0.09595584869384766, 'cpu': 0.10761000000002241, 'solve': 0.0027039051055908203, 'unsat': 0.0011188983917236328, 'sat': 0.001508951187133789}, 'models': {'enumerated': 2.0, 'optimal': 1.0}}
Solution cost: [3.0]
Total time: 0.09595584869384766
CPU time: 0.10761000000002241
Solve time: 0.0027039051055908203
2024-09-14 14:03:36,560 - Learned the following sketch:
(:policy
(:booleans )
(:numericals (f2 "n_count(c_primitive(usable,0))"))
(:rule (:conditions (:c_n_gt f2)) (:effects (:e_n_dec f2)))
)
Numer of sketch rules: 1
Number of selected features: 1
Maximum complexity of selected feature: 2
Sketch solves: /proj/ssiw/users/x_domdr/projects/code/sketch-learner/learning/benchmarks/ipc2023/spanner/training/easy/p01.pddl
2024-09-14 14:03:36,560 - Verifying learned sketch...
Sketch solves: /proj/ssiw/users/x_domdr/projects/code/sketch-learner/learning/benchmarks/ipc2023/spanner/training/easy/p01.pddl
Sketch solves: /proj/ssiw/users/x_domdr/projects/code/sketch-learner/learning/benchmarks/ipc2023/spanner/training/easy/p01.pddl
Sketch solves: /proj/ssiw/users/x_domdr/projects/code/sketch-learner/learning/benchmarks/ipc2023/spanner/training/easy/p05.pddl
Sketch solves: /proj/ssiw/users/x_domdr/projects/code/sketch-learner/learning/benchmarks/ipc2023/spanner/training/easy/p04.pddl
Sketch solves: /proj/ssiw/users/x_domdr/projects/code/sketch-learner/learning/benchmarks/ipc2023/spanner/training/easy/p02.pddl
Sketch solves: /proj/ssiw/users/x_domdr/projects/code/sketch-learner/learning/benchmarks/ipc2023/spanner/training/easy/p08.pddl
Deadend state is r_reachable
State: 9
2024-09-14 14:03:36,567 - ..done
Smallest unsolved instance: 5
Selected instances: [5]
2024-09-14 14:03:36,567 - Iteration: 1
     id: 5 problem_filepath: /proj/ssiw/users/x_domdr/projects/code/sketch-learner/learning/benchmarks/ipc2023/spanner/training/easy/p03.pddl num_states: 18 num_state_equivalences: 10
2024-09-14 14:03:36,696 - Initialize global faithful abstract states...
2024-09-14 14:03:36,696 - ..done
2024-09-14 14:03:36,696 - Initializing DomainFeatureData...
[t=13.4753s, 2569432 KB] Started generating base features of complexity 1.
[t=13.4755s, 2569432 KB] Complexity 1:
    b_nullary: 0
    c_one_of: 0
    c_top: 1
    c_bot: 1
    c_primitive: 8
    r_primitive: 4
    c_and: 0
    c_not: 0
    c_equal: 0
    c_some: 0
    c_all: 0
    r_restrict: 0
    r_and: 0
    r_inverse: 0
    r_transitive_closure: 0
    b_empty: 0
    n_count: 0
    n_concept_distance: 0
[t=13.4758s, 2569432 KB] Finished generating base features.
[t=13.4758s, 2569432 KB] Started generating composite features. 
[t=13.476s, 2569432 KB] Complexity 2:
Total concept elements: 16
Total role elements: 8
Total numerical elements: 10
Total boolean elements: 5
    b_nullary: 0
    c_one_of: 0
    c_top: 1
    c_bot: 1
    c_primitive: 8
    r_primitive: 4
    c_and: 0
    c_not: 6
    c_equal: 0
    c_some: 0
    c_all: 0
    r_restrict: 0
    r_and: 0
    r_inverse: 3
    r_transitive_closure: 1
    b_empty: 5
    n_count: 10
    n_concept_distance: 0
[t=13.4769s, 2569432 KB] Complexity 3:
Total concept elements: 24
Total role elements: 10
Total numerical elements: 14
Total boolean elements: 5
    b_nullary: 0
    c_one_of: 0
    c_top: 1
    c_bot: 1
    c_primitive: 8
    r_primitive: 4
    c_and: 0
    c_not: 6
    c_equal: 1
    c_some: 4
    c_all: 3
    r_restrict: 1
    r_and: 0
    r_inverse: 4
    r_transitive_closure: 1
    b_empty: 5
    n_count: 14
    n_concept_distance: 0
[t=13.478s, 2569432 KB] Complexity 4:
Total concept elements: 47
Total role elements: 11
Total numerical elements: 23
Total boolean elements: 6
    b_nullary: 0
    c_one_of: 0
    c_top: 1
    c_bot: 1
    c_primitive: 8
    r_primitive: 4
    c_and: 7
    c_not: 8
    c_equal: 1
    c_some: 12
    c_all: 9
    r_restrict: 1
    r_and: 0
    r_inverse: 5
    r_transitive_closure: 1
    b_empty: 6
    n_count: 20
    n_concept_distance: 3
[t=13.4793s, 2569432 KB] Complexity 5:
Total concept elements: 84
Total role elements: 11
Total numerical elements: 36
Total boolean elements: 7
    b_nullary: 0
    c_one_of: 0
    c_top: 1
    c_bot: 1
    c_primitive: 8
    r_primitive: 4
    c_and: 24
    c_not: 20
    c_equal: 1
    c_some: 16
    c_all: 13
    r_restrict: 1
    r_and: 0
    r_inverse: 5
    r_transitive_closure: 1
    b_empty: 7
    n_count: 33
    n_concept_distance: 3
[t=13.4821s, 2569432 KB] Complexity 6:
Total concept elements: 170
Total role elements: 11
Total numerical elements: 60
Total boolean elements: 10
    b_nullary: 0
    c_one_of: 0
    c_top: 1
    c_bot: 1
    c_primitive: 8
    r_primitive: 4
    c_and: 51
    c_not: 34
    c_equal: 1
    c_some: 39
    c_all: 35
    r_restrict: 1
    r_and: 0
    r_inverse: 5
    r_transitive_closure: 1
    b_empty: 10
    n_count: 52
    n_concept_distance: 8
[t=13.4868s, 2569432 KB] Complexity 7:
Total concept elements: 310
Total role elements: 11
Total numerical elements: 132
Total boolean elements: 21
    b_nullary: 0
    c_one_of: 0
    c_top: 1
    c_bot: 1
    c_primitive: 8
    r_primitive: 4
    c_and: 110
    c_not: 93
    c_equal: 1
    c_some: 51
    c_all: 45
    r_restrict: 1
    r_and: 0
    r_inverse: 5
    r_transitive_closure: 1
    b_empty: 21
    n_count: 117
    n_concept_distance: 15
[t=13.4961s, 2569432 KB] Complexity 8:
Total concept elements: 570
Total role elements: 11
Total numerical elements: 229
Total boolean elements: 25
    b_nullary: 0
    c_one_of: 0
    c_top: 1
    c_bot: 1
    c_primitive: 8
    r_primitive: 4
    c_and: 245
    c_not: 154
    c_equal: 1
    c_some: 82
    c_all: 78
    r_restrict: 1
    r_and: 0
    r_inverse: 5
    r_transitive_closure: 1
    b_empty: 25
    n_count: 205
    n_concept_distance: 24
[t=13.513s, 2569432 KB] Complexity 9:
Total concept elements: 1045
Total role elements: 11
Total numerical elements: 390
Total boolean elements: 41
    b_nullary: 0
    c_one_of: 0
    c_top: 1
    c_bot: 1
    c_primitive: 8
    r_primitive: 4
    c_and: 516
    c_not: 293
    c_equal: 1
    c_some: 111
    c_all: 114
    r_restrict: 1
    r_and: 0
    r_inverse: 5
    r_transitive_closure: 1
    b_empty: 41
    n_count: 349
    n_concept_distance: 41
[t=13.5134s, 2569432 KB] Finished generating composite features.
Features generated: 432
Features after relevant changes pruning (complete): 164
2024-09-14 14:03:37,158 - ..done
2024-09-14 14:03:37,158 - Constructing PerStateFeatureValuations...
2024-09-14 14:03:37,159 - ..done
2024-09-14 14:03:37,159 - Constructing StatePairEquivalenceDatas...
2024-09-14 14:03:37,211 - ..done
2024-09-14 14:03:37,211 - Constructing TupleGraphEquivalences...
Tuple graph equivalence construction statistics:
Num nodes: 48
2024-09-14 14:03:37,212 - ..done
2024-09-14 14:03:37,212 - Minimizing TupleGraphEquivalences...
Tuple graph equivalence minimization statistics:
Num orig nodes: 48
Num kept nodes: 30
2024-09-14 14:03:37,213 - ..done
Number of initial D2 facts: 67
Number of D2 facts: 67 of 1024
2024-09-14 14:03:37,286 - Grounding Logic Program...
2024-09-14 14:03:37,357 - ..done
2024-09-14 14:03:37,357 - Solving Logic Program...
2024-09-14 14:03:37,364 - ..done
Clingo statistics:
{'call': 0.0, 'result': 1.0, 'signal': 0.0, 'exhausted': 1.0, 'costs': [0.0], 'lower': [0.0], 'concurrency': 32.0, 'winner': 1.0, 'times': {'total': 0.1504979133605957, 'cpu': 0.1645260000000235, 'solve': 0.0030319690704345703, 'unsat': 0.00048804283142089844, 'sat': 0.0016269683837890625}, 'models': {'enumerated': 11.0, 'optimal': 1.0}}
Solution cost: [0.0]
Total time: 0.1504979133605957
CPU time: 0.1645260000000235
Solve time: 0.0030319690704345703
2024-09-14 14:03:37,408 - Learned the following sketch:
(:policy
(:booleans )
(:numericals )
(:rule (:conditions ) (:effects ))
)
Numer of sketch rules: 1
Number of selected features: 0
Maximum complexity of selected feature: 0
Sketch solves: /proj/ssiw/users/x_domdr/projects/code/sketch-learner/learning/benchmarks/ipc2023/spanner/training/easy/p03.pddl
Sketch cycles
Instance: 5
44
44
Number of unsatisfied D2 facts: 256
Number of D2 facts: 323 of 1024
2024-09-14 14:03:37,641 - Grounding Logic Program...
2024-09-14 14:03:37,756 - ..done
2024-09-14 14:03:37,757 - Solving Logic Program...
2024-09-14 14:03:37,772 - ..done
Clingo statistics:
{'call': 0.0, 'result': 1.0, 'signal': 0.0, 'exhausted': 1.0, 'costs': [5.0], 'lower': [5.0], 'concurrency': 32.0, 'winner': 2.0, 'times': {'total': 0.3632328510284424, 'cpu': 0.4482360000000085, 'solve': 0.008016824722290039, 'unsat': 0.0026378631591796875, 'sat': 0.002980947494506836}, 'models': {'enumerated': 15.0, 'optimal': 1.0}}
Solution cost: [5.0]
Total time: 0.3632328510284424
CPU time: 0.4482360000000085
Solve time: 0.008016824722290039
2024-09-14 14:03:37,816 - Learned the following sketch:
(:policy
(:booleans )
(:numericals (f9 "n_count(r_restrict(r_primitive(carrying,0,1),c_primitive(usable,0)))"))
(:rule (:conditions (:c_n_gt f9)) (:effects (:e_n_dec f9)))
(:rule (:conditions (:c_n_eq f9)) (:effects (:e_n_inc f9)))
(:rule (:conditions (:c_n_gt f9)) (:effects (:e_n_inc f9)))
(:rule (:conditions (:c_n_gt f9)) (:effects (:e_n_bot f9)))
)
Numer of sketch rules: 4
Number of selected features: 1
Maximum complexity of selected feature: 4
Sketch solves: /proj/ssiw/users/x_domdr/projects/code/sketch-learner/learning/benchmarks/ipc2023/spanner/training/easy/p03.pddl
Sketch cycles
Instance: 5
44
44
Number of unsatisfied D2 facts: 29
Number of D2 facts: 352 of 1024
2024-09-14 14:03:38,063 - Grounding Logic Program...
2024-09-14 14:03:38,184 - ..done
2024-09-14 14:03:38,184 - Solving Logic Program...
2024-09-14 14:03:38,199 - ..done
Clingo statistics:
{'call': 0.0, 'result': 1.0, 'signal': 0.0, 'exhausted': 1.0, 'costs': [5.0], 'lower': [5.0], 'concurrency': 32.0, 'winner': 9.0, 'times': {'total': 0.3811478614807129, 'cpu': 0.45649300000002313, 'solve': 0.007073879241943359, 'unsat': 0.001180887222290039, 'sat': 0.0024738311767578125}, 'models': {'enumerated': 15.0, 'optimal': 1.0}}
Solution cost: [5.0]
Total time: 0.3811478614807129
CPU time: 0.45649300000002313
Solve time: 0.007073879241943359
2024-09-14 14:03:38,245 - Learned the following sketch:
(:policy
(:booleans )
(:numericals (f9 "n_count(r_restrict(r_primitive(carrying,0,1),c_primitive(usable,0)))"))
(:rule (:conditions (:c_n_gt f9)) (:effects (:e_n_dec f9)))
(:rule (:conditions (:c_n_eq f9)) (:effects (:e_n_inc f9)))
(:rule (:conditions (:c_n_gt f9)) (:effects (:e_n_inc f9)))
)
Numer of sketch rules: 3
Number of selected features: 1
Maximum complexity of selected feature: 4
Sketch solves: /proj/ssiw/users/x_domdr/projects/code/sketch-learner/learning/benchmarks/ipc2023/spanner/training/easy/p03.pddl
2024-09-14 14:03:38,246 - Verifying learned sketch...
Sketch solves: /proj/ssiw/users/x_domdr/projects/code/sketch-learner/learning/benchmarks/ipc2023/spanner/training/easy/p03.pddl
Sketch solves: /proj/ssiw/users/x_domdr/projects/code/sketch-learner/learning/benchmarks/ipc2023/spanner/training/easy/p01.pddl
Sketch solves: /proj/ssiw/users/x_domdr/projects/code/sketch-learner/learning/benchmarks/ipc2023/spanner/training/easy/p05.pddl
Sketch solves: /proj/ssiw/users/x_domdr/projects/code/sketch-learner/learning/benchmarks/ipc2023/spanner/training/easy/p04.pddl
Sketch solves: /proj/ssiw/users/x_domdr/projects/code/sketch-learner/learning/benchmarks/ipc2023/spanner/training/easy/p02.pddl
Sketch solves: /proj/ssiw/users/x_domdr/projects/code/sketch-learner/learning/benchmarks/ipc2023/spanner/training/easy/p08.pddl
Sketch solves: /proj/ssiw/users/x_domdr/projects/code/sketch-learner/learning/benchmarks/ipc2023/spanner/training/easy/p03.pddl
Sketch solves: /proj/ssiw/users/x_domdr/projects/code/sketch-learner/learning/benchmarks/ipc2023/spanner/training/easy/p18.pddl
Sketch solves: /proj/ssiw/users/x_domdr/projects/code/sketch-learner/learning/benchmarks/ipc2023/spanner/training/easy/p11.pddl
Sketch solves: /proj/ssiw/users/x_domdr/projects/code/sketch-learner/learning/benchmarks/ipc2023/spanner/training/easy/p06.pddl
Sketch solves: /proj/ssiw/users/x_domdr/projects/code/sketch-learner/learning/benchmarks/ipc2023/spanner/training/easy/p09.pddl
Sketch solves: /proj/ssiw/users/x_domdr/projects/code/sketch-learner/learning/benchmarks/ipc2023/spanner/training/easy/p07.pddl
Sketch solves: /proj/ssiw/users/x_domdr/projects/code/sketch-learner/learning/benchmarks/ipc2023/spanner/training/easy/p10.pddl
Sketch solves: /proj/ssiw/users/x_domdr/projects/code/sketch-learner/learning/benchmarks/ipc2023/spanner/training/easy/p24.pddl
Sketch solves: /proj/ssiw/users/x_domdr/projects/code/sketch-learner/learning/benchmarks/ipc2023/spanner/training/easy/p14.pddl
Sketch solves: /proj/ssiw/users/x_domdr/projects/code/sketch-learner/learning/benchmarks/ipc2023/spanner/training/easy/p26.pddl
Sketch solves: /proj/ssiw/users/x_domdr/projects/code/sketch-learner/learning/benchmarks/ipc2023/spanner/training/easy/p31.pddl
Sketch solves: /proj/ssiw/users/x_domdr/projects/code/sketch-learner/learning/benchmarks/ipc2023/spanner/training/easy/p25.pddl
Sketch solves: /proj/ssiw/users/x_domdr/projects/code/sketch-learner/learning/benchmarks/ipc2023/spanner/training/easy/p29.pddl
Sketch solves: /proj/ssiw/users/x_domdr/projects/code/sketch-learner/learning/benchmarks/ipc2023/spanner/training/easy/p13.pddl
Sketch solves: /proj/ssiw/users/x_domdr/projects/code/sketch-learner/learning/benchmarks/ipc2023/spanner/training/easy/p12.pddl
Sketch solves: /proj/ssiw/users/x_domdr/projects/code/sketch-learner/learning/benchmarks/ipc2023/spanner/training/easy/p30.pddl
Sketch solves: /proj/ssiw/users/x_domdr/projects/code/sketch-learner/learning/benchmarks/ipc2023/spanner/training/easy/p28.pddl
Sketch solves: /proj/ssiw/users/x_domdr/projects/code/sketch-learner/learning/benchmarks/ipc2023/spanner/training/easy/p33.pddl
Sketch solves: /proj/ssiw/users/x_domdr/projects/code/sketch-learner/learning/benchmarks/ipc2023/spanner/training/easy/p36.pddl
Sketch solves: /proj/ssiw/users/x_domdr/projects/code/sketch-learner/learning/benchmarks/ipc2023/spanner/training/easy/p38.pddl
Sketch solves: /proj/ssiw/users/x_domdr/projects/code/sketch-learner/learning/benchmarks/ipc2023/spanner/training/easy/p41.pddl
Sketch solves: /proj/ssiw/users/x_domdr/projects/code/sketch-learner/learning/benchmarks/ipc2023/spanner/training/easy/p34.pddl
Sketch solves: /proj/ssiw/users/x_domdr/projects/code/sketch-learner/learning/benchmarks/ipc2023/spanner/training/easy/p37.pddl
Sketch solves: /proj/ssiw/users/x_domdr/projects/code/sketch-learner/learning/benchmarks/ipc2023/spanner/training/easy/p40.pddl
Sketch solves: /proj/ssiw/users/x_domdr/projects/code/sketch-learner/learning/benchmarks/ipc2023/spanner/training/easy/p35.pddl
Sketch solves: /proj/ssiw/users/x_domdr/projects/code/sketch-learner/learning/benchmarks/ipc2023/spanner/training/easy/p48.pddl
Sketch solves: /proj/ssiw/users/x_domdr/projects/code/sketch-learner/learning/benchmarks/ipc2023/spanner/training/easy/p32.pddl
Sketch solves: /proj/ssiw/users/x_domdr/projects/code/sketch-learner/learning/benchmarks/ipc2023/spanner/training/easy/p44.pddl
Sketch solves: /proj/ssiw/users/x_domdr/projects/code/sketch-learner/learning/benchmarks/ipc2023/spanner/training/easy/p42.pddl
Sketch solves: /proj/ssiw/users/x_domdr/projects/code/sketch-learner/learning/benchmarks/ipc2023/spanner/training/easy/p45.pddl
Sketch solves: /proj/ssiw/users/x_domdr/projects/code/sketch-learner/learning/benchmarks/ipc2023/spanner/training/easy/p43.pddl
Sketch solves: /proj/ssiw/users/x_domdr/projects/code/sketch-learner/learning/benchmarks/ipc2023/spanner/training/easy/p46.pddl
Sketch solves: /proj/ssiw/users/x_domdr/projects/code/sketch-learner/learning/benchmarks/ipc2023/spanner/training/easy/p50.pddl
Sketch solves: /proj/ssiw/users/x_domdr/projects/code/sketch-learner/learning/benchmarks/ipc2023/spanner/training/easy/p56.pddl
Sketch solves: /proj/ssiw/users/x_domdr/projects/code/sketch-learner/learning/benchmarks/ipc2023/spanner/training/easy/p49.pddl
Sketch solves: /proj/ssiw/users/x_domdr/projects/code/sketch-learner/learning/benchmarks/ipc2023/spanner/training/easy/p51.pddl
Sketch solves: /proj/ssiw/users/x_domdr/projects/code/sketch-learner/learning/benchmarks/ipc2023/spanner/training/easy/p54.pddl
Sketch solves: /proj/ssiw/users/x_domdr/projects/code/sketch-learner/learning/benchmarks/ipc2023/spanner/training/easy/p53.pddl
Sketch solves: /proj/ssiw/users/x_domdr/projects/code/sketch-learner/learning/benchmarks/ipc2023/spanner/training/easy/p59.pddl
Sketch solves: /proj/ssiw/users/x_domdr/projects/code/sketch-learner/learning/benchmarks/ipc2023/spanner/training/easy/p52.pddl
Sketch solves: /proj/ssiw/users/x_domdr/projects/code/sketch-learner/learning/benchmarks/ipc2023/spanner/training/easy/p57.pddl
Sketch solves: /proj/ssiw/users/x_domdr/projects/code/sketch-learner/learning/benchmarks/ipc2023/spanner/training/easy/p55.pddl
Sketch solves: /proj/ssiw/users/x_domdr/projects/code/sketch-learner/learning/benchmarks/ipc2023/spanner/training/easy/p60.pddl
Sketch solves: /proj/ssiw/users/x_domdr/projects/code/sketch-learner/learning/benchmarks/ipc2023/spanner/training/easy/p64.pddl
Sketch solves: /proj/ssiw/users/x_domdr/projects/code/sketch-learner/learning/benchmarks/ipc2023/spanner/training/easy/p72.pddl
Sketch solves: /proj/ssiw/users/x_domdr/projects/code/sketch-learner/learning/benchmarks/ipc2023/spanner/training/easy/p65.pddl
Sketch solves: /proj/ssiw/users/x_domdr/projects/code/sketch-learner/learning/benchmarks/ipc2023/spanner/training/easy/p70.pddl
Sketch solves: /proj/ssiw/users/x_domdr/projects/code/sketch-learner/learning/benchmarks/ipc2023/spanner/training/easy/p63.pddl
Sketch solves: /proj/ssiw/users/x_domdr/projects/code/sketch-learner/learning/benchmarks/ipc2023/spanner/training/easy/p73.pddl
Sketch solves: /proj/ssiw/users/x_domdr/projects/code/sketch-learner/learning/benchmarks/ipc2023/spanner/training/easy/p61.pddl
Sketch solves: /proj/ssiw/users/x_domdr/projects/code/sketch-learner/learning/benchmarks/ipc2023/spanner/training/easy/p58.pddl
Sketch solves: /proj/ssiw/users/x_domdr/projects/code/sketch-learner/learning/benchmarks/ipc2023/spanner/training/easy/p66.pddl
Sketch solves: /proj/ssiw/users/x_domdr/projects/code/sketch-learner/learning/benchmarks/ipc2023/spanner/training/easy/p74.pddl
Sketch solves: /proj/ssiw/users/x_domdr/projects/code/sketch-learner/learning/benchmarks/ipc2023/spanner/training/easy/p71.pddl
Sketch solves: /proj/ssiw/users/x_domdr/projects/code/sketch-learner/learning/benchmarks/ipc2023/spanner/training/easy/p69.pddl
Sketch solves: /proj/ssiw/users/x_domdr/projects/code/sketch-learner/learning/benchmarks/ipc2023/spanner/training/easy/p68.pddl
Sketch solves: /proj/ssiw/users/x_domdr/projects/code/sketch-learner/learning/benchmarks/ipc2023/spanner/training/easy/p67.pddl
2024-09-14 14:03:39,002 - ..done
Sketch solves all instances!
================================================================================
2024-09-14 14:03:39,039 - Summary:
LearningStatistics:
    num_training_instances: 62
    num_selected_training_instances (|P|): 1
    num_states_in_selected_training_instances (|S|): 10
    num_states_in_complete_selected_training_instances (|S|): 18
    num_features_in_pool (|F|): 164
================================================================================
Resulting sketch:
(:policy
(:booleans )
(:numericals (f9 "n_count(r_restrict(r_primitive(carrying,0,1),c_primitive(usable,0)))"))
(:rule (:conditions (:c_n_gt f9)) (:effects (:e_n_dec f9)))
(:rule (:conditions (:c_n_eq f9)) (:effects (:e_n_inc f9)))
(:rule (:conditions (:c_n_gt f9)) (:effects (:e_n_inc f9)))
)
Numer of sketch rules: 3
Number of selected features: 1
Maximum complexity of selected feature: 4
================================================================================
Resulting minimized sketch:
(:policy
(:booleans )
(:numericals (f9 "n_count(r_restrict(r_primitive(carrying,0,1),c_primitive(usable,0)))"))
(:rule (:conditions ) (:effects (:e_n_inc f9)))
(:rule (:conditions (:c_n_gt f9)) (:effects (:e_n_dec f9)))
)
Numer of sketch rules: 2
Number of selected features: 1
Maximum complexity of selected feature: 4
================================================================================
================================================================================
Preprocessing time: 14 seconds.
ASP time: 2 seconds.
Verification time: 1 seconds.
Total time: 16 seconds.
Total memory: 0 GiB.
Num states in training data before symmetry pruning: 100375
Num states in training data after symmetry pruning: 5639
================================================================================

