Changing working directory:  /proj/ssiw/users/x_domdr/projects/code/sketch-learner/learning/experiments/scripts/workspace-tractable/spanner_0
2024-09-14 14:12:13,381 - Constructing InstanceDatas...
2024-09-14 14:12:14,129 - Constructing GlobalFaithfulAbstractions...
2024-09-14 14:12:14,758 - ...done
2024-09-14 14:12:14,765 - Constructing StateSpaces...
2024-09-14 14:12:14,789 - ...done
/proj/ssiw/users/x_domdr/projects/code/sketch-learner/learning/benchmarks/tractable/spanner/training/easy/p-1-1-1-5.pddl /proj/ssiw/users/x_domdr/projects/code/sketch-learner/learning/benchmarks/tractable/spanner/training/easy/p-1-1-1-5.pddl
2024-09-14 14:12:14,802 - Created InstanceData with num concrete states: 6 and num abstract states: 6
/proj/ssiw/users/x_domdr/projects/code/sketch-learner/learning/benchmarks/tractable/spanner/training/easy/p-2-1-1-6.pddl /proj/ssiw/users/x_domdr/projects/code/sketch-learner/learning/benchmarks/tractable/spanner/training/easy/p-2-1-1-6.pddl
2024-09-14 14:12:14,803 - Created InstanceData with num concrete states: 7 and num abstract states: 7
/proj/ssiw/users/x_domdr/projects/code/sketch-learner/learning/benchmarks/tractable/spanner/training/easy/p-3-1-1-23.pddl /proj/ssiw/users/x_domdr/projects/code/sketch-learner/learning/benchmarks/tractable/spanner/training/easy/p-3-1-1-23.pddl
2024-09-14 14:12:14,804 - Created InstanceData with num concrete states: 8 and num abstract states: 8
/proj/ssiw/users/x_domdr/projects/code/sketch-learner/learning/benchmarks/tractable/spanner/training/easy/p-2-1-1-20.pddl /proj/ssiw/users/x_domdr/projects/code/sketch-learner/learning/benchmarks/tractable/spanner/training/easy/p-2-1-1-20.pddl
2024-09-14 14:12:14,805 - Created InstanceData with num concrete states: 8 and num abstract states: 8
/proj/ssiw/users/x_domdr/projects/code/sketch-learner/learning/benchmarks/tractable/spanner/training/easy/p-3-1-1-20.pddl /proj/ssiw/users/x_domdr/projects/code/sketch-learner/learning/benchmarks/tractable/spanner/training/easy/p-3-1-1-20.pddl
2024-09-14 14:12:14,806 - Created InstanceData with num concrete states: 9 and num abstract states: 9
/proj/ssiw/users/x_domdr/projects/code/sketch-learner/learning/benchmarks/tractable/spanner/training/easy/p-1-2-2-12.pddl /proj/ssiw/users/x_domdr/projects/code/sketch-learner/learning/benchmarks/tractable/spanner/training/easy/p-1-2-2-12.pddl
2024-09-14 14:12:14,807 - Created InstanceData with num concrete states: 18 and num abstract states: 10
/proj/ssiw/users/x_domdr/projects/code/sketch-learner/learning/benchmarks/tractable/spanner/training/easy/p-3-1-1-18.pddl /proj/ssiw/users/x_domdr/projects/code/sketch-learner/learning/benchmarks/tractable/spanner/training/easy/p-3-1-1-18.pddl
2024-09-14 14:12:14,807 - Created InstanceData with num concrete states: 10 and num abstract states: 10
/proj/ssiw/users/x_domdr/projects/code/sketch-learner/learning/benchmarks/tractable/spanner/training/easy/p-2-2-2-18.pddl /proj/ssiw/users/x_domdr/projects/code/sketch-learner/learning/benchmarks/tractable/spanner/training/easy/p-2-2-2-18.pddl
2024-09-14 14:12:14,809 - Created InstanceData with num concrete states: 19 and num abstract states: 11
/proj/ssiw/users/x_domdr/projects/code/sketch-learner/learning/benchmarks/tractable/spanner/training/easy/p-3-2-2-10.pddl /proj/ssiw/users/x_domdr/projects/code/sketch-learner/learning/benchmarks/tractable/spanner/training/easy/p-3-2-2-10.pddl
2024-09-14 14:12:14,810 - Created InstanceData with num concrete states: 20 and num abstract states: 12
/proj/ssiw/users/x_domdr/projects/code/sketch-learner/learning/benchmarks/tractable/spanner/training/easy/p-2-2-2-25.pddl /proj/ssiw/users/x_domdr/projects/code/sketch-learner/learning/benchmarks/tractable/spanner/training/easy/p-2-2-2-25.pddl
2024-09-14 14:12:14,811 - Created InstanceData with num concrete states: 22 and num abstract states: 13
/proj/ssiw/users/x_domdr/projects/code/sketch-learner/learning/benchmarks/tractable/spanner/training/easy/p-3-2-2-24.pddl /proj/ssiw/users/x_domdr/projects/code/sketch-learner/learning/benchmarks/tractable/spanner/training/easy/p-3-2-2-24.pddl
2024-09-14 14:12:14,814 - Created InstanceData with num concrete states: 23 and num abstract states: 14
/proj/ssiw/users/x_domdr/projects/code/sketch-learner/learning/benchmarks/tractable/spanner/training/easy/p-1-3-3-19.pddl /proj/ssiw/users/x_domdr/projects/code/sketch-learner/learning/benchmarks/tractable/spanner/training/easy/p-1-3-3-19.pddl
2024-09-14 14:12:14,817 - Created InstanceData with num concrete states: 72 and num abstract states: 15
/proj/ssiw/users/x_domdr/projects/code/sketch-learner/learning/benchmarks/tractable/spanner/training/easy/p-2-2-2-26.pddl /proj/ssiw/users/x_domdr/projects/code/sketch-learner/learning/benchmarks/tractable/spanner/training/easy/p-2-2-2-26.pddl
2024-09-14 14:12:14,818 - Created InstanceData with num concrete states: 20 and num abstract states: 15
/proj/ssiw/users/x_domdr/projects/code/sketch-learner/learning/benchmarks/tractable/spanner/training/easy/p-2-3-3-15.pddl /proj/ssiw/users/x_domdr/projects/code/sketch-learner/learning/benchmarks/tractable/spanner/training/easy/p-2-3-3-15.pddl
2024-09-14 14:12:14,820 - Created InstanceData with num concrete states: 73 and num abstract states: 16
/proj/ssiw/users/x_domdr/projects/code/sketch-learner/learning/benchmarks/tractable/spanner/training/easy/p-3-2-2-14.pddl /proj/ssiw/users/x_domdr/projects/code/sketch-learner/learning/benchmarks/tractable/spanner/training/easy/p-3-2-2-14.pddl
2024-09-14 14:12:14,821 - Created InstanceData with num concrete states: 21 and num abstract states: 16
/proj/ssiw/users/x_domdr/projects/code/sketch-learner/learning/benchmarks/tractable/spanner/training/easy/p-3-2-2-20.pddl /proj/ssiw/users/x_domdr/projects/code/sketch-learner/learning/benchmarks/tractable/spanner/training/easy/p-3-2-2-20.pddl
2024-09-14 14:12:14,823 - Created InstanceData with num concrete states: 26 and num abstract states: 16
/proj/ssiw/users/x_domdr/projects/code/sketch-learner/learning/benchmarks/tractable/spanner/training/easy/p-3-2-2-9.pddl /proj/ssiw/users/x_domdr/projects/code/sketch-learner/learning/benchmarks/tractable/spanner/training/easy/p-3-2-2-9.pddl
2024-09-14 14:12:14,824 - Created InstanceData with num concrete states: 22 and num abstract states: 17
/proj/ssiw/users/x_domdr/projects/code/sketch-learner/learning/benchmarks/tractable/spanner/training/easy/p-3-3-3-6.pddl /proj/ssiw/users/x_domdr/projects/code/sketch-learner/learning/benchmarks/tractable/spanner/training/easy/p-3-3-3-6.pddl
2024-09-14 14:12:14,826 - Created InstanceData with num concrete states: 74 and num abstract states: 17
/proj/ssiw/users/x_domdr/projects/code/sketch-learner/learning/benchmarks/tractable/spanner/training/easy/p-2-3-3-19.pddl /proj/ssiw/users/x_domdr/projects/code/sketch-learner/learning/benchmarks/tractable/spanner/training/easy/p-2-3-3-19.pddl
2024-09-14 14:12:14,829 - Created InstanceData with num concrete states: 80 and num abstract states: 19
/proj/ssiw/users/x_domdr/projects/code/sketch-learner/learning/benchmarks/tractable/spanner/training/easy/p-3-2-2-6.pddl /proj/ssiw/users/x_domdr/projects/code/sketch-learner/learning/benchmarks/tractable/spanner/training/easy/p-3-2-2-6.pddl
2024-09-14 14:12:14,830 - Created InstanceData with num concrete states: 24 and num abstract states: 19
/proj/ssiw/users/x_domdr/projects/code/sketch-learner/learning/benchmarks/tractable/spanner/training/easy/p-3-3-3-2.pddl /proj/ssiw/users/x_domdr/projects/code/sketch-learner/learning/benchmarks/tractable/spanner/training/easy/p-3-3-3-2.pddl
2024-09-14 14:12:14,832 - Created InstanceData with num concrete states: 81 and num abstract states: 20
/proj/ssiw/users/x_domdr/projects/code/sketch-learner/learning/benchmarks/tractable/spanner/training/easy/p-3-3-3-25.pddl /proj/ssiw/users/x_domdr/projects/code/sketch-learner/learning/benchmarks/tractable/spanner/training/easy/p-3-3-3-25.pddl
2024-09-14 14:12:14,835 - Created InstanceData with num concrete states: 88 and num abstract states: 23
/proj/ssiw/users/x_domdr/projects/code/sketch-learner/learning/benchmarks/tractable/spanner/training/easy/p-2-3-3-27.pddl /proj/ssiw/users/x_domdr/projects/code/sketch-learner/learning/benchmarks/tractable/spanner/training/easy/p-2-3-3-27.pddl
2024-09-14 14:12:14,837 - Created InstanceData with num concrete states: 74 and num abstract states: 24
/proj/ssiw/users/x_domdr/projects/code/sketch-learner/learning/benchmarks/tractable/spanner/training/easy/p-2-3-3-0.pddl /proj/ssiw/users/x_domdr/projects/code/sketch-learner/learning/benchmarks/tractable/spanner/training/easy/p-2-3-3-0.pddl
2024-09-14 14:12:14,840 - Created InstanceData with num concrete states: 76 and num abstract states: 25
/proj/ssiw/users/x_domdr/projects/code/sketch-learner/learning/benchmarks/tractable/spanner/training/easy/p-3-3-3-1.pddl /proj/ssiw/users/x_domdr/projects/code/sketch-learner/learning/benchmarks/tractable/spanner/training/easy/p-3-3-3-1.pddl
2024-09-14 14:12:14,842 - Created InstanceData with num concrete states: 75 and num abstract states: 25
/proj/ssiw/users/x_domdr/projects/code/sketch-learner/learning/benchmarks/tractable/spanner/training/easy/p-3-3-3-9.pddl /proj/ssiw/users/x_domdr/projects/code/sketch-learner/learning/benchmarks/tractable/spanner/training/easy/p-3-3-3-9.pddl
2024-09-14 14:12:14,844 - Created InstanceData with num concrete states: 76 and num abstract states: 26
/proj/ssiw/users/x_domdr/projects/code/sketch-learner/learning/benchmarks/tractable/spanner/training/easy/p-3-3-3-7.pddl /proj/ssiw/users/x_domdr/projects/code/sketch-learner/learning/benchmarks/tractable/spanner/training/easy/p-3-3-3-7.pddl
2024-09-14 14:12:14,847 - Created InstanceData with num concrete states: 80 and num abstract states: 28
/proj/ssiw/users/x_domdr/projects/code/sketch-learner/learning/benchmarks/tractable/spanner/training/easy/p-3-3-3-8.pddl /proj/ssiw/users/x_domdr/projects/code/sketch-learner/learning/benchmarks/tractable/spanner/training/easy/p-3-3-3-8.pddl
2024-09-14 14:12:14,849 - Created InstanceData with num concrete states: 82 and num abstract states: 30
/proj/ssiw/users/x_domdr/projects/code/sketch-learner/learning/benchmarks/tractable/spanner/training/easy/p-3-3-3-29.pddl /proj/ssiw/users/x_domdr/projects/code/sketch-learner/learning/benchmarks/tractable/spanner/training/easy/p-3-3-3-29.pddl
2024-09-14 14:12:14,852 - Created InstanceData with num concrete states: 84 and num abstract states: 31
/proj/ssiw/users/x_domdr/projects/code/sketch-learner/learning/benchmarks/tractable/spanner/training/easy/p-3-3-3-17.pddl /proj/ssiw/users/x_domdr/projects/code/sketch-learner/learning/benchmarks/tractable/spanner/training/easy/p-3-3-3-17.pddl
2024-09-14 14:12:14,854 - Created InstanceData with num concrete states: 78 and num abstract states: 35
2024-09-14 14:12:14,855 - ..done
2024-09-14 14:12:14,856 - Initializing TupleGraphs...
2024-09-14 14:12:14,860 - ..done
2024-09-14 14:12:14,861 - Iteration: 0
     id: 0 problem_filepath: /proj/ssiw/users/x_domdr/projects/code/sketch-learner/learning/benchmarks/tractable/spanner/training/easy/p-1-1-1-5.pddl num_states: 6 num_state_equivalences: 6
2024-09-14 14:12:14,892 - Initialize global faithful abstract states...
2024-09-14 14:12:14,892 - ..done
2024-09-14 14:12:14,892 - Initializing DomainFeatureData...
[t=2.2206s, 2513836 KB] Started generating base features of complexity 1.
[t=2.22096s, 2513836 KB] Complexity 1:
    b_nullary: 0
    c_one_of: 0
    c_top: 1
    c_bot: 1
    c_primitive: 8
    r_primitive: 4
    c_and: 0
    c_not: 0
    c_equal: 0
    c_some: 0
    c_all: 0
    r_restrict: 0
    r_and: 0
    r_inverse: 0
    r_transitive_closure: 0
    b_empty: 0
    n_count: 0
    n_concept_distance: 0
[t=2.2213s, 2513836 KB] Finished generating base features.
[t=2.22134s, 2513836 KB] Started generating composite features. 
[t=2.22163s, 2513836 KB] Complexity 2:
Total concept elements: 16
Total role elements: 8
Total numerical elements: 9
Total boolean elements: 5
    b_nullary: 0
    c_one_of: 0
    c_top: 1
    c_bot: 1
    c_primitive: 8
    r_primitive: 4
    c_and: 0
    c_not: 6
    c_equal: 0
    c_some: 0
    c_all: 0
    r_restrict: 0
    r_and: 0
    r_inverse: 3
    r_transitive_closure: 1
    b_empty: 5
    n_count: 9
    n_concept_distance: 0
[t=2.22255s, 2513836 KB] Complexity 3:
Total concept elements: 24
Total role elements: 10
Total numerical elements: 12
Total boolean elements: 5
    b_nullary: 0
    c_one_of: 0
    c_top: 1
    c_bot: 1
    c_primitive: 8
    r_primitive: 4
    c_and: 0
    c_not: 6
    c_equal: 1
    c_some: 4
    c_all: 3
    r_restrict: 1
    r_and: 0
    r_inverse: 4
    r_transitive_closure: 1
    b_empty: 5
    n_count: 12
    n_concept_distance: 0
[t=2.22354s, 2513836 KB] Complexity 4:
Total concept elements: 47
Total role elements: 11
Total numerical elements: 22
Total boolean elements: 6
    b_nullary: 0
    c_one_of: 0
    c_top: 1
    c_bot: 1
    c_primitive: 8
    r_primitive: 4
    c_and: 7
    c_not: 8
    c_equal: 1
    c_some: 12
    c_all: 9
    r_restrict: 1
    r_and: 0
    r_inverse: 5
    r_transitive_closure: 1
    b_empty: 6
    n_count: 16
    n_concept_distance: 6
[t=2.22465s, 2513836 KB] Complexity 5:
Total concept elements: 84
Total role elements: 11
Total numerical elements: 32
Total boolean elements: 7
    b_nullary: 0
    c_one_of: 0
    c_top: 1
    c_bot: 1
    c_primitive: 8
    r_primitive: 4
    c_and: 24
    c_not: 20
    c_equal: 1
    c_some: 16
    c_all: 13
    r_restrict: 1
    r_and: 0
    r_inverse: 5
    r_transitive_closure: 1
    b_empty: 7
    n_count: 25
    n_concept_distance: 7
[t=2.22669s, 2513836 KB] Complexity 6:
Total concept elements: 166
Total role elements: 11
Total numerical elements: 49
Total boolean elements: 8
    b_nullary: 0
    c_one_of: 0
    c_top: 1
    c_bot: 1
    c_primitive: 8
    r_primitive: 4
    c_and: 51
    c_not: 34
    c_equal: 1
    c_some: 37
    c_all: 33
    r_restrict: 1
    r_and: 0
    r_inverse: 5
    r_transitive_closure: 1
    b_empty: 8
    n_count: 38
    n_concept_distance: 11
[t=2.23051s, 2513836 KB] Complexity 7:
Total concept elements: 299
Total role elements: 11
Total numerical elements: 100
Total boolean elements: 17
    b_nullary: 0
    c_one_of: 0
    c_top: 1
    c_bot: 1
    c_primitive: 8
    r_primitive: 4
    c_and: 109
    c_not: 87
    c_equal: 1
    c_some: 49
    c_all: 43
    r_restrict: 1
    r_and: 0
    r_inverse: 5
    r_transitive_closure: 1
    b_empty: 17
    n_count: 82
    n_concept_distance: 18
[t=2.23784s, 2513836 KB] Complexity 8:
Total concept elements: 542
Total role elements: 11
Total numerical elements: 157
Total boolean elements: 19
    b_nullary: 0
    c_one_of: 0
    c_top: 1
    c_bot: 1
    c_primitive: 8
    r_primitive: 4
    c_and: 234
    c_not: 147
    c_equal: 1
    c_some: 78
    c_all: 72
    r_restrict: 1
    r_and: 0
    r_inverse: 5
    r_transitive_closure: 1
    b_empty: 19
    n_count: 131
    n_concept_distance: 26
[t=2.25154s, 2513836 KB] Complexity 9:
Total concept elements: 959
Total role elements: 11
Total numerical elements: 257
Total boolean elements: 28
    b_nullary: 0
    c_one_of: 0
    c_top: 1
    c_bot: 1
    c_primitive: 8
    r_primitive: 4
    c_and: 473
    c_not: 264
    c_equal: 1
    c_some: 105
    c_all: 106
    r_restrict: 1
    r_and: 0
    r_inverse: 5
    r_transitive_closure: 1
    b_empty: 28
    n_count: 207
    n_concept_distance: 50
[t=2.25189s, 2513836 KB] Finished generating composite features.
Features generated: 286
Features after relevant changes pruning (complete): 66
2024-09-14 14:12:15,009 - ..done
2024-09-14 14:12:15,009 - Constructing PerStateFeatureValuations...
2024-09-14 14:12:15,010 - ..done
2024-09-14 14:12:15,010 - Constructing StatePairEquivalenceDatas...
2024-09-14 14:12:15,015 - ..done
2024-09-14 14:12:15,015 - Constructing TupleGraphEquivalences...
Tuple graph equivalence construction statistics:
Num nodes: 10
2024-09-14 14:12:15,015 - ..done
2024-09-14 14:12:15,016 - Minimizing TupleGraphEquivalences...
Tuple graph equivalence minimization statistics:
Num orig nodes: 10
Num kept nodes: 10
2024-09-14 14:12:15,016 - ..done
Number of initial D2 facts: 6
Number of D2 facts: 6 of 100
2024-09-14 14:12:15,031 - Grounding Logic Program...
2024-09-14 14:12:15,042 - ..done
2024-09-14 14:12:15,042 - Solving Logic Program...
2024-09-14 14:12:15,046 - ..done
Clingo statistics:
{'call': 0.0, 'result': 1.0, 'signal': 0.0, 'exhausted': 1.0, 'costs': [3.0], 'lower': [3.0], 'concurrency': 32.0, 'winner': 4.0, 'times': {'total': 0.029241085052490234, 'cpu': 0.03634200000000032, 'solve': 0.0023779869079589844, 'unsat': 0.0006711483001708984, 'sat': 0.0013680458068847656}, 'models': {'enumerated': 6.0, 'optimal': 1.0}}
Solution cost: [3.0]
Total time: 0.029241085052490234
CPU time: 0.03634200000000032
Solve time: 0.0023779869079589844
2024-09-14 14:12:15,053 - Learned the following sketch:
(:policy
(:booleans )
(:numericals (f3 "n_count(r_primitive(at,0,1))"))
(:rule (:conditions (:c_n_gt f3)) (:effects (:e_n_bot f3)))
(:rule (:conditions (:c_n_gt f3)) (:effects (:e_n_dec f3)))
)
Numer of sketch rules: 2
Number of selected features: 1
Maximum complexity of selected feature: 2
Sketch solves: /proj/ssiw/users/x_domdr/projects/code/sketch-learner/learning/benchmarks/tractable/spanner/training/easy/p-1-1-1-5.pddl
Sketch cycles
Instance: 0
4
4
Number of unsatisfied D2 facts: 18
Number of D2 facts: 24 of 100
2024-09-14 14:12:15,088 - Grounding Logic Program...
2024-09-14 14:12:15,100 - ..done
2024-09-14 14:12:15,100 - Solving Logic Program...
2024-09-14 14:12:15,104 - ..done
Clingo statistics:
{'call': 0.0, 'result': 1.0, 'signal': 0.0, 'exhausted': 1.0, 'costs': [11.0], 'lower': [11.0], 'concurrency': 32.0, 'winner': 31.0, 'times': {'total': 0.049284934997558594, 'cpu': 0.059814000000000256, 'solve': 0.0024869441986083984, 'unsat': 0.0005648136138916016, 'sat': 0.0016100406646728516}, 'models': {'enumerated': 4.0, 'optimal': 1.0}}
Solution cost: [11.0]
Total time: 0.049284934997558594
CPU time: 0.059814000000000256
Solve time: 0.0024869441986083984
2024-09-14 14:12:15,111 - Learned the following sketch:
(:policy
(:booleans )
(:numericals (f2 "n_count(c_primitive(useable,0))") (f22 "n_count(c_some(r_primitive(at,0,1),c_some(r_inverse(r_primitive(at,0,1)),c_primitive(man,0))))"))
(:rule (:conditions (:c_n_gt f2) (:c_n_gt f22)) (:effects (:e_n_dec f2) (:e_n_bot f22)))
(:rule (:conditions (:c_n_gt f2) (:c_n_gt f22)) (:effects (:e_n_bot f2) (:e_n_inc f22)))
(:rule (:conditions (:c_n_gt f2) (:c_n_gt f22)) (:effects (:e_n_bot f2) (:e_n_dec f22)))
)
Numer of sketch rules: 3
Number of selected features: 2
Maximum complexity of selected feature: 7
Sketch solves: /proj/ssiw/users/x_domdr/projects/code/sketch-learner/learning/benchmarks/tractable/spanner/training/easy/p-1-1-1-5.pddl
2024-09-14 14:12:15,112 - Verifying learned sketch...
Sketch solves: /proj/ssiw/users/x_domdr/projects/code/sketch-learner/learning/benchmarks/tractable/spanner/training/easy/p-1-1-1-5.pddl
Sketch solves: /proj/ssiw/users/x_domdr/projects/code/sketch-learner/learning/benchmarks/tractable/spanner/training/easy/p-1-1-1-5.pddl
Sketch fails to bound width of a state
/proj/ssiw/users/x_domdr/projects/code/sketch-learner/learning/benchmarks/tractable/spanner/training/easy/p-2-1-1-6.pddl
Instance: 1
Source_state: 6
Dlplan state: (instance index=1, state index=0, atoms={at(bob,shed), at(spanner1,location2), useable(spanner1), loose(nut1), at(nut1,gate)})
2024-09-14 14:12:15,114 - ..done
Smallest unsolved instance: 1
Selected instances: [1]
2024-09-14 14:12:15,114 - Iteration: 1
     id: 1 problem_filepath: /proj/ssiw/users/x_domdr/projects/code/sketch-learner/learning/benchmarks/tractable/spanner/training/easy/p-2-1-1-6.pddl num_states: 7 num_state_equivalences: 7
2024-09-14 14:12:15,115 - Initialize global faithful abstract states...
2024-09-14 14:12:15,115 - ..done
2024-09-14 14:12:15,115 - Initializing DomainFeatureData...
[t=2.44362s, 2513836 KB] Started generating base features of complexity 1.
[t=2.44382s, 2513836 KB] Complexity 1:
    b_nullary: 0
    c_one_of: 0
    c_top: 1
    c_bot: 1
    c_primitive: 8
    r_primitive: 4
    c_and: 0
    c_not: 0
    c_equal: 0
    c_some: 0
    c_all: 0
    r_restrict: 0
    r_and: 0
    r_inverse: 0
    r_transitive_closure: 0
    b_empty: 0
    n_count: 0
    n_concept_distance: 0
[t=2.44423s, 2513836 KB] Finished generating base features.
[t=2.44428s, 2513836 KB] Started generating composite features. 
[t=2.44449s, 2513836 KB] Complexity 2:
Total concept elements: 16
Total role elements: 8
Total numerical elements: 9
Total boolean elements: 5
    b_nullary: 0
    c_one_of: 0
    c_top: 1
    c_bot: 1
    c_primitive: 8
    r_primitive: 4
    c_and: 0
    c_not: 6
    c_equal: 0
    c_some: 0
    c_all: 0
    r_restrict: 0
    r_and: 0
    r_inverse: 3
    r_transitive_closure: 1
    b_empty: 5
    n_count: 9
    n_concept_distance: 0
[t=2.44565s, 2513836 KB] Complexity 3:
Total concept elements: 24
Total role elements: 10
Total numerical elements: 12
Total boolean elements: 5
    b_nullary: 0
    c_one_of: 0
    c_top: 1
    c_bot: 1
    c_primitive: 8
    r_primitive: 4
    c_and: 0
    c_not: 6
    c_equal: 1
    c_some: 4
    c_all: 3
    r_restrict: 1
    r_and: 0
    r_inverse: 4
    r_transitive_closure: 1
    b_empty: 5
    n_count: 12
    n_concept_distance: 0
[t=2.44696s, 2513836 KB] Complexity 4:
Total concept elements: 47
Total role elements: 11
Total numerical elements: 21
Total boolean elements: 6
    b_nullary: 0
    c_one_of: 0
    c_top: 1
    c_bot: 1
    c_primitive: 8
    r_primitive: 4
    c_and: 7
    c_not: 8
    c_equal: 1
    c_some: 12
    c_all: 9
    r_restrict: 1
    r_and: 0
    r_inverse: 5
    r_transitive_closure: 1
    b_empty: 6
    n_count: 15
    n_concept_distance: 6
[t=2.44842s, 2513836 KB] Complexity 5:
Total concept elements: 84
Total role elements: 11
Total numerical elements: 32
Total boolean elements: 7
    b_nullary: 0
    c_one_of: 0
    c_top: 1
    c_bot: 1
    c_primitive: 8
    r_primitive: 4
    c_and: 24
    c_not: 20
    c_equal: 1
    c_some: 16
    c_all: 13
    r_restrict: 1
    r_and: 0
    r_inverse: 5
    r_transitive_closure: 1
    b_empty: 7
    n_count: 25
    n_concept_distance: 7
[t=2.4511s, 2513836 KB] Complexity 6:
Total concept elements: 167
Total role elements: 11
Total numerical elements: 50
Total boolean elements: 8
    b_nullary: 0
    c_one_of: 0
    c_top: 1
    c_bot: 1
    c_primitive: 8
    r_primitive: 4
    c_and: 52
    c_not: 34
    c_equal: 1
    c_some: 37
    c_all: 33
    r_restrict: 1
    r_and: 0
    r_inverse: 5
    r_transitive_closure: 1
    b_empty: 8
    n_count: 39
    n_concept_distance: 11
[t=2.45555s, 2513836 KB] Complexity 7:
Total concept elements: 315
Total role elements: 11
Total numerical elements: 106
Total boolean elements: 15
    b_nullary: 0
    c_one_of: 0
    c_top: 1
    c_bot: 1
    c_primitive: 8
    r_primitive: 4
    c_and: 111
    c_not: 88
    c_equal: 1
    c_some: 56
    c_all: 49
    r_restrict: 1
    r_and: 0
    r_inverse: 5
    r_transitive_closure: 1
    b_empty: 15
    n_count: 88
    n_concept_distance: 18
[t=2.46372s, 2513836 KB] Complexity 8:
Total concept elements: 592
Total role elements: 11
Total numerical elements: 171
Total boolean elements: 18
    b_nullary: 0
    c_one_of: 0
    c_top: 1
    c_bot: 1
    c_primitive: 8
    r_primitive: 4
    c_and: 236
    c_not: 150
    c_equal: 1
    c_some: 101
    c_all: 94
    r_restrict: 1
    r_and: 0
    r_inverse: 5
    r_transitive_closure: 1
    b_empty: 18
    n_count: 145
    n_concept_distance: 26
[t=2.48003s, 2513836 KB] Complexity 9:
Total concept elements: 1063
Total role elements: 11
Total numerical elements: 310
Total boolean elements: 33
    b_nullary: 0
    c_one_of: 0
    c_top: 1
    c_bot: 1
    c_primitive: 8
    r_primitive: 4
    c_and: 481
    c_not: 300
    c_equal: 1
    c_some: 135
    c_all: 136
    r_restrict: 1
    r_and: 0
    r_inverse: 5
    r_transitive_closure: 1
    b_empty: 33
    n_count: 256
    n_concept_distance: 54
[t=2.48038s, 2513836 KB] Finished generating composite features.
Features generated: 344
Features after relevant changes pruning (complete): 90
2024-09-14 14:12:15,273 - ..done
2024-09-14 14:12:15,273 - Constructing PerStateFeatureValuations...
2024-09-14 14:12:15,273 - ..done
2024-09-14 14:12:15,273 - Constructing StatePairEquivalenceDatas...
2024-09-14 14:12:15,282 - ..done
2024-09-14 14:12:15,282 - Constructing TupleGraphEquivalences...
Tuple graph equivalence construction statistics:
Num nodes: 12
2024-09-14 14:12:15,282 - ..done
2024-09-14 14:12:15,282 - Minimizing TupleGraphEquivalences...
Tuple graph equivalence minimization statistics:
Num orig nodes: 12
Num kept nodes: 12
2024-09-14 14:12:15,283 - ..done
Number of initial D2 facts: 7
Number of D2 facts: 7 of 144
2024-09-14 14:12:15,301 - Grounding Logic Program...
2024-09-14 14:12:15,317 - ..done
2024-09-14 14:12:15,317 - Solving Logic Program...
2024-09-14 14:12:15,320 - ..done
Clingo statistics:
{'call': 0.0, 'result': 1.0, 'signal': 0.0, 'exhausted': 1.0, 'costs': [0.0], 'lower': [0.0], 'concurrency': 32.0, 'winner': 7.0, 'times': {'total': 0.03698611259460449, 'cpu': 0.044330999999999676, 'solve': 0.0019631385803222656, 'unsat': 0.00043511390686035156, 'sat': 0.0012099742889404297}, 'models': {'enumerated': 4.0, 'optimal': 1.0}}
Solution cost: [0.0]
Total time: 0.03698611259460449
CPU time: 0.044330999999999676
Solve time: 0.0019631385803222656
2024-09-14 14:12:15,331 - Learned the following sketch:
(:policy
(:booleans )
(:numericals )
(:rule (:conditions ) (:effects ))
)
Numer of sketch rules: 1
Number of selected features: 0
Maximum complexity of selected feature: 0
Sketch solves: /proj/ssiw/users/x_domdr/projects/code/sketch-learner/learning/benchmarks/tractable/spanner/training/easy/p-2-1-1-6.pddl
Sketch cycles
Instance: 1
11
11
Number of unsatisfied D2 facts: 36
Number of D2 facts: 43 of 144
2024-09-14 14:12:15,383 - Grounding Logic Program...
2024-09-14 14:12:15,401 - ..done
2024-09-14 14:12:15,402 - Solving Logic Program...
2024-09-14 14:12:15,406 - ..done
Clingo statistics:
{'call': 0.0, 'result': 1.0, 'signal': 0.0, 'exhausted': 1.0, 'costs': [13.0], 'lower': [13.0], 'concurrency': 32.0, 'winner': 3.0, 'times': {'total': 0.07361793518066406, 'cpu': 0.08911099999999994, 'solve': 0.0032529830932617188, 'unsat': 0.0008220672607421875, 'sat': 0.0017609596252441406}, 'models': {'enumerated': 8.0, 'optimal': 1.0}}
Solution cost: [13.0]
Total time: 0.07361793518066406
CPU time: 0.08911099999999994
Solve time: 0.0032529830932617188
2024-09-14 14:12:15,417 - Learned the following sketch:
(:policy
(:booleans )
(:numericals (f5 "n_count(c_some(r_primitive(carrying,0,1),c_primitive(useable,0)))") (f18 "n_count(c_some(r_primitive(link,0,1),c_all(r_inverse(r_primitive(at,0,1)),c_bot)))"))
(:rule (:conditions (:c_n_eq f5) (:c_n_gt f18)) (:effects (:e_n_inc f5) (:e_n_bot f18)))
(:rule (:conditions (:c_n_gt f5) (:c_n_gt f18)) (:effects (:e_n_dec f5) (:e_n_bot f18)))
(:rule (:conditions (:c_n_eq f5) (:c_n_gt f18)) (:effects (:e_n_bot f5) (:e_n_dec f18)))
(:rule (:conditions (:c_n_gt f5) (:c_n_gt f18)) (:effects (:e_n_bot f5) (:e_n_inc f18)))
(:rule (:conditions (:c_n_eq f5) (:c_n_eq f18)) (:effects (:e_n_bot f5) (:e_n_inc f18)))
)
Numer of sketch rules: 5
Number of selected features: 2
Maximum complexity of selected feature: 7
Sketch solves: /proj/ssiw/users/x_domdr/projects/code/sketch-learner/learning/benchmarks/tractable/spanner/training/easy/p-2-1-1-6.pddl
2024-09-14 14:12:15,417 - Verifying learned sketch...
Sketch solves: /proj/ssiw/users/x_domdr/projects/code/sketch-learner/learning/benchmarks/tractable/spanner/training/easy/p-2-1-1-6.pddl
Sketch fails to bound width of a state
/proj/ssiw/users/x_domdr/projects/code/sketch-learner/learning/benchmarks/tractable/spanner/training/easy/p-1-1-1-5.pddl
Instance: 0
Source_state: 3
Dlplan state: (instance index=0, state index=3, atoms={useable(spanner1), loose(nut1), at(nut1,gate), at(bob,location1), carrying(bob,spanner1)})
2024-09-14 14:12:15,418 - ..done
Smallest unsolved instance: 0
Selected instances: [1, 0]
2024-09-14 14:12:15,418 - Iteration: 2
     id: 1 problem_filepath: /proj/ssiw/users/x_domdr/projects/code/sketch-learner/learning/benchmarks/tractable/spanner/training/easy/p-2-1-1-6.pddl num_states: 7 num_state_equivalences: 7
     id: 0 problem_filepath: /proj/ssiw/users/x_domdr/projects/code/sketch-learner/learning/benchmarks/tractable/spanner/training/easy/p-1-1-1-5.pddl num_states: 6 num_state_equivalences: 6
2024-09-14 14:12:15,420 - Initialize global faithful abstract states...
2024-09-14 14:12:15,420 - ..done
2024-09-14 14:12:15,420 - Initializing DomainFeatureData...
[t=2.74823s, 2513836 KB] Started generating base features of complexity 1.
[t=2.74841s, 2513836 KB] Complexity 1:
    b_nullary: 0
    c_one_of: 0
    c_top: 1
    c_bot: 1
    c_primitive: 8
    r_primitive: 4
    c_and: 0
    c_not: 0
    c_equal: 0
    c_some: 0
    c_all: 0
    r_restrict: 0
    r_and: 0
    r_inverse: 0
    r_transitive_closure: 0
    b_empty: 0
    n_count: 0
    n_concept_distance: 0
[t=2.74875s, 2513836 KB] Finished generating base features.
[t=2.74879s, 2513836 KB] Started generating composite features. 
[t=2.74897s, 2513836 KB] Complexity 2:
Total concept elements: 16
Total role elements: 8
Total numerical elements: 10
Total boolean elements: 5
    b_nullary: 0
    c_one_of: 0
    c_top: 1
    c_bot: 1
    c_primitive: 8
    r_primitive: 4
    c_and: 0
    c_not: 6
    c_equal: 0
    c_some: 0
    c_all: 0
    r_restrict: 0
    r_and: 0
    r_inverse: 3
    r_transitive_closure: 1
    b_empty: 5
    n_count: 10
    n_concept_distance: 0
[t=2.75015s, 2513836 KB] Complexity 3:
Total concept elements: 24
Total role elements: 10
Total numerical elements: 14
Total boolean elements: 5
    b_nullary: 0
    c_one_of: 0
    c_top: 1
    c_bot: 1
    c_primitive: 8
    r_primitive: 4
    c_and: 0
    c_not: 6
    c_equal: 1
    c_some: 4
    c_all: 3
    r_restrict: 1
    r_and: 0
    r_inverse: 4
    r_transitive_closure: 1
    b_empty: 5
    n_count: 14
    n_concept_distance: 0
[t=2.75164s, 2513836 KB] Complexity 4:
Total concept elements: 47
Total role elements: 11
Total numerical elements: 24
Total boolean elements: 6
    b_nullary: 0
    c_one_of: 0
    c_top: 1
    c_bot: 1
    c_primitive: 8
    r_primitive: 4
    c_and: 7
    c_not: 8
    c_equal: 1
    c_some: 12
    c_all: 9
    r_restrict: 1
    r_and: 0
    r_inverse: 5
    r_transitive_closure: 1
    b_empty: 6
    n_count: 18
    n_concept_distance: 6
[t=2.75332s, 2513836 KB] Complexity 5:
Total concept elements: 84
Total role elements: 11
Total numerical elements: 35
Total boolean elements: 7
    b_nullary: 0
    c_one_of: 0
    c_top: 1
    c_bot: 1
    c_primitive: 8
    r_primitive: 4
    c_and: 24
    c_not: 20
    c_equal: 1
    c_some: 16
    c_all: 13
    r_restrict: 1
    r_and: 0
    r_inverse: 5
    r_transitive_closure: 1
    b_empty: 7
    n_count: 28
    n_concept_distance: 7
[t=2.75641s, 2513836 KB] Complexity 6:
Total concept elements: 167
Total role elements: 11
Total numerical elements: 55
Total boolean elements: 8
    b_nullary: 0
    c_one_of: 0
    c_top: 1
    c_bot: 1
    c_primitive: 8
    r_primitive: 4
    c_and: 52
    c_not: 34
    c_equal: 1
    c_some: 37
    c_all: 33
    r_restrict: 1
    r_and: 0
    r_inverse: 5
    r_transitive_closure: 1
    b_empty: 8
    n_count: 44
    n_concept_distance: 11
[t=2.76212s, 2513836 KB] Complexity 7:
Total concept elements: 320
Total role elements: 11
Total numerical elements: 113
Total boolean elements: 19
    b_nullary: 0
    c_one_of: 0
    c_top: 1
    c_bot: 1
    c_primitive: 8
    r_primitive: 4
    c_and: 111
    c_not: 88
    c_equal: 1
    c_some: 59
    c_all: 51
    r_restrict: 1
    r_and: 0
    r_inverse: 5
    r_transitive_closure: 1
    b_empty: 19
    n_count: 95
    n_concept_distance: 18
[t=2.77331s, 2513836 KB] Complexity 8:
Total concept elements: 606
Total role elements: 11
Total numerical elements: 188
Total boolean elements: 23
    b_nullary: 0
    c_one_of: 0
    c_top: 1
    c_bot: 1
    c_primitive: 8
    r_primitive: 4
    c_and: 237
    c_not: 151
    c_equal: 1
    c_some: 107
    c_all: 100
    r_restrict: 1
    r_and: 0
    r_inverse: 5
    r_transitive_closure: 1
    b_empty: 23
    n_count: 162
    n_concept_distance: 26
[t=2.79648s, 2513836 KB] Complexity 9:
Total concept elements: 1088
Total role elements: 11
Total numerical elements: 360
Total boolean elements: 44
    b_nullary: 0
    c_one_of: 0
    c_top: 1
    c_bot: 1
    c_primitive: 8
    r_primitive: 4
    c_and: 485
    c_not: 301
    c_equal: 1
    c_some: 145
    c_all: 146
    r_restrict: 1
    r_and: 0
    r_inverse: 5
    r_transitive_closure: 1
    b_empty: 44
    n_count: 305
    n_concept_distance: 55
[t=2.79683s, 2513836 KB] Finished generating composite features.
Features generated: 405
Features after relevant changes pruning (complete): 113
2024-09-14 14:12:15,724 - ..done
2024-09-14 14:12:15,724 - Constructing PerStateFeatureValuations...
2024-09-14 14:12:15,726 - ..done
2024-09-14 14:12:15,726 - Constructing StatePairEquivalenceDatas...
2024-09-14 14:12:15,745 - ..done
2024-09-14 14:12:15,745 - Constructing TupleGraphEquivalences...
Tuple graph equivalence construction statistics:
Num nodes: 22
2024-09-14 14:12:15,746 - ..done
2024-09-14 14:12:15,746 - Minimizing TupleGraphEquivalences...
Tuple graph equivalence minimization statistics:
Num orig nodes: 22
Num kept nodes: 22
2024-09-14 14:12:15,747 - ..done
Number of initial D2 facts: 13
Number of D2 facts: 13 of 484
2024-09-14 14:12:15,789 - Grounding Logic Program...
2024-09-14 14:12:15,823 - ..done
2024-09-14 14:12:15,823 - Solving Logic Program...
2024-09-14 14:12:15,827 - ..done
Clingo statistics:
{'call': 0.0, 'result': 1.0, 'signal': 0.0, 'exhausted': 1.0, 'costs': [3.0], 'lower': [3.0], 'concurrency': 32.0, 'winner': 9.0, 'times': {'total': 0.08021807670593262, 'cpu': 0.0883670000000003, 'solve': 0.0020020008087158203, 'unsat': 0.0005409717559814453, 'sat': 0.0012798309326171875}, 'models': {'enumerated': 3.0, 'optimal': 1.0}}
Solution cost: [3.0]
Total time: 0.08021807670593262
CPU time: 0.0883670000000003
Solve time: 0.0020020008087158203
2024-09-14 14:12:15,848 - Learned the following sketch:
(:policy
(:booleans )
(:numericals (f3 "n_count(r_primitive(at,0,1))"))
(:rule (:conditions (:c_n_gt f3)) (:effects (:e_n_bot f3)))
(:rule (:conditions (:c_n_gt f3)) (:effects (:e_n_dec f3)))
)
Numer of sketch rules: 2
Number of selected features: 1
Maximum complexity of selected feature: 2
Sketch solves: /proj/ssiw/users/x_domdr/projects/code/sketch-learner/learning/benchmarks/tractable/spanner/training/easy/p-2-1-1-6.pddl
Sketch cycles
Instance: 1
11
11
Number of unsatisfied D2 facts: 96
Number of D2 facts: 109 of 484
2024-09-14 14:12:15,960 - Grounding Logic Program...
2024-09-14 14:12:16,003 - ..done
2024-09-14 14:12:16,003 - Solving Logic Program...
2024-09-14 14:12:16,011 - ..done
Clingo statistics:
{'call': 0.0, 'result': 1.0, 'signal': 0.0, 'exhausted': 1.0, 'costs': [15.0], 'lower': [15.0], 'concurrency': 32.0, 'winner': 30.0, 'times': {'total': 0.16115999221801758, 'cpu': 0.18664700000000023, 'solve': 0.004719972610473633, 'unsat': 0.002321958541870117, 'sat': 0.001786947250366211}, 'models': {'enumerated': 8.0, 'optimal': 1.0}}
Solution cost: [15.0]
Total time: 0.16115999221801758
CPU time: 0.18664700000000023
Solve time: 0.004719972610473633
2024-09-14 14:12:16,033 - Learned the following sketch:
(:policy
(:booleans )
(:numericals (f6 "n_concept_distance(c_primitive(man,0),r_primitive(carrying,0,1),c_primitive(useable,0))") (f87 "n_count(c_some(r_inverse(r_transitive_closure(r_primitive(link,0,1))),c_some(r_inverse(r_primitive(at,0,1)),c_top)))"))
(:rule (:conditions (:c_n_gt f6) (:c_n_eq f87)) (:effects (:e_n_inc f6) (:e_n_bot f87)))
(:rule (:conditions (:c_n_gt f6) (:c_n_gt f87)) (:effects (:e_n_bot f6) (:e_n_dec f87)))
(:rule (:conditions (:c_n_gt f6) (:c_n_gt f87)) (:effects (:e_n_dec f6) (:e_n_bot f87)))
)
Numer of sketch rules: 3
Number of selected features: 2
Maximum complexity of selected feature: 9
Sketch solves: /proj/ssiw/users/x_domdr/projects/code/sketch-learner/learning/benchmarks/tractable/spanner/training/easy/p-2-1-1-6.pddl
Sketch solves: /proj/ssiw/users/x_domdr/projects/code/sketch-learner/learning/benchmarks/tractable/spanner/training/easy/p-1-1-1-5.pddl
2024-09-14 14:12:16,035 - Verifying learned sketch...
Sketch solves: /proj/ssiw/users/x_domdr/projects/code/sketch-learner/learning/benchmarks/tractable/spanner/training/easy/p-2-1-1-6.pddl
Sketch solves: /proj/ssiw/users/x_domdr/projects/code/sketch-learner/learning/benchmarks/tractable/spanner/training/easy/p-1-1-1-5.pddl
Sketch solves: /proj/ssiw/users/x_domdr/projects/code/sketch-learner/learning/benchmarks/tractable/spanner/training/easy/p-1-1-1-5.pddl
Sketch solves: /proj/ssiw/users/x_domdr/projects/code/sketch-learner/learning/benchmarks/tractable/spanner/training/easy/p-2-1-1-6.pddl
Sketch solves: /proj/ssiw/users/x_domdr/projects/code/sketch-learner/learning/benchmarks/tractable/spanner/training/easy/p-3-1-1-23.pddl
Sketch solves: /proj/ssiw/users/x_domdr/projects/code/sketch-learner/learning/benchmarks/tractable/spanner/training/easy/p-2-1-1-20.pddl
Sketch solves: /proj/ssiw/users/x_domdr/projects/code/sketch-learner/learning/benchmarks/tractable/spanner/training/easy/p-3-1-1-20.pddl
Sketch fails to bound width of a state
/proj/ssiw/users/x_domdr/projects/code/sketch-learner/learning/benchmarks/tractable/spanner/training/easy/p-1-2-2-12.pddl
Instance: 5
Source_state: 38
Dlplan state: (instance index=5, state index=7, atoms={useable(spanner1), useable(spanner2), loose(nut1), at(nut1,gate), loose(nut2), at(nut2,gate), carrying(bob,spanner1), carrying(bob,spanner2), at(bob,gate)})
2024-09-14 14:12:16,039 - ..done
Smallest unsolved instance: 5
Selected instances: [5]
2024-09-14 14:12:16,039 - Iteration: 3
     id: 5 problem_filepath: /proj/ssiw/users/x_domdr/projects/code/sketch-learner/learning/benchmarks/tractable/spanner/training/easy/p-1-2-2-12.pddl num_states: 18 num_state_equivalences: 10
2024-09-14 14:12:16,042 - Initialize global faithful abstract states...
2024-09-14 14:12:16,042 - ..done
2024-09-14 14:12:16,042 - Initializing DomainFeatureData...
[t=3.37052s, 2513836 KB] Started generating base features of complexity 1.
[t=3.3707s, 2513836 KB] Complexity 1:
    b_nullary: 0
    c_one_of: 0
    c_top: 1
    c_bot: 1
    c_primitive: 8
    r_primitive: 4
    c_and: 0
    c_not: 0
    c_equal: 0
    c_some: 0
    c_all: 0
    r_restrict: 0
    r_and: 0
    r_inverse: 0
    r_transitive_closure: 0
    b_empty: 0
    n_count: 0
    n_concept_distance: 0
[t=3.37101s, 2513836 KB] Finished generating base features.
[t=3.37105s, 2513836 KB] Started generating composite features. 
[t=3.37124s, 2513836 KB] Complexity 2:
Total concept elements: 16
Total role elements: 8
Total numerical elements: 10
Total boolean elements: 5
    b_nullary: 0
    c_one_of: 0
    c_top: 1
    c_bot: 1
    c_primitive: 8
    r_primitive: 4
    c_and: 0
    c_not: 6
    c_equal: 0
    c_some: 0
    c_all: 0
    r_restrict: 0
    r_and: 0
    r_inverse: 3
    r_transitive_closure: 1
    b_empty: 5
    n_count: 10
    n_concept_distance: 0
[t=3.37229s, 2513836 KB] Complexity 3:
Total concept elements: 24
Total role elements: 10
Total numerical elements: 14
Total boolean elements: 5
    b_nullary: 0
    c_one_of: 0
    c_top: 1
    c_bot: 1
    c_primitive: 8
    r_primitive: 4
    c_and: 0
    c_not: 6
    c_equal: 1
    c_some: 4
    c_all: 3
    r_restrict: 1
    r_and: 0
    r_inverse: 4
    r_transitive_closure: 1
    b_empty: 5
    n_count: 14
    n_concept_distance: 0
[t=3.3735s, 2513836 KB] Complexity 4:
Total concept elements: 47
Total role elements: 11
Total numerical elements: 23
Total boolean elements: 6
    b_nullary: 0
    c_one_of: 0
    c_top: 1
    c_bot: 1
    c_primitive: 8
    r_primitive: 4
    c_and: 7
    c_not: 8
    c_equal: 1
    c_some: 12
    c_all: 9
    r_restrict: 1
    r_and: 0
    r_inverse: 5
    r_transitive_closure: 1
    b_empty: 6
    n_count: 20
    n_concept_distance: 3
[t=3.3749s, 2513836 KB] Complexity 5:
Total concept elements: 84
Total role elements: 11
Total numerical elements: 36
Total boolean elements: 7
    b_nullary: 0
    c_one_of: 0
    c_top: 1
    c_bot: 1
    c_primitive: 8
    r_primitive: 4
    c_and: 24
    c_not: 20
    c_equal: 1
    c_some: 16
    c_all: 13
    r_restrict: 1
    r_and: 0
    r_inverse: 5
    r_transitive_closure: 1
    b_empty: 7
    n_count: 33
    n_concept_distance: 3
[t=3.37761s, 2513836 KB] Complexity 6:
Total concept elements: 170
Total role elements: 11
Total numerical elements: 60
Total boolean elements: 10
    b_nullary: 0
    c_one_of: 0
    c_top: 1
    c_bot: 1
    c_primitive: 8
    r_primitive: 4
    c_and: 51
    c_not: 34
    c_equal: 1
    c_some: 39
    c_all: 35
    r_restrict: 1
    r_and: 0
    r_inverse: 5
    r_transitive_closure: 1
    b_empty: 10
    n_count: 52
    n_concept_distance: 8
[t=3.3826s, 2513836 KB] Complexity 7:
Total concept elements: 310
Total role elements: 11
Total numerical elements: 132
Total boolean elements: 21
    b_nullary: 0
    c_one_of: 0
    c_top: 1
    c_bot: 1
    c_primitive: 8
    r_primitive: 4
    c_and: 110
    c_not: 93
    c_equal: 1
    c_some: 51
    c_all: 45
    r_restrict: 1
    r_and: 0
    r_inverse: 5
    r_transitive_closure: 1
    b_empty: 21
    n_count: 117
    n_concept_distance: 15
[t=3.39253s, 2513836 KB] Complexity 8:
Total concept elements: 570
Total role elements: 11
Total numerical elements: 229
Total boolean elements: 25
    b_nullary: 0
    c_one_of: 0
    c_top: 1
    c_bot: 1
    c_primitive: 8
    r_primitive: 4
    c_and: 245
    c_not: 154
    c_equal: 1
    c_some: 82
    c_all: 78
    r_restrict: 1
    r_and: 0
    r_inverse: 5
    r_transitive_closure: 1
    b_empty: 25
    n_count: 205
    n_concept_distance: 24
[t=3.41077s, 2513836 KB] Complexity 9:
Total concept elements: 1045
Total role elements: 11
Total numerical elements: 390
Total boolean elements: 41
    b_nullary: 0
    c_one_of: 0
    c_top: 1
    c_bot: 1
    c_primitive: 8
    r_primitive: 4
    c_and: 516
    c_not: 293
    c_equal: 1
    c_some: 111
    c_all: 114
    r_restrict: 1
    r_and: 0
    r_inverse: 5
    r_transitive_closure: 1
    b_empty: 41
    n_count: 349
    n_concept_distance: 41
[t=3.41112s, 2513836 KB] Finished generating composite features.
Features generated: 432
Features after relevant changes pruning (complete): 135
2024-09-14 14:12:16,290 - ..done
2024-09-14 14:12:16,290 - Constructing PerStateFeatureValuations...
2024-09-14 14:12:16,292 - ..done
2024-09-14 14:12:16,292 - Constructing StatePairEquivalenceDatas...
2024-09-14 14:12:16,311 - ..done
2024-09-14 14:12:16,312 - Constructing TupleGraphEquivalences...
Tuple graph equivalence construction statistics:
Num nodes: 19
2024-09-14 14:12:16,313 - ..done
2024-09-14 14:12:16,313 - Minimizing TupleGraphEquivalences...
Tuple graph equivalence minimization statistics:
Num orig nodes: 19
Num kept nodes: 15
2024-09-14 14:12:16,313 - ..done
Number of initial D2 facts: 10
Number of D2 facts: 10 of 225
2024-09-14 14:12:16,354 - Grounding Logic Program...
2024-09-14 14:12:16,386 - ..done
2024-09-14 14:12:16,386 - Solving Logic Program...
2024-09-14 14:12:16,391 - ..done
Clingo statistics:
{'call': 0.0, 'result': 1.0, 'signal': 0.0, 'exhausted': 1.0, 'costs': [3.0], 'lower': [3.0], 'concurrency': 32.0, 'winner': 19.0, 'times': {'total': 0.07711291313171387, 'cpu': 0.08794800000000036, 'solve': 0.0032091140747070312, 'unsat': 0.00047397613525390625, 'sat': 0.0011851787567138672}, 'models': {'enumerated': 20.0, 'optimal': 1.0}}
Solution cost: [3.0]
Total time: 0.07711291313171387
CPU time: 0.08794800000000036
Solve time: 0.0032091140747070312
2024-09-14 14:12:16,411 - Learned the following sketch:
(:policy
(:booleans )
(:numericals (f4 "n_count(r_primitive(carrying,0,1))"))
(:rule (:conditions (:c_n_gt f4)) (:effects (:e_n_inc f4)))
(:rule (:conditions (:c_n_gt f4)) (:effects (:e_n_bot f4)))
(:rule (:conditions (:c_n_eq f4)) (:effects (:e_n_bot f4)))
(:rule (:conditions (:c_n_eq f4)) (:effects (:e_n_inc f4)))
)
Numer of sketch rules: 4
Number of selected features: 1
Maximum complexity of selected feature: 2
Sketch solves: /proj/ssiw/users/x_domdr/projects/code/sketch-learner/learning/benchmarks/tractable/spanner/training/easy/p-1-2-2-12.pddl
Sketch cycles
Instance: 5
39
39
Number of unsatisfied D2 facts: 21
Number of D2 facts: 31 of 225
2024-09-14 14:12:16,504 - Grounding Logic Program...
2024-09-14 14:12:16,538 - ..done
2024-09-14 14:12:16,538 - Solving Logic Program...
2024-09-14 14:12:16,544 - ..done
Clingo statistics:
{'call': 0.0, 'result': 1.0, 'signal': 0.0, 'exhausted': 1.0, 'costs': [11.0], 'lower': [11.0], 'concurrency': 32.0, 'winner': 27.0, 'times': {'total': 0.13182687759399414, 'cpu': 0.15134000000000025, 'solve': 0.004127025604248047, 'unsat': 0.0015408992767333984, 'sat': 0.0017120838165283203}, 'models': {'enumerated': 9.0, 'optimal': 1.0}}
Solution cost: [11.0]
Total time: 0.13182687759399414
CPU time: 0.15134000000000025
Solve time: 0.004127025604248047
2024-09-14 14:12:16,564 - Learned the following sketch:
(:policy
(:booleans )
(:numericals (f1 "n_count(c_primitive(tightened,0))") (f47 "n_count(c_all(r_primitive(at,0,1),c_all(r_inverse(r_primitive(at,0,1)),c_primitive(man,0))))"))
(:rule (:conditions (:c_n_eq f1) (:c_n_gt f47)) (:effects (:e_n_bot f1) (:e_n_inc f47)))
(:rule (:conditions (:c_n_eq f1) (:c_n_gt f47)) (:effects (:e_n_inc f1) (:e_n_bot f47)))
(:rule (:conditions (:c_n_eq f1) (:c_n_gt f47)) (:effects (:e_n_bot f1) (:e_n_dec f47)))
(:rule (:conditions (:c_n_gt f1) (:c_n_gt f47)) (:effects (:e_n_inc f1) (:e_n_bot f47)))
)
Numer of sketch rules: 4
Number of selected features: 2
Maximum complexity of selected feature: 7
Sketch solves: /proj/ssiw/users/x_domdr/projects/code/sketch-learner/learning/benchmarks/tractable/spanner/training/easy/p-1-2-2-12.pddl
2024-09-14 14:12:16,565 - Verifying learned sketch...
Sketch solves: /proj/ssiw/users/x_domdr/projects/code/sketch-learner/learning/benchmarks/tractable/spanner/training/easy/p-1-2-2-12.pddl
Sketch solves: /proj/ssiw/users/x_domdr/projects/code/sketch-learner/learning/benchmarks/tractable/spanner/training/easy/p-1-1-1-5.pddl
Sketch fails to bound width of a state
/proj/ssiw/users/x_domdr/projects/code/sketch-learner/learning/benchmarks/tractable/spanner/training/easy/p-2-1-1-6.pddl
Instance: 1
Source_state: 6
Dlplan state: (instance index=1, state index=0, atoms={at(bob,shed), at(spanner1,location2), useable(spanner1), loose(nut1), at(nut1,gate)})
2024-09-14 14:12:16,567 - ..done
Smallest unsolved instance: 1
Selected instances: [5, 1]
2024-09-14 14:12:16,567 - Iteration: 4
     id: 5 problem_filepath: /proj/ssiw/users/x_domdr/projects/code/sketch-learner/learning/benchmarks/tractable/spanner/training/easy/p-1-2-2-12.pddl num_states: 18 num_state_equivalences: 10
     id: 1 problem_filepath: /proj/ssiw/users/x_domdr/projects/code/sketch-learner/learning/benchmarks/tractable/spanner/training/easy/p-2-1-1-6.pddl num_states: 7 num_state_equivalences: 7
2024-09-14 14:12:16,569 - Initialize global faithful abstract states...
2024-09-14 14:12:16,569 - ..done
2024-09-14 14:12:16,569 - Initializing DomainFeatureData...
[t=3.89752s, 2513836 KB] Started generating base features of complexity 1.
[t=3.89775s, 2513836 KB] Complexity 1:
    b_nullary: 0
    c_one_of: 0
    c_top: 1
    c_bot: 1
    c_primitive: 8
    r_primitive: 4
    c_and: 0
    c_not: 0
    c_equal: 0
    c_some: 0
    c_all: 0
    r_restrict: 0
    r_and: 0
    r_inverse: 0
    r_transitive_closure: 0
    b_empty: 0
    n_count: 0
    n_concept_distance: 0
[t=3.89808s, 2513836 KB] Finished generating base features.
[t=3.89812s, 2513836 KB] Started generating composite features. 
[t=3.89834s, 2513836 KB] Complexity 2:
Total concept elements: 16
Total role elements: 8
Total numerical elements: 11
Total boolean elements: 5
    b_nullary: 0
    c_one_of: 0
    c_top: 1
    c_bot: 1
    c_primitive: 8
    r_primitive: 4
    c_and: 0
    c_not: 6
    c_equal: 0
    c_some: 0
    c_all: 0
    r_restrict: 0
    r_and: 0
    r_inverse: 3
    r_transitive_closure: 1
    b_empty: 5
    n_count: 11
    n_concept_distance: 0
[t=3.89976s, 2513836 KB] Complexity 3:
Total concept elements: 24
Total role elements: 10
Total numerical elements: 16
Total boolean elements: 5
    b_nullary: 0
    c_one_of: 0
    c_top: 1
    c_bot: 1
    c_primitive: 8
    r_primitive: 4
    c_and: 0
    c_not: 6
    c_equal: 1
    c_some: 4
    c_all: 3
    r_restrict: 1
    r_and: 0
    r_inverse: 4
    r_transitive_closure: 1
    b_empty: 5
    n_count: 16
    n_concept_distance: 0
[t=3.9013s, 2513836 KB] Complexity 4:
Total concept elements: 47
Total role elements: 11
Total numerical elements: 26
Total boolean elements: 6
    b_nullary: 0
    c_one_of: 0
    c_top: 1
    c_bot: 1
    c_primitive: 8
    r_primitive: 4
    c_and: 7
    c_not: 8
    c_equal: 1
    c_some: 12
    c_all: 9
    r_restrict: 1
    r_and: 0
    r_inverse: 5
    r_transitive_closure: 1
    b_empty: 6
    n_count: 23
    n_concept_distance: 3
[t=3.90314s, 2513836 KB] Complexity 5:
Total concept elements: 84
Total role elements: 11
Total numerical elements: 40
Total boolean elements: 7
    b_nullary: 0
    c_one_of: 0
    c_top: 1
    c_bot: 1
    c_primitive: 8
    r_primitive: 4
    c_and: 24
    c_not: 20
    c_equal: 1
    c_some: 16
    c_all: 13
    r_restrict: 1
    r_and: 0
    r_inverse: 5
    r_transitive_closure: 1
    b_empty: 7
    n_count: 37
    n_concept_distance: 3
[t=3.90684s, 2513836 KB] Complexity 6:
Total concept elements: 171
Total role elements: 11
Total numerical elements: 70
Total boolean elements: 10
    b_nullary: 0
    c_one_of: 0
    c_top: 1
    c_bot: 1
    c_primitive: 8
    r_primitive: 4
    c_and: 52
    c_not: 34
    c_equal: 1
    c_some: 39
    c_all: 35
    r_restrict: 1
    r_and: 0
    r_inverse: 5
    r_transitive_closure: 1
    b_empty: 10
    n_count: 62
    n_concept_distance: 8
[t=3.91346s, 2513836 KB] Complexity 7:
Total concept elements: 331
Total role elements: 11
Total numerical elements: 145
Total boolean elements: 22
    b_nullary: 0
    c_one_of: 0
    c_top: 1
    c_bot: 1
    c_primitive: 8
    r_primitive: 4
    c_and: 112
    c_not: 94
    c_equal: 1
    c_some: 61
    c_all: 53
    r_restrict: 1
    r_and: 0
    r_inverse: 5
    r_transitive_closure: 1
    b_empty: 22
    n_count: 130
    n_concept_distance: 15
[t=3.92697s, 2513836 KB] Complexity 8:
Total concept elements: 634
Total role elements: 11
Total numerical elements: 258
Total boolean elements: 28
    b_nullary: 0
    c_one_of: 0
    c_top: 1
    c_bot: 1
    c_primitive: 8
    r_primitive: 4
    c_and: 248
    c_not: 158
    c_equal: 1
    c_some: 111
    c_all: 106
    r_restrict: 1
    r_and: 0
    r_inverse: 5
    r_transitive_closure: 1
    b_empty: 28
    n_count: 234
    n_concept_distance: 24
[t=3.95433s, 2513836 KB] Complexity 9:
Total concept elements: 1166
Total role elements: 11
Total numerical elements: 496
Total boolean elements: 54
    b_nullary: 0
    c_one_of: 0
    c_top: 1
    c_bot: 1
    c_primitive: 8
    r_primitive: 4
    c_and: 528
    c_not: 322
    c_equal: 1
    c_some: 151
    c_all: 154
    r_restrict: 1
    r_and: 0
    r_inverse: 5
    r_transitive_closure: 1
    b_empty: 54
    n_count: 450
    n_concept_distance: 46
[t=3.95468s, 2513836 KB] Finished generating composite features.
Features generated: 551
Features after relevant changes pruning (complete): 186
2024-09-14 14:12:17,079 - ..done
2024-09-14 14:12:17,079 - Constructing PerStateFeatureValuations...
2024-09-14 14:12:17,082 - ..done
2024-09-14 14:12:17,082 - Constructing StatePairEquivalenceDatas...
2024-09-14 14:12:17,124 - ..done
2024-09-14 14:12:17,125 - Constructing TupleGraphEquivalences...
Tuple graph equivalence construction statistics:
Num nodes: 31
2024-09-14 14:12:17,126 - ..done
2024-09-14 14:12:17,126 - Minimizing TupleGraphEquivalences...
Tuple graph equivalence minimization statistics:
Num orig nodes: 31
Num kept nodes: 27
2024-09-14 14:12:17,126 - ..done
Number of initial D2 facts: 17
Number of D2 facts: 17 of 729
2024-09-14 14:12:17,208 - Grounding Logic Program...
2024-09-14 14:12:17,276 - ..done
2024-09-14 14:12:17,276 - Solving Logic Program...
2024-09-14 14:12:17,282 - ..done
Clingo statistics:
{'call': 0.0, 'result': 1.0, 'signal': 0.0, 'exhausted': 1.0, 'costs': [5.0], 'lower': [5.0], 'concurrency': 32.0, 'winner': 27.0, 'times': {'total': 0.1549680233001709, 'cpu': 0.17022400000000015, 'solve': 0.0025408267974853516, 'unsat': 0.0006380081176757812, 'sat': 0.0012810230255126953}, 'models': {'enumerated': 7.0, 'optimal': 1.0}}
Solution cost: [5.0]
Total time: 0.1549680233001709
CPU time: 0.17022400000000015
Solve time: 0.0025408267974853516
2024-09-14 14:12:17,324 - Learned the following sketch:
(:policy
(:booleans )
(:numericals (f9 "n_count(r_restrict(r_primitive(carrying,0,1),c_primitive(useable,0)))"))
(:rule (:conditions (:c_n_gt f9)) (:effects (:e_n_inc f9)))
(:rule (:conditions (:c_n_eq f9)) (:effects (:e_n_inc f9)))
(:rule (:conditions (:c_n_gt f9)) (:effects (:e_n_dec f9)))
(:rule (:conditions (:c_n_eq f9)) (:effects (:e_n_bot f9)))
(:rule (:conditions (:c_n_gt f9)) (:effects (:e_n_bot f9)))
)
Numer of sketch rules: 5
Number of selected features: 1
Maximum complexity of selected feature: 4
Sketch solves: /proj/ssiw/users/x_domdr/projects/code/sketch-learner/learning/benchmarks/tractable/spanner/training/easy/p-1-2-2-12.pddl
Sketch cycles
Instance: 5
39
39
Number of unsatisfied D2 facts: 41
Number of D2 facts: 58 of 729
2024-09-14 14:12:17,562 - Grounding Logic Program...
2024-09-14 14:12:17,638 - ..done
2024-09-14 14:12:17,638 - Solving Logic Program...
2024-09-14 14:12:17,646 - ..done
Clingo statistics:
{'call': 0.0, 'result': 1.0, 'signal': 0.0, 'exhausted': 1.0, 'costs': [15.0], 'lower': [15.0], 'concurrency': 32.0, 'winner': 3.0, 'times': {'total': 0.32109808921813965, 'cpu': 0.34157100000000007, 'solve': 0.004266023635864258, 'unsat': 0.0019428730010986328, 'sat': 0.0017230510711669922}, 'models': {'enumerated': 4.0, 'optimal': 1.0}}
Solution cost: [15.0]
Total time: 0.32109808921813965
CPU time: 0.34157100000000007
Solve time: 0.004266023635864258
2024-09-14 14:12:17,689 - Learned the following sketch:
(:policy
(:booleans )
(:numericals (f9 "n_count(r_restrict(r_primitive(carrying,0,1),c_primitive(useable,0)))") (f143 "n_count(c_some(r_inverse(r_transitive_closure(r_primitive(link,0,1))),c_some(r_inverse(r_primitive(at,0,1)),c_top)))"))
(:rule (:conditions (:c_n_gt f9) (:c_n_gt f143)) (:effects (:e_n_inc f9) (:e_n_bot f143)))
(:rule (:conditions (:c_n_eq f9) (:c_n_gt f143)) (:effects (:e_n_inc f9) (:e_n_bot f143)))
(:rule (:conditions (:c_n_gt f9) (:c_n_eq f143)) (:effects (:e_n_dec f9) (:e_n_bot f143)))
(:rule (:conditions (:c_n_eq f9) (:c_n_gt f143)) (:effects (:e_n_bot f9) (:e_n_dec f143)))
(:rule (:conditions (:c_n_gt f9) (:c_n_gt f143)) (:effects (:e_n_bot f9) (:e_n_dec f143)))
)
Numer of sketch rules: 5
Number of selected features: 2
Maximum complexity of selected feature: 9
Sketch solves: /proj/ssiw/users/x_domdr/projects/code/sketch-learner/learning/benchmarks/tractable/spanner/training/easy/p-1-2-2-12.pddl
Sketch solves: /proj/ssiw/users/x_domdr/projects/code/sketch-learner/learning/benchmarks/tractable/spanner/training/easy/p-2-1-1-6.pddl
2024-09-14 14:12:17,690 - Verifying learned sketch...
Sketch solves: /proj/ssiw/users/x_domdr/projects/code/sketch-learner/learning/benchmarks/tractable/spanner/training/easy/p-1-2-2-12.pddl
Sketch solves: /proj/ssiw/users/x_domdr/projects/code/sketch-learner/learning/benchmarks/tractable/spanner/training/easy/p-2-1-1-6.pddl
Sketch solves: /proj/ssiw/users/x_domdr/projects/code/sketch-learner/learning/benchmarks/tractable/spanner/training/easy/p-1-1-1-5.pddl
Sketch solves: /proj/ssiw/users/x_domdr/projects/code/sketch-learner/learning/benchmarks/tractable/spanner/training/easy/p-2-1-1-6.pddl
Sketch solves: /proj/ssiw/users/x_domdr/projects/code/sketch-learner/learning/benchmarks/tractable/spanner/training/easy/p-3-1-1-23.pddl
Sketch solves: /proj/ssiw/users/x_domdr/projects/code/sketch-learner/learning/benchmarks/tractable/spanner/training/easy/p-2-1-1-20.pddl
Sketch solves: /proj/ssiw/users/x_domdr/projects/code/sketch-learner/learning/benchmarks/tractable/spanner/training/easy/p-3-1-1-20.pddl
Sketch solves: /proj/ssiw/users/x_domdr/projects/code/sketch-learner/learning/benchmarks/tractable/spanner/training/easy/p-1-2-2-12.pddl
Sketch solves: /proj/ssiw/users/x_domdr/projects/code/sketch-learner/learning/benchmarks/tractable/spanner/training/easy/p-3-1-1-18.pddl
Sketch solves: /proj/ssiw/users/x_domdr/projects/code/sketch-learner/learning/benchmarks/tractable/spanner/training/easy/p-2-2-2-18.pddl
Sketch solves: /proj/ssiw/users/x_domdr/projects/code/sketch-learner/learning/benchmarks/tractable/spanner/training/easy/p-3-2-2-10.pddl
Sketch solves: /proj/ssiw/users/x_domdr/projects/code/sketch-learner/learning/benchmarks/tractable/spanner/training/easy/p-2-2-2-25.pddl
Sketch solves: /proj/ssiw/users/x_domdr/projects/code/sketch-learner/learning/benchmarks/tractable/spanner/training/easy/p-3-2-2-24.pddl
Sketch solves: /proj/ssiw/users/x_domdr/projects/code/sketch-learner/learning/benchmarks/tractable/spanner/training/easy/p-1-3-3-19.pddl
Sketch solves: /proj/ssiw/users/x_domdr/projects/code/sketch-learner/learning/benchmarks/tractable/spanner/training/easy/p-2-2-2-26.pddl
Sketch solves: /proj/ssiw/users/x_domdr/projects/code/sketch-learner/learning/benchmarks/tractable/spanner/training/easy/p-2-3-3-15.pddl
Sketch solves: /proj/ssiw/users/x_domdr/projects/code/sketch-learner/learning/benchmarks/tractable/spanner/training/easy/p-3-2-2-14.pddl
Sketch solves: /proj/ssiw/users/x_domdr/projects/code/sketch-learner/learning/benchmarks/tractable/spanner/training/easy/p-3-2-2-20.pddl
Sketch solves: /proj/ssiw/users/x_domdr/projects/code/sketch-learner/learning/benchmarks/tractable/spanner/training/easy/p-3-2-2-9.pddl
Sketch solves: /proj/ssiw/users/x_domdr/projects/code/sketch-learner/learning/benchmarks/tractable/spanner/training/easy/p-3-3-3-6.pddl
Sketch solves: /proj/ssiw/users/x_domdr/projects/code/sketch-learner/learning/benchmarks/tractable/spanner/training/easy/p-2-3-3-19.pddl
Sketch solves: /proj/ssiw/users/x_domdr/projects/code/sketch-learner/learning/benchmarks/tractable/spanner/training/easy/p-3-2-2-6.pddl
Sketch solves: /proj/ssiw/users/x_domdr/projects/code/sketch-learner/learning/benchmarks/tractable/spanner/training/easy/p-3-3-3-2.pddl
Sketch solves: /proj/ssiw/users/x_domdr/projects/code/sketch-learner/learning/benchmarks/tractable/spanner/training/easy/p-3-3-3-25.pddl
Sketch solves: /proj/ssiw/users/x_domdr/projects/code/sketch-learner/learning/benchmarks/tractable/spanner/training/easy/p-2-3-3-27.pddl
Sketch solves: /proj/ssiw/users/x_domdr/projects/code/sketch-learner/learning/benchmarks/tractable/spanner/training/easy/p-2-3-3-0.pddl
Sketch solves: /proj/ssiw/users/x_domdr/projects/code/sketch-learner/learning/benchmarks/tractable/spanner/training/easy/p-3-3-3-1.pddl
Sketch solves: /proj/ssiw/users/x_domdr/projects/code/sketch-learner/learning/benchmarks/tractable/spanner/training/easy/p-3-3-3-9.pddl
Sketch solves: /proj/ssiw/users/x_domdr/projects/code/sketch-learner/learning/benchmarks/tractable/spanner/training/easy/p-3-3-3-7.pddl
Sketch solves: /proj/ssiw/users/x_domdr/projects/code/sketch-learner/learning/benchmarks/tractable/spanner/training/easy/p-3-3-3-8.pddl
Sketch solves: /proj/ssiw/users/x_domdr/projects/code/sketch-learner/learning/benchmarks/tractable/spanner/training/easy/p-3-3-3-29.pddl
Sketch solves: /proj/ssiw/users/x_domdr/projects/code/sketch-learner/learning/benchmarks/tractable/spanner/training/easy/p-3-3-3-17.pddl
2024-09-14 14:12:17,719 - ..done
Sketch solves all instances!
================================================================================
2024-09-14 14:12:17,720 - Summary:
LearningStatistics:
    num_training_instances: 30
    num_selected_training_instances (|P|): 2
    num_states_in_selected_training_instances (|S|): 17
    num_states_in_complete_selected_training_instances (|S|): 25
    num_features_in_pool (|F|): 186
================================================================================
Resulting sketch:
(:policy
(:booleans )
(:numericals (f9 "n_count(r_restrict(r_primitive(carrying,0,1),c_primitive(useable,0)))") (f143 "n_count(c_some(r_inverse(r_transitive_closure(r_primitive(link,0,1))),c_some(r_inverse(r_primitive(at,0,1)),c_top)))"))
(:rule (:conditions (:c_n_gt f9) (:c_n_gt f143)) (:effects (:e_n_inc f9) (:e_n_bot f143)))
(:rule (:conditions (:c_n_eq f9) (:c_n_gt f143)) (:effects (:e_n_inc f9) (:e_n_bot f143)))
(:rule (:conditions (:c_n_gt f9) (:c_n_eq f143)) (:effects (:e_n_dec f9) (:e_n_bot f143)))
(:rule (:conditions (:c_n_eq f9) (:c_n_gt f143)) (:effects (:e_n_bot f9) (:e_n_dec f143)))
(:rule (:conditions (:c_n_gt f9) (:c_n_gt f143)) (:effects (:e_n_bot f9) (:e_n_dec f143)))
)
Numer of sketch rules: 5
Number of selected features: 2
Maximum complexity of selected feature: 9
================================================================================
Resulting minimized sketch:
(:policy
(:booleans )
(:numericals (f9 "n_count(r_restrict(r_primitive(carrying,0,1),c_primitive(useable,0)))") (f143 "n_count(c_some(r_inverse(r_transitive_closure(r_primitive(link,0,1))),c_some(r_inverse(r_primitive(at,0,1)),c_top)))"))
(:rule (:conditions (:c_n_gt f143)) (:effects (:e_n_inc f9) (:e_n_bot f143)))
(:rule (:conditions (:c_n_gt f143)) (:effects (:e_n_bot f9) (:e_n_dec f143)))
(:rule (:conditions (:c_n_gt f9) (:c_n_eq f143)) (:effects (:e_n_dec f9) (:e_n_bot f143)))
)
Numer of sketch rules: 3
Number of selected features: 2
Maximum complexity of selected feature: 9
================================================================================
================================================================================
Preprocessing time: 3 seconds.
ASP time: 2 seconds.
Verification time: 1 seconds.
Total time: 5 seconds.
Total memory: 0 GiB.
Num states in training data before symmetry pruning: 9291
Num states in training data after symmetry pruning: 283
================================================================================

