Changing working directory:  /proj/ssiw/users/x_domdr/projects/code/sketch-learner-without-symm/learning/experiments/scripts/workspace/gripper_0
2024-03-25 19:50:16,481 - Constructing InstanceDatas...
2024-03-25 19:50:16,482 - Constructing InstanceData for filename /proj/ssiw/users/x_domdr/projects/code/sketch-learner-without-symm/learning/benchmarks/gripper/instances/p-4-0.pddl
Started generating state space
Finished generating state space
2024-03-25 19:50:16,491 - Constructing DomainData for filename /proj/ssiw/users/x_domdr/projects/code/sketch-learner-without-symm/learning/benchmarks/gripper/domain.pddl
Num states: 256
initial state indices: [254, 253, 251, 250, 249, 248, 247, 246, 245, 244, 243, 242, 241, 240, 239, 238, 237, 236, 235, 234, 233, 232, 231, 230, 229, 228, 227, 226, 225, 224, 223, 222, 221, 220, 219, 218, 217, 216, 215, 214, 213, 212, 211, 210, 209, 208, 207, 206, 205, 204, 203, 202, 201, 200, 199, 198, 197, 196, 195, 194, 193, 192, 191, 190, 189, 188, 187, 186, 185, 184, 183, 182, 181, 180, 179, 178, 177, 176, 175, 174, 173, 172, 171, 170, 169, 168, 167, 166, 165, 164, 163, 162, 161, 160, 159, 158, 157, 156, 155, 154, 153, 152, 151, 150, 149, 148, 147, 146, 145, 144, 143, 142, 141, 140, 139, 138, 137, 136, 135, 134, 133, 132, 131, 130, 129, 128, 127, 126, 125, 124, 123, 122, 121, 120, 119, 118, 117, 116, 115, 114, 113, 112, 111, 110, 109, 108, 107, 106, 105, 104, 103, 102, 101, 100, 99, 98, 97, 96, 95, 94, 93, 92, 91, 90, 89, 88, 87, 86, 85, 84, 83, 82, 81, 80, 79, 78, 77, 76, 75, 74, 73, 72, 71, 70, 69, 68, 67, 66, 65, 64, 63, 62, 61, 60, 59, 58, 57, 56, 55, 54, 53, 52, 51, 50, 49, 48, 47, 46, 45, 44, 43, 42, 41, 40, 39, 38, 37, 36, 35, 34, 33, 32, 31, 30, 29, 28, 27, 26, 25, 24, 23, 22, 21, 20, 19, 18, 17, 16, 15, 14, 13, 12, 11, 10, 9, 8, 7, 6, 5, 4, 3, 2, 1, 0]
2024-03-25 19:50:16,496 - Constructing InstanceData for filename /proj/ssiw/users/x_domdr/projects/code/sketch-learner-without-symm/learning/benchmarks/gripper/instances/p-2-0.pddl
Started generating state space
Finished generating state space
Num states: 28
initial state indices: [26, 25, 23, 22, 21, 20, 19, 18, 17, 16, 15, 14, 13, 12, 11, 10, 9, 8, 7, 6, 5, 4, 3, 2, 1, 0]
2024-03-25 19:50:16,501 - Constructing InstanceData for filename /proj/ssiw/users/x_domdr/projects/code/sketch-learner-without-symm/learning/benchmarks/gripper/instances/p-1-0.pddl
Started generating state space
Finished generating state space
Num states: 8
initial state indices: [5, 4, 3, 2, 1, 0]
2024-03-25 19:50:16,504 - Constructing InstanceData for filename /proj/ssiw/users/x_domdr/projects/code/sketch-learner-without-symm/learning/benchmarks/gripper/instances/p-5-0.pddl
Started generating state space
Finished generating state space
Num states: 704
initial state indices: [701, 700, 699, 698, 697, 696, 695, 694, 693, 692, 691, 690, 689, 688, 687, 686, 685, 684, 683, 682, 681, 680, 679, 678, 677, 676, 675, 674, 673, 672, 671, 670, 669, 668, 667, 666, 665, 664, 663, 662, 661, 660, 659, 658, 657, 656, 655, 654, 653, 652, 651, 650, 649, 648, 647, 646, 645, 644, 643, 642, 641, 640, 639, 638, 637, 636, 635, 634, 633, 632, 631, 630, 629, 628, 627, 626, 625, 624, 623, 622, 621, 620, 619, 618, 617, 616, 615, 614, 613, 612, 611, 610, 609, 608, 607, 606, 605, 604, 603, 602, 601, 600, 599, 598, 597, 596, 595, 594, 593, 592, 591, 590, 589, 588, 587, 586, 585, 584, 583, 582, 581, 580, 579, 578, 577, 576, 575, 574, 573, 572, 571, 570, 569, 568, 567, 566, 565, 564, 563, 562, 561, 560, 559, 558, 557, 556, 555, 554, 553, 552, 551, 550, 549, 548, 547, 546, 545, 544, 543, 542, 541, 540, 539, 538, 537, 536, 535, 534, 533, 532, 531, 530, 529, 528, 527, 526, 525, 524, 523, 522, 521, 520, 519, 518, 517, 516, 515, 514, 513, 512, 511, 510, 509, 508, 507, 506, 505, 504, 503, 502, 501, 500, 499, 498, 497, 496, 495, 494, 493, 492, 491, 490, 489, 488, 487, 486, 485, 484, 483, 482, 481, 480, 479, 478, 477, 476, 475, 474, 473, 472, 471, 470, 469, 468, 467, 466, 465, 464, 463, 462, 461, 460, 459, 458, 457, 456, 455, 454, 453, 452, 451, 450, 449, 448, 447, 446, 445, 444, 443, 442, 441, 440, 439, 438, 437, 436, 435, 434, 433, 432, 431, 430, 429, 428, 427, 426, 425, 424, 423, 422, 421, 420, 419, 418, 417, 416, 415, 414, 413, 412, 411, 410, 409, 408, 407, 406, 405, 404, 403, 402, 401, 400, 399, 398, 397, 396, 395, 394, 393, 392, 391, 390, 389, 388, 387, 386, 385, 384, 383, 382, 381, 380, 379, 378, 377, 376, 375, 374, 373, 372, 371, 370, 369, 368, 367, 366, 365, 364, 363, 362, 361, 360, 359, 358, 357, 356, 355, 354, 353, 352, 351, 350, 349, 348, 347, 346, 345, 344, 343, 342, 341, 340, 339, 338, 337, 336, 335, 334, 333, 332, 331, 330, 329, 328, 327, 326, 325, 324, 323, 322, 321, 320, 319, 318, 317, 316, 315, 314, 313, 312, 311, 310, 309, 308, 307, 306, 305, 304, 303, 302, 301, 300, 299, 298, 297, 296, 295, 294, 293, 292, 291, 290, 289, 288, 287, 286, 285, 284, 283, 282, 281, 280, 279, 278, 277, 276, 275, 274, 273, 272, 271, 270, 269, 268, 267, 266, 265, 264, 263, 262, 261, 260, 259, 258, 257, 256, 255, 254, 253, 252, 251, 250, 249, 248, 247, 246, 245, 244, 243, 242, 241, 240, 239, 238, 237, 236, 235, 234, 233, 232, 231, 230, 229, 228, 227, 226, 225, 224, 223, 222, 221, 220, 219, 218, 217, 216, 215, 214, 213, 212, 211, 210, 209, 208, 207, 206, 205, 204, 203, 202, 201, 200, 199, 198, 197, 196, 195, 194, 193, 192, 191, 190, 189, 188, 187, 186, 185, 184, 183, 182, 181, 180, 179, 178, 177, 176, 175, 174, 173, 172, 171, 170, 169, 168, 167, 166, 165, 164, 163, 162, 161, 160, 159, 158, 157, 156, 155, 154, 153, 152, 151, 150, 149, 148, 147, 146, 145, 144, 143, 142, 141, 140, 139, 138, 137, 136, 135, 134, 133, 132, 131, 130, 129, 128, 127, 126, 125, 124, 123, 122, 121, 120, 119, 118, 117, 116, 115, 114, 113, 112, 111, 110, 109, 108, 107, 106, 105, 104, 103, 102, 101, 100, 99, 98, 97, 96, 95, 94, 93, 92, 91, 90, 89, 88, 87, 86, 85, 84, 83, 82, 81, 80, 79, 78, 77, 76, 75, 74, 73, 72, 71, 70, 69, 68, 67, 66, 65, 64, 63, 62, 61, 60, 59, 58, 57, 56, 55, 54, 53, 52, 51, 50, 49, 48, 47, 46, 45, 44, 43, 42, 41, 40, 39, 38, 37, 36, 35, 34, 33, 32, 31, 30, 29, 28, 27, 26, 25, 24, 23, 22, 21, 20, 19, 18, 17, 16, 15, 14, 13, 12, 11, 10, 9, 8, 7, 6, 5, 4, 3, 2, 1, 0]
2024-03-25 19:50:16,536 - Constructing InstanceData for filename /proj/ssiw/users/x_domdr/projects/code/sketch-learner-without-symm/learning/benchmarks/gripper/instances/p-3-0.pddl
Started generating state space
Finished generating state space
Num states: 88
initial state indices: [85, 84, 83, 82, 81, 80, 79, 78, 77, 76, 75, 74, 73, 72, 71, 70, 69, 68, 67, 66, 65, 64, 63, 62, 61, 60, 59, 58, 57, 56, 55, 54, 53, 52, 51, 50, 49, 48, 47, 46, 45, 44, 43, 42, 41, 40, 39, 38, 37, 36, 35, 34, 33, 32, 31, 30, 29, 28, 27, 26, 25, 24, 23, 22, 21, 20, 19, 18, 17, 16, 15, 14, 13, 12, 11, 10, 9, 8, 7, 6, 5, 4, 3, 2, 1, 0]
2024-03-25 19:50:16,549 - ..done
2024-03-25 19:50:16,550 - Initializing TupleGraphs...
2024-03-25 19:50:16,564 - ..done
2024-03-25 19:50:16,565 - Iteration: 0
     id: 0 name: p-1-0 num_states: 8 num_state_equivalences: 8
2024-03-25 19:50:16,566 - Initializing DomainFeatureData...
[t=0.368083s, 269236 KB] Started generating base features of complexity 1.
[t=0.368392s, 269236 KB] Complexity 1:
    b_nullary: 0
    c_one_of: 2
    c_top: 1
    c_bot: 1
    c_primitive: 5
    r_primitive: 4
    c_and: 0
    c_not: 0
    c_equal: 0
    c_some: 0
    c_all: 0
    r_restrict: 0
    r_and: 0
    r_inverse: 0
    r_transitive_closure: 0
    b_empty: 0
    n_count: 0
    n_concept_distance: 0
[t=0.368515s, 269236 KB] Finished generating base features.
[t=0.368536s, 269236 KB] Started generating composite features. 
[t=0.368793s, 269236 KB] Complexity 2:
Total concept elements: 16
Total role elements: 7
Total numerical elements: 7
Total boolean elements: 4
    b_nullary: 0
    c_one_of: 2
    c_top: 1
    c_bot: 1
    c_primitive: 5
    r_primitive: 4
    c_and: 0
    c_not: 7
    c_equal: 0
    c_some: 0
    c_all: 0
    r_restrict: 0
    r_and: 0
    r_inverse: 3
    r_transitive_closure: 0
    b_empty: 4
    n_count: 7
    n_concept_distance: 0
[t=0.369424s, 269236 KB] Complexity 3:
Total concept elements: 31
Total role elements: 11
Total numerical elements: 10
Total boolean elements: 4
    b_nullary: 0
    c_one_of: 2
    c_top: 1
    c_bot: 1
    c_primitive: 5
    r_primitive: 4
    c_and: 2
    c_not: 7
    c_equal: 2
    c_some: 6
    c_all: 5
    r_restrict: 4
    r_and: 0
    r_inverse: 3
    r_transitive_closure: 0
    b_empty: 4
    n_count: 10
    n_concept_distance: 0
[t=0.370246s, 269236 KB] Complexity 4:
Total concept elements: 45
Total role elements: 15
Total numerical elements: 31
Total boolean elements: 9
    b_nullary: 0
    c_one_of: 2
    c_top: 1
    c_bot: 1
    c_primitive: 5
    r_primitive: 4
    c_and: 6
    c_not: 14
    c_equal: 2
    c_some: 7
    c_all: 7
    r_restrict: 4
    r_and: 0
    r_inverse: 7
    r_transitive_closure: 0
    b_empty: 9
    n_count: 22
    n_concept_distance: 9
[t=0.371522s, 269236 KB] Complexity 5:
Total concept elements: 71
Total role elements: 15
Total numerical elements: 35
Total boolean elements: 11
    b_nullary: 0
    c_one_of: 2
    c_top: 1
    c_bot: 1
    c_primitive: 5
    r_primitive: 4
    c_and: 21
    c_not: 17
    c_equal: 2
    c_some: 9
    c_all: 13
    r_restrict: 4
    r_and: 0
    r_inverse: 7
    r_transitive_closure: 0
    b_empty: 11
    n_count: 26
    n_concept_distance: 9
[t=0.373583s, 269236 KB] Complexity 6:
Total concept elements: 161
Total role elements: 15
Total numerical elements: 63
Total boolean elements: 15
    b_nullary: 0
    c_one_of: 2
    c_top: 1
    c_bot: 1
    c_primitive: 5
    r_primitive: 4
    c_and: 73
    c_not: 32
    c_equal: 2
    c_some: 17
    c_all: 28
    r_restrict: 4
    r_and: 0
    r_inverse: 7
    r_transitive_closure: 0
    b_empty: 15
    n_count: 40
    n_concept_distance: 23
[t=0.37679s, 269236 KB] Complexity 7:
Total concept elements: 252
Total role elements: 15
Total numerical elements: 103
Total boolean elements: 22
    b_nullary: 0
    c_one_of: 2
    c_top: 1
    c_bot: 1
    c_primitive: 5
    r_primitive: 4
    c_and: 117
    c_not: 79
    c_equal: 2
    c_some: 17
    c_all: 28
    r_restrict: 4
    r_and: 0
    r_inverse: 7
    r_transitive_closure: 0
    b_empty: 22
    n_count: 72
    n_concept_distance: 31
[t=0.383983s, 269236 KB] Complexity 8:
Total concept elements: 437
Total role elements: 15
Total numerical elements: 160
Total boolean elements: 34
    b_nullary: 0
    c_one_of: 2
    c_top: 1
    c_bot: 1
    c_primitive: 5
    r_primitive: 4
    c_and: 241
    c_not: 113
    c_equal: 2
    c_some: 26
    c_all: 46
    r_restrict: 4
    r_and: 0
    r_inverse: 7
    r_transitive_closure: 0
    b_empty: 34
    n_count: 107
    n_concept_distance: 53
[t=0.39634s, 269236 KB] Complexity 9:
Total concept elements: 722
Total role elements: 15
Total numerical elements: 266
Total boolean elements: 42
    b_nullary: 0
    c_one_of: 2
    c_top: 1
    c_bot: 1
    c_primitive: 5
    r_primitive: 4
    c_and: 428
    c_not: 207
    c_equal: 2
    c_some: 28
    c_all: 48
    r_restrict: 4
    r_and: 0
    r_inverse: 7
    r_transitive_closure: 0
    b_empty: 42
    n_count: 174
    n_concept_distance: 92
[t=0.396444s, 269236 KB] Finished generating composite features.
Features generated: 308
Features after 0/1 pruning (incomplete): 151
Features after soft changes pruning (incomplete): 151
Features after relevant changes pruning (complete): 60

2024-03-25 19:50:16,653 - ..done
2024-03-25 19:50:16,653 - Constructing PerStateFeatureValuations...
2024-03-25 19:50:16,653 - ..done
2024-03-25 19:50:16,653 - Constructing StatePairEquivalenceDatas...
2024-03-25 19:50:16,664 - ..done
2024-03-25 19:50:16,664 - Constructing TupleGraphEquivalences...
Tuple graph equivalence construction statistics:
Num nodes: 32
2024-03-25 19:50:16,665 - ..done
2024-03-25 19:50:16,665 - Minimizing TupleGraphEquivalences...
Tuple graph equivalence minimization statistics:
Num orig nodes: 32
Num kept nodes: 22
2024-03-25 19:50:16,665 - ..done
Number of initial D2 facts: 10
Number of D2 facts: 10 of 256
2024-03-25 19:50:16,682 - Grounding Logic Program...
2024-03-25 19:50:16,696 - ..done
2024-03-25 19:50:16,696 - Solving Logic Program...
2024-03-25 19:50:16,701 - ..done
Clingo statistics:
{'call': 0.0, 'result': 1.0, 'signal': 0.0, 'exhausted': 1.0, 'costs': [3.0], 'lower': [3.0], 'concurrency': 32.0, 'winner': 9.0, 'times': {'total': 0.03510284423828125, 'cpu': 0.04787999999999998, 'solve': 0.0035028457641601562, 'unsat': 0.0003898143768310547, 'sat': 0.00273895263671875}, 'models': {'enumerated': 5.0, 'optimal': 1.0}}
Solution cost: [3.0]
Total time: 0.03510284423828125
CPU time: 0.04787999999999998
Solve time: 0.0035028457641601562
2024-03-25 19:50:16,710 - Learned the following sketch:
(:policy
(:booleans )
(:numericals (f14 "n_count(r_primitive(at,0,1))"))
(:rule (:conditions (:c_n_eq f14)) (:effects (:e_n_inc f14)))
(:rule (:conditions (:c_n_eq f14)) (:effects (:e_n_bot f14)))
(:rule (:conditions (:c_n_gt f14)) (:effects (:e_n_bot f14)))
(:rule (:conditions (:c_n_gt f14)) (:effects (:e_n_dec f14)))
)
Numer of sketch rules: 4
Number of selected features: 1
Maximum complexity of selected feature: 2
Sketch cycles
Instance: 0 p-1-0
0 (instance index=2, state index=0, atoms={at(ball1,rooma), free(right), at-robby(rooma), free(left)})
0 (instance index=2, state index=0, atoms={at(ball1,rooma), free(right), at-robby(rooma), free(left)})
Number of unsatisfied D2 facts: 12
Number of D2 facts: 22 of 256
2024-03-25 19:50:16,758 - Grounding Logic Program...
2024-03-25 19:50:16,772 - ..done
2024-03-25 19:50:16,772 - Solving Logic Program...
2024-03-25 19:50:16,775 - ..done
Clingo statistics:
{'call': 0.0, 'result': 1.0, 'signal': 0.0, 'exhausted': 1.0, 'costs': [5.0], 'lower': [5.0], 'concurrency': 32.0, 'winner': 14.0, 'times': {'total': 0.06465697288513184, 'cpu': 0.07709899999999997, 'solve': 0.0023980140686035156, 'unsat': 0.0004069805145263672, 'sat': 0.0014190673828125}, 'models': {'enumerated': 12.0, 'optimal': 1.0}}
Solution cost: [5.0]
Total time: 0.06465697288513184
CPU time: 0.07709899999999997
Solve time: 0.0023980140686035156
2024-03-25 19:50:16,785 - Learned the following sketch:
(:policy
(:booleans )
(:numericals (f36 "n_count(c_and(c_one_of(roomb),c_primitive(at-robby,0)))"))
(:rule (:conditions (:c_n_gt f36)) (:effects (:e_n_dec f36)))
(:rule (:conditions (:c_n_gt f36)) (:effects (:e_n_bot f36)))
(:rule (:conditions (:c_n_eq f36)) (:effects (:e_n_inc f36)))
(:rule (:conditions (:c_n_eq f36)) (:effects (:e_n_bot f36)))
)
Numer of sketch rules: 4
Number of selected features: 1
Maximum complexity of selected feature: 4
Sketch cycles
Instance: 0 p-1-0
0 (instance index=2, state index=0, atoms={at(ball1,rooma), free(right), at-robby(rooma), free(left)})
0 (instance index=2, state index=0, atoms={at(ball1,rooma), free(right), at-robby(rooma), free(left)})
Number of unsatisfied D2 facts: 14
Number of D2 facts: 36 of 256
2024-03-25 19:50:16,832 - Grounding Logic Program...
2024-03-25 19:50:16,847 - ..done
2024-03-25 19:50:16,847 - Solving Logic Program...
2024-03-25 19:50:16,851 - ..done
Clingo statistics:
{'call': 0.0, 'result': 1.0, 'signal': 0.0, 'exhausted': 1.0, 'costs': [8.0], 'lower': [8.0], 'concurrency': 32.0, 'winner': 11.0, 'times': {'total': 0.06495380401611328, 'cpu': 0.07667700000000005, 'solve': 0.002282857894897461, 'unsat': 0.0004379749298095703, 'sat': 0.0013358592987060547}, 'models': {'enumerated': 5.0, 'optimal': 1.0}}
Solution cost: [8.0]
Total time: 0.06495380401611328
CPU time: 0.07667700000000005
Solve time: 0.002282857894897461
2024-03-25 19:50:16,860 - Learned the following sketch:
(:policy
(:booleans )
(:numericals (f14 "n_count(r_primitive(at,0,1))") (f1 "n_concept_distance(c_one_of(roomb),r_primitive(at,0,1),c_primitive(at-robby,0))"))
(:rule (:conditions (:c_n_gt f14) (:c_n_eq f1)) (:effects (:e_n_bot f14) (:e_n_inc f1)))
(:rule (:conditions (:c_n_eq f14) (:c_n_eq f1)) (:effects (:e_n_inc f14) (:e_n_bot f1)))
(:rule (:conditions (:c_n_eq f14) (:c_n_gt f1)) (:effects (:e_n_bot f14) (:e_n_dec f1)))
(:rule (:conditions (:c_n_gt f14) (:c_n_gt f1)) (:effects (:e_n_dec f14) (:e_n_bot f1)))
)
Numer of sketch rules: 4
Number of selected features: 2
Maximum complexity of selected feature: 4
2024-03-25 19:50:16,860 - Verifying learned sketch...
Sketch fails to bound width of a state
Instance: 1 p-2-0
Source_state: 22 (instance index=1, state index=22, atoms={at(ball1,roomb), carry(ball2,left), at-robby(rooma), free(right)})
2024-03-25 19:50:16,865 - ..done
Smallest unsolved instance: 1
Selected instances: [1]
2024-03-25 19:50:16,865 - Iteration: 1
     id: 1 name: p-2-0 num_states: 28 num_state_equivalences: 28
2024-03-25 19:50:16,866 - Initializing DomainFeatureData...
[t=0.667639s, 2498612 KB] Started generating base features of complexity 1.
[t=0.667857s, 2498612 KB] Complexity 1:
    b_nullary: 0
    c_one_of: 2
    c_top: 1
    c_bot: 1
    c_primitive: 5
    r_primitive: 4
    c_and: 0
    c_not: 0
    c_equal: 0
    c_some: 0
    c_all: 0
    r_restrict: 0
    r_and: 0
    r_inverse: 0
    r_transitive_closure: 0
    b_empty: 0
    n_count: 0
    n_concept_distance: 0
[t=0.66796s, 2498612 KB] Finished generating base features.
[t=0.667983s, 2498612 KB] Started generating composite features. 
[t=0.668233s, 2498612 KB] Complexity 2:
Total concept elements: 16
Total role elements: 7
Total numerical elements: 6
Total boolean elements: 4
    b_nullary: 0
    c_one_of: 2
    c_top: 1
    c_bot: 1
    c_primitive: 5
    r_primitive: 4
    c_and: 0
    c_not: 7
    c_equal: 0
    c_some: 0
    c_all: 0
    r_restrict: 0
    r_and: 0
    r_inverse: 3
    r_transitive_closure: 0
    b_empty: 4
    n_count: 6
    n_concept_distance: 0
[t=0.669696s, 2498612 KB] Complexity 3:
Total concept elements: 31
Total role elements: 11
Total numerical elements: 9
Total boolean elements: 4
    b_nullary: 0
    c_one_of: 2
    c_top: 1
    c_bot: 1
    c_primitive: 5
    r_primitive: 4
    c_and: 2
    c_not: 7
    c_equal: 2
    c_some: 6
    c_all: 5
    r_restrict: 4
    r_and: 0
    r_inverse: 3
    r_transitive_closure: 0
    b_empty: 4
    n_count: 9
    n_concept_distance: 0
[t=0.671736s, 2498612 KB] Complexity 4:
Total concept elements: 45
Total role elements: 15
Total numerical elements: 24
Total boolean elements: 9
    b_nullary: 0
    c_one_of: 2
    c_top: 1
    c_bot: 1
    c_primitive: 5
    r_primitive: 4
    c_and: 6
    c_not: 14
    c_equal: 2
    c_some: 7
    c_all: 7
    r_restrict: 4
    r_and: 0
    r_inverse: 7
    r_transitive_closure: 0
    b_empty: 9
    n_count: 21
    n_concept_distance: 3
[t=0.675016s, 2498612 KB] Complexity 5:
Total concept elements: 71
Total role elements: 15
Total numerical elements: 33
Total boolean elements: 11
    b_nullary: 0
    c_one_of: 2
    c_top: 1
    c_bot: 1
    c_primitive: 5
    r_primitive: 4
    c_and: 21
    c_not: 17
    c_equal: 2
    c_some: 9
    c_all: 13
    r_restrict: 4
    r_and: 0
    r_inverse: 7
    r_transitive_closure: 0
    b_empty: 11
    n_count: 30
    n_concept_distance: 3
[t=0.679735s, 2498612 KB] Complexity 6:
Total concept elements: 166
Total role elements: 15
Total numerical elements: 48
Total boolean elements: 15
    b_nullary: 0
    c_one_of: 2
    c_top: 1
    c_bot: 1
    c_primitive: 5
    r_primitive: 4
    c_and: 73
    c_not: 32
    c_equal: 2
    c_some: 20
    c_all: 30
    r_restrict: 4
    r_and: 0
    r_inverse: 7
    r_transitive_closure: 0
    b_empty: 15
    n_count: 45
    n_concept_distance: 3
[t=0.687377s, 2498612 KB] Complexity 7:
Total concept elements: 258
Total role elements: 15
Total numerical elements: 112
Total boolean elements: 26
    b_nullary: 0
    c_one_of: 2
    c_top: 1
    c_bot: 1
    c_primitive: 5
    r_primitive: 4
    c_and: 117
    c_not: 80
    c_equal: 2
    c_some: 20
    c_all: 30
    r_restrict: 4
    r_and: 0
    r_inverse: 7
    r_transitive_closure: 0
    b_empty: 26
    n_count: 103
    n_concept_distance: 9
[t=0.705312s, 2498612 KB] Complexity 8:
Total concept elements: 511
Total role elements: 15
Total numerical elements: 168
Total boolean elements: 39
    b_nullary: 0
    c_one_of: 2
    c_top: 1
    c_bot: 1
    c_primitive: 5
    r_primitive: 4
    c_and: 249
    c_not: 115
    c_equal: 2
    c_some: 59
    c_all: 77
    r_restrict: 4
    r_and: 0
    r_inverse: 7
    r_transitive_closure: 0
    b_empty: 39
    n_count: 159
    n_concept_distance: 9
[t=0.734321s, 2498612 KB] Complexity 9:
Total concept elements: 857
Total role elements: 15
Total numerical elements: 387
Total boolean elements: 71
    b_nullary: 0
    c_one_of: 2
    c_top: 1
    c_bot: 1
    c_primitive: 5
    r_primitive: 4
    c_and: 452
    c_not: 244
    c_equal: 2
    c_some: 66
    c_all: 84
    r_restrict: 4
    r_and: 0
    r_inverse: 7
    r_transitive_closure: 0
    b_empty: 71
    n_count: 350
    n_concept_distance: 37
[t=0.734427s, 2498612 KB] Finished generating composite features.
Features generated: 458
Features after 0/1 pruning (incomplete): 241
Features after soft changes pruning (incomplete): 233
Features after relevant changes pruning (complete): 129

2024-03-25 19:50:17,889 - ..done
2024-03-25 19:50:17,889 - Constructing PerStateFeatureValuations...
2024-03-25 19:50:17,892 - ..done
2024-03-25 19:50:17,892 - Constructing StatePairEquivalenceDatas...
2024-03-25 19:50:17,994 - ..done
2024-03-25 19:50:17,995 - Constructing TupleGraphEquivalences...
Tuple graph equivalence construction statistics:
Num nodes: 132
2024-03-25 19:50:17,995 - ..done
2024-03-25 19:50:17,995 - Minimizing TupleGraphEquivalences...
Tuple graph equivalence minimization statistics:
Num orig nodes: 132
Num kept nodes: 90
2024-03-25 19:50:17,996 - ..done
Number of initial D2 facts: 34
Number of D2 facts: 34 of 1296
2024-03-25 19:50:18,079 - Grounding Logic Program...
2024-03-25 19:50:18,152 - ..done
2024-03-25 19:50:18,152 - Solving Logic Program...
2024-03-25 19:50:18,160 - ..done
Clingo statistics:
{'call': 0.0, 'result': 1.0, 'signal': 0.0, 'exhausted': 1.0, 'costs': [5.0], 'lower': [5.0], 'concurrency': 32.0, 'winner': 22.0, 'times': {'total': 0.16289401054382324, 'cpu': 0.18119399999999986, 'solve': 0.00392603874206543, 'unsat': 0.0013289451599121094, 'sat': 0.0021920204162597656}, 'models': {'enumerated': 6.0, 'optimal': 1.0}}
Solution cost: [5.0]
Total time: 0.16289401054382324
CPU time: 0.18119399999999986
Solve time: 0.00392603874206543
2024-03-25 19:50:18,194 - Learned the following sketch:
(:policy
(:booleans )
(:numericals (f3 "n_concept_distance(c_one_of(roomb),r_primitive(at,0,1),c_primitive(at-robby,0))"))
(:rule (:conditions (:c_n_gt f3)) (:effects (:e_n_dec f3)))
(:rule (:conditions (:c_n_gt f3)) (:effects (:e_n_bot f3)))
(:rule (:conditions (:c_n_eq f3)) (:effects (:e_n_bot f3)))
(:rule (:conditions (:c_n_eq f3)) (:effects (:e_n_inc f3)))
)
Numer of sketch rules: 4
Number of selected features: 1
Maximum complexity of selected feature: 4
Sketch cycles
Instance: 1 p-2-0
0 (instance index=1, state index=0, atoms={at(ball1,rooma), free(left), at(ball2,rooma), at-robby(rooma), free(right)})
0 (instance index=1, state index=0, atoms={at(ball1,rooma), free(left), at(ball2,rooma), at-robby(rooma), free(right)})
Number of unsatisfied D2 facts: 64
Number of D2 facts: 98 of 1296
2024-03-25 19:50:18,422 - Grounding Logic Program...
2024-03-25 19:50:18,501 - ..done
2024-03-25 19:50:18,501 - Solving Logic Program...
2024-03-25 19:50:18,510 - ..done
Clingo statistics:
{'call': 0.0, 'result': 1.0, 'signal': 0.0, 'exhausted': 1.0, 'costs': [8.0], 'lower': [8.0], 'concurrency': 32.0, 'winner': 2.0, 'times': {'total': 0.31407713890075684, 'cpu': 0.3499620000000001, 'solve': 0.004884004592895508, 'unsat': 0.0007579326629638672, 'sat': 0.0030059814453125}, 'models': {'enumerated': 17.0, 'optimal': 1.0}}
Solution cost: [8.0]
Total time: 0.31407713890075684
CPU time: 0.3499620000000001
Solve time: 0.004884004592895508
2024-03-25 19:50:18,545 - Learned the following sketch:
(:policy
(:booleans )
(:numericals (f71 "n_count(c_and(c_one_of(roomb),c_primitive(at-robby,0)))") (f73 "n_count(r_primitive(carry,0,1))"))
(:rule (:conditions (:c_n_eq f71) (:c_n_gt f73)) (:effects (:e_n_inc f71) (:e_n_bot f73)))
(:rule (:conditions (:c_n_gt f71) (:c_n_eq f73)) (:effects (:e_n_dec f71) (:e_n_bot f73)))
(:rule (:conditions (:c_n_eq f71) (:c_n_eq f73)) (:effects (:e_n_bot f71) (:e_n_inc f73)))
(:rule (:conditions (:c_n_gt f71) (:c_n_gt f73)) (:effects (:e_n_bot f71) (:e_n_dec f73)))
(:rule (:conditions (:c_n_eq f71) (:c_n_gt f73)) (:effects (:e_n_bot f71) (:e_n_dec f73)))
)
Numer of sketch rules: 5
Number of selected features: 2
Maximum complexity of selected feature: 4
Sketch cycles
Instance: 1 p-2-0
0 (instance index=1, state index=0, atoms={at(ball1,rooma), free(left), at(ball2,rooma), at-robby(rooma), free(right)})
2 (instance index=1, state index=2, atoms={at(ball2,rooma), at-robby(rooma), carry(ball1,left), free(right)})
0 (instance index=1, state index=0, atoms={at(ball1,rooma), free(left), at(ball2,rooma), at-robby(rooma), free(right)})
Number of unsatisfied D2 facts: 4
Number of D2 facts: 102 of 1296
2024-03-25 19:50:18,776 - Grounding Logic Program...
2024-03-25 19:50:18,855 - ..done
2024-03-25 19:50:18,855 - Solving Logic Program...
2024-03-25 19:50:18,863 - ..done
Clingo statistics:
{'call': 0.0, 'result': 1.0, 'signal': 0.0, 'exhausted': 1.0, 'costs': [8.0], 'lower': [8.0], 'concurrency': 32.0, 'winner': 16.0, 'times': {'total': 0.31285715103149414, 'cpu': 0.3382329999999998, 'solve': 0.0032291412353515625, 'unsat': 0.0008709430694580078, 'sat': 0.001875162124633789}, 'models': {'enumerated': 10.0, 'optimal': 1.0}}
Solution cost: [8.0]
Total time: 0.31285715103149414
CPU time: 0.3382329999999998
Solve time: 0.0032291412353515625
2024-03-25 19:50:18,898 - Learned the following sketch:
(:policy
(:booleans )
(:numericals (f73 "n_count(r_primitive(carry,0,1))") (f82 "n_count(c_some(r_primitive(at,0,1),c_primitive(at-robby,0)))"))
(:rule (:conditions (:c_n_gt f73) (:c_n_eq f82)) (:effects (:e_n_bot f73) (:e_n_inc f82)))
(:rule (:conditions (:c_n_eq f73) (:c_n_gt f82)) (:effects (:e_n_bot f73) (:e_n_bot f82)))
(:rule (:conditions (:c_n_gt f73) (:c_n_gt f82)) (:effects (:e_n_dec f73) (:e_n_inc f82)))
(:rule (:conditions (:c_n_eq f73) (:c_n_gt f82)) (:effects (:e_n_inc f73) (:e_n_dec f82)))
(:rule (:conditions (:c_n_gt f73) (:c_n_eq f82)) (:effects (:e_n_dec f73) (:e_n_inc f82)))
(:rule (:conditions (:c_n_gt f73) (:c_n_eq f82)) (:effects (:e_n_bot f73) (:e_n_bot f82)))
(:rule (:conditions (:c_n_gt f73) (:c_n_gt f82)) (:effects (:e_n_inc f73) (:e_n_dec f82)))
(:rule (:conditions (:c_n_eq f73) (:c_n_eq f82)) (:effects (:e_n_bot f73) (:e_n_inc f82)))
)
Numer of sketch rules: 8
Number of selected features: 2
Maximum complexity of selected feature: 4
Sketch cycles
Instance: 1 p-2-0
0 (instance index=1, state index=0, atoms={at(ball1,rooma), free(left), at(ball2,rooma), at-robby(rooma), free(right)})
0 (instance index=1, state index=0, atoms={at(ball1,rooma), free(left), at(ball2,rooma), at-robby(rooma), free(right)})
Number of unsatisfied D2 facts: 20
Number of D2 facts: 122 of 1296
2024-03-25 19:50:19,124 - Grounding Logic Program...
2024-03-25 19:50:19,208 - ..done
2024-03-25 19:50:19,209 - Solving Logic Program...
2024-03-25 19:50:19,219 - ..done
Clingo statistics:
{'call': 0.0, 'result': 1.0, 'signal': 0.0, 'exhausted': 1.0, 'costs': [8.0], 'lower': [8.0], 'concurrency': 32.0, 'winner': 24.0, 'times': {'total': 0.31816911697387695, 'cpu': 0.37096600000000013, 'solve': 0.005979061126708984, 'unsat': 0.0017559528350830078, 'sat': 0.0024199485778808594}, 'models': {'enumerated': 20.0, 'optimal': 1.0}}
Solution cost: [8.0]
Total time: 0.31816911697387695
CPU time: 0.37096600000000013
Solve time: 0.005979061126708984
2024-03-25 19:50:19,257 - Learned the following sketch:
(:policy
(:booleans )
(:numericals (f71 "n_count(c_and(c_one_of(roomb),c_primitive(at-robby,0)))") (f73 "n_count(r_primitive(carry,0,1))"))
(:rule (:conditions (:c_n_eq f71) (:c_n_gt f73)) (:effects (:e_n_inc f71) (:e_n_bot f73)))
(:rule (:conditions (:c_n_gt f71) (:c_n_eq f73)) (:effects (:e_n_dec f71) (:e_n_bot f73)))
(:rule (:conditions (:c_n_eq f71) (:c_n_eq f73)) (:effects (:e_n_bot f71) (:e_n_inc f73)))
(:rule (:conditions (:c_n_gt f71) (:c_n_gt f73)) (:effects (:e_n_bot f71) (:e_n_dec f73)))
)
Numer of sketch rules: 4
Number of selected features: 2
Maximum complexity of selected feature: 4
2024-03-25 19:50:19,261 - Verifying learned sketch...
2024-03-25 19:50:22,164 - ..done
Sketch solves all instances!
================================================================================
2024-03-25 19:50:22,165 - Summary:
LearningStatistics:
    num_training_instances: 5
    num_selected_training_instances (|P|): 1
    num_states_in_selected_training_instances (|S|): 28
    num_states_in_complete_selected_training_instances (|S|): 28
    num_features_in_pool (|F|): 129
================================================================================
Resulting sketch:
(:policy
(:booleans )
(:numericals (f71 "n_count(c_and(c_one_of(roomb),c_primitive(at-robby,0)))") (f73 "n_count(r_primitive(carry,0,1))"))
(:rule (:conditions (:c_n_eq f71) (:c_n_gt f73)) (:effects (:e_n_inc f71) (:e_n_bot f73)))
(:rule (:conditions (:c_n_gt f71) (:c_n_eq f73)) (:effects (:e_n_dec f71) (:e_n_bot f73)))
(:rule (:conditions (:c_n_eq f71) (:c_n_eq f73)) (:effects (:e_n_bot f71) (:e_n_inc f73)))
(:rule (:conditions (:c_n_gt f71) (:c_n_gt f73)) (:effects (:e_n_bot f71) (:e_n_dec f73)))
)
Numer of sketch rules: 4
Number of selected features: 2
Maximum complexity of selected feature: 4
================================================================================
Resulting minimized sketch:
(:policy
(:booleans )
(:numericals (f71 "n_count(c_and(c_one_of(roomb),c_primitive(at-robby,0)))") (f73 "n_count(r_primitive(carry,0,1))"))
(:rule (:conditions (:c_n_eq f71) (:c_n_gt f73)) (:effects (:e_n_inc f71) (:e_n_bot f73)))
(:rule (:conditions (:c_n_gt f71) (:c_n_eq f73)) (:effects (:e_n_dec f71) (:e_n_bot f73)))
(:rule (:conditions (:c_n_eq f71) (:c_n_eq f73)) (:effects (:e_n_bot f71) (:e_n_inc f73)))
(:rule (:conditions (:c_n_gt f71) (:c_n_gt f73)) (:effects (:e_n_bot f71) (:e_n_dec f73)))
)
Numer of sketch rules: 4
Number of selected features: 2
Maximum complexity of selected feature: 4
================================================================================
================================================================================
Total time: 6 seconds.
Total memory: 0 GiB.
================================================================================

