Changing working directory:  /proj/ssiw/users/x_domdr/projects/code/sketch-learner/learning/experiments/scripts/workspace-ipc2023/sokoban_2
2024-09-14 15:50:38,107 - Constructing InstanceDatas...
2024-09-14 15:50:46,907 - Constructing GlobalFaithfulAbstractions...
2024-09-14 15:51:24,792 - ...done
2024-09-14 15:51:24,794 - Constructing StateSpaces...
2024-09-14 15:51:24,841 - ...done
/proj/ssiw/users/x_domdr/projects/code/sketch-learner/learning/benchmarks/ipc2023/sokoban/training/easy/p03.pddl /proj/ssiw/users/x_domdr/projects/code/sketch-learner/learning/benchmarks/ipc2023/sokoban/training/easy/p03.pddl
2024-09-14 15:51:24,848 - Created InstanceData with num concrete states: 17 and num abstract states: 13
/proj/ssiw/users/x_domdr/projects/code/sketch-learner/learning/benchmarks/ipc2023/sokoban/training/easy/p33.pddl /proj/ssiw/users/x_domdr/projects/code/sketch-learner/learning/benchmarks/ipc2023/sokoban/training/easy/p33.pddl
2024-09-14 15:51:24,858 - Created InstanceData with num concrete states: 33 and num abstract states: 33
/proj/ssiw/users/x_domdr/projects/code/sketch-learner/learning/benchmarks/ipc2023/sokoban/training/easy/p26.pddl /proj/ssiw/users/x_domdr/projects/code/sketch-learner/learning/benchmarks/ipc2023/sokoban/training/easy/p26.pddl
2024-09-14 15:51:24,864 - Created InstanceData with num concrete states: 97 and num abstract states: 97
/proj/ssiw/users/x_domdr/projects/code/sketch-learner/learning/benchmarks/ipc2023/sokoban/training/easy/p18.pddl /proj/ssiw/users/x_domdr/projects/code/sketch-learner/learning/benchmarks/ipc2023/sokoban/training/easy/p18.pddl
2024-09-14 15:51:24,871 - Created InstanceData with num concrete states: 131 and num abstract states: 131
/proj/ssiw/users/x_domdr/projects/code/sketch-learner/learning/benchmarks/ipc2023/sokoban/training/easy/p17.pddl /proj/ssiw/users/x_domdr/projects/code/sketch-learner/learning/benchmarks/ipc2023/sokoban/training/easy/p17.pddl
2024-09-14 15:51:24,878 - Created InstanceData with num concrete states: 180 and num abstract states: 180
/proj/ssiw/users/x_domdr/projects/code/sketch-learner/learning/benchmarks/ipc2023/sokoban/training/easy/p23.pddl /proj/ssiw/users/x_domdr/projects/code/sketch-learner/learning/benchmarks/ipc2023/sokoban/training/easy/p23.pddl
2024-09-14 15:51:24,885 - Created InstanceData with num concrete states: 181 and num abstract states: 181
/proj/ssiw/users/x_domdr/projects/code/sketch-learner/learning/benchmarks/ipc2023/sokoban/training/easy/p30.pddl /proj/ssiw/users/x_domdr/projects/code/sketch-learner/learning/benchmarks/ipc2023/sokoban/training/easy/p30.pddl
2024-09-14 15:51:24,894 - Created InstanceData with num concrete states: 209 and num abstract states: 209
/proj/ssiw/users/x_domdr/projects/code/sketch-learner/learning/benchmarks/ipc2023/sokoban/training/easy/p13.pddl /proj/ssiw/users/x_domdr/projects/code/sketch-learner/learning/benchmarks/ipc2023/sokoban/training/easy/p13.pddl
2024-09-14 15:51:24,903 - Created InstanceData with num concrete states: 253 and num abstract states: 253
/proj/ssiw/users/x_domdr/projects/code/sketch-learner/learning/benchmarks/ipc2023/sokoban/training/easy/p14.pddl /proj/ssiw/users/x_domdr/projects/code/sketch-learner/learning/benchmarks/ipc2023/sokoban/training/easy/p14.pddl
2024-09-14 15:51:24,912 - Created InstanceData with num concrete states: 269 and num abstract states: 269
/proj/ssiw/users/x_domdr/projects/code/sketch-learner/learning/benchmarks/ipc2023/sokoban/training/easy/p05.pddl /proj/ssiw/users/x_domdr/projects/code/sketch-learner/learning/benchmarks/ipc2023/sokoban/training/easy/p05.pddl
2024-09-14 15:51:24,929 - Created InstanceData with num concrete states: 552 and num abstract states: 282
/proj/ssiw/users/x_domdr/projects/code/sketch-learner/learning/benchmarks/ipc2023/sokoban/training/easy/p34.pddl /proj/ssiw/users/x_domdr/projects/code/sketch-learner/learning/benchmarks/ipc2023/sokoban/training/easy/p34.pddl
2024-09-14 15:51:24,941 - Created InstanceData with num concrete states: 283 and num abstract states: 283
/proj/ssiw/users/x_domdr/projects/code/sketch-learner/learning/benchmarks/ipc2023/sokoban/training/easy/p25.pddl /proj/ssiw/users/x_domdr/projects/code/sketch-learner/learning/benchmarks/ipc2023/sokoban/training/easy/p25.pddl
2024-09-14 15:51:24,953 - Created InstanceData with num concrete states: 319 and num abstract states: 319
/proj/ssiw/users/x_domdr/projects/code/sketch-learner/learning/benchmarks/ipc2023/sokoban/training/easy/p28.pddl /proj/ssiw/users/x_domdr/projects/code/sketch-learner/learning/benchmarks/ipc2023/sokoban/training/easy/p28.pddl
2024-09-14 15:51:24,965 - Created InstanceData with num concrete states: 334 and num abstract states: 334
/proj/ssiw/users/x_domdr/projects/code/sketch-learner/learning/benchmarks/ipc2023/sokoban/training/easy/p19.pddl /proj/ssiw/users/x_domdr/projects/code/sketch-learner/learning/benchmarks/ipc2023/sokoban/training/easy/p19.pddl
2024-09-14 15:51:24,976 - Created InstanceData with num concrete states: 338 and num abstract states: 338
/proj/ssiw/users/x_domdr/projects/code/sketch-learner/learning/benchmarks/ipc2023/sokoban/training/easy/p22.pddl /proj/ssiw/users/x_domdr/projects/code/sketch-learner/learning/benchmarks/ipc2023/sokoban/training/easy/p22.pddl
2024-09-14 15:51:24,988 - Created InstanceData with num concrete states: 376 and num abstract states: 376
/proj/ssiw/users/x_domdr/projects/code/sketch-learner/learning/benchmarks/ipc2023/sokoban/training/easy/p15.pddl /proj/ssiw/users/x_domdr/projects/code/sketch-learner/learning/benchmarks/ipc2023/sokoban/training/easy/p15.pddl
2024-09-14 15:51:25,002 - Created InstanceData with num concrete states: 459 and num abstract states: 459
/proj/ssiw/users/x_domdr/projects/code/sketch-learner/learning/benchmarks/ipc2023/sokoban/training/easy/p09.pddl /proj/ssiw/users/x_domdr/projects/code/sketch-learner/learning/benchmarks/ipc2023/sokoban/training/easy/p09.pddl
2024-09-14 15:51:25,016 - Created InstanceData with num concrete states: 462 and num abstract states: 462
/proj/ssiw/users/x_domdr/projects/code/sketch-learner/learning/benchmarks/ipc2023/sokoban/training/easy/p11.pddl /proj/ssiw/users/x_domdr/projects/code/sketch-learner/learning/benchmarks/ipc2023/sokoban/training/easy/p11.pddl
2024-09-14 15:51:25,030 - Created InstanceData with num concrete states: 462 and num abstract states: 462
/proj/ssiw/users/x_domdr/projects/code/sketch-learner/learning/benchmarks/ipc2023/sokoban/training/easy/p21.pddl /proj/ssiw/users/x_domdr/projects/code/sketch-learner/learning/benchmarks/ipc2023/sokoban/training/easy/p21.pddl
2024-09-14 15:51:25,045 - Created InstanceData with num concrete states: 496 and num abstract states: 496
/proj/ssiw/users/x_domdr/projects/code/sketch-learner/learning/benchmarks/ipc2023/sokoban/training/easy/p16.pddl /proj/ssiw/users/x_domdr/projects/code/sketch-learner/learning/benchmarks/ipc2023/sokoban/training/easy/p16.pddl
2024-09-14 15:51:25,061 - Created InstanceData with num concrete states: 525 and num abstract states: 525
/proj/ssiw/users/x_domdr/projects/code/sketch-learner/learning/benchmarks/ipc2023/sokoban/training/easy/p29.pddl /proj/ssiw/users/x_domdr/projects/code/sketch-learner/learning/benchmarks/ipc2023/sokoban/training/easy/p29.pddl
2024-09-14 15:51:25,081 - Created InstanceData with num concrete states: 623 and num abstract states: 623
/proj/ssiw/users/x_domdr/projects/code/sketch-learner/learning/benchmarks/ipc2023/sokoban/training/easy/p32.pddl /proj/ssiw/users/x_domdr/projects/code/sketch-learner/learning/benchmarks/ipc2023/sokoban/training/easy/p32.pddl
2024-09-14 15:51:25,102 - Created InstanceData with num concrete states: 642 and num abstract states: 642
/proj/ssiw/users/x_domdr/projects/code/sketch-learner/learning/benchmarks/ipc2023/sokoban/training/easy/p24.pddl /proj/ssiw/users/x_domdr/projects/code/sketch-learner/learning/benchmarks/ipc2023/sokoban/training/easy/p24.pddl
2024-09-14 15:51:25,122 - Created InstanceData with num concrete states: 687 and num abstract states: 687
/proj/ssiw/users/x_domdr/projects/code/sketch-learner/learning/benchmarks/ipc2023/sokoban/training/easy/p27.pddl /proj/ssiw/users/x_domdr/projects/code/sketch-learner/learning/benchmarks/ipc2023/sokoban/training/easy/p27.pddl
2024-09-14 15:51:25,142 - Created InstanceData with num concrete states: 698 and num abstract states: 698
/proj/ssiw/users/x_domdr/projects/code/sketch-learner/learning/benchmarks/ipc2023/sokoban/training/easy/p20.pddl /proj/ssiw/users/x_domdr/projects/code/sketch-learner/learning/benchmarks/ipc2023/sokoban/training/easy/p20.pddl
2024-09-14 15:51:25,170 - Created InstanceData with num concrete states: 928 and num abstract states: 928
2024-09-14 15:51:25,181 - ..done
2024-09-14 15:51:25,199 - Initializing TupleGraphs...
2024-09-14 15:52:12,161 - ..done
2024-09-14 15:52:12,162 - Iteration: 0
     id: 0 problem_filepath: /proj/ssiw/users/x_domdr/projects/code/sketch-learner/learning/benchmarks/ipc2023/sokoban/training/easy/p03.pddl num_states: 17 num_state_equivalences: 13
2024-09-14 15:52:12,164 - Initialize global faithful abstract states...
2024-09-14 15:52:12,164 - ..done
2024-09-14 15:52:12,164 - Initializing DomainFeatureData...
[t=94.5975s, 2726676 KB] Started generating base features of complexity 1.
[t=94.5979s, 2726676 KB] Complexity 1:
    b_nullary: 0
    c_one_of: 4
    c_top: 1
    c_bot: 1
    c_primitive: 5
    r_primitive: 2
    c_and: 0
    c_not: 0
    c_equal: 0
    c_some: 0
    c_all: 0
    r_restrict: 0
    r_and: 0
    r_inverse: 0
    r_transitive_closure: 0
    b_empty: 0
    n_count: 0
    n_concept_distance: 0
[t=94.5981s, 2726676 KB] Finished generating base features.
[t=94.5981s, 2726676 KB] Started generating composite features. 
[t=94.5988s, 2726676 KB] Complexity 2:
Total concept elements: 20
Total role elements: 4
Total numerical elements: 6
Total boolean elements: 2
    b_nullary: 0
    c_one_of: 4
    c_top: 1
    c_bot: 1
    c_primitive: 5
    r_primitive: 2
    c_and: 0
    c_not: 9
    c_equal: 0
    c_some: 0
    c_all: 0
    r_restrict: 0
    r_and: 0
    r_inverse: 2
    r_transitive_closure: 0
    b_empty: 2
    n_count: 6
    n_concept_distance: 0
[t=94.6028s, 2726676 KB] Complexity 3:
Total concept elements: 23
Total role elements: 7
Total numerical elements: 10
Total boolean elements: 2
    b_nullary: 0
    c_one_of: 4
    c_top: 1
    c_bot: 1
    c_primitive: 5
    r_primitive: 2
    c_and: 0
    c_not: 9
    c_equal: 1
    c_some: 1
    c_all: 1
    r_restrict: 2
    r_and: 1
    r_inverse: 2
    r_transitive_closure: 0
    b_empty: 2
    n_count: 10
    n_concept_distance: 0
[t=94.6079s, 2726676 KB] Complexity 4:
Total concept elements: 35
Total role elements: 9
Total numerical elements: 16
Total boolean elements: 4
    b_nullary: 0
    c_one_of: 4
    c_top: 1
    c_bot: 1
    c_primitive: 5
    r_primitive: 2
    c_and: 7
    c_not: 10
    c_equal: 1
    c_some: 3
    c_all: 3
    r_restrict: 2
    r_and: 1
    r_inverse: 4
    r_transitive_closure: 0
    b_empty: 4
    n_count: 14
    n_concept_distance: 2
[t=94.6139s, 2726676 KB] Complexity 5:
Total concept elements: 68
Total role elements: 9
Total numerical elements: 20
Total boolean elements: 4
    b_nullary: 0
    c_one_of: 4
    c_top: 1
    c_bot: 1
    c_primitive: 5
    r_primitive: 2
    c_and: 33
    c_not: 17
    c_equal: 1
    c_some: 3
    c_all: 3
    r_restrict: 2
    r_and: 1
    r_inverse: 4
    r_transitive_closure: 0
    b_empty: 4
    n_count: 18
    n_concept_distance: 2
[t=94.6226s, 2726676 KB] Complexity 6:
Total concept elements: 119
Total role elements: 9
Total numerical elements: 28
Total boolean elements: 4
    b_nullary: 0
    c_one_of: 4
    c_top: 1
    c_bot: 1
    c_primitive: 5
    r_primitive: 2
    c_and: 53
    c_not: 43
    c_equal: 1
    c_some: 5
    c_all: 6
    r_restrict: 2
    r_and: 1
    r_inverse: 4
    r_transitive_closure: 0
    b_empty: 4
    n_count: 25
    n_concept_distance: 3
[t=94.6365s, 2726676 KB] Complexity 7:
Total concept elements: 151
Total role elements: 9
Total numerical elements: 42
Total boolean elements: 4
    b_nullary: 0
    c_one_of: 4
    c_top: 1
    c_bot: 1
    c_primitive: 5
    r_primitive: 2
    c_and: 70
    c_not: 58
    c_equal: 1
    c_some: 5
    c_all: 6
    r_restrict: 2
    r_and: 1
    r_inverse: 4
    r_transitive_closure: 0
    b_empty: 4
    n_count: 37
    n_concept_distance: 5
[t=94.6611s, 2726676 KB] Complexity 8:
Total concept elements: 229
Total role elements: 9
Total numerical elements: 47
Total boolean elements: 4
    b_nullary: 0
    c_one_of: 4
    c_top: 1
    c_bot: 1
    c_primitive: 5
    r_primitive: 2
    c_and: 132
    c_not: 74
    c_equal: 1
    c_some: 5
    c_all: 6
    r_restrict: 2
    r_and: 1
    r_inverse: 4
    r_transitive_closure: 0
    b_empty: 4
    n_count: 42
    n_concept_distance: 5
[t=94.6947s, 2726676 KB] Complexity 9:
Total concept elements: 361
Total role elements: 9
Total numerical elements: 51
Total boolean elements: 4
    b_nullary: 0
    c_one_of: 4
    c_top: 1
    c_bot: 1
    c_primitive: 5
    r_primitive: 2
    c_and: 237
    c_not: 101
    c_equal: 1
    c_some: 5
    c_all: 6
    r_restrict: 2
    r_and: 1
    r_inverse: 4
    r_transitive_closure: 0
    b_empty: 4
    n_count: 46
    n_concept_distance: 5
[t=94.6948s, 2726676 KB] Finished generating composite features.
Features generated: 55
Features after relevant changes pruning (complete): 3
2024-09-14 15:52:12,429 - ..done
2024-09-14 15:52:12,430 - Constructing PerStateFeatureValuations...
2024-09-14 15:52:12,430 - ..done
2024-09-14 15:52:12,430 - Constructing StatePairEquivalenceDatas...
2024-09-14 15:52:12,434 - ..done
2024-09-14 15:52:12,434 - Constructing TupleGraphEquivalences...
Tuple graph equivalence construction statistics:
Num nodes: 157
2024-09-14 15:52:12,438 - ..done
2024-09-14 15:52:12,438 - Minimizing TupleGraphEquivalences...
Tuple graph equivalence minimization statistics:
Num orig nodes: 157
Num kept nodes: 20
2024-09-14 15:52:12,439 - ..done
Number of initial D2 facts: 1
Number of D2 facts: 1 of 9
2024-09-14 15:52:12,449 - Grounding Logic Program...
2024-09-14 15:52:12,453 - ..done
2024-09-14 15:52:12,453 - Solving Logic Program...
2024-09-14 15:52:12,458 - ..done
Clingo statistics:
{'call': 0.0, 'result': 1.0, 'signal': 0.0, 'exhausted': 1.0, 'costs': [0.0], 'lower': [0.0], 'concurrency': 32.0, 'winner': 19.0, 'times': {'total': 0.01754307746887207, 'cpu': 0.02755499999989297, 'solve': 0.0038340091705322266, 'unsat': 0.000408172607421875, 'sat': 0.003343820571899414}, 'models': {'enumerated': 2.0, 'optimal': 1.0}}
Solution cost: [0.0]
Total time: 0.01754307746887207
CPU time: 0.02755499999989297
Solve time: 0.0038340091705322266
2024-09-14 15:52:12,459 - Learned the following sketch:
(:policy
(:booleans )
(:numericals )
(:rule (:conditions ) (:effects ))
)
Numer of sketch rules: 1
Number of selected features: 0
Maximum complexity of selected feature: 0
Sketch solves: /proj/ssiw/users/x_domdr/projects/code/sketch-learner/learning/benchmarks/ipc2023/sokoban/training/easy/p03.pddl
Sketch cycles
Instance: 0
12
12
Number of unsatisfied D2 facts: 2
Number of D2 facts: 3 of 9
2024-09-14 15:52:12,465 - Grounding Logic Program...
2024-09-14 15:52:12,468 - ..done
2024-09-14 15:52:12,468 - Solving Logic Program...
2024-09-14 15:52:12,470 - ..done
Clingo statistics:
{'call': 0.0, 'result': 1.0, 'signal': 0.0, 'exhausted': 1.0, 'costs': [5.0], 'lower': [5.0], 'concurrency': 32.0, 'winner': 18.0, 'times': {'total': 0.010431051254272461, 'cpu': 0.013943000000040229, 'solve': 0.0014841556549072266, 'unsat': 0.0003769397735595703, 'sat': 0.0010612010955810547}, 'models': {'enumerated': 2.0, 'optimal': 1.0}}
Solution cost: [5.0]
Total time: 0.010431051254272461
CPU time: 0.013943000000040229
Solve time: 0.0014841556549072266
2024-09-14 15:52:12,471 - Learned the following sketch:
(:policy
(:booleans )
(:numericals (f1 "n_count(c_equal(r_primitive(at,0,1),r_primitive(at_g,0,1)))"))
(:rule (:conditions (:c_n_gt f1)) (:effects (:e_n_inc f1)))
)
Numer of sketch rules: 1
Number of selected features: 1
Maximum complexity of selected feature: 4
Sketch solves: /proj/ssiw/users/x_domdr/projects/code/sketch-learner/learning/benchmarks/ipc2023/sokoban/training/easy/p03.pddl
2024-09-14 15:52:12,473 - Verifying learned sketch...
Sketch solves: /proj/ssiw/users/x_domdr/projects/code/sketch-learner/learning/benchmarks/ipc2023/sokoban/training/easy/p03.pddl
Sketch solves: /proj/ssiw/users/x_domdr/projects/code/sketch-learner/learning/benchmarks/ipc2023/sokoban/training/easy/p03.pddl
Sketch solves: /proj/ssiw/users/x_domdr/projects/code/sketch-learner/learning/benchmarks/ipc2023/sokoban/training/easy/p33.pddl
Sketch solves: /proj/ssiw/users/x_domdr/projects/code/sketch-learner/learning/benchmarks/ipc2023/sokoban/training/easy/p26.pddl
Sketch solves: /proj/ssiw/users/x_domdr/projects/code/sketch-learner/learning/benchmarks/ipc2023/sokoban/training/easy/p18.pddl
Sketch solves: /proj/ssiw/users/x_domdr/projects/code/sketch-learner/learning/benchmarks/ipc2023/sokoban/training/easy/p17.pddl
Sketch solves: /proj/ssiw/users/x_domdr/projects/code/sketch-learner/learning/benchmarks/ipc2023/sokoban/training/easy/p23.pddl
Sketch solves: /proj/ssiw/users/x_domdr/projects/code/sketch-learner/learning/benchmarks/ipc2023/sokoban/training/easy/p30.pddl
Sketch solves: /proj/ssiw/users/x_domdr/projects/code/sketch-learner/learning/benchmarks/ipc2023/sokoban/training/easy/p13.pddl
Sketch solves: /proj/ssiw/users/x_domdr/projects/code/sketch-learner/learning/benchmarks/ipc2023/sokoban/training/easy/p14.pddl
Sketch solves: /proj/ssiw/users/x_domdr/projects/code/sketch-learner/learning/benchmarks/ipc2023/sokoban/training/easy/p05.pddl
Sketch solves: /proj/ssiw/users/x_domdr/projects/code/sketch-learner/learning/benchmarks/ipc2023/sokoban/training/easy/p34.pddl
Sketch solves: /proj/ssiw/users/x_domdr/projects/code/sketch-learner/learning/benchmarks/ipc2023/sokoban/training/easy/p25.pddl
Sketch solves: /proj/ssiw/users/x_domdr/projects/code/sketch-learner/learning/benchmarks/ipc2023/sokoban/training/easy/p28.pddl
Sketch solves: /proj/ssiw/users/x_domdr/projects/code/sketch-learner/learning/benchmarks/ipc2023/sokoban/training/easy/p19.pddl
Sketch solves: /proj/ssiw/users/x_domdr/projects/code/sketch-learner/learning/benchmarks/ipc2023/sokoban/training/easy/p22.pddl
Sketch solves: /proj/ssiw/users/x_domdr/projects/code/sketch-learner/learning/benchmarks/ipc2023/sokoban/training/easy/p15.pddl
Sketch solves: /proj/ssiw/users/x_domdr/projects/code/sketch-learner/learning/benchmarks/ipc2023/sokoban/training/easy/p09.pddl
Sketch solves: /proj/ssiw/users/x_domdr/projects/code/sketch-learner/learning/benchmarks/ipc2023/sokoban/training/easy/p11.pddl
Sketch solves: /proj/ssiw/users/x_domdr/projects/code/sketch-learner/learning/benchmarks/ipc2023/sokoban/training/easy/p21.pddl
Sketch solves: /proj/ssiw/users/x_domdr/projects/code/sketch-learner/learning/benchmarks/ipc2023/sokoban/training/easy/p16.pddl
Sketch solves: /proj/ssiw/users/x_domdr/projects/code/sketch-learner/learning/benchmarks/ipc2023/sokoban/training/easy/p29.pddl
Sketch solves: /proj/ssiw/users/x_domdr/projects/code/sketch-learner/learning/benchmarks/ipc2023/sokoban/training/easy/p32.pddl
Sketch solves: /proj/ssiw/users/x_domdr/projects/code/sketch-learner/learning/benchmarks/ipc2023/sokoban/training/easy/p24.pddl
Sketch solves: /proj/ssiw/users/x_domdr/projects/code/sketch-learner/learning/benchmarks/ipc2023/sokoban/training/easy/p27.pddl
Sketch solves: /proj/ssiw/users/x_domdr/projects/code/sketch-learner/learning/benchmarks/ipc2023/sokoban/training/easy/p20.pddl
2024-09-14 15:52:20,342 - ..done
Sketch solves all instances!
================================================================================
2024-09-14 15:52:20,342 - Summary:
LearningStatistics:
    num_training_instances: 25
    num_selected_training_instances (|P|): 1
    num_states_in_selected_training_instances (|S|): 13
    num_states_in_complete_selected_training_instances (|S|): 17
    num_features_in_pool (|F|): 3
================================================================================
Resulting sketch:
(:policy
(:booleans )
(:numericals (f1 "n_count(c_equal(r_primitive(at,0,1),r_primitive(at_g,0,1)))"))
(:rule (:conditions (:c_n_gt f1)) (:effects (:e_n_inc f1)))
)
Numer of sketch rules: 1
Number of selected features: 1
Maximum complexity of selected feature: 4
================================================================================
Resulting minimized sketch:
(:policy
(:booleans )
(:numericals (f1 "n_count(c_equal(r_primitive(at,0,1),r_primitive(at_g,0,1)))"))
(:rule (:conditions (:c_n_gt f1)) (:effects (:e_n_inc f1)))
)
Numer of sketch rules: 1
Number of selected features: 1
Maximum complexity of selected feature: 4
================================================================================
================================================================================
Preprocessing time: 95 seconds.
ASP time: 1 seconds.
Verification time: 8 seconds.
Total time: 103 seconds.
Total memory: 0 GiB.
Num states in training data before symmetry pruning: 28191
Num states in training data after symmetry pruning: 9280
================================================================================

