Changing working directory:  /proj/ssiw/projects/code/sketch-learner/learning/d2l/workspace/gripper_hierarchy_2_0_9_9_9_9_9
Creating sym link: /proj/ssiw/projects/code/sketch-learner/learning/d2l/libs/dlplan/libs/scorpion/fast-downward.py /proj/ssiw/projects/code/sketch-learner/learning/d2l/workspace/gripper_hierarchy_2_0_9_9_9_9_9/fast-downward.py
================================================================================
SLTP v.0.2.0
================================================================================
================================================================================
(pid: 81282) STARTING STEP #1: Incremental learning module
================================================================================
2022-11-16 15:30:01 INFO     [40m[34mInitializing DomainData...[0m
2022-11-16 15:30:01 INFO     Constructing DomainData for filename /proj/ssiw/projects/code/sketch-learner/learning/d2l/benchmarks/gripper/domain.pddl
2022-11-16 15:30:01 INFO     [40m[34m..done[0m
2022-11-16 15:30:01 INFO     [40m[34mInitializing InstanceDatas...[0m
2022-11-16 15:30:01 INFO     Constructing InstanceData for filename /proj/ssiw/projects/code/sketch-learner/learning/d2l/benchmarks/gripper/p-1-0.pddl
Num states: 8
2022-11-16 15:30:01 INFO     Constructing InstanceData for filename /proj/ssiw/projects/code/sketch-learner/learning/d2l/benchmarks/gripper/p-2-0.pddl
Num states: 28
2022-11-16 15:30:01 INFO     Constructing InstanceData for filename /proj/ssiw/projects/code/sketch-learner/learning/d2l/benchmarks/gripper/p-3-0.pddl
Num states: 88
2022-11-16 15:30:01 INFO     Constructing InstanceData for filename /proj/ssiw/projects/code/sketch-learner/learning/d2l/benchmarks/gripper/p-4-0.pddl
Num states: 256
2022-11-16 15:30:02 INFO     Constructing InstanceData for filename /proj/ssiw/projects/code/sketch-learner/learning/d2l/benchmarks/gripper/p-5-0.pddl
Num states: 704
2022-11-16 15:30:02 INFO     [40m[34m..done[0m
2022-11-16 15:30:02 INFO     [40m[34mInitializing TupleGraphs...[0m
2022-11-16 15:30:02 INFO     [40m[34m..done[0m
2022-11-16 15:30:02 INFO     [40m[34mInitializing Sketch...[0m
2022-11-16 15:30:02 INFO     [40m[34m..done[0m
Sketch:
(:policy
(:boolean_features )
(:numerical_features "n_count(c_equal(r_primitive(at,0,1),r_primitive(at_g,0,1)))")
(:rule (:conditions (:c_n_gt 0)) (:effects (:e_n_inc 0)))
)
Sketch rule: 0 (:rule (:conditions (:c_n_gt 0)) (:effects (:e_n_inc 0)))
2022-11-16 15:30:02 INFO     [40m[34mInitializing Subproblems...[0m
Number of problems: 5
Number of subproblems: 57
Highest number of states in problem: 704
Highest number of states in subproblem: 309
2022-11-16 15:30:03 INFO     [40m[34m..done[0m

2022-11-16 15:30:03 INFO     [40m[31mIteration: 0[0m
Number of selected instances: 1
Selected instances:
    id: 0 name: p-1-0-1
initial states: {0, 1, 2, 3, 4, 5}
2022-11-16 15:30:03 INFO     [40m[34mInitializing DomainFeatureData...[0m
[t=2.13577s, 1351976 KB] Started generating base features of complexity 1.
[t=2.13659s, 1351976 KB] Complexity 1:
    b_nullary: 0
    c_one_of: 2
    c_top: 1
    c_bot: 1
    c_primitive: 5
    r_primitive: 4
    c_and: 0
    c_not: 0
    c_equal: 0
    c_some: 0
    c_all: 0
    r_restrict: 0
    r_and: 0
    r_inverse: 0
    r_transitive_closure: 0
    b_empty: 0
    n_count: 0
    n_concept_distance: 0
[t=2.13696s, 1351976 KB] Finished generating base features.
[t=2.13707s, 1351976 KB] Started generating composite features. 
[t=2.13777s, 1351976 KB] Complexity 2:
Total concept elements: 16
Total role elements: 7
Total numerical elements: 7
Total boolean elements: 4
    b_nullary: 0
    c_one_of: 2
    c_top: 1
    c_bot: 1
    c_primitive: 5
    r_primitive: 4
    c_and: 0
    c_not: 7
    c_equal: 0
    c_some: 0
    c_all: 0
    r_restrict: 0
    r_and: 0
    r_inverse: 3
    r_transitive_closure: 0
    b_empty: 4
    n_count: 7
    n_concept_distance: 0
[t=2.14128s, 1351976 KB] Complexity 3:
Total concept elements: 31
Total role elements: 11
Total numerical elements: 10
Total boolean elements: 4
    b_nullary: 0
    c_one_of: 2
    c_top: 1
    c_bot: 1
    c_primitive: 5
    r_primitive: 4
    c_and: 2
    c_not: 7
    c_equal: 2
    c_some: 6
    c_all: 5
    r_restrict: 4
    r_and: 0
    r_inverse: 3
    r_transitive_closure: 0
    b_empty: 4
    n_count: 10
    n_concept_distance: 0
[t=2.14799s, 1351976 KB] Complexity 4:
Total concept elements: 45
Total role elements: 15
Total numerical elements: 31
Total boolean elements: 9
    b_nullary: 0
    c_one_of: 2
    c_top: 1
    c_bot: 1
    c_primitive: 5
    r_primitive: 4
    c_and: 6
    c_not: 14
    c_equal: 2
    c_some: 7
    c_all: 7
    r_restrict: 4
    r_and: 0
    r_inverse: 7
    r_transitive_closure: 0
    b_empty: 9
    n_count: 22
    n_concept_distance: 9
[t=2.15636s, 1351976 KB] Complexity 5:
Total concept elements: 66
Total role elements: 15
Total numerical elements: 35
Total boolean elements: 11
    b_nullary: 0
    c_one_of: 2
    c_top: 1
    c_bot: 1
    c_primitive: 5
    r_primitive: 4
    c_and: 21
    c_not: 17
    c_equal: 2
    c_some: 8
    c_all: 9
    r_restrict: 4
    r_and: 0
    r_inverse: 7
    r_transitive_closure: 0
    b_empty: 11
    n_count: 26
    n_concept_distance: 9
[t=2.16609s, 1351976 KB] Complexity 6:
Total concept elements: 151
Total role elements: 15
Total numerical elements: 57
Total boolean elements: 14
    b_nullary: 0
    c_one_of: 2
    c_top: 1
    c_bot: 1
    c_primitive: 5
    r_primitive: 4
    c_and: 73
    c_not: 29
    c_equal: 2
    c_some: 16
    c_all: 22
    r_restrict: 4
    r_and: 0
    r_inverse: 7
    r_transitive_closure: 0
    b_empty: 14
    n_count: 35
    n_concept_distance: 22
[t=2.17567s, 1352124 KB] Complexity 7:
Total concept elements: 234
Total role elements: 16
Total numerical elements: 88
Total boolean elements: 17
    b_nullary: 0
    c_one_of: 2
    c_top: 1
    c_bot: 1
    c_primitive: 5
    r_primitive: 4
    c_and: 111
    c_not: 74
    c_equal: 2
    c_some: 16
    c_all: 22
    r_restrict: 4
    r_and: 1
    r_inverse: 7
    r_transitive_closure: 0
    b_empty: 17
    n_count: 60
    n_concept_distance: 28
[t=2.19807s, 1352332 KB] Complexity 8:
Total concept elements: 358
Total role elements: 17
Total numerical elements: 126
Total boolean elements: 22
    b_nullary: 0
    c_one_of: 2
    c_top: 1
    c_bot: 1
    c_primitive: 5
    r_primitive: 4
    c_and: 197
    c_not: 102
    c_equal: 2
    c_some: 19
    c_all: 29
    r_restrict: 4
    r_and: 1
    r_inverse: 8
    r_transitive_closure: 0
    b_empty: 22
    n_count: 86
    n_concept_distance: 40
[t=2.23715s, 1352884 KB] Complexity 9:
Total concept elements: 578
Total role elements: 17
Total numerical elements: 194
Total boolean elements: 25
    b_nullary: 0
    c_one_of: 2
    c_top: 1
    c_bot: 1
    c_primitive: 5
    r_primitive: 4
    c_and: 359
    c_not: 160
    c_equal: 2
    c_some: 19
    c_all: 29
    r_restrict: 4
    r_and: 1
    r_inverse: 8
    r_transitive_closure: 0
    b_empty: 25
    n_count: 127
    n_concept_distance: 67
[t=2.2373s, 1352884 KB] Finished generating composite features.
DomainFeatureDataStatistics:
    num_dlplan_states: 7
    num_boolean_features: 25
    num_numerical_features: 194
2022-11-16 15:30:03 INFO     [40m[34m..done[0m
2022-11-16 15:30:03 INFO     [40m[34mInitializing InstanceFeatureDatas...[0m
2022-11-16 15:30:03 INFO     [40m[34m..done[0m
2022-11-16 15:30:03 INFO     [40m[34mInitializing StatePairEquivalenceDatas...[0m
2022-11-16 15:30:03 INFO     [40m[34m..done[0m
2022-11-16 15:30:03 INFO     [40m[34mInitializing TupleGraphEquivalences...[0m
2022-11-16 15:30:03 INFO     [40m[34m..done[0m
2022-11-16 15:30:03 INFO     [40m[34mInitializing TupleGraphEquivalenceMinimizer...[0m
Num subgoals: 7
Num of selected subgoals: 3
Num rules: 3
Num of selected rules: 3
Num subgoals: 5
Num of selected subgoals: 2
Num rules: 2
Num of selected rules: 2
Num subgoals: 6
Num of selected subgoals: 3
Num rules: 3
Num of selected rules: 3
Num subgoals: 6
Num of selected subgoals: 3
Num rules: 3
Num of selected rules: 3
Num subgoals: 6
Num of selected subgoals: 3
Num rules: 3
Num of selected rules: 3
Num subgoals: 6
Num of selected subgoals: 3
Num rules: 3
Num of selected rules: 3
2022-11-16 15:30:03 INFO     [40m[34m..done[0m
Number of initial D2 facts: 10
Number of D2 facts: 10 of 121
2022-11-16 15:30:03 INFO     [40m[34mGrounding Logic Program...[0m
2022-11-16 15:30:03 INFO     [40m[34m..done[0m
2022-11-16 15:30:03 INFO     [40m[34mSolving Logic Program...[0m
2022-11-16 15:30:03 INFO     [40m[34m..done[0m
Clingo statistics:
Total time:  0.08410096168518066
CPU time:  0.12161200000000005
Solve time:  0.008437156677246094
2022-11-16 15:30:03 INFO     Learned the following sketch:
(:policy
(:boolean_features )
(:numerical_features "n_count(c_primitive(free,0))")
(:rule (:conditions (:c_n_gt 0)) (:effects (:e_n_bot 0)))
(:rule (:conditions (:c_n_gt 0)) (:effects (:e_n_dec 0)))
(:rule (:conditions (:c_n_gt 0)) (:effects (:e_n_inc 0)))
)
Numer of sketch rules: 3
Number of selected features: 1
Maximum complexity of selected feature: 2
[40m[31mSketch cycles[0m
Instance: 0 p-1-0-1
5 (instance index=0, state index=5, atoms={at-robby(roomb), free(left), carry(ball1,right)})
5 (instance index=0, state index=5, atoms={at-robby(roomb), free(left), carry(ball1,right)})
Number of unsatisfied D2 facts: 13
Number of D2 facts: 23 of 121
2022-11-16 15:30:03 INFO     [40m[34mGrounding Logic Program...[0m
2022-11-16 15:30:03 INFO     [40m[34m..done[0m
2022-11-16 15:30:03 INFO     [40m[34mSolving Logic Program...[0m
2022-11-16 15:30:03 INFO     [40m[34m..done[0m
Clingo statistics:
Total time:  0.16052579879760742
CPU time:  0.20872100000000016
Solve time:  0.006187915802001953
2022-11-16 15:30:03 INFO     Learned the following sketch:
(:policy
(:boolean_features "b_empty(c_and(c_one_of(rooma),c_primitive(at-robby,0)))" "b_empty(r_primitive(at,0,1))")
(:numerical_features )
(:rule (:conditions (:c_b_neg 1) (:c_b_neg 0)) (:effects (:e_b_pos 1) (:e_b_bot 0)))
(:rule (:conditions (:c_b_neg 1) (:c_b_pos 0)) (:effects (:e_b_bot 1) (:e_b_neg 0)))
(:rule (:conditions (:c_b_pos 1) (:c_b_neg 0)) (:effects (:e_b_bot 1) (:e_b_pos 0)))
(:rule (:conditions (:c_b_pos 1) (:c_b_pos 0)) (:effects (:e_b_neg 1) (:e_b_bot 0)))
)
Numer of sketch rules: 4
Number of selected features: 2
Maximum complexity of selected feature: 4
2022-11-16 15:30:03 INFO     [40m[34mVerifying learned sketch...[0m
[40m[31mSketch fails to bound width of a state[0m
Instance: 1 p-2-0-1
Source_state: 0 (instance index=3, state index=0, atoms={at-robby(rooma), free(left), free(right), at(ball1,rooma), at(ball2,rooma)})
2022-11-16 15:30:03 INFO     [40m[34m..done[0m
2022-11-16 15:30:03 INFO     [40m[33mIteration summary:[0m
DomainFeatureDataStatistics:
    num_dlplan_states: 7
    num_boolean_features: 25
    num_numerical_features: 194
StatePairEquivalenceStatistics:
    num_state_pairs: 18
    num_equivalences: 11
TupleGraphEquivalenceMinimizerStatistics:
    Number of input tuples: 36
    Number of output tuples: 17
Smallest unsolved instance: 1
Selected instances: [1]

2022-11-16 15:30:03 INFO     [40m[31mIteration: 1[0m
Number of selected instances: 1
Selected instances:
    id: 1 name: p-2-0-1
initial states: {0, 1, 2, 3, 4, 5, 6, 7, 8, 9, 10, 11, 13, 15}
2022-11-16 15:30:03 INFO     [40m[34mInitializing DomainFeatureData...[0m
[t=2.69291s, 3549696 KB] Started generating base features of complexity 1.
[t=2.69353s, 3549696 KB] Complexity 1:
    b_nullary: 0
    c_one_of: 2
    c_top: 1
    c_bot: 1
    c_primitive: 5
    r_primitive: 4
    c_and: 0
    c_not: 0
    c_equal: 0
    c_some: 0
    c_all: 0
    r_restrict: 0
    r_and: 0
    r_inverse: 0
    r_transitive_closure: 0
    b_empty: 0
    n_count: 0
    n_concept_distance: 0
[t=2.69386s, 3549696 KB] Finished generating base features.
[t=2.69397s, 3549696 KB] Started generating composite features. 
[t=2.69473s, 3549696 KB] Complexity 2:
Total concept elements: 16
Total role elements: 7
Total numerical elements: 6
Total boolean elements: 4
    b_nullary: 0
    c_one_of: 2
    c_top: 1
    c_bot: 1
    c_primitive: 5
    r_primitive: 4
    c_and: 0
    c_not: 7
    c_equal: 0
    c_some: 0
    c_all: 0
    r_restrict: 0
    r_and: 0
    r_inverse: 3
    r_transitive_closure: 0
    b_empty: 4
    n_count: 6
    n_concept_distance: 0
[t=2.69998s, 3549696 KB] Complexity 3:
Total concept elements: 31
Total role elements: 11
Total numerical elements: 9
Total boolean elements: 4
    b_nullary: 0
    c_one_of: 2
    c_top: 1
    c_bot: 1
    c_primitive: 5
    r_primitive: 4
    c_and: 2
    c_not: 7
    c_equal: 2
    c_some: 6
    c_all: 5
    r_restrict: 4
    r_and: 0
    r_inverse: 3
    r_transitive_closure: 0
    b_empty: 4
    n_count: 9
    n_concept_distance: 0
[t=2.70734s, 3549696 KB] Complexity 4:
Total concept elements: 45
Total role elements: 15
Total numerical elements: 24
Total boolean elements: 9
    b_nullary: 0
    c_one_of: 2
    c_top: 1
    c_bot: 1
    c_primitive: 5
    r_primitive: 4
    c_and: 6
    c_not: 14
    c_equal: 2
    c_some: 7
    c_all: 7
    r_restrict: 4
    r_and: 0
    r_inverse: 7
    r_transitive_closure: 0
    b_empty: 9
    n_count: 21
    n_concept_distance: 3
[t=2.71713s, 3549696 KB] Complexity 5:
Total concept elements: 66
Total role elements: 15
Total numerical elements: 33
Total boolean elements: 10
    b_nullary: 0
    c_one_of: 2
    c_top: 1
    c_bot: 1
    c_primitive: 5
    r_primitive: 4
    c_and: 21
    c_not: 17
    c_equal: 2
    c_some: 8
    c_all: 9
    r_restrict: 4
    r_and: 0
    r_inverse: 7
    r_transitive_closure: 0
    b_empty: 10
    n_count: 30
    n_concept_distance: 3
[t=2.72758s, 3549696 KB] Complexity 6:
Total concept elements: 154
Total role elements: 15
Total numerical elements: 43
Total boolean elements: 13
    b_nullary: 0
    c_one_of: 2
    c_top: 1
    c_bot: 1
    c_primitive: 5
    r_primitive: 4
    c_and: 73
    c_not: 29
    c_equal: 2
    c_some: 18
    c_all: 23
    r_restrict: 4
    r_and: 0
    r_inverse: 7
    r_transitive_closure: 0
    b_empty: 13
    n_count: 40
    n_concept_distance: 3
[t=2.73899s, 3549696 KB] Complexity 7:
Total concept elements: 238
Total role elements: 16
Total numerical elements: 98
Total boolean elements: 20
    b_nullary: 0
    c_one_of: 2
    c_top: 1
    c_bot: 1
    c_primitive: 5
    r_primitive: 4
    c_and: 111
    c_not: 75
    c_equal: 2
    c_some: 18
    c_all: 23
    r_restrict: 4
    r_and: 1
    r_inverse: 7
    r_transitive_closure: 0
    b_empty: 20
    n_count: 89
    n_concept_distance: 9
[t=2.76451s, 3549696 KB] Complexity 8:
Total concept elements: 399
Total role elements: 17
Total numerical elements: 145
Total boolean elements: 24
    b_nullary: 0
    c_one_of: 2
    c_top: 1
    c_bot: 1
    c_primitive: 5
    r_primitive: 4
    c_and: 201
    c_not: 104
    c_equal: 2
    c_some: 37
    c_all: 46
    r_restrict: 4
    r_and: 1
    r_inverse: 8
    r_transitive_closure: 0
    b_empty: 24
    n_count: 136
    n_concept_distance: 9
[t=2.80719s, 3549696 KB] Complexity 9:
Total concept elements: 658
Total role elements: 17
Total numerical elements: 275
Total boolean elements: 40
    b_nullary: 0
    c_one_of: 2
    c_top: 1
    c_bot: 1
    c_primitive: 5
    r_primitive: 4
    c_and: 374
    c_not: 182
    c_equal: 2
    c_some: 41
    c_all: 50
    r_restrict: 4
    r_and: 1
    r_inverse: 8
    r_transitive_closure: 0
    b_empty: 40
    n_count: 246
    n_concept_distance: 29
[t=2.80731s, 3549696 KB] Finished generating composite features.
DomainFeatureDataStatistics:
    num_dlplan_states: 20
    num_boolean_features: 40
    num_numerical_features: 275
2022-11-16 15:30:03 INFO     [40m[34m..done[0m
2022-11-16 15:30:03 INFO     [40m[34mInitializing InstanceFeatureDatas...[0m
2022-11-16 15:30:03 INFO     [40m[34m..done[0m
2022-11-16 15:30:03 INFO     [40m[34mInitializing StatePairEquivalenceDatas...[0m
2022-11-16 15:30:03 INFO     [40m[34m..done[0m
2022-11-16 15:30:03 INFO     [40m[34mInitializing TupleGraphEquivalences...[0m
2022-11-16 15:30:03 INFO     [40m[34m..done[0m
2022-11-16 15:30:03 INFO     [40m[34mInitializing TupleGraphEquivalenceMinimizer...[0m
Num subgoals: 10
Num of selected subgoals: 3
Num rules: 3
Num of selected rules: 3
Num subgoals: 6
Num of selected subgoals: 2
Num rules: 2
Num of selected rules: 2
Num subgoals: 8
Num of selected subgoals: 4
Num rules: 4
Num of selected rules: 4
Num subgoals: 8
Num of selected subgoals: 4
Num rules: 4
Num of selected rules: 4
Num subgoals: 8
Num of selected subgoals: 4
Num rules: 4
Num of selected rules: 4
Num subgoals: 8
Num of selected subgoals: 4
Num rules: 4
Num of selected rules: 4
Num subgoals: 7
Num of selected subgoals: 3
Num rules: 3
Num of selected rules: 3
Num subgoals: 8
Num of selected subgoals: 3
Num rules: 3
Num of selected rules: 3
Num subgoals: 7
Num of selected subgoals: 3
Num rules: 3
Num of selected rules: 3
Num subgoals: 8
Num of selected subgoals: 3
Num rules: 3
Num of selected rules: 3
Num subgoals: 7
Num of selected subgoals: 3
Num rules: 3
Num of selected rules: 3
Num subgoals: 7
Num of selected subgoals: 3
Num rules: 3
Num of selected rules: 3
Num subgoals: 8
Num of selected subgoals: 3
Num rules: 3
Num of selected rules: 3
Num subgoals: 8
Num of selected subgoals: 3
Num rules: 3
Num of selected rules: 3
2022-11-16 15:30:03 INFO     [40m[34m..done[0m
Number of initial D2 facts: 19
Number of D2 facts: 19 of 324
2022-11-16 15:30:04 INFO     [40m[34mGrounding Logic Program...[0m
2022-11-16 15:30:04 INFO     [40m[34m..done[0m
2022-11-16 15:30:04 INFO     [40m[34mSolving Logic Program...[0m
2022-11-16 15:30:04 INFO     [40m[34m..done[0m
Clingo statistics:
Total time:  0.18193602561950684
CPU time:  0.2364360000000001
Solve time:  0.008005142211914062
2022-11-16 15:30:04 INFO     Learned the following sketch:
(:policy
(:boolean_features )
(:numerical_features "n_count(c_primitive(free,0))")
(:rule (:conditions (:c_n_eq 0)) (:effects (:e_n_bot 0)))
(:rule (:conditions (:c_n_eq 0)) (:effects (:e_n_inc 0)))
(:rule (:conditions (:c_n_gt 0)) (:effects (:e_n_bot 0)))
(:rule (:conditions (:c_n_gt 0)) (:effects (:e_n_dec 0)))
(:rule (:conditions (:c_n_gt 0)) (:effects (:e_n_inc 0)))
)
Numer of sketch rules: 5
Number of selected features: 1
Maximum complexity of selected feature: 2
[40m[31mSketch cycles[0m
Instance: 1 p-2-0-1
15 (instance index=3, state index=15, atoms={at-robby(roomb), carry(ball1,right), carry(ball2,left)})
15 (instance index=3, state index=15, atoms={at-robby(roomb), carry(ball1,right), carry(ball2,left)})
Number of unsatisfied D2 facts: 12
Number of D2 facts: 31 of 324
2022-11-16 15:30:04 INFO     [40m[34mGrounding Logic Program...[0m
2022-11-16 15:30:04 INFO     [40m[34m..done[0m
2022-11-16 15:30:04 INFO     [40m[34mSolving Logic Program...[0m
2022-11-16 15:30:04 INFO     [40m[34m..done[0m
Clingo statistics:
Total time:  0.3593258857727051
CPU time:  0.44187299999999996
Solve time:  0.008877038955688477
2022-11-16 15:30:04 INFO     Learned the following sketch:
(:policy
(:boolean_features )
(:numerical_features "n_concept_distance(c_one_of(rooma),r_primitive(at,0,1),c_primitive(at-robby,0))" "n_count(c_equal(r_primitive(at,0,1),r_primitive(at_g,0,1)))")
(:rule (:conditions (:c_n_eq 0) (:c_n_gt 1)) (:effects (:e_n_bot 0) (:e_n_bot 1)))
(:rule (:conditions (:c_n_eq 0) (:c_n_gt 1)) (:effects (:e_n_bot 1) (:e_n_inc 0)))
(:rule (:conditions (:c_n_gt 0) (:c_n_gt 1)) (:effects (:e_n_bot 0) (:e_n_inc 1)))
(:rule (:conditions (:c_n_gt 0) (:c_n_gt 1)) (:effects (:e_n_bot 1) (:e_n_dec 0)))
)
Numer of sketch rules: 4
Number of selected features: 2
Maximum complexity of selected feature: 4
[40m[31mSketch cycles[0m
Instance: 1 p-2-0-1
9 (instance index=3, state index=9, atoms={at-robby(rooma), carry(ball1,right), carry(ball2,left)})
15 (instance index=3, state index=15, atoms={at-robby(roomb), carry(ball1,right), carry(ball2,left)})
9 (instance index=3, state index=9, atoms={at-robby(rooma), carry(ball1,right), carry(ball2,left)})
Number of unsatisfied D2 facts: 14
Number of D2 facts: 45 of 324
2022-11-16 15:30:04 INFO     [40m[34mGrounding Logic Program...[0m
2022-11-16 15:30:04 INFO     [40m[34m..done[0m
2022-11-16 15:30:04 INFO     [40m[34mSolving Logic Program...[0m
2022-11-16 15:30:04 INFO     [40m[34m..done[0m
Clingo statistics:
Total time:  0.3635520935058594
CPU time:  0.4662959999999998
Solve time:  0.011261940002441406
2022-11-16 15:30:05 INFO     Learned the following sketch:
(:policy
(:boolean_features "b_empty(c_and(c_one_of(rooma),c_primitive(at-robby,0)))")
(:numerical_features "n_count(r_primitive(carry,0,1))")
(:rule (:conditions (:c_n_eq 0) (:c_b_neg 0)) (:effects (:e_n_inc 0) (:e_b_bot 0)))
(:rule (:conditions (:c_n_eq 0) (:c_b_pos 0)) (:effects (:e_n_bot 0) (:e_b_neg 0)))
(:rule (:conditions (:c_n_gt 0) (:c_b_neg 0)) (:effects (:e_n_bot 0) (:e_b_pos 0)))
(:rule (:conditions (:c_n_gt 0) (:c_b_neg 0)) (:effects (:e_n_dec 0) (:e_b_bot 0)))
(:rule (:conditions (:c_n_gt 0) (:c_b_pos 0)) (:effects (:e_n_bot 0) (:e_b_neg 0)))
(:rule (:conditions (:c_n_gt 0) (:c_b_pos 0)) (:effects (:e_n_dec 0) (:e_b_bot 0)))
)
Numer of sketch rules: 6
Number of selected features: 2
Maximum complexity of selected feature: 4
[40m[31mSketch cycles[0m
Instance: 1 p-2-0-1
8 (instance index=3, state index=8, atoms={at-robby(roomb), free(right), at(ball1,rooma), carry(ball2,left)})
9 (instance index=3, state index=9, atoms={at-robby(rooma), carry(ball1,right), carry(ball2,left)})
3 (instance index=3, state index=3, atoms={at-robby(rooma), free(right), at(ball1,rooma), carry(ball2,left)})
15 (instance index=3, state index=15, atoms={at-robby(roomb), carry(ball1,right), carry(ball2,left)})
3 (instance index=3, state index=3, atoms={at-robby(rooma), free(right), at(ball1,rooma), carry(ball2,left)})
Number of unsatisfied D2 facts: 4
Number of D2 facts: 49 of 324
2022-11-16 15:30:05 INFO     [40m[34mGrounding Logic Program...[0m
2022-11-16 15:30:05 INFO     [40m[34m..done[0m
2022-11-16 15:30:05 INFO     [40m[34mSolving Logic Program...[0m
2022-11-16 15:30:05 INFO     [40m[34m..done[0m
Clingo statistics:
Total time:  0.36231493949890137
CPU time:  0.45262
Solve time:  0.008749961853027344
2022-11-16 15:30:05 INFO     Learned the following sketch:
(:policy
(:boolean_features "b_empty(c_and(c_one_of(rooma),c_primitive(at-robby,0)))")
(:numerical_features "n_count(c_primitive(free,0))")
(:rule (:conditions (:c_n_eq 0) (:c_b_neg 0)) (:effects (:e_n_bot 0) (:e_b_pos 0)))
(:rule (:conditions (:c_n_eq 0) (:c_b_pos 0)) (:effects (:e_n_inc 0) (:e_b_bot 0)))
(:rule (:conditions (:c_n_gt 0) (:c_b_neg 0)) (:effects (:e_n_dec 0) (:e_b_bot 0)))
(:rule (:conditions (:c_n_gt 0) (:c_b_pos 0)) (:effects (:e_n_bot 0) (:e_b_neg 0)))
(:rule (:conditions (:c_n_gt 0) (:c_b_pos 0)) (:effects (:e_n_inc 0) (:e_b_bot 0)))
)
Numer of sketch rules: 5
Number of selected features: 2
Maximum complexity of selected feature: 4
2022-11-16 15:30:05 INFO     [40m[34mVerifying learned sketch...[0m
[40m[31mSketch fails to bound width of a state[0m
Instance: 0 p-1-0-1
Source_state: 3 (instance index=0, state index=3, atoms={at-robby(rooma), free(left), carry(ball1,right)})
2022-11-16 15:30:05 INFO     [40m[34m..done[0m
2022-11-16 15:30:05 INFO     [40m[33mIteration summary:[0m
DomainFeatureDataStatistics:
    num_dlplan_states: 20
    num_boolean_features: 40
    num_numerical_features: 275
StatePairEquivalenceStatistics:
    num_state_pairs: 52
    num_equivalences: 18
TupleGraphEquivalenceMinimizerStatistics:
    Number of input tuples: 108
    Number of output tuples: 45
Smallest unsolved instance: 0
Selected instances: [1, 0]

2022-11-16 15:30:05 INFO     [40m[31mIteration: 2[0m
Number of selected instances: 2
Selected instances:
    id: 1 name: p-2-0-1
initial states: {0, 1, 2, 3, 4, 5, 6, 7, 8, 9, 10, 11, 13, 15}
    id: 0 name: p-1-0-1
initial states: {0, 1, 2, 3, 4, 5}
2022-11-16 15:30:05 INFO     [40m[34mInitializing DomainFeatureData...[0m
[t=4.42289s, 3549696 KB] Started generating base features of complexity 1.
[t=4.42313s, 3549696 KB] Complexity 1:
    b_nullary: 0
    c_one_of: 2
    c_top: 1
    c_bot: 1
    c_primitive: 5
    r_primitive: 4
    c_and: 0
    c_not: 0
    c_equal: 0
    c_some: 0
    c_all: 0
    r_restrict: 0
    r_and: 0
    r_inverse: 0
    r_transitive_closure: 0
    b_empty: 0
    n_count: 0
    n_concept_distance: 0
[t=4.42324s, 3549696 KB] Finished generating base features.
[t=4.42327s, 3549696 KB] Started generating composite features. 
[t=4.42353s, 3549696 KB] Complexity 2:
Total concept elements: 16
Total role elements: 7
Total numerical elements: 8
Total boolean elements: 5
    b_nullary: 0
    c_one_of: 2
    c_top: 1
    c_bot: 1
    c_primitive: 5
    r_primitive: 4
    c_and: 0
    c_not: 7
    c_equal: 0
    c_some: 0
    c_all: 0
    r_restrict: 0
    r_and: 0
    r_inverse: 3
    r_transitive_closure: 0
    b_empty: 5
    n_count: 8
    n_concept_distance: 0
[t=4.42521s, 3549696 KB] Complexity 3:
Total concept elements: 31
Total role elements: 11
Total numerical elements: 12
Total boolean elements: 5
    b_nullary: 0
    c_one_of: 2
    c_top: 1
    c_bot: 1
    c_primitive: 5
    r_primitive: 4
    c_and: 2
    c_not: 7
    c_equal: 2
    c_some: 6
    c_all: 5
    r_restrict: 4
    r_and: 0
    r_inverse: 3
    r_transitive_closure: 0
    b_empty: 5
    n_count: 12
    n_concept_distance: 0
[t=4.42794s, 3549696 KB] Complexity 4:
Total concept elements: 45
Total role elements: 15
Total numerical elements: 28
Total boolean elements: 10
    b_nullary: 0
    c_one_of: 2
    c_top: 1
    c_bot: 1
    c_primitive: 5
    r_primitive: 4
    c_and: 6
    c_not: 14
    c_equal: 2
    c_some: 7
    c_all: 7
    r_restrict: 4
    r_and: 0
    r_inverse: 7
    r_transitive_closure: 0
    b_empty: 10
    n_count: 25
    n_concept_distance: 3
[t=4.43314s, 3549696 KB] Complexity 5:
Total concept elements: 66
Total role elements: 15
Total numerical elements: 37
Total boolean elements: 12
    b_nullary: 0
    c_one_of: 2
    c_top: 1
    c_bot: 1
    c_primitive: 5
    r_primitive: 4
    c_and: 21
    c_not: 17
    c_equal: 2
    c_some: 8
    c_all: 9
    r_restrict: 4
    r_and: 0
    r_inverse: 7
    r_transitive_closure: 0
    b_empty: 12
    n_count: 34
    n_concept_distance: 3
[t=4.44106s, 3549696 KB] Complexity 6:
Total concept elements: 156
Total role elements: 15
Total numerical elements: 49
Total boolean elements: 15
    b_nullary: 0
    c_one_of: 2
    c_top: 1
    c_bot: 1
    c_primitive: 5
    r_primitive: 4
    c_and: 73
    c_not: 29
    c_equal: 2
    c_some: 19
    c_all: 24
    r_restrict: 4
    r_and: 0
    r_inverse: 7
    r_transitive_closure: 0
    b_empty: 15
    n_count: 46
    n_concept_distance: 3
[t=4.45356s, 3549696 KB] Complexity 7:
Total concept elements: 240
Total role elements: 16
Total numerical elements: 108
Total boolean elements: 22
    b_nullary: 0
    c_one_of: 2
    c_top: 1
    c_bot: 1
    c_primitive: 5
    r_primitive: 4
    c_and: 111
    c_not: 75
    c_equal: 2
    c_some: 19
    c_all: 24
    r_restrict: 4
    r_and: 1
    r_inverse: 7
    r_transitive_closure: 0
    b_empty: 22
    n_count: 99
    n_concept_distance: 9
[t=4.48343s, 3549696 KB] Complexity 8:
Total concept elements: 416
Total role elements: 17
Total numerical elements: 159
Total boolean elements: 28
    b_nullary: 0
    c_one_of: 2
    c_top: 1
    c_bot: 1
    c_primitive: 5
    r_primitive: 4
    c_and: 205
    c_not: 104
    c_equal: 2
    c_some: 43
    c_all: 53
    r_restrict: 4
    r_and: 1
    r_inverse: 8
    r_transitive_closure: 0
    b_empty: 28
    n_count: 150
    n_concept_distance: 9
[t=4.53358s, 3549696 KB] Complexity 9:
Total concept elements: 682
Total role elements: 17
Total numerical elements: 315
Total boolean elements: 49
    b_nullary: 0
    c_one_of: 2
    c_top: 1
    c_bot: 1
    c_primitive: 5
    r_primitive: 4
    c_and: 382
    c_not: 185
    c_equal: 2
    c_some: 47
    c_all: 57
    r_restrict: 4
    r_and: 1
    r_inverse: 8
    r_transitive_closure: 0
    b_empty: 49
    n_count: 282
    n_concept_distance: 33
[t=4.5337s, 3549696 KB] Finished generating composite features.
DomainFeatureDataStatistics:
    num_dlplan_states: 27
    num_boolean_features: 49
    num_numerical_features: 315
2022-11-16 15:30:05 INFO     [40m[34m..done[0m
2022-11-16 15:30:05 INFO     [40m[34mInitializing InstanceFeatureDatas...[0m
2022-11-16 15:30:05 INFO     [40m[34m..done[0m
2022-11-16 15:30:05 INFO     [40m[34mInitializing StatePairEquivalenceDatas...[0m
2022-11-16 15:30:05 INFO     [40m[34m..done[0m
2022-11-16 15:30:05 INFO     [40m[34mInitializing TupleGraphEquivalences...[0m
2022-11-16 15:30:05 INFO     [40m[34m..done[0m
2022-11-16 15:30:05 INFO     [40m[34mInitializing TupleGraphEquivalenceMinimizer...[0m
Num subgoals: 10
Num of selected subgoals: 3
Num rules: 3
Num of selected rules: 3
Num subgoals: 6
Num of selected subgoals: 2
Num rules: 2
Num of selected rules: 2
Num subgoals: 8
Num of selected subgoals: 4
Num rules: 4
Num of selected rules: 4
Num subgoals: 8
Num of selected subgoals: 4
Num rules: 4
Num of selected rules: 4
Num subgoals: 8
Num of selected subgoals: 4
Num rules: 4
Num of selected rules: 4
Num subgoals: 8
Num of selected subgoals: 4
Num rules: 4
Num of selected rules: 4
Num subgoals: 7
Num of selected subgoals: 3
Num rules: 3
Num of selected rules: 3
Num subgoals: 8
Num of selected subgoals: 3
Num rules: 3
Num of selected rules: 3
Num subgoals: 7
Num of selected subgoals: 3
Num rules: 3
Num of selected rules: 3
Num subgoals: 8
Num of selected subgoals: 3
Num rules: 3
Num of selected rules: 3
Num subgoals: 7
Num of selected subgoals: 3
Num rules: 3
Num of selected rules: 3
Num subgoals: 7
Num of selected subgoals: 3
Num rules: 3
Num of selected rules: 3
Num subgoals: 8
Num of selected subgoals: 3
Num rules: 3
Num of selected rules: 3
Num subgoals: 8
Num of selected subgoals: 3
Num rules: 3
Num of selected rules: 3
Num subgoals: 7
Num of selected subgoals: 3
Num rules: 3
Num of selected rules: 3
Num subgoals: 5
Num of selected subgoals: 2
Num rules: 2
Num of selected rules: 2
Num subgoals: 6
Num of selected subgoals: 3
Num rules: 3
Num of selected rules: 3
Num subgoals: 6
Num of selected subgoals: 3
Num rules: 3
Num of selected rules: 3
Num subgoals: 6
Num of selected subgoals: 3
Num rules: 3
Num of selected rules: 3
Num subgoals: 6
Num of selected subgoals: 3
Num rules: 3
Num of selected rules: 3
2022-11-16 15:30:05 INFO     [40m[34m..done[0m
Number of initial D2 facts: 29
Number of D2 facts: 29 of 729
2022-11-16 15:30:05 INFO     [40m[34mGrounding Logic Program...[0m
2022-11-16 15:30:06 INFO     [40m[34m..done[0m
2022-11-16 15:30:06 INFO     [40m[34mSolving Logic Program...[0m
2022-11-16 15:30:06 INFO     [40m[34m..done[0m
Clingo statistics:
Total time:  0.3217151165008545
CPU time:  0.40016799999999986
Solve time:  0.012592077255249023
2022-11-16 15:30:06 INFO     Learned the following sketch:
(:policy
(:boolean_features )
(:numerical_features "n_count(c_primitive(free,0))")
(:rule (:conditions (:c_n_eq 0)) (:effects (:e_n_bot 0)))
(:rule (:conditions (:c_n_eq 0)) (:effects (:e_n_inc 0)))
(:rule (:conditions (:c_n_gt 0)) (:effects (:e_n_bot 0)))
(:rule (:conditions (:c_n_gt 0)) (:effects (:e_n_dec 0)))
(:rule (:conditions (:c_n_gt 0)) (:effects (:e_n_inc 0)))
)
Numer of sketch rules: 5
Number of selected features: 1
Maximum complexity of selected feature: 2
[40m[31mSketch cycles[0m
Instance: 1 p-2-0-1
15 (instance index=3, state index=15, atoms={at-robby(roomb), carry(ball1,right), carry(ball2,left)})
15 (instance index=3, state index=15, atoms={at-robby(roomb), carry(ball1,right), carry(ball2,left)})
Number of unsatisfied D2 facts: 47
Number of D2 facts: 76 of 729
2022-11-16 15:30:06 INFO     [40m[34mGrounding Logic Program...[0m
2022-11-16 15:30:06 INFO     [40m[34m..done[0m
2022-11-16 15:30:06 INFO     [40m[34mSolving Logic Program...[0m
2022-11-16 15:30:06 INFO     [40m[34m..done[0m
Clingo statistics:
Total time:  0.6161770820617676
CPU time:  0.7690390000000003
Solve time:  0.02049708366394043
2022-11-16 15:30:06 INFO     Learned the following sketch:
(:policy
(:boolean_features "b_empty(c_and(c_one_of(rooma),c_primitive(at-robby,0)))")
(:numerical_features "n_count(r_primitive(carry,0,1))")
(:rule (:conditions (:c_n_eq 0) (:c_b_neg 0)) (:effects (:e_n_inc 0) (:e_b_bot 0)))
(:rule (:conditions (:c_n_eq 0) (:c_b_pos 0)) (:effects (:e_n_bot 0) (:e_b_neg 0)))
(:rule (:conditions (:c_n_gt 0) (:c_b_neg 0)) (:effects (:e_n_bot 0) (:e_b_pos 0)))
(:rule (:conditions (:c_n_gt 0) (:c_b_pos 0)) (:effects (:e_n_dec 0) (:e_b_bot 0)))
)
Numer of sketch rules: 4
Number of selected features: 2
Maximum complexity of selected feature: 4
2022-11-16 15:30:06 INFO     [40m[34mVerifying learned sketch...[0m
2022-11-16 15:30:06 INFO     [40m[34m..done[0m
2022-11-16 15:30:06 INFO     [40m[33mIteration summary:[0m
DomainFeatureDataStatistics:
    num_dlplan_states: 27
    num_boolean_features: 49
    num_numerical_features: 315
StatePairEquivalenceStatistics:
    num_state_pairs: 70
    num_equivalences: 27
TupleGraphEquivalenceMinimizerStatistics:
    Number of input tuples: 144
    Number of output tuples: 62
[40m[31mSketch solves all instances![0m
2022-11-16 15:30:06 INFO     [40m[32mSummary:[0m
Boolean features:
b_empty(c_one_of(rooma))
b_empty(c_bot)
b_empty(c_primitive(free,0))
b_empty(r_primitive(at,0,1))
b_empty(r_primitive(carry,0,1))
b_empty(c_and(c_one_of(rooma),c_primitive(at-robby,0)))
b_empty(c_and(c_one_of(roomb),c_primitive(at-robby,0)))
b_empty(c_some(r_primitive(at,0,1),c_one_of(rooma)))
b_empty(c_some(r_primitive(at,0,1),c_one_of(roomb)))
b_empty(c_some(r_primitive(at,0,1),c_primitive(at-robby,0)))
b_empty(c_not(c_equal(r_primitive(at,0,1),r_primitive(at_g,0,1))))
b_empty(c_not(c_all(r_primitive(at,0,1),c_primitive(at-robby,0))))
b_empty(c_and(c_all(r_primitive(at,0,1),c_one_of(roomb)),c_primitive(ball,0)))
b_empty(c_and(c_all(r_primitive(at,0,1),c_primitive(at-robby,0)),c_primitive(ball,0)))
b_empty(c_some(r_primitive(at,0,1),c_and(c_one_of(rooma),c_primitive(at-robby,0))))
b_empty(c_and(c_all(r_inverse(r_primitive(at,0,1)),c_one_of(rooma)),c_one_of(rooma)))
b_empty(c_and(c_all(r_inverse(r_primitive(at,0,1)),c_one_of(rooma)),c_one_of(roomb)))
b_empty(c_and(c_all(r_inverse(r_primitive(at,0,1)),c_one_of(rooma)),c_primitive(room,0)))
b_empty(c_and(c_not(c_some(r_primitive(at,0,1),c_primitive(at-robby,0))),c_primitive(ball,0)))
b_empty(c_and(c_all(r_inverse(r_primitive(at,0,1)),c_one_of(rooma)),c_primitive(at-robby,0)))
b_empty(c_not(c_all(r_primitive(at,0,1),c_and(c_one_of(rooma),c_primitive(at-robby,0)))))
b_empty(c_some(r_inverse(r_primitive(carry,0,1)),c_some(r_primitive(at_g,0,1),c_primitive(at-robby,0))))
b_empty(c_and(c_all(r_primitive(at,0,1),c_and(c_one_of(rooma),c_primitive(at-robby,0))),c_primitive(ball,0)))
b_empty(c_and(c_all(r_restrict(r_primitive(at,0,1),c_primitive(at-robby,0)),c_one_of(roomb)),c_primitive(ball,0)))
b_empty(c_and(c_all(r_primitive(at,0,1),c_one_of(rooma)),c_some(r_primitive(at_g,0,1),c_primitive(at-robby,0))))
b_empty(c_and(c_all(r_primitive(at,0,1),c_one_of(roomb)),c_some(r_primitive(at_g,0,1),c_primitive(at-robby,0))))
b_empty(c_not(c_and(c_all(r_primitive(at_g,0,1),c_primitive(at-robby,0)),c_not(c_primitive(free,0)))))
b_empty(c_not(c_all(r_inverse(r_primitive(carry,0,1)),c_some(r_primitive(at_g,0,1),c_primitive(at-robby,0)))))
b_empty(c_and(c_and(c_all(r_inverse(r_primitive(at,0,1)),c_one_of(rooma)),c_primitive(at-robby,0)),c_one_of(rooma)))
b_empty(c_and(c_all(r_inverse(r_primitive(at,0,1)),c_some(r_primitive(at,0,1),c_primitive(at-robby,0))),c_one_of(rooma)))
b_empty(c_and(c_all(r_inverse(r_primitive(at,0,1)),c_some(r_primitive(at_g,0,1),c_primitive(at-robby,0))),c_one_of(rooma)))
b_empty(c_and(c_and(c_all(r_inverse(r_primitive(at,0,1)),c_one_of(rooma)),c_primitive(at-robby,0)),c_one_of(roomb)))
b_empty(c_and(c_all(r_inverse(r_primitive(at_g,0,1)),c_equal(r_primitive(at,0,1),r_primitive(at_g,0,1))),c_one_of(roomb)))
b_empty(c_and(c_all(r_inverse(r_primitive(at_g,0,1)),c_equal(r_primitive(carry,0,1),r_primitive(carry_g,0,1))),c_one_of(roomb)))
b_empty(c_and(c_all(r_inverse(r_primitive(at_g,0,1)),c_some(r_primitive(at,0,1),c_one_of(rooma))),c_one_of(roomb)))
b_empty(c_and(c_all(r_inverse(r_primitive(at_g,0,1)),c_some(r_primitive(at,0,1),c_primitive(at-robby,0))),c_one_of(roomb)))
b_empty(c_and(c_all(r_inverse(r_primitive(at_g,0,1)),c_some(r_primitive(carry,0,1),c_top)),c_one_of(roomb)))
b_empty(c_and(c_all(r_inverse(r_primitive(carry,0,1)),c_some(r_primitive(at_g,0,1),c_primitive(at-robby,0))),c_primitive(gripper,0)))
b_empty(c_and(c_all(r_inverse(r_primitive(at_g,0,1)),c_equal(r_primitive(at,0,1),r_primitive(at_g,0,1))),c_primitive(at-robby,0)))
b_empty(c_and(c_all(r_inverse(r_primitive(at_g,0,1)),c_equal(r_primitive(carry,0,1),r_primitive(carry_g,0,1))),c_primitive(at-robby,0)))
b_empty(c_and(c_all(r_inverse(r_primitive(at_g,0,1)),c_some(r_primitive(at,0,1),c_one_of(rooma))),c_primitive(at-robby,0)))
b_empty(c_and(c_all(r_inverse(r_primitive(at_g,0,1)),c_some(r_primitive(carry,0,1),c_top)),c_primitive(at-robby,0)))
b_empty(c_not(c_and(c_all(r_primitive(at,0,1),c_one_of(rooma)),c_all(r_primitive(at_g,0,1),c_primitive(at-robby,0)))))
b_empty(c_not(c_and(c_all(r_primitive(at,0,1),c_one_of(roomb)),c_all(r_primitive(at_g,0,1),c_primitive(at-robby,0)))))
b_empty(c_not(c_and(c_all(r_primitive(at,0,1),c_bot),c_all(r_primitive(at_g,0,1),c_primitive(at-robby,0)))))
b_empty(c_some(r_primitive(at,0,1),c_some(r_inverse(r_primitive(at_g,0,1)),c_some(r_primitive(at,0,1),c_one_of(rooma)))))
b_empty(c_some(r_primitive(at,0,1),c_some(r_inverse(r_primitive(at_g,0,1)),c_some(r_primitive(carry,0,1),c_top))))
b_empty(c_some(r_primitive(at,0,1),c_some(r_inverse(r_primitive(at_g,0,1)),c_all(r_primitive(at,0,1),c_one_of(rooma)))))
b_empty(c_some(r_primitive(at,0,1),c_all(r_inverse(r_primitive(at_g,0,1)),c_equal(r_primitive(at,0,1),r_primitive(at_g,0,1)))))
Numerical features:
n_count(c_one_of(rooma))
n_count(c_top)
n_count(c_bot)
n_count(c_primitive(room,0))
n_count(c_primitive(ball,0))
n_count(c_primitive(free,0))
n_count(r_primitive(at,0,1))
n_count(r_primitive(carry,0,1))
n_count(c_not(c_one_of(rooma)))
n_count(c_not(c_primitive(room,0)))
n_count(c_not(c_primitive(ball,0)))
n_count(c_not(c_primitive(free,0)))
n_count(c_and(c_one_of(rooma),c_primitive(at-robby,0)))
n_count(c_and(c_one_of(roomb),c_primitive(at-robby,0)))
n_count(c_equal(r_primitive(at,0,1),r_primitive(at_g,0,1)))
n_count(c_equal(r_primitive(carry,0,1),r_primitive(carry_g,0,1)))
n_count(c_some(r_primitive(at,0,1),c_one_of(rooma)))
n_count(c_some(r_primitive(at,0,1),c_one_of(roomb)))
n_count(c_some(r_primitive(at,0,1),c_primitive(at-robby,0)))
n_count(c_some(r_primitive(at_g,0,1),c_primitive(at-robby,0)))
n_count(c_all(r_primitive(at,0,1),c_one_of(rooma)))
n_count(c_all(r_primitive(at,0,1),c_one_of(roomb)))
n_count(c_all(r_primitive(at,0,1),c_bot))
n_count(c_all(r_primitive(at,0,1),c_primitive(at-robby,0)))
n_count(c_all(r_primitive(at_g,0,1),c_primitive(at-robby,0)))
n_concept_distance(c_one_of(rooma),r_primitive(at,0,1),c_one_of(roomb))
n_concept_distance(c_one_of(rooma),r_primitive(at,0,1),c_primitive(at-robby,0))
n_concept_distance(c_one_of(roomb),r_primitive(at,0,1),c_primitive(at-robby,0))
n_count(c_not(c_and(c_one_of(rooma),c_primitive(at-robby,0))))
n_count(c_not(c_and(c_one_of(roomb),c_primitive(at-robby,0))))
n_count(c_not(c_equal(r_primitive(at,0,1),r_primitive(at_g,0,1))))
n_count(c_not(c_some(r_primitive(at,0,1),c_primitive(at-robby,0))))
n_count(c_not(c_some(r_primitive(at_g,0,1),c_primitive(at-robby,0))))
n_count(c_not(c_all(r_primitive(at,0,1),c_primitive(at-robby,0))))
n_count(c_not(c_all(r_primitive(at_g,0,1),c_primitive(at-robby,0))))
n_count(c_some(r_inverse(r_primitive(at,0,1)),c_top))
n_count(c_all(r_inverse(r_primitive(at,0,1)),c_one_of(rooma)))
n_count(c_and(c_all(r_primitive(at,0,1),c_one_of(roomb)),c_primitive(ball,0)))
n_count(c_and(c_all(r_primitive(at,0,1),c_primitive(at-robby,0)),c_primitive(ball,0)))
n_count(c_and(c_not(c_one_of(rooma)),c_not(c_primitive(ball,0))))
n_count(c_and(c_not(c_one_of(rooma)),c_not(c_primitive(gripper,0))))
n_count(c_and(c_not(c_one_of(rooma)),c_not(c_primitive(at-robby,0))))
n_count(c_and(c_not(c_one_of(rooma)),c_not(c_primitive(free,0))))
n_count(c_and(c_not(c_one_of(roomb)),c_not(c_primitive(at-robby,0))))
n_count(c_and(c_not(c_primitive(free,0)),c_not(c_primitive(room,0))))
n_count(c_and(c_not(c_primitive(ball,0)),c_not(c_primitive(free,0))))
n_count(c_some(r_primitive(at,0,1),c_and(c_one_of(rooma),c_primitive(at-robby,0))))
n_count(c_all(r_primitive(at,0,1),c_and(c_one_of(rooma),c_primitive(at-robby,0))))
n_count(c_all(r_restrict(r_primitive(at,0,1),c_primitive(at-robby,0)),c_one_of(roomb)))
n_count(c_and(c_one_of(rooma),c_some(r_inverse(r_primitive(at,0,1)),c_top)))
n_count(c_and(c_all(r_inverse(r_primitive(at,0,1)),c_one_of(rooma)),c_one_of(rooma)))
n_count(c_and(c_all(r_inverse(r_primitive(at,0,1)),c_one_of(rooma)),c_one_of(roomb)))
n_count(c_and(c_not(c_and(c_one_of(rooma),c_primitive(at-robby,0))),c_primitive(room,0)))
n_count(c_and(c_not(c_and(c_one_of(roomb),c_primitive(at-robby,0))),c_primitive(room,0)))
n_count(c_and(c_all(r_inverse(r_primitive(at,0,1)),c_one_of(rooma)),c_primitive(room,0)))
n_count(c_and(c_not(c_some(r_primitive(at,0,1),c_primitive(at-robby,0))),c_primitive(ball,0)))
n_count(c_and(c_primitive(at-robby,0),c_some(r_inverse(r_primitive(at,0,1)),c_top)))
n_count(c_and(c_all(r_inverse(r_primitive(at,0,1)),c_one_of(rooma)),c_primitive(at-robby,0)))
n_count(c_and(c_equal(r_primitive(at,0,1),r_primitive(at_g,0,1)),c_not(c_one_of(rooma))))
n_count(c_and(c_equal(r_primitive(carry,0,1),r_primitive(carry_g,0,1)),c_not(c_one_of(rooma))))
n_count(c_and(c_all(r_primitive(at,0,1),c_one_of(rooma)),c_not(c_one_of(rooma))))
n_count(c_and(c_all(r_primitive(at,0,1),c_one_of(roomb)),c_not(c_one_of(rooma))))
n_count(c_and(c_all(r_primitive(at,0,1),c_bot),c_not(c_one_of(rooma))))
n_count(c_and(c_all(r_primitive(at,0,1),c_primitive(at-robby,0)),c_not(c_one_of(rooma))))
n_count(c_and(c_all(r_primitive(at_g,0,1),c_primitive(at-robby,0)),c_not(c_one_of(rooma))))
n_count(c_and(c_equal(r_primitive(at,0,1),r_primitive(at_g,0,1)),c_not(c_primitive(room,0))))
n_count(c_and(c_equal(r_primitive(carry,0,1),r_primitive(carry_g,0,1)),c_not(c_primitive(room,0))))
n_count(c_and(c_all(r_primitive(at,0,1),c_one_of(rooma)),c_not(c_primitive(room,0))))
n_count(c_and(c_all(r_primitive(at,0,1),c_one_of(roomb)),c_not(c_primitive(room,0))))
n_count(c_and(c_all(r_primitive(at,0,1),c_primitive(at-robby,0)),c_not(c_primitive(room,0))))
n_count(c_and(c_all(r_primitive(at_g,0,1),c_primitive(at-robby,0)),c_not(c_primitive(room,0))))
n_count(c_and(c_all(r_primitive(at,0,1),c_one_of(rooma)),c_not(c_primitive(free,0))))
n_count(c_and(c_all(r_primitive(at,0,1),c_one_of(roomb)),c_not(c_primitive(free,0))))
n_count(c_and(c_all(r_primitive(at,0,1),c_bot),c_not(c_primitive(free,0))))
n_count(c_and(c_all(r_primitive(at,0,1),c_primitive(at-robby,0)),c_not(c_primitive(free,0))))
n_count(c_and(c_all(r_primitive(at_g,0,1),c_primitive(at-robby,0)),c_not(c_primitive(free,0))))
n_count(c_not(c_and(c_all(r_primitive(at,0,1),c_one_of(roomb)),c_primitive(ball,0))))
n_count(c_not(c_and(c_all(r_primitive(at,0,1),c_primitive(at-robby,0)),c_primitive(ball,0))))
n_count(c_not(c_and(c_not(c_one_of(rooma)),c_not(c_primitive(free,0)))))
n_count(c_not(c_and(c_not(c_primitive(free,0)),c_not(c_primitive(room,0)))))
n_count(c_not(c_all(r_primitive(at,0,1),c_and(c_one_of(rooma),c_primitive(at-robby,0)))))
n_count(c_some(r_primitive(at_g,0,1),c_some(r_inverse(r_primitive(at,0,1)),c_top)))
n_count(c_some(r_primitive(at_g,0,1),c_all(r_inverse(r_primitive(at,0,1)),c_one_of(rooma))))
n_count(c_some(r_inverse(r_primitive(at,0,1)),c_some(r_primitive(at_g,0,1),c_primitive(at-robby,0))))
n_count(c_some(r_inverse(r_primitive(at_g,0,1)),c_equal(r_primitive(carry,0,1),r_primitive(carry_g,0,1))))
n_count(c_some(r_inverse(r_primitive(at_g,0,1)),c_some(r_primitive(carry,0,1),c_top)))
n_count(c_some(r_inverse(r_primitive(at_g,0,1)),c_all(r_primitive(at,0,1),c_one_of(rooma))))
n_count(c_some(r_inverse(r_primitive(at_g,0,1)),c_all(r_primitive(at,0,1),c_one_of(roomb))))
n_count(c_some(r_inverse(r_primitive(at_g,0,1)),c_all(r_primitive(at,0,1),c_primitive(at-robby,0))))
n_count(c_some(r_inverse(r_primitive(carry,0,1)),c_some(r_primitive(at_g,0,1),c_primitive(at-robby,0))))
n_count(c_all(r_primitive(at_g,0,1),c_some(r_inverse(r_primitive(at,0,1)),c_top)))
n_count(c_all(r_primitive(at_g,0,1),c_all(r_inverse(r_primitive(at,0,1)),c_one_of(rooma))))
n_count(c_all(r_inverse(r_primitive(at,0,1)),c_equal(r_primitive(at,0,1),r_primitive(at_g,0,1))))
n_count(c_all(r_inverse(r_primitive(at,0,1)),c_some(r_primitive(at,0,1),c_primitive(at-robby,0))))
n_count(c_all(r_inverse(r_primitive(at,0,1)),c_some(r_primitive(at_g,0,1),c_primitive(at-robby,0))))
n_count(c_all(r_inverse(r_primitive(at_g,0,1)),c_equal(r_primitive(at,0,1),r_primitive(at_g,0,1))))
n_count(c_all(r_inverse(r_primitive(at_g,0,1)),c_equal(r_primitive(carry,0,1),r_primitive(carry_g,0,1))))
n_count(c_all(r_inverse(r_primitive(at_g,0,1)),c_some(r_primitive(at,0,1),c_one_of(rooma))))
n_count(c_all(r_inverse(r_primitive(at_g,0,1)),c_some(r_primitive(at,0,1),c_primitive(at-robby,0))))
n_count(c_all(r_inverse(r_primitive(at_g,0,1)),c_some(r_primitive(carry,0,1),c_top)))
n_count(c_all(r_inverse(r_primitive(carry,0,1)),c_some(r_primitive(at_g,0,1),c_primitive(at-robby,0))))
n_count(c_all(r_inverse(r_restrict(r_primitive(at,0,1),c_primitive(at-robby,0))),c_one_of(rooma)))
n_concept_distance(c_one_of(rooma),r_primitive(at,0,1),c_some(r_inverse(r_primitive(at,0,1)),c_top))
n_concept_distance(c_one_of(rooma),r_primitive(at,0,1),c_all(r_inverse(r_primitive(at,0,1)),c_one_of(rooma)))
n_concept_distance(c_one_of(roomb),r_primitive(at,0,1),c_some(r_inverse(r_primitive(at,0,1)),c_top))
n_concept_distance(c_one_of(roomb),r_primitive(at,0,1),c_all(r_inverse(r_primitive(at,0,1)),c_one_of(rooma)))
n_concept_distance(c_primitive(at-robby,0),r_primitive(at,0,1),c_some(r_inverse(r_primitive(at,0,1)),c_top))
n_concept_distance(c_primitive(at-robby,0),r_primitive(at,0,1),c_all(r_inverse(r_primitive(at,0,1)),c_one_of(rooma)))
n_count(c_and(c_all(r_primitive(at,0,1),c_and(c_one_of(rooma),c_primitive(at-robby,0))),c_primitive(ball,0)))
n_count(c_and(c_all(r_restrict(r_primitive(at,0,1),c_primitive(at-robby,0)),c_one_of(roomb)),c_primitive(ball,0)))
n_count(c_and(c_not(c_one_of(rooma)),c_not(c_some(r_primitive(at,0,1),c_primitive(at-robby,0)))))
n_count(c_and(c_not(c_one_of(rooma)),c_not(c_some(r_primitive(at_g,0,1),c_primitive(at-robby,0)))))
n_count(c_and(c_all(r_inverse(r_primitive(at,0,1)),c_one_of(rooma)),c_not(c_one_of(roomb))))
n_count(c_and(c_not(c_primitive(room,0)),c_not(c_some(r_primitive(at,0,1),c_primitive(at-robby,0)))))
n_count(c_and(c_not(c_primitive(room,0)),c_not(c_some(r_primitive(at_g,0,1),c_primitive(at-robby,0)))))
n_count(c_and(c_not(c_and(c_one_of(rooma),c_primitive(at-robby,0))),c_not(c_primitive(ball,0))))
n_count(c_and(c_not(c_and(c_one_of(roomb),c_primitive(at-robby,0))),c_not(c_primitive(ball,0))))
n_count(c_and(c_all(r_inverse(r_primitive(at,0,1)),c_one_of(rooma)),c_not(c_primitive(ball,0))))
n_count(c_and(c_not(c_and(c_one_of(rooma),c_primitive(at-robby,0))),c_not(c_primitive(gripper,0))))
n_count(c_and(c_not(c_and(c_one_of(roomb),c_primitive(at-robby,0))),c_not(c_primitive(gripper,0))))
n_count(c_and(c_all(r_inverse(r_primitive(at,0,1)),c_one_of(rooma)),c_not(c_primitive(gripper,0))))
n_count(c_and(c_not(c_primitive(at-robby,0)),c_some(r_inverse(r_primitive(at,0,1)),c_top)))
n_count(c_and(c_all(r_inverse(r_primitive(at,0,1)),c_one_of(rooma)),c_not(c_primitive(at-robby,0))))
n_count(c_and(c_not(c_and(c_one_of(rooma),c_primitive(at-robby,0))),c_not(c_primitive(free,0))))
n_count(c_and(c_not(c_and(c_one_of(roomb),c_primitive(at-robby,0))),c_not(c_primitive(free,0))))
n_count(c_and(c_not(c_primitive(free,0)),c_not(c_some(r_primitive(at,0,1),c_primitive(at-robby,0)))))
n_count(c_and(c_not(c_primitive(free,0)),c_not(c_some(r_primitive(at_g,0,1),c_primitive(at-robby,0)))))
n_count(c_and(c_all(r_inverse(r_primitive(at,0,1)),c_one_of(rooma)),c_not(c_primitive(free,0))))
n_count(c_and(c_all(r_primitive(at,0,1),c_primitive(at-robby,0)),c_equal(r_primitive(carry,0,1),r_primitive(carry_g,0,1))))
n_count(c_and(c_all(r_primitive(at_g,0,1),c_primitive(at-robby,0)),c_equal(r_primitive(carry,0,1),r_primitive(carry_g,0,1))))
n_count(c_and(c_all(r_primitive(at,0,1),c_one_of(rooma)),c_some(r_primitive(at_g,0,1),c_primitive(at-robby,0))))
n_count(c_and(c_all(r_primitive(at,0,1),c_one_of(roomb)),c_some(r_primitive(at_g,0,1),c_primitive(at-robby,0))))
n_count(c_and(c_all(r_primitive(at,0,1),c_one_of(rooma)),c_all(r_primitive(at_g,0,1),c_primitive(at-robby,0))))
n_count(c_and(c_all(r_primitive(at,0,1),c_one_of(roomb)),c_all(r_primitive(at_g,0,1),c_primitive(at-robby,0))))
n_count(c_and(c_all(r_primitive(at,0,1),c_bot),c_all(r_primitive(at_g,0,1),c_primitive(at-robby,0))))
n_count(c_not(c_and(c_all(r_inverse(r_primitive(at,0,1)),c_one_of(rooma)),c_one_of(rooma))))
n_count(c_not(c_and(c_all(r_inverse(r_primitive(at,0,1)),c_one_of(rooma)),c_one_of(roomb))))
n_count(c_not(c_and(c_all(r_inverse(r_primitive(at,0,1)),c_one_of(rooma)),c_primitive(room,0))))
n_count(c_not(c_and(c_all(r_inverse(r_primitive(at,0,1)),c_one_of(rooma)),c_primitive(at-robby,0))))
n_count(c_not(c_and(c_equal(r_primitive(at,0,1),r_primitive(at_g,0,1)),c_not(c_one_of(rooma)))))
n_count(c_not(c_and(c_equal(r_primitive(carry,0,1),r_primitive(carry_g,0,1)),c_not(c_one_of(rooma)))))
n_count(c_not(c_and(c_all(r_primitive(at,0,1),c_one_of(rooma)),c_not(c_one_of(rooma)))))
n_count(c_not(c_and(c_all(r_primitive(at,0,1),c_one_of(roomb)),c_not(c_one_of(rooma)))))
n_count(c_not(c_and(c_all(r_primitive(at,0,1),c_bot),c_not(c_one_of(rooma)))))
n_count(c_not(c_and(c_all(r_primitive(at,0,1),c_primitive(at-robby,0)),c_not(c_one_of(rooma)))))
n_count(c_not(c_and(c_all(r_primitive(at_g,0,1),c_primitive(at-robby,0)),c_not(c_one_of(rooma)))))
n_count(c_not(c_and(c_all(r_primitive(at,0,1),c_one_of(roomb)),c_not(c_primitive(room,0)))))
n_count(c_not(c_and(c_all(r_primitive(at,0,1),c_primitive(at-robby,0)),c_not(c_primitive(room,0)))))
n_count(c_not(c_and(c_all(r_primitive(at,0,1),c_one_of(rooma)),c_not(c_primitive(free,0)))))
n_count(c_not(c_and(c_all(r_primitive(at,0,1),c_one_of(roomb)),c_not(c_primitive(free,0)))))
n_count(c_not(c_and(c_all(r_primitive(at,0,1),c_bot),c_not(c_primitive(free,0)))))
n_count(c_not(c_and(c_all(r_primitive(at,0,1),c_primitive(at-robby,0)),c_not(c_primitive(free,0)))))
n_count(c_not(c_and(c_all(r_primitive(at_g,0,1),c_primitive(at-robby,0)),c_not(c_primitive(free,0)))))
n_count(c_not(c_some(r_inverse(r_primitive(at,0,1)),c_some(r_primitive(at_g,0,1),c_primitive(at-robby,0)))))
n_count(c_not(c_some(r_inverse(r_primitive(at_g,0,1)),c_all(r_primitive(at,0,1),c_primitive(at-robby,0)))))
n_count(c_not(c_some(r_inverse(r_primitive(carry,0,1)),c_some(r_primitive(at_g,0,1),c_primitive(at-robby,0)))))
n_count(c_not(c_all(r_inverse(r_primitive(at,0,1)),c_some(r_primitive(at_g,0,1),c_primitive(at-robby,0)))))
n_count(c_not(c_all(r_inverse(r_primitive(at_g,0,1)),c_some(r_primitive(at,0,1),c_primitive(at-robby,0)))))
n_count(c_not(c_all(r_inverse(r_primitive(carry,0,1)),c_some(r_primitive(at_g,0,1),c_primitive(at-robby,0)))))
n_count(c_and(c_and(c_all(r_inverse(r_primitive(at,0,1)),c_one_of(rooma)),c_primitive(at-robby,0)),c_one_of(rooma)))
n_count(c_and(c_all(r_inverse(r_primitive(at,0,1)),c_some(r_primitive(at,0,1),c_primitive(at-robby,0))),c_one_of(rooma)))
n_count(c_and(c_all(r_inverse(r_primitive(at,0,1)),c_some(r_primitive(at_g,0,1),c_primitive(at-robby,0))),c_one_of(rooma)))
n_count(c_and(c_and(c_all(r_inverse(r_primitive(at,0,1)),c_one_of(rooma)),c_primitive(at-robby,0)),c_one_of(roomb)))
n_count(c_and(c_all(r_inverse(r_primitive(at_g,0,1)),c_equal(r_primitive(at,0,1),r_primitive(at_g,0,1))),c_one_of(roomb)))
n_count(c_and(c_all(r_inverse(r_primitive(at_g,0,1)),c_equal(r_primitive(carry,0,1),r_primitive(carry_g,0,1))),c_one_of(roomb)))
n_count(c_and(c_all(r_inverse(r_primitive(at_g,0,1)),c_some(r_primitive(at,0,1),c_one_of(rooma))),c_one_of(roomb)))
n_count(c_and(c_all(r_inverse(r_primitive(at_g,0,1)),c_some(r_primitive(at,0,1),c_primitive(at-robby,0))),c_one_of(roomb)))
n_count(c_and(c_all(r_inverse(r_primitive(at_g,0,1)),c_some(r_primitive(carry,0,1),c_top)),c_one_of(roomb)))
n_count(c_and(c_all(r_inverse(r_primitive(at,0,1)),c_equal(r_primitive(at,0,1),r_primitive(at_g,0,1))),c_primitive(room,0)))
n_count(c_and(c_all(r_inverse(r_primitive(at,0,1)),c_some(r_primitive(at,0,1),c_one_of(rooma))),c_primitive(room,0)))
n_count(c_and(c_all(r_inverse(r_primitive(at,0,1)),c_some(r_primitive(at,0,1),c_primitive(at-robby,0))),c_primitive(room,0)))
n_count(c_and(c_all(r_inverse(r_primitive(at,0,1)),c_some(r_primitive(at_g,0,1),c_primitive(at-robby,0))),c_primitive(room,0)))
n_count(c_and(c_all(r_inverse(r_primitive(at_g,0,1)),c_equal(r_primitive(at,0,1),r_primitive(at_g,0,1))),c_primitive(room,0)))
n_count(c_and(c_all(r_inverse(r_primitive(at_g,0,1)),c_equal(r_primitive(carry,0,1),r_primitive(carry_g,0,1))),c_primitive(room,0)))
n_count(c_and(c_all(r_inverse(r_primitive(at_g,0,1)),c_some(r_primitive(at,0,1),c_one_of(rooma))),c_primitive(room,0)))
n_count(c_and(c_all(r_inverse(r_primitive(at_g,0,1)),c_some(r_primitive(at,0,1),c_primitive(at-robby,0))),c_primitive(room,0)))
n_count(c_and(c_all(r_inverse(r_primitive(at_g,0,1)),c_some(r_primitive(carry,0,1),c_top)),c_primitive(room,0)))
n_count(c_and(c_all(r_inverse(r_restrict(r_primitive(at,0,1),c_primitive(at-robby,0))),c_one_of(rooma)),c_primitive(room,0)))
n_count(c_and(c_all(r_inverse(r_primitive(carry,0,1)),c_some(r_primitive(at_g,0,1),c_primitive(at-robby,0))),c_primitive(gripper,0)))
n_count(c_and(c_primitive(at-robby,0),c_some(r_inverse(r_primitive(at_g,0,1)),c_equal(r_primitive(carry,0,1),r_primitive(carry_g,0,1)))))
n_count(c_and(c_primitive(at-robby,0),c_some(r_inverse(r_primitive(at_g,0,1)),c_some(r_primitive(carry,0,1),c_top))))
n_count(c_and(c_primitive(at-robby,0),c_some(r_inverse(r_primitive(at_g,0,1)),c_all(r_primitive(at,0,1),c_one_of(rooma)))))
n_count(c_and(c_primitive(at-robby,0),c_some(r_inverse(r_primitive(at_g,0,1)),c_all(r_primitive(at,0,1),c_one_of(roomb)))))
n_count(c_and(c_all(r_inverse(r_primitive(at_g,0,1)),c_equal(r_primitive(at,0,1),r_primitive(at_g,0,1))),c_primitive(at-robby,0)))
n_count(c_and(c_all(r_inverse(r_primitive(at_g,0,1)),c_equal(r_primitive(carry,0,1),r_primitive(carry_g,0,1))),c_primitive(at-robby,0)))
n_count(c_and(c_all(r_inverse(r_primitive(at_g,0,1)),c_some(r_primitive(at,0,1),c_one_of(rooma))),c_primitive(at-robby,0)))
n_count(c_and(c_all(r_inverse(r_primitive(at_g,0,1)),c_some(r_primitive(carry,0,1),c_top)),c_primitive(at-robby,0)))
n_count(c_and(c_and(c_not(c_primitive(at-robby,0)),c_not(c_primitive(ball,0))),c_not(c_one_of(rooma))))
n_count(c_and(c_and(c_not(c_primitive(at-robby,0)),c_not(c_primitive(gripper,0))),c_not(c_one_of(rooma))))
n_count(c_and(c_and(c_not(c_primitive(at-robby,0)),c_not(c_primitive(free,0))),c_not(c_one_of(rooma))))
n_count(c_and(c_all(r_primitive(at,0,1),c_and(c_one_of(rooma),c_primitive(at-robby,0))),c_not(c_one_of(rooma))))
n_count(c_and(c_all(r_restrict(r_primitive(at,0,1),c_primitive(at-robby,0)),c_one_of(roomb)),c_not(c_one_of(rooma))))
n_count(c_and(c_and(c_not(c_primitive(at-robby,0)),c_not(c_primitive(ball,0))),c_not(c_one_of(roomb))))
n_count(c_and(c_and(c_not(c_primitive(at-robby,0)),c_not(c_primitive(gripper,0))),c_not(c_one_of(roomb))))
n_count(c_and(c_and(c_not(c_primitive(at-robby,0)),c_not(c_primitive(free,0))),c_not(c_one_of(roomb))))
n_count(c_and(c_all(r_primitive(at,0,1),c_and(c_one_of(rooma),c_primitive(at-robby,0))),c_not(c_primitive(room,0))))
n_count(c_and(c_all(r_restrict(r_primitive(at,0,1),c_primitive(at-robby,0)),c_one_of(roomb)),c_not(c_primitive(room,0))))
n_count(c_and(c_all(r_primitive(at,0,1),c_and(c_one_of(rooma),c_primitive(at-robby,0))),c_not(c_primitive(free,0))))
n_count(c_and(c_all(r_restrict(r_primitive(at,0,1),c_primitive(at-robby,0)),c_one_of(roomb)),c_not(c_primitive(free,0))))
n_count(c_and(c_equal(r_primitive(at,0,1),r_primitive(at_g,0,1)),c_not(c_and(c_one_of(rooma),c_primitive(at-robby,0)))))
n_count(c_and(c_equal(r_primitive(at,0,1),r_primitive(at_g,0,1)),c_not(c_and(c_one_of(roomb),c_primitive(at-robby,0)))))
n_count(c_and(c_all(r_inverse(r_primitive(at,0,1)),c_one_of(rooma)),c_equal(r_primitive(at,0,1),r_primitive(at_g,0,1))))
n_count(c_and(c_all(r_inverse(r_primitive(carry,0,1)),c_one_of(rooma)),c_equal(r_primitive(at,0,1),r_primitive(at_g,0,1))))
n_count(c_and(c_equal(r_primitive(carry,0,1),r_primitive(carry_g,0,1)),c_not(c_and(c_one_of(rooma),c_primitive(at-robby,0)))))
n_count(c_and(c_equal(r_primitive(carry,0,1),r_primitive(carry_g,0,1)),c_not(c_and(c_one_of(roomb),c_primitive(at-robby,0)))))
n_count(c_and(c_equal(r_primitive(carry,0,1),r_primitive(carry_g,0,1)),c_not(c_some(r_primitive(at_g,0,1),c_primitive(at-robby,0)))))
n_count(c_and(c_all(r_inverse(r_primitive(at,0,1)),c_one_of(rooma)),c_equal(r_primitive(carry,0,1),r_primitive(carry_g,0,1))))
n_count(c_and(c_all(r_inverse(r_primitive(carry,0,1)),c_one_of(rooma)),c_equal(r_primitive(carry,0,1),r_primitive(carry_g,0,1))))
n_count(c_and(c_all(r_primitive(at,0,1),c_one_of(rooma)),c_not(c_and(c_one_of(rooma),c_primitive(at-robby,0)))))
n_count(c_and(c_all(r_primitive(at,0,1),c_one_of(rooma)),c_not(c_and(c_one_of(roomb),c_primitive(at-robby,0)))))
n_count(c_and(c_all(r_inverse(r_primitive(at,0,1)),c_one_of(rooma)),c_all(r_primitive(at,0,1),c_one_of(rooma))))
n_count(c_and(c_all(r_primitive(at,0,1),c_one_of(roomb)),c_not(c_and(c_one_of(rooma),c_primitive(at-robby,0)))))
n_count(c_and(c_all(r_primitive(at,0,1),c_one_of(roomb)),c_not(c_and(c_one_of(roomb),c_primitive(at-robby,0)))))
n_count(c_and(c_all(r_primitive(at,0,1),c_one_of(roomb)),c_not(c_some(r_primitive(at_g,0,1),c_primitive(at-robby,0)))))
n_count(c_and(c_all(r_inverse(r_primitive(at,0,1)),c_one_of(rooma)),c_all(r_primitive(at,0,1),c_one_of(roomb))))
n_count(c_and(c_all(r_primitive(at,0,1),c_bot),c_not(c_and(c_one_of(rooma),c_primitive(at-robby,0)))))
n_count(c_and(c_all(r_primitive(at,0,1),c_bot),c_not(c_and(c_one_of(roomb),c_primitive(at-robby,0)))))
n_count(c_and(c_all(r_inverse(r_primitive(at,0,1)),c_one_of(rooma)),c_all(r_primitive(at,0,1),c_bot)))
n_count(c_and(c_all(r_primitive(at,0,1),c_primitive(at-robby,0)),c_not(c_and(c_one_of(rooma),c_primitive(at-robby,0)))))
n_count(c_and(c_all(r_primitive(at,0,1),c_primitive(at-robby,0)),c_not(c_and(c_one_of(roomb),c_primitive(at-robby,0)))))
n_count(c_and(c_all(r_inverse(r_primitive(at,0,1)),c_one_of(rooma)),c_all(r_primitive(at,0,1),c_primitive(at-robby,0))))
n_count(c_and(c_all(r_primitive(at_g,0,1),c_primitive(at-robby,0)),c_not(c_and(c_one_of(rooma),c_primitive(at-robby,0)))))
n_count(c_and(c_all(r_primitive(at_g,0,1),c_primitive(at-robby,0)),c_not(c_and(c_one_of(roomb),c_primitive(at-robby,0)))))
n_count(c_and(c_all(r_inverse(r_primitive(at,0,1)),c_one_of(rooma)),c_all(r_primitive(at_g,0,1),c_primitive(at-robby,0))))
n_count(c_and(c_all(r_inverse(r_primitive(carry,0,1)),c_one_of(rooma)),c_all(r_primitive(at_g,0,1),c_primitive(at-robby,0))))
n_count(c_not(c_and(c_not(c_one_of(rooma)),c_not(c_some(r_primitive(at,0,1),c_primitive(at-robby,0))))))
n_count(c_not(c_and(c_not(c_one_of(rooma)),c_not(c_some(r_primitive(at_g,0,1),c_primitive(at-robby,0))))))
n_count(c_not(c_and(c_all(r_inverse(r_primitive(at,0,1)),c_one_of(rooma)),c_not(c_one_of(roomb)))))
n_count(c_not(c_and(c_not(c_primitive(room,0)),c_not(c_some(r_primitive(at,0,1),c_primitive(at-robby,0))))))
n_count(c_not(c_and(c_all(r_inverse(r_primitive(at,0,1)),c_one_of(rooma)),c_not(c_primitive(ball,0)))))
n_count(c_not(c_and(c_all(r_inverse(r_primitive(at,0,1)),c_one_of(rooma)),c_not(c_primitive(gripper,0)))))
n_count(c_not(c_and(c_all(r_inverse(r_primitive(at,0,1)),c_one_of(rooma)),c_not(c_primitive(at-robby,0)))))
n_count(c_not(c_and(c_not(c_and(c_one_of(rooma),c_primitive(at-robby,0))),c_not(c_primitive(free,0)))))
n_count(c_not(c_and(c_not(c_and(c_one_of(roomb),c_primitive(at-robby,0))),c_not(c_primitive(free,0)))))
n_count(c_not(c_and(c_not(c_primitive(free,0)),c_not(c_some(r_primitive(at,0,1),c_primitive(at-robby,0))))))
n_count(c_not(c_and(c_not(c_primitive(free,0)),c_not(c_some(r_primitive(at_g,0,1),c_primitive(at-robby,0))))))
n_count(c_not(c_and(c_all(r_inverse(r_primitive(at,0,1)),c_one_of(rooma)),c_not(c_primitive(free,0)))))
n_count(c_not(c_and(c_all(r_primitive(at,0,1),c_one_of(rooma)),c_some(r_primitive(at_g,0,1),c_primitive(at-robby,0)))))
n_count(c_not(c_and(c_all(r_primitive(at,0,1),c_one_of(roomb)),c_some(r_primitive(at_g,0,1),c_primitive(at-robby,0)))))
n_count(c_not(c_and(c_all(r_primitive(at,0,1),c_one_of(rooma)),c_all(r_primitive(at_g,0,1),c_primitive(at-robby,0)))))
n_count(c_not(c_and(c_all(r_primitive(at,0,1),c_one_of(roomb)),c_all(r_primitive(at_g,0,1),c_primitive(at-robby,0)))))
n_count(c_not(c_and(c_all(r_primitive(at,0,1),c_bot),c_all(r_primitive(at_g,0,1),c_primitive(at-robby,0)))))
n_count(c_some(r_primitive(at,0,1),c_some(r_inverse(r_primitive(at_g,0,1)),c_some(r_primitive(at,0,1),c_one_of(rooma)))))
n_count(c_some(r_primitive(at,0,1),c_some(r_inverse(r_primitive(at_g,0,1)),c_some(r_primitive(carry,0,1),c_top))))
n_count(c_some(r_primitive(at,0,1),c_some(r_inverse(r_primitive(at_g,0,1)),c_all(r_primitive(at,0,1),c_one_of(rooma)))))
n_count(c_some(r_primitive(at,0,1),c_all(r_inverse(r_primitive(at_g,0,1)),c_equal(r_primitive(at,0,1),r_primitive(at_g,0,1)))))
n_count(c_some(r_primitive(at,0,1),c_all(r_inverse(r_primitive(at_g,0,1)),c_equal(r_primitive(carry,0,1),r_primitive(carry_g,0,1)))))
n_count(c_some(r_primitive(at,0,1),c_all(r_inverse(r_primitive(at_g,0,1)),c_all(r_primitive(at,0,1),c_one_of(roomb)))))
n_count(c_some(r_primitive(at_g,0,1),c_and(c_all(r_inverse(r_primitive(at,0,1)),c_one_of(rooma)),c_primitive(at-robby,0))))
n_count(c_some(r_primitive(at_g,0,1),c_some(r_inverse(r_primitive(at_g,0,1)),c_equal(r_primitive(carry,0,1),r_primitive(carry_g,0,1)))))
n_count(c_some(r_primitive(at_g,0,1),c_some(r_inverse(r_primitive(at_g,0,1)),c_some(r_primitive(at,0,1),c_one_of(rooma)))))
n_count(c_some(r_primitive(at_g,0,1),c_some(r_inverse(r_primitive(at_g,0,1)),c_some(r_primitive(at,0,1),c_primitive(at-robby,0)))))
n_count(c_some(r_primitive(at_g,0,1),c_some(r_inverse(r_primitive(at_g,0,1)),c_some(r_primitive(carry,0,1),c_top))))
n_count(c_some(r_primitive(at_g,0,1),c_some(r_inverse(r_primitive(at_g,0,1)),c_all(r_primitive(at,0,1),c_one_of(rooma)))))
n_count(c_some(r_primitive(at_g,0,1),c_some(r_inverse(r_primitive(at_g,0,1)),c_all(r_primitive(at,0,1),c_one_of(roomb)))))
n_count(c_some(r_primitive(at_g,0,1),c_some(r_inverse(r_primitive(at_g,0,1)),c_all(r_primitive(at,0,1),c_primitive(at-robby,0)))))
n_count(c_some(r_primitive(at_g,0,1),c_all(r_inverse(r_primitive(at_g,0,1)),c_equal(r_primitive(carry,0,1),r_primitive(carry_g,0,1)))))
n_count(c_some(r_primitive(at_g,0,1),c_all(r_inverse(r_primitive(at_g,0,1)),c_some(r_primitive(at,0,1),c_one_of(rooma)))))
n_count(c_some(r_primitive(at_g,0,1),c_all(r_inverse(r_primitive(at_g,0,1)),c_some(r_primitive(at,0,1),c_primitive(at-robby,0)))))
n_count(c_some(r_primitive(at_g,0,1),c_all(r_inverse(r_primitive(at_g,0,1)),c_some(r_primitive(carry,0,1),c_top))))
n_count(c_some(r_primitive(at_g,0,1),c_all(r_inverse(r_primitive(at_g,0,1)),c_all(r_primitive(at,0,1),c_one_of(roomb)))))
n_count(c_some(r_primitive(at_g,0,1),c_all(r_inverse(r_primitive(at_g,0,1)),c_all(r_primitive(at,0,1),c_primitive(at-robby,0)))))
n_count(c_some(r_inverse(r_primitive(at_g,0,1)),c_all(r_primitive(at,0,1),c_and(c_one_of(rooma),c_primitive(at-robby,0)))))
n_count(c_some(r_inverse(r_primitive(at_g,0,1)),c_all(r_restrict(r_primitive(at,0,1),c_primitive(at-robby,0)),c_one_of(roomb))))
n_count(c_all(r_primitive(at,0,1),c_some(r_inverse(r_primitive(at_g,0,1)),c_some(r_primitive(at,0,1),c_one_of(rooma)))))
n_count(c_all(r_primitive(at,0,1),c_some(r_inverse(r_primitive(at_g,0,1)),c_some(r_primitive(carry,0,1),c_top))))
n_count(c_all(r_primitive(at,0,1),c_some(r_inverse(r_primitive(at_g,0,1)),c_all(r_primitive(at,0,1),c_one_of(rooma)))))
n_count(c_all(r_primitive(at,0,1),c_all(r_inverse(r_primitive(at_g,0,1)),c_equal(r_primitive(at,0,1),r_primitive(at_g,0,1)))))
n_count(c_all(r_primitive(at,0,1),c_all(r_inverse(r_primitive(at_g,0,1)),c_equal(r_primitive(carry,0,1),r_primitive(carry_g,0,1)))))
n_count(c_all(r_primitive(at,0,1),c_all(r_inverse(r_primitive(at_g,0,1)),c_all(r_primitive(at,0,1),c_one_of(roomb)))))
n_count(c_all(r_primitive(at_g,0,1),c_and(c_all(r_inverse(r_primitive(at,0,1)),c_one_of(rooma)),c_primitive(at-robby,0))))
n_count(c_all(r_primitive(at_g,0,1),c_some(r_inverse(r_primitive(at_g,0,1)),c_equal(r_primitive(carry,0,1),r_primitive(carry_g,0,1)))))
n_count(c_all(r_primitive(at_g,0,1),c_some(r_inverse(r_primitive(at_g,0,1)),c_some(r_primitive(at,0,1),c_one_of(rooma)))))
n_count(c_all(r_primitive(at_g,0,1),c_some(r_inverse(r_primitive(at_g,0,1)),c_some(r_primitive(at,0,1),c_primitive(at-robby,0)))))
n_count(c_all(r_primitive(at_g,0,1),c_some(r_inverse(r_primitive(at_g,0,1)),c_some(r_primitive(carry,0,1),c_top))))
n_count(c_all(r_primitive(at_g,0,1),c_some(r_inverse(r_primitive(at_g,0,1)),c_all(r_primitive(at,0,1),c_one_of(rooma)))))
n_count(c_all(r_primitive(at_g,0,1),c_some(r_inverse(r_primitive(at_g,0,1)),c_all(r_primitive(at,0,1),c_one_of(roomb)))))
n_count(c_all(r_primitive(at_g,0,1),c_some(r_inverse(r_primitive(at_g,0,1)),c_all(r_primitive(at,0,1),c_primitive(at-robby,0)))))
n_count(c_all(r_primitive(at_g,0,1),c_all(r_inverse(r_primitive(at_g,0,1)),c_equal(r_primitive(at,0,1),r_primitive(at_g,0,1)))))
n_count(c_all(r_primitive(at_g,0,1),c_all(r_inverse(r_primitive(at_g,0,1)),c_equal(r_primitive(carry,0,1),r_primitive(carry_g,0,1)))))
n_count(c_all(r_primitive(at_g,0,1),c_all(r_inverse(r_primitive(at_g,0,1)),c_some(r_primitive(at,0,1),c_one_of(rooma)))))
n_count(c_all(r_primitive(at_g,0,1),c_all(r_inverse(r_primitive(at_g,0,1)),c_some(r_primitive(at,0,1),c_primitive(at-robby,0)))))
n_count(c_all(r_primitive(at_g,0,1),c_all(r_inverse(r_primitive(at_g,0,1)),c_some(r_primitive(carry,0,1),c_top))))
n_count(c_all(r_primitive(at_g,0,1),c_all(r_inverse(r_primitive(at_g,0,1)),c_all(r_primitive(at,0,1),c_one_of(roomb)))))
n_count(c_all(r_primitive(at_g,0,1),c_all(r_inverse(r_primitive(at_g,0,1)),c_all(r_primitive(at,0,1),c_primitive(at-robby,0)))))
n_count(c_all(r_inverse(r_primitive(at_g,0,1)),c_some(r_primitive(at,0,1),c_and(c_one_of(rooma),c_primitive(at-robby,0)))))
n_count(c_all(r_inverse(r_primitive(at_g,0,1)),c_all(r_primitive(at,0,1),c_and(c_one_of(rooma),c_primitive(at-robby,0)))))
n_count(c_all(r_restrict(r_primitive(at_g,0,1),c_primitive(at-robby,0)),c_some(r_inverse(r_primitive(at,0,1)),c_top)))
n_count(c_all(r_inverse(r_restrict(r_primitive(at_g,0,1),c_primitive(at-robby,0))),c_equal(r_primitive(at,0,1),r_primitive(at_g,0,1))))
n_count(c_all(r_inverse(r_restrict(r_primitive(at_g,0,1),c_primitive(at-robby,0))),c_equal(r_primitive(carry,0,1),r_primitive(carry_g,0,1))))
n_count(c_all(r_inverse(r_restrict(r_primitive(at_g,0,1),c_primitive(at-robby,0))),c_some(r_primitive(at,0,1),c_one_of(rooma))))
n_concept_distance(c_one_of(rooma),r_primitive(at,0,1),c_and(c_primitive(at-robby,0),c_some(r_inverse(r_primitive(at,0,1)),c_top)))
n_concept_distance(c_one_of(rooma),r_primitive(at,0,1),c_and(c_all(r_inverse(r_primitive(at,0,1)),c_one_of(rooma)),c_primitive(at-robby,0)))
n_concept_distance(c_one_of(rooma),r_primitive(at,0,1),c_some(r_inverse(r_primitive(at,0,1)),c_some(r_primitive(at_g,0,1),c_primitive(at-robby,0))))
n_concept_distance(c_one_of(rooma),r_primitive(at,0,1),c_all(r_inverse(r_primitive(at,0,1)),c_some(r_primitive(at,0,1),c_primitive(at-robby,0))))
n_concept_distance(c_one_of(rooma),r_primitive(at,0,1),c_all(r_inverse(r_primitive(at,0,1)),c_some(r_primitive(at_g,0,1),c_primitive(at-robby,0))))
n_concept_distance(c_one_of(roomb),r_primitive(at,0,1),c_and(c_all(r_inverse(r_primitive(at,0,1)),c_one_of(rooma)),c_primitive(at-robby,0)))
n_concept_distance(c_one_of(roomb),r_primitive(at,0,1),c_some(r_inverse(r_primitive(at_g,0,1)),c_equal(r_primitive(carry,0,1),r_primitive(carry_g,0,1))))
n_concept_distance(c_one_of(roomb),r_primitive(at,0,1),c_some(r_inverse(r_primitive(at_g,0,1)),c_some(r_primitive(carry,0,1),c_top)))
n_concept_distance(c_one_of(roomb),r_primitive(at,0,1),c_some(r_inverse(r_primitive(at_g,0,1)),c_all(r_primitive(at,0,1),c_one_of(rooma))))
n_concept_distance(c_one_of(roomb),r_primitive(at,0,1),c_some(r_inverse(r_primitive(at_g,0,1)),c_all(r_primitive(at,0,1),c_one_of(roomb))))
n_concept_distance(c_one_of(roomb),r_primitive(at,0,1),c_some(r_inverse(r_primitive(at_g,0,1)),c_all(r_primitive(at,0,1),c_primitive(at-robby,0))))
n_concept_distance(c_one_of(roomb),r_primitive(at,0,1),c_all(r_inverse(r_primitive(at_g,0,1)),c_equal(r_primitive(at,0,1),r_primitive(at_g,0,1))))
n_concept_distance(c_one_of(roomb),r_primitive(at,0,1),c_all(r_inverse(r_primitive(at_g,0,1)),c_equal(r_primitive(carry,0,1),r_primitive(carry_g,0,1))))
n_concept_distance(c_one_of(roomb),r_primitive(at,0,1),c_all(r_inverse(r_primitive(at_g,0,1)),c_some(r_primitive(at,0,1),c_one_of(rooma))))
n_concept_distance(c_one_of(roomb),r_primitive(at,0,1),c_all(r_inverse(r_primitive(at_g,0,1)),c_some(r_primitive(at,0,1),c_primitive(at-robby,0))))
n_concept_distance(c_one_of(roomb),r_primitive(at,0,1),c_all(r_inverse(r_primitive(at_g,0,1)),c_some(r_primitive(carry,0,1),c_top)))
n_concept_distance(c_primitive(at-robby,0),r_primitive(at,0,1),c_some(r_inverse(r_primitive(at_g,0,1)),c_equal(r_primitive(carry,0,1),r_primitive(carry_g,0,1))))
n_concept_distance(c_primitive(at-robby,0),r_primitive(at,0,1),c_some(r_inverse(r_primitive(at_g,0,1)),c_some(r_primitive(carry,0,1),c_top)))
n_concept_distance(c_primitive(at-robby,0),r_primitive(at,0,1),c_some(r_inverse(r_primitive(at_g,0,1)),c_all(r_primitive(at,0,1),c_one_of(rooma))))
n_concept_distance(c_primitive(at-robby,0),r_primitive(at,0,1),c_some(r_inverse(r_primitive(at_g,0,1)),c_all(r_primitive(at,0,1),c_one_of(roomb))))
n_concept_distance(c_primitive(at-robby,0),r_primitive(at,0,1),c_all(r_inverse(r_primitive(at_g,0,1)),c_equal(r_primitive(at,0,1),r_primitive(at_g,0,1))))
n_concept_distance(c_primitive(at-robby,0),r_primitive(at,0,1),c_all(r_inverse(r_primitive(at_g,0,1)),c_equal(r_primitive(carry,0,1),r_primitive(carry_g,0,1))))
n_concept_distance(c_primitive(at-robby,0),r_primitive(at,0,1),c_all(r_inverse(r_primitive(at_g,0,1)),c_some(r_primitive(at,0,1),c_one_of(rooma))))
n_concept_distance(c_primitive(at-robby,0),r_primitive(at,0,1),c_all(r_inverse(r_primitive(at_g,0,1)),c_some(r_primitive(carry,0,1),c_top)))
Number of selected training instances: 2
Sum of number of states in selected training instances: 27
Max of number of states in selected training instances: 20
Number of features in the pool: 364
Resulting sketch:
(:policy
(:boolean_features "b_empty(c_and(c_one_of(rooma),c_primitive(at-robby,0)))")
(:numerical_features "n_count(r_primitive(carry,0,1))")
(:rule (:conditions (:c_n_eq 0) (:c_b_neg 0)) (:effects (:e_n_inc 0) (:e_b_bot 0)))
(:rule (:conditions (:c_n_eq 0) (:c_b_pos 0)) (:effects (:e_n_bot 0) (:e_b_neg 0)))
(:rule (:conditions (:c_n_gt 0) (:c_b_neg 0)) (:effects (:e_n_bot 0) (:e_b_pos 0)))
(:rule (:conditions (:c_n_gt 0) (:c_b_pos 0)) (:effects (:e_n_dec 0) (:e_b_bot 0)))
)
Numer of sketch rules: 4
Number of selected features: 2
Maximum complexity of selected feature: 4
Resulting sketch minimized:
(:policy
(:boolean_features "b_empty(c_and(c_one_of(rooma),c_primitive(at-robby,0)))")
(:numerical_features "n_count(r_primitive(carry,0,1))")
(:rule (:conditions (:c_n_eq 0) (:c_b_neg 0)) (:effects (:e_n_inc 0) (:e_b_bot 0)))
(:rule (:conditions (:c_n_eq 0) (:c_b_pos 0)) (:effects (:e_n_bot 0) (:e_b_neg 0)))
(:rule (:conditions (:c_n_gt 0) (:c_b_neg 0)) (:effects (:e_n_bot 0) (:e_b_pos 0)))
(:rule (:conditions (:c_n_gt 0) (:c_b_pos 0)) (:effects (:e_n_dec 0) (:e_b_bot 0)))
)
Numer of sketch rules: 4
Number of selected features: 2
Maximum complexity of selected feature: 4
2022-11-16 15:30:06 INFO     [40m[33mSummary:[0m
2022-11-16 15:30:06 INFO     [40m[32mHierarchical sketch:[0m
[40m[32mLevel 0 sketch:[0m
(:policy
(:boolean_features )
(:numerical_features "n_count(c_equal(r_primitive(at,0,1),r_primitive(at_g,0,1)))")
(:rule (:conditions (:c_n_gt 0)) (:effects (:e_n_inc 0)))
)
[40m[32m    Level 1 sketch:[0m
(:policy
(:boolean_features )
(:numerical_features "n_count(c_equal(r_primitive(at,0,1),r_primitive(at_g,0,1)))")
(:rule (:conditions (:c_n_gt 0)) (:effects (:e_n_inc 0)))
)
[40m[32m        Level 2 sketch:[0m
(:policy
(:boolean_features "b_empty(c_and(c_one_of(rooma),c_primitive(at-robby,0)))")
(:numerical_features "n_count(r_primitive(carry,0,1))")
(:rule (:conditions (:c_n_eq 0) (:c_b_neg 0)) (:effects (:e_n_inc 0) (:e_b_bot 0)))
(:rule (:conditions (:c_n_eq 0) (:c_b_pos 0)) (:effects (:e_n_bot 0) (:e_b_neg 0)))
(:rule (:conditions (:c_n_gt 0) (:c_b_neg 0)) (:effects (:e_n_bot 0) (:e_b_pos 0)))
(:rule (:conditions (:c_n_gt 0) (:c_b_pos 0)) (:effects (:e_n_dec 0) (:e_b_bot 0)))
)
Num features: 3
Max feature complexity 4
Num rules: 5
2022-11-16 15:30:06 INFO     [40m[32mHierarchical sketch minimized:[0m
[40m[32mLevel 0 sketch:[0m
(:policy
(:boolean_features )
(:numerical_features "n_count(c_equal(r_primitive(at,0,1),r_primitive(at_g,0,1)))")
(:rule (:conditions (:c_n_gt 0)) (:effects (:e_n_inc 0)))
)
[40m[32m    Level 1 sketch:[0m
(:policy
(:boolean_features )
(:numerical_features "n_count(c_equal(r_primitive(at,0,1),r_primitive(at_g,0,1)))")
(:rule (:conditions (:c_n_gt 0)) (:effects (:e_n_inc 0)))
)
[40m[32m        Level 2 sketch:[0m
(:policy
(:boolean_features "b_empty(c_and(c_one_of(rooma),c_primitive(at-robby,0)))")
(:numerical_features "n_count(r_primitive(carry,0,1))")
(:rule (:conditions (:c_n_eq 0) (:c_b_neg 0)) (:effects (:e_n_inc 0) (:e_b_bot 0)))
(:rule (:conditions (:c_n_eq 0) (:c_b_pos 0)) (:effects (:e_n_bot 0) (:e_b_neg 0)))
(:rule (:conditions (:c_n_gt 0) (:c_b_neg 0)) (:effects (:e_n_bot 0) (:e_b_pos 0)))
(:rule (:conditions (:c_n_gt 0) (:c_b_pos 0)) (:effects (:e_n_dec 0) (:e_b_bot 0)))
)
Num features: 3
Max feature complexity 4
Num rules: 5
Number of subproblems by rule: [57]
Sum of number of subproblems by rule: 57
Number of selected training instances by rule: [2]
Sum of number of states in selected training instances by rule: [27]
Max of number of states in selected training instances by rule: [20]
Number of features in the pool by rule: [364]
Max of number of selected training instances by rule: 2
Max of sum of number of states in selected training instances by rule: 27
Max of max of number of states in selected training instances by rule: 20
Max of number of features in the pool by rule: 364
RESOURCES FOR PREPROCESSING: 1.73 CPU sec - 121.96 MB
RESOURCES FOR LEARNING: 4.29 CPU sec - 121.96 MB
================================================================================
END OF STEP #1: Incremental learning module. 6.15 CPU sec - 133.61 MB
================================================================================
