Changing working directory:  /proj/ssiw/users/x_domdr/projects/code/sketch-learner/learning/experiments/scripts/workspace-tractable/spanner_2
2024-09-14 14:12:32,171 - Constructing InstanceDatas...
2024-09-14 14:12:32,731 - Constructing GlobalFaithfulAbstractions...
2024-09-14 14:12:33,354 - ...done
2024-09-14 14:12:33,366 - Constructing StateSpaces...
2024-09-14 14:12:33,384 - ...done
/proj/ssiw/users/x_domdr/projects/code/sketch-learner/learning/benchmarks/tractable/spanner/training/easy/p-1-1-1-5.pddl /proj/ssiw/users/x_domdr/projects/code/sketch-learner/learning/benchmarks/tractable/spanner/training/easy/p-1-1-1-5.pddl
2024-09-14 14:12:33,395 - Created InstanceData with num concrete states: 6 and num abstract states: 6
/proj/ssiw/users/x_domdr/projects/code/sketch-learner/learning/benchmarks/tractable/spanner/training/easy/p-2-1-1-6.pddl /proj/ssiw/users/x_domdr/projects/code/sketch-learner/learning/benchmarks/tractable/spanner/training/easy/p-2-1-1-6.pddl
2024-09-14 14:12:33,395 - Created InstanceData with num concrete states: 7 and num abstract states: 7
/proj/ssiw/users/x_domdr/projects/code/sketch-learner/learning/benchmarks/tractable/spanner/training/easy/p-3-1-1-23.pddl /proj/ssiw/users/x_domdr/projects/code/sketch-learner/learning/benchmarks/tractable/spanner/training/easy/p-3-1-1-23.pddl
2024-09-14 14:12:33,396 - Created InstanceData with num concrete states: 8 and num abstract states: 8
/proj/ssiw/users/x_domdr/projects/code/sketch-learner/learning/benchmarks/tractable/spanner/training/easy/p-2-1-1-20.pddl /proj/ssiw/users/x_domdr/projects/code/sketch-learner/learning/benchmarks/tractable/spanner/training/easy/p-2-1-1-20.pddl
2024-09-14 14:12:33,397 - Created InstanceData with num concrete states: 8 and num abstract states: 8
/proj/ssiw/users/x_domdr/projects/code/sketch-learner/learning/benchmarks/tractable/spanner/training/easy/p-3-1-1-20.pddl /proj/ssiw/users/x_domdr/projects/code/sketch-learner/learning/benchmarks/tractable/spanner/training/easy/p-3-1-1-20.pddl
2024-09-14 14:12:33,398 - Created InstanceData with num concrete states: 9 and num abstract states: 9
/proj/ssiw/users/x_domdr/projects/code/sketch-learner/learning/benchmarks/tractable/spanner/training/easy/p-1-2-2-12.pddl /proj/ssiw/users/x_domdr/projects/code/sketch-learner/learning/benchmarks/tractable/spanner/training/easy/p-1-2-2-12.pddl
2024-09-14 14:12:33,399 - Created InstanceData with num concrete states: 18 and num abstract states: 10
/proj/ssiw/users/x_domdr/projects/code/sketch-learner/learning/benchmarks/tractable/spanner/training/easy/p-3-1-1-18.pddl /proj/ssiw/users/x_domdr/projects/code/sketch-learner/learning/benchmarks/tractable/spanner/training/easy/p-3-1-1-18.pddl
2024-09-14 14:12:33,400 - Created InstanceData with num concrete states: 10 and num abstract states: 10
/proj/ssiw/users/x_domdr/projects/code/sketch-learner/learning/benchmarks/tractable/spanner/training/easy/p-2-2-2-18.pddl /proj/ssiw/users/x_domdr/projects/code/sketch-learner/learning/benchmarks/tractable/spanner/training/easy/p-2-2-2-18.pddl
2024-09-14 14:12:33,401 - Created InstanceData with num concrete states: 19 and num abstract states: 11
/proj/ssiw/users/x_domdr/projects/code/sketch-learner/learning/benchmarks/tractable/spanner/training/easy/p-3-2-2-10.pddl /proj/ssiw/users/x_domdr/projects/code/sketch-learner/learning/benchmarks/tractable/spanner/training/easy/p-3-2-2-10.pddl
2024-09-14 14:12:33,402 - Created InstanceData with num concrete states: 20 and num abstract states: 12
/proj/ssiw/users/x_domdr/projects/code/sketch-learner/learning/benchmarks/tractable/spanner/training/easy/p-2-2-2-25.pddl /proj/ssiw/users/x_domdr/projects/code/sketch-learner/learning/benchmarks/tractable/spanner/training/easy/p-2-2-2-25.pddl
2024-09-14 14:12:33,403 - Created InstanceData with num concrete states: 22 and num abstract states: 13
/proj/ssiw/users/x_domdr/projects/code/sketch-learner/learning/benchmarks/tractable/spanner/training/easy/p-3-2-2-24.pddl /proj/ssiw/users/x_domdr/projects/code/sketch-learner/learning/benchmarks/tractable/spanner/training/easy/p-3-2-2-24.pddl
2024-09-14 14:12:33,406 - Created InstanceData with num concrete states: 23 and num abstract states: 14
/proj/ssiw/users/x_domdr/projects/code/sketch-learner/learning/benchmarks/tractable/spanner/training/easy/p-1-3-3-19.pddl /proj/ssiw/users/x_domdr/projects/code/sketch-learner/learning/benchmarks/tractable/spanner/training/easy/p-1-3-3-19.pddl
2024-09-14 14:12:33,408 - Created InstanceData with num concrete states: 72 and num abstract states: 15
/proj/ssiw/users/x_domdr/projects/code/sketch-learner/learning/benchmarks/tractable/spanner/training/easy/p-2-2-2-26.pddl /proj/ssiw/users/x_domdr/projects/code/sketch-learner/learning/benchmarks/tractable/spanner/training/easy/p-2-2-2-26.pddl
2024-09-14 14:12:33,409 - Created InstanceData with num concrete states: 20 and num abstract states: 15
/proj/ssiw/users/x_domdr/projects/code/sketch-learner/learning/benchmarks/tractable/spanner/training/easy/p-2-3-3-15.pddl /proj/ssiw/users/x_domdr/projects/code/sketch-learner/learning/benchmarks/tractable/spanner/training/easy/p-2-3-3-15.pddl
2024-09-14 14:12:33,412 - Created InstanceData with num concrete states: 73 and num abstract states: 16
/proj/ssiw/users/x_domdr/projects/code/sketch-learner/learning/benchmarks/tractable/spanner/training/easy/p-3-2-2-14.pddl /proj/ssiw/users/x_domdr/projects/code/sketch-learner/learning/benchmarks/tractable/spanner/training/easy/p-3-2-2-14.pddl
2024-09-14 14:12:33,413 - Created InstanceData with num concrete states: 21 and num abstract states: 16
/proj/ssiw/users/x_domdr/projects/code/sketch-learner/learning/benchmarks/tractable/spanner/training/easy/p-3-2-2-20.pddl /proj/ssiw/users/x_domdr/projects/code/sketch-learner/learning/benchmarks/tractable/spanner/training/easy/p-3-2-2-20.pddl
2024-09-14 14:12:33,414 - Created InstanceData with num concrete states: 26 and num abstract states: 16
/proj/ssiw/users/x_domdr/projects/code/sketch-learner/learning/benchmarks/tractable/spanner/training/easy/p-3-2-2-9.pddl /proj/ssiw/users/x_domdr/projects/code/sketch-learner/learning/benchmarks/tractable/spanner/training/easy/p-3-2-2-9.pddl
2024-09-14 14:12:33,415 - Created InstanceData with num concrete states: 22 and num abstract states: 17
/proj/ssiw/users/x_domdr/projects/code/sketch-learner/learning/benchmarks/tractable/spanner/training/easy/p-3-3-3-6.pddl /proj/ssiw/users/x_domdr/projects/code/sketch-learner/learning/benchmarks/tractable/spanner/training/easy/p-3-3-3-6.pddl
2024-09-14 14:12:33,418 - Created InstanceData with num concrete states: 74 and num abstract states: 17
/proj/ssiw/users/x_domdr/projects/code/sketch-learner/learning/benchmarks/tractable/spanner/training/easy/p-2-3-3-19.pddl /proj/ssiw/users/x_domdr/projects/code/sketch-learner/learning/benchmarks/tractable/spanner/training/easy/p-2-3-3-19.pddl
2024-09-14 14:12:33,420 - Created InstanceData with num concrete states: 80 and num abstract states: 19
/proj/ssiw/users/x_domdr/projects/code/sketch-learner/learning/benchmarks/tractable/spanner/training/easy/p-3-2-2-6.pddl /proj/ssiw/users/x_domdr/projects/code/sketch-learner/learning/benchmarks/tractable/spanner/training/easy/p-3-2-2-6.pddl
2024-09-14 14:12:33,421 - Created InstanceData with num concrete states: 24 and num abstract states: 19
/proj/ssiw/users/x_domdr/projects/code/sketch-learner/learning/benchmarks/tractable/spanner/training/easy/p-3-3-3-2.pddl /proj/ssiw/users/x_domdr/projects/code/sketch-learner/learning/benchmarks/tractable/spanner/training/easy/p-3-3-3-2.pddl
2024-09-14 14:12:33,424 - Created InstanceData with num concrete states: 81 and num abstract states: 20
/proj/ssiw/users/x_domdr/projects/code/sketch-learner/learning/benchmarks/tractable/spanner/training/easy/p-3-3-3-25.pddl /proj/ssiw/users/x_domdr/projects/code/sketch-learner/learning/benchmarks/tractable/spanner/training/easy/p-3-3-3-25.pddl
2024-09-14 14:12:33,427 - Created InstanceData with num concrete states: 88 and num abstract states: 23
/proj/ssiw/users/x_domdr/projects/code/sketch-learner/learning/benchmarks/tractable/spanner/training/easy/p-2-3-3-27.pddl /proj/ssiw/users/x_domdr/projects/code/sketch-learner/learning/benchmarks/tractable/spanner/training/easy/p-2-3-3-27.pddl
2024-09-14 14:12:33,430 - Created InstanceData with num concrete states: 74 and num abstract states: 24
/proj/ssiw/users/x_domdr/projects/code/sketch-learner/learning/benchmarks/tractable/spanner/training/easy/p-2-3-3-0.pddl /proj/ssiw/users/x_domdr/projects/code/sketch-learner/learning/benchmarks/tractable/spanner/training/easy/p-2-3-3-0.pddl
2024-09-14 14:12:33,432 - Created InstanceData with num concrete states: 76 and num abstract states: 25
/proj/ssiw/users/x_domdr/projects/code/sketch-learner/learning/benchmarks/tractable/spanner/training/easy/p-3-3-3-1.pddl /proj/ssiw/users/x_domdr/projects/code/sketch-learner/learning/benchmarks/tractable/spanner/training/easy/p-3-3-3-1.pddl
2024-09-14 14:12:33,435 - Created InstanceData with num concrete states: 75 and num abstract states: 25
/proj/ssiw/users/x_domdr/projects/code/sketch-learner/learning/benchmarks/tractable/spanner/training/easy/p-3-3-3-9.pddl /proj/ssiw/users/x_domdr/projects/code/sketch-learner/learning/benchmarks/tractable/spanner/training/easy/p-3-3-3-9.pddl
2024-09-14 14:12:33,437 - Created InstanceData with num concrete states: 76 and num abstract states: 26
/proj/ssiw/users/x_domdr/projects/code/sketch-learner/learning/benchmarks/tractable/spanner/training/easy/p-3-3-3-7.pddl /proj/ssiw/users/x_domdr/projects/code/sketch-learner/learning/benchmarks/tractable/spanner/training/easy/p-3-3-3-7.pddl
2024-09-14 14:12:33,439 - Created InstanceData with num concrete states: 80 and num abstract states: 28
/proj/ssiw/users/x_domdr/projects/code/sketch-learner/learning/benchmarks/tractable/spanner/training/easy/p-3-3-3-8.pddl /proj/ssiw/users/x_domdr/projects/code/sketch-learner/learning/benchmarks/tractable/spanner/training/easy/p-3-3-3-8.pddl
2024-09-14 14:12:33,442 - Created InstanceData with num concrete states: 82 and num abstract states: 30
/proj/ssiw/users/x_domdr/projects/code/sketch-learner/learning/benchmarks/tractable/spanner/training/easy/p-3-3-3-29.pddl /proj/ssiw/users/x_domdr/projects/code/sketch-learner/learning/benchmarks/tractable/spanner/training/easy/p-3-3-3-29.pddl
2024-09-14 14:12:33,445 - Created InstanceData with num concrete states: 84 and num abstract states: 31
/proj/ssiw/users/x_domdr/projects/code/sketch-learner/learning/benchmarks/tractable/spanner/training/easy/p-3-3-3-17.pddl /proj/ssiw/users/x_domdr/projects/code/sketch-learner/learning/benchmarks/tractable/spanner/training/easy/p-3-3-3-17.pddl
2024-09-14 14:12:33,447 - Created InstanceData with num concrete states: 78 and num abstract states: 35
2024-09-14 14:12:33,448 - ..done
2024-09-14 14:12:33,449 - Initializing TupleGraphs...
2024-09-14 14:12:33,481 - ..done
2024-09-14 14:12:33,481 - Iteration: 0
     id: 0 problem_filepath: /proj/ssiw/users/x_domdr/projects/code/sketch-learner/learning/benchmarks/tractable/spanner/training/easy/p-1-1-1-5.pddl num_states: 6 num_state_equivalences: 6
2024-09-14 14:12:33,482 - Initialize global faithful abstract states...
2024-09-14 14:12:33,482 - ..done
2024-09-14 14:12:33,482 - Initializing DomainFeatureData...
[t=1.35118s, 2479552 KB] Started generating base features of complexity 1.
[t=1.35154s, 2479552 KB] Complexity 1:
    b_nullary: 0
    c_one_of: 0
    c_top: 1
    c_bot: 1
    c_primitive: 8
    r_primitive: 4
    c_and: 0
    c_not: 0
    c_equal: 0
    c_some: 0
    c_all: 0
    r_restrict: 0
    r_and: 0
    r_inverse: 0
    r_transitive_closure: 0
    b_empty: 0
    n_count: 0
    n_concept_distance: 0
[t=1.35192s, 2479552 KB] Finished generating base features.
[t=1.35196s, 2479552 KB] Started generating composite features. 
[t=1.35224s, 2479552 KB] Complexity 2:
Total concept elements: 16
Total role elements: 8
Total numerical elements: 9
Total boolean elements: 5
    b_nullary: 0
    c_one_of: 0
    c_top: 1
    c_bot: 1
    c_primitive: 8
    r_primitive: 4
    c_and: 0
    c_not: 6
    c_equal: 0
    c_some: 0
    c_all: 0
    r_restrict: 0
    r_and: 0
    r_inverse: 3
    r_transitive_closure: 1
    b_empty: 5
    n_count: 9
    n_concept_distance: 0
[t=1.35316s, 2479552 KB] Complexity 3:
Total concept elements: 24
Total role elements: 10
Total numerical elements: 12
Total boolean elements: 5
    b_nullary: 0
    c_one_of: 0
    c_top: 1
    c_bot: 1
    c_primitive: 8
    r_primitive: 4
    c_and: 0
    c_not: 6
    c_equal: 1
    c_some: 4
    c_all: 3
    r_restrict: 1
    r_and: 0
    r_inverse: 4
    r_transitive_closure: 1
    b_empty: 5
    n_count: 12
    n_concept_distance: 0
[t=1.35417s, 2479552 KB] Complexity 4:
Total concept elements: 47
Total role elements: 11
Total numerical elements: 22
Total boolean elements: 6
    b_nullary: 0
    c_one_of: 0
    c_top: 1
    c_bot: 1
    c_primitive: 8
    r_primitive: 4
    c_and: 7
    c_not: 8
    c_equal: 1
    c_some: 12
    c_all: 9
    r_restrict: 1
    r_and: 0
    r_inverse: 5
    r_transitive_closure: 1
    b_empty: 6
    n_count: 16
    n_concept_distance: 6
[t=1.35534s, 2479552 KB] Complexity 5:
Total concept elements: 84
Total role elements: 11
Total numerical elements: 32
Total boolean elements: 7
    b_nullary: 0
    c_one_of: 0
    c_top: 1
    c_bot: 1
    c_primitive: 8
    r_primitive: 4
    c_and: 24
    c_not: 20
    c_equal: 1
    c_some: 16
    c_all: 13
    r_restrict: 1
    r_and: 0
    r_inverse: 5
    r_transitive_closure: 1
    b_empty: 7
    n_count: 25
    n_concept_distance: 7
[t=1.35744s, 2479552 KB] Complexity 6:
Total concept elements: 166
Total role elements: 11
Total numerical elements: 49
Total boolean elements: 8
    b_nullary: 0
    c_one_of: 0
    c_top: 1
    c_bot: 1
    c_primitive: 8
    r_primitive: 4
    c_and: 51
    c_not: 34
    c_equal: 1
    c_some: 37
    c_all: 33
    r_restrict: 1
    r_and: 0
    r_inverse: 5
    r_transitive_closure: 1
    b_empty: 8
    n_count: 38
    n_concept_distance: 11
[t=1.3613s, 2479552 KB] Complexity 7:
Total concept elements: 299
Total role elements: 11
Total numerical elements: 100
Total boolean elements: 17
    b_nullary: 0
    c_one_of: 0
    c_top: 1
    c_bot: 1
    c_primitive: 8
    r_primitive: 4
    c_and: 109
    c_not: 87
    c_equal: 1
    c_some: 49
    c_all: 43
    r_restrict: 1
    r_and: 0
    r_inverse: 5
    r_transitive_closure: 1
    b_empty: 17
    n_count: 82
    n_concept_distance: 18
[t=1.36901s, 2479552 KB] Complexity 8:
Total concept elements: 542
Total role elements: 11
Total numerical elements: 157
Total boolean elements: 19
    b_nullary: 0
    c_one_of: 0
    c_top: 1
    c_bot: 1
    c_primitive: 8
    r_primitive: 4
    c_and: 234
    c_not: 147
    c_equal: 1
    c_some: 78
    c_all: 72
    r_restrict: 1
    r_and: 0
    r_inverse: 5
    r_transitive_closure: 1
    b_empty: 19
    n_count: 131
    n_concept_distance: 26
[t=1.38307s, 2479552 KB] Complexity 9:
Total concept elements: 959
Total role elements: 11
Total numerical elements: 257
Total boolean elements: 28
    b_nullary: 0
    c_one_of: 0
    c_top: 1
    c_bot: 1
    c_primitive: 8
    r_primitive: 4
    c_and: 473
    c_not: 264
    c_equal: 1
    c_some: 105
    c_all: 106
    r_restrict: 1
    r_and: 0
    r_inverse: 5
    r_transitive_closure: 1
    b_empty: 28
    n_count: 207
    n_concept_distance: 50
[t=1.38342s, 2479552 KB] Finished generating composite features.
Features generated: 286
Features after relevant changes pruning (complete): 86
2024-09-14 14:12:33,638 - ..done
2024-09-14 14:12:33,639 - Constructing PerStateFeatureValuations...
2024-09-14 14:12:33,639 - ..done
2024-09-14 14:12:33,639 - Constructing StatePairEquivalenceDatas...
2024-09-14 14:12:33,649 - ..done
2024-09-14 14:12:33,649 - Constructing TupleGraphEquivalences...
Tuple graph equivalence construction statistics:
Num nodes: 17
2024-09-14 14:12:33,650 - ..done
2024-09-14 14:12:33,650 - Minimizing TupleGraphEquivalences...
Tuple graph equivalence minimization statistics:
Num orig nodes: 17
Num kept nodes: 17
2024-09-14 14:12:33,650 - ..done
Number of initial D2 facts: 29
Number of D2 facts: 29 of 289
2024-09-14 14:12:33,672 - Grounding Logic Program...
2024-09-14 14:12:33,694 - ..done
2024-09-14 14:12:33,694 - Solving Logic Program...
2024-09-14 14:12:33,698 - ..done
Clingo statistics:
{'call': 0.0, 'result': 1.0, 'signal': 0.0, 'exhausted': 1.0, 'costs': [0.0], 'lower': [0.0], 'concurrency': 32.0, 'winner': 10.0, 'times': {'total': 0.047058820724487305, 'cpu': 0.05943300000000029, 'solve': 0.0023419857025146484, 'unsat': 0.0008330345153808594, 'sat': 0.001508951187133789}, 'models': {'enumerated': 1.0, 'optimal': 1.0}}
Solution cost: [0.0]
Total time: 0.047058820724487305
CPU time: 0.05943300000000029
Solve time: 0.0023419857025146484
2024-09-14 14:12:33,711 - Learned the following sketch:
(:policy
(:booleans )
(:numericals )
(:rule (:conditions ) (:effects ))
)
Numer of sketch rules: 1
Number of selected features: 0
Maximum complexity of selected feature: 0
Sketch solves: /proj/ssiw/users/x_domdr/projects/code/sketch-learner/learning/benchmarks/tractable/spanner/training/easy/p-1-1-1-5.pddl
Sketch cycles
Instance: 0
4
4
Number of unsatisfied D2 facts: 52
Number of D2 facts: 81 of 289
2024-09-14 14:12:33,779 - Grounding Logic Program...
2024-09-14 14:12:33,805 - ..done
2024-09-14 14:12:33,805 - Solving Logic Program...
2024-09-14 14:12:33,810 - ..done
Clingo statistics:
{'call': 0.0, 'result': 1.0, 'signal': 0.0, 'exhausted': 1.0, 'costs': [3.0], 'lower': [3.0], 'concurrency': 32.0, 'winner': 20.0, 'times': {'total': 0.09770083427429199, 'cpu': 0.1135609999999998, 'solve': 0.0029020309448242188, 'unsat': 0.0007238388061523438, 'sat': 0.0017180442810058594}, 'models': {'enumerated': 9.0, 'optimal': 1.0}}
Solution cost: [3.0]
Total time: 0.09770083427429199
CPU time: 0.1135609999999998
Solve time: 0.0029020309448242188
2024-09-14 14:12:33,823 - Learned the following sketch:
(:policy
(:booleans )
(:numericals (f1 "n_count(c_primitive(tightened,0))"))
(:rule (:conditions (:c_n_eq f1)) (:effects (:e_n_inc f1)))
(:rule (:conditions (:c_n_eq f1)) (:effects (:e_n_bot f1)))
)
Numer of sketch rules: 2
Number of selected features: 1
Maximum complexity of selected feature: 2
Sketch solves: /proj/ssiw/users/x_domdr/projects/code/sketch-learner/learning/benchmarks/tractable/spanner/training/easy/p-1-1-1-5.pddl
Sketch cycles
Instance: 0
4
4
Number of unsatisfied D2 facts: 31
Number of D2 facts: 112 of 289
2024-09-14 14:12:33,889 - Grounding Logic Program...
2024-09-14 14:12:33,918 - ..done
2024-09-14 14:12:33,918 - Solving Logic Program...
2024-09-14 14:12:33,923 - ..done
Clingo statistics:
{'call': 0.0, 'result': 1.0, 'signal': 0.0, 'exhausted': 1.0, 'costs': [3.0], 'lower': [3.0], 'concurrency': 32.0, 'winner': 12.0, 'times': {'total': 0.09897303581237793, 'cpu': 0.1298560000000002, 'solve': 0.0028939247131347656, 'unsat': 0.0004990100860595703, 'sat': 0.0014269351959228516}, 'models': {'enumerated': 15.0, 'optimal': 1.0}}
Solution cost: [3.0]
Total time: 0.09897303581237793
CPU time: 0.1298560000000002
Solve time: 0.0028939247131347656
2024-09-14 14:12:33,935 - Learned the following sketch:
(:policy
(:booleans )
(:numericals (f2 "n_count(c_primitive(useable,0))"))
(:rule (:conditions (:c_n_gt f2)) (:effects (:e_n_dec f2)))
)
Numer of sketch rules: 1
Number of selected features: 1
Maximum complexity of selected feature: 2
Sketch solves: /proj/ssiw/users/x_domdr/projects/code/sketch-learner/learning/benchmarks/tractable/spanner/training/easy/p-1-1-1-5.pddl
2024-09-14 14:12:33,936 - Verifying learned sketch...
Sketch solves: /proj/ssiw/users/x_domdr/projects/code/sketch-learner/learning/benchmarks/tractable/spanner/training/easy/p-1-1-1-5.pddl
Sketch solves: /proj/ssiw/users/x_domdr/projects/code/sketch-learner/learning/benchmarks/tractable/spanner/training/easy/p-1-1-1-5.pddl
Sketch solves: /proj/ssiw/users/x_domdr/projects/code/sketch-learner/learning/benchmarks/tractable/spanner/training/easy/p-2-1-1-6.pddl
Sketch solves: /proj/ssiw/users/x_domdr/projects/code/sketch-learner/learning/benchmarks/tractable/spanner/training/easy/p-3-1-1-23.pddl
Sketch solves: /proj/ssiw/users/x_domdr/projects/code/sketch-learner/learning/benchmarks/tractable/spanner/training/easy/p-2-1-1-20.pddl
Sketch solves: /proj/ssiw/users/x_domdr/projects/code/sketch-learner/learning/benchmarks/tractable/spanner/training/easy/p-3-1-1-20.pddl
Deadend state is r_reachable
State: 9
2024-09-14 14:12:33,943 - ..done
Smallest unsolved instance: 5
Selected instances: [5]
2024-09-14 14:12:33,943 - Iteration: 1
     id: 5 problem_filepath: /proj/ssiw/users/x_domdr/projects/code/sketch-learner/learning/benchmarks/tractable/spanner/training/easy/p-1-2-2-12.pddl num_states: 18 num_state_equivalences: 10
2024-09-14 14:12:33,945 - Initialize global faithful abstract states...
2024-09-14 14:12:33,945 - ..done
2024-09-14 14:12:33,945 - Initializing DomainFeatureData...
[t=1.81406s, 2483136 KB] Started generating base features of complexity 1.
[t=1.81423s, 2483136 KB] Complexity 1:
    b_nullary: 0
    c_one_of: 0
    c_top: 1
    c_bot: 1
    c_primitive: 8
    r_primitive: 4
    c_and: 0
    c_not: 0
    c_equal: 0
    c_some: 0
    c_all: 0
    r_restrict: 0
    r_and: 0
    r_inverse: 0
    r_transitive_closure: 0
    b_empty: 0
    n_count: 0
    n_concept_distance: 0
[t=1.81454s, 2483136 KB] Finished generating base features.
[t=1.81458s, 2483136 KB] Started generating composite features. 
[t=1.81476s, 2483136 KB] Complexity 2:
Total concept elements: 16
Total role elements: 8
Total numerical elements: 10
Total boolean elements: 5
    b_nullary: 0
    c_one_of: 0
    c_top: 1
    c_bot: 1
    c_primitive: 8
    r_primitive: 4
    c_and: 0
    c_not: 6
    c_equal: 0
    c_some: 0
    c_all: 0
    r_restrict: 0
    r_and: 0
    r_inverse: 3
    r_transitive_closure: 1
    b_empty: 5
    n_count: 10
    n_concept_distance: 0
[t=1.81578s, 2483136 KB] Complexity 3:
Total concept elements: 24
Total role elements: 10
Total numerical elements: 14
Total boolean elements: 5
    b_nullary: 0
    c_one_of: 0
    c_top: 1
    c_bot: 1
    c_primitive: 8
    r_primitive: 4
    c_and: 0
    c_not: 6
    c_equal: 1
    c_some: 4
    c_all: 3
    r_restrict: 1
    r_and: 0
    r_inverse: 4
    r_transitive_closure: 1
    b_empty: 5
    n_count: 14
    n_concept_distance: 0
[t=1.81691s, 2483136 KB] Complexity 4:
Total concept elements: 47
Total role elements: 11
Total numerical elements: 23
Total boolean elements: 6
    b_nullary: 0
    c_one_of: 0
    c_top: 1
    c_bot: 1
    c_primitive: 8
    r_primitive: 4
    c_and: 7
    c_not: 8
    c_equal: 1
    c_some: 12
    c_all: 9
    r_restrict: 1
    r_and: 0
    r_inverse: 5
    r_transitive_closure: 1
    b_empty: 6
    n_count: 20
    n_concept_distance: 3
[t=1.81823s, 2483136 KB] Complexity 5:
Total concept elements: 84
Total role elements: 11
Total numerical elements: 36
Total boolean elements: 7
    b_nullary: 0
    c_one_of: 0
    c_top: 1
    c_bot: 1
    c_primitive: 8
    r_primitive: 4
    c_and: 24
    c_not: 20
    c_equal: 1
    c_some: 16
    c_all: 13
    r_restrict: 1
    r_and: 0
    r_inverse: 5
    r_transitive_closure: 1
    b_empty: 7
    n_count: 33
    n_concept_distance: 3
[t=1.82074s, 2483136 KB] Complexity 6:
Total concept elements: 170
Total role elements: 11
Total numerical elements: 60
Total boolean elements: 10
    b_nullary: 0
    c_one_of: 0
    c_top: 1
    c_bot: 1
    c_primitive: 8
    r_primitive: 4
    c_and: 51
    c_not: 34
    c_equal: 1
    c_some: 39
    c_all: 35
    r_restrict: 1
    r_and: 0
    r_inverse: 5
    r_transitive_closure: 1
    b_empty: 10
    n_count: 52
    n_concept_distance: 8
[t=1.82529s, 2483136 KB] Complexity 7:
Total concept elements: 310
Total role elements: 11
Total numerical elements: 132
Total boolean elements: 21
    b_nullary: 0
    c_one_of: 0
    c_top: 1
    c_bot: 1
    c_primitive: 8
    r_primitive: 4
    c_and: 110
    c_not: 93
    c_equal: 1
    c_some: 51
    c_all: 45
    r_restrict: 1
    r_and: 0
    r_inverse: 5
    r_transitive_closure: 1
    b_empty: 21
    n_count: 117
    n_concept_distance: 15
[t=1.83456s, 2483136 KB] Complexity 8:
Total concept elements: 570
Total role elements: 11
Total numerical elements: 229
Total boolean elements: 25
    b_nullary: 0
    c_one_of: 0
    c_top: 1
    c_bot: 1
    c_primitive: 8
    r_primitive: 4
    c_and: 245
    c_not: 154
    c_equal: 1
    c_some: 82
    c_all: 78
    r_restrict: 1
    r_and: 0
    r_inverse: 5
    r_transitive_closure: 1
    b_empty: 25
    n_count: 205
    n_concept_distance: 24
[t=1.85167s, 2483136 KB] Complexity 9:
Total concept elements: 1045
Total role elements: 11
Total numerical elements: 390
Total boolean elements: 41
    b_nullary: 0
    c_one_of: 0
    c_top: 1
    c_bot: 1
    c_primitive: 8
    r_primitive: 4
    c_and: 516
    c_not: 293
    c_equal: 1
    c_some: 111
    c_all: 114
    r_restrict: 1
    r_and: 0
    r_inverse: 5
    r_transitive_closure: 1
    b_empty: 41
    n_count: 349
    n_concept_distance: 41
[t=1.85202s, 2483136 KB] Finished generating composite features.
Features generated: 432
Features after relevant changes pruning (complete): 164
2024-09-14 14:12:34,398 - ..done
2024-09-14 14:12:34,398 - Constructing PerStateFeatureValuations...
2024-09-14 14:12:34,400 - ..done
2024-09-14 14:12:34,400 - Constructing StatePairEquivalenceDatas...
2024-09-14 14:12:34,452 - ..done
2024-09-14 14:12:34,452 - Constructing TupleGraphEquivalences...
Tuple graph equivalence construction statistics:
Num nodes: 48
2024-09-14 14:12:34,454 - ..done
2024-09-14 14:12:34,454 - Minimizing TupleGraphEquivalences...
Tuple graph equivalence minimization statistics:
Num orig nodes: 48
Num kept nodes: 30
2024-09-14 14:12:34,454 - ..done
Number of initial D2 facts: 67
Number of D2 facts: 67 of 1024
2024-09-14 14:12:34,528 - Grounding Logic Program...
2024-09-14 14:12:34,596 - ..done
2024-09-14 14:12:34,596 - Solving Logic Program...
2024-09-14 14:12:34,603 - ..done
Clingo statistics:
{'call': 0.0, 'result': 1.0, 'signal': 0.0, 'exhausted': 1.0, 'costs': [3.0], 'lower': [3.0], 'concurrency': 32.0, 'winner': 14.0, 'times': {'total': 0.14827203750610352, 'cpu': 0.17479000000000022, 'solve': 0.003206968307495117, 'unsat': 0.0005750656127929688, 'sat': 0.0019080638885498047}, 'models': {'enumerated': 8.0, 'optimal': 1.0}}
Solution cost: [3.0]
Total time: 0.14827203750610352
CPU time: 0.17479000000000022
Solve time: 0.003206968307495117
2024-09-14 14:12:34,646 - Learned the following sketch:
(:policy
(:booleans )
(:numericals (f2 "n_count(c_primitive(useable,0))"))
(:rule (:conditions (:c_n_gt f2)) (:effects (:e_n_dec f2)))
(:rule (:conditions (:c_n_gt f2)) (:effects (:e_n_bot f2)))
)
Numer of sketch rules: 2
Number of selected features: 1
Maximum complexity of selected feature: 2
Sketch solves: /proj/ssiw/users/x_domdr/projects/code/sketch-learner/learning/benchmarks/tractable/spanner/training/easy/p-1-2-2-12.pddl
Sketch cycles
Instance: 5
39
39
Number of unsatisfied D2 facts: 129
Number of D2 facts: 196 of 1024
2024-09-14 14:12:34,880 - Grounding Logic Program...
2024-09-14 14:12:34,976 - ..done
2024-09-14 14:12:34,976 - Solving Logic Program...
2024-09-14 14:12:34,987 - ..done
Clingo statistics:
{'call': 0.0, 'result': 1.0, 'signal': 0.0, 'exhausted': 1.0, 'costs': [5.0], 'lower': [5.0], 'concurrency': 32.0, 'winner': 29.0, 'times': {'total': 0.34003305435180664, 'cpu': 0.42350099999999946, 'solve': 0.0056841373443603516, 'unsat': 0.0016100406646728516, 'sat': 0.0018229484558105469}, 'models': {'enumerated': 19.0, 'optimal': 1.0}}
Solution cost: [5.0]
Total time: 0.34003305435180664
CPU time: 0.42350099999999946
Solve time: 0.0056841373443603516
2024-09-14 14:12:35,033 - Learned the following sketch:
(:policy
(:booleans )
(:numericals (f9 "n_count(r_restrict(r_primitive(carrying,0,1),c_primitive(useable,0)))"))
(:rule (:conditions (:c_n_gt f9)) (:effects (:e_n_inc f9)))
(:rule (:conditions (:c_n_gt f9)) (:effects (:e_n_dec f9)))
(:rule (:conditions (:c_n_gt f9)) (:effects (:e_n_bot f9)))
(:rule (:conditions (:c_n_eq f9)) (:effects (:e_n_inc f9)))
(:rule (:conditions (:c_n_eq f9)) (:effects (:e_n_bot f9)))
)
Numer of sketch rules: 5
Number of selected features: 1
Maximum complexity of selected feature: 4
Sketch solves: /proj/ssiw/users/x_domdr/projects/code/sketch-learner/learning/benchmarks/tractable/spanner/training/easy/p-1-2-2-12.pddl
Sketch cycles
Instance: 5
39
39
Number of unsatisfied D2 facts: 34
Number of D2 facts: 230 of 1024
2024-09-14 14:12:35,268 - Grounding Logic Program...
2024-09-14 14:12:35,368 - ..done
2024-09-14 14:12:35,368 - Solving Logic Program...
2024-09-14 14:12:35,381 - ..done
Clingo statistics:
{'call': 0.0, 'result': 1.0, 'signal': 0.0, 'exhausted': 1.0, 'costs': [5.0], 'lower': [5.0], 'concurrency': 32.0, 'winner': 24.0, 'times': {'total': 0.3471338748931885, 'cpu': 0.45208099999999973, 'solve': 0.006866931915283203, 'unsat': 0.0018079280853271484, 'sat': 0.002128124237060547}, 'models': {'enumerated': 24.0, 'optimal': 1.0}}
Solution cost: [5.0]
Total time: 0.3471338748931885
CPU time: 0.45208099999999973
Solve time: 0.006866931915283203
2024-09-14 14:12:35,425 - Learned the following sketch:
(:policy
(:booleans )
(:numericals (f9 "n_count(r_restrict(r_primitive(carrying,0,1),c_primitive(useable,0)))"))
(:rule (:conditions (:c_n_gt f9)) (:effects (:e_n_inc f9)))
(:rule (:conditions (:c_n_gt f9)) (:effects (:e_n_dec f9)))
(:rule (:conditions (:c_n_eq f9)) (:effects (:e_n_inc f9)))
)
Numer of sketch rules: 3
Number of selected features: 1
Maximum complexity of selected feature: 4
Sketch solves: /proj/ssiw/users/x_domdr/projects/code/sketch-learner/learning/benchmarks/tractable/spanner/training/easy/p-1-2-2-12.pddl
2024-09-14 14:12:35,426 - Verifying learned sketch...
Sketch solves: /proj/ssiw/users/x_domdr/projects/code/sketch-learner/learning/benchmarks/tractable/spanner/training/easy/p-1-2-2-12.pddl
Sketch solves: /proj/ssiw/users/x_domdr/projects/code/sketch-learner/learning/benchmarks/tractable/spanner/training/easy/p-1-1-1-5.pddl
Sketch solves: /proj/ssiw/users/x_domdr/projects/code/sketch-learner/learning/benchmarks/tractable/spanner/training/easy/p-2-1-1-6.pddl
Sketch solves: /proj/ssiw/users/x_domdr/projects/code/sketch-learner/learning/benchmarks/tractable/spanner/training/easy/p-3-1-1-23.pddl
Sketch solves: /proj/ssiw/users/x_domdr/projects/code/sketch-learner/learning/benchmarks/tractable/spanner/training/easy/p-2-1-1-20.pddl
Sketch solves: /proj/ssiw/users/x_domdr/projects/code/sketch-learner/learning/benchmarks/tractable/spanner/training/easy/p-3-1-1-20.pddl
Sketch solves: /proj/ssiw/users/x_domdr/projects/code/sketch-learner/learning/benchmarks/tractable/spanner/training/easy/p-1-2-2-12.pddl
Sketch solves: /proj/ssiw/users/x_domdr/projects/code/sketch-learner/learning/benchmarks/tractable/spanner/training/easy/p-3-1-1-18.pddl
Sketch solves: /proj/ssiw/users/x_domdr/projects/code/sketch-learner/learning/benchmarks/tractable/spanner/training/easy/p-2-2-2-18.pddl
Sketch solves: /proj/ssiw/users/x_domdr/projects/code/sketch-learner/learning/benchmarks/tractable/spanner/training/easy/p-3-2-2-10.pddl
Sketch solves: /proj/ssiw/users/x_domdr/projects/code/sketch-learner/learning/benchmarks/tractable/spanner/training/easy/p-2-2-2-25.pddl
Sketch solves: /proj/ssiw/users/x_domdr/projects/code/sketch-learner/learning/benchmarks/tractable/spanner/training/easy/p-3-2-2-24.pddl
Sketch solves: /proj/ssiw/users/x_domdr/projects/code/sketch-learner/learning/benchmarks/tractable/spanner/training/easy/p-1-3-3-19.pddl
Sketch solves: /proj/ssiw/users/x_domdr/projects/code/sketch-learner/learning/benchmarks/tractable/spanner/training/easy/p-2-2-2-26.pddl
Sketch solves: /proj/ssiw/users/x_domdr/projects/code/sketch-learner/learning/benchmarks/tractable/spanner/training/easy/p-2-3-3-15.pddl
Sketch solves: /proj/ssiw/users/x_domdr/projects/code/sketch-learner/learning/benchmarks/tractable/spanner/training/easy/p-3-2-2-14.pddl
Sketch solves: /proj/ssiw/users/x_domdr/projects/code/sketch-learner/learning/benchmarks/tractable/spanner/training/easy/p-3-2-2-20.pddl
Sketch solves: /proj/ssiw/users/x_domdr/projects/code/sketch-learner/learning/benchmarks/tractable/spanner/training/easy/p-3-2-2-9.pddl
Sketch solves: /proj/ssiw/users/x_domdr/projects/code/sketch-learner/learning/benchmarks/tractable/spanner/training/easy/p-3-3-3-6.pddl
Sketch solves: /proj/ssiw/users/x_domdr/projects/code/sketch-learner/learning/benchmarks/tractable/spanner/training/easy/p-2-3-3-19.pddl
Sketch solves: /proj/ssiw/users/x_domdr/projects/code/sketch-learner/learning/benchmarks/tractable/spanner/training/easy/p-3-2-2-6.pddl
Sketch solves: /proj/ssiw/users/x_domdr/projects/code/sketch-learner/learning/benchmarks/tractable/spanner/training/easy/p-3-3-3-2.pddl
Sketch solves: /proj/ssiw/users/x_domdr/projects/code/sketch-learner/learning/benchmarks/tractable/spanner/training/easy/p-3-3-3-25.pddl
Sketch solves: /proj/ssiw/users/x_domdr/projects/code/sketch-learner/learning/benchmarks/tractable/spanner/training/easy/p-2-3-3-27.pddl
Sketch solves: /proj/ssiw/users/x_domdr/projects/code/sketch-learner/learning/benchmarks/tractable/spanner/training/easy/p-2-3-3-0.pddl
Sketch solves: /proj/ssiw/users/x_domdr/projects/code/sketch-learner/learning/benchmarks/tractable/spanner/training/easy/p-3-3-3-1.pddl
Sketch solves: /proj/ssiw/users/x_domdr/projects/code/sketch-learner/learning/benchmarks/tractable/spanner/training/easy/p-3-3-3-9.pddl
Sketch solves: /proj/ssiw/users/x_domdr/projects/code/sketch-learner/learning/benchmarks/tractable/spanner/training/easy/p-3-3-3-7.pddl
Sketch solves: /proj/ssiw/users/x_domdr/projects/code/sketch-learner/learning/benchmarks/tractable/spanner/training/easy/p-3-3-3-8.pddl
Sketch solves: /proj/ssiw/users/x_domdr/projects/code/sketch-learner/learning/benchmarks/tractable/spanner/training/easy/p-3-3-3-29.pddl
Sketch solves: /proj/ssiw/users/x_domdr/projects/code/sketch-learner/learning/benchmarks/tractable/spanner/training/easy/p-3-3-3-17.pddl
2024-09-14 14:12:35,460 - ..done
Sketch solves all instances!
================================================================================
2024-09-14 14:12:35,460 - Summary:
LearningStatistics:
    num_training_instances: 30
    num_selected_training_instances (|P|): 1
    num_states_in_selected_training_instances (|S|): 10
    num_states_in_complete_selected_training_instances (|S|): 18
    num_features_in_pool (|F|): 164
================================================================================
Resulting sketch:
(:policy
(:booleans )
(:numericals (f9 "n_count(r_restrict(r_primitive(carrying,0,1),c_primitive(useable,0)))"))
(:rule (:conditions (:c_n_gt f9)) (:effects (:e_n_inc f9)))
(:rule (:conditions (:c_n_gt f9)) (:effects (:e_n_dec f9)))
(:rule (:conditions (:c_n_eq f9)) (:effects (:e_n_inc f9)))
)
Numer of sketch rules: 3
Number of selected features: 1
Maximum complexity of selected feature: 4
================================================================================
Resulting minimized sketch:
(:policy
(:booleans )
(:numericals (f9 "n_count(r_restrict(r_primitive(carrying,0,1),c_primitive(useable,0)))"))
(:rule (:conditions ) (:effects (:e_n_inc f9)))
(:rule (:conditions (:c_n_gt f9)) (:effects (:e_n_dec f9)))
)
Numer of sketch rules: 2
Number of selected features: 1
Maximum complexity of selected feature: 4
================================================================================
================================================================================
Preprocessing time: 2 seconds.
ASP time: 2 seconds.
Verification time: 1 seconds.
Total time: 4 seconds.
Total memory: 0 GiB.
Num states in training data before symmetry pruning: 9291
Num states in training data after symmetry pruning: 283
================================================================================

