Changing working directory:  /proj/ssiw/projects/code/sketch-learner/learning/d2l/workspace/blocks_4_sketch_on_2_2_9_9_9_9_9
Creating sym link: /proj/ssiw/projects/code/sketch-learner/learning/d2l/libs/dlplan/libs/scorpion/fast-downward.py /proj/ssiw/projects/code/sketch-learner/learning/d2l/workspace/blocks_4_sketch_on_2_2_9_9_9_9_9/fast-downward.py
================================================================================
SLTP v.0.2.0
================================================================================
================================================================================
(pid: 88463) STARTING STEP #1: Incremental learning module
================================================================================
2022-11-26 23:01:57 INFO     [40m[34mInitializing DomainData...[0m
2022-11-26 23:01:57 INFO     Constructing DomainData for filename /proj/ssiw/projects/code/sketch-learner/learning/d2l/benchmarks/blocks_4_on/domain.pddl
2022-11-26 23:01:57 INFO     [40m[34m..done[0m
2022-11-26 23:01:57 INFO     [40m[34mInitializing InstanceDatas...[0m
2022-11-26 23:01:57 INFO     Constructing InstanceData for filename /proj/ssiw/projects/code/sketch-learner/learning/d2l/benchmarks/blocks_4_on/p-2-0.pddl
Num states: 5
2022-11-26 23:01:58 INFO     Constructing InstanceData for filename /proj/ssiw/projects/code/sketch-learner/learning/d2l/benchmarks/blocks_4_on/p-3-0.pddl
Num states: 22
2022-11-26 23:01:58 INFO     Constructing InstanceData for filename /proj/ssiw/projects/code/sketch-learner/learning/d2l/benchmarks/blocks_4_on/p-4-0.pddl
Num states: 125
2022-11-26 23:01:58 INFO     [40m[34m..done[0m
2022-11-26 23:01:58 INFO     [40m[34mInitializing TupleGraphs...[0m
2022-11-26 23:01:58 INFO     [40m[34m..done[0m

2022-11-26 23:01:58 INFO     [40m[31mIteration: 0[0m
Number of selected instances: 1
Selected instances:
    id: 0 name: p-2-0
initial states: [0, 1, 2, 3]
2022-11-26 23:01:58 INFO     [40m[34mInitializing DomainFeatureData...[0m
[t=7.35065s, 1329836 KB] Started generating base features of complexity 1.
[t=7.35102s, 1329836 KB] Complexity 1:
    b_nullary: 2
    c_one_of: 0
    c_top: 1
    c_bot: 1
    c_primitive: 3
    r_primitive: 2
    c_and: 0
    c_not: 0
    c_equal: 0
    c_some: 0
    c_all: 0
    r_restrict: 0
    r_and: 0
    r_inverse: 0
    r_transitive_closure: 0
    b_empty: 0
    n_count: 0
    n_concept_distance: 0
[t=7.35113s, 1329836 KB] Finished generating base features.
[t=7.35116s, 1329836 KB] Started generating composite features. 
[t=7.35136s, 1329836 KB] Complexity 2:
Total concept elements: 8
Total role elements: 4
Total numerical elements: 6
Total boolean elements: 4
    b_nullary: 2
    c_one_of: 0
    c_top: 1
    c_bot: 1
    c_primitive: 3
    r_primitive: 2
    c_and: 0
    c_not: 3
    c_equal: 0
    c_some: 0
    c_all: 0
    r_restrict: 0
    r_and: 0
    r_inverse: 2
    r_transitive_closure: 0
    b_empty: 2
    n_count: 6
    n_concept_distance: 0
[t=7.35175s, 1329836 KB] Complexity 3:
Total concept elements: 20
Total role elements: 9
Total numerical elements: 8
Total boolean elements: 5
    b_nullary: 2
    c_one_of: 0
    c_top: 1
    c_bot: 1
    c_primitive: 3
    r_primitive: 2
    c_and: 1
    c_not: 3
    c_equal: 1
    c_some: 5
    c_all: 5
    r_restrict: 4
    r_and: 1
    r_inverse: 2
    r_transitive_closure: 0
    b_empty: 3
    n_count: 8
    n_concept_distance: 0
[t=7.35227s, 1329836 KB] Complexity 4:
Total concept elements: 36
Total role elements: 15
Total numerical elements: 18
Total boolean elements: 11
    b_nullary: 2
    c_one_of: 0
    c_top: 1
    c_bot: 1
    c_primitive: 3
    r_primitive: 2
    c_and: 2
    c_not: 11
    c_equal: 1
    c_some: 8
    c_all: 9
    r_restrict: 4
    r_and: 3
    r_inverse: 6
    r_transitive_closure: 0
    b_empty: 9
    n_count: 18
    n_concept_distance: 0
[t=7.35369s, 1329836 KB] Complexity 5:
Total concept elements: 68
Total role elements: 15
Total numerical elements: 33
Total boolean elements: 19
    b_nullary: 2
    c_one_of: 0
    c_top: 1
    c_bot: 1
    c_primitive: 3
    r_primitive: 2
    c_and: 18
    c_not: 17
    c_equal: 1
    c_some: 13
    c_all: 14
    r_restrict: 4
    r_and: 3
    r_inverse: 6
    r_transitive_closure: 0
    b_empty: 17
    n_count: 33
    n_concept_distance: 0
[t=7.35782s, 1329836 KB] Complexity 6:
Total concept elements: 127
Total role elements: 15
Total numerical elements: 61
Total boolean elements: 26
    b_nullary: 2
    c_one_of: 0
    c_top: 1
    c_bot: 1
    c_primitive: 3
    r_primitive: 2
    c_and: 43
    c_not: 35
    c_equal: 1
    c_some: 17
    c_all: 26
    r_restrict: 4
    r_and: 3
    r_inverse: 6
    r_transitive_closure: 0
    b_empty: 24
    n_count: 52
    n_concept_distance: 9
[t=7.3627s, 1329836 KB] Complexity 7:
Total concept elements: 175
Total role elements: 16
Total numerical elements: 89
Total boolean elements: 30
    b_nullary: 2
    c_one_of: 0
    c_top: 1
    c_bot: 1
    c_primitive: 3
    r_primitive: 2
    c_and: 71
    c_not: 54
    c_equal: 1
    c_some: 17
    c_all: 27
    r_restrict: 4
    r_and: 4
    r_inverse: 6
    r_transitive_closure: 0
    b_empty: 28
    n_count: 71
    n_concept_distance: 18
[t=7.37226s, 1329836 KB] Complexity 8:
Total concept elements: 256
Total role elements: 17
Total numerical elements: 126
Total boolean elements: 32
    b_nullary: 2
    c_one_of: 0
    c_top: 1
    c_bot: 1
    c_primitive: 3
    r_primitive: 2
    c_and: 120
    c_not: 76
    c_equal: 1
    c_some: 19
    c_all: 35
    r_restrict: 4
    r_and: 4
    r_inverse: 7
    r_transitive_closure: 0
    b_empty: 30
    n_count: 93
    n_concept_distance: 33
[t=7.38739s, 1329836 KB] Complexity 9:
Total concept elements: 344
Total role elements: 17
Total numerical elements: 172
Total boolean elements: 32
    b_nullary: 2
    c_one_of: 0
    c_top: 1
    c_bot: 1
    c_primitive: 3
    r_primitive: 2
    c_and: 166
    c_not: 116
    c_equal: 1
    c_some: 20
    c_all: 36
    r_restrict: 4
    r_and: 4
    r_inverse: 7
    r_transitive_closure: 0
    b_empty: 30
    n_count: 120
    n_concept_distance: 52
[t=7.38751s, 1329836 KB] Finished generating composite features.
DomainFeatureDataStatistics:
    num_dlplan_states: 5
    num_boolean_features: 32
    num_numerical_features: 172
2022-11-26 23:01:59 INFO     [40m[34m..done[0m
2022-11-26 23:01:59 INFO     [40m[34mInitializing InstanceFeatureDatas...[0m
2022-11-26 23:01:59 INFO     [40m[34m..done[0m
2022-11-26 23:01:59 INFO     [40m[34mInitializing StatePairEquivalenceDatas...[0m
2022-11-26 23:01:59 INFO     [40m[34m..done[0m
2022-11-26 23:01:59 INFO     [40m[34mInitializing TupleGraphEquivalences...[0m
2022-11-26 23:01:59 INFO     [40m[34m..done[0m
2022-11-26 23:01:59 INFO     [40m[34mInitializing TupleGraphEquivalenceMinimizer...[0m
Num subgoals: 20
Num of selected subgoals: 5
Num rules: 5
Num of selected rules: 5
Num subgoals: 20
Num of selected subgoals: 5
Num rules: 5
Num of selected rules: 5
Num subgoals: 20
Num of selected subgoals: 5
Num rules: 5
Num of selected rules: 5
Num subgoals: 20
Num of selected subgoals: 5
Num rules: 5
Num of selected rules: 5
2022-11-26 23:01:59 INFO     [40m[34m..done[0m
Number of initial D2 facts: 40
Number of D2 facts: 40 of 400
2022-11-26 23:01:59 INFO     [40m[34mGrounding Logic Program...[0m
2022-11-26 23:01:59 INFO     [40m[34m..done[0m
2022-11-26 23:01:59 INFO     [40m[34mSolving Logic Program...[0m
2022-11-26 23:01:59 INFO     [40m[34m..done[0m
Clingo statistics:
Total time:  0.12689900398254395
CPU time:  0.21549899999999989
Solve time:  0.011967897415161133
2022-11-26 23:01:59 INFO     Learned the following sketch:
(:policy
(:boolean_features )
(:numerical_features "n_count(r_and(r_primitive(on,0,1),r_primitive(on_g,0,1)))")
(:rule (:conditions (:c_n_eq 0)) (:effects (:e_n_bot 0)))
(:rule (:conditions (:c_n_eq 0)) (:effects (:e_n_inc 0)))
)
Numer of sketch rules: 2
Number of selected features: 1
Maximum complexity of selected feature: 4
[40m[31mSketch cycles[0m
Instance: 0 p-2-0
3 (instance index=0, state index=3, atoms={on-table(b2), clear(b2), holding(b1)})
3 (instance index=0, state index=3, atoms={on-table(b2), clear(b2), holding(b1)})
Number of unsatisfied D2 facts: 15
Number of D2 facts: 55 of 400
2022-11-26 23:01:59 INFO     [40m[34mGrounding Logic Program...[0m
2022-11-26 23:01:59 INFO     [40m[34m..done[0m
2022-11-26 23:01:59 INFO     [40m[34mSolving Logic Program...[0m
2022-11-26 23:01:59 INFO     [40m[34m..done[0m
Clingo statistics:
Total time:  0.2497570514678955
CPU time:  0.320862
Solve time:  0.007871150970458984
2022-11-26 23:01:59 INFO     Learned the following sketch:
(:policy
(:boolean_features "b_empty(r_and(r_primitive(on,0,1),r_primitive(on_g,0,1)))")
(:numerical_features )
(:rule (:conditions (:c_b_pos 0)) (:effects (:e_b_neg 0)))
)
Numer of sketch rules: 1
Number of selected features: 1
Maximum complexity of selected feature: 4
2022-11-26 23:01:59 INFO     [40m[34mVerifying learned sketch...[0m
2022-11-26 23:01:59 INFO     [40m[34m..done[0m
2022-11-26 23:01:59 INFO     [40m[33mIteration summary:[0m
DomainFeatureDataStatistics:
    num_dlplan_states: 5
    num_boolean_features: 32
    num_numerical_features: 172
StatePairEquivalenceStatistics:
    num_state_pairs: 20
    num_equivalences: 20
TupleGraphEquivalenceMinimizerStatistics:
    Number of input tuples: 80
    Number of output tuples: 20
[40m[31mSketch solves all instances![0m
2022-11-26 23:01:59 INFO     [40m[32mSummary:[0m
Boolean features:
b_nullary(arm-empty)
b_nullary(arm-empty_g)
b_empty(c_bot)
b_empty(r_primitive(on,0,1))
b_empty(c_not(c_primitive(clear,0)))
b_empty(c_and(c_primitive(clear,0),c_primitive(on-table,0)))
b_empty(c_equal(r_primitive(on,0,1),r_primitive(on_g,0,1)))
b_empty(c_some(r_primitive(on_g,0,1),c_primitive(clear,0)))
b_empty(c_some(r_primitive(on_g,0,1),c_primitive(on-table,0)))
b_empty(c_some(r_primitive(on_g,0,1),c_primitive(holding,0)))
b_empty(r_and(r_primitive(on,0,1),r_primitive(on_g,0,1)))
b_empty(c_not(c_equal(r_primitive(on,0,1),r_primitive(on_g,0,1))))
b_empty(c_not(c_all(r_primitive(on_g,0,1),c_primitive(clear,0))))
b_empty(c_not(c_all(r_primitive(on_g,0,1),c_primitive(on-table,0))))
b_empty(c_not(c_all(r_primitive(on_g,0,1),c_primitive(holding,0))))
b_empty(c_some(r_inverse(r_primitive(on_g,0,1)),c_primitive(clear,0)))
b_empty(c_some(r_inverse(r_primitive(on_g,0,1)),c_primitive(on-table,0)))
b_empty(c_some(r_inverse(r_primitive(on_g,0,1)),c_primitive(holding,0)))
b_empty(r_and(r_inverse(r_primitive(on_g,0,1)),r_primitive(on,0,1)))
b_empty(c_and(c_primitive(clear,0),c_some(r_primitive(on_g,0,1),c_primitive(clear,0))))
b_empty(c_and(c_primitive(clear,0),c_some(r_primitive(on_g,0,1),c_primitive(on-table,0))))
b_empty(c_and(c_primitive(on-table,0),c_some(r_primitive(on_g,0,1),c_primitive(clear,0))))
b_empty(c_not(c_all(r_inverse(r_primitive(on_g,0,1)),c_primitive(clear,0))))
b_empty(c_not(c_all(r_inverse(r_primitive(on_g,0,1)),c_primitive(on-table,0))))
b_empty(c_not(c_all(r_inverse(r_primitive(on_g,0,1)),c_primitive(holding,0))))
b_empty(c_some(r_primitive(on_g,0,1),c_and(c_primitive(clear,0),c_primitive(on-table,0))))
b_empty(c_and(c_all(r_primitive(on_g,0,1),c_primitive(on-table,0)),c_not(c_primitive(clear,0))))
b_empty(c_and(c_all(r_primitive(on_g,0,1),c_primitive(clear,0)),c_not(c_primitive(on-table,0))))
b_empty(c_not(c_all(r_primitive(on_g,0,1),c_and(c_primitive(clear,0),c_primitive(on-table,0)))))
b_empty(c_some(r_inverse(r_primitive(on_g,0,1)),c_and(c_primitive(clear,0),c_primitive(on-table,0))))
b_empty(c_and(c_not(c_all(r_primitive(on_g,0,1),c_primitive(holding,0))),c_not(c_primitive(holding,0))))
b_empty(c_not(c_all(r_inverse(r_primitive(on_g,0,1)),c_and(c_primitive(clear,0),c_primitive(on-table,0)))))
Numerical features:
n_count(c_top)
n_count(c_bot)
n_count(c_primitive(clear,0))
n_count(c_primitive(holding,0))
n_count(r_primitive(on,0,1))
n_count(r_primitive(on_g,0,1))
n_count(c_not(c_primitive(clear,0)))
n_count(c_not(c_primitive(holding,0)))
n_count(c_and(c_primitive(clear,0),c_primitive(on-table,0)))
n_count(c_equal(r_primitive(on,0,1),r_primitive(on_g,0,1)))
n_count(c_some(r_primitive(on_g,0,1),c_primitive(clear,0)))
n_count(c_some(r_primitive(on_g,0,1),c_primitive(on-table,0)))
n_count(c_some(r_primitive(on_g,0,1),c_primitive(holding,0)))
n_count(c_all(r_primitive(on,0,1),c_bot))
n_count(c_all(r_primitive(on_g,0,1),c_primitive(clear,0)))
n_count(c_all(r_primitive(on_g,0,1),c_primitive(on-table,0)))
n_count(c_all(r_primitive(on_g,0,1),c_primitive(holding,0)))
n_count(r_and(r_primitive(on,0,1),r_primitive(on_g,0,1)))
n_count(c_not(c_and(c_primitive(clear,0),c_primitive(on-table,0))))
n_count(c_not(c_equal(r_primitive(on,0,1),r_primitive(on_g,0,1))))
n_count(c_not(c_some(r_primitive(on_g,0,1),c_primitive(clear,0))))
n_count(c_not(c_some(r_primitive(on_g,0,1),c_primitive(on-table,0))))
n_count(c_not(c_some(r_primitive(on_g,0,1),c_primitive(holding,0))))
n_count(c_not(c_all(r_primitive(on_g,0,1),c_primitive(clear,0))))
n_count(c_not(c_all(r_primitive(on_g,0,1),c_primitive(on-table,0))))
n_count(c_not(c_all(r_primitive(on_g,0,1),c_primitive(holding,0))))
n_count(c_some(r_inverse(r_primitive(on_g,0,1)),c_primitive(clear,0)))
n_count(c_some(r_inverse(r_primitive(on_g,0,1)),c_primitive(on-table,0)))
n_count(c_some(r_inverse(r_primitive(on_g,0,1)),c_primitive(holding,0)))
n_count(c_all(r_inverse(r_primitive(on_g,0,1)),c_primitive(clear,0)))
n_count(c_all(r_inverse(r_primitive(on_g,0,1)),c_primitive(on-table,0)))
n_count(c_all(r_inverse(r_primitive(on_g,0,1)),c_primitive(holding,0)))
n_count(r_and(r_inverse(r_primitive(on_g,0,1)),r_primitive(on,0,1)))
n_count(c_and(c_primitive(clear,0),c_some(r_primitive(on_g,0,1),c_primitive(clear,0))))
n_count(c_and(c_primitive(clear,0),c_some(r_primitive(on_g,0,1),c_primitive(on-table,0))))
n_count(c_and(c_all(r_primitive(on_g,0,1),c_primitive(clear,0)),c_primitive(clear,0)))
n_count(c_and(c_all(r_primitive(on_g,0,1),c_primitive(on-table,0)),c_primitive(clear,0)))
n_count(c_and(c_all(r_primitive(on_g,0,1),c_primitive(holding,0)),c_primitive(clear,0)))
n_count(c_and(c_primitive(on-table,0),c_some(r_primitive(on_g,0,1),c_primitive(clear,0))))
n_count(c_and(c_all(r_primitive(on_g,0,1),c_primitive(on-table,0)),c_primitive(on-table,0)))
n_count(c_and(c_all(r_primitive(on_g,0,1),c_primitive(holding,0)),c_primitive(on-table,0)))
n_count(c_not(c_some(r_inverse(r_primitive(on_g,0,1)),c_primitive(clear,0))))
n_count(c_not(c_some(r_inverse(r_primitive(on_g,0,1)),c_primitive(on-table,0))))
n_count(c_not(c_some(r_inverse(r_primitive(on_g,0,1)),c_primitive(holding,0))))
n_count(c_not(c_all(r_inverse(r_primitive(on_g,0,1)),c_primitive(clear,0))))
n_count(c_not(c_all(r_inverse(r_primitive(on_g,0,1)),c_primitive(on-table,0))))
n_count(c_not(c_all(r_inverse(r_primitive(on_g,0,1)),c_primitive(holding,0))))
n_count(c_some(r_primitive(on_g,0,1),c_and(c_primitive(clear,0),c_primitive(on-table,0))))
n_count(c_all(r_primitive(on,0,1),c_equal(r_primitive(on,0,1),r_primitive(on_g,0,1))))
n_count(c_all(r_primitive(on,0,1),c_some(r_primitive(on_g,0,1),c_top)))
n_count(c_all(r_primitive(on_g,0,1),c_and(c_primitive(clear,0),c_primitive(on-table,0))))
n_count(c_all(r_primitive(on_g,0,1),c_some(r_primitive(on,0,1),c_top)))
n_concept_distance(c_some(r_primitive(on_g,0,1),c_top),r_primitive(on,0,1),c_bot)
n_concept_distance(c_some(r_primitive(on_g,0,1),c_top),r_primitive(on,0,1),c_primitive(clear,0))
n_concept_distance(c_some(r_primitive(on_g,0,1),c_top),r_primitive(on,0,1),c_primitive(on-table,0))
n_concept_distance(c_some(r_primitive(on_g,0,1),c_top),r_primitive(on,0,1),c_primitive(holding,0))
n_concept_distance(c_some(r_primitive(on_g,0,1),c_top),r_primitive(on_g,0,1),c_primitive(holding,0))
n_concept_distance(c_all(r_primitive(on_g,0,1),c_bot),r_primitive(on,0,1),c_primitive(clear,0))
n_concept_distance(c_all(r_primitive(on_g,0,1),c_bot),r_primitive(on,0,1),c_primitive(on-table,0))
n_concept_distance(c_all(r_primitive(on_g,0,1),c_bot),r_primitive(on,0,1),c_primitive(holding,0))
n_concept_distance(c_all(r_primitive(on_g,0,1),c_bot),r_primitive(on_g,0,1),c_primitive(on-table,0))
n_count(c_and(c_all(r_inverse(r_primitive(on_g,0,1)),c_primitive(clear,0)),c_primitive(clear,0)))
n_count(c_and(c_all(r_inverse(r_primitive(on_g,0,1)),c_primitive(on-table,0)),c_primitive(clear,0)))
n_count(c_and(c_all(r_inverse(r_primitive(on_g,0,1)),c_primitive(on-table,0)),c_primitive(on-table,0)))
n_count(c_and(c_all(r_primitive(on_g,0,1),c_primitive(on-table,0)),c_not(c_primitive(clear,0))))
n_count(c_and(c_all(r_primitive(on_g,0,1),c_primitive(clear,0)),c_not(c_primitive(on-table,0))))
n_count(c_and(c_equal(r_primitive(on,0,1),r_primitive(on_g,0,1)),c_not(c_primitive(holding,0))))
n_count(c_and(c_all(r_primitive(on_g,0,1),c_primitive(clear,0)),c_not(c_primitive(holding,0))))
n_count(c_and(c_all(r_primitive(on_g,0,1),c_primitive(on-table,0)),c_not(c_primitive(holding,0))))
n_count(c_not(c_and(c_primitive(clear,0),c_some(r_primitive(on_g,0,1),c_primitive(clear,0)))))
n_count(c_not(c_and(c_primitive(clear,0),c_some(r_primitive(on_g,0,1),c_primitive(on-table,0)))))
n_count(c_not(c_and(c_all(r_primitive(on_g,0,1),c_primitive(clear,0)),c_primitive(clear,0))))
n_count(c_not(c_and(c_all(r_primitive(on_g,0,1),c_primitive(on-table,0)),c_primitive(clear,0))))
n_count(c_not(c_and(c_all(r_primitive(on_g,0,1),c_primitive(holding,0)),c_primitive(clear,0))))
n_count(c_not(c_and(c_primitive(on-table,0),c_some(r_primitive(on_g,0,1),c_primitive(clear,0)))))
n_count(c_not(c_and(c_all(r_primitive(on_g,0,1),c_primitive(on-table,0)),c_primitive(on-table,0))))
n_count(c_not(c_some(r_primitive(on_g,0,1),c_and(c_primitive(clear,0),c_primitive(on-table,0)))))
n_count(c_not(c_all(r_primitive(on_g,0,1),c_and(c_primitive(clear,0),c_primitive(on-table,0)))))
n_count(c_some(r_inverse(r_primitive(on_g,0,1)),c_and(c_primitive(clear,0),c_primitive(on-table,0))))
n_count(c_all(r_inverse(r_primitive(on_g,0,1)),c_and(c_primitive(clear,0),c_primitive(on-table,0))))
n_concept_distance(c_some(r_primitive(on_g,0,1),c_top),r_primitive(on,0,1),c_not(c_primitive(clear,0)))
n_concept_distance(c_some(r_primitive(on_g,0,1),c_top),r_primitive(on,0,1),c_not(c_primitive(on-table,0)))
n_concept_distance(c_some(r_primitive(on_g,0,1),c_top),r_primitive(on,0,1),c_not(c_primitive(holding,0)))
n_concept_distance(c_some(r_primitive(on_g,0,1),c_top),r_primitive(on_g,0,1),c_not(c_primitive(clear,0)))
n_concept_distance(c_some(r_primitive(on_g,0,1),c_top),r_primitive(on_g,0,1),c_not(c_primitive(on-table,0)))
n_concept_distance(c_all(r_primitive(on_g,0,1),c_bot),r_primitive(on,0,1),c_not(c_primitive(clear,0)))
n_concept_distance(c_all(r_primitive(on_g,0,1),c_bot),r_primitive(on,0,1),c_not(c_primitive(on-table,0)))
n_concept_distance(c_all(r_primitive(on_g,0,1),c_bot),r_primitive(on,0,1),c_not(c_primitive(holding,0)))
n_concept_distance(c_all(r_primitive(on_g,0,1),c_bot),r_primitive(on_g,0,1),c_not(c_primitive(clear,0)))
n_count(c_and(c_and(c_all(r_primitive(on_g,0,1),c_primitive(clear,0)),c_primitive(on-table,0)),c_primitive(clear,0)))
n_count(c_and(c_and(c_all(r_primitive(on_g,0,1),c_primitive(holding,0)),c_primitive(on-table,0)),c_primitive(clear,0)))
n_count(c_and(c_all(r_primitive(on,0,1),c_equal(r_primitive(on,0,1),r_primitive(on_g,0,1))),c_primitive(clear,0)))
n_count(c_and(c_all(r_primitive(on,0,1),c_some(r_primitive(on_g,0,1),c_top)),c_primitive(clear,0)))
n_count(c_and(c_not(c_and(c_primitive(clear,0),c_primitive(on-table,0))),c_not(c_primitive(holding,0))))
n_count(c_and(c_not(c_equal(r_primitive(on,0,1),r_primitive(on_g,0,1))),c_not(c_primitive(holding,0))))
n_count(c_and(c_not(c_primitive(holding,0)),c_not(c_some(r_primitive(on_g,0,1),c_primitive(holding,0)))))
n_count(c_and(c_not(c_all(r_primitive(on_g,0,1),c_primitive(holding,0))),c_not(c_primitive(holding,0))))
n_count(c_and(c_all(r_inverse(r_primitive(on_g,0,1)),c_primitive(clear,0)),c_not(c_primitive(holding,0))))
n_count(c_and(c_all(r_inverse(r_primitive(on_g,0,1)),c_primitive(on-table,0)),c_not(c_primitive(holding,0))))
n_count(c_and(c_all(r_primitive(on,0,1),c_bot),c_all(r_primitive(on_g,0,1),c_primitive(on-table,0))))
n_count(c_and(c_all(r_primitive(on,0,1),c_bot),c_all(r_primitive(on_g,0,1),c_primitive(holding,0))))
n_count(c_not(c_and(c_all(r_inverse(r_primitive(on_g,0,1)),c_primitive(clear,0)),c_primitive(clear,0))))
n_count(c_not(c_and(c_all(r_inverse(r_primitive(on_g,0,1)),c_primitive(on-table,0)),c_primitive(clear,0))))
n_count(c_not(c_and(c_all(r_inverse(r_primitive(on_g,0,1)),c_primitive(on-table,0)),c_primitive(on-table,0))))
n_count(c_not(c_and(c_all(r_primitive(on_g,0,1),c_primitive(on-table,0)),c_not(c_primitive(clear,0)))))
n_count(c_not(c_and(c_all(r_primitive(on_g,0,1),c_primitive(clear,0)),c_not(c_primitive(on-table,0)))))
n_count(c_not(c_and(c_equal(r_primitive(on,0,1),r_primitive(on_g,0,1)),c_not(c_primitive(holding,0)))))
n_count(c_not(c_and(c_all(r_primitive(on_g,0,1),c_primitive(clear,0)),c_not(c_primitive(holding,0)))))
n_count(c_not(c_and(c_all(r_primitive(on_g,0,1),c_primitive(on-table,0)),c_not(c_primitive(holding,0)))))
n_count(c_not(c_some(r_inverse(r_primitive(on_g,0,1)),c_and(c_primitive(clear,0),c_primitive(on-table,0)))))
n_count(c_not(c_all(r_inverse(r_primitive(on_g,0,1)),c_and(c_primitive(clear,0),c_primitive(on-table,0)))))
n_concept_distance(c_some(r_primitive(on_g,0,1),c_top),r_restrict(r_primitive(on,0,1),c_bot),c_primitive(on-table,0))
n_concept_distance(c_some(r_primitive(on_g,0,1),c_top),r_restrict(r_primitive(on_g,0,1),c_primitive(clear,0)),c_primitive(on-table,0))
n_concept_distance(c_some(r_primitive(on_g,0,1),c_top),r_restrict(r_primitive(on_g,0,1),c_primitive(on-table,0)),c_primitive(clear,0))
n_concept_distance(c_some(r_primitive(on_g,0,1),c_top),r_primitive(on,0,1),c_and(c_primitive(clear,0),c_primitive(on-table,0)))
n_concept_distance(c_some(r_primitive(on_g,0,1),c_top),r_primitive(on,0,1),c_equal(r_primitive(on,0,1),r_primitive(on_g,0,1)))
n_concept_distance(c_some(r_primitive(on_g,0,1),c_top),r_primitive(on,0,1),c_all(r_primitive(on_g,0,1),c_bot))
n_concept_distance(c_some(r_primitive(on_g,0,1),c_top),r_primitive(on,0,1),c_all(r_primitive(on_g,0,1),c_primitive(clear,0)))
n_concept_distance(c_some(r_primitive(on_g,0,1),c_top),r_primitive(on,0,1),c_all(r_primitive(on_g,0,1),c_primitive(holding,0)))
n_concept_distance(c_some(r_primitive(on_g,0,1),c_top),r_primitive(on_g,0,1),c_and(c_primitive(clear,0),c_primitive(on-table,0)))
n_concept_distance(c_some(r_primitive(on_g,0,1),c_top),r_primitive(on_g,0,1),c_equal(r_primitive(on,0,1),r_primitive(on_g,0,1)))
n_concept_distance(c_some(r_primitive(on_g,0,1),c_top),r_primitive(on_g,0,1),c_some(r_primitive(on,0,1),c_top))
n_concept_distance(c_all(r_primitive(on_g,0,1),c_bot),r_primitive(on,0,1),c_and(c_primitive(clear,0),c_primitive(on-table,0)))
n_concept_distance(c_all(r_primitive(on_g,0,1),c_bot),r_primitive(on,0,1),c_equal(r_primitive(on,0,1),r_primitive(on_g,0,1)))
n_concept_distance(c_all(r_primitive(on_g,0,1),c_bot),r_primitive(on,0,1),c_some(r_primitive(on,0,1),c_top))
n_concept_distance(c_all(r_primitive(on_g,0,1),c_bot),r_primitive(on,0,1),c_some(r_primitive(on_g,0,1),c_top))
n_count(c_and(c_and(c_all(r_inverse(r_primitive(on_g,0,1)),c_primitive(clear,0)),c_primitive(on-table,0)),c_primitive(clear,0)))
n_count(c_and(c_not(c_primitive(holding,0)),c_not(c_some(r_inverse(r_primitive(on_g,0,1)),c_primitive(holding,0)))))
n_count(c_and(c_all(r_primitive(on_g,0,1),c_some(r_primitive(on,0,1),c_top)),c_not(c_primitive(holding,0))))
n_count(c_and(c_equal(r_primitive(on,0,1),r_primitive(on_g,0,1)),c_not(c_and(c_primitive(clear,0),c_primitive(on-table,0)))))
n_count(c_and(c_all(r_inverse(r_primitive(on_g,0,1)),c_primitive(clear,0)),c_equal(r_primitive(on,0,1),r_primitive(on_g,0,1))))
n_count(c_and(c_all(r_inverse(r_primitive(on,0,1)),c_bot),c_all(r_primitive(on,0,1),c_bot)))
n_count(c_and(c_all(r_inverse(r_primitive(on_g,0,1)),c_primitive(on-table,0)),c_all(r_primitive(on,0,1),c_bot)))
n_count(c_and(c_all(r_inverse(r_primitive(on_g,0,1)),c_primitive(holding,0)),c_all(r_primitive(on,0,1),c_bot)))
n_count(c_and(c_all(r_primitive(on_g,0,1),c_primitive(clear,0)),c_not(c_and(c_primitive(clear,0),c_primitive(on-table,0)))))
n_count(c_and(c_all(r_primitive(on_g,0,1),c_primitive(clear,0)),c_not(c_equal(r_primitive(on,0,1),r_primitive(on_g,0,1)))))
n_count(c_and(c_all(r_inverse(r_primitive(on,0,1)),c_bot),c_all(r_primitive(on_g,0,1),c_primitive(clear,0))))
n_count(c_and(c_all(r_inverse(r_primitive(on_g,0,1)),c_primitive(on-table,0)),c_all(r_primitive(on_g,0,1),c_primitive(clear,0))))
n_count(c_and(c_all(r_inverse(r_primitive(on_g,0,1)),c_primitive(holding,0)),c_all(r_primitive(on_g,0,1),c_primitive(clear,0))))
n_count(c_and(c_all(r_primitive(on_g,0,1),c_primitive(on-table,0)),c_not(c_and(c_primitive(clear,0),c_primitive(on-table,0)))))
n_count(c_and(c_all(r_inverse(r_primitive(on_g,0,1)),c_primitive(clear,0)),c_all(r_primitive(on_g,0,1),c_primitive(on-table,0))))
n_count(c_and(c_all(r_inverse(r_primitive(on_g,0,1)),c_primitive(holding,0)),c_all(r_primitive(on_g,0,1),c_primitive(on-table,0))))
n_count(c_and(c_all(r_inverse(r_primitive(on,0,1)),c_bot),c_all(r_primitive(on_g,0,1),c_primitive(holding,0))))
n_count(c_and(c_all(r_inverse(r_primitive(on_g,0,1)),c_primitive(clear,0)),c_all(r_primitive(on_g,0,1),c_primitive(holding,0))))
n_count(c_and(c_all(r_inverse(r_primitive(on_g,0,1)),c_primitive(on-table,0)),c_all(r_primitive(on_g,0,1),c_primitive(holding,0))))
n_count(c_not(c_and(c_and(c_all(r_primitive(on_g,0,1),c_primitive(clear,0)),c_primitive(on-table,0)),c_primitive(clear,0))))
n_count(c_not(c_and(c_and(c_all(r_primitive(on_g,0,1),c_primitive(holding,0)),c_primitive(on-table,0)),c_primitive(clear,0))))
n_count(c_not(c_and(c_not(c_equal(r_primitive(on,0,1),r_primitive(on_g,0,1))),c_not(c_primitive(holding,0)))))
n_count(c_not(c_and(c_not(c_primitive(holding,0)),c_not(c_some(r_primitive(on_g,0,1),c_primitive(holding,0))))))
n_count(c_not(c_and(c_not(c_all(r_primitive(on_g,0,1),c_primitive(holding,0))),c_not(c_primitive(holding,0)))))
n_count(c_not(c_and(c_all(r_inverse(r_primitive(on_g,0,1)),c_primitive(clear,0)),c_not(c_primitive(holding,0)))))
n_count(c_not(c_and(c_all(r_inverse(r_primitive(on_g,0,1)),c_primitive(on-table,0)),c_not(c_primitive(holding,0)))))
n_count(c_not(c_and(c_all(r_primitive(on,0,1),c_bot),c_all(r_primitive(on_g,0,1),c_primitive(on-table,0)))))
n_concept_distance(c_some(r_primitive(on_g,0,1),c_top),r_restrict(r_primitive(on,0,1),c_bot),c_not(c_primitive(clear,0)))
n_concept_distance(c_some(r_primitive(on_g,0,1),c_top),r_restrict(r_primitive(on_g,0,1),c_primitive(clear,0)),c_not(c_primitive(on-table,0)))
n_concept_distance(c_some(r_primitive(on_g,0,1),c_top),r_restrict(r_primitive(on_g,0,1),c_primitive(holding,0)),c_not(c_primitive(clear,0)))
n_concept_distance(c_some(r_primitive(on_g,0,1),c_top),r_restrict(r_primitive(on_g,0,1),c_primitive(holding,0)),c_not(c_primitive(on-table,0)))
n_concept_distance(c_some(r_primitive(on_g,0,1),c_top),r_primitive(on,0,1),c_and(c_not(c_primitive(clear,0)),c_primitive(on-table,0)))
n_concept_distance(c_some(r_primitive(on_g,0,1),c_top),r_primitive(on,0,1),c_not(c_and(c_primitive(clear,0),c_primitive(on-table,0))))
n_concept_distance(c_some(r_primitive(on_g,0,1),c_top),r_primitive(on,0,1),c_not(c_equal(r_primitive(on,0,1),r_primitive(on_g,0,1))))
n_concept_distance(c_some(r_primitive(on_g,0,1),c_top),r_primitive(on,0,1),c_not(c_some(r_primitive(on_g,0,1),c_primitive(on-table,0))))
n_concept_distance(c_some(r_primitive(on_g,0,1),c_top),r_primitive(on_g,0,1),c_not(c_and(c_primitive(clear,0),c_primitive(on-table,0))))
n_concept_distance(c_some(r_primitive(on_g,0,1),c_top),r_primitive(on_g,0,1),c_some(r_inverse(r_primitive(on_g,0,1)),c_primitive(clear,0)))
n_concept_distance(c_some(r_primitive(on_g,0,1),c_top),r_primitive(on_g,0,1),c_some(r_inverse(r_primitive(on_g,0,1)),c_primitive(on-table,0)))
n_concept_distance(c_some(r_primitive(on_g,0,1),c_top),r_primitive(on_g,0,1),c_some(r_inverse(r_primitive(on_g,0,1)),c_primitive(holding,0)))
n_concept_distance(c_all(r_primitive(on_g,0,1),c_bot),r_primitive(on,0,1),c_not(c_and(c_primitive(clear,0),c_primitive(on-table,0))))
n_concept_distance(c_all(r_primitive(on_g,0,1),c_bot),r_primitive(on,0,1),c_all(r_inverse(r_primitive(on_g,0,1)),c_primitive(clear,0)))
n_concept_distance(c_all(r_primitive(on_g,0,1),c_bot),r_primitive(on,0,1),c_all(r_inverse(r_primitive(on_g,0,1)),c_primitive(holding,0)))
n_concept_distance(c_and(c_not(c_some(r_primitive(on_g,0,1),c_primitive(clear,0))),c_primitive(clear,0)),r_primitive(on_g,0,1),c_primitive(on-table,0))
n_concept_distance(c_and(c_not(c_some(r_primitive(on_g,0,1),c_primitive(clear,0))),c_primitive(clear,0)),r_primitive(on_g,0,1),c_primitive(holding,0))
n_concept_distance(c_and(c_not(c_some(r_primitive(on_g,0,1),c_primitive(on-table,0))),c_primitive(on-table,0)),r_primitive(on,0,1),c_primitive(clear,0))
n_concept_distance(c_and(c_not(c_some(r_primitive(on_g,0,1),c_primitive(on-table,0))),c_primitive(on-table,0)),r_primitive(on_g,0,1),c_primitive(clear,0))
Number of selected training instances: 1
Sum of number of states in selected training instances: 5
Max of number of states in selected training instances: 5
Number of features in the pool: 204
Resulting sketch:
(:policy
(:boolean_features "b_empty(r_and(r_primitive(on,0,1),r_primitive(on_g,0,1)))")
(:numerical_features )
(:rule (:conditions (:c_b_pos 0)) (:effects (:e_b_neg 0)))
)
Numer of sketch rules: 1
Number of selected features: 1
Maximum complexity of selected feature: 4
Resulting sketch minimized:
(:policy
(:boolean_features "b_empty(r_and(r_primitive(on,0,1),r_primitive(on_g,0,1)))")
(:numerical_features )
(:rule (:conditions (:c_b_pos 0)) (:effects (:e_b_neg 0)))
)
Numer of sketch rules: 1
Number of selected features: 1
Maximum complexity of selected feature: 4
Summary:
Resulting sketch:
(:policy
(:boolean_features "b_empty(r_and(r_primitive(on,0,1),r_primitive(on_g,0,1)))")
(:numerical_features )
(:rule (:conditions (:c_b_pos 0)) (:effects (:e_b_neg 0)))
)
Numer of sketch rules: 1
Number of selected features: 1
Maximum complexity of selected feature: 4
Resulting structurally minimized sketch:
(:policy
(:boolean_features "b_empty(r_and(r_primitive(on,0,1),r_primitive(on_g,0,1)))")
(:numerical_features )
(:rule (:conditions (:c_b_pos 0)) (:effects (:e_b_neg 0)))
)
Numer of sketch rules: 1
Number of selected features: 1
Maximum complexity of selected feature: 4
Number of training instances: 3
Number of selected training instances: 1
Number of states in selected training instances: 5
Max number of states in selected training instance: 5
Number of features in the pool: 204
RESOURCES FOR PREPROCESSING: 0.95 CPU sec - 73.96 MB
RESOURCES FOR LEARNING: 0.75 CPU sec - 73.96 MB
================================================================================
END OF STEP #1: Incremental learning module. 1.78 CPU sec - 77.00 MB
================================================================================
