Changing working directory:  /proj/ssiw/projects/code/sketch-learner/learning/d2l/workspace/gripper_sketch_2_2_9_9_9_9_9
Creating sym link: /proj/ssiw/projects/code/sketch-learner/learning/d2l/libs/dlplan/libs/scorpion/fast-downward.py /proj/ssiw/projects/code/sketch-learner/learning/d2l/workspace/gripper_sketch_2_2_9_9_9_9_9/fast-downward.py
================================================================================
SLTP v.0.2.0
================================================================================
================================================================================
(pid: 100931) STARTING STEP #1: Incremental learning module
================================================================================
2022-11-17 12:11:59 INFO     [40m[34mInitializing DomainData...[0m
2022-11-17 12:11:59 INFO     Constructing DomainData for filename /proj/ssiw/projects/code/sketch-learner/learning/d2l/benchmarks/gripper/domain.pddl
2022-11-17 12:11:59 INFO     [40m[34m..done[0m
2022-11-17 12:11:59 INFO     [40m[34mInitializing InstanceDatas...[0m
2022-11-17 12:11:59 INFO     Constructing InstanceData for filename /proj/ssiw/projects/code/sketch-learner/learning/d2l/benchmarks/gripper/p-1-0.pddl
Num states: 8
2022-11-17 12:12:00 INFO     Constructing InstanceData for filename /proj/ssiw/projects/code/sketch-learner/learning/d2l/benchmarks/gripper/p-2-0.pddl
Num states: 28
2022-11-17 12:12:00 INFO     Constructing InstanceData for filename /proj/ssiw/projects/code/sketch-learner/learning/d2l/benchmarks/gripper/p-3-0.pddl
Num states: 88
2022-11-17 12:12:00 INFO     Constructing InstanceData for filename /proj/ssiw/projects/code/sketch-learner/learning/d2l/benchmarks/gripper/p-4-0.pddl
Num states: 256
2022-11-17 12:12:00 INFO     Constructing InstanceData for filename /proj/ssiw/projects/code/sketch-learner/learning/d2l/benchmarks/gripper/p-5-0.pddl
Num states: 704
2022-11-17 12:12:01 INFO     [40m[34m..done[0m
2022-11-17 12:12:01 INFO     [40m[34mInitializing TupleGraphs...[0m
2022-11-17 12:12:02 INFO     [40m[34m..done[0m

2022-11-17 12:12:02 INFO     [40m[31mIteration: 0[0m
Number of selected instances: 1
Selected instances:
    id: 0 name: p-1-0
initial states: [0, 1, 2, 3, 4, 5]
2022-11-17 12:12:02 INFO     [40m[34mInitializing DomainFeatureData...[0m
[t=3.4288s, 1358556 KB] Started generating base features of complexity 1.
[t=3.42925s, 1358556 KB] Complexity 1:
    b_nullary: 0
    c_one_of: 2
    c_top: 1
    c_bot: 1
    c_primitive: 5
    r_primitive: 4
    c_and: 0
    c_not: 0
    c_equal: 0
    c_some: 0
    c_all: 0
    r_restrict: 0
    r_and: 0
    r_inverse: 0
    r_transitive_closure: 0
    b_empty: 0
    n_count: 0
    n_concept_distance: 0
[t=3.42936s, 1358556 KB] Finished generating base features.
[t=3.42939s, 1358556 KB] Started generating composite features. 
[t=3.4296s, 1358556 KB] Complexity 2:
Total concept elements: 16
Total role elements: 7
Total numerical elements: 7
Total boolean elements: 4
    b_nullary: 0
    c_one_of: 2
    c_top: 1
    c_bot: 1
    c_primitive: 5
    r_primitive: 4
    c_and: 0
    c_not: 7
    c_equal: 0
    c_some: 0
    c_all: 0
    r_restrict: 0
    r_and: 0
    r_inverse: 3
    r_transitive_closure: 0
    b_empty: 4
    n_count: 7
    n_concept_distance: 0
[t=3.43067s, 1358556 KB] Complexity 3:
Total concept elements: 31
Total role elements: 11
Total numerical elements: 10
Total boolean elements: 4
    b_nullary: 0
    c_one_of: 2
    c_top: 1
    c_bot: 1
    c_primitive: 5
    r_primitive: 4
    c_and: 2
    c_not: 7
    c_equal: 2
    c_some: 6
    c_all: 5
    r_restrict: 4
    r_and: 0
    r_inverse: 3
    r_transitive_closure: 0
    b_empty: 4
    n_count: 10
    n_concept_distance: 0
[t=3.43246s, 1358556 KB] Complexity 4:
Total concept elements: 45
Total role elements: 15
Total numerical elements: 31
Total boolean elements: 9
    b_nullary: 0
    c_one_of: 2
    c_top: 1
    c_bot: 1
    c_primitive: 5
    r_primitive: 4
    c_and: 6
    c_not: 14
    c_equal: 2
    c_some: 7
    c_all: 7
    r_restrict: 4
    r_and: 0
    r_inverse: 7
    r_transitive_closure: 0
    b_empty: 9
    n_count: 22
    n_concept_distance: 9
[t=3.43665s, 1358556 KB] Complexity 5:
Total concept elements: 71
Total role elements: 16
Total numerical elements: 35
Total boolean elements: 11
    b_nullary: 0
    c_one_of: 2
    c_top: 1
    c_bot: 1
    c_primitive: 5
    r_primitive: 4
    c_and: 21
    c_not: 17
    c_equal: 2
    c_some: 9
    c_all: 13
    r_restrict: 4
    r_and: 1
    r_inverse: 7
    r_transitive_closure: 0
    b_empty: 11
    n_count: 26
    n_concept_distance: 9
[t=3.44227s, 1358692 KB] Complexity 6:
Total concept elements: 161
Total role elements: 17
Total numerical elements: 63
Total boolean elements: 15
    b_nullary: 0
    c_one_of: 2
    c_top: 1
    c_bot: 1
    c_primitive: 5
    r_primitive: 4
    c_and: 73
    c_not: 32
    c_equal: 2
    c_some: 17
    c_all: 28
    r_restrict: 4
    r_and: 1
    r_inverse: 8
    r_transitive_closure: 0
    b_empty: 15
    n_count: 40
    n_concept_distance: 23
[t=3.45137s, 1358824 KB] Complexity 7:
Total concept elements: 252
Total role elements: 18
Total numerical elements: 103
Total boolean elements: 22
    b_nullary: 0
    c_one_of: 2
    c_top: 1
    c_bot: 1
    c_primitive: 5
    r_primitive: 4
    c_and: 117
    c_not: 79
    c_equal: 2
    c_some: 17
    c_all: 28
    r_restrict: 4
    r_and: 2
    r_inverse: 8
    r_transitive_closure: 0
    b_empty: 22
    n_count: 72
    n_concept_distance: 31
[t=3.47248s, 1359280 KB] Complexity 8:
Total concept elements: 437
Total role elements: 19
Total numerical elements: 160
Total boolean elements: 34
    b_nullary: 0
    c_one_of: 2
    c_top: 1
    c_bot: 1
    c_primitive: 5
    r_primitive: 4
    c_and: 241
    c_not: 113
    c_equal: 2
    c_some: 26
    c_all: 46
    r_restrict: 4
    r_and: 2
    r_inverse: 9
    r_transitive_closure: 0
    b_empty: 34
    n_count: 107
    n_concept_distance: 53
[t=3.51005s, 1359980 KB] Complexity 9:
Total concept elements: 722
Total role elements: 19
Total numerical elements: 266
Total boolean elements: 42
    b_nullary: 0
    c_one_of: 2
    c_top: 1
    c_bot: 1
    c_primitive: 5
    r_primitive: 4
    c_and: 428
    c_not: 207
    c_equal: 2
    c_some: 28
    c_all: 48
    r_restrict: 4
    r_and: 2
    r_inverse: 9
    r_transitive_closure: 0
    b_empty: 42
    n_count: 174
    n_concept_distance: 92
[t=3.51018s, 1359980 KB] Finished generating composite features.
DomainFeatureDataStatistics:
    num_dlplan_states: 8
    num_boolean_features: 42
    num_numerical_features: 266
2022-11-17 12:12:02 INFO     [40m[34m..done[0m
2022-11-17 12:12:02 INFO     [40m[34mInitializing InstanceFeatureDatas...[0m
2022-11-17 12:12:02 INFO     [40m[34m..done[0m
2022-11-17 12:12:02 INFO     [40m[34mInitializing StatePairEquivalenceDatas...[0m
2022-11-17 12:12:02 INFO     [40m[34m..done[0m
2022-11-17 12:12:02 INFO     [40m[34mInitializing TupleGraphEquivalences...[0m
2022-11-17 12:12:02 INFO     [40m[34m..done[0m
2022-11-17 12:12:02 INFO     [40m[34mInitializing TupleGraphEquivalenceMinimizer...[0m
Num subgoals: 19
Num of selected subgoals: 6
Num rules: 6
Num of selected rules: 6
Num subgoals: 19
Num of selected subgoals: 6
Num rules: 6
Num of selected rules: 6
Num subgoals: 19
Num of selected subgoals: 6
Num rules: 6
Num of selected rules: 6
Num subgoals: 19
Num of selected subgoals: 6
Num rules: 6
Num of selected rules: 6
Num subgoals: 19
Num of selected subgoals: 6
Num rules: 6
Num of selected rules: 6
Num subgoals: 19
Num of selected subgoals: 6
Num rules: 6
Num of selected rules: 6
2022-11-17 12:12:02 INFO     [40m[34m..done[0m
Number of initial D2 facts: 60
Number of D2 facts: 60 of 576
2022-11-17 12:12:02 INFO     [40m[34mGrounding Logic Program...[0m
2022-11-17 12:12:02 INFO     [40m[34m..done[0m
2022-11-17 12:12:02 INFO     [40m[34mSolving Logic Program...[0m
2022-11-17 12:12:02 INFO     [40m[34m..done[0m
Clingo statistics:
Total time:  0.23886919021606445
CPU time:  0.33040499999999984
Solve time:  0.01456308364868164
2022-11-17 12:12:02 INFO     Learned the following sketch:
(:policy
(:boolean_features )
(:numerical_features "n_count(c_all(r_primitive(at,0,1),c_one_of(rooma)))")
(:rule (:conditions (:c_n_gt 0)) (:effects (:e_n_bot 0)))
(:rule (:conditions (:c_n_gt 0)) (:effects (:e_n_dec 0)))
)
Numer of sketch rules: 2
Number of selected features: 1
Maximum complexity of selected feature: 4
[40m[31mSketch cycles[0m
Instance: 0 p-1-0
5 (instance index=0, state index=5, atoms={at-robby(roomb), free(left), carry(ball1,right)})
5 (instance index=0, state index=5, atoms={at-robby(roomb), free(left), carry(ball1,right)})
Number of unsatisfied D2 facts: 43
Number of D2 facts: 103 of 576
2022-11-17 12:12:02 INFO     [40m[34mGrounding Logic Program...[0m
2022-11-17 12:12:03 INFO     [40m[34m..done[0m
2022-11-17 12:12:03 INFO     [40m[34mSolving Logic Program...[0m
2022-11-17 12:12:03 INFO     [40m[34m..done[0m
Clingo statistics:
Total time:  0.44104504585266113
CPU time:  0.6130230000000003
Solve time:  0.010185003280639648
2022-11-17 12:12:03 INFO     Learned the following sketch:
(:policy
(:boolean_features )
(:numerical_features "n_count(c_all(r_primitive(at,0,1),c_one_of(rooma)))")
(:rule (:conditions (:c_n_gt 0)) (:effects (:e_n_bot 0)))
(:rule (:conditions (:c_n_gt 0)) (:effects (:e_n_dec 0)))
)
Numer of sketch rules: 2
Number of selected features: 1
Maximum complexity of selected feature: 4
[40m[31mSketch cycles[0m
Instance: 0 p-1-0
5 (instance index=0, state index=5, atoms={at-robby(roomb), free(left), carry(ball1,right)})
5 (instance index=0, state index=5, atoms={at-robby(roomb), free(left), carry(ball1,right)})
Number of unsatisfied D2 facts: 51
Number of D2 facts: 154 of 576
2022-11-17 12:12:03 INFO     [40m[34mGrounding Logic Program...[0m
2022-11-17 12:12:03 INFO     [40m[34m..done[0m
2022-11-17 12:12:03 INFO     [40m[34mSolving Logic Program...[0m
2022-11-17 12:12:03 INFO     [40m[34m..done[0m
Clingo statistics:
Total time:  0.44826388359069824
CPU time:  0.6505290000000006
Solve time:  0.013283014297485352
2022-11-17 12:12:03 INFO     Learned the following sketch:
(:policy
(:boolean_features )
(:numerical_features "n_count(c_all(r_primitive(at,0,1),c_one_of(rooma)))")
(:rule (:conditions (:c_n_gt 0)) (:effects (:e_n_bot 0)))
(:rule (:conditions (:c_n_gt 0)) (:effects (:e_n_dec 0)))
)
Numer of sketch rules: 2
Number of selected features: 1
Maximum complexity of selected feature: 4
[40m[31mSketch cycles[0m
Instance: 0 p-1-0
5 (instance index=0, state index=5, atoms={at-robby(roomb), free(left), carry(ball1,right)})
5 (instance index=0, state index=5, atoms={at-robby(roomb), free(left), carry(ball1,right)})
Number of unsatisfied D2 facts: 39
Number of D2 facts: 193 of 576
2022-11-17 12:12:03 INFO     [40m[34mGrounding Logic Program...[0m
2022-11-17 12:12:04 INFO     [40m[34m..done[0m
2022-11-17 12:12:04 INFO     [40m[34mSolving Logic Program...[0m
2022-11-17 12:12:04 INFO     [40m[34m..done[0m
Clingo statistics:
Total time:  0.4950599670410156
CPU time:  0.7137250000000006
Solve time:  0.02420806884765625
2022-11-17 12:12:04 INFO     Learned the following sketch:
(:policy
(:boolean_features )
(:numerical_features "n_concept_distance(c_primitive(ball,0),r_primitive(at,0,1),c_one_of(roomb))")
(:rule (:conditions (:c_n_gt 0)) (:effects (:e_n_dec 0)))
)
Numer of sketch rules: 1
Number of selected features: 1
Maximum complexity of selected feature: 4
2022-11-17 12:12:04 INFO     [40m[34mVerifying learned sketch...[0m
[40m[31mSketch fails to bound width of a state[0m
Instance: 1 p-2-0
Source_state: 26 (instance index=1, state index=26, atoms={at-robby(rooma), free(left), carry(ball1,right), at(ball2,roomb)})
2022-11-17 12:12:04 INFO     [40m[34m..done[0m
2022-11-17 12:12:04 INFO     [40m[33mIteration summary:[0m
DomainFeatureDataStatistics:
    num_dlplan_states: 8
    num_boolean_features: 42
    num_numerical_features: 266
StatePairEquivalenceStatistics:
    num_state_pairs: 48
    num_equivalences: 24
TupleGraphEquivalenceMinimizerStatistics:
    Number of input tuples: 114
    Number of output tuples: 36
Smallest unsolved instance: 1
Selected instances: [1]

2022-11-17 12:12:04 INFO     [40m[31mIteration: 1[0m
Number of selected instances: 1
Selected instances:
    id: 1 name: p-2-0
initial states: [0, 1, 2, 3, 4, 5, 6, 7, 8, 9, 10, 11, 12, 13, 14, 15, 16, 17, 18, 19, 20, 21, 22, 23, 25, 26]
2022-11-17 12:12:04 INFO     [40m[34mInitializing DomainFeatureData...[0m
[t=5.52012s, 3513212 KB] Started generating base features of complexity 1.
[t=5.52037s, 3513212 KB] Complexity 1:
    b_nullary: 0
    c_one_of: 2
    c_top: 1
    c_bot: 1
    c_primitive: 5
    r_primitive: 4
    c_and: 0
    c_not: 0
    c_equal: 0
    c_some: 0
    c_all: 0
    r_restrict: 0
    r_and: 0
    r_inverse: 0
    r_transitive_closure: 0
    b_empty: 0
    n_count: 0
    n_concept_distance: 0
[t=5.52047s, 3513212 KB] Finished generating base features.
[t=5.5205s, 3513212 KB] Started generating composite features. 
[t=5.52074s, 3513212 KB] Complexity 2:
Total concept elements: 16
Total role elements: 7
Total numerical elements: 6
Total boolean elements: 4
    b_nullary: 0
    c_one_of: 2
    c_top: 1
    c_bot: 1
    c_primitive: 5
    r_primitive: 4
    c_and: 0
    c_not: 7
    c_equal: 0
    c_some: 0
    c_all: 0
    r_restrict: 0
    r_and: 0
    r_inverse: 3
    r_transitive_closure: 0
    b_empty: 4
    n_count: 6
    n_concept_distance: 0
[t=5.52246s, 3513212 KB] Complexity 3:
Total concept elements: 31
Total role elements: 11
Total numerical elements: 9
Total boolean elements: 4
    b_nullary: 0
    c_one_of: 2
    c_top: 1
    c_bot: 1
    c_primitive: 5
    r_primitive: 4
    c_and: 2
    c_not: 7
    c_equal: 2
    c_some: 6
    c_all: 5
    r_restrict: 4
    r_and: 0
    r_inverse: 3
    r_transitive_closure: 0
    b_empty: 4
    n_count: 9
    n_concept_distance: 0
[t=5.52518s, 3513212 KB] Complexity 4:
Total concept elements: 45
Total role elements: 15
Total numerical elements: 24
Total boolean elements: 9
    b_nullary: 0
    c_one_of: 2
    c_top: 1
    c_bot: 1
    c_primitive: 5
    r_primitive: 4
    c_and: 6
    c_not: 14
    c_equal: 2
    c_some: 7
    c_all: 7
    r_restrict: 4
    r_and: 0
    r_inverse: 7
    r_transitive_closure: 0
    b_empty: 9
    n_count: 21
    n_concept_distance: 3
[t=5.53021s, 3513212 KB] Complexity 5:
Total concept elements: 71
Total role elements: 16
Total numerical elements: 33
Total boolean elements: 11
    b_nullary: 0
    c_one_of: 2
    c_top: 1
    c_bot: 1
    c_primitive: 5
    r_primitive: 4
    c_and: 21
    c_not: 17
    c_equal: 2
    c_some: 9
    c_all: 13
    r_restrict: 4
    r_and: 1
    r_inverse: 7
    r_transitive_closure: 0
    b_empty: 11
    n_count: 30
    n_concept_distance: 3
[t=5.53816s, 3513212 KB] Complexity 6:
Total concept elements: 166
Total role elements: 17
Total numerical elements: 48
Total boolean elements: 15
    b_nullary: 0
    c_one_of: 2
    c_top: 1
    c_bot: 1
    c_primitive: 5
    r_primitive: 4
    c_and: 73
    c_not: 32
    c_equal: 2
    c_some: 20
    c_all: 30
    r_restrict: 4
    r_and: 1
    r_inverse: 8
    r_transitive_closure: 0
    b_empty: 15
    n_count: 45
    n_concept_distance: 3
[t=5.5517s, 3513212 KB] Complexity 7:
Total concept elements: 258
Total role elements: 18
Total numerical elements: 112
Total boolean elements: 26
    b_nullary: 0
    c_one_of: 2
    c_top: 1
    c_bot: 1
    c_primitive: 5
    r_primitive: 4
    c_and: 117
    c_not: 80
    c_equal: 2
    c_some: 20
    c_all: 30
    r_restrict: 4
    r_and: 2
    r_inverse: 8
    r_transitive_closure: 0
    b_empty: 26
    n_count: 103
    n_concept_distance: 9
[t=5.58473s, 3513212 KB] Complexity 8:
Total concept elements: 511
Total role elements: 19
Total numerical elements: 168
Total boolean elements: 39
    b_nullary: 0
    c_one_of: 2
    c_top: 1
    c_bot: 1
    c_primitive: 5
    r_primitive: 4
    c_and: 249
    c_not: 115
    c_equal: 2
    c_some: 59
    c_all: 77
    r_restrict: 4
    r_and: 2
    r_inverse: 9
    r_transitive_closure: 0
    b_empty: 39
    n_count: 159
    n_concept_distance: 9
[t=5.64028s, 3513212 KB] Complexity 9:
Total concept elements: 857
Total role elements: 19
Total numerical elements: 387
Total boolean elements: 71
    b_nullary: 0
    c_one_of: 2
    c_top: 1
    c_bot: 1
    c_primitive: 5
    r_primitive: 4
    c_and: 452
    c_not: 244
    c_equal: 2
    c_some: 66
    c_all: 84
    r_restrict: 4
    r_and: 2
    r_inverse: 9
    r_transitive_closure: 0
    b_empty: 71
    n_count: 350
    n_concept_distance: 37
[t=5.6404s, 3513212 KB] Finished generating composite features.
DomainFeatureDataStatistics:
    num_dlplan_states: 28
    num_boolean_features: 71
    num_numerical_features: 387
2022-11-17 12:12:04 INFO     [40m[34m..done[0m
2022-11-17 12:12:04 INFO     [40m[34mInitializing InstanceFeatureDatas...[0m
2022-11-17 12:12:04 INFO     [40m[34m..done[0m
2022-11-17 12:12:04 INFO     [40m[34mInitializing StatePairEquivalenceDatas...[0m
2022-11-17 12:12:06 INFO     [40m[34m..done[0m
2022-11-17 12:12:06 INFO     [40m[34mInitializing TupleGraphEquivalences...[0m
2022-11-17 12:12:06 INFO     [40m[34m..done[0m
2022-11-17 12:12:06 INFO     [40m[34mInitializing TupleGraphEquivalenceMinimizer...[0m
Num subgoals: 42
Num of selected subgoals: 7
Num rules: 9
Num of selected rules: 7
Num subgoals: 42
Num of selected subgoals: 7
Num rules: 9
Num of selected rules: 7
Num subgoals: 47
Num of selected subgoals: 11
Num rules: 12
Num of selected rules: 11
Num subgoals: 47
Num of selected subgoals: 11
Num rules: 12
Num of selected rules: 11
Num subgoals: 47
Num of selected subgoals: 11
Num rules: 12
Num of selected rules: 11
Num subgoals: 47
Num of selected subgoals: 11
Num rules: 12
Num of selected rules: 11
Num subgoals: 46
Num of selected subgoals: 11
Num rules: 12
Num of selected rules: 11
Num subgoals: 47
Num of selected subgoals: 9
Num rules: 12
Num of selected rules: 9
Num subgoals: 46
Num of selected subgoals: 11
Num rules: 12
Num of selected rules: 11
Num subgoals: 47
Num of selected subgoals: 9
Num rules: 12
Num of selected rules: 9
Num subgoals: 46
Num of selected subgoals: 11
Num rules: 12
Num of selected rules: 11
Num subgoals: 46
Num of selected subgoals: 11
Num rules: 12
Num of selected rules: 11
Num subgoals: 46
Num of selected subgoals: 11
Num rules: 12
Num of selected rules: 11
Num subgoals: 47
Num of selected subgoals: 9
Num rules: 12
Num of selected rules: 9
Num subgoals: 46
Num of selected subgoals: 11
Num rules: 12
Num of selected rules: 11
Num subgoals: 47
Num of selected subgoals: 9
Num rules: 12
Num of selected rules: 9
Num subgoals: 46
Num of selected subgoals: 11
Num rules: 12
Num of selected rules: 11
Num subgoals: 47
Num of selected subgoals: 11
Num rules: 12
Num of selected rules: 11
Num subgoals: 47
Num of selected subgoals: 11
Num rules: 12
Num of selected rules: 11
Num subgoals: 46
Num of selected subgoals: 11
Num rules: 12
Num of selected rules: 11
Num subgoals: 47
Num of selected subgoals: 11
Num rules: 12
Num of selected rules: 11
Num subgoals: 47
Num of selected subgoals: 11
Num rules: 12
Num of selected rules: 11
Num subgoals: 46
Num of selected subgoals: 11
Num rules: 12
Num of selected rules: 11
Num subgoals: 46
Num of selected subgoals: 11
Num rules: 12
Num of selected rules: 11
Num subgoals: 46
Num of selected subgoals: 11
Num rules: 12
Num of selected rules: 11
Num subgoals: 46
Num of selected subgoals: 11
Num rules: 12
Num of selected rules: 11
2022-11-17 12:12:06 INFO     [40m[34m..done[0m
Number of initial D2 facts: 600
Number of D2 facts: 600 of 12996
2022-11-17 12:12:06 INFO     [40m[34mGrounding Logic Program...[0m
2022-11-17 12:12:07 INFO     [40m[34m..done[0m
2022-11-17 12:12:07 INFO     [40m[34mSolving Logic Program...[0m
2022-11-17 12:12:07 INFO     [40m[34m..done[0m
Clingo statistics:
Total time:  1.6908049583435059
CPU time:  2.6998490000000013
Solve time:  0.0631558895111084
2022-11-17 12:12:08 INFO     Learned the following sketch:
(:policy
(:boolean_features )
(:numerical_features "n_count(c_equal(r_primitive(at,0,1),r_primitive(at_g,0,1)))")
(:rule (:conditions (:c_n_gt 0)) (:effects (:e_n_inc 0)))
)
Numer of sketch rules: 1
Number of selected features: 1
Maximum complexity of selected feature: 4
2022-11-17 12:12:08 INFO     [40m[34mVerifying learned sketch...[0m
2022-11-17 12:12:08 INFO     [40m[34m..done[0m
2022-11-17 12:12:08 INFO     [40m[33mIteration summary:[0m
DomainFeatureDataStatistics:
    num_dlplan_states: 28
    num_boolean_features: 71
    num_numerical_features: 387
StatePairEquivalenceStatistics:
    num_state_pairs: 672
    num_equivalences: 114
TupleGraphEquivalenceMinimizerStatistics:
    Number of input tuples: 1200
    Number of output tuples: 270
[40m[31mSketch solves all instances![0m
2022-11-17 12:12:08 INFO     [40m[32mSummary:[0m
Boolean features:
b_empty(c_one_of(rooma))
b_empty(c_bot)
b_empty(c_primitive(free,0))
b_empty(r_primitive(carry,0,1))
b_empty(c_and(c_one_of(rooma),c_primitive(at-robby,0)))
b_empty(c_and(c_one_of(roomb),c_primitive(at-robby,0)))
b_empty(c_some(r_primitive(at,0,1),c_one_of(rooma)))
b_empty(c_some(r_primitive(at,0,1),c_one_of(roomb)))
b_empty(c_some(r_primitive(at,0,1),c_primitive(at-robby,0)))
b_empty(c_not(c_equal(r_primitive(at,0,1),r_primitive(at_g,0,1))))
b_empty(c_not(c_all(r_primitive(at,0,1),c_primitive(at-robby,0))))
b_empty(c_and(c_all(r_primitive(at,0,1),c_one_of(roomb)),c_primitive(ball,0)))
b_empty(c_and(c_all(r_primitive(at,0,1),c_primitive(at-robby,0)),c_primitive(ball,0)))
b_empty(c_some(r_primitive(at,0,1),c_and(c_one_of(rooma),c_primitive(at-robby,0))))
b_empty(c_some(r_primitive(at,0,1),c_and(c_one_of(roomb),c_primitive(at-robby,0))))
b_empty(c_and(c_all(r_inverse(r_primitive(at,0,1)),c_one_of(rooma)),c_one_of(rooma)))
b_empty(c_and(c_all(r_inverse(r_primitive(at,0,1)),c_one_of(rooma)),c_one_of(roomb)))
b_empty(c_and(c_all(r_inverse(r_primitive(at,0,1)),c_one_of(rooma)),c_primitive(room,0)))
b_empty(c_and(c_not(c_some(r_primitive(at,0,1),c_primitive(at-robby,0))),c_primitive(ball,0)))
b_empty(c_and(c_all(r_inverse(r_primitive(at,0,1)),c_one_of(rooma)),c_primitive(at-robby,0)))
b_empty(c_not(c_all(r_primitive(at,0,1),c_and(c_one_of(rooma),c_primitive(at-robby,0)))))
b_empty(c_not(c_all(r_primitive(at,0,1),c_and(c_one_of(roomb),c_primitive(at-robby,0)))))
b_empty(c_not(c_all(r_restrict(r_primitive(at,0,1),c_one_of(rooma)),c_primitive(at-robby,0))))
b_empty(c_not(c_all(r_restrict(r_primitive(at,0,1),c_one_of(roomb)),c_primitive(at-robby,0))))
b_empty(c_some(r_inverse(r_primitive(at,0,1)),c_some(r_primitive(at_g,0,1),c_primitive(at-robby,0))))
b_empty(c_some(r_inverse(r_primitive(carry,0,1)),c_some(r_primitive(at_g,0,1),c_primitive(at-robby,0))))
b_empty(c_and(c_all(r_primitive(at,0,1),c_and(c_one_of(rooma),c_primitive(at-robby,0))),c_primitive(ball,0)))
b_empty(c_and(c_all(r_primitive(at,0,1),c_and(c_one_of(roomb),c_primitive(at-robby,0))),c_primitive(ball,0)))
b_empty(c_and(c_all(r_restrict(r_primitive(at,0,1),c_one_of(rooma)),c_primitive(at-robby,0)),c_primitive(ball,0)))
b_empty(c_and(c_all(r_restrict(r_primitive(at,0,1),c_one_of(roomb)),c_primitive(at-robby,0)),c_primitive(ball,0)))
b_empty(c_and(c_all(r_restrict(r_primitive(at,0,1),c_primitive(at-robby,0)),c_one_of(rooma)),c_primitive(ball,0)))
b_empty(c_and(c_all(r_restrict(r_primitive(at,0,1),c_primitive(at-robby,0)),c_one_of(roomb)),c_primitive(ball,0)))
b_empty(c_and(c_all(r_primitive(at,0,1),c_one_of(rooma)),c_some(r_primitive(at_g,0,1),c_primitive(at-robby,0))))
b_empty(c_and(c_all(r_primitive(at,0,1),c_one_of(roomb)),c_some(r_primitive(at_g,0,1),c_primitive(at-robby,0))))
b_empty(c_not(c_and(c_all(r_primitive(at_g,0,1),c_primitive(at-robby,0)),c_not(c_primitive(free,0)))))
b_empty(c_not(c_all(r_primitive(at,0,1),c_and(c_not(c_primitive(at-robby,0)),c_one_of(rooma)))))
b_empty(c_not(c_all(r_primitive(at,0,1),c_and(c_not(c_primitive(at-robby,0)),c_one_of(roomb)))))
b_empty(c_not(c_all(r_inverse(r_primitive(at,0,1)),c_some(r_primitive(at_g,0,1),c_primitive(at-robby,0)))))
b_empty(c_not(c_all(r_inverse(r_primitive(carry,0,1)),c_some(r_primitive(at_g,0,1),c_primitive(at-robby,0)))))
b_empty(c_and(c_and(c_all(r_inverse(r_primitive(at,0,1)),c_one_of(rooma)),c_primitive(at-robby,0)),c_one_of(rooma)))
b_empty(c_and(c_all(r_inverse(r_primitive(at,0,1)),c_some(r_primitive(at,0,1),c_primitive(at-robby,0))),c_one_of(rooma)))
b_empty(c_and(c_all(r_inverse(r_primitive(at,0,1)),c_some(r_primitive(at_g,0,1),c_primitive(at-robby,0))),c_one_of(rooma)))
b_empty(c_and(c_and(c_all(r_inverse(r_primitive(at,0,1)),c_one_of(rooma)),c_primitive(at-robby,0)),c_one_of(roomb)))
b_empty(c_and(c_all(r_inverse(r_primitive(at,0,1)),c_some(r_primitive(at,0,1),c_primitive(at-robby,0))),c_one_of(roomb)))
b_empty(c_and(c_all(r_inverse(r_primitive(at_g,0,1)),c_equal(r_primitive(at,0,1),r_primitive(at_g,0,1))),c_one_of(roomb)))
b_empty(c_and(c_all(r_inverse(r_primitive(at_g,0,1)),c_equal(r_primitive(carry,0,1),r_primitive(carry_g,0,1))),c_one_of(roomb)))
b_empty(c_and(c_all(r_inverse(r_primitive(at_g,0,1)),c_some(r_primitive(at,0,1),c_one_of(rooma))),c_one_of(roomb)))
b_empty(c_and(c_all(r_inverse(r_primitive(at_g,0,1)),c_some(r_primitive(at,0,1),c_primitive(at-robby,0))),c_one_of(roomb)))
b_empty(c_and(c_all(r_inverse(r_primitive(at_g,0,1)),c_some(r_primitive(carry,0,1),c_top)),c_one_of(roomb)))
b_empty(c_and(c_all(r_inverse(r_primitive(at_g,0,1)),c_all(r_primitive(at,0,1),c_primitive(at-robby,0))),c_one_of(roomb)))
b_empty(c_and(c_all(r_inverse(r_restrict(r_primitive(at,0,1),c_primitive(at-robby,0))),c_one_of(rooma)),c_one_of(roomb)))
b_empty(c_and(c_all(r_inverse(r_primitive(at,0,1)),c_some(r_primitive(at_g,0,1),c_primitive(at-robby,0))),c_primitive(room,0)))
b_empty(c_and(c_all(r_primitive(at,0,1),c_and(c_not(c_primitive(at-robby,0)),c_one_of(rooma))),c_primitive(ball,0)))
b_empty(c_and(c_all(r_primitive(at,0,1),c_and(c_not(c_primitive(at-robby,0)),c_one_of(roomb))),c_primitive(ball,0)))
b_empty(c_and(c_all(r_inverse(r_primitive(carry,0,1)),c_some(r_primitive(at_g,0,1),c_primitive(at-robby,0))),c_primitive(gripper,0)))
b_empty(c_and(c_all(r_inverse(r_primitive(at_g,0,1)),c_equal(r_primitive(at,0,1),r_primitive(at_g,0,1))),c_primitive(at-robby,0)))
b_empty(c_and(c_all(r_inverse(r_primitive(at_g,0,1)),c_equal(r_primitive(carry,0,1),r_primitive(carry_g,0,1))),c_primitive(at-robby,0)))
b_empty(c_and(c_all(r_inverse(r_primitive(at_g,0,1)),c_some(r_primitive(at,0,1),c_one_of(rooma))),c_primitive(at-robby,0)))
b_empty(c_and(c_all(r_inverse(r_primitive(at_g,0,1)),c_some(r_primitive(carry,0,1),c_top)),c_primitive(at-robby,0)))
b_empty(c_and(c_all(r_primitive(at,0,1),c_one_of(rooma)),c_not(c_all(r_primitive(at_g,0,1),c_primitive(at-robby,0)))))
b_empty(c_and(c_all(r_primitive(at,0,1),c_one_of(roomb)),c_not(c_all(r_primitive(at_g,0,1),c_primitive(at-robby,0)))))
b_empty(c_not(c_and(c_all(r_primitive(at_g,0,1),c_primitive(at-robby,0)),c_equal(r_primitive(carry,0,1),r_primitive(carry_g,0,1)))))
b_empty(c_not(c_and(c_all(r_primitive(at,0,1),c_one_of(rooma)),c_all(r_primitive(at_g,0,1),c_primitive(at-robby,0)))))
b_empty(c_not(c_and(c_all(r_primitive(at,0,1),c_one_of(roomb)),c_all(r_primitive(at_g,0,1),c_primitive(at-robby,0)))))
b_empty(c_some(r_primitive(at,0,1),c_some(r_inverse(r_primitive(at_g,0,1)),c_some(r_primitive(at,0,1),c_one_of(rooma)))))
b_empty(c_some(r_primitive(at,0,1),c_some(r_inverse(r_primitive(at_g,0,1)),c_some(r_primitive(at,0,1),c_primitive(at-robby,0)))))
b_empty(c_some(r_primitive(at,0,1),c_some(r_inverse(r_primitive(at_g,0,1)),c_some(r_primitive(carry,0,1),c_top))))
b_empty(c_some(r_primitive(at,0,1),c_some(r_inverse(r_primitive(at_g,0,1)),c_all(r_primitive(at,0,1),c_one_of(rooma)))))
b_empty(c_some(r_primitive(at,0,1),c_some(r_inverse(r_primitive(at_g,0,1)),c_all(r_primitive(at,0,1),c_primitive(at-robby,0)))))
b_empty(c_some(r_primitive(at,0,1),c_all(r_inverse(r_primitive(at_g,0,1)),c_equal(r_primitive(at,0,1),r_primitive(at_g,0,1)))))
b_empty(c_some(r_primitive(at,0,1),c_all(r_inverse(r_primitive(at_g,0,1)),c_some(r_primitive(at,0,1),c_primitive(at-robby,0)))))
Numerical features:
n_count(c_one_of(rooma))
n_count(c_top)
n_count(c_bot)
n_count(c_primitive(room,0))
n_count(c_primitive(free,0))
n_count(r_primitive(carry,0,1))
n_count(c_not(c_one_of(rooma)))
n_count(c_not(c_primitive(room,0)))
n_count(c_not(c_primitive(free,0)))
n_count(c_and(c_one_of(rooma),c_primitive(at-robby,0)))
n_count(c_and(c_one_of(roomb),c_primitive(at-robby,0)))
n_count(c_equal(r_primitive(at,0,1),r_primitive(at_g,0,1)))
n_count(c_equal(r_primitive(carry,0,1),r_primitive(carry_g,0,1)))
n_count(c_some(r_primitive(at,0,1),c_one_of(rooma)))
n_count(c_some(r_primitive(at,0,1),c_one_of(roomb)))
n_count(c_some(r_primitive(at,0,1),c_primitive(at-robby,0)))
n_count(c_some(r_primitive(at_g,0,1),c_primitive(at-robby,0)))
n_count(c_all(r_primitive(at,0,1),c_one_of(rooma)))
n_count(c_all(r_primitive(at,0,1),c_one_of(roomb)))
n_count(c_all(r_primitive(at,0,1),c_primitive(at-robby,0)))
n_count(c_all(r_primitive(at_g,0,1),c_primitive(at-robby,0)))
n_concept_distance(c_one_of(rooma),r_primitive(at,0,1),c_one_of(roomb))
n_concept_distance(c_one_of(rooma),r_primitive(at,0,1),c_primitive(at-robby,0))
n_concept_distance(c_one_of(roomb),r_primitive(at,0,1),c_primitive(at-robby,0))
n_count(c_not(c_and(c_one_of(rooma),c_primitive(at-robby,0))))
n_count(c_not(c_and(c_one_of(roomb),c_primitive(at-robby,0))))
n_count(c_not(c_equal(r_primitive(at,0,1),r_primitive(at_g,0,1))))
n_count(c_not(c_some(r_primitive(at,0,1),c_primitive(at-robby,0))))
n_count(c_not(c_some(r_primitive(at_g,0,1),c_primitive(at-robby,0))))
n_count(c_not(c_all(r_primitive(at,0,1),c_primitive(at-robby,0))))
n_count(c_not(c_all(r_primitive(at_g,0,1),c_primitive(at-robby,0))))
n_count(c_some(r_inverse(r_primitive(at,0,1)),c_top))
n_count(c_all(r_inverse(r_primitive(at,0,1)),c_one_of(rooma)))
n_count(c_and(c_all(r_primitive(at,0,1),c_one_of(roomb)),c_primitive(ball,0)))
n_count(c_and(c_all(r_primitive(at,0,1),c_primitive(at-robby,0)),c_primitive(ball,0)))
n_count(c_and(c_not(c_one_of(rooma)),c_not(c_primitive(ball,0))))
n_count(c_and(c_not(c_one_of(rooma)),c_not(c_primitive(at-robby,0))))
n_count(c_and(c_not(c_one_of(rooma)),c_not(c_primitive(free,0))))
n_count(c_and(c_not(c_one_of(roomb)),c_not(c_primitive(at-robby,0))))
n_count(c_and(c_not(c_primitive(free,0)),c_not(c_primitive(room,0))))
n_count(c_some(r_primitive(at,0,1),c_and(c_one_of(rooma),c_primitive(at-robby,0))))
n_count(c_some(r_primitive(at,0,1),c_and(c_one_of(roomb),c_primitive(at-robby,0))))
n_count(c_all(r_primitive(at,0,1),c_and(c_one_of(rooma),c_primitive(at-robby,0))))
n_count(c_all(r_primitive(at,0,1),c_and(c_one_of(roomb),c_primitive(at-robby,0))))
n_count(c_all(r_restrict(r_primitive(at,0,1),c_one_of(rooma)),c_primitive(at-robby,0)))
n_count(c_all(r_restrict(r_primitive(at,0,1),c_one_of(roomb)),c_primitive(at-robby,0)))
n_count(c_all(r_restrict(r_primitive(at,0,1),c_primitive(at-robby,0)),c_one_of(rooma)))
n_count(c_all(r_restrict(r_primitive(at,0,1),c_primitive(at-robby,0)),c_one_of(roomb)))
n_count(c_and(c_one_of(rooma),c_some(r_inverse(r_primitive(at,0,1)),c_top)))
n_count(c_and(c_all(r_inverse(r_primitive(at,0,1)),c_one_of(rooma)),c_one_of(rooma)))
n_count(c_and(c_one_of(roomb),c_some(r_inverse(r_primitive(at,0,1)),c_top)))
n_count(c_and(c_all(r_inverse(r_primitive(at,0,1)),c_one_of(rooma)),c_one_of(roomb)))
n_count(c_and(c_not(c_and(c_one_of(rooma),c_primitive(at-robby,0))),c_primitive(room,0)))
n_count(c_and(c_not(c_and(c_one_of(roomb),c_primitive(at-robby,0))),c_primitive(room,0)))
n_count(c_and(c_all(r_inverse(r_primitive(at,0,1)),c_one_of(rooma)),c_primitive(room,0)))
n_count(c_and(c_not(c_some(r_primitive(at,0,1),c_primitive(at-robby,0))),c_primitive(ball,0)))
n_count(c_and(c_primitive(at-robby,0),c_some(r_inverse(r_primitive(at,0,1)),c_top)))
n_count(c_and(c_all(r_inverse(r_primitive(at,0,1)),c_one_of(rooma)),c_primitive(at-robby,0)))
n_count(c_and(c_equal(r_primitive(at,0,1),r_primitive(at_g,0,1)),c_not(c_one_of(rooma))))
n_count(c_and(c_equal(r_primitive(carry,0,1),r_primitive(carry_g,0,1)),c_not(c_one_of(rooma))))
n_count(c_and(c_all(r_primitive(at,0,1),c_one_of(rooma)),c_not(c_one_of(rooma))))
n_count(c_and(c_all(r_primitive(at,0,1),c_one_of(roomb)),c_not(c_one_of(rooma))))
n_count(c_and(c_all(r_primitive(at,0,1),c_primitive(at-robby,0)),c_not(c_one_of(rooma))))
n_count(c_and(c_all(r_primitive(at_g,0,1),c_primitive(at-robby,0)),c_not(c_one_of(rooma))))
n_count(c_and(c_equal(r_primitive(at,0,1),r_primitive(at_g,0,1)),c_not(c_primitive(room,0))))
n_count(c_and(c_equal(r_primitive(carry,0,1),r_primitive(carry_g,0,1)),c_not(c_primitive(room,0))))
n_count(c_and(c_all(r_primitive(at,0,1),c_one_of(rooma)),c_not(c_primitive(room,0))))
n_count(c_and(c_all(r_primitive(at,0,1),c_one_of(roomb)),c_not(c_primitive(room,0))))
n_count(c_and(c_all(r_primitive(at,0,1),c_primitive(at-robby,0)),c_not(c_primitive(room,0))))
n_count(c_and(c_all(r_primitive(at_g,0,1),c_primitive(at-robby,0)),c_not(c_primitive(room,0))))
n_count(c_and(c_all(r_primitive(at,0,1),c_one_of(rooma)),c_not(c_primitive(free,0))))
n_count(c_and(c_all(r_primitive(at,0,1),c_one_of(roomb)),c_not(c_primitive(free,0))))
n_count(c_and(c_all(r_primitive(at,0,1),c_bot),c_not(c_primitive(free,0))))
n_count(c_and(c_all(r_primitive(at,0,1),c_primitive(at-robby,0)),c_not(c_primitive(free,0))))
n_count(c_and(c_all(r_primitive(at_g,0,1),c_primitive(at-robby,0)),c_not(c_primitive(free,0))))
n_count(c_not(c_and(c_all(r_primitive(at,0,1),c_one_of(roomb)),c_primitive(ball,0))))
n_count(c_not(c_and(c_all(r_primitive(at,0,1),c_primitive(at-robby,0)),c_primitive(ball,0))))
n_count(c_not(c_and(c_not(c_one_of(rooma)),c_not(c_primitive(free,0)))))
n_count(c_not(c_all(r_primitive(at,0,1),c_and(c_one_of(rooma),c_primitive(at-robby,0)))))
n_count(c_not(c_all(r_primitive(at,0,1),c_and(c_one_of(roomb),c_primitive(at-robby,0)))))
n_count(c_not(c_all(r_restrict(r_primitive(at,0,1),c_one_of(rooma)),c_primitive(at-robby,0))))
n_count(c_not(c_all(r_restrict(r_primitive(at,0,1),c_one_of(roomb)),c_primitive(at-robby,0))))
n_count(c_some(r_primitive(at_g,0,1),c_some(r_inverse(r_primitive(at,0,1)),c_top)))
n_count(c_some(r_primitive(at_g,0,1),c_all(r_inverse(r_primitive(at,0,1)),c_one_of(rooma))))
n_count(c_some(r_inverse(r_primitive(at,0,1)),c_some(r_primitive(at_g,0,1),c_primitive(at-robby,0))))
n_count(c_some(r_inverse(r_primitive(at_g,0,1)),c_equal(r_primitive(carry,0,1),r_primitive(carry_g,0,1))))
n_count(c_some(r_inverse(r_primitive(at_g,0,1)),c_some(r_primitive(carry,0,1),c_top)))
n_count(c_some(r_inverse(r_primitive(at_g,0,1)),c_all(r_primitive(at,0,1),c_one_of(rooma))))
n_count(c_some(r_inverse(r_primitive(at_g,0,1)),c_all(r_primitive(at,0,1),c_one_of(roomb))))
n_count(c_some(r_inverse(r_primitive(at_g,0,1)),c_all(r_primitive(at,0,1),c_primitive(at-robby,0))))
n_count(c_some(r_inverse(r_primitive(carry,0,1)),c_some(r_primitive(at_g,0,1),c_primitive(at-robby,0))))
n_count(c_all(r_primitive(at,0,1),c_and(c_not(c_primitive(at-robby,0)),c_one_of(rooma))))
n_count(c_all(r_primitive(at,0,1),c_and(c_not(c_primitive(at-robby,0)),c_one_of(roomb))))
n_count(c_all(r_primitive(at_g,0,1),c_some(r_inverse(r_primitive(at,0,1)),c_top)))
n_count(c_all(r_primitive(at_g,0,1),c_all(r_inverse(r_primitive(at,0,1)),c_one_of(rooma))))
n_count(c_all(r_inverse(r_primitive(at,0,1)),c_equal(r_primitive(at,0,1),r_primitive(at_g,0,1))))
n_count(c_all(r_inverse(r_primitive(at,0,1)),c_some(r_primitive(at,0,1),c_one_of(rooma))))
n_count(c_all(r_inverse(r_primitive(at,0,1)),c_some(r_primitive(at,0,1),c_primitive(at-robby,0))))
n_count(c_all(r_inverse(r_primitive(at,0,1)),c_some(r_primitive(at_g,0,1),c_primitive(at-robby,0))))
n_count(c_all(r_inverse(r_primitive(at_g,0,1)),c_equal(r_primitive(at,0,1),r_primitive(at_g,0,1))))
n_count(c_all(r_inverse(r_primitive(at_g,0,1)),c_equal(r_primitive(carry,0,1),r_primitive(carry_g,0,1))))
n_count(c_all(r_inverse(r_primitive(at_g,0,1)),c_some(r_primitive(at,0,1),c_one_of(rooma))))
n_count(c_all(r_inverse(r_primitive(at_g,0,1)),c_some(r_primitive(at,0,1),c_primitive(at-robby,0))))
n_count(c_all(r_inverse(r_primitive(at_g,0,1)),c_some(r_primitive(carry,0,1),c_top)))
n_count(c_all(r_inverse(r_primitive(carry,0,1)),c_some(r_primitive(at_g,0,1),c_primitive(at-robby,0))))
n_count(c_all(r_inverse(r_restrict(r_primitive(at,0,1),c_primitive(at-robby,0))),c_one_of(rooma)))
n_concept_distance(c_one_of(rooma),r_primitive(at,0,1),c_some(r_inverse(r_primitive(at,0,1)),c_top))
n_concept_distance(c_one_of(rooma),r_primitive(at,0,1),c_all(r_inverse(r_primitive(at,0,1)),c_one_of(rooma)))
n_concept_distance(c_one_of(roomb),r_primitive(at,0,1),c_some(r_inverse(r_primitive(at,0,1)),c_top))
n_concept_distance(c_one_of(roomb),r_primitive(at,0,1),c_all(r_inverse(r_primitive(at,0,1)),c_one_of(rooma)))
n_concept_distance(c_primitive(at-robby,0),r_primitive(at,0,1),c_some(r_inverse(r_primitive(at,0,1)),c_top))
n_concept_distance(c_primitive(at-robby,0),r_primitive(at,0,1),c_all(r_inverse(r_primitive(at,0,1)),c_one_of(rooma)))
n_count(c_and(c_all(r_primitive(at,0,1),c_and(c_one_of(rooma),c_primitive(at-robby,0))),c_primitive(ball,0)))
n_count(c_and(c_all(r_primitive(at,0,1),c_and(c_one_of(roomb),c_primitive(at-robby,0))),c_primitive(ball,0)))
n_count(c_and(c_all(r_restrict(r_primitive(at,0,1),c_one_of(rooma)),c_primitive(at-robby,0)),c_primitive(ball,0)))
n_count(c_and(c_all(r_restrict(r_primitive(at,0,1),c_one_of(roomb)),c_primitive(at-robby,0)),c_primitive(ball,0)))
n_count(c_and(c_all(r_restrict(r_primitive(at,0,1),c_primitive(at-robby,0)),c_one_of(rooma)),c_primitive(ball,0)))
n_count(c_and(c_all(r_restrict(r_primitive(at,0,1),c_primitive(at-robby,0)),c_one_of(roomb)),c_primitive(ball,0)))
n_count(c_and(c_not(c_one_of(rooma)),c_not(c_some(r_primitive(at,0,1),c_primitive(at-robby,0)))))
n_count(c_and(c_not(c_one_of(rooma)),c_not(c_some(r_primitive(at_g,0,1),c_primitive(at-robby,0)))))
n_count(c_and(c_all(r_inverse(r_primitive(at,0,1)),c_one_of(rooma)),c_not(c_one_of(rooma))))
n_count(c_and(c_all(r_inverse(r_primitive(at,0,1)),c_one_of(rooma)),c_not(c_one_of(roomb))))
n_count(c_and(c_not(c_primitive(room,0)),c_not(c_some(r_primitive(at,0,1),c_primitive(at-robby,0)))))
n_count(c_and(c_not(c_primitive(room,0)),c_not(c_some(r_primitive(at_g,0,1),c_primitive(at-robby,0)))))
n_count(c_and(c_not(c_and(c_one_of(rooma),c_primitive(at-robby,0))),c_not(c_primitive(ball,0))))
n_count(c_and(c_not(c_and(c_one_of(roomb),c_primitive(at-robby,0))),c_not(c_primitive(ball,0))))
n_count(c_and(c_all(r_inverse(r_primitive(at,0,1)),c_one_of(rooma)),c_not(c_primitive(ball,0))))
n_count(c_and(c_not(c_primitive(at-robby,0)),c_some(r_inverse(r_primitive(at,0,1)),c_top)))
n_count(c_and(c_all(r_inverse(r_primitive(at,0,1)),c_one_of(rooma)),c_not(c_primitive(at-robby,0))))
n_count(c_and(c_not(c_and(c_one_of(rooma),c_primitive(at-robby,0))),c_not(c_primitive(free,0))))
n_count(c_and(c_not(c_and(c_one_of(roomb),c_primitive(at-robby,0))),c_not(c_primitive(free,0))))
n_count(c_and(c_not(c_primitive(free,0)),c_not(c_some(r_primitive(at,0,1),c_primitive(at-robby,0)))))
n_count(c_and(c_not(c_primitive(free,0)),c_not(c_some(r_primitive(at_g,0,1),c_primitive(at-robby,0)))))
n_count(c_and(c_all(r_inverse(r_primitive(at,0,1)),c_one_of(rooma)),c_not(c_primitive(free,0))))
n_count(c_and(c_all(r_primitive(at,0,1),c_primitive(at-robby,0)),c_equal(r_primitive(at,0,1),r_primitive(at_g,0,1))))
n_count(c_and(c_equal(r_primitive(carry,0,1),r_primitive(carry_g,0,1)),c_some(r_primitive(at_g,0,1),c_primitive(at-robby,0))))
n_count(c_and(c_all(r_primitive(at,0,1),c_primitive(at-robby,0)),c_equal(r_primitive(carry,0,1),r_primitive(carry_g,0,1))))
n_count(c_and(c_all(r_primitive(at_g,0,1),c_primitive(at-robby,0)),c_equal(r_primitive(carry,0,1),r_primitive(carry_g,0,1))))
n_count(c_and(c_all(r_primitive(at,0,1),c_one_of(rooma)),c_some(r_primitive(at_g,0,1),c_primitive(at-robby,0))))
n_count(c_and(c_all(r_primitive(at,0,1),c_one_of(roomb)),c_some(r_primitive(at_g,0,1),c_primitive(at-robby,0))))
n_count(c_and(c_all(r_primitive(at,0,1),c_one_of(rooma)),c_all(r_primitive(at_g,0,1),c_primitive(at-robby,0))))
n_count(c_and(c_all(r_primitive(at,0,1),c_one_of(roomb)),c_all(r_primitive(at_g,0,1),c_primitive(at-robby,0))))
n_count(c_and(c_all(r_primitive(at,0,1),c_bot),c_all(r_primitive(at_g,0,1),c_primitive(at-robby,0))))
n_count(c_not(c_and(c_all(r_inverse(r_primitive(at,0,1)),c_one_of(rooma)),c_one_of(rooma))))
n_count(c_not(c_and(c_all(r_inverse(r_primitive(at,0,1)),c_one_of(rooma)),c_one_of(roomb))))
n_count(c_not(c_and(c_all(r_inverse(r_primitive(at,0,1)),c_one_of(rooma)),c_primitive(room,0))))
n_count(c_not(c_and(c_all(r_inverse(r_primitive(at,0,1)),c_one_of(rooma)),c_primitive(at-robby,0))))
n_count(c_not(c_and(c_equal(r_primitive(at,0,1),r_primitive(at_g,0,1)),c_not(c_one_of(rooma)))))
n_count(c_not(c_and(c_equal(r_primitive(carry,0,1),r_primitive(carry_g,0,1)),c_not(c_one_of(rooma)))))
n_count(c_not(c_and(c_all(r_primitive(at,0,1),c_one_of(rooma)),c_not(c_one_of(rooma)))))
n_count(c_not(c_and(c_all(r_primitive(at,0,1),c_one_of(roomb)),c_not(c_one_of(rooma)))))
n_count(c_not(c_and(c_all(r_primitive(at,0,1),c_primitive(at-robby,0)),c_not(c_one_of(rooma)))))
n_count(c_not(c_and(c_all(r_primitive(at_g,0,1),c_primitive(at-robby,0)),c_not(c_one_of(rooma)))))
n_count(c_not(c_and(c_all(r_primitive(at,0,1),c_one_of(roomb)),c_not(c_primitive(room,0)))))
n_count(c_not(c_and(c_all(r_primitive(at,0,1),c_primitive(at-robby,0)),c_not(c_primitive(room,0)))))
n_count(c_not(c_and(c_all(r_primitive(at,0,1),c_one_of(rooma)),c_not(c_primitive(free,0)))))
n_count(c_not(c_and(c_all(r_primitive(at,0,1),c_one_of(roomb)),c_not(c_primitive(free,0)))))
n_count(c_not(c_and(c_all(r_primitive(at,0,1),c_bot),c_not(c_primitive(free,0)))))
n_count(c_not(c_and(c_all(r_primitive(at,0,1),c_primitive(at-robby,0)),c_not(c_primitive(free,0)))))
n_count(c_not(c_and(c_all(r_primitive(at_g,0,1),c_primitive(at-robby,0)),c_not(c_primitive(free,0)))))
n_count(c_not(c_some(r_inverse(r_primitive(at,0,1)),c_some(r_primitive(at_g,0,1),c_primitive(at-robby,0)))))
n_count(c_not(c_some(r_inverse(r_primitive(at_g,0,1)),c_all(r_primitive(at,0,1),c_primitive(at-robby,0)))))
n_count(c_not(c_some(r_inverse(r_primitive(carry,0,1)),c_some(r_primitive(at_g,0,1),c_primitive(at-robby,0)))))
n_count(c_not(c_all(r_primitive(at,0,1),c_and(c_not(c_primitive(at-robby,0)),c_one_of(rooma)))))
n_count(c_not(c_all(r_primitive(at,0,1),c_and(c_not(c_primitive(at-robby,0)),c_one_of(roomb)))))
n_count(c_not(c_all(r_inverse(r_primitive(at,0,1)),c_some(r_primitive(at_g,0,1),c_primitive(at-robby,0)))))
n_count(c_not(c_all(r_inverse(r_primitive(at_g,0,1)),c_some(r_primitive(at,0,1),c_primitive(at-robby,0)))))
n_count(c_not(c_all(r_inverse(r_primitive(carry,0,1)),c_some(r_primitive(at_g,0,1),c_primitive(at-robby,0)))))
n_count(c_and(c_and(c_primitive(at-robby,0),c_some(r_inverse(r_primitive(at,0,1)),c_top)),c_one_of(rooma)))
n_count(c_and(c_and(c_all(r_inverse(r_primitive(at,0,1)),c_one_of(rooma)),c_primitive(at-robby,0)),c_one_of(rooma)))
n_count(c_and(c_one_of(rooma),c_some(r_inverse(r_primitive(at,0,1)),c_some(r_primitive(at_g,0,1),c_primitive(at-robby,0)))))
n_count(c_and(c_all(r_inverse(r_primitive(at,0,1)),c_some(r_primitive(at,0,1),c_primitive(at-robby,0))),c_one_of(rooma)))
n_count(c_and(c_all(r_inverse(r_primitive(at,0,1)),c_some(r_primitive(at_g,0,1),c_primitive(at-robby,0))),c_one_of(rooma)))
n_count(c_and(c_and(c_primitive(at-robby,0),c_some(r_inverse(r_primitive(at,0,1)),c_top)),c_one_of(roomb)))
n_count(c_and(c_and(c_all(r_inverse(r_primitive(at,0,1)),c_one_of(rooma)),c_primitive(at-robby,0)),c_one_of(roomb)))
n_count(c_and(c_all(r_inverse(r_primitive(at,0,1)),c_some(r_primitive(at,0,1),c_primitive(at-robby,0))),c_one_of(roomb)))
n_count(c_and(c_all(r_inverse(r_primitive(at_g,0,1)),c_equal(r_primitive(at,0,1),r_primitive(at_g,0,1))),c_one_of(roomb)))
n_count(c_and(c_all(r_inverse(r_primitive(at_g,0,1)),c_equal(r_primitive(carry,0,1),r_primitive(carry_g,0,1))),c_one_of(roomb)))
n_count(c_and(c_all(r_inverse(r_primitive(at_g,0,1)),c_some(r_primitive(at,0,1),c_one_of(rooma))),c_one_of(roomb)))
n_count(c_and(c_all(r_inverse(r_primitive(at_g,0,1)),c_some(r_primitive(at,0,1),c_primitive(at-robby,0))),c_one_of(roomb)))
n_count(c_and(c_all(r_inverse(r_primitive(at_g,0,1)),c_some(r_primitive(carry,0,1),c_top)),c_one_of(roomb)))
n_count(c_and(c_all(r_inverse(r_primitive(at_g,0,1)),c_all(r_primitive(at,0,1),c_primitive(at-robby,0))),c_one_of(roomb)))
n_count(c_and(c_all(r_inverse(r_restrict(r_primitive(at,0,1),c_primitive(at-robby,0))),c_one_of(rooma)),c_one_of(roomb)))
n_count(c_and(c_all(r_inverse(r_primitive(at,0,1)),c_equal(r_primitive(at,0,1),r_primitive(at_g,0,1))),c_primitive(room,0)))
n_count(c_and(c_all(r_inverse(r_primitive(at,0,1)),c_some(r_primitive(at,0,1),c_one_of(rooma))),c_primitive(room,0)))
n_count(c_and(c_all(r_inverse(r_primitive(at,0,1)),c_some(r_primitive(at,0,1),c_primitive(at-robby,0))),c_primitive(room,0)))
n_count(c_and(c_all(r_inverse(r_primitive(at,0,1)),c_some(r_primitive(at_g,0,1),c_primitive(at-robby,0))),c_primitive(room,0)))
n_count(c_and(c_all(r_inverse(r_primitive(at_g,0,1)),c_equal(r_primitive(at,0,1),r_primitive(at_g,0,1))),c_primitive(room,0)))
n_count(c_and(c_all(r_inverse(r_primitive(at_g,0,1)),c_equal(r_primitive(carry,0,1),r_primitive(carry_g,0,1))),c_primitive(room,0)))
n_count(c_and(c_all(r_inverse(r_primitive(at_g,0,1)),c_some(r_primitive(at,0,1),c_one_of(rooma))),c_primitive(room,0)))
n_count(c_and(c_all(r_inverse(r_primitive(at_g,0,1)),c_some(r_primitive(at,0,1),c_primitive(at-robby,0))),c_primitive(room,0)))
n_count(c_and(c_all(r_inverse(r_primitive(at_g,0,1)),c_some(r_primitive(carry,0,1),c_top)),c_primitive(room,0)))
n_count(c_and(c_all(r_inverse(r_restrict(r_primitive(at,0,1),c_primitive(at-robby,0))),c_one_of(rooma)),c_primitive(room,0)))
n_count(c_and(c_all(r_primitive(at,0,1),c_and(c_not(c_primitive(at-robby,0)),c_one_of(rooma))),c_primitive(ball,0)))
n_count(c_and(c_all(r_primitive(at,0,1),c_and(c_not(c_primitive(at-robby,0)),c_one_of(roomb))),c_primitive(ball,0)))
n_count(c_and(c_all(r_inverse(r_primitive(carry,0,1)),c_some(r_primitive(at_g,0,1),c_primitive(at-robby,0))),c_primitive(gripper,0)))
n_count(c_and(c_primitive(at-robby,0),c_some(r_inverse(r_primitive(at_g,0,1)),c_equal(r_primitive(carry,0,1),r_primitive(carry_g,0,1)))))
n_count(c_and(c_primitive(at-robby,0),c_some(r_inverse(r_primitive(at_g,0,1)),c_some(r_primitive(carry,0,1),c_top))))
n_count(c_and(c_primitive(at-robby,0),c_some(r_inverse(r_primitive(at_g,0,1)),c_all(r_primitive(at,0,1),c_one_of(rooma)))))
n_count(c_and(c_primitive(at-robby,0),c_some(r_inverse(r_primitive(at_g,0,1)),c_all(r_primitive(at,0,1),c_one_of(roomb)))))
n_count(c_and(c_all(r_inverse(r_primitive(at_g,0,1)),c_equal(r_primitive(at,0,1),r_primitive(at_g,0,1))),c_primitive(at-robby,0)))
n_count(c_and(c_all(r_inverse(r_primitive(at_g,0,1)),c_equal(r_primitive(carry,0,1),r_primitive(carry_g,0,1))),c_primitive(at-robby,0)))
n_count(c_and(c_all(r_inverse(r_primitive(at_g,0,1)),c_some(r_primitive(at,0,1),c_one_of(rooma))),c_primitive(at-robby,0)))
n_count(c_and(c_all(r_inverse(r_primitive(at_g,0,1)),c_some(r_primitive(carry,0,1),c_top)),c_primitive(at-robby,0)))
n_count(c_and(c_and(c_not(c_primitive(at-robby,0)),c_not(c_primitive(ball,0))),c_not(c_one_of(rooma))))
n_count(c_and(c_and(c_not(c_primitive(at-robby,0)),c_not(c_primitive(free,0))),c_not(c_one_of(rooma))))
n_count(c_and(c_all(r_primitive(at,0,1),c_and(c_one_of(rooma),c_primitive(at-robby,0))),c_not(c_one_of(rooma))))
n_count(c_and(c_all(r_primitive(at,0,1),c_and(c_one_of(roomb),c_primitive(at-robby,0))),c_not(c_one_of(rooma))))
n_count(c_and(c_all(r_restrict(r_primitive(at,0,1),c_one_of(rooma)),c_primitive(at-robby,0)),c_not(c_one_of(rooma))))
n_count(c_and(c_all(r_restrict(r_primitive(at,0,1),c_one_of(roomb)),c_primitive(at-robby,0)),c_not(c_one_of(rooma))))
n_count(c_and(c_all(r_restrict(r_primitive(at,0,1),c_primitive(at-robby,0)),c_one_of(rooma)),c_not(c_one_of(rooma))))
n_count(c_and(c_all(r_restrict(r_primitive(at,0,1),c_primitive(at-robby,0)),c_one_of(roomb)),c_not(c_one_of(rooma))))
n_count(c_and(c_and(c_not(c_primitive(at-robby,0)),c_not(c_primitive(ball,0))),c_not(c_one_of(roomb))))
n_count(c_and(c_and(c_not(c_primitive(at-robby,0)),c_not(c_primitive(free,0))),c_not(c_one_of(roomb))))
n_count(c_and(c_all(r_primitive(at,0,1),c_and(c_one_of(rooma),c_primitive(at-robby,0))),c_not(c_primitive(room,0))))
n_count(c_and(c_all(r_primitive(at,0,1),c_and(c_one_of(roomb),c_primitive(at-robby,0))),c_not(c_primitive(room,0))))
n_count(c_and(c_all(r_restrict(r_primitive(at,0,1),c_one_of(rooma)),c_primitive(at-robby,0)),c_not(c_primitive(room,0))))
n_count(c_and(c_all(r_restrict(r_primitive(at,0,1),c_one_of(roomb)),c_primitive(at-robby,0)),c_not(c_primitive(room,0))))
n_count(c_and(c_all(r_restrict(r_primitive(at,0,1),c_primitive(at-robby,0)),c_one_of(rooma)),c_not(c_primitive(room,0))))
n_count(c_and(c_all(r_restrict(r_primitive(at,0,1),c_primitive(at-robby,0)),c_one_of(roomb)),c_not(c_primitive(room,0))))
n_count(c_and(c_all(r_primitive(at,0,1),c_and(c_one_of(rooma),c_primitive(at-robby,0))),c_not(c_primitive(free,0))))
n_count(c_and(c_all(r_primitive(at,0,1),c_and(c_one_of(roomb),c_primitive(at-robby,0))),c_not(c_primitive(free,0))))
n_count(c_and(c_all(r_restrict(r_primitive(at,0,1),c_one_of(rooma)),c_primitive(at-robby,0)),c_not(c_primitive(free,0))))
n_count(c_and(c_all(r_restrict(r_primitive(at,0,1),c_one_of(roomb)),c_primitive(at-robby,0)),c_not(c_primitive(free,0))))
n_count(c_and(c_all(r_restrict(r_primitive(at,0,1),c_primitive(at-robby,0)),c_one_of(rooma)),c_not(c_primitive(free,0))))
n_count(c_and(c_all(r_restrict(r_primitive(at,0,1),c_primitive(at-robby,0)),c_one_of(roomb)),c_not(c_primitive(free,0))))
n_count(c_and(c_equal(r_primitive(at,0,1),r_primitive(at_g,0,1)),c_not(c_and(c_one_of(rooma),c_primitive(at-robby,0)))))
n_count(c_and(c_equal(r_primitive(at,0,1),r_primitive(at_g,0,1)),c_not(c_and(c_one_of(roomb),c_primitive(at-robby,0)))))
n_count(c_and(c_equal(r_primitive(at,0,1),r_primitive(at_g,0,1)),c_not(c_some(r_primitive(at,0,1),c_primitive(at-robby,0)))))
n_count(c_and(c_all(r_inverse(r_primitive(at,0,1)),c_one_of(rooma)),c_equal(r_primitive(at,0,1),r_primitive(at_g,0,1))))
n_count(c_and(c_all(r_inverse(r_primitive(carry,0,1)),c_one_of(rooma)),c_equal(r_primitive(at,0,1),r_primitive(at_g,0,1))))
n_count(c_and(c_equal(r_primitive(carry,0,1),r_primitive(carry_g,0,1)),c_not(c_and(c_one_of(rooma),c_primitive(at-robby,0)))))
n_count(c_and(c_equal(r_primitive(carry,0,1),r_primitive(carry_g,0,1)),c_not(c_and(c_one_of(roomb),c_primitive(at-robby,0)))))
n_count(c_and(c_equal(r_primitive(carry,0,1),r_primitive(carry_g,0,1)),c_not(c_some(r_primitive(at_g,0,1),c_primitive(at-robby,0)))))
n_count(c_and(c_equal(r_primitive(carry,0,1),r_primitive(carry_g,0,1)),c_not(c_all(r_primitive(at_g,0,1),c_primitive(at-robby,0)))))
n_count(c_and(c_all(r_inverse(r_primitive(at,0,1)),c_one_of(rooma)),c_equal(r_primitive(carry,0,1),r_primitive(carry_g,0,1))))
n_count(c_and(c_all(r_inverse(r_primitive(carry,0,1)),c_one_of(rooma)),c_equal(r_primitive(carry,0,1),r_primitive(carry_g,0,1))))
n_count(c_and(c_all(r_primitive(at,0,1),c_one_of(rooma)),c_not(c_and(c_one_of(rooma),c_primitive(at-robby,0)))))
n_count(c_and(c_all(r_primitive(at,0,1),c_one_of(rooma)),c_not(c_and(c_one_of(roomb),c_primitive(at-robby,0)))))
n_count(c_and(c_all(r_primitive(at,0,1),c_one_of(rooma)),c_not(c_some(r_primitive(at_g,0,1),c_primitive(at-robby,0)))))
n_count(c_and(c_all(r_primitive(at,0,1),c_one_of(rooma)),c_not(c_all(r_primitive(at_g,0,1),c_primitive(at-robby,0)))))
n_count(c_and(c_all(r_inverse(r_primitive(at,0,1)),c_one_of(rooma)),c_all(r_primitive(at,0,1),c_one_of(rooma))))
n_count(c_and(c_all(r_primitive(at,0,1),c_one_of(roomb)),c_not(c_and(c_one_of(rooma),c_primitive(at-robby,0)))))
n_count(c_and(c_all(r_primitive(at,0,1),c_one_of(roomb)),c_not(c_and(c_one_of(roomb),c_primitive(at-robby,0)))))
n_count(c_and(c_all(r_primitive(at,0,1),c_one_of(roomb)),c_not(c_some(r_primitive(at_g,0,1),c_primitive(at-robby,0)))))
n_count(c_and(c_all(r_primitive(at,0,1),c_one_of(roomb)),c_not(c_all(r_primitive(at_g,0,1),c_primitive(at-robby,0)))))
n_count(c_and(c_all(r_inverse(r_primitive(at,0,1)),c_one_of(rooma)),c_all(r_primitive(at,0,1),c_one_of(roomb))))
n_count(c_and(c_all(r_primitive(at,0,1),c_bot),c_not(c_some(r_primitive(at_g,0,1),c_primitive(at-robby,0)))))
n_count(c_and(c_all(r_primitive(at,0,1),c_primitive(at-robby,0)),c_not(c_and(c_one_of(rooma),c_primitive(at-robby,0)))))
n_count(c_and(c_all(r_primitive(at,0,1),c_primitive(at-robby,0)),c_not(c_and(c_one_of(roomb),c_primitive(at-robby,0)))))
n_count(c_and(c_all(r_inverse(r_primitive(at,0,1)),c_one_of(rooma)),c_all(r_primitive(at,0,1),c_primitive(at-robby,0))))
n_count(c_and(c_all(r_primitive(at_g,0,1),c_primitive(at-robby,0)),c_not(c_and(c_one_of(rooma),c_primitive(at-robby,0)))))
n_count(c_and(c_all(r_inverse(r_primitive(at,0,1)),c_one_of(rooma)),c_all(r_primitive(at_g,0,1),c_primitive(at-robby,0))))
n_count(c_and(c_all(r_inverse(r_primitive(carry,0,1)),c_one_of(rooma)),c_all(r_primitive(at_g,0,1),c_primitive(at-robby,0))))
n_count(c_not(c_and(c_all(r_primitive(at,0,1),c_and(c_one_of(rooma),c_primitive(at-robby,0))),c_primitive(ball,0))))
n_count(c_not(c_and(c_all(r_primitive(at,0,1),c_and(c_one_of(roomb),c_primitive(at-robby,0))),c_primitive(ball,0))))
n_count(c_not(c_and(c_all(r_restrict(r_primitive(at,0,1),c_one_of(rooma)),c_primitive(at-robby,0)),c_primitive(ball,0))))
n_count(c_not(c_and(c_all(r_restrict(r_primitive(at,0,1),c_primitive(at-robby,0)),c_one_of(roomb)),c_primitive(ball,0))))
n_count(c_not(c_and(c_not(c_one_of(rooma)),c_not(c_some(r_primitive(at,0,1),c_primitive(at-robby,0))))))
n_count(c_not(c_and(c_not(c_one_of(rooma)),c_not(c_some(r_primitive(at_g,0,1),c_primitive(at-robby,0))))))
n_count(c_not(c_and(c_all(r_inverse(r_primitive(at,0,1)),c_one_of(rooma)),c_not(c_one_of(rooma)))))
n_count(c_not(c_and(c_all(r_inverse(r_primitive(at,0,1)),c_one_of(rooma)),c_not(c_one_of(roomb)))))
n_count(c_not(c_and(c_not(c_primitive(room,0)),c_not(c_some(r_primitive(at,0,1),c_primitive(at-robby,0))))))
n_count(c_not(c_and(c_all(r_inverse(r_primitive(at,0,1)),c_one_of(rooma)),c_not(c_primitive(ball,0)))))
n_count(c_not(c_and(c_all(r_inverse(r_primitive(at,0,1)),c_one_of(rooma)),c_not(c_primitive(at-robby,0)))))
n_count(c_not(c_and(c_not(c_and(c_one_of(rooma),c_primitive(at-robby,0))),c_not(c_primitive(free,0)))))
n_count(c_not(c_and(c_not(c_and(c_one_of(roomb),c_primitive(at-robby,0))),c_not(c_primitive(free,0)))))
n_count(c_not(c_and(c_not(c_primitive(free,0)),c_not(c_some(r_primitive(at,0,1),c_primitive(at-robby,0))))))
n_count(c_not(c_and(c_not(c_primitive(free,0)),c_not(c_some(r_primitive(at_g,0,1),c_primitive(at-robby,0))))))
n_count(c_not(c_and(c_all(r_inverse(r_primitive(at,0,1)),c_one_of(rooma)),c_not(c_primitive(free,0)))))
n_count(c_not(c_and(c_equal(r_primitive(carry,0,1),r_primitive(carry_g,0,1)),c_some(r_primitive(at_g,0,1),c_primitive(at-robby,0)))))
n_count(c_not(c_and(c_all(r_primitive(at_g,0,1),c_primitive(at-robby,0)),c_equal(r_primitive(carry,0,1),r_primitive(carry_g,0,1)))))
n_count(c_not(c_and(c_all(r_primitive(at,0,1),c_one_of(rooma)),c_some(r_primitive(at_g,0,1),c_primitive(at-robby,0)))))
n_count(c_not(c_and(c_all(r_primitive(at,0,1),c_one_of(roomb)),c_some(r_primitive(at_g,0,1),c_primitive(at-robby,0)))))
n_count(c_not(c_and(c_all(r_primitive(at,0,1),c_one_of(rooma)),c_all(r_primitive(at_g,0,1),c_primitive(at-robby,0)))))
n_count(c_not(c_and(c_all(r_primitive(at,0,1),c_one_of(roomb)),c_all(r_primitive(at_g,0,1),c_primitive(at-robby,0)))))
n_count(c_not(c_and(c_all(r_primitive(at,0,1),c_bot),c_all(r_primitive(at_g,0,1),c_primitive(at-robby,0)))))
n_count(c_some(r_primitive(at,0,1),c_some(r_inverse(r_primitive(at_g,0,1)),c_some(r_primitive(at,0,1),c_one_of(rooma)))))
n_count(c_some(r_primitive(at,0,1),c_some(r_inverse(r_primitive(at_g,0,1)),c_some(r_primitive(at,0,1),c_primitive(at-robby,0)))))
n_count(c_some(r_primitive(at,0,1),c_some(r_inverse(r_primitive(at_g,0,1)),c_some(r_primitive(carry,0,1),c_top))))
n_count(c_some(r_primitive(at,0,1),c_some(r_inverse(r_primitive(at_g,0,1)),c_all(r_primitive(at,0,1),c_one_of(rooma)))))
n_count(c_some(r_primitive(at,0,1),c_some(r_inverse(r_primitive(at_g,0,1)),c_all(r_primitive(at,0,1),c_primitive(at-robby,0)))))
n_count(c_some(r_primitive(at,0,1),c_all(r_inverse(r_primitive(at_g,0,1)),c_equal(r_primitive(at,0,1),r_primitive(at_g,0,1)))))
n_count(c_some(r_primitive(at,0,1),c_all(r_inverse(r_primitive(at_g,0,1)),c_equal(r_primitive(carry,0,1),r_primitive(carry_g,0,1)))))
n_count(c_some(r_primitive(at,0,1),c_all(r_inverse(r_primitive(at_g,0,1)),c_some(r_primitive(at,0,1),c_primitive(at-robby,0)))))
n_count(c_some(r_primitive(at,0,1),c_all(r_inverse(r_primitive(at_g,0,1)),c_all(r_primitive(at,0,1),c_one_of(roomb)))))
n_count(c_some(r_primitive(at,0,1),c_all(r_inverse(r_primitive(at_g,0,1)),c_all(r_primitive(at,0,1),c_primitive(at-robby,0)))))
n_count(c_some(r_primitive(at_g,0,1),c_and(c_primitive(at-robby,0),c_some(r_inverse(r_primitive(at,0,1)),c_top))))
n_count(c_some(r_primitive(at_g,0,1),c_and(c_all(r_inverse(r_primitive(at,0,1)),c_one_of(rooma)),c_primitive(at-robby,0))))
n_count(c_some(r_primitive(at_g,0,1),c_some(r_inverse(r_primitive(at_g,0,1)),c_equal(r_primitive(carry,0,1),r_primitive(carry_g,0,1)))))
n_count(c_some(r_primitive(at_g,0,1),c_some(r_inverse(r_primitive(at_g,0,1)),c_some(r_primitive(at,0,1),c_one_of(rooma)))))
n_count(c_some(r_primitive(at_g,0,1),c_some(r_inverse(r_primitive(at_g,0,1)),c_some(r_primitive(at,0,1),c_primitive(at-robby,0)))))
n_count(c_some(r_primitive(at_g,0,1),c_some(r_inverse(r_primitive(at_g,0,1)),c_some(r_primitive(carry,0,1),c_top))))
n_count(c_some(r_primitive(at_g,0,1),c_some(r_inverse(r_primitive(at_g,0,1)),c_all(r_primitive(at,0,1),c_one_of(rooma)))))
n_count(c_some(r_primitive(at_g,0,1),c_some(r_inverse(r_primitive(at_g,0,1)),c_all(r_primitive(at,0,1),c_one_of(roomb)))))
n_count(c_some(r_primitive(at_g,0,1),c_some(r_inverse(r_primitive(at_g,0,1)),c_all(r_primitive(at,0,1),c_primitive(at-robby,0)))))
n_count(c_some(r_primitive(at_g,0,1),c_all(r_inverse(r_primitive(at,0,1)),c_some(r_primitive(at,0,1),c_primitive(at-robby,0)))))
n_count(c_some(r_primitive(at_g,0,1),c_all(r_inverse(r_primitive(at_g,0,1)),c_equal(r_primitive(at,0,1),r_primitive(at_g,0,1)))))
n_count(c_some(r_primitive(at_g,0,1),c_all(r_inverse(r_primitive(at_g,0,1)),c_equal(r_primitive(carry,0,1),r_primitive(carry_g,0,1)))))
n_count(c_some(r_primitive(at_g,0,1),c_all(r_inverse(r_primitive(at_g,0,1)),c_some(r_primitive(at,0,1),c_one_of(rooma)))))
n_count(c_some(r_primitive(at_g,0,1),c_all(r_inverse(r_primitive(at_g,0,1)),c_some(r_primitive(at,0,1),c_primitive(at-robby,0)))))
n_count(c_some(r_primitive(at_g,0,1),c_all(r_inverse(r_primitive(at_g,0,1)),c_some(r_primitive(carry,0,1),c_top))))
n_count(c_some(r_primitive(at_g,0,1),c_all(r_inverse(r_primitive(at_g,0,1)),c_all(r_primitive(at,0,1),c_one_of(roomb)))))
n_count(c_some(r_primitive(at_g,0,1),c_all(r_inverse(r_primitive(at_g,0,1)),c_all(r_primitive(at,0,1),c_primitive(at-robby,0)))))
n_count(c_some(r_primitive(at_g,0,1),c_all(r_inverse(r_restrict(r_primitive(at,0,1),c_primitive(at-robby,0))),c_one_of(rooma))))
n_count(c_some(r_inverse(r_primitive(at,0,1)),c_all(r_restrict(r_primitive(at,0,1),c_one_of(rooma)),c_primitive(at-robby,0))))
n_count(c_some(r_inverse(r_primitive(at,0,1)),c_all(r_restrict(r_primitive(at,0,1),c_one_of(roomb)),c_primitive(at-robby,0))))
n_count(c_some(r_inverse(r_primitive(at,0,1)),c_all(r_restrict(r_primitive(at,0,1),c_primitive(at-robby,0)),c_one_of(rooma))))
n_count(c_some(r_inverse(r_primitive(at,0,1)),c_all(r_restrict(r_primitive(at,0,1),c_primitive(at-robby,0)),c_one_of(roomb))))
n_count(c_some(r_inverse(r_primitive(at_g,0,1)),c_all(r_primitive(at,0,1),c_and(c_one_of(rooma),c_primitive(at-robby,0)))))
n_count(c_some(r_inverse(r_primitive(at_g,0,1)),c_all(r_primitive(at,0,1),c_and(c_one_of(roomb),c_primitive(at-robby,0)))))
n_count(c_some(r_inverse(r_primitive(at_g,0,1)),c_all(r_restrict(r_primitive(at,0,1),c_one_of(rooma)),c_primitive(at-robby,0))))
n_count(c_some(r_inverse(r_primitive(at_g,0,1)),c_all(r_restrict(r_primitive(at,0,1),c_one_of(roomb)),c_primitive(at-robby,0))))
n_count(c_some(r_inverse(r_primitive(at_g,0,1)),c_all(r_restrict(r_primitive(at,0,1),c_primitive(at-robby,0)),c_one_of(rooma))))
n_count(c_some(r_inverse(r_primitive(at_g,0,1)),c_all(r_restrict(r_primitive(at,0,1),c_primitive(at-robby,0)),c_one_of(roomb))))
n_count(c_all(r_primitive(at,0,1),c_some(r_inverse(r_primitive(at,0,1)),c_some(r_primitive(at_g,0,1),c_primitive(at-robby,0)))))
n_count(c_all(r_primitive(at,0,1),c_some(r_inverse(r_primitive(at_g,0,1)),c_some(r_primitive(at,0,1),c_one_of(rooma)))))
n_count(c_all(r_primitive(at,0,1),c_some(r_inverse(r_primitive(at_g,0,1)),c_some(r_primitive(at,0,1),c_primitive(at-robby,0)))))
n_count(c_all(r_primitive(at,0,1),c_some(r_inverse(r_primitive(at_g,0,1)),c_some(r_primitive(carry,0,1),c_top))))
n_count(c_all(r_primitive(at,0,1),c_some(r_inverse(r_primitive(at_g,0,1)),c_all(r_primitive(at,0,1),c_one_of(rooma)))))
n_count(c_all(r_primitive(at,0,1),c_some(r_inverse(r_primitive(at_g,0,1)),c_all(r_primitive(at,0,1),c_primitive(at-robby,0)))))
n_count(c_all(r_primitive(at,0,1),c_all(r_inverse(r_primitive(at_g,0,1)),c_equal(r_primitive(at,0,1),r_primitive(at_g,0,1)))))
n_count(c_all(r_primitive(at,0,1),c_all(r_inverse(r_primitive(at_g,0,1)),c_equal(r_primitive(carry,0,1),r_primitive(carry_g,0,1)))))
n_count(c_all(r_primitive(at,0,1),c_all(r_inverse(r_primitive(at_g,0,1)),c_some(r_primitive(at,0,1),c_primitive(at-robby,0)))))
n_count(c_all(r_primitive(at,0,1),c_all(r_inverse(r_primitive(at_g,0,1)),c_all(r_primitive(at,0,1),c_one_of(roomb)))))
n_count(c_all(r_primitive(at,0,1),c_all(r_inverse(r_primitive(at_g,0,1)),c_all(r_primitive(at,0,1),c_primitive(at-robby,0)))))
n_count(c_all(r_primitive(at_g,0,1),c_and(c_primitive(at-robby,0),c_some(r_inverse(r_primitive(at,0,1)),c_top))))
n_count(c_all(r_primitive(at_g,0,1),c_and(c_all(r_inverse(r_primitive(at,0,1)),c_one_of(rooma)),c_primitive(at-robby,0))))
n_count(c_all(r_primitive(at_g,0,1),c_some(r_inverse(r_primitive(at_g,0,1)),c_equal(r_primitive(carry,0,1),r_primitive(carry_g,0,1)))))
n_count(c_all(r_primitive(at_g,0,1),c_some(r_inverse(r_primitive(at_g,0,1)),c_some(r_primitive(at,0,1),c_one_of(rooma)))))
n_count(c_all(r_primitive(at_g,0,1),c_some(r_inverse(r_primitive(at_g,0,1)),c_some(r_primitive(at,0,1),c_primitive(at-robby,0)))))
n_count(c_all(r_primitive(at_g,0,1),c_some(r_inverse(r_primitive(at_g,0,1)),c_some(r_primitive(carry,0,1),c_top))))
n_count(c_all(r_primitive(at_g,0,1),c_some(r_inverse(r_primitive(at_g,0,1)),c_all(r_primitive(at,0,1),c_one_of(rooma)))))
n_count(c_all(r_primitive(at_g,0,1),c_some(r_inverse(r_primitive(at_g,0,1)),c_all(r_primitive(at,0,1),c_one_of(roomb)))))
n_count(c_all(r_primitive(at_g,0,1),c_some(r_inverse(r_primitive(at_g,0,1)),c_all(r_primitive(at,0,1),c_primitive(at-robby,0)))))
n_count(c_all(r_primitive(at_g,0,1),c_all(r_inverse(r_primitive(at,0,1)),c_some(r_primitive(at,0,1),c_primitive(at-robby,0)))))
n_count(c_all(r_primitive(at_g,0,1),c_all(r_inverse(r_primitive(at_g,0,1)),c_equal(r_primitive(at,0,1),r_primitive(at_g,0,1)))))
n_count(c_all(r_primitive(at_g,0,1),c_all(r_inverse(r_primitive(at_g,0,1)),c_equal(r_primitive(carry,0,1),r_primitive(carry_g,0,1)))))
n_count(c_all(r_primitive(at_g,0,1),c_all(r_inverse(r_primitive(at_g,0,1)),c_some(r_primitive(at,0,1),c_one_of(rooma)))))
n_count(c_all(r_primitive(at_g,0,1),c_all(r_inverse(r_primitive(at_g,0,1)),c_some(r_primitive(at,0,1),c_primitive(at-robby,0)))))
n_count(c_all(r_primitive(at_g,0,1),c_all(r_inverse(r_primitive(at_g,0,1)),c_some(r_primitive(carry,0,1),c_top))))
n_count(c_all(r_primitive(at_g,0,1),c_all(r_inverse(r_primitive(at_g,0,1)),c_all(r_primitive(at,0,1),c_one_of(roomb)))))
n_count(c_all(r_primitive(at_g,0,1),c_all(r_inverse(r_primitive(at_g,0,1)),c_all(r_primitive(at,0,1),c_primitive(at-robby,0)))))
n_count(c_all(r_primitive(at_g,0,1),c_all(r_inverse(r_restrict(r_primitive(at,0,1),c_primitive(at-robby,0))),c_one_of(rooma))))
n_count(c_all(r_inverse(r_primitive(at,0,1)),c_some(r_primitive(at,0,1),c_and(c_one_of(rooma),c_primitive(at-robby,0)))))
n_count(c_all(r_inverse(r_primitive(at,0,1)),c_some(r_primitive(at,0,1),c_and(c_one_of(roomb),c_primitive(at-robby,0)))))
n_count(c_all(r_inverse(r_primitive(at,0,1)),c_all(r_restrict(r_primitive(at,0,1),c_one_of(rooma)),c_primitive(at-robby,0))))
n_count(c_all(r_inverse(r_primitive(at,0,1)),c_all(r_restrict(r_primitive(at,0,1),c_one_of(roomb)),c_primitive(at-robby,0))))
n_count(c_all(r_inverse(r_primitive(at,0,1)),c_all(r_restrict(r_primitive(at,0,1),c_primitive(at-robby,0)),c_one_of(rooma))))
n_count(c_all(r_inverse(r_primitive(at,0,1)),c_all(r_restrict(r_primitive(at,0,1),c_primitive(at-robby,0)),c_one_of(roomb))))
n_count(c_all(r_inverse(r_primitive(at_g,0,1)),c_some(r_primitive(at,0,1),c_and(c_one_of(rooma),c_primitive(at-robby,0)))))
n_count(c_all(r_inverse(r_primitive(at_g,0,1)),c_some(r_primitive(at,0,1),c_and(c_one_of(roomb),c_primitive(at-robby,0)))))
n_count(c_all(r_inverse(r_primitive(at_g,0,1)),c_all(r_primitive(at,0,1),c_and(c_one_of(rooma),c_primitive(at-robby,0)))))
n_count(c_all(r_inverse(r_primitive(at_g,0,1)),c_all(r_primitive(at,0,1),c_and(c_one_of(roomb),c_primitive(at-robby,0)))))
n_count(c_all(r_restrict(r_primitive(at_g,0,1),c_primitive(at-robby,0)),c_some(r_inverse(r_primitive(at,0,1)),c_top)))
n_count(c_all(r_inverse(r_restrict(r_primitive(at_g,0,1),c_primitive(at-robby,0))),c_equal(r_primitive(at,0,1),r_primitive(at_g,0,1))))
n_count(c_all(r_inverse(r_restrict(r_primitive(at_g,0,1),c_primitive(at-robby,0))),c_equal(r_primitive(carry,0,1),r_primitive(carry_g,0,1))))
n_count(c_all(r_inverse(r_restrict(r_primitive(at_g,0,1),c_primitive(at-robby,0))),c_some(r_primitive(at,0,1),c_one_of(rooma))))
n_count(c_all(r_inverse(r_restrict(r_primitive(at_g,0,1),c_primitive(at-robby,0))),c_some(r_primitive(carry,0,1),c_top)))
n_concept_distance(c_one_of(rooma),r_primitive(at,0,1),c_and(c_primitive(at-robby,0),c_some(r_inverse(r_primitive(at,0,1)),c_top)))
n_concept_distance(c_one_of(rooma),r_primitive(at,0,1),c_and(c_all(r_inverse(r_primitive(at,0,1)),c_one_of(rooma)),c_primitive(at-robby,0)))
n_concept_distance(c_one_of(rooma),r_primitive(at,0,1),c_some(r_inverse(r_primitive(at,0,1)),c_some(r_primitive(at_g,0,1),c_primitive(at-robby,0))))
n_concept_distance(c_one_of(rooma),r_primitive(at,0,1),c_all(r_inverse(r_primitive(at,0,1)),c_some(r_primitive(at,0,1),c_primitive(at-robby,0))))
n_concept_distance(c_one_of(rooma),r_primitive(at,0,1),c_all(r_inverse(r_primitive(at,0,1)),c_some(r_primitive(at_g,0,1),c_primitive(at-robby,0))))
n_concept_distance(c_one_of(roomb),r_primitive(at,0,1),c_and(c_primitive(at-robby,0),c_some(r_inverse(r_primitive(at,0,1)),c_top)))
n_concept_distance(c_one_of(roomb),r_primitive(at,0,1),c_and(c_all(r_inverse(r_primitive(at,0,1)),c_one_of(rooma)),c_primitive(at-robby,0)))
n_concept_distance(c_one_of(roomb),r_primitive(at,0,1),c_some(r_inverse(r_primitive(at_g,0,1)),c_equal(r_primitive(carry,0,1),r_primitive(carry_g,0,1))))
n_concept_distance(c_one_of(roomb),r_primitive(at,0,1),c_some(r_inverse(r_primitive(at_g,0,1)),c_some(r_primitive(carry,0,1),c_top)))
n_concept_distance(c_one_of(roomb),r_primitive(at,0,1),c_some(r_inverse(r_primitive(at_g,0,1)),c_all(r_primitive(at,0,1),c_one_of(rooma))))
n_concept_distance(c_one_of(roomb),r_primitive(at,0,1),c_some(r_inverse(r_primitive(at_g,0,1)),c_all(r_primitive(at,0,1),c_one_of(roomb))))
n_concept_distance(c_one_of(roomb),r_primitive(at,0,1),c_some(r_inverse(r_primitive(at_g,0,1)),c_all(r_primitive(at,0,1),c_primitive(at-robby,0))))
n_concept_distance(c_one_of(roomb),r_primitive(at,0,1),c_all(r_inverse(r_primitive(at,0,1)),c_some(r_primitive(at,0,1),c_primitive(at-robby,0))))
n_concept_distance(c_one_of(roomb),r_primitive(at,0,1),c_all(r_inverse(r_primitive(at_g,0,1)),c_equal(r_primitive(at,0,1),r_primitive(at_g,0,1))))
n_concept_distance(c_one_of(roomb),r_primitive(at,0,1),c_all(r_inverse(r_primitive(at_g,0,1)),c_equal(r_primitive(carry,0,1),r_primitive(carry_g,0,1))))
n_concept_distance(c_one_of(roomb),r_primitive(at,0,1),c_all(r_inverse(r_primitive(at_g,0,1)),c_some(r_primitive(at,0,1),c_one_of(rooma))))
n_concept_distance(c_one_of(roomb),r_primitive(at,0,1),c_all(r_inverse(r_primitive(at_g,0,1)),c_some(r_primitive(at,0,1),c_primitive(at-robby,0))))
n_concept_distance(c_one_of(roomb),r_primitive(at,0,1),c_all(r_inverse(r_primitive(at_g,0,1)),c_some(r_primitive(carry,0,1),c_top)))
n_concept_distance(c_one_of(roomb),r_primitive(at,0,1),c_all(r_inverse(r_primitive(at_g,0,1)),c_all(r_primitive(at,0,1),c_primitive(at-robby,0))))
n_concept_distance(c_one_of(roomb),r_primitive(at,0,1),c_all(r_inverse(r_restrict(r_primitive(at,0,1),c_primitive(at-robby,0))),c_one_of(rooma)))
n_concept_distance(c_primitive(at-robby,0),r_primitive(at,0,1),c_some(r_inverse(r_primitive(at_g,0,1)),c_equal(r_primitive(carry,0,1),r_primitive(carry_g,0,1))))
n_concept_distance(c_primitive(at-robby,0),r_primitive(at,0,1),c_some(r_inverse(r_primitive(at_g,0,1)),c_some(r_primitive(carry,0,1),c_top)))
n_concept_distance(c_primitive(at-robby,0),r_primitive(at,0,1),c_some(r_inverse(r_primitive(at_g,0,1)),c_all(r_primitive(at,0,1),c_one_of(rooma))))
n_concept_distance(c_primitive(at-robby,0),r_primitive(at,0,1),c_some(r_inverse(r_primitive(at_g,0,1)),c_all(r_primitive(at,0,1),c_one_of(roomb))))
n_concept_distance(c_primitive(at-robby,0),r_primitive(at,0,1),c_all(r_inverse(r_primitive(at_g,0,1)),c_equal(r_primitive(at,0,1),r_primitive(at_g,0,1))))
n_concept_distance(c_primitive(at-robby,0),r_primitive(at,0,1),c_all(r_inverse(r_primitive(at_g,0,1)),c_equal(r_primitive(carry,0,1),r_primitive(carry_g,0,1))))
n_concept_distance(c_primitive(at-robby,0),r_primitive(at,0,1),c_all(r_inverse(r_primitive(at_g,0,1)),c_some(r_primitive(at,0,1),c_one_of(rooma))))
n_concept_distance(c_primitive(at-robby,0),r_primitive(at,0,1),c_all(r_inverse(r_primitive(at_g,0,1)),c_some(r_primitive(carry,0,1),c_top)))
Number of selected training instances: 1
Sum of number of states in selected training instances: 28
Max of number of states in selected training instances: 28
Number of features in the pool: 458
Resulting sketch:
(:policy
(:boolean_features )
(:numerical_features "n_count(c_equal(r_primitive(at,0,1),r_primitive(at_g,0,1)))")
(:rule (:conditions (:c_n_gt 0)) (:effects (:e_n_inc 0)))
)
Numer of sketch rules: 1
Number of selected features: 1
Maximum complexity of selected feature: 4
Resulting sketch minimized:
(:policy
(:boolean_features )
(:numerical_features "n_count(c_equal(r_primitive(at,0,1),r_primitive(at_g,0,1)))")
(:rule (:conditions (:c_n_gt 0)) (:effects (:e_n_inc 0)))
)
Numer of sketch rules: 1
Number of selected features: 1
Maximum complexity of selected feature: 4
Summary:
Resulting sketch:
(:policy
(:boolean_features )
(:numerical_features "n_count(c_equal(r_primitive(at,0,1),r_primitive(at_g,0,1)))")
(:rule (:conditions (:c_n_gt 0)) (:effects (:e_n_inc 0)))
)
Numer of sketch rules: 1
Number of selected features: 1
Maximum complexity of selected feature: 4
Resulting structurally minimized sketch:
(:policy
(:boolean_features )
(:numerical_features "n_count(c_equal(r_primitive(at,0,1),r_primitive(at_g,0,1)))")
(:rule (:conditions (:c_n_gt 0)) (:effects (:e_n_inc 0)))
)
Numer of sketch rules: 1
Number of selected features: 1
Maximum complexity of selected feature: 4
Number of training instances: 5
Number of selected training instances: 1
Number of states in selected training instances: 28
Max number of states in selected training instance: 28
Number of features in the pool: 458
RESOURCES FOR PREPROCESSING: 2.28 CPU sec - 219.68 MB
RESOURCES FOR LEARNING: 8.26 CPU sec - 219.68 MB
================================================================================
END OF STEP #1: Incremental learning module. 10.69 CPU sec - 260.64 MB
================================================================================
