INFO     planner time limit: None
INFO     planner memory limit: None

INFO     Running translator.
INFO     translator stdin: None
INFO     translator time limit: None
INFO     translator memory limit: None
INFO     translator command line string: /proj/ssiw/projects/code/sketch-learner/.venv/bin/python3 /proj/ssiw/projects/code/sketch-learner/learning/d2l/libs/dlplan/libs/scorpion/builds/release/bin/translate/translate.py /proj/ssiw/projects/code/sketch-learner/learning/d2l/benchmarks/reward/domain.pddl /proj/ssiw/projects/code/sketch-learner/learning/d2l/benchmarks/reward/instance_3x3_49.pddl --dump-predicates --dump-constants --dump-static-atoms --dump-goal-atoms --sas-file output.sas
Parsing...
Problem reward-strips: reward-3x3 [:equality, :typing]
Types:
  object
  cell
Constants:
Objects:
  c_0_0: cell
  c_0_1: cell
  c_0_2: cell
  c_1_0: cell
  c_1_1: cell
  c_1_2: cell
  c_2_0: cell
  c_2_1: cell
  c_2_2: cell
Predicates:
  at(?x1: cell)
  reward(?x1: cell)
  unblocked(?x1: cell)
  picked(?x1: cell)
  adjacent(?x1: cell, ?x2: cell)
  =(?x: object, ?y: object)
Functions:
Init:
  Atom unblocked(c_1_0)
  Atom adjacent(c_2_0, c_2_1)
  Atom adjacent(c_2_1, c_2_0)
  Atom at(c_0_0)
  Atom adjacent(c_1_2, c_0_2)
  Atom adjacent(c_2_2, c_2_1)
  Atom adjacent(c_1_1, c_2_1)
  Atom reward(c_0_2)
  Atom adjacent(c_0_2, c_1_2)
  Atom adjacent(c_2_1, c_2_2)
  Atom adjacent(c_0_0, c_0_1)
  Atom reward(c_1_0)
  Atom adjacent(c_0_1, c_0_0)
  Atom unblocked(c_2_1)
  Atom adjacent(c_1_1, c_0_1)
  Atom unblocked(c_0_0)
  Atom unblocked(c_1_1)
  Atom unblocked(c_0_1)
  Atom adjacent(c_1_0, c_0_0)
  Atom adjacent(c_1_0, c_1_1)
  Atom adjacent(c_1_2, c_1_1)
  Atom adjacent(c_2_2, c_1_2)
  Atom adjacent(c_1_1, c_1_2)
  Atom unblocked(c_2_0)
  Atom adjacent(c_0_1, c_1_1)
  Atom adjacent(c_1_0, c_2_0)
  Atom unblocked(c_1_2)
  Atom adjacent(c_2_0, c_1_0)
  Atom adjacent(c_2_1, c_1_1)
  Atom adjacent(c_0_1, c_0_2)
  Atom adjacent(c_0_0, c_1_0)
  Atom unblocked(c_2_2)
  Atom adjacent(c_0_2, c_0_1)
  Atom adjacent(c_1_1, c_1_0)
  Atom unblocked(c_0_2)
  Atom adjacent(c_1_2, c_2_2)
  Atom =(c_0_0, c_0_0)
  Atom =(c_0_1, c_0_1)
  Atom =(c_0_2, c_0_2)
  Atom =(c_1_0, c_1_0)
  Atom =(c_1_1, c_1_1)
  Atom =(c_1_2, c_1_2)
  Atom =(c_2_0, c_2_0)
  Atom =(c_2_1, c_2_1)
  Atom =(c_2_2, c_2_2)
Goal:
  Conjunction
    Atom picked(c_1_0)
    Atom picked(c_0_2)
Actions:
move(?from: cell, ?to: cell)
Precondition:
  Conjunction
    Atom adjacent(?from, ?to)
    Atom at(?from)
    Atom unblocked(?to)
Effects:
  NegatedAtom at(?from)
  Atom at(?to)
Cost:
  None
pick-reward(?x: cell)
Precondition:
  Conjunction
    Atom at(?x)
    Atom reward(?x)
Effects:
  NegatedAtom reward(?x)
  Atom picked(?x)
Cost:
  None
Parsing: [0.000s CPU, 0.003s wall-clock]
<pddl.conditions.Conjunction object at 0x2ae04f6fda30>
Atom picked(c_1_0)
Atom picked(c_0_2)
Normalizing task... [0.000s CPU, 0.000s wall-clock]
Instantiating...
Generating Datalog program... [0.000s CPU, 0.000s wall-clock]
Normalizing Datalog program...
Normalizing Datalog program: [0.000s CPU, 0.001s wall-clock]
Preparing model... [0.000s CPU, 0.000s wall-clock]
Generated 9 rules.
Computing model... [0.000s CPU, 0.001s wall-clock]
100 relevant atoms
51 auxiliary atoms
151 final queue length
167 total queue pushes
Completing instantiation... [0.000s CPU, 0.000s wall-clock]
Instantiating: [0.000s CPU, 0.003s wall-clock]
Computing fact groups...
Finding invariants...
6 initial candidates
Finding invariants: [0.000s CPU, 0.000s wall-clock]
Checking invariant weight... [0.000s CPU, 0.000s wall-clock]
Instantiating groups... [0.000s CPU, 0.000s wall-clock]
Collecting mutex groups... [0.000s CPU, 0.000s wall-clock]
Choosing groups...
0 uncovered facts
Choosing groups: [0.000s CPU, 0.000s wall-clock]
Building translation key... [0.000s CPU, 0.000s wall-clock]
Computing fact groups: [0.000s CPU, 0.001s wall-clock]
Building STRIPS to SAS dictionary... [0.000s CPU, 0.000s wall-clock]
Building dictionary for full mutex groups... [0.000s CPU, 0.000s wall-clock]
Building mutex information...
Building mutex information: [0.000s CPU, 0.000s wall-clock]
Translating task...
Processing axioms...
Simplifying axioms... [0.000s CPU, 0.000s wall-clock]
Translator axioms removed by simplifying: 0
Computing negative axioms... [0.000s CPU, 0.000s wall-clock]
Processing axioms: [0.000s CPU, 0.000s wall-clock]
Translating task: [0.000s CPU, 0.001s wall-clock]
0 effect conditions simplified
0 implied preconditions added
Detecting unreachable propositions...
0 operators removed
0 axioms removed
3 propositions removed
Detecting unreachable propositions: [0.000s CPU, 0.000s wall-clock]
Reordering and filtering variables...
3 of 3 variables necessary.
0 of 3 mutex groups necessary.
26 of 26 operators necessary.
0 of 0 axiom rules necessary.
Reordering and filtering variables: [0.000s CPU, 0.000s wall-clock]
Translator variables: 3
Translator derived variables: 0
Translator facts: 13
Translator goal facts: 2
Translator mutex groups: 0
Translator total mutex groups size: 0
Translator operators: 26
Translator axioms: 0
Translator task size: 98
Translator peak memory: 149308 KB
Writing output... [0.000s CPU, 0.000s wall-clock]
Done! [0.000s CPU, 0.009s wall-clock]
translate exit code: 0

INFO     Running search (release).
INFO     search stdin: output.sas
INFO     search time limit: None
INFO     search memory limit: None
INFO     search command line string: /proj/ssiw/projects/code/sketch-learner/learning/d2l/libs/dlplan/libs/scorpion/builds/release/bin/downward --search 'dump_reachable_search_space()' --internal-plan-file sas_plan < output.sas
[t=0.000150027s, 18620 KB] reading input...
[t=0.000839933s, 18628 KB] done reading input!
[t=0.00635774s, 19020 KB] Building successor generator...done!
[t=0.00670326s, 19020 KB] peak memory difference for successor generator creation: 0 KB
[t=0.00678748s, 19020 KB] time for successor generation creation: 5.8856e-05s
[t=0.00688811s, 19020 KB] Variables: 3
[t=0.00698154s, 19020 KB] FactPairs: 13
[t=0.00706319s, 19020 KB] Bytes per state: 4
[t=0.00750772s, 19020 KB] Dumping the reachable state space...
# F (fact): [fact ID] [name]
# G (goal state): [goal state ID] [fact ID 1] [fact ID 2] ...
# N (non-goal state): [non-goal state ID] [fact ID 1] [fact ID 2] ...
# T (transition): [source state ID] [target state ID]
# The initial state has ID 0.
F 0 at(c_0_0)
F 1 at(c_0_1)
F 2 at(c_0_2)
F 3 at(c_1_0)
F 4 at(c_1_1)
F 5 at(c_1_2)
F 6 at(c_2_0)
F 7 at(c_2_1)
F 8 at(c_2_2)
F 9 picked(c_1_0)
F 10 reward(c_1_0)
F 11 picked(c_0_2)
F 12 reward(c_0_2)
N 0 0 10 12
T 0 1
T 0 2
N 1 1 10 12
T 1 0
T 1 3
T 1 4
N 2 3 10 12
T 2 0
T 2 4
T 2 5
T 2 6
N 3 2 10 12
T 3 1
T 3 7
T 3 8
N 4 4 10 12
T 4 1
T 4 2
T 4 7
T 4 9
N 5 6 10 12
T 5 2
T 5 9
N 6 3 9 12
T 6 10
T 6 11
T 6 12
N 7 5 10 12
T 7 3
T 7 4
T 7 13
N 8 2 10 11
T 8 14
T 8 15
N 9 7 10 12
T 9 4
T 9 5
T 9 13
N 10 0 9 12
T 10 16
T 10 6
N 11 4 9 12
T 11 16
T 11 6
T 11 17
T 11 18
N 12 6 9 12
T 12 6
T 12 18
N 13 8 10 12
T 13 7
T 13 9
N 14 1 10 11
T 14 19
T 14 8
T 14 20
N 15 5 10 11
T 15 8
T 15 20
T 15 21
N 16 1 9 12
T 16 10
T 16 22
T 16 11
N 17 5 9 12
T 17 22
T 17 11
T 17 23
N 18 7 9 12
T 18 11
T 18 12
T 18 23
N 19 0 10 11
T 19 14
T 19 24
N 20 4 10 11
T 20 14
T 20 24
T 20 15
T 20 25
N 21 8 10 11
T 21 15
T 21 25
N 22 2 9 12
T 22 16
T 22 17
T 22 26
N 23 8 9 12
T 23 17
T 23 18
N 24 3 10 11
T 24 19
T 24 20
T 24 27
T 24 28
N 25 7 10 11
T 25 20
T 25 27
T 25 21
G 26 2 9 11
T 26 29
T 26 30
N 27 6 10 11
T 27 24
T 27 25
G 28 3 9 11
T 28 31
T 28 32
T 28 33
G 29 1 9 11
T 29 31
T 29 26
T 29 32
G 30 5 9 11
T 30 26
T 30 32
T 30 34
G 31 0 9 11
T 31 29
T 31 28
G 32 4 9 11
T 32 29
T 32 28
T 32 30
T 32 35
G 33 6 9 11
T 33 28
T 33 35
G 34 8 9 11
T 34 30
T 34 35
G 35 7 9 11
T 35 32
T 35 33
T 35 34
[t=0.00846644s, 19020 KB] Finished dumping the reachable state space.
[t=0.00861855s, 19020 KB] Actual search time: 0.000710727s
[t=0.00869658s, 19020 KB] Expanded 36 state(s).
[t=0.00869658s, 19020 KB] Reopened 0 state(s).
[t=0.00869658s, 19020 KB] Evaluated 0 state(s).
[t=0.00869658s, 19020 KB] Evaluations: 0
[t=0.00869658s, 19020 KB] Generated 101 state(s).
[t=0.00869658s, 19020 KB] Dead ends: 0 state(s).
[t=0.00869658s, 19020 KB] Number of registered states: 36
[t=0.00869658s, 19020 KB] Closed list load factor: 36/63 = 0.571429
[t=0.00869658s, 19020 KB] Search time: 0.00119149s
[t=0.00869658s, 19020 KB] Total time: 0.00869658s
Search stopped without finding a solution.
Peak memory: 19020 KB
Remove intermediate file output.sas
search exit code: 12

Driver aborting after search
INFO     Planner time: 0.14s
